Hello_World 2019-03-08/00:02 30

1ななしのよっしん2008/08/13(水) 01:43:36 ID:qnSzyFX8pI
うは、たまらんｗｗｗ
最近Javaしか書いてないから他の言語を忘れてしまった

2ゆっけ◆3.OjWMwQhk2008/08/14(木) 03:16:22 ID:aiHdYqLTgz
worldの頭は小文字じゃなかったっけ？
うろ覚えだけど。

3ななしのよっしん2008/08/14(木) 08:38:59 ID:Lt3Vn2FSfj
変態的な書き方をしたhello worldも見てみたい

4park◆YuyukoyyA62008/08/21(木) 06:41:18 ID:ocbgYvyzkk
出力する文字列は "hello, world\n" だと信じている

5yusaku◆990818Y.6M2008/08/23(土) 02:59:59 ID:TFwz+xHrk+
基本的には

文字/ASCII値
「H」72
「e」101
「l」108
「l」108
「o」111
「,」44
「スペース」32
「w」119
「o」111
「r」114
「l」108
「d」100
「!」33
「\n」10
「Null」0
という文字列を出力する。たぶん。
まぁNullなんて出力する必要ないし、改行も関数自体に組み込んでるものがほとんどだしねぇ

6ななしのよっしん2008/08/23(土) 07:30:19 ID:Lt3Vn2FSfj
Cでもnullは出力されないでしょ。
文字列の末端を示すための物だし。

7ななしのよっしん2008/08/23(土) 14:29:16 ID:zrjNNZ8KlU
Wikipediaの「Hello worldプログラムの一覧」はカオスだ…
http://ja.wikipedia.org/wiki/Hello_world%E3%83%97%E3%83%AD%E3%82%B0%E3%83%A9%E3%83%A0%E3%81%AE%E4%B8%80%E8%A6%A7

8ブラン2008/11/06(木) 02:04:40 ID:f/ceiJkE6P
新プレーヤーをいじくっていたら、「お知らせ」の先頭行に Hello World!! って表示されていてフイタw
．．．って今また確認したら表示されて無いっ？ 俺の見間違い？ 他に確認した人います？

9ななしのよっしん2008/11/18(火) 19:07:44 ID:9zMcZEYqYF
何かと便利なヒアドキュメント(shellスクリプトの場合）
cat<<_EOF_
Hello World
_EOF_

10ななしのよっしん2008/12/06(土) 13:58:06 ID:dG86akKpcm
Lua:
print("Hello, world!")

11ななしのよっしん2008/12/13(土) 13:11:47 ID:OoYC1xnu7n
最近のCはこんなじゃね？

include#
main()
{
          printf("The World!!")
}

12ななしのよっしん2008/12/13(土) 13:28:00 ID:W6NJ5Ei+1i
最近のCはだいぶ変わったな
昔だったら絶対にコンパイルできないよ

13ななしのよっしん2009/01/30(金) 01:14:28 ID:00z+Azz782
あの画像の虎はなんて名前だ？

14ほんわかレスな感じ2009/02/01(日) 22:22:48 ID:F9t2kv/fL2
>>4
うんうん。
自分もそんな気がしてる。むかーし使ってたＣ言語の記憶だから怪しいかもしれないけど。

短い言葉だけど良いよね、「hello,world!」。
夢があるよ。

15ななしのよっしん2009/02/15(日) 01:01:30 ID:DZDL3GFfXW
たまにはBasicとDosのことも思い出してあげてｗ

16ななしのよっしん2009/02/23(月) 23:32:04 ID:THfIuOYx34
sm5990463

17ななしのよっしん2009/02/23(月) 23:33:39 ID:THfIuOYx34
あああ不等号必要なのか
>>sm5990463
sm5990463
名曲

18ななしのよっしん2009/02/25(水) 21:50:55 ID:Qe4LO2GC2j
COBOLのHeloo World!を作ってみた。
 IDENTIFICATION          DIVISION.
 PROGRAM-ID.             NICONICO.
 ENVIRONMENT DIVISION.
 DATA DIVISION.
 FILE SECTION.
 WORKING-STORAGE SECTION.

 01  HELL              PIC X(13)  VALUE "Hello World!"

PROCEDURE        DIVISION.
 HELL 
 DISPLAY HELL  AT 3010.
 
 STOP RUN.

合ってるかな。

19ななしのよっしん2009/03/24(火) 11:54:02 ID:5PpZSuzVkt
エロゲの方の記事はないんすか。
SFものとしてある程度評価されていた希ガス。

20ななしのよっしん2009/04/13(月) 23:15:53 ID:9+XsI5qhKd
『Hello，world』から転送……
誰だ？　リダイレクトした阿呆は？

『hello,world』の記事が意味を成して無いじゃないか……

リダイレクトしたヤツは罰として、ゲーム『hello,world』の記事を書きなさい！！

21ななしのよっしん2009/04/13(月) 23:17:32 ID:9+XsI5qhKd
>>21
ゲームタイトルは『Hello,world』でしたね……　orz

22ワド2009/05/05(火) 19:01:45 ID:xF6LjxdGEF
異様にくだらないやつ見つけた Malbolgeとかいうやつ
(=<`:9876Z4321UT.-Q+*)M'&%$H"!~}|Bzy?=|{z]KwZY44Eq0/{mlk**
 hKs_dG5[m_BA{?-Y;;Vb'rR5431M}/.zHGwEDCBA@98\6543W10/.R,+O<
でHello,Worldと出てくるそうで。

23ななしのよっしん2009/05/10(日) 01:32:09 ID:dtONfJhZIG
AppleScriptは日本語で書けばそれっぽくなるんじゃないかな。
ダイアログ出したこと無いから、どう書くのかは知らないけど。

24ななしのよっしん2009/05/11(月) 18:28:10 ID:ZX9KFejSMy
>>23
"display dialog"は"表示する"でいけたはずだが････

いかんせん8.1以前の話だしあんまり覚えてねえ

25ななしのよっしん2009/05/18(月) 10:26:06 ID:Nyqs8srUli
これ授業でやったｗ

26tegAaaaa2009/08/04(火) 16:20:25 ID:gM38uSFBIW
それなら僕は VBScript (WSH) だ!

WScript.Echo "Hello, World!!"

27Some12009/10/08(木) 17:26:44 ID:kyCnQS9MEo
やっぱりHSPも良いよね。
確か、
mes "Hello Wourld"
stop
だっけな？

28ななしのよっしん2009/11/22(日) 11:39:52 ID:leT/YI+rie
pythonでは
print ("Hello, World!")
こうだよー

29ななしのよっしん2009/12/27(日) 19:22:02 ID:eGp4WeZgCl
日本語で書けるやつでなでしこ言語ってあったよな

30ななしのよっしん2010/01/25(月) 22:37:45 ID:cy8MkheKBI
ヒーローワールドかと思った

