Java 2019-03-10/04:08 115

1siphon◆MLB4OBn4922008/06/03(火) 01:24:36 ID:ZxNxSyhA/R
思いつきで初版。ニコの範疇でネタなんてあるんだろうか。
これこそまさに弱参照。（意味フ）　とりあえず初版。

2ななしのよっしん2008/06/03(火) 01:39:08 ID:oF4Rprp3ny
Java といえばぬるぽ

3ななしのよっしん2008/06/03(火) 03:53:43 ID:pYpKp13Rfw
JavaAppletもよろしk･･･

4siphon◆MLB4OBn4922008/06/03(火) 14:35:51 ID:ZxNxSyhA/R
>>2 ガッ
>>3 もう何年も Servlet以外書いてません。本当にありがｒｙ

5ななしのよっしん2008/06/04(水) 00:06:54 ID:oF4Rprp3ny
Flash で直接叩けない MIDI が、Java だと叩けたりする

6ななしのよっしん2008/06/25(水) 21:36:48 ID:ZxNxSyhA/R
＞またモバイルの分野、特に携帯電話では他に選択肢がないという理由で
ワロタｗ

7siphon◆MLB4OBn4922008/06/25(水) 21:41:34 ID:ZxNxSyhA/R
>>5
そういう意味だとMIDIに限らずあるけどね。多分探せば何かｗ　
と言うか、冗談で書いた冒頭が真面目な内容になっててワロタｗ
　
元は会議室の名前だっけ。Sun社屋の。うろ覚えだけど。

8ななしのよっしん2008/07/19(土) 20:20:23 ID:EUBkLwYjhu
じゃヴぁヴぁヴぁヴぁヴぁ



タイトル:
        画像をクリックして再生!!
      
      
ほめる

         
      


記事内参照用URL :

9ななしのよっしん2008/07/19(土) 20:42:56 ID:EUBkLwYjhu
じゃヴぁってるかーい？
    
      




タイトル:
        画像をクリックして再生!!
      
      
ほめる

         
      


記事内参照用URL :

10◆////SPxx9k2008/08/19(火) 22:09:28 ID:BOTXvZ8hc6
ジャワティー飲みたい

11ななしのよっしん2008/09/13(土) 17:07:07 ID:bOHp4Jdqhv
ブルーレイプレーヤーで動作するBD-Jという物があるそうです
http://bu-nyan.m.to/BD-J/bdj.htm

12ななしのよっしん2008/10/22(水) 23:10:38 ID:yJS5CHqc3/
ペース配分間違ってJAVAの字が入れられなかったorz



タイトル:
        画像をクリックして再生!!
      
      
ほめる

         
      


記事内参照用URL :

13ナンプレたん◆GaBKGQZ6RU2009/04/22(水) 08:01:53 ID:BM8jFH1R03
ジャワティーの緑茶味のCMを見てこの記事に行きたくなりました。

14ななしのよっしん2009/07/12(日) 03:34:41 ID:Z1V+l74jCN
>>6
DoCoMo（iアプリ）とSoftBank（S!アプリ）はjavaアプリだからねー
でも、まあ
C++ベースだけど色々劣化がひどくてC--とまで言われるau（EZアプリ(BREW)）よりはマシじゃないかな

15涙の無限ループ2009/07/12(日) 04:19:51 ID:t3F6n/OGyZ
そのauも後になってオープンアプリプレイヤーっていうJavaアプリ実行環境導入しちゃったし

16ななしのよっしん2010/01/12(火) 18:43:39 ID:1fCfGro1I4
クライアント側でJAVAの復権ってあるかな？

17ななしのよっしん2010/03/02(火) 19:37:18 ID:1fCfGro1I4
オラクルが何とかしてくれるっ！
まず俺言語からステップアップするところから始めて欲しい。

18ななしのよっしん2010/05/15(土) 03:56:09 ID:wVG4bY+GAd
SJC-P試験に合格したらJavaを使えると言ってもおｋ？

19ななしのよっしん2010/07/19(月) 11:32:14 ID:YXdaUKCcZR
>>18
提供されてるクラスの特徴を理解して、どれを使えば最適なのかわかってないと、実際に組むのは難しい。
SJC-P試験で範囲に入ってるクラスは全ライブラリのごく一部だからな。

20ななしのよっしん2010/08/02(月) 03:04:31 ID:RcQ9Weme+t
>11
リンク先見にいつたんですがＰＳ３で起動しなくなったので辞めるとのこと；
つまりこれは、ＰＳ３はブルーレイ規格に「準拠」するという事なの；？
このＪＡＶＡがバンバン使われ、この機能が使えないＰＳ３が欠陥商品
扱いされるのを激しくキボン！；

それと、ハードウエア的には最低スペックとしてどの程度の性能なんでしょう？
スト２くらいは作れないと・・・；
ぃぁブルーレイ使うんなら、アドベンチャーゲーム（エロゲー）なら無限か
ぇ、なんでォタが黙ってるの；？ほっといてるの；？
何か大きな制限がかかってってるの；？　絵ゃ動画が出せないとか；？
ダメぢゃん；

21ななしのよっしん2010/10/31(日) 11:24:29 ID:y9E2gQEqao
NetBeansってオープンソースじゃないの？
Oracle製の GUIアプリ だなんて聞いたらまるで使う気がおこらないぜ

22ななしのよっしん2010/10/31(日) 11:32:50 ID:Co8QpAmgre
NetBeansもオープンソースだよ

23ななしのよっしん2010/11/21(日) 01:48:30 ID:UCVDa70lwc
NetBeansもOpenOfficeみたいに
Oracleと距離を置いてくれるといいのだけど・・・。

24ななしのよっしん2010/12/08(水) 09:23:33 ID:/3srw/JkrR
Javaは終わLan。しかしボラクル憎んでJavaを憎まず
SUNもハードソフト共にダメなクズ会社だったな

25ななしのよっしん2011/03/04(金) 18:50:00 ID:EFvnWHX+TJ
お茶ってこぼしてもべとべとしないからプログラミングとかPCのワークにもってこいだとおもうんだ(´・ω・｀)



タイトル:JavaTEA
        画像をクリックして再生!!
      
      
ほめる

         
      


記事内参照用URL :

26ななしのよっしん2011/03/04(金) 19:30:15 ID:X6iM0oPxGV
>>25うめえｗｗｗｗ
毎日学校の購買で買って飲んでるわｗｗｗｗｗ

27ななしのよっしん2011/03/04(金) 19:42:46 ID:R+5gY9R+E5
>>25
そうそう、ジャワティーだけは砂糖・甘味料一切入ってないからな
まあそもそもこぼしそうなものをPCがある机の上に置いておけないけど、怖くてｗ

28ななしのよっしん2011/03/04(金) 19:58:43 ID:UPAdnmaYM8
>>25
違和感仕事しろw

29ななしのよっしん2011/03/04(金) 20:10:46 ID:dRfG0DsS/V
>>25>>28ｗｗｗ
よく見たらORACLEとか書いてあるｗ

30ななしのよっしん2011/03/04(金) 21:14:10 ID:NPpWqJgE8f
商品に紛れ込んだw

31ななしのよっしん2011/03/21(月) 05:08:54 ID:EFvnWHX+TJ
Javaティーでアップルティーでないかな
AppletだけにアップルＴ。ダジャレですがなにか♨

32ななしのよっしん2011/04/19(火) 23:27:44 ID:ySbBMOU3cC
ぬるいモカジャバです。♨ぬるぽ

33ななしのよっしん2011/04/19(火) 23:34:38 ID:fFkqZeqGhg
一昔前はRailsやらPHPやらで「Javaはオワコン」とか言われてたが、
最近だとtwitterがJavaベースになったようになんだかんだで生き残ってるな。
まあ結局のところ適材適所ということなんだけど。

34ななしのよっしん2011/06/16(木) 20:13:27 ID:FoR9uW0UD/
>>32
ｶﾞｯ

35ななしのよっしん2011/06/25(土) 22:03:52 ID:GIaK1tYA5E
商品に紛れ込むなｗ

ってかジャワティーって復活したから
子供でも知ってることはあると思う・・・。

36ななしのよっしん2011/08/02(火) 22:47:05 ID:1839U/iWjx
androidの急速な普及で、ついにJavaの時代が!!

37削除しました削除しました ID:uGfC2vfkP2
削除しました

38ななしのよっしん2011/08/15(月) 18:02:03 ID:jlC2xYiba/
ついに、というか結構長い事そこそこのシェア保ってるよね
用途によっては主流だし

39ななしのよっしん2011/09/13(火) 20:47:40 ID:Co8QpAmgre
>>35
あれはペットボトルだから「缶」紅茶の頃を知ってたら間違いなくおっさん

40ななしのよっしん2011/09/17(土) 16:09:47 ID:lgRQd3EYPb
あなたとJava

41ななしのよっしん2011/10/23(日) 15:14:31 ID:eNXTPa8yaN
>>商品
ｶﾞｯ

42ななしのよっしん2012/01/05(木) 17:27:23 ID:pdhuejhOXZ
母にJava勉強するって言ったら本当に風呂釜洗浄剤のジャバと間違えてくれた

43ななしのよっしん2012/02/21(火) 23:29:15 ID:blZHskYNSq
すごく今更ながらjavaがチーム開発、大規模な開発用に作られてるのを実感した。

44ななしのよっしん2012/03/04(日) 16:08:29 ID:lXG3Z+B/qd
俺はJavaと聞いてスターウォーズの某ナメクジ野郎を思い浮かべたw

45ななしのよっしん2012/03/14(水) 07:16:40 ID:MNhrgDtMVQ
＞スマートフォンにおいては選択肢が広がったのでほとんど使われる気配が見られない。
いや、AndroidはJavaなんですけど・・・

46mongrelP2012/03/15(木) 01:51:27 ID:EwnGxCpgGP
Androidについて追記したりいろいろ書いた。
定番ライブラリって他に何があったっけ？

47ななしのよっしん2012/03/15(木) 02:21:09 ID:Co8QpAmgre
スマホはどっちかっていうとAIRとかPhonegapとかtitaniumあたりが主流じゃね？

48mongrelP2012/03/15(木) 02:59:01 ID:EwnGxCpgGP
>>47
Androidは確実にJava環境が主流。
クロスプラットフォームなものを使っても機種依存なところで引っかかると最終的にどうしてもその部分はJavaで書かざるをえなかったりする。
速度面もまだネックなのでゲームとかだとJava+NDKじゃないとアレだとか（アリカの中の人が言ってた）。
ここらへんはiPhoneにおけるObjective-Cにも言えることだが。

49ななしのよっしん2012/03/17(土) 03:52:20 ID:MNhrgDtMVQ
>>46
たった20時間で、、えらいよ君！

iPhoneは、ObjC以外でtitaniumとかも使う人増えてきた感じかな。
でもObjC＋楽するための言語って感じで、基本的にObjCは必須。

50ななしのよっしん2012/03/17(土) 14:57:14 ID:Co8QpAmgre
モジュールのこと？

51削除しました削除しました ID:DOI8PFzU/N
削除しました

52ななしのよっしん2012/05/03(木) 23:35:12 ID:tpQfqLDs+N
Oracle死ね

53ななしのよっしん2012/09/08(土) 03:52:51 ID:PgkQPpA81y
関連項目のbOracleさんが消えてる

54ななしのよっしん2012/11/20(火) 15:19:40 ID:p7cl6j20Jn
bOracleってまさかアレか。クッソ高い利用料をとるデータベースさんか

55ななしのよっしん2012/11/27(火) 17:17:18 ID:lQHwrC8l6P
/* ぬるぽ */

56ななしのよっしん2013/01/02(水) 00:12:55 ID:KruvGTYtsd
皮肉なことに今はJavaはガラパゴスの産物であるiアプリのゲームをAndroidに移植する時に、もっとも移植性の高さを発揮出来ている。
言語が同じというだけでも、とても生産性が高い。

57ななしのよっしん2013/01/03(木) 16:23:44 ID:p7cl6j20Jn
>>55
catch(NullPointerException e) {
	System.out.println("ガッ");
	throw new NullPointerException();
}

58ななしのよっしん2013/01/12(土) 21:00:41 ID:+zYjOMqDvn
＞「Java 7」の新たな脆弱性、「Windows」や「UNIX」に影響
＞マルウェアによる「Windows」「Linux」「UNIX」システムへの攻撃が現在確認されている

一ヶ月くらい前に発覚したらしい
JVMがONの状態のブラウザで改ざんされたウェブサイト踏むとマルウェアをインストールされる
 Class.forName() と　MethodHandle.invokeWithArguments()　の不具合の合わせ技らしい

59ななしのよっしん2013/01/13(日) 11:25:42 ID:RJhebYc0C5
一ヶ月くらい前ってw
最近になって、Java関係のソフトにお世話になってるのに
困ったな…

60ななしのよっしん2013/01/13(日) 15:54:41 ID:Br9jGQfkFC
Java停止したらニコニコ見れなくなったんだけどどうしたら良いんだろうか

61ななしのよっしん2013/01/13(日) 16:05:22 ID:Br9jGQfkFC
自分のJavaはバージョンが1,6,0_22なんだけど大丈夫なんでしょうかね

62ななしのよっしん2013/01/13(日) 18:49:57 ID:+zYjOMqDvn
ある程度古いバージョンだと却って安全だったような・・・
あと、ブラウザのJava動作を切ってさえいれば最新版でも問題ないと思う

63ななしのよっしん2013/01/14(月) 11:29:04 ID:RJhebYc0C5
javaの更新来ましたね
早くて良かった

64ななしのよっしん2013/01/16(水) 13:26:40 ID:Gl1jo2iWcl
なんかJAVA更新の時って右下にここクリックしてインストールしてくださいってでるじゃん？
なんか今出てきてるやつ語尾に？がついてるんだが更新しちゃって大丈夫なんかね…
「Java　７　Update　11をインストールする準備が～～～クリックしてください？」なんで疑問形なんだ

65ななしのよっしん2013/01/16(水) 15:16:36 ID:DczwQSbmzC
古いバージョンはバージョンで穴だらけなんだけどね

66ななしのよっしん2013/01/18(金) 20:09:30 ID:blZHskYNSq
またどこか穴があったらしくアップデートしたのがFireFoxで無効にされてる。

67ななしのよっしん2013/01/18(金) 22:31:16 ID:RJhebYc0C5
>>66
Javaの修正は不完全みたいだね
2月19日まで大人しく無効化ねぇ

68ななしのよっしん2013/05/21(火) 00:45:54 ID:/3srw/JkrR
いまだにlambdaも使えない糞言語
早く滅びればいいのにね

69ななしのよっしん2013/05/21(火) 13:37:16 ID:Co7PvxdsgX
Javaが果たせなかったマルチプラットフォーム統一環境はパチもんであるJavascriptが果たしつつある悲しき運命。

70ななしのよっしん2013/05/21(火) 16:40:43 ID:1fCfGro1I4
Javascriptはパチもんじゃないから。

71ななしのよっしん2013/05/24(金) 09:24:24 ID:gqJj9hWJYL
さっさと==オーバーライドさせてくれよ…

使用頻度が高い格納値比較が.equals()の9文字で
使用頻度の低い参照比較が==の2文字なのはどう考えてもアレ

72ななしのよっしん2013/06/09(日) 14:16:43 ID:KWueo1oEue
Swing(特にテーブル関連)を学べるおすすめの書籍やWebサイトない？
Perlでいうところの「初めてのPerl」(オライリー)みたいな鉄板があったら嬉しい
最近はどこもかしこもAndroid APIやサーバサイド…

javax.swingっていう記事が出来てたからwktkしながら開いてみたら
この状態だし('A`)

73ななしのよっしん2013/06/10(月) 07:42:34 ID:+zYjOMqDvn
>>72
javax.swingはたぶん動画タグに「百」マーク入れるために生放送主が書いたインチキ記事だと思う

JTable関連は「Java GUIプログラミング〈Vol.2〉・〈Vol.3〉あたりが色々載ってそうだけど、書店でパラパラっと見て確認して買ったほうがいいね、割と値段高いしちょっと古い本だし（SwingはそうAPIの変化はないと思うけど）

74ななしのよっしん2013/06/10(月) 21:49:17 ID:1fCfGro1I4
GUIはSwingが放置されてJavaFXだけになるんじゃないの

75ななしのよっしん2013/07/28(日) 03:30:48 ID:4h1wOB7Mp9
あなたとJAVA，
いますぐダウンロード

76ななしのよっしん2013/09/10(火) 10:43:14 ID:4h1wOB7Mp9
あなたとJAVA，
いますぐダウンロード

77ななしのよっしん2013/09/15(日) 17:22:26 ID:rw1X7i2GQp
大規模エンタープライズ用途として耐えうるサーバサイドモジュールが作れて
分散トランザクションも考慮するとなると、選択肢がJavaしかない
飛ぶ鳥を落とす勢いのAndroidもJava
小規模のWeb系もJSP+Servletはなんだかんだでまだまだ元気

そりゃ単純に言語としては、良いとこ取りの後続言語の方がブラッシュアップされてるし
日曜プログラミングする分には確実にもっと生産性の高い言語がいくらでもあるけど
Javaは今のところ環境的に、構造的に隙が無い
だから息が長いし、TwitterもRubyからJavaに乗り換えて
検索のレスポンスタイムも1/3に改善できた

78ななしのよっしん2013/09/17(火) 22:16:36 ID:1fCfGro1I4
JavaというよりJavaVM様々だな。

79ななしのよっしん2013/11/30(土) 13:10:42 ID:y9E2gQEqao
JavaとはJavaVMの有用性を示すために作られたデモ用の言語です

80ななしのよっしん2014/02/24(月) 23:24:29 ID:1fCfGro1I4
組み込みでも頑張って欲しい。

81ななしのよっしん2014/03/26(水) 22:34:19 ID:sdLuPDo/gx
あなたと JAVA，
　今すぐダウンロー
　ド

[無料Javaのダウンロード]

82ななしのよっしん2014/05/05(月) 23:34:20 ID:Br9jGQfkFC
Javaのインストール(更新)が何度も失敗する場合はどうしたらいいんでしょうか・・・過去のやつとかを全てアンインストールすればいいんでしょうか

83ななしのよっしん2014/05/10(土) 23:55:10 ID:mCT9+08uH6
>>77
Twitterが乗り換えた先の言語はJavaではなくてScalaな。Java VMで動くからって、ごっちゃにしたらかわいそうだ。

84ななしのよっしん2014/07/29(火) 21:13:12 ID:CV6lG4yHl9
Java2～Java8共通のtypo
java.lang.Thread("デーモンスレッドになます"); // at javadoc

85ななしのよっしん2014/08/05(火) 09:13:54 ID:kaYHfPqNnS
askが付いてきてる・・・

86ななしのよっしん2014/08/25(月) 08:12:21 ID:OuzmzQnqyE
今更ながらjavaの古いバージョンはアンインストールしないとセキュリティが脆くなるということを知った
割と頻繁にアップデートしてるから大丈夫だろうと思っていたけど、思わぬ落とし穴もあるもんだな

87ななしのよっしん2015/06/03(水) 03:28:24 ID:yx5FqoUGlw
java爆弾

88ななしのよっしん2015/08/19(水) 09:40:57 ID:1fCfGro1I4
Project Valhalla って本当に実装されるの？

89ななしのよっしん2015/10/06(火) 02:19:55 ID:2nsfqwUphN
最近セキュリティアップデートの更新頻度が異常な気がする。
しょっちゅうダイアログを見るからちゃんとインストールしたのかどうか分からなくなってきた。

90ななしのよっしん2015/11/08(日) 15:42:51 ID:Co7PvxdsgX
>>89
そのあたりはFlashも同様だな。企業一社に管理させるにはJavaは大きすぎる。
まあ、Javaになし得なかったマルチプラットフォームの夢はJavascriptが果たしてくれるだろう。

91ななしのよっしん2015/12/03(木) 07:24:29 ID:1VVbtN5JIj
Write once, debug everywhere吹いた
MSと物別れした時点でマルチプラットフォームなんて夢物語だな

92ななしのよっしん2015/12/03(木) 09:30:39 ID:Co7PvxdsgX
Javaの骨はJavaScriptが拾ってくれるだろう。

93ななしのよっしん2015/12/06(日) 09:22:14 ID:YSlXgx5P2s
JavaとJavascliptは全くの別物と聞いたんですが…

94ななしのよっしん2015/12/06(日) 09:34:35 ID:Co7PvxdsgX
コンセプトは似てきたからな。デスクトップ方面も最近はelectronが登場してきたし。

95ななしのよっしん2016/07/11(月) 14:20:14 ID:y9E2gQEqao
>>93
全くの別物だけど20年後くらいにはもしかすると統合されてるかもしれない

96ｎの３乗2016/09/10(土) 11:13:47 ID:/J29Fevy1B
プログラミング言語にも方言はあるんだよな・・・

97ななしのよっしん2016/10/26(水) 19:56:34 ID:m1t2xah5n9
windows10だとセキュリティ設定に弾かれるので
Java製のゲームはやるのすら一手間。

98ななしのよっしん2016/12/14(水) 23:48:13 ID:BncU2UxfZn
PC環境一新したけど流石に入れるのやめたわ
デメリットのほうがでかすぎる

99ななしのよっしん2017/02/04(土) 00:59:10 ID:Kmb6GGsTWN
悪い言語とは言わないけど、教育とか書籍でjavaをオブジェクト指向の教材扱いするのはそろそろやめるべき。rubyでも使った方がなんぼかマシなのではないか。

100ななしのよっしん2017/03/21(火) 01:12:50 ID:2nsfqwUphN
Rubyは色々癖があるんで教科書にはちょっとなぁ。言語として安定してて癖がなくてそれなりに普及してるという条件で落としていくとJava辺りになるってのは分かるんだよ。保守的といえば保守的だが無難なのは間違いない。

101ななしのよっしん2017/05/11(木) 20:27:21 ID:JWhSFhIBoj
教科書の最初の１ページ目のprintInで出鼻を挫かれるすごい言語
直前にoutなんてあるから悪いがどうにかならんかったのか

102ななしのよっしん2017/05/11(木) 20:38:17 ID:1VVbtN5JIj
In？

103ななしのよっしん2017/09/21(木) 01:16:44 ID:XavC4o34Nd
今日、本当にJava SE 9がリリースされるの？
インターネット上を探してもほとんど誰も話題にしてない。
なんでここまで静寂を保ってるの？

104ななしのよっしん2017/09/21(木) 20:30:23 ID:os9HFZLXJ8
>>101-102
　System.out.println
ラインであってインではないな。

105ななしのよっしん2017/10/15(日) 15:57:33 ID:tRZ3YvTuy3
そんなあなたにprocessing

106ななしのよっしん2017/10/15(日) 16:10:28 ID:y9E2gQEqao
>>103
前回の Java 8（のラムダ）が遅れに遅れまくった待望のリリースだっただけで今回はどうでもいい

107ななしのよっしん2017/12/07(木) 08:36:48 ID:Gq5x9MQhXt
>>101にとってはなるほど
これはたしかにすごい言語だな

▼
public class SampIe{
 pubIic static void main(String[] args) {
 System.out.printIn("HeIIo,WorId!");
        }
}

108ななしのよっしん2018/03/14(水) 23:53:20 ID:1VVbtN5JIj
>>107
そこまでやっておいて1行目のpublic classはスルーなのかｗ

109ななしのよっしん2018/03/14(水) 23:57:33 ID:os9HFZLXJ8
>>107
　それ以上いけない

110ななしのよっしん2018/04/08(日) 15:53:03 ID:sD9ddCkpe1
Java有償化ってまじですか？
JavaFX削除ってまじですか

111ななしのよっしん2018/05/22(火) 02:04:46 ID:P1CnbIAHbP
始めてみよう初めてみようと何度も何度も思って毎回四則演算とかの基礎が終わった後に作る物が思いつかなくて勉強が進まない…
そしてとりあえず超簡単な物から作ってみよう系サイトを見るといきなりなにかインポートしてて混乱する…

112ななしのよっしん2018/07/16(月) 12:07:28 ID:DNDFEiYE1c
Swingとかが導入された頃で時間停止中

113ななしのよっしん2018/08/19(日) 21:28:02 ID:1VVbtN5JIj
>>111
3ヵ月亀レスもなんだが、そんな初心者がいきなりJavaはアカン
「難しいことを難しくしか言えない奴はバカ」とよく言うが、「簡単なことも難しくしか書けないとびきりバカな言語」がJavaだから

114ななしのよっしん2018/10/17(水) 11:32:58 ID:td1eM6Vurq
Effective Java 第3版 
>>az4621303252
az4621303252

115ななしのよっしん2019/02/12(火) 11:32:53 ID:2nsfqwUphN
>これによりラムダ式を用いて関数(メソッド)を引数や戻り値に指定できるようになり、オブジェクト指向言語Javaも晴れて関数型言語の仲間入りを果たした。
いっとくけど、関数型言語ってのはファーストクラスの関数を持つ言語のことじゃねーからなw

