Linux 2019-08-28/20:00 119

1 ななしのよっしん 2008/08/18(月) 23:51:24 ID: 0YllRvs6Z8
http://www.nicovideo.jp/watch/sm355507
Linuxのデスクトップを晒してみる

Linux Ubuntu Studio on beryl の3Dデスクトップです。

2 ななしのよっしん 2008/08/19(火) 18:05:22 ID: DQZwGYB69x
計算機より小さいサーバー以下のコンピューターって、どんなコンピュータのこと？

3 ななしのよっしん 2008/08/19(火) 18:20:23 ID: ZGTXsg2GGn
いわゆる組み込みのことだと思う
簡単に言うとエアコンとかHDDレコーダとかそういう奴の中に入ってる小さいコンピュータのこと
linuxが組み込みにどれくらい浸透してるのかは知らない

4 ななしのよっしん 2008/08/19(火) 23:38:33 ID: DQZwGYB69x
組み込みならそう書けばいいのに。
そもそも、おおよそコンピュータと呼ばれるものでlinuxが動かないものはほとんど無いよな。

5 ななしのよっしん 2008/09/13(土) 20:43:04 ID: Zx9I21DnUP
国産商用LInuxとしてTurbolinuxも一覧に入れて欲しい。
正直、最近元気ないけど

6 ななしのよっしん 2008/09/26(金) 06:29:36 ID: LbyIYPnfaz
Slackwareも入れてあげて…
派生が多いわけでもシェアがあるわけでもないけど
歴史的には大いに意味があるし。

7 ななしのよっしん 2008/09/26(金) 23:22:35 ID: cM1uUEThkI
身近なとこでは携帯電話用OSとかに使われてるねぇ。
2.2くらいのころから見てるけど、なんかすごいことになってるね～

8 ななしのよっしん 2008/11/01(土) 13:15:01 ID: LbyIYPnfaz
>>7
sargeがなかなかリリースされなくてずっと2.2だったwoodyを思い出した。

9 ななしのよっしん 2008/11/03(月) 12:43:50 ID: fe+35KQLDL
主要なLinuxの欄を主要なLinuxディストリビューション
にしたほうがいいかと

10 ななしのよっしん 2008/11/03(月) 22:02:16 ID: 9RNhQ9qyPb
turbo は RedHat 系でないの?

11 ななしのよっしん 2008/11/06(木) 19:31:06 ID: DQZwGYB69x
変えたよん

12 mongrelP ◆fxSancCAX6 2008/11/07(金) 07:22:12 ID: 6BDcmCimhp
Debian GNU/Linux書いてきたついでに来たので
わかりやすいようにパッケージ管理システムかいてみた。
SlackwareがあるのにSLS無い＆＆SLAXみたいに派生ディストリで生きているやついないとか
組み込みネタ書いてあるのに使われている/使うLinux書いていないとか
いろいろ(´・ω・`)ｼｮﾎﾞｰﾝだったので追記してみたよ。
さーて、次はGNUの記事書くぞ（ぉ

13 ななしのよっしん 2008/11/07(金) 10:54:36 ID: DQZwGYB69x
Slackwareは生きてるけど、SLSはSlackwareが出てからメンテ止めたんでは？

14 ななしのよっしん 2008/11/08(土) 21:29:23 ID: DQZwGYB69x
Linux Standard Baseがあるから、SUSEはrpmを採用しただろうね

15 グニャラくん ◆e5sgKA2q7. 2008/11/08(土) 21:49:33 ID: P6tsgN2yRU
ニコニコ大百科はLinuxとFreeBSDのデュアル構成でーす！

16 ニコ動猿ベージ 2008/11/09(日) 15:21:31 ID: rvNCFzCe7N
X window system使えばMacとかwinとかいろいろできたよね。

17 mongrelP ◆fxSancCAX6 2008/11/09(日) 19:44:27 ID: 6BDcmCimhp
>>14
suseは10.2までディレクトリ構成がLSB準拠じゃなかったはず。
rpmは10以前から採用されていたから違うと思うけど…

あとグニャラくんありがとー

18 ななしのよっしん 2008/11/10(月) 13:49:00 ID: DQZwGYB69x
一般的に読みがリナックスになったのは、Linux Japanからじゃなかったっけ？

19 ななしのよっしん 2009/01/23(金) 14:40:28 ID: wKvURh9bvU
リーナスが私の呼び名はどっちでもいいが
Linuxは「りなっくす」だと言っていたが。

20 ななしのよっしん 2009/01/25(日) 19:01:39 ID: DQZwGYB69x
「りぬくす」だったような…。
リーナスは日本語の発音は知らないよな。きっと。

21 United Financial of Japan 2009/04/18(土) 23:27:38 ID: +gQqzEbi7K
巫女GNYO/Linux3.8(Ubuntu8.10ベース)をサブPCで使ってます。当初はturbolinuxマルチメディアだったのですが、動作が不安定で、シャレで巫女をインストールをしてみたら、思いのほか安定してたのでそのまま使ってます。

22 ななしのよっしん 2009/05/18(月) 17:16:12 ID: uyj242xib1
つかれた
    
      




タイトル:途中
        画像をクリックして再生!!
      
      
ほめる

         
      


記事内参照用URL :

23 ななしのよっしん 2009/05/18(月) 20:47:42 ID: LbyIYPnfaz
>>20
リーナス氏の発音はり「にゅーくす」に聞こえる

24 削除しました 削除しました ID: Gw2/+PzzJc
削除しました

25 ななしのよっしん 2009/08/09(日) 23:30:12 ID: Et21c5iGGd
さっき差し戻した人に聞きたいんだけど
＞LinuxはUNIXをパクったOSのひとつである。
という箇所が今の時点では不適切なのはよくわかる

でも
＞なおニコニコ動画やニコニコミュニティ、ニコニコ大百科自身もLinuxで動いている。
＞ただし2chやライブドア、YahooはFreeBSDで動いている。 
この部分は不適切なの？
これが真実だとしたら情報がより詳しくなるんだし載せるべきでは？

26 ななしのよっしん 2009/08/09(日) 23:43:43 ID: VAYuDhb+sF
不適切っつーか、必要の無い情報なんじゃないか。
FreeBSDの項目で2chやライブドアも使ってる、ってのならわかるんだけど。

普通、「ただし」と切り返すからには例外的な要素を孕んでいるもんだから、
例えば「ただし、ニコニコ市場はOpenBSDで動いている」というのなら、記載する意味は大だと思う。

27 park ◆YuyukoyyA6 2009/08/09(日) 23:44:18 ID: 5xmg6J6NF2
>>25
該当の箇所を書いた人は今あちこちで暴れまくっているので、
頃合いを見て追記すべきと判断して単純な差し戻しにしました。

28 evast! 2009/08/15(土) 02:09:04 ID: xUcqzc1BIg
日本では、今ひとつ知名度が無いが、ヨーロッパでは有名なMandriva Linux(旧Mandrake)も追加願います。分類はRed Hat系です。ついでにPCLinuxOSも頼んます。これもRed Hat系です。
しかし、Mandrivaは日本語環境もUbuntuに勝るとも劣らないし、グラフィックもいいのに、流行らないなあ。
やはり日本人ユーザーがあまりいないから、質問とかするのに困るからかな。

何かの参考になるかも?　Linux系図
http://libreamoi.com/images/linuxdistrotimeline.png

29 ななしのよっしん 2009/08/15(土) 02:42:12 ID: /lT5gFa6CS
うぶんちゅ！ 第１話 「うぶんちゅがやって来た！」  >>sm7245435
sm7245435
うぶんちゅ！ 第２話 「CUIとコビトとお姉さま」   >>sm7322508
sm7322508
    【仮想化】WindowsでLinuxUbuntuを動かす方法【インストール編】  >>sm7242826
sm7242826
#1 ゆるふわUbuntu移行術（オフラインミーティングTokyo 9.08） >>sm7827041
sm7827041
http://www.nicovideo.jp/tag/Ubuntu%E3%82%AA%E3%83%95%E3%83%A9%E3%82%A4%E3%83%B3%E3%83%9F%E3%83%BC%E3%83%86%E3%82%A3%E3%83%B3%E3%82%B0?sort=f&order=a
>>sm2707299
sm2707299 >>sm2594319
sm2594319
    架空線 - AERIAL LINE - : Blog
http://www.aerialline.com/category/blog
ASCII.jp：～師範！　Windowsと作法が違います！～｜行っとけ！　Ubuntu道場！
 http://ascii.jp/elem/000/000/449/449463/
ASCII.jp：行っとけ！　Ubuntu道場！
 http://ascii.jp/elem/000/000/435/435813/
ASCII.jp：Netbookにこそ、Ubuntuを入れろ
 http://ascii.jp/elem/000/000/218/218050/

30 ななしのよっしん 2009/08/15(土) 12:15:58 ID: VAYuDhb+sF
>やはり日本人ユーザーがあまりいないから、質問とかするのに困るからかな。

多分そうです。
もともとWindowsがあるのにわざわざLinuxを使おうという人はだいたいアカデミック寄りの人だと相場が決まっていたので、
そういう世界の人は英語に対して抵抗なんて普通、無いです。
Ubuntuがそこそこ普及しているのはWindowsの代替が安価で手に入るということで、ライトユーザーを獲得できたことでしょう。
プリインストールモデルのＰＣとかもあるみたいですし。
パソコンのライトユーザーにとって「Windowsを使う」と言ったら、最近はもう、WebブラウザとMTAを使うことだけに等しいようです。
この程度なら別にWindowsでなくてもLinuxで良いわけです。
KnoppixやUbuntuのLiveCDや標準インストールで提供される環境って、学校のＰＣ操作の授業（今はあるんだよね？）で見たそれと似ていて安心できるんじゃないでしょうか。

Mandrakeが仮にそれらに匹敵するものである場合、それが普及しても良かったはずですが、ITの世界は技術的に優れていてもそれに劣るモノが市場で生き残るケースはあることですから・・・。仕方ないね。

31 30 2009/08/15(土) 12:22:04 ID: VAYuDhb+sF
>、WebブラウザとMTAを使うことだけに

訂正、MTAじゃなくてMUAです。
一般ユーザーがqmail扱えたらすげぇわｗ

32 ななしのよっしん 2009/08/19(水) 15:56:27 ID: rTfrxC6sCb
>>30
確かにWebブラウザとかしか使わないのであればLinuxで十分だけど、インストールが面倒なんだよなぁ・・・特にFlash Player。
インストール補助ソフトがない限りLinux初心者は絶対にわからないと思う。
あと中学校までのPC授業で使うPCのOSはほとんどWindows(新しいところはXP、それ以外は98とか)。高校とかはLinuxが多くなってくるけど、やっぱり子供にはLinuxは難しいよな。Webブラウザなんてどこにあるか分かるはずがないし。

33 ななしのよっしん 2009/08/19(水) 19:18:09 ID: VAYuDhb+sF
おや、公立学校でもWindowsが圧倒的に多いんだ・・・・。
入札仕様書に「Windowsで」とはあんまり書けないはずなので
LinuxやMacも相当あるもんだとばかり思ってました。

34 僭越ながら Ubuntu 使いとして 2009/09/13(日) 03:31:29 ID: 6g8FMCy7Ie
>>30
>Ubuntuがそこそこ普及しているのはWindowsの代替が安価で手に入るということで、ライトユーザーを獲得できたことでしょう。

>>32
>インストール補助ソフトがない限りLinux初心者は絶対にわからないと思う。

自分はFedora,SuSE,Mandriva,Vine,Slackware等様々なディストビューションを「デスクトップ用途としても」使ってきましたが、その用途としてならUbuntuの性能はダントツです。

Ubuntuが人気なのはWindowsの代替として使用できるからではなく、Linuxをデスクトップ用途として使う人が使いやすい環境であるUbuntuに自然に行き着いた為だと自分は思っています。よくUbuntuはWindowsの代替に使用できる、と言われていますが、それは大袈裟すぎる話です。

Ubuntuは「LinuxOS」です。デスクトップ用途でWindowsの代替としての使用なら>>32さんの意見のようにまず間違いなくLinuxに縁のなかったWindowsユーザーは使用感の違いで躓きます。

Ubuntuが他のディストリビューションよりデスクトップ用途として優れているのは「各種デバイスのサポートの充実」です。この分野においては他の追随を許しません。それはデバイスへの柔軟な対応をするためにinit処理にUpstartを導入している為です。

・Upstart で Linux 管理を簡略化
http://japan.internet.com/linuxtoday/20070323/4.html

・UbuntuのイベントベースinitデーモンUpstart
http://sourceforge.jp/magazine/08/02/18/0145226

もちろんこの仕組みは他のディストリビューションでも使えますし、もしかしたら使っているものも既にあるかもしれません。しかし「ランレベル」という従来の概念から逸脱し、その複雑さを解決した画期的な技術を逸早く導入した「新世代のLinuxデスクトップディストリビューション」だったのです。

あまり知られていませんが、この辺がUbuntuの隠れた魅力だったりします。ちなみにこの仕組みにより起動もかなり高速化されています。

35 ななしのよっしん 2009/09/13(日) 03:47:07 ID: Mh3cKwueQ2
ＣＤ－Ｒから起動できるＯＳ、クノピクスたんも忘れないであげてください。Linuxの読み方はいろいろあるね。友人はィナックスと日本語表記してた。犬っくすって声に出して読んでいた人もいるし、公式の発音がないとおもしろい読み方が出てきてたのしい

36 ななしのよっしん 2009/09/22(火) 23:42:24 ID: aFcH/XDPvM
>>28で出てる追記要望はどうなった…

ちなみに俺はメインはWinだがLinuxアプリ開発のためにPCLOS2009を使っている。
正直UbuntuよりもUIの反応が軽いしメニュー構成もWin風だから
好きなんだがマイナーだよなぁ。

37 ななしのよっしん 2009/09/23(水) 02:16:47 ID: J/XCf+igOD
そういえば「日本の Linux 情報（http://www.linux.or.jp/）」の
サイトの更新が終了したのがちと寂しいなあ...

38 ななしのよっしん 2009/10/09(金) 17:34:11 ID: 2PPyYm7osf
発音が、数種類ある事を知っていないと口頭で言われたとき、とても困りそうだ。

39 ななしのよっしん 2009/10/26(月) 12:17:50 ID: 2PPyYm7osf
何しているんですか創始者！と言いたくなってしまうニュースを見つけた。
http://gigazine.net/index.php?/news/comments/20091023_windows7_linus_in_akiba/
思わずGJと言いたくなってしまう。

40 ななしのよっしん 2009/10/26(月) 18:37:44 ID: VAYuDhb+sF
>>39
わろたｗ

41 ななしのよっしん 2009/11/02(月) 00:11:01 ID: 3uQcr6G0pI
>>39
sugeeee wwwww

42 ななしのよっしん 2009/12/24(木) 10:59:29 ID: DbPC3Rb1XF
>>32
中学二年の時にWindowsからLinuxに移行した俺にとっては、最初の一ヶ月間が苦痛だったな。
今となってはWindowsの方が使いにくいけど。

43 ななしのよっしん 2010/01/31(日) 18:40:51 ID: PnpiQWJPUA
ubuntuはネットブックに入れても不安定にならないから良いと思うんだ。今使ってるし。

44 ななしのよっしん 2010/01/31(日) 18:51:51 ID: PnpiQWJPUA
こんな感じ？
    
      




タイトル:ubuntu?
        画像をクリックして再生!!
      
      
ほめる

         
      


記事内参照用URL :

45 ななしのよっしん 2010/01/31(日) 18:54:51 ID: LbyIYPnfaz
ソフトやライブラリが新しいしFedora程尖ってもいないからな

46 ななしのよっしん 2010/02/20(土) 11:42:37 ID: KxSBu0K14I
OpenSUSE使ってるけどマイナーすぎて泣ける
Fedoraほどエッジでもない、Ubuntuより融通が利く、CUIでも統合設定ツールYaST2が利用可能、本家？Compiz＆KDEの本拠地とか、良いディストリなんだけどなぁ

47 ななしのよっしん 2010/03/23(火) 20:45:52 ID: vqeV+XcwwE
http://gigazine.net/index.php?/news/comments/20070421_opensource_billgates/
隣の赤い国らしい発想だｗ
Winのソースコード開示しろとはｗLinuxを広める団体の人らしいがｗ

48 ななしのよっしん 2010/05/03(月) 07:52:43 ID: /06fVmLHta
けっきょく太平天国の乱からカノ国の人は何んも変わっと乱ト言フ事でｗ

プラカードに書きたいコトが本トは違うんダロ？な？ｗｗｗ

49 フランスパンは焼きたてより冷めた方が好き 2010/05/12(水) 23:27:53 ID: xUcqzc1BIg
Mandrivaを記事に追加したものなのですが(4月に変更しました)。
Mandrivaがいよいよ経営が刀折れ矢尽きる状態で、身売りが成功しなかったら倒産するかもしれないようですね。
http://blogs.itmedia.co.jp/eu/2010/05/mandriva-aa0e.html

折角なれてきたのに…

50 ななしのよっしん 2010/05/13(木) 00:05:30 ID: +q93MhN4Hr
ﾏｳﾝﾄってﾅﾆ;?

51 ななしのよっしん 2010/07/19(月) 20:02:02 ID: DbPC3Rb1XF
>>47
これLinux普及団体というよりオープンソース団体の関係者だろ。
MSもこの二年後にCodePlex Foundationというオープンソース団体を設立したしな。

こういう奴がいるからMS信者はバカな奴ばっかりと思われるんだな。本当迷惑だわ。

52 ななしのよっしん 2010/10/10(日) 16:37:54 ID: /aX/xdHFpQ
いつのまにかニコニコの推奨環境からlinuxが外されてるな

53 ななしのよっしん 2010/11/15(月) 19:40:20 ID: 4R09UJVR/4
実際、リナ環境でニコニコ見てる奴どれだけいるんだろうな。

54 ななしのよっしん 2010/11/19(金) 15:25:31 ID: EVX1W8ZfPL
お絵カキコ初めて使うけど使いにくい・・・
なんかバランス悪い。。
    
      




タイトル:ロゴ
        画像をクリックして再生!!
      
      
ほめる

         
      


記事内参照用URL :

55 ななしのよっしん 2010/12/30(木) 00:12:41 ID: vqeV+XcwwE
>>54
Ubuntuロゴですな

56 ななしのよっしん 2011/01/29(土) 12:41:25 ID: blr/4erssl
最近のWindowsやIEのUI改悪っぷりはUbuntuやFirefoxに移行してくださいねと言っているとしか思えない。
Win用ゲームが動かせないのだって後数年すればWineで事足りるようになるだろうし。

57 ななしのよっしん 2011/02/12(土) 11:56:57 ID: PsIZCHVxqY
今までニコニコは見れるけどコメントが半角英数でしかできないって状態だったけど、
FlashPlayerがIMEに対応したおかげで日本語入力ができるようになったよー。
これでLinux環境でもニコニコを楽しめるね！

58 ななしのよっしん 2011/02/26(土) 21:21:32 ID: iFL7EoU0LA
Linuxの致命傷はオープンすぎてGUIエンジンの規格すら統一できてないこと、
CUI部分のみで動作するものはいいが、
ゲームやらグラフィックソフトはいくらか標準のGUIエンジンの機能を利用しないといけないので、
統一されてないと迂闊にソフトが作れない。

59 ななしのよっしん 2011/03/01(火) 01:10:18 ID: oJAWFDL3SI
>>58
15年ぐらい前の話かと思ったｗ

今は普通にGTKかQtで作るのが実質的な標準と思うよ。

60 ななしのよっしん 2011/03/13(日) 20:16:18 ID: e2UiqpXrma
組み込み製品の中にSLザウルスが無いなと思ったら、Zaurusの記事すらなかったんだな

61 ななしのよっしん 2011/04/18(月) 04:13:40 ID: J/XCf+igOD
Linuxの公式マスコットのペンギンくん
OSSの世界では彼をちょくちょく見かけるはず。
    
      




タイトル:Linux-Tux
        画像をクリックして再生!!
      
      
ほめる

         
      


記事内参照用URL :

62 ななしのよっしん 2011/07/08(金) 18:37:58 ID: mzRiQvHR8T
ubuntuなんで人気なの？
やっぱり雑魚でも簡単だから？

63 ななしのよっしん 2011/08/13(土) 23:48:48 ID: sreAjjYJ+w
>>62
初心者向けの情報が多いからだと思う
UbuntuからopenSUSEに乗り換えたけど情報量が全然違う

64 ななしのよっしん 2011/10/19(水) 00:12:41 ID: 6BDcmCimhp
Ubuntu以外で日本語で情報拾うとしたらRHEL系（FedoraとかCentOSとか）かDebianだよなあ。
英語ならもっと拾えるけどCJKのあたりは
東アジア圏じゃないと情報がないもんだから
他のOSの情報拾わなきゃならなくなってめんどい。
欧州圏ならSUSEは割と情報あるんだけど英語じゃないんだよなぁ…（でもSUSE好き）

65 ななしのよっしん 2011/12/15(木) 17:46:27 ID: X9r7JRR2Go
Debian系にAndroidがないが大丈夫か？
ubuntuの下にでも載せとけよ

66 ななしのよっしん 2011/12/15(木) 22:36:39 ID: 6BDcmCimhp
>>65
パッケージ管理システムがapk(rpmでもdebでもない)なのでちがわね？
内部的にapt使ってるとしてももうVineぐらい違うような。
あとlibcが別のだったりとかいろいろちがうし
もう原型とどめてない気がする。

67 ななしのよっしん 2012/01/15(日) 09:22:27 ID: 2PPyYm7osf
>>65
元になっているのは確かにUbuntuだから､元から考えるとUbuntuに入れるべきだと思う｡

68 66 2012/01/15(日) 12:59:46 ID: 6BDcmCimhp
ぐぐってもChromeOSはUbuntuベースだがAndroidはそうとは書いてある記事が見当たらん…
っていうかその理論だと事実だとしてsuseもSlackware系列に入れんといかんと思うの。
見ての通り現在利用されているパッケージシステムで分けてるんでUbuntuの下、というのはどうなんだろう。

69 ななしのよっしん 2012/01/19(木) 15:09:37 ID: N8Kif42L/t
セキュアブート問題が取り沙汰されているけど、Linux ディストリビューションを Windows 8 の Hyper-V 上で動作させることでは解決にならないのかな？

70 ななしのよっしん 2012/01/19(木) 15:19:19 ID: C0ukZsrx9/
>>69
ubuntuをかじった程度しかLinuxを触ってないけど言わせてくれ
本末転倒じゃないかそれってｗ

71 ななしのよっしん 2012/02/21(火) 19:48:38 ID: N8Kif42L/t
Windows 8の「Secure Boot」を批判するLinux陣営 － TechTargetジャパン システム運用管理
http://techtarget.itmedia.co.jp/tt/news/1202/17/news04.html

>　「Secure Boot」は、OSの最もベーシックな要素が立ち上がるよりも早く、
>最初に読み込まれるマルウェアを食い止めるための機能だ
>（関連記事：IT管理者が知っておくべきWindows 8のブート、仮想化、管理機能）。
>これは、OSから身を隠してしまうため検出や
>削除が最も難しい種類のマルウェアであるrootkit対策で特に役立つだろう。
>
>　米Red Hatと米Canonicalは2011年10月、Windows 8向けのハードウェアスペックに対して
>懸念を表明するホワイトペーパーをまとめた。Linuxコミュニティーはこの要件を問題にし続けており、
>Microsoftが競争相手を締め出す狙いで再びかつての不当なやり口に出たと主張する。

72 ななしのよっしん 2012/03/11(日) 23:30:28 ID: N8Kif42L/t
Adobe、Linux用Flash PlayerについてGoogleと提携 | ネット | マイナビニュース
http://news.mynavi.jp/news/2012/02/24/080/index.html

>この発表により、FirefoxがPPAPIをサポートしていないため、
>11.2リリース以降>Linuxで最新のFlashPlayerを使うには
>Chromeをインストールしなければならない可能性がでてきた。
>しかし、11.2のセキュリティサポートは5年と長く、それまでに
>Firefox側もPPAPIをサポートする公算は高いといえる。

73 ななしのよっしん 2012/04/04(水) 12:48:38 ID: N8Kif42L/t
【LinuxTutorial】モバイル Linux の選択肢が増加 - インターネットコム
http://japan.internet.com/webtech/20120326/1.html

>Linux Planet では2012年が Linux を利用したスマートフォンの年になりそうな雰囲気が続いている。
>先ごろも、Linux がモバイル分野の展開を先導し続けるなか、Linux ベースの携帯電話構想が2つ登場してきた。

74 ななしのよっしん 2012/04/04(水) 12:51:07 ID: N8Kif42L/t
Windows 8 のリリースは、Linux デスクトップのチャンスだ - インターネットコム
http://japan.internet.com/webtech/20120329/3.html

>新しいインターフェイス「Metro」を搭載した Microsoft Windows 8 は、完成に近づいている。
>この OS のリリースは、Linux デスクトップにとっての大きなチャンスとなるだろう。
>Metro は、これまでの Windows インターフェイスからは劇的に変化しているため、
>多くの利用者を混乱させ、苛立たせるものになるのは間違いないからだ。

75 ななしのよっしん 2012/05/27(日) 09:59:07 ID: daGo+NYa3M
お前らコピペばっか

76 ななしのよっしん 2012/07/03(火) 06:40:48 ID: 7jdl+BvYus
ArchとGentooとSlackwareの違いがよく分からん
Firefoxのように自分で機能を追加していくみたいだが
LFSはLinuxで開発するLinuxって感じか

77 ななしのよっしん 2012/09/22(土) 21:16:31 ID: um1ipIuoI9
Linuxしていただいて…(強要)

78 ななしのよっしん 2012/10/06(土) 21:23:43 ID: l0Q7F6PZfP
>>76
Slackware：（使ったこと無いので間違ったこと言うかも）「最低限」使える程度のシステムとして最初からパッケージがプリインストールされてる．パッケージを追加したい時はパッケージシステムから欲しいパッケージのtarボール（ソースコードがそのまま圧縮されたモノ）を取得して，そのあとは手動でconfigureやらmakeやらしてインストールする．

Arch：ArchLinuxをインストールするにあたって，ほしいものを自分ですべて指定する必要がある．カーネルは絶対に必要として，ブートローダーは何を使うか，syslogの類はどれを使うか等々．あとでパッケージを追加したい時はパッケージシステムで欲しいパッケージを指定することでコンパイル済みバイナリファイルがダウンロードされて全自動でインストールされる．

Gentoo：Arch同様欲しいものはすべて自分で指定する必要がある．あとからパッケージを追加する時，Archではそのまま実行できるバイナリファイルがダウンロードされるけど，Gentooはソースコードがダウンロードされる．ただし全自動でソースコードをダウンロードからコンパイル，インストールまで行われるからSlackwareよりは楽．

LFS：全部手動．何から何まで全部手動．OSインストールするにも手動でパーティション切って手動で必要なソースコードを全部ダウンロードして，それらを全部手動でコンパイルしてようやくできあがる．あとからパッケージを追加するにも同じように手動で必要なソースコードをダウンロードしてきて手動でコンパイルする必要がある．

ArchとGentooはドキュメントが異常なレベルでしっかりまとまってるから，インストールするだけでかなり知識つくからおすすめ．
難易度というかハードコア度としては
Arch << Slackware = Gentoo <<< LFS

こんなかんじかしらん．ツッコミキボン．

79 ななしのよっしん 2013/07/05(金) 17:23:41 ID: LbyIYPnfaz
LFSってディストリビューションじゃなくてドキュメントじゃね

80 ななしのよっしん 2013/07/20(土) 20:50:02 ID: UaOZn5pSCi
NAS用に渋々使とかAndroidみたいにある程度機能を固定するとかならともかく一般向けには流行るわけがないよなあと思うわ
ドライバとかいろいろめんどくさいし何よりソフトが殆ど無いし使う意味が無い

81 ななしのよっしん 2013/07/20(土) 21:09:41 ID: 72URErz+R3
NASはFreeNAS一択。
は、さておき使うソフトって何？
サブのノートにxubutu入れてるけどブラウザあればわりと困らないよ。
音楽・動画再生もそこそこ揃ってるし。

82 ななしのよっしん 2013/10/17(木) 20:18:00 ID: I6Y/OGetXv
前は普通に入ったのに全くインストール出来ない
ubuntuもfedoraも入らない
どうやらhdd認識できないらしいんですけどなんでですかね

83 ななしのよっしん 2013/10/19(土) 22:04:52 ID: rTUveJGezT
>>82
ここで聞くよりは2chやそのディストリのフォーラムで聞いた方が
確実に答えが返ってくると思う。
ただ、マルチポストは禁止。

84 ななしのよっしん 2013/11/14(木) 02:20:27 ID: XjOoJVRAzd
>>80
だってパソコンじゃねーもん。ご先祖様が会社とか大学のでかいコンピュータのOSだから。

85 ななしのよっしん 2014/02/02(日) 02:49:33 ID: Mb0VHlOs9o
コンパイラとかインタプリタとかはGNU/Linuxの方がよほど充実してる.
Windowsのは所詮移植止まり.
ゲームがないというのは同意せざるをえないが,これゲーム機じゃないしな.

86 ななしのよっしん 2014/02/05(水) 02:48:51 ID: YrT2jMqAKQ
ボーッとしてる時にターミナル開いてると、延々lsを打ってる自分に気付くｗ

87 ななしのよっしん 2014/02/12(水) 00:41:59 ID: TEIJTZPojO
>>sm22747358
sm22747358

88 ななしのよっしん 2014/03/28(金) 22:33:17 ID: 3MDo6o7elg
XPのサポート切れるから試しにUbuntu入れてみたんだがLinuxも結構快適だな

89 ななしのよっしん 2014/04/19(土) 01:51:48 ID: qGDAR8aR72
そのうちイヤイヤながらに使う端末操作に慣れて最終的にCUI愛好家+オープンソースライセンス信者になる　ソースは僕

90 ななしのよっしん 2014/09/06(土) 13:30:13 ID: erU5DSDEPj
SteamOSには頑張って欲しい

91 ななしのよっしん 2015/08/09(日) 18:19:14 ID: I81tFZJERd
暇だったからふと思い立ってUbuntuを適当なHDD(UASP)に突っ込んだら最初から割と動いた。
昔Redhatで挫折したからアレだったけど、最近のは最初からある程度入ってるんだね。

chromium突っ込んだらflashが無くてスッタモンダした挙句apt-getで簡単に入るというｵﾚﾅﾆﾔｯﾃﾀﾝﾀﾞ感。
まさかニコ動見るのに半日掛かるとは思ってませんでしたえぇ・・・
未だにrpmとyumの使い方とかアプリケーションがイマイチわからないし、適当で簡単に動いてそれなりに性能も出るwindowsって偉大だなと思ったよ。

92 ななしのよっしん 2015/09/06(日) 15:02:36 ID: +0sLy6eNpL
SteamOS....

93 ななしのよっしん 2015/11/01(日) 17:19:43 ID: HXDYzzX03w
UNIX系OS=仕事
仕事以外では絶対に関わり合いになりたくない

94 ななしのよっしん 2015/11/01(日) 17:33:48 ID: LbyIYPnfaz
今やLinuxというかUNIX界隈は豊富な資源を湯水のように使って
いかにパフォーマンスを引き出すかという動きの方が盛んなので
「fluxbox にブラウザとターミナル」みたいな環境でもない限り
Windowsより軽量とはとても言えない感じになっている

95 ななしのよっしん 2015/12/20(日) 09:20:52 ID: pWz3sc/PDD
apt-getでソフト入れる時に一発で入れるのに成功した時の快感がたまらない

96 ななしのよっしん 2016/03/06(日) 08:34:12 ID: 5nKcF+0RRN
大抵apt-getでなんとかなる
windowsだとプログラミング環境整えるのに一つ一つ調べて整えないといけないのにapt-getで一発
何やってたんだろう…とっとと乗り換えればよかった

97 ななしのよっしん 2016/03/06(日) 08:51:33 ID: yM0Flerg2H
プログラミングしたいなら Unix系のほうが圧倒的に楽
Windows は「お客様にそんなことさせるなんてとんでもない！」の世界

98 ななしのよっしん 2016/06/20(月) 03:39:25 ID: XJfu+kLLZu
自分が行った快活CLUBってネットカフェの
店内の漫画検索するＰＣがpuppyぽかったけど
全店舗puppyなのかな

99 ななしのよっしん 2016/06/21(火) 14:52:10 ID: T0m/r3/+xi
Zorin OSてのが出てるそうだがこれはUbuntuの軽快版か？

100 ななしのよっしん 2017/07/10(月) 12:24:16 ID: p3WtDvDU9S
ubuntu でニコニコ実況は動かせないのかな

101 ななしのよっしん 2017/09/03(日) 14:53:11 ID: T0m/r3/+xi
Linuxて音が良いとは言うけど再生ソフトは何を使うのが一番良いんだろうか？
foobarもaimpも無いみたいだし標準の再生ソフトはあまり高機能じゃないと来てる。vlcで充分？

102 ななしのよっしん 2017/09/08(金) 03:52:23 ID: x3SADWoq2I
これは新時代の一角になるぞ

103 ななしのよっしん 2017/09/08(金) 09:24:17 ID: T0m/r3/+xi
もう何年も前からそんなようなこと言われてない？

104 ななしのよっしん 2017/09/13(水) 00:45:29 ID: mNRTUnrAIH
90年代にはすでに言われてた覚えがあるな。サーバーに関してはすでになってるし、AndroidがLinuxカーネルだからスマホもとっくにそうなってる。
が、PC系に関してはマイクロソフトがつぶれでもしない限り無理だろう。Linuxがどうというより、MSに相当する大きな元締めがいないと難しい。

105 ななしのよっしん 2017/09/16(土) 08:46:31 ID: T0m/r3/+xi
Windowsでなければならないユーザーっていうのは実質的にどれ位いるのかっていう話でもあるけど、結局「MSOfficeが使えるOS」がWindowsしかない以上はね。Mac用もあるにはあるが
Officeがブラウザ上でほぼ全機能使えて、とか主要な画像・動画編集ソフトも全部ブラウザ介してクラウドに処理投げて使えたりとかしない限りLinuxが8普及するというのは、なさそうですね。
ブラウザとOSが統一されて全部ブラウザ上から操作するようになるとか、そんな感じになったりしないもんかな。ChromeOSとかそういう感じなのかと思ったけど違うみたいだし

106 ななしのよっしん 2017/09/16(土) 08:58:49 ID: yM0Flerg2H
>>101
そんな話は聞いたことない
自分でデバイスドライバ書いたりするのかしら？？

107 ななしのよっしん 2017/09/16(土) 11:03:50 ID: T0m/r3/+xi
こういう話らしいよ
http://www.tamagawaaudio.com/blog/?p=2177
「PCオーディオを実践するなら、今はWindowsでもMacでもなくLinuxという話を聞きました。音声ドライバーの性能が非常に良い事に加え、Windows等と比べて動作が軽い事、バックエンドでのプロセスが少ない事など、PCオーディオとして使用するのに都合の良い条件が揃っているのだそうです。」

https://freepc.jp/post-22786
「ＰＣオーディオの高音質化で最も重要になるのがデータのレイテンシー。つまり情報の遅延です。デジタル化された音楽データが遅れなく、正確に届くことでクリアな音質を実現するのです。
windowsでは、ＯＳ内でのデータのやり取りが複雑で、どうしてもレイテンシーが遅れがちです。それを回避するプログラムやソフトもあるのですが、ｌinuxでは根本的な動作プロセスがwindowsとは違うため、圧倒的な低レイテンシーを実現しています。」

でそのマニアの人らがlinux上で何の再生ソフト使ってるのか不透明だったから聞いたんだけど
自分でドライバ書いてるかは不明

108 ななしのよっしん 2017/09/16(土) 11:22:09 ID: yM0Flerg2H
機能を削りまくって土台から音楽再生専用PCとして構成すれば～
って話に見えるな
それならOK

109 ななしのよっしん 2017/09/16(土) 11:28:37 ID: T0m/r3/+xi
兎に角何の再生ソフト使ってるのかだけが気になる

110 ななしのよっしん 2017/10/19(木) 21:00:27 ID: KdiPkqYd6v
Linux使うような人が好みそうなプレーヤーというとMPDとか？

111 ななしのよっしん 2017/11/22(水) 09:16:52 ID: flDqIO2VSo
ノートPCのタッチパッドドライバをもっと増やしてほしいな。
結局デスクトップと一部のノートPCじゃないと入れても使いづらい

112 ななしのよっしん 2018/01/17(水) 09:36:20 ID: T0m/r3/+xi
unity web playerに対応していないのか
にというかが

113 ななしのよっしん 2018/02/25(日) 15:19:49 ID: 2azWVsvKng
ニートにとっては金が掛らず、いじっているだけで暇が潰せるいい道具
ついでにPC先生にもなれるｗ

114 ななしのよっしん 2018/04/24(火) 08:54:03 ID: 09tTG65Wxc
MSがIoTセキュリティソリューション「Azure Sphere」にLinuxを採用
https://news.mynavi.jp/article/20180423-windows10report:amp/
＞Azure Sphereは、Secured MCU(Memory Control Unit)、Cloud Security、Secured OSで構成されている
＞Secured OSは一般的なRTOS(Real-Time Operating System)と異なり、Windowsベースのセキュリティ機能と独自のLinuxカーネルを組み合わせた「Azure Sphere OS」で構成される
＞将来的にはLinuxベースのネットワークコンピューターでMicrosoft Azureにアクセスし、仮想マシンのWindows 10を起動してPCゲームを楽しむ時代が訪れても不思議ではない

115 ななしのよっしん 2018/04/28(土) 01:39:50 ID: aPOvuz0tnM
Linux知りたての頃は
これは世間で全然使われてないOSみたいな考え方を勝手に持ってたが
スパコンやら東証、宇宙ステーションと意外にも手広く使われてるんだな
Androidのカーネルもこれとか
まあ一般レベルで使われるのはこれからもまずないだろうが...

116 ななしのよっしん 2018/07/13(金) 13:07:27 ID: T0m/r3/+xi
というかAndroidが…

117 ななしのよっしん 2018/12/05(水) 18:52:50 ID: 09tTG65Wxc
Microsoftが6万件の特許を無料開放へ、Linux保護のため
https://gigazine.net/news/20181011-microsoft-join-open-invention-network/
MicrosoftのOpen Invention Network(OIN)への加入が発表されました。これで、Microsoftが抱える6万件の特許がオープンソースとしてOINコミュニティに開放され、Linux開発者が利用できるようになります。

118 ななしのよっしん 2018/12/27(木) 18:55:39 ID: d6sssBL85O
ほならね理論OS

119 ななしのよっしん 2019/05/13(月) 12:36:20 ID: 09tTG65Wxc
Microsoft Build 2019：Windows上でフル互換のLinuxシステムコールを実現する「WSL 2」発表、Dockerも実行可能に
https://www.publickey1.jp/blog/19/windowslinuxwsl_2dockermicrosoft_build_2019.html
Microsoft、「Windows Terminal」を発表　タブ機能、コマンドプロンプト、PowerShell、SSHなどを統合
https://www.itmedia.co.jp/news/spv/1905/07/news080.html
Google I/O 2019：これから発売のChromebookはすべてLinux対応に
https://www.itmedia.co.jp/news/spv/1905/13/news071.html

