MOTHER2_ギーグの逆襲 2019-03-11/03:29 624

1 ◆////SPxx9k2008/07/11(金)00:10:08ID:Yz3Dh1+tFT
乙。
記事主にこれをやろう。

>>sm336172
sm336172

2 A58RG2008/07/17(木)21:43:06ID:D4sEvMGT+T
貴方は私をどうしたいんだorz

3 ななしのよっしん2008/07/27(日)18:44:14ID:AcnhSW0tbL
るマニマニはマニマニにいつもすべてののマニマニのマニマニがマニすべてマママニマニネス

4 ななしのよっしん2008/07/28(月)23:06:28ID:3ggvaqA2BF
プレミアの方
関連項目にムーンサイドお願いします

5 ななしのよっしん2008/07/29(火)01:10:53ID:qafw1rDGVo
描いてて気づく　ネタバレじゃないかと
    
      




タイトル:
        画像をクリックして再生!!
      
      
ほめる

         
      


記事内参照用URL :

6 でっていう2008/07/31(木)18:15:57ID:ErppZ6L/TM
ギーグもお願いしますﾈｽｻﾝ

7 -('3')-2008/08/09(土)08:56:14ID:qFEwJRTuxT
いちごとうふを自作する動画あったけど
http://www.nicovideo.jp/watch/sm4164334
糸井重里も実際に食べたらしい
http://blog.livedoor.jp/iruris/archives/25949750.html

8 ななしのよっしん2008/08/11(月)11:18:02ID:fStetSXk4S
ネス・リュカ・ニンテンの項目も製作希望

9 ななしのよっしん2008/08/13(水)13:03:07ID:CdR3pGTyzu
孤児（みなしご）の実況は今まで見た実況動画の中で
最高に笑えるし泣ける。まじで糸井さんに見て欲しい動画

10 ななしのよっしん2008/08/17(日)03:54:06ID:CR36i32p+p
おかん２ぷれい／２１‐ニコニコ動画(夏)http://www.nicovideo.jp/watch/sm3903707

11 ななしのよっしん2008/08/18(月)13:31:19ID:CR36i32p+p
おかん２ぷれい／１
http://www.nicovideo.jp/watch/sm3636942

12 ななしのよっしん2008/08/19(火)01:43:49ID:CR36i32p+p
おかん２でＧｏ！
<a target="_blank" href="http://www.nicovideo.jp/watch/sm3584698">【ニコニコ動画】おかん２でＧｏ！</a>

13 ななしのよっしん2008/08/19(火)01:44:44ID:CR36i32p+p
おかん２でＧｏ！
http://www.nicovideo.jp/watch/sm3584698
http://www.nicovideo.jp/watch/sm3584698
http://www.nicovideo.jp/watch/sm3584698

14 ななしのよっしん2008/08/19(火)01:46:34ID:CR36i32p+p
<iframe width="312"
 height="176" src="http://ext.nicovideo.jp/thumb/sm3497367" scrolling="no" style="border:solid 1px #CCC;" frameborder="0"><a href="http://www.nicovideo.jp/watch/sm3497367">【ニコニコ動画】
MOTHER2でコンビニ(ブリトラ)</a></iframe>

15 ななしのよっしん2008/08/19(火)22:42:58ID:Cplyj18MJe
ポーキーの記事がなくて（´・ω・）ｶﾜｲｿｽ

16 ななしのよっしん2008/08/19(火)22:44:48ID:qafw1rDGVo
ポーキー書いちゃうとほぼネタバレになっちゃうからねｗｗ

17 ななしのよっしん2008/08/19(火)22:55:10ID:EIaq8PvdLA
ばーちゃんコンソールで配信されないかな　ワクワク♪

18 ネガティブマン<オレナンカドーセ2008/08/20(水)00:55:20ID:pZzoPQy9Tc
なんかギーグの逆貨になった。どーでもいいかｗ
あのウ●コ型のネガティブな敵は今どうしているだろう･･･
    
      




タイトル:
        画像をクリックして再生!!
      
      
ほめる

         
      


記事内参照用URL :

19 ななしのよっしん2008/08/20(水)09:01:10ID:D4sEvMGT+T
ポーキーはいずれ書こうと思ってます（ポーキー・ミンチで）。
ネタバレにはなっちゃうけど、彼もMOTHERには欠かせない人物ですしね。
問題はどんな風に書くかなんですよね。

20 ななしのよっしん2008/08/20(水)09:36:36ID:Qc897nnxJy
>>18を見た途端にオープニングの曲が脳内再生された。

21 ななしのよっしん2008/08/22(金)04:57:21ID:Cplyj18MJe
>>19
とりあえずは・・・

・主人公ネスの隣人
・ノックの仕方が下品（弟のピッキーにも継承される）
・ツンデレ

この3つを書いていけばいいんじゃないかなぁ・・・。
文体は思い浮かばないけどｗｗｗ

22 ななしのよっしん2008/08/23(土)01:26:57ID:Cplyj18MJe
>>18
「オレナンカドーセ」でしたっけｗｗｗ

23 ななしのよっしん2008/08/23(土)18:28:20ID:j38VWz/Lhl
おかん２でＧｏ！
http://www.nicovideo.jp/watch/sm3584698

24 ななしのよっしん2008/08/26(火)03:37:13ID:CR36i32p+p
MOTHER2百  ダメ押しのＰＫサンダー？  手描き任天堂シリーズ？  MOTHER手描きリンク？  根性バットのネス？  おかん２？

25 ななしのよっしん2008/08/27(水)17:32:51ID:j38VWz/Lhl
MOTHER2　全くわからないけど実況してみる　5
http://www.nicovideo.jp/watch/sm4411259

26 ななしのよっしん2008/08/30(土)05:47:44ID:CdR3pGTyzu
MOTHER2を孤児（みなしご）が初めてやると凄い　その１
http://www.nicovideo.jp/watch/sm4040283

27 ななしのよっしん2008/09/02(火)17:08:00ID:qafw1rDGVo
ココで宣伝しなくても動画記事使えばいいのに。

28 ななしのよっしん2008/09/02(火)17:46:20ID:nYquxFkV5n
ネスサンネスサンネスサンネスサンネスサン←これ今でもトラウマ

29 ななしのよっしん2008/09/06(土)22:53:55ID:qafw1rDGVo
◆おとのいし




タイトル:Eight　Melodies



ほめる




記事内再生用タグ:

30 ななしのよっしん2008/09/09(火)22:32:10ID:fStetSXk4S
糸井氏が「MOTHER2　ひみつのたからばこ」という本で

「ゲームは、自分の周りにたくさんある宝物を掘り出すスコップのようなもの」

と書いてたが、ニコニコのマザーMADとか実況とか見てると本当にそうだなぁと感じた。

31 ななしのよっしん2008/09/19(金)09:55:54ID:FDKBebVB38
木村拓也じゃなくて木村拓哉だぞ

32 ななしのよっしん2008/09/19(金)16:53:08ID:D4sEvMGT+T
>>31
対象のファンじゃない人にとっちゃその程度の認識なんです。
まあなんだ、ごめん。

33 ななしのよっしん2008/09/22(月)09:06:31ID:iXgOCJv0OV
>>sm2136907
sm2136907

34 ななしのよっしん2008/10/20(月)18:25:33ID:j38VWz/Lhl
お●か●ん１／３５（ＥＮＤ）
http://www.nicovideo.jp/watch/sm4535796

35 ななしのよっしん2008/10/20(月)18:34:17ID:j38VWz/Lhl
おかぁ〜んつぅ〜でＧｏ！
http://www.nicovideo.jp/watch/sm3584698

36 ｱﾙﾌﾟｽの少女ｲｲｴｼﾞ2008/10/22(水)21:01:36ID:HX4t54YG5Y
この動画を見たんだがMOTHER2を振り返れた

http://www.nicovideo.jp/watch/sm3666171

たった７分だが少年に戻れたので、みんなにも共有してもらいたいと思う

37 ななしのよっしん2008/12/04(木)01:52:11ID:IJ5bPlZDe6
mother2の曲使ってMAD作りたいけど、やっぱり権利者削除されやすいかな？

38 ななしのよっしん2008/12/06(土)11:08:51ID:fStetSXk4S
MOTHER関連は削除されにくいかと。

39 ななしのよっしん2008/12/09(火)13:47:26ID:mHtU7DUQ8Q
実況じゃない観賞用の動画ありませんかね？
プレイ動画はいっぱいあるんだけど実況ばっかりで(´・ω・`)

40 ななしのよっしん2008/12/12(金)05:53:39ID:jRXAotf7a3
あれ
    
      




タイトル:
        画像をクリックして再生!!
      
      
ほめる

         
      


記事内参照用URL :

41 ななしのよっしん2008/12/12(金)16:17:38ID:FgwyIvZaxG
>>40
でけぇｗｗｗGJｗｗｗ

42 ななしのよっしん2008/12/12(金)23:13:51ID:W9kAqXpbM0
>>40

そしてうまいww
虫系の敵って、必要以上にかわしたくなるんだよなぁww

43 ななしのよっしん2008/12/14(日)14:16:09ID:dZ4kWsnsq6
>>40
でけえ・・・すげえ

44 ななしのよっしん2008/12/15(月)13:04:30ID:fStetSXk4S
>>40
ある意味RPG史上最悪の敵。
説明書に載ってたフィギュアはよりリアルだった・・・

45 ななしのよっしん2008/12/19(金)01:23:34ID:JYbT2r9VSN
>>40
３であれの背後を取ったときが危険すぎる
そのものにしか見えんｗ

46 ななしのよっしん2008/12/22(月)19:39:47ID:fStetSXk4S
このゲーム、おそらくニコニコでのプレイ動画数(実況含む)No1じゃないか？今も新規が増え続けてるし
別の実況主２人が同一ゲームを毎回交互にランクインなんて快挙を成し遂げてるのもMOTHER2だけだと思う

47 ななしのよっしん2009/01/04(日)05:50:03ID:Wo9yN3YbMX
>>46
２ｃｈの実況スレによるとDQ3と零がこれより上回っているらしい。

48 ななしのよっしん2009/01/11(日)18:40:52ID:dcm8r/OGu2
>>40
リッパな　ツノがあれば　にんきものに　なれたのか？ 
リーンリーンとでも　なけば　キュウリを　もらえたのか？

49 なななななしのよっしししん2009/01/24(土)17:09:05ID:FGIUp/r5Mh
トラウマです＼（＾o＾）／

50 ななしのよっしん2009/02/07(土)23:01:43ID:xo6F665XIl
子どもの頃は普通のＲＰＧだと思ってたけれど、大人になってやったら泣いたわ、なんで俺ゲームで泣いてるんだろう･････
ネスが音を集め終わったシーンで号泣。

51 ななしのよっしん2009/02/09(月)20:12:29ID:zv9/sWYvJ/
すぎるのお絵カキコの記事でこの記事が過疎ってるって言ってはいたが
ここにすぎる関連の絵が掲載されるのはおかしいだろ
向こうの記事で言ってたのはすぎるに向ける絵描きの情熱をこっちに回して欲しいってことでさ
ということですぎる関連のお絵カキコは削除した方がいいのでは

52 A58RG2009/02/09(月)20:36:37ID:D4sEvMGT+T
折角描いてくれてるから掲載するってのはわかるんですが、
個人的に記事内のお絵カキコの項目はいらないんじゃないかと思う。
上げだしたらキリがないし。

53 ななしのよっしん2009/02/12(木)01:02:09ID:6eIzbZBpua
・実況見てないと分からないネタが含まれるものは避ける
・他の実況者のところのお絵カキコも載せる

こんな感じなら記事が華やかになっていいと思うけどな
現状すぎる一色なのは気になる

54 ななしのよっしん2009/02/19(木)11:07:36ID:Cplyj18MJe
オナラは出ないけどゲップだったらいつでも出せるな。

ガキの頃によくやってて「下品だからやめろ」って怒られたｗｗｗ

55 ななしのよっしん2009/02/19(木)22:08:35ID:W1ey0Swjf5
そういやゲップーのゲップ音は
いつでもゲップが出せるスタッフのゲップを収録したんだっけ

56 ななしのよっしん2009/03/01(日)06:32:39ID:VDDUNy9TCO
>>50
このゲームに「おとなも こどもも おねーさんも」という
コピーをつけた糸井氏は改めて凄いと思うんだ。

57 ななしのよっしん2009/03/01(日)12:26:29ID:TBqqYQZ4lL
ネスの母親はなぜ世界を救うとかいうヨタ話を信じる気になったんだ？
せめて保護者同伴とかのほうが自然では？

58 ななしのよっしん2009/03/02(月)11:06:09ID:M0jkIJD8mS
「明日使えないムダ知識」に追加希望
オープニングのギターを弾いた謎の外国人「M･D･SEEGER」の正体は宮本茂氏。

59 ななしのよっしん2009/03/02(月)11:44:01ID:TBqqYQZ4lL
東方星母録

60 ななしのよっしん2009/03/04(水)22:00:40ID:PQD2E05nSF
>>57
ＲＰＧのお約束になんて事をｗｗｗ

61 ななしのよっしん2009/03/04(水)23:43:11ID:71gsCZyJVe
ロマンだよ。ロマン

62 ななしのよっしん2009/03/19(木)14:03:24ID:8Gao8GiKl1
ネスが孤児という設定だったら無理がないな

63 ななしのよっしん2009/03/19(木)14:31:02ID:EIaq8PvdLA
先ほどの隕石の所へ行くと、ヒッキーが座っている。

64 ななしのよっしん2009/03/29(日)17:40:44ID:2N9z0HiUVa
あの・・・主人公が地球救う気なくした件シリーズは？

65 ななしのよっしん2009/04/16(木)17:29:11ID:b08cujdNGo
海外サイトのスターストームネット詳しすぎだろｗ
ご丁寧にmotherのことを書かれてる雑誌の発売日＆画像まで載ってるよｗ

66 ななしのよっしん2009/04/20(月)13:45:43ID:R0TYRahh2p
マザー系の同人ゲームつくってるひとっているの？

67 ななしのよっしん2009/04/20(月)14:36:25ID:R0TYRahh2p
蒼化学会

68 ななしのよっしん2009/05/01(金)22:00:25ID:xo6F665XIl
ＭＯＴＨＥＲはストーリーが評価されすぎてドラムロールシステムが影に隠れてしまっているような気がする。
あのシステムヤバいわ、戦略的思考とともに対応スピードも求められる。
もう他のＲＰＧまともに出来ない。

69 ななしのよっしん2009/05/01(金)22:06:32ID:yW5ZalhWdD
ドラムロールシステム影薄いよな。リアリティあるし、ゲームとしても面白いシステムなのに。
3のサウンドバトルも結構面白かったが影が薄い。
つーかストーリーが強烈すぎなんだな。

70 ななしのよっしん2009/05/02(土)13:40:36ID:8Gao8GiKl1
【やる夫】ＹＡＲＵＯ２　レナの逆襲【ＭＯＴＨＥＲ２】
http://www.nicovideo.jp/watch/sm6749973

　やる夫観察日記　　　ＹＡＲＵＯ２　レナの逆襲　まとめサイト　　　　　　　　　　http://yaruokansatu.blog44.fc2.com/blog-entry-765.html

71 ななしのよっしん2009/05/06(水)12:50:28ID:b08cujdNGo
メテオニウムってレアアイテムだったのか。

72 ななしのよっしん2009/05/17(日)12:44:24ID:8e6XjoUm/c
>>sm778670
sm778670

73 ななしのよっしん2009/05/17(日)14:10:44ID:S4SqYoJfHc
MOTEHR２「イナクナリナサイ」





タイトル:イナクナリナサイ



ほめる




記事内再生用タグ:

74 ななしのよっしん2009/05/17(日)16:15:32ID:t1j0rNxrd7
>>73
これは快作！

75 ななしのよっしん2009/05/23(土)02:31:34ID:zfYkWApidc
意外と知らない人が結構いるみたいなので。
プーが行う「ムのしゅぎょう」は、芥川龍之介の「杜子春」のオマージュ。
それを知ってるかどうかで、修行途中の釣りに
「こんなの初見は絶対引っかかるだろｗ」と「こんなの引っかかるバカいないだろｗ」の極端な二つの意見に分かれたんじゃなかろうか。

76 a2009/05/28(木)22:44:13ID:JbuZ8i23eo
http://www.youtube.com/watch?v=5ONRolXKMHQ&NR=1

これの0:45頃に流れる曲ってMOTHER2のパクリ？

77 ななしのよっしん2009/06/12(金)01:39:12ID:j+S6++U+w0
>>76
まんまじゃねーかｗｗ

78 ななしのよっしん2009/06/12(金)18:30:11ID:FgwyIvZaxG
敵がアイテムを落とすか落とさないかは戦闘が開始したときに決まっていて
アイテムを落とす場合はチェックするとそのアイテムが手に入る。

と、言うことを友人から聞いたけど本当？

79 ななしのよっしん2009/06/12(金)18:32:50ID:DsWcdZmH06
>>75
元ネタがあるのは知らんかったが
動くなといわれてるから動かなかった

80 ななしのよっしん2009/06/14(日)18:20:42ID:xo6F665XIl
>>76 吹いたｗｗｗｗｗｗ

81 ななしのよっしん2009/06/18(木)18:29:35ID:4ZeM+opThK
>>76
ぐんじー！
なつかしすぎるだろｗｗｗｗ

82 ななしのよっしん2009/06/21(日)00:30:02ID:buNBpQ30jO
このシリーズ１２３のプレイ動画見て思ったんだが
タイトルであるマザー＝母
１はギーグを育てたクィーン、３はヒナワが重要キャラだが
２は母が全く関係なくないか？

83 ななしのよっしん2009/06/21(日)00:31:32ID:qafw1rDGVo
母なる大地　って解釈してたけども。

84 ななしのよっしん2009/06/21(日)23:47:42ID:buNBpQ30jO
マザー＝地球
タイトルにもそんなマーク付いてるからそれで正解なんだろうがなんだか受け入れがたい
ドラゴンクエストに竜が関係ない、それに似た開き直りを製作者に感じるのは俺の思い込みなんだろうか？

85 ななしのよっしん2009/06/29(月)10:34:39ID:Qe6TkApuke
>>78
確か本当だったと思う

86 ななしのよっしん2009/07/19(日)23:47:44ID:0JYOlSKjjC
Smaaaaaaaaaaaaaaaaaaaash!!!!!

87 ななしのよっしん2009/07/23(木)23:26:38ID:7NxaRla3mO
>>82
ラストバトルで祈ってくれたじゃないか、ホームシックになれば
電話で慰めてくれるし
一見ファンキーなおかあさんだけどその実すごくネスを心配してるんだよ

個人的には2は「MOTHER&FATHER」だと思う、アンドーナッツ博士的な意味で

88 ななしのよっしん2009/07/23(木)23:46:59ID:TfsKYeOn/c
すごいぞこれ

実写版マザー2（EARTHBOUND） Chapter 1
>>sm3860933
sm3860933

89 ななしのよっしん2009/07/24(金)15:46:43ID:4qhMROXsg2
HPのドラムの話だが、最後の敵を倒した瞬間ならHPが0になっても1回復する
これ豆知識な

ちなみに3だと無い、さらにHP回復直前であっても0になったら問答無用で死ぬ
つーかライフアップΩ使ったときの後続へのタイムラグうざすぎ

あと、ガード中はドラムの減少が激遅になるのって3だけだっけ？2もだったら記事に追加したほうがよくね？

90 ななしのよっしん2009/07/25(土)17:54:30ID:pPi2BT442Q
MOTHER＝地球、母で充分しっくりくると思うんだけどな
２しかやってない自分はギーク＝母親が堕ろした胎児の霊かなにかだと思ってる

91 ななしのよっしん2009/07/25(土)21:44:52ID:TfsKYeOn/c
MOTHER2でコンビニ(ブリトラ)
>>sm3497367
sm3497367

92 ななしのよっしん2009/07/25(土)21:47:26ID:TfsKYeOn/c
おかぁ〜んつぅ〜でＧｏ！
>>sm3584698
sm3584698

この作品おかんの人だったのね。

93 削除しました削除しましたID:TfsKYeOn/c
削除しました

94 ななしのよっしん2009/07/31(金)12:26:57ID:R0TYRahh2p
>>sm3636942
sm3636942

お＠か＠ん＠に／１

95 ななしのよっしん2009/08/27(木)09:40:41ID:b08cujdNGo
このゲームの大人の黒さは異常ｗ

96 ななしのよっしん2009/08/30(日)01:34:45ID:tqxOyXWcOf
実際はもっと黒いぞ

97 ななしのよっしん2009/08/30(日)02:12:21ID:+sOPobzhYb
誰もちんぽの話なんかしてねぇよ

98 ななしのよっしん2009/08/30(日)17:53:18ID:vv33EG2Nyf
登場人物にブンブーンを加えてください

99 ななしのよっしん2009/10/03(土)09:49:00ID:b08cujdNGo
>>95-96
このシリーズは全体的に黒いよなｗ
黒い任天堂も関連項目に入れるべきか？ｗ

100 ななしのよっしん2009/10/09(金)19:08:23ID:tY49NSBOHd
オレナンカドーセ
アレ

101 ななしのよっしん2009/10/26(月)16:30:41ID:S4SqYoJfHc
>>73を書き直し。
MOTEHR２「イナクナリナサイ」
    

      



タイトル:イナクナリナサイ



ほめる




記事内再生用タグ:

102 ななしのよっしん2009/10/26(月)17:31:50ID:S4SqYoJfHc
MOTHER 2 より　『Smiles and Tears』
    

      



タイトル:Smiles and Tears



ほめる




記事内再生用タグ:

103 ななしのよっしん2009/11/25(水)03:20:49ID:aP7imQdw/x
なぜこんなのに手を出したし俺。

数日間くらいかけてじっくり書きあげます・・。
    
      




タイトル:初いちほ。
        画像をクリックして再生!!
      
      
ほめる

         
      


記事内参照用URL :

104 ななしのよっしん2009/11/26(木)17:09:53ID:b08cujdNGo
>>103
地図か。完成楽しみだ。
ツーソンやスリークなどの他の地図も作ってほしいです＞＜

105 ななしのよっしん2009/11/28(土)14:29:56ID:NhW+wZ3VcV
なぜかNo.3にこだわる穴のぬしたち

106 ななしのよっしん2009/12/01(火)22:58:40ID:aP7imQdw/x
でけた。PC付けっ放しで席を外すときはスタンバイモードにすることで、毎日少しずつ書き進めてますた。

>>103
多分余裕は無いｗｗｗｗ



タイトル:タウンマップ　オネット
        画像をクリックして再生!!
      この絵を基にしています！

ほめる

         
      


記事内参照用URL :

107 ななしのよっしん2009/12/02(水)00:04:25ID:b08cujdNGo
余裕ないのかぁ…うーむ
本当乙です！

108 ななしのよっしん2009/12/06(日)02:05:17ID:9WNbALzrkS
この記事見てたらなんか久しぶりにMOTHER2やりたくなったんで
放ったらかしにしてた1＋2久しぶりに引っ張り出してやってた。

だが気づいた時にはスターマンのむすことと戦う前に
もう既に必殺PK習得してたんだが…どういうことなの…

109 ななしのよっしん2009/12/14(月)12:45:02ID:M0jkIJD8mS
関連動画に実況多すぎ
絞ってほしい

110 ななしのよっしん2009/12/18(金)17:16:31ID:cGpvv/ngN1
当時はスクウェアRPG、格闘ゲームばっかで周囲じゃマイナーだった
ＣＭのインパクトはあったが　知られたのはスマブラあたりからか？MOTHERからのファンはわからないが

111 ななしのよっしん2010/01/16(土)21:24:40ID:RsUdg3dcM3
BLANKEY JET CITYでMOTHER2のバス
>>sm3804767
sm3804767
かっけぇw

112 ななしのよっしん2010/01/19(火)07:26:33ID:b93dPRBlwi
昔から気になってるんだが
トンズラブラザーズはライブだと一人増えてるんだよな

113 ななしのよっしん2010/01/24(日)00:10:24ID:cGpvv/ngN1
キーボード担当、モデルでもいるのか

114 ななしのよっしん2010/02/03(水)22:33:06ID:77kTMBjGVn
最後ギーグ戦で後ろの雑音の中に言葉が聞こえるらしいんだが聞こえない
ホントなのか？

115 ななしのよっしん2010/02/28(日)12:12:54ID:ktlSKUhMgE
>>114
言葉ってのは聞いた事無いな
ギーグが消えていく最後の辺りで１のエイトメロディーズが
僅かに流れてるってのは知ってるけど

116 ななしのよっしん2010/03/08(月)10:10:38ID:wwuQ5s0TOX
>>sm9952330
sm9952330
>>sm9950542
sm9950542
>>sm9951405
sm9951405

117 ななしのよっしん2010/03/12(金)18:52:41ID:nng8wMETWZ
>>113
キーボード担当のモデルは
たしか作曲者の1人の田中宏和さん...だったはず
今はどうかわからないけど　当時レゲエバンドをやってて
風貌も　レゲエ男だったらしい
ゲームキャラの風貌がレゲエっぽいのは　そんな理由

118 ななしのよっしん2010/03/12(金)20:02:07ID:nng8wMETWZ
ついでにトリビア
「じゅうそうびポーキー」戦でのBGMのタイトルは「イナクナリナサイ」ではない。

根拠は...
JASRACのJ-WIDで「イナクナリナサイ」を検索すると
作品コード027-8079-8「最終戦闘のテーマ」が見つかり
これは公式サウンドトラックの１９曲目のことである
しかしポーキー戦BGMは含まれていない
ポーキー戦BGMの正式タイトルは不明

ちなみに...
ポーキー戦BGMが含まれているのは24曲目だが
作品コード027-8000-3「ＡＮＯＴＨＥＲ　２」と
作品コード027-8207-3「ＡＮＤ　ＧＯＥＳ　ＯＮ」で分かれている。
コードを指定する場合、前者のコードを使うのが無難?

1191142010 /03/12(金)20:39:25ID:77kTMBjGVn
後ろで何か聞こえる件、自己解決した
>>sm3163842
sm3163842

がんばって、がんばって！　って聞こえるよ

120 ななしのよっしん2010/03/12(金)21:16:48ID:5uM9Vz68jj
>>118
ポーキーついでに書き加えるなら、「チェックしても解らないが、実はブレインショックだけでなくパラライシスで釘付けにもできる」と

121 ななしのよっしん2010/03/13(土)14:22:00ID:D4sEvMGT+T
>>118
MOTHER2サントラの「イナクナリナサイ」は最初の部分が入ってないんだよね。
フラフープとかミックスバージョン作る前に曲をちゃんと分けて収録してくれと何度思ったことか。

122 ななしのよっしん2010/03/22(月)02:27:42ID:lwRjK/yI5M
まじだ。がんばってがんばって聞こえるわ

123 ななしのよっしん2010/04/12(月)22:46:35ID:plPJMnlYW+
とりあえずこれだけは言わせてくれ





デパートの敵の強さは異常

124 ななしのよっしん2010/04/17(土)00:23:05ID:5uM9Vz68jj
>>123
そういやあそこも地味に難関だよなぁ。キラーカップにコーヒーブレイクされちまったのもいい思い出だよ。
「ネスさま　ネスさま　クケッ　クケッ・・・」ポ～ポ～ポ～ピ～ポ～・・・
あの不安と恐怖を煽るSEは今でも地味にトラウマになってるんだが

125 ななしのよっしん2010/04/18(日)15:53:40ID:F/qDnDio1e
昔、友達にやらせたらさ、
グラフィックのせいで手抜きゲーと思ったらしく、プレイするの拒否されたんだよね。

126 ななしのよっしん2010/04/20(火)17:49:16ID:j5qXhJQFdt
このシリーズはもっと評価されるべきだと思うんだ
sm2315636

127 ななしのよっしん2010/05/05(水)15:38:24ID:5uM9Vz68jj
コーヒーブレイク時の台詞も好きだなぁ。何度でも聞きたくなる。

「正しいものと正しくないものとがいて
それが戦ったとして…正しいものが負けるときみは思うかね。
けっして失ってはならないもの…それは勇気だ。
勇気は、最後の勝利を信じることから生まれる。
力に溺れたギーグは「勇気」を知らんッ！
勇気を知らぬギーグなどノミと同類よォー！！」

128 ななしのよっしん2010/05/08(土)21:24:44ID:plPJMnlYW+
>>127
おいｗ後半おかしくなってるぞｗｗ
コーヒーブレイクのセリフは子供のころやった時は意味が分からなかったなあ。
特に「戦闘さえできればいい」戦闘好き思考な俺にはなおさらだったし。
成長した今だと昔より数倍面白く感じる。

129 ななしのよっしん2010/05/22(土)10:42:57ID:72c1enMaj+
マザーの音楽を聴くとすごく懐かしさがこみ上げてくる

130 ななしのよっしん2010/05/23(日)00:44:50ID:zElHWZvnl1
SFC版を散々やった俺が今MOTHER1＋2のを初めてやってるんだが、
王者のつるぎが全く手に入らない。
もう全員LV90超えちまった。(ストーンヘンジ前　ネスLV55)

確率は1/128らしいけど、
SFCでやったときはどんなに遅くても、
LV80になるまでには手に入れれたんだけどな。

131 ななしのよっしん2010/05/23(日)00:48:45ID:qafw1rDGVo
>>130　チェック使ってる？

132 ななしのよっしん2010/05/27(木)09:43:57ID:oDyvrXcehb
レストランの料理＆飲み物の説明の長さが好き

133 ななしのよっしん2010/05/27(木)10:16:40ID:qafw1rDGVo
およびだしを　もうしあげます。
オネットから　 おこしの
ネスさま・・・・

おともだちのポーラさまが
４かいのじむしょで
おまちです。・・・・クケッ。





タイトル:デパート呼出音



ほめる




記事内再生用タグ:

134 ななしのよっしん2010/06/10(木)19:56:59ID:bXi4W0gwvy
>>130
レベル99になるとネス覚醒しなくなるから注意しろよ

135 ななしのよっしん2010/06/25(金)14:23:14ID:i/t/6x9kLY
>>132
スパイシーほしにくの説明が好きだったｗ

136 ななしのよっしん2010/06/28(月)23:50:16ID:xvpsL12yWw
まやかしのキチガイレコード

137 ななしのよっしん2010/07/14(水)02:13:31ID:zOkDP1CykR
というかデパート〜ゆだんロボまでの間、ポーラがいないのがキツすぎる件

138 ななしのよっしん2010/08/23(月)17:21:50ID:hFpahVC+Yq
>>137
つペンシルロケット５
でも知ってないとたいてい買ってないからなあ

139 青井ねずみ2010/09/05(日)20:05:45ID:nng8wMETWZ
タイトルロゴの曲です。時間がなかったのでリズムパートはまた今度打ち込みますトランペットの音色は「ピコカキコ:サンプル音色データベース」から拝借しました
    

      



タイトル:MOTHER2 タイトルロゴ



ほめる




記事内再生用タグ:

140 ななしのよっしん2010/09/06(月)21:05:58ID:h6U3rHdg7u
オネット（one）→ツーソン（two）→スリーク（three）→フォーサイド（four）

141 ななしのよっしん2010/09/07(火)13:58:14ID:a6KCMRmLOK
今更すぎるだろ

142 ななしのよっしん2010/09/11(土)21:28:21ID:OpwTiklxW7
>>sm12072833
sm12072833

143 ななしのよっしん2010/09/18(土)14:35:51ID:gYGELKy5L/
>>126　にあった動画を見たんだが、面白かったｗ
うまくはれてなかったようなので、そのシリーズのPart1をはらせてもらいます。
>>sm2266634
sm2266634

144 ななしのよっしん2010/09/26(日)12:25:35ID:5uM9Vz68jj
ネスは　バナナをとりだし
コンデンスミルクを　かけて
ポーラに　たべさせた。

・・・え～とちょっくら首吊ってくるorz

145 ななしのよっしん2010/10/03(日)20:26:52ID:NLry7VWfGs
>>144
その発想は無かった

146 ななしのよっしん2010/10/10(日)09:38:05ID:Kg2ABzPmYo
>>144
おいしい組み合わせな件

147 ななしのよっしん2010/10/16(土)17:59:40ID:NLry7VWfGs
>>144
そして俺はバナナ×コンデンスミルクを試した。

ネスはバナナをとりだし
コンデンスミルクをかけて
ジェフにたべさせた。

どうやら操作を誤ったらしい(´・ω・`)

148 よう2010/11/17(水)19:48:52ID:s98P7HHl0u
あえて言おう、神ゲーであると

149 ななしのよっしん2010/12/08(水)09:11:17ID:oDyvrXcehb
PKおとこかくうえ狩りは通過儀礼？

150 ななしのよっしん2010/12/08(水)09:16:04ID:M0jkIJD8mS
スーパースターマンの狩り過ぎでネスのLvが99になってしまうのも通過儀礼。

151 ななしのよっしん2010/12/08(水)16:55:35ID:wUiPoCmWMs
⊂'=）←どせいさん

152 ななしのよっしん2010/12/12(日)04:22:54ID:pVB7A46iKs
ようやくGBA版のMOTHER2をクリアした
達成感があってすごくよかった。
こんな神ゲー今までプレイしてなかったと思うと悲しくなってくる。
1はプレイ済みで3は動画で内容しってるけどやっぱ2が一番好きだなぁ

153 ななしのよっしん2010/12/18(土)00:05:12ID:DT3rP54Kyy
>>152
スーファミ版の方が音質がいいので
買いなさい。今すぐ買いなさい

154 ななしのよっしん2010/12/31(金)17:09:05ID:ZZkHCPOC9z
アップルキッドってオレンジキッドと対比させるためにあーいう設定にしたのかと思ってたけどそうでもなかった

長髪で風呂に入らず、ビルケンシュトックサンダル（または裸足）でうろつく不潔な姿のため、社内で嫌われたが、アタリのトップであるノーラン・ブッシュネルは気に入って採用したという。

スティーブ・ジョブズ（AppleのCEO） - Wikipediaより引用

155 ななしのよっしん2011/01/05(水)11:08:40ID:QyAawn1ZVg
ゲップーの倒し方がわからずポーラがフリーズγまで使えるようになるまで育てたのはいい思い出
ハエミツとか知るかよ(;_:)

156 ななしのよっしん2011/01/06(木)13:34:37ID:NLry7VWfGs
>>155
よう俺

157 ななしのよっしん2011/01/10(月)06:02:32ID:aduP9kUvyj
そんな時のためにヒント屋がいる。
あとはプライドとの勝負‥かな。

158 ななしのよっしん2011/01/11(火)17:19:30ID:egIMqpGk8B
レベル上げしすぎてカンストさせちゃうと終盤でネスが覚醒の恩恵を受けなくなるからなぁ…他のRPGと比べて気軽にレベル上げしづらいと思う。
初回では覚醒の存在を知らずにプレイしてて、ネスのあくま倒した時点で89とかそんくらいだったし。知ってしまったおかげで2周目は低レベルプレイ半強制&スーパースターマン戦でチェック後すぐ逃走が基本ルールになりましたorz

159 ななしのよっしん2011/01/13(木)16:49:32ID:UoWhkpDqNF
ストーリーは知っちゃってるんだけど、純粋にRPGとして楽しめる？

160 ドクターマリオ2011/01/13(木)16:56:57ID:qOqFG5O619
>>159
システムも名作だから、とにかく一度プレイしたほうがいい。

161 ななしのよっしん2011/01/15(土)21:47:17ID:wwuQ5s0TOX
某実況主のRTA動画紛失
胃が痛む・・・

162 ななしのよっしん2011/02/01(火)16:25:05ID:X7TtPIT0D9
ギーグ戦の動画はどこも胎児コメで溢れるな

163 ななしのよっしん2011/02/06(日)03:24:08ID:O0sqKd1sdX
>>158 マジカント後のステータスのシステムは知ってるか知ってないかで特にPPは大分変るからね。
まぁ、普通にストーリーを進める分にはマジカントクリアまでに99にさえしなければ
全然気にしなくていいLVだけど。

164 ななしのよっしん2011/02/07(月)03:26:33ID:M/NPmylZv6
そろそろ1+2+3をだな

165 ななしのよっしん2011/02/08(火)04:06:52ID:O0sqKd1sdX
大百科また更新されたのか。
小ネタが部分が更に細かい話になってんな

166 ななしのよっしん2011/02/24(木)00:07:17ID:pVB7A46iKs
>>153
欲しいけどな、スーファミどこいったかなぁ…

167 ななしのよっしん2011/02/28(月)23:57:27ID:QrIG2/NbLx
そういえばこれの小説なんかもあったよな。
読んだことある人いる？

168 ななしのよっしん2011/03/01(火)03:09:51ID:D4sEvMGT+T
>>167
高校時代に読んだけど、はっきり言って読む価値なし。
結末がまったく変わってるし途中も意味不明な展開になってた。

169 ななしのよっしん2011/03/01(火)23:28:32ID:v8K++8p9N6
>>167
久美沙織著のMOTHER2のことを言っているのなら
・原作MOTHER2とはかけ離れた展開である
・ネスはやんちゃな男の子
・ポーラはジェフ曰く「ヒステリー女」
・ジェフは両足義足である
・プーは普通
・ポーキーのラストに唖然
・ピッキーが卑屈

上記の内容に興味を持ったならお勧め。
ねーよｗｗｗというなら読まなくていい。
ただ俺は読んだ結果、MOTHERの世界観が広がることはなかった。

170 ななしのよっしん2011/03/02(水)00:20:22ID:QrIG2/NbLx
２の小説はなんだかだめそうだな・・・
じゃあ、初代の小説はどうだった？
やっぱり同じようなもん？

171 ななしのよっしん2011/03/02(水)13:02:54ID:achGuWdCPs
２は「ひみつのたからばこ」ならいいんじゃない？と言うのは既出なのか。
ネスの日記と言う形式で進められる物語は、原作に勝るとも劣らない感動があったと思う。

172 ななしのよっしん2011/03/02(水)13:10:55ID:wA2fwO2TEv
ゲームブックもあったよな
中学の時持ってたんだが古本屋に50円で売った記憶が
今思えば何で売ったんだろうorz

173 ななしのよっしん2011/03/02(水)18:45:04ID:v8K++8p9N6
>>170
初代小説も似た感じで、まんまボーイ・ミーツ・ガール。
主人公はアナだからガール・ミーツ・ボーイ？
MOTHERの小説というよりMOTHERのキャラが出てくるオリジナルストーリーかな。
MOTHERの独特な雰囲気はあんまり無い。

でもひみつのたからばこはマジおすすめ

174 ななしのよっしん2011/03/04(金)12:19:31ID:pVB7A46iKs
MOTHER2の4コマ漫画おもしろい？
ひみつのたからばこってどんな内容なんだろ。

175 ななしのよっしん2011/03/08(火)00:11:04ID:S/rzUJhS0C
いまさらだけどUFOキャッチャーやってきたよ・・・・。
5000円以上つぎ込んで取れたのDXスターマン一個だけだったけどな！！！

176 ななしのよっしん2011/03/16(水)20:14:35ID:NLry7VWfGs
>>175
え、勝ち組ですよ、それ

177 ななしのよっしん2011/03/18(金)21:05:36ID:Agp5TAHZw0
ツーソン、スリーク間のトンネルをスキップサンドで突破しようとしたのは俺だけじゃないはず…
普通に歩くよりは長く行けるんだけどさすがに人力では無理だった
TASさんやってくんねぇかな

178 ななしのよっしん2011/03/18(金)21:11:46ID:KRdX6DZxNp
>>177
真正面からでは突破できないけど、スキップサンドを使って段差の隙間にめり込めるらしい
>>sm12072833
sm12072833
この動画の15：30くらいで使ってる

179 ななしのよっしん2011/03/23(水)01:09:33ID:6x4zBa+52D
アップルキッドの元ネタって誰だったっけ？ド忘れしちゃった。
そいつは確かAppleのエンジニアで、写真がアップルキッドそっくりだった気がするんだが

180 ななしのよっしん2011/03/26(土)23:26:48ID:CjQPNCe+ju
ツーソンが書きたくなった
後悔はしている

181 ななしのよっしん2011/03/26(土)23:33:44ID:CjQPNCe+ju
すまん
上ミスった
やっぱり書くの辞めるわ

182 ななしのよっしん2011/03/29(火)21:49:00ID:OaK5KTAzpp
ゲップー戦ではえみつ使用が分からず何回も全滅したのはいい思い出

183 ななしのよっしん2011/04/03(日)17:00:18ID:NxdXTz0mKv
シュシュさんの実況プレイ動画でしか見たことないけど、エンディングまで見て凄まじく感動した。MOTHER3もぜひ実況プレイしてほしいと思う。

184 ななしのよっしん2011/04/03(日)17:16:40ID:5uM9Vz68jj
当時はホントに流行ってたなぁ。もうあれから15年くらい経つのか・・・
プレイしてた当時は小学生だったが、CCさくらの山崎君みたいにマザー2に纏わるいろいろな嘘話を吹聴していたクラスメイトがいたっけな。いずれもありえないホラ話であると解っていながらも真相かどうか確かめたくてしょうがなかったんだよなぁ
もう時効だろうから、ここに書いてもいいよね？というか言った本人が忘れてるだろうけど











「初期形態のギーグにダメージを与える方法があるよ。ここでギーグを倒せばポーキーや第2形態以降は戦わなくてもいいんだぜ」
「ネス達4人のレベルを最高（99）まで上げればジェフが秘密のPSIを覚える」
「『ほしのペンダント』を上回るレアアクセサリ『○○のペンダント』があるよ」
（↑○○の部分はもう思い出せない。しょうもない名前だった事は思い出せるが）

185 ななしのよっしん2011/04/04(月)21:44:34ID:pVB7A46iKs
とりあえず実況見て、
少しでも感動したとかいいと思ったら実際に買ってプレイするんだ。
俺が後悔させないから（ｷﾘｯ

186 ななしのよっしん2011/04/09(土)16:24:38ID:eR3sSuuo0g
>>182
よう、同士・・・・

187 ななしのよっしん2011/05/02(月)17:33:56ID:v+NQ8lKeUU
結局はえみつ使わずに勝ってしまったなあ。
恐ろしく時間が掛かった。二度と奴とは戦いたくない

188 ななしのよっしん2011/05/20(金)14:44:56ID:rolB8zCAtU
>>187
うわ懐かしい・・・
あれほど攻略本読めば読むほどびっくりするゲームもないよな。

189 ななしのよっしん2011/06/12(日)21:52:41ID:4t3svNPpvK
ツーソンからハッピー村に行くあたりが、最初の難関だった
PP吸い取られまくるし、パチンコ当たらねぇしよ

190 ななしのよっしん2011/06/13(月)03:33:23ID:s3TRmcIiJr
関連項目に岩田聡(現任天堂社長)が無いとは何事。
MOTHER2は岩田さんがほぼ0からプログラミングしてるというのに。

191 ななしのよっしん2011/07/04(月)16:45:27ID:rnmTORGZ3s
「あれ」には吹いた。
みんながあれあれいってあれって何？って聞いてもあれだよとしか答えてくれなかった。　　実際に会ってみたらマジであれだった。

192 ななしのよっしん2011/07/11(月)22:53:25ID:69kv6cV0+W
>>184
スーファミの方のギーグはどくへび持っていけば一応倒せたはず

193 ななしのよっしん2011/07/18(月)15:28:27ID:Lk9lwFYHXb
小さい頃、はえみつが消えてしまって最初からやり直した記憶がある。
なんだったんだろう？

194 ななしのよっしん2011/07/19(火)11:55:00ID:O0sqKd1sdX
MOTHER2のデバッグルームってヒント屋とかCD男とかいるのな。

195 ななしのよっしん2011/07/19(火)15:15:42ID:l3/bt9g/P2
チラ裏なので適当にスルーしてくれ






３もいいけど、２の戦闘曲も結構いいよな。
名前ないからなんて呼べばいいのかわからないが。
ちなみに自分は

1.まきへび戦
2.ポリスマン戦
3.お前の場所戦
4.ストロング署長戦
5.デヘラー戦
6.マニマニの悪魔戦
7.エナジーロボ戦
8.ゲップー戦
9.スターマン戦
10.おにいさん戦

という風に呼んでいる。
今思えば、名前の決まっている戦闘曲は
「イナクナリナサイ」だけだったか

196 ななしのよっしん2011/07/31(日)02:59:00ID:ydBEW0asRw
一定確率でHP0から復活できるアイテム使って失敗した時の台詞が好き
ザオラルで失敗した時はイラつくけど「だめでした…」て言われたらなんか怒れないw

197 ななしのよっしん2011/08/02(火)19:46:22ID:848PuWfhcH
ネスのあくまがマニマニのあくまと同じ見た目なのは
マジカントもムーンサイドも実在しない場所で共通してるからなのか、
それともネスがもっとも邪悪に感じた存在が投影されているからなのか…
MOTHERシリーズは考察のしがいがあっていいね

198 ななしのよっしん2011/08/05(金)22:33:31ID:sUZ1w2dsTb
あれ
あのあれ
メタルアレ←これはMOTHER3だっけ？　これらには結構なインパクトを受けた。
らんぼうなしんじゃ、彼らは何を信じていたんだろうね。青く塗れば幸せになれる、だなんて。そしてあの村にテレポートできない。

199 ななしのよっしん2011/08/21(日)15:45:17ID:NLry7VWfGs
単純にマニマニの悪魔の影響じゃね？

そういや和歌においてマニマニ（まにまに）は「～の思いのままに」等の意味がある。

意図したであろう糸井さんの引き出しの多さに脱帽。コピーライターなら引き出し多くて当然かもしれんが

200 削除しました削除しましたID:xHOPdQRZDY
削除しました

201 削除しました削除しましたID:xHOPdQRZDY
削除しました

202 削除しました削除しましたID:xHOPdQRZDY
削除しました

203 削除しました削除しましたID:xHOPdQRZDY
削除しました

204 ななしのよっしん2011/09/04(日)12:53:05ID:HJKKRAgGzG
スターマンって助走しないテレポート使ってくるよね
ネスやプーもそれくらい軽々できるんだろうねやっぱ
テレパシーの他にもネスはテレキネシス、ポーラは未来予知もどき、
3のヒメはサイコメトリーっぽいこと（テレパシー？）とかエネルギー弾発射とかしてたし、何でもアリか
カッコつけるならやっぱりPKサヨナラかな
また　いつか　あおう！　→　もう　きてくれたのか！

205 ななしのよっしん2011/09/24(土)03:56:55ID:4idp/z77WQ
>>195
２戦闘曲はメロディが弱い分聞いてて飽きない

206 ななしのよっしん2011/10/11(火)15:45:35ID:9SC1cfNqrz
>>199
マニマニって "Money money"のことじゃないか

207 ななしのよっしん2011/11/05(土)21:27:10ID:NvyOpedQgQ
くろごまとしろごまとか攻略に関係ないけどおもしろいNPCが多い。
なんどか掲示板ででてるけどひみつのたからばこはいい本だよね。
あとSFC版でふしぎなキャンディにこなざとうかけた人、先生怒らないから手を上げなさい。

208 ななしのよっしん2011/11/05(土)22:21:08ID:848PuWfhcH
>>207
キャンディーバグでパーティ全員バカみたいなステータスにしてLvもMAXだったのに、
ジロリンガ+スターマン・センゾのコンビに全滅されられたときは笑ったわ
ブレインショックΩで全員ヘンにされたとき確実に対処できる方法が存在しないんだよね

209 ななしのよっしん2011/11/14(月)02:15:52ID:GivJbUaiS/
>>208
それでIQを255超えさせる（オーバフローして0にする）と、ブレインショックが実質効かなくなるんじゃなかったかな。
さいみんじゅつが効きやすくなるのが問題だが、ヘン状態でフレンドファイヤーよりマシ…なはず。

てか、ジロリンガなんぞフリーズΩ（+スーパーバズーカ保険）で始末できね？

210 ななしのよっしん2011/11/20(日)12:42:15ID:BSd8JoA9lT
金や宝石を渡すイベントがなにげに好きだ。
欲望むき出しの大人がおもしれえ

211 ななしのよっしん2011/11/21(月)12:28:21ID:oDyvrXcehb
>>210
さつたばをトンズラのメンバーに見せると・・・

ダイヤモンドを見せても反応がないのはご愛嬌ｗ

212 ななしのよっしん2011/11/23(水)23:21:46ID:R32EAS6/vO
ところで『カッコイイと思うもの』何にした？
俺『SMAP』な

213 ななしのよっしん2011/11/24(木)08:09:54ID:NvyOpedQgQ
最初は友達から借りたからキャラクターそこそこ知ってたので「PKどせいさん」にしたなあ。

214 ななしのよっしん2011/12/16(金)10:19:31ID:avXlEKpLPp
ブロリーMADの影響もあって、PKデデーンにしたかな。プレイしたのは、GBA版です。

215 ななしのよっしん2011/12/17(土)03:41:44ID:OLMtNjx2xS
「PKにしきの」だった。
とんねるずの番組に出ててな、当時な・・・。

216 ななしのよっしん2011/12/19(月)22:52:44ID:heP3lhXHqY
ブルーブルー



タイトル:らんぼうなしんじゃ
        画像をクリックして再生!!
      
      
ほめる

         
      


記事内参照用URL :

217 ななしのよっしん2011/12/23(金)04:45:29ID:6TSa+l+TY9
海外版出てたのか。3と同じでハックロムだと思ってた
1は海外で出てたんだし2も出てるのは当然っちゃ当然か

218 ななしのよっしん2011/12/23(金)11:36:56ID:gvgbnB60kq
1の海外版は作られたけど未発売ですよ

219 ななしのよっしん2011/12/25(日)17:59:49ID:reQR0Unkn/
>>sm1969992
sm1969992
ここみるとマザー信者がキチガイみたいに暴れてるけどどうなん？
未プレイ者にキチガイとかいっちゃう人ばっかなん？

220 ななしのよっしん2011/12/28(水)21:44:28ID:fStetSXk4S
>>219
キチガイ信者が暴れるなんてのはマザーに限った話じゃないだろう
むしろわざわざ報告に来ちゃうのも大抵アレな人間だな

221 ななしのよっしん2011/12/29(木)00:28:48ID:RwjSxYPBzx
>>sm16520434
sm16520434
エンディングだぞ、泣けよ
>>sm16547534
sm16547534
エンディングすらないぞ、泣けよ

222 ななしのよっしん2012/01/03(火)16:45:17ID:qtZYNxFULb
>>sm10861038
sm10861038
こういう動画があるから、たぶんMOTHER2のサウンドフォントがどっかに転がってるはずなんだけど…
◆ある？ない？
◆わたしには　ない。

223 ななしのよっしん2012/01/08(日)01:45:57ID:Ry3FPz+D7l
実況動画を見たからこりゃあおどろいた、粗方はしっている9 8 7 6 5 4 3 2 1 0 ドッカアーーーーン！！
んだけど、…ああ、びっくりした。実際にプレイした事がハロー！ そして…グッドバイするかい？
ないんだよニカッニカッ、ね…誕生日近いおはようございま…せん。
し、強請ろうか バーボンでもひっかけにいきましょうぜ！な（・ω・｀）

224 ななしのよっしん2012/01/08(日)15:01:00ID:NLry7VWfGs
>>223
「ムーンサイド」にハロー！そして…グッドバイ

するかい？
はい　▼いいえ

225 ななしのよっしん2012/01/08(日)17:48:30ID:NLry7VWfGs
記事読んでて思ったんだが「音」がヒントになる場面って具体的にどこだったっけ？

226 ななしのよっしん2012/01/14(土)04:28:35ID:O0sqKd1sdX
>>225 例えばどせいさんが言う「3分まて」とかのセリフの後に出てくる怪しげな音とかのことかな

227 ななしのよっしん2012/01/14(土)04:31:33ID:O0sqKd1sdX
今気が付いたけどShelがこの記事編集してたのかｗ

228 ななしのよっしん2012/01/17(火)10:29:30ID:T0y3GVNqqD
警察の所長「子供はニンテンドウでもやってなさい」
不良「俺たちの仲間になるか？」選択技　はい「マザー2をクリアしてからな！」
何故か印象に残っている

229 ななしのよっしん2012/01/17(火)10:29:30ID:T0y3GVNqqD
警察の所長「子供はニンテンドウでもやってなさい」
不良「俺たちの仲間になるか？」選択技　はい「マザー2をクリアしてからな！」
何故か印象に残っている

230 ななしのよっしん2012/01/25(水)09:48:48ID:reZV7LtynJ
PKキムタクにしたやつ何人いんだろ

231 ななしのよっしん2012/02/09(木)10:46:20ID:VDPkO/e1f+
何気にTASが熱い

232 ななしのよっしん2012/02/10(金)22:45:47ID:HgqblHNTAh
>>sm16930849
sm16930849

233 あなのぬし2012/02/26(日)23:26:31ID:5uM9Vz68jj
「1番よりも！」
「No.2よりも！」
「No.3！！」
「これが俺たちの人生哲学！」
「モンクあっか！」

234 ななしのよっしん2012/04/05(木)13:56:59ID:yAFlD8YauC
久々にMOTHER2をプレイしてるけど、面白いなぁ。特にデヘラーとデヘヘヘヘラーは弱いわりに経験値をたくさん持っているから、レベル上げに最適なんだよね。おたずねものムシ（ドラクエでいうところのはぐれメタルのような敵）やレアおたずねものムシを倒すよりも効率がいい。

しかもMOTHER2はある程度レベルが上がると敵と戦闘しないで、敵に触れるだけで経験値がもらえるから、デヘラーとデヘヘヘラーはまさに犠牲になったのだ・・・

235 ななしのよっしん2012/04/05(木)15:33:13ID:NvyOpedQgQ
だがレベルを上げすぎるとマジカントで後悔する。プーの装備のためにスーパースターマン倒し続けてレベル99になってしまった俺が言うんだから間違いない。

236 ななしのよっしん2012/04/16(月)00:21:23ID:IKYHuv9Y2y
初見プレイの時に二回目のアンドーナツ博士の研究所の
エナジーマシンに気づかずに回復のためにフォーサイドに
テレポートした馬鹿は俺だけでいい


フォーサイドからテレポートで戻ろうとしたら
寄宿舎前にテレポート&目の前にドムーク・イージー、スイスイ、クルルーン…orz

237 ななしのよっしん2012/04/20(金)21:36:24ID:+SWMB+/K+5
てか5回ぐらいやったけど

ムーンサイドよりムのしゅぎょうのほうが怖い

238 ななしのよっしん2012/04/20(金)22:05:52ID:kgVsx2tGgu
GBA版で装備なしと言う縛りプレイやったことあるけど、
難易度はあまり高くなかったりする。理由はPSIとペンシルロケットが強すぎるから
苦戦するのはゆだんロボとネスのあくまぐらいだったり。
ネスの悪魔はネスが使えないサイコシールドを開幕はってるし、
まばゆい光を放たれたら高確率で即死だからまさに悪魔。
ゆだんロボも悪魔もインスタントガッツでSMASH連発を狙う戦法じゃないと勝てない。

239 ななしのよっしん2012/05/01(火)01:00:21ID:4idp/z77WQ
２は処理落ち以外完璧だった

240 ななしのよっしん2012/05/22(火)23:25:47ID:HJKKRAgGzG
ゆだんロボやクラーケンにはパラライシスが効くはず
実はボスの異常耐性が低いのよね
フラッシュ効くやつも多いし
ネスの悪魔にも効いたっけ

241 ななしのよっしん2012/05/23(水)06:43:51ID:NvyOpedQgQ
ピンククラウドのボスは確かフラッシュで即死だったきがする。

242 ななしのよっしん2012/05/29(火)13:54:19ID:Wx6jW1kGLQ
いいよなーこのゲーム
幼いころ読んだお気に入りの旅行記を読みなおしてるような気分で何度でも楽しめる

243 ななしのよっしん2012/06/18(月)05:55:40ID:Q0LGfiFgrV
子供の頃から今まででたまにプレイ（クリア）するゲームはMOTHER2だけだ
冗談抜きで100周以上はした
町の人と会話するだけで楽しい

244 ななしのよっしん2012/06/24(日)00:59:04ID:ThYusU+L0x
子供のころ
最初に手に入れた回復アイテムがバターロールなのだが
当時全く知らなくてロールケーキの親戚かと思い込んでたけど
大人になるとやっとバターロールのことを知ってちょっと恥ずかしい思いをした今･･･

245 ななしのよっしん2012/07/05(木)02:24:43ID:dge/cwjU9R
スノーウッド寄宿舎はストーンヘンジ突入時、宇宙人の襲撃イベントがあったに違いないと思うんだよね。
トニーがさらわれる展開もその方が自然だと思うし。結局ボツになって襲撃はオネットの方に変ったんだと思う。

http://www.1101.com/yomu/06king_05.html
スティーブン・キングのタリスマンを読んだ人なら納得して貰えると思う。
>>az4102193081
az4102193081
>>az410219309X
az410219309X 
ちなみにMOTHER3にも影響大。

246 ななしのよっしん2012/07/27(金)16:46:27ID:+tiSNZQUcX
小説をはじめて読んでみたが・・・
ゲームとあまりにも違いすぎてびっくりした

247 ななしのよっしん2012/07/27(金)16:57:46ID:X32tLeXrNv
小説は人によって好みが分かれそうな内容
個人的には合わなかったほう。

248 ななしのよっしん2012/07/31(火)17:23:25ID:VDPkO/e1f+
小説も気になるけどむくちをなおすほんを読みたいな

249 ななしのよっしん2012/07/31(火)19:22:52ID:iV6TjWx6xp
さっき火曜サプライズでサターンバレーのテーマが流れてたな

250 ななしのよっしん2012/08/02(木)08:37:51ID:nhUNLFq/Qy
フライングマンわざと倒して墓調べたら
すでに分かっていたかの様なことが墓に書かれててわらったｗ

251 ななしのよっしん2012/08/07(火)22:09:33ID:D0UJ/Bi73k
◆よくきた。

◆ここは　ヒウンシティの
   「はじまりのばしょ」だ。

◆しかし　いまは
 わたしのばしょだ。

◆うばいかえせばよい。

◆・・・・できるものなら。

◆きょだいラッタ　が　おそいかかってきた

252 ななしのよっしん2012/08/10(金)16:13:03ID:hfADhvrmfl
>>251
ああそういやBW2のヒウンに下水道があったな。
まさかこれもMOTHER2が関係しているのか…
たまたまかもしれないけど。

253 ななしのよっしん2012/08/13(月)01:35:04ID:zElHWZvnl1
初めてプレイする前、既に4コマ漫画見てて
なんとなくギーグの倒し方に気付いてしまった俺は負け組

254 ななしのよっしん2012/08/16(木)20:10:56ID:YojBJQDnDF
>>252
下水道のある階段からマグネットヒルっぽいところに出られるな

255 ななしのよっしん2012/08/25(土)00:16:16ID:aH0NembFxe
>>252 >>254
ちょっとSS見せてくれ　BW2持ってないんだよな

256 ななしのよっしん2012/08/26(日)09:56:18ID:4uz8+NrCDt
このゲームのコピープロテクトはかなり凝ってる。
まず最初にメモリの上限を調べて、それがあってない場合は警告が出て遊べない。
それを撤去すると遊べるには遊べるのだが、エンカウントが普通より上昇する。
それをも取り除いた場合、ギーグ戦でポーキーがしゃべってる途中でフリーズ。そしてデータが全部飛ぶとか。
ソースはここ。
http://tcrf.net/EarthBound

257 ななしのよっしん2012/08/26(日)12:01:32ID:MxzX1m+GaD
容量24M中8Mを音楽に割いただけあって、本当に音楽の質が高い。
作曲者の鈴木慶一氏と田中宏和氏も神だが。

258 ななしのよっしん2012/09/09(日)12:56:45ID:J9j76960/g
好きなもの：もりそば
は狙ってやったのか？

259 ななしのよっしん2012/09/09(日)13:08:58ID:bnKVHYz/aW
狙っても何も、当時のＳＭＡＰには普通に森くんいたし
脱退はゲーム発売の二年後だから悪乗りでも何でもないわけだが・・・？

260 ななしのよっしん2012/09/22(土)18:28:11ID:B8e3gZv6zt
ウー・・・
マンボ！

261 ななしのよっしん2012/10/01(月)15:10:34ID:hxdp2znfw9
サマーズで袖の下渡す時の会話が面白すぎる
袖の下がスースーするなー
　　　　↓
　　　いいえ
　　　　↓
えっ、宝石じゃないけど…
エッヘッヘ、私の袖の下に
おもりをつけろって、ですか。
私…見て見ぬふりをしますから
そのすきに入っていいです。
へっへっへ。

おもすれー

262 ななしのよっしん2012/11/03(土)01:43:09ID:lXOSFFb3ri
確かこのゲームに流れるSMILES&TEARSという曲が日ハムの今浪選手の応援歌になってたね。

あまりMOTHER2の事は詳しくないけど…。

263 ななしのよっしん2012/11/10(土)11:02:35ID:3PfbLAilLu
敵のネーミングが一々センス良いよな
おんしらずなイヌとかあつくもえるてきとか・・・

264 ななしのよっしん2012/11/10(土)19:05:13ID:LCQ/IzCSKv
これか。いいけど野球には合わないというかｗｗ
http://www.youtube.com/watch?v=cleOZOAZnjM

265 ななしのよっしん2012/11/10(土)23:07:21ID:bHeGW72ipy
エイトメロディーズで優しく暖かいイメージが付いてるけど
ちょっと寄り道すると相当ブラックだったりする、
ネスのお隣さんは幸せと言い難いのがシビアだ。

266 ななしのよっしん2012/11/12(月)22:57:07ID:4idp/z77WQ
普通に進めても十分ブラックだと思うよ

267 ななしのよっしん2012/11/20(火)22:44:55ID:TTO8l2ITaf
Mother2で、主人公の好物を『はえみつ』にして、はえみつをどれだけ使ってもなくならない回復アイテムに使用ともくろんだ人ってどれくらいいるんだろう?
ちなみに効果はなかったし、お母さんの台詞『ポーキー君ははえみつだいっ嫌いだったわね。』という台詞が身にしみた。当たり前だよって突っ込んだよ……

268 ななしのよっしん2012/12/01(土)22:40:56ID:rHEKi3OFFO
今twitterでポーラのギーグ戦の「いのる」のセリフが流行ってるらしいね

269 ななしのよっしん2012/12/18(火)22:36:51ID:4idp/z77WQ
戦闘背景とＰＳＩの幾何学模様が好き

270 ななしのよっしん2012/12/23(日)17:44:00ID:OdSaC2NVIB
グレイトフルデッドスリークゲップーデパートムのしゅぎょうクラーケンまきょうその他諸々・・・
何度も心をへし折られてやめたけど結局EDまで行った初めてのRPG
パスワード無くしたりオーブ見つからなかったりですぐに挫折していたこの俺がだよ
むちゃくちゃおもしろかったわこのゲーム

271 ななしのよっしん2013/01/07(月)20:31:58ID:HMlC8YCzQG
小さい頃に、いつもはゲームを規制してくる親から渡されたのがマザー２だった
その数年後に３をやって続編がないことをひどく悲しんだ
その１年後に１をやってみた
将来の夢はマザーみたいなゲームを作ることって思ってた
今は…

272 ななしのよっしん2013/01/08(火)18:54:00ID:7s72Jmn/Ye
>>sm19413477
sm19413477
フランクさま

273 ななしのよっしん2013/01/14(月)17:12:33ID:bHeGW72ipy
このゲーム、モブの台詞がいちいち濃くて好きだ。

274 ななしのよっしん2013/01/15(火)01:19:48ID:qshQlOApCH
>>sm19779438
sm19779438

275 ななしのよっしん2013/01/23(水)23:39:34ID:4idp/z77WQ
VC！！！

でも点滅表現とか際どいセリフとかカットされてないか心配ではある

276 ななしのよっしん2013/01/24(木)00:35:05ID:/fOzaKnMUM
我が家のWiiU購入が決定しました

277 ななしのよっしん2013/01/24(木)09:20:09ID:4fnU7+zjE+
VC発表おめでとう！！

3月に30円セールだっけか 待ち遠しいな

278 ななしのよっしん2013/01/24(木)21:51:57ID:ThYusU+L0x
>>275
変更前
ポーラちゃん　ゆうかいはんのキンタマけりあげたんだってね　すごいや
変更後（１+２）
ポーラちゃん　ゆうかいはんのこかんけりあげたんだってね　すごいや

細かい下品なところの台詞がけっこう多いから変更は無くてオリジナルだと思う。

体力少なめの時にお前の場所での回復時に即座にBボタン押してステータスの体力メーターがカシャカシャ上昇していったのが見ていてなんだか不思議と気持ちよかった。アドバンス版だとすぐメーターはMAXになってたから
配信が一番うれしい。
あと今後の初代MOTHERは配信は難しいよね喫煙敵キャラ結構いたし
長文スマソ

279 ななしのよっしん2013/01/26(土)18:39:11ID:J8TzxTiN3Y
ついにＶＣ来たな！
ＷｉｉＵだがな！

280 ななしのよっしん2013/01/27(日)16:35:31ID:LdggHkwbl1
WiiUを買った俺に死角はない！
コミュニティもできるからフレンド増えそうで楽しみだわぁ

281 ななしのよっしん2013/01/28(月)05:25:18ID:h3uzAeMTRs
ぽえーん！まざーつーふっかつさい！

282 ななしのよっしん2013/01/28(月)18:50:08ID:esfEVeke5D
wii UでのVCを買おうと思ってるけどこれって前作していなくても大丈夫なの？
今のうち前作を買おうか迷ってるんだけど

283 ななしのよっしん2013/01/28(月)18:56:46ID:jtoWeLkBci
全く問題ない

284 ななしのよっしん2013/01/28(月)21:25:31ID:ThYusU+L0x
むしろ２を遊んでから初代の方をやったほうがいい

285 ななしのよっしん2013/01/29(火)04:46:59ID:h3uzAeMTRs
ピクミンみたいなものかな

286 ななしのよっしん2013/02/01(金)14:20:08ID:XvDPLCtk9y
任天堂のゲームは純粋な続編少ない気がするな
世界観は一緒とか前やってなくても問題ないパターンが多いような

287 ななしのよっしん2013/02/14(木)15:40:49ID:iV6TjWx6xp
◆どうしたことか？！

◆まことに　おきのどくですが

　３ばんの　ぼうけんのきろくは

　きえてしまいました…。

こんなメッセージがあったのか…

288 ななしのよっしん2013/02/15(金)13:25:14ID:ThYusU+L0x
>>287
どうやったら見れるの？

289 ななしのよっしん2013/02/15(金)21:35:19ID:iV6TjWx6xp
>>288
データが消えたら出るらしい
バグらせた動画で見た
MOTHERやMOTHER3もこんなのなんだろうか…

290 ななしのよっしん2013/02/17(日)21:02:54ID:4idp/z77WQ
データが消えた云々のメッセージは大抵のＲＰＧにあるよ
最近のなら１００％近いんじゃないかな

291 ななしのよっしん2013/02/17(日)22:03:08ID:rHEKi3OFFO
すんませ～ん　MOTHER2　ふっかつさい　が　ＭＯＴＥＨＲ２　ふっかつさい　になってます
プレミアムの人編集お願いします

292 ななしのよっしん2013/02/22(金)09:46:07ID:bHeGW72ipy
よく「可愛い」って言われてるけど
かわいこぶってるゲームってイメージがある、
たまに隠し切れずモロに黒い面が出てくる(ギーグとか)感じが。
こんな言い方だけど何十周もした数少ないＲＰＧ。

293 ななしのよっしん2013/02/27(水)04:58:38ID:iV6TjWx6xp
どくへびでギーグ倒せるのはvcだとどうなるんだろ…
と思ったけどそれはGBA限定だったかｗ

294 ななしのよっしん2013/03/15(金)18:08:16ID:qVqszDbq8S
ふっかつ祭！ふっかつ祭！

295 ななしのよっしん2013/03/15(金)23:21:24ID:ThYusU+L0x
ミーバースコミュニティもう出来ていたんだね
糸井さんの投稿はMOTHER2コミュニティの隣の「その他のコミュニティ」を押してね

296 ななしのよっしん2013/03/19(火)08:35:54ID:Jn2YT6PjhZ
いよいよ明日か…
待ち遠しいな。1も配信してくれないかな…

297 クラケン2013/03/19(火)18:27:05ID:0XC4UZcyLJ
>>sm20286418
sm20286418
ＭＡＤ等にどうぞ。

298 ななしのよっしん2013/03/20(水)00:43:31ID:Jn2YT6PjhZ
やっとVCでMOTHER2ができる！！

299 ななしのよっしん2013/03/20(水)05:24:41ID:YojBJQDnDF
深夜のノリで記念に一枚
しかし何故俺は騎馬戦で描こうとしたんだ…
    
      




タイトル:ＶＣ発売！
        画像をクリックして再生!!
      
      
ほめる

         
      


記事内参照用URL :

300 ななしのよっしん2013/03/20(水)17:46:41ID:6YFt2AnORb
>>299
グミ族かわええ・・・

301 ななしのよっしん2013/03/20(水)23:06:24ID:ThYusU+L0x
>>299
貴方はとらんきりてのえむさんですか

･･･ってくらいうまいです！

302 ななしのよっしん2013/03/21(木)10:06:39ID:+BN1G1LwaE
>>299
ジェフくんの所から崩落しそうだ……いや、ポーラさんが重いわけでｈ＜フリーズΩ

ほんとーに久々にプレイしたが、やっぱり良い。会話が面白いっていいよね。
通常攻撃ってこんなに外したっけ？　でもSMA(ry)SHもそこそこ出るからバランスは取れているのかｗ
UFO相手に外しまくった挙句アイテム無し＆PPも乏しいのに風邪っぴきにされた時はキレそうになったけど。
後はあのバグは健在なのかな…ステータス激上げで遊んだなぁｗ

303 ななしのよっしん2013/03/21(木)15:27:18ID:dEzdyGOhNw
ゲームセンターCXのWiiU配信版で有野課長が挑戦したのを見たが、面白かった
子供のころにプレイして以来だが、もっかいやりたいと思わされたわ

304 ななしのよっしん2013/03/21(木)15:37:58ID:D+dZJBl9Xb
900円が今だけ30円らしいな
ついwiiUに手が伸びそうになったが、どう考えても罠だったｗ
SFCはまだ頑張れるし、GBA版も持ってるし大丈夫大丈夫

305 ななしのよっしん2013/03/21(木)18:16:27ID:h3uzAeMTRs
ポーラちゃんはまたぐら蹴り上げたってなってた　すごいや

306 ななしのよっしん2013/03/21(木)19:03:07ID:iV6TjWx6xp
途中まで有野の挑戦見たけど「おまえだけのばしょ」って少し間違ってるよな…
FEと同じでこのゲームのことも忘れてたし

307 ななしのよっしん2013/03/22(金)06:28:31ID:5euBeUUY8/
やべぇやりてぇｗ元々Ｕ買う予定だったし早く買わねば

308 ななしのよっしん2013/03/22(金)09:16:29ID:+BN1G1LwaE
ぬな。CXリリースされてたのか…真っ先にDLだけしたから気付かなかったｗ
後で見よう。
>>304
GamePadでごろ寝プレイとか最高よー？

309 ななしのよっしん2013/03/22(金)18:27:50ID:Jn2YT6PjhZ
VC一通りやってみたけど、台詞はBGA版のものに変えられていたね。
対象年齢とかのためだろうけど少し残念。

310 ななしのよっしん2013/03/22(金)19:26:42ID:Jn2YT6PjhZ
>>309
間違えた。
×BGA→○GBA

311 ななしのよっしん2013/03/26(火)14:41:52ID:E0wgObY+Ww
>>308
それはGBAで(ry

312 ななしのよっしん2013/03/26(火)17:05:22ID:ThYusU+L0x
ブンブーンの便所バエ
墓石格安セールがオネットのお気に入りだったけど
まずいわな

313 ななしのよっしん2013/03/26(火)18:29:33ID:NvyOpedQgQ
人生で一番周回したRPGだなあ。SFCとGBAあわせて二桁は周回してる。ふしぎなキャンディバグはGBAでは修正されてた。

314 ななしのよっしん2013/03/26(火)20:42:00ID:ThYusU+L0x
>>313
そのキャンディバグのやり方教えて？？
VCでもできるんかいな？

バグ系はどうにも
最低国のあなぬけネズミで脱出のバグとかも
ちっとも成功できんかった

315 ななしのよっしん2013/03/26(火)22:30:37ID:NvyOpedQgQ
まずふしぎなキャンディとこなざとうを目いっぱい持たせる。
（仲間になったばっかりのプーがいい）アイテム整理でふしぎなキャンディを一番アイテムの下にもってくる。
フォーサイドにいるタクシー一体と戦闘。パラライズかける。あとは戦闘中にふしぎなキャンディを使いまくる。
こなざとうがあるかぎりふしぎなキャンディが何度でも使えるバグ。GBA版で修正されてたから治ってるかもなあ。有名なバグだったし。
ちなみにこれでIQとバイタリティ上げまくると次のレベルアップでHPとPPがやばいあがる。
マザー2のHPPPアップは前回のレベルの時のバイタリティIQと差があるほど一度にのびるみたい。

316 ななしのよっしん2013/03/26(火)22:51:01ID:+BN1G1LwaE
>>311
Pad画面の大きさとまるごとバックアップがある！（ﾄﾞﾔｯ
>>315
お、解説だー。
ですね。LvUP前後のVt、IQとの差で上げ幅が決まるから、思いっきりステータス上積みしてLv上げると、高レベルとか関係なしに一気に上がる。…はず。
4桁行くとHPが「094」とかになったなぁｗ
そうか、修正されてる可能性が高いか…。

317 ななしのよっしん2013/03/26(火)23:28:33ID:O0sqKd1sdX
マイナーだったのかどうかはわからんけど、TASでやってた壁抜けバグはVCでも普通に使えたな

318 ななしのよっしん2013/03/27(水)01:00:58ID:ThYusU+L0x
>>315
ありがと出来たわ、スーファミでだけど

>>316
まじ！？四桁行けるの？999で最高かと思ってた

319 ななしのよっしん2013/03/27(水)09:30:19ID:+BN1G1LwaE
>>318
うむ。私ののーみそが深刻な記憶違いをしてなければｗ
キャンディで調子に乗って増やしまくった挙句にHP表示がおかしくなった記憶は確かにある。…ので、つよさで表示上4桁表示されたかは兎も角、内部データ的に4桁は行った気がする。

…けど、思い返したら4桁突入で延々と伸ばせるわけではなく、999からの出っ張り分で打ち止めで、後はLvステータス差分があろうが上昇しない可能性が高い。
上手い事999直前で一度止めて、そこから思いっきり差分付ければ千数百くらいまで伸ばせるかも。

320 ななしのよっしん2013/03/27(水)14:16:07ID:qVqszDbq8S
ヒエログリフのとこで敵を倒さず進み、エンディングで敵が出て死亡させることで発生するバグはバーチャルコンソールでもある

321 ななしのよっしん2013/03/30(土)10:23:41ID:h3uzAeMTRs
バチャコンで初マザー2終わったけど、言われてるほどムーンサイドが怖くなかったなぁ。
スリークのゾンビとかストーンヘンジ地下のほうが怖かった。

あ、らすぼすさんは噂通りでした、ハイ。

322 ななしのよっしん2013/04/01(月)22:50:42ID:6fbYYDoQu/
ずっとやってみたかったけど今やってるゲームあるし取るだけ取っておいて暇できたらやろうと思ってたのに、今一番プレイ優先度高いゲームになってしまった。
なんだかプレイしてると不思議な気分になるゲーム

323 ななしのよっしん2013/04/04(木)17:28:57ID:8mvt6GNqOo
MOTHER2･･･
良いゲームなのは分かっているけど、敵に追われるのが怖くて未だにクリアできない、オネットから出られない。
こんなんでスリークやムーンサイドにいける気がしない、ラスボスなんかなおさら。

最後までプレイし通せた人って普通にすごいと思う。
どうやって進めていったの･･･？

324 ななしのよっしん2013/04/04(木)17:34:55ID:zZk4ZHkd76
>>323はシンボルエンカウント恐怖症か

でもこのゲームの敵シンボルは特徴的な動きするからな
UFO系のあの動きはまずかわせない

325 ななしのよっしん2013/04/04(木)23:08:04ID:ThYusU+L0x
>>324
確かにユーフォー系の動きはヤバイ、一瞬でもこっちが背後を向けるとシュッと近づいて赤になることがよくあった。
なんとかうまくかわして即座に緑にするのはわずか一瞬・・・

スターマンならワープ時に左方向に向きっぱなしだから背後タッチが簡単だけど、センゾ以降はキャラのシンボルがユーフォー系になるんだよねぇ・・・

326 ななしのよっしん2013/04/05(金)00:23:43ID:rHEKi3OFFO
>>323
気持ちはわかる家に幼稚園の頃からあったのに初めてクリアしたのは高一の頃だったからな
最初の巨大アリのダンジョンの時点で駄目、スリークで血の気が引き、ムーンサイドで親父の陰に隠れ、ギーグの一歩手前の地形で気持ち悪くなった
まぁ、大人になればできるようになるさ
ちなみに一番好きな道具はペンシルロケット20

327 ななしのよっしん2013/04/05(金)15:06:56ID:8mvt6GNqOo
>>324
>>325
このゲームの敵シンボルって、まさにそれらしい動きをするんだよなぁ。
自分は敵に当たって、他の周りのヤツらがザザーって集まってくるのがもう、うわぁってなる。
>>326
ありがとう、なんだか勇気出てきたw
今度また改めて落ち着いてプレイしてみる。
かれこれ幼稚園から始めて、これで何回目の挑戦だろうかw
でも頑張ってみる

328 ななしのよっしん2013/04/06(土)15:02:03ID:l1RYuMpEmd
WiiUのVCでアイテム無限利用確認できた
ドーピングすげえな、もりもりあがる

329 ななしのよっしん2013/04/07(日)01:06:24ID:HJKKRAgGzG
IQとバイタリティでHPとPPが決まるからね
ドーピングしまくるとエライことになる

330 ななしのよっしん2013/04/07(日)01:08:45ID:ThYusU+L0x
ネスの最大HPがいっきに86アップ！

ファッ！？

331 ななしのよっしん2013/04/18(木)01:13:35ID:0aIaSt26+o
マザー2、海外配信決定したんだな。Miiverseのマザーコミュがが外人達の祝いコメで埋まってるｗ

332 ななしのよっしん2013/04/18(木)01:23:19ID:rHEKi3OFFO
じゃあ謳い文句は「おとなも　こどもも　おねーさんも　がいじんさんも」に決定だな。

333 ななしのよっしん2013/04/18(木)01:33:37ID:wMy6QhDDD1
なんか外人さんは大人でも子供でもおねーさんでもないような言い方で嫌だなｗｗ

334 ななしのよっしん2013/04/20(土)20:50:14ID:h3uzAeMTRs
せかいの　おとなと　こどもと　おねーさんへ

335 ななしのよっしん2013/04/26(金)18:56:01ID:m4zrNmJ0JM
結局VCやスマブラXでmother2だけハブられた理由がわからんかったな
今回の配信に変更点でもあったらわかるんかね

336 ななしのよっしん2013/04/28(日)23:09:30ID:EeqWIillJ5
>>334
なんか感動した

337 ななしのよっしん2013/04/29(月)19:03:05ID:qVqszDbq8S
スマブラXでマザー２がハぶられる？マザー２のみの楽曲が無かったってこと？マザー２の専用楽曲は環境音的なのが多くてスマブラで使い辛いのが多いし大変だったんじゃなかろうか

338 ななしのよっしん2013/04/29(月)19:13:53ID:qshQlOApCH
>>335
普通に考えてみろ
スマブラＸの時点でMOTHER２のすべてのネタを出してしまうと
スマブラ新作以降のMOTHER2ネタが無くなるだろ
つまりマンネリかリストラの道に走ってしまうことになる
特にMOTHERシリーズは完結しているから丁寧に扱わないといけない
わかったか？

339 ななしのよっしん2013/05/07(火)02:08:32ID:4idp/z77WQ
権利関係が大きいんじゃないの？
それと表現的にまずいのを変えるのが面倒だとか

340 ななしのよっしん2013/05/17(金)11:13:52ID:6YFt2AnORb
オリジナル展開満載と名高い小説版だけど、序盤は割と原作通りだったよな

・・・スリークまでは。

341 ななしのよっしん2013/05/28(火)21:05:19ID:QjoafyJUCp
母２ってヤク中文化マンセーな世界観で正統派気取りなのが怖い
テキストも無理に変わった事言おうとしてたりいろいろまともじゃない

342 ななしのよっしん2013/05/28(火)21:10:16ID:ago3Oy7tu3
そうなんだ、すごいね

343 ななしのよっしん2013/05/28(火)22:03:18ID:QjoafyJUCp
終始キノコでトリップしてるようなゲームをキワモノと自覚できない人達ってすごいよな･･･
比較的まともな１や３によく分からない粘着してるし

344 ななしのよっしん2013/05/29(水)17:56:23ID:Jn2YT6PjhZ
そうなんだ、すごいね

345 ななしのよっしん2013/05/29(水)18:09:37ID:QjoafyJUCp
荒らす事でしか反撃できないのが母２なんだよね

346 ななしのよっしん2013/05/29(水)19:07:16ID:6AiXTgyVDu
初代知ってる人から見ると結構アレだよね

347 ななしのよっしん2013/05/30(木)21:49:54ID:hxdp2znfw9
マザーシリーズ自体和やかな様で狂気が全編練りこんであるよーなシリーズ
ムーンサイドみたいな判りやすいのじゃなくて
そもそも糸井重里自体かなりアレ…そのキワモノと呼べるような人間だし
一番人気の高い２を子供の頃やってる人が多いからなのかしれないが
まあとにかく改めて大人になってやると妙に怖いシーンとか意外と多い

348 ななしのよっしん2013/06/02(日)02:09:53ID:QjoafyJUCp
シリーズで一番売れてない自称人気ゲーって悲しいな
３叩きで集団ヒステリー起こして周りが見えてないだけでしょ

349 ななしのよっしん2013/06/02(日)20:11:33ID:rHEKi3OFFO
そうなんだ、すごいね

350 ななしのよっしん2013/06/02(日)22:20:57ID:NvyOpedQgQ
ぐんまけん

351 ななしのよっしん2013/06/03(月)19:06:34ID:QjoafyJUCp
定型文で荒らす事しかできない所は３叩きで暴れてた時から何も成長してないな

352 ななしのよっしん2013/06/09(日)23:36:55ID:ShsnQHXs+N
釣り針でかすぎ

353 ななしのよっしん2013/06/13(木)18:06:17ID:qVqszDbq8S
ぽえーん（個人的な意見で３は好きですが、これはスルー）

354 ななしのよっしん2013/06/15(土)09:30:35ID:ShsnQHXs+N
>>320
ネスがホモに迫られる謎のエピソード追加したり
ポーラが完全に別人だったり
ジェフのオリジナルエピソードを長々とやったり
プーがかなり空気だったり(これは原作もだけど)
ポーキー関連のあんまりすぎる改変もまぁメディアの違いを理解しろ、ってことでわからなくもない

だがマジカント丸々カットだけはいただけない

355 ななしのよっしん2013/06/16(日)00:50:12ID:HMlC8YCzQG
>>354
なに？なんかマザーシリーズに動きがあったらしいけどどうせ新作が出るわけでもなし、焼き増しだろうてスルーしてたが
違う点があるのか
俄然興味がわいてきた

356 ななしのよっしん2013/06/16(日)02:05:48ID:Jn2YT6PjhZ
>>355
小説のことじゃない?
多分、>>320じゃなくて>>340にレスしたかったんだと思う

357 ななしのよっしん2013/06/16(日)12:41:33ID:fFYIOZ12TI
>>354
久美沙織の原作改変はただの趣味だと思うよ。DQの小説でもやってる
俺はそれでもDQの小説は結構好きだったけど、MOTHER2はもうちょい抑えろよと思った

358 ななしのよっしん2013/06/17(月)18:50:48ID:1V4fKgE0XL
子供の頃ラスボス戦の「いのる」でカーペインターとモノトリーが登場しなかったことに妙に納得がいかなかった
まぁマニマニの悪魔が原因とはいえ酷いことしたからか

359 ななしのよっしん2013/06/23(日)02:18:04ID:qTuFzTIdo2
ID: QjoafyJUCpの気持ち悪さ

360 ななしのよっしん2013/07/11(木)04:24:04ID:s98P7HHl0u
>>323
エンカウントで画面真っ赤になるのは確かに怖かった
あのころにもどりたい

361 ななしのよっしん2013/07/13(土)23:09:15ID:itGh+5RGoJ
今日ニコ生でやってる人のプレイ見てたら
ふしぎなフライパン一発ツモしてて爆笑したｗ

362 ななしのよっしん2013/07/17(水)02:12:01ID:BV2SCYrRd3
小説版のプーはそんなに空気じゃないし
キャラ改変あんまりされてない分かっこいい
ジェフ関連は微妙だったけど他は文章面白くて読みやすいから結構好き

363 ななしのよっしん2013/07/20(土)01:09:16ID:Z4muPHOult
ファンの声援で欧州が初のリリースなんだって、だが全年齢対象からＥＳＲＢの審査で、オカルトに下ネタやエロ表現他、事件物な描写やゾンビ犬が一適血を垂らしている？のが原因か「Ｔｅｅｎ１３歳以上」と注意書きが示されているが、そのインパクト性を楽しむべきだと決まってるのです！

364 ななしのよっしん2013/07/30(火)10:41:01ID:8C9UGVVQrc
小説版は１だとニンテンが、２だとポーラがイメージとかなり違った。

365 ななしのよっしん2013/08/03(土)22:26:25ID:bTTbpW5ejO
GBA版は史上最低レベルの出来とか言ってる人いるけど
そこまでひどい？音源が微妙なだけじゃねーの？
内容同じなのに評論家気取りで「こんなのはmother2ではない」とか叩いてて気持ち悪い

366 ななしのよっしん2013/08/03(土)22:35:25ID:XrnciVjILp
ちょっとだけ会話の内容も変わってなかったけ　まぁBGM関連はMOTHERのみならず劣化したら叩かれてるゲームは多いからね　まぁそういうこと言ってる奴はだいたい懐古厨だから無理に気にしない方がいい

367 ななしのよっしん2013/08/08(木)00:14:33ID:1V4fKgE0XL
先にGBAでプレイして何年かしてからSFCの方もプレイした
SFC版やってる間はGBA版との違いを感じつつもそれほど気にならなかった
だけどSFC版クリアした後にもう一度GBA版をプレイすると叩かれてる理由が理解できた
それでも宇宙人系の戦闘BGMとPKフリーズのSEだけはGBA版の方が好き

368 ななしのよっしん2013/08/14(水)17:57:42ID:X32tLeXrNv
移植としてはかなり出来のいいFF5Aも一部の音は劣化していたことを残念がる声はあるからなあ
全否定する人は流石に見かけないけど

369 ななしのよっしん2013/08/19(月)02:50:11ID:bHeGW72ipy
戦闘画面で動き続けるサイケなアニメーションが
記憶に残っている、それまで戦闘画面のバックと言えば
戦っている場所の景色だったから余計に、
ＧＢＡから入ったクチだから原曲を聴いた時
こんな音だったのか…と聞き比べる楽しみができた。

370 ななしのよっしん2013/08/21(水)23:52:05ID:bTTbpW5ejO
一番最初の町だから、ONE（ワン）をいじってローマ字読みしたのがオネット

二番目は「ツー」ソン
三番目は「スリー」ク
四番目は「フォー」サイド

今更気が付いた………

371 ななしのよっしん2013/08/22(木)00:42:16ID:ThYusU+L0x
>>370
看板も読まないと「マザー通」とは言えないぜ
…なんちて

372 ななしのよっしん2013/08/22(木)19:17:56ID:bTTbpW5ejO
オネットからフォーサイドまでしか徒歩では移動できないんだっけ

373 ななしのよっしん2013/08/31(土)23:55:38ID:h3uzAeMTRs
マザー2、19さい。
すぎちゃったけど、おめでとう。

374 ななしのよっしん2013/09/01(日)01:13:04ID:qVqszDbq8S
>>370
５つ目の街としてファイバレなる場所が作られる予定だったらしい（ソースはとある生放送）

375 ななしのよっしん2013/09/05(木)01:51:43ID:4idp/z77WQ
>>366
あれは劣化移植じゃなくて、やっつけ仕事かプログラマの音感不足か、そんな感じだな
劣化とは意味合いが全然違う
まあ、ＶＣが出た今となってはあまり意味のない話かもしれんが

376 ななしのよっしん2013/09/05(木)21:18:11ID:XXn4tVZ91w
>>sm17418880
sm17418880

377 ななしのよっしん2013/09/05(木)21:31:41ID:rzH30XrO32
>>375
GBAやDSのSFCの移植をいくつかやったけど
SFCを再現しようとするとどうしても再現できない音が出てくるんだと思う
VC配信記念のイベントによれば曲ごとに専用の音源を用意しているらしいし
それをGBAで完全再現するのは無理でしょう

378 ななしのよっしん2013/09/13(金)11:12:18ID:bHeGW72ipy
昔は「なんでオレンジの方がモテるんだ？」と思ったが
ゴミが散乱した部屋、ペットがネズミ、意味わからん発明品、
本人もドットから察するに肥満、これでモテる要素なんて
無いよなあと最近納得するようになった、
成長したのか見え方が変わったのか。

379 ななしのよっしん2013/09/18(水)12:04:22ID:AWRfeYiXFW
プレイヤーからすれば200$投資した結果ががゆで卵を生卵に戻す研究とグレオレマシーンだから印象悪いけど
そもそもオレンジキッドの方も嫌な奴じゃないし、
アップルキッドは結果は出してるけど一般人からすれば誰得な発明だし、初対面相手に「何かたべものください」じゃあモテなくてもしょうがない。

380 ななしのよっしん2013/09/21(土)14:15:12ID:bHeGW72ipy
超能力を幾何学模様で再現するのにはかなり影響受けた、
テクノやサイケに興味が向いた要因の一つがこのゲーム。

381 S_F__◆kwy/Kgn1ik2013/09/21(土)14:22:15ID:YlvGDrgdEu
なんとなく思い出したのでピコってみた
    

      



タイトル:牢屋（イースター？）



ほめる




記事内再生用タグ:

382 ななしのよっしん2013/11/01(金)22:03:44ID:qshQlOApCH
この間、NHKでポケモンをやってた
それで石原恒和がトラウマのゲームはMOTHER2らしいね
今でも電源を入れてプレイできない、つらい作品らしい
悲しいわ・・・

383 ななしのよっしん2013/11/13(水)00:48:46ID:mHtU7DUQ8Q
悲しいけどトラウマになるのは解る気がするわ
ムーンサイドはいわずもがなだけど、
過去へ行く前のアレとか怖くて悲しくて半べそかきながら進んで、
ギーグ戦の初見は本気で怖くて怖くて、暫くは夜寝れんかった

こんな狂ってて優しいゲームは無いわ

384 ななしのよっしん2013/11/18(月)19:12:40ID:HJKKRAgGzG
ん？いや、石原氏がこのゲームをトラウマというのは「開発が頓挫した」という意味でじゃないか？
そこにプログラマーいわっちが颯爽と駆けつけてもう全部あいつ一人でやっちゃったよ…という逸話があるんだったよな

385 ななしのよっしん2013/12/05(木)07:30:17ID:Q0LGfiFgrV
MOTHER2っぽいRPGがやりたい
良い意味で無駄が多いゲーム
無駄に多い回復アイテムやゲームの進行上必要ないNPCの会話
最近のRPGは洗練されているRPGばかり

386 ななしのよっしん2013/12/08(日)21:16:30ID:wbIaPsU8QA
ゲームの中でお金で買えないものなんて愛と友情と経験値くらいと
言われたが、経験値を買えるゲームも結構増えたな！
ゲーム事情も色々と変わったもんだ。

387 ななしのよっしん2013/12/09(月)08:04:18ID:ThYusU+L0x
>>386
激しく同意w

388 ななしのよっしん2013/12/09(月)21:59:28ID:xl++5YzAFs
MOTHER2のシンボルエンカウントというとサターンバレー前の洞窟でどうせアリの派生だろ～と思ったらアレだったのが一番びびったな

>>385
自分が知ってる範囲だとアクションだが大神とか。やらなくていいけどやると和むイベントの多さと、ＮＰＣの無駄に多く設定されたリアクションには定評があると思う
会話が面白いゲームとなるとmoonが話題に上がってたの見かけたな
自分は遊んだことないから詳しくは分からないんだが、愛着の湧くＮＰＣが多いらしい
もしMOTHER2のようなノリで遊べる作品あったら自分もやってみたいわｗ

最近のハードのゲームは一挙一動仕込むのにも膨大な手間がかかるらしいから
ノウハウや余裕がない中でそういう遊びの部分は削られるしかないんだろうなぁ

389 ななしのよっしん2013/12/14(土)03:59:55ID:6YFt2AnORb
>>385
メタルマックスとかどうよ？

390 ななしのよっしん2013/12/26(木)22:32:48ID:Z4muPHOult
昔、お茶かコーラのおまけに付いてたフィギュアキーチェーンで、商品化してたが、今回初のガチャでストラップが、発売されるんだってさ！

391 ななしのよっしん2013/12/27(金)00:12:48ID:rHEKi3OFFO
>>390
どこ情報やそれ！！
買い占めるから詳しく教えてーな！！

392 ななしのよっしん2013/12/27(金)12:53:46ID:Jn2YT6PjhZ
>>391
多分、これ
ttp://www.presepe.jp/item/p0073781mother2-200%25e5%2586%2586%25e3%2582%25ab%25e3%2583%2597%25e3%2582%25bb%25e3%2583%25ab-%25e3%2583%2595

ネス達のフィギュアストラップが出るのは嬉しいけど、
1や3のキャラクターも出してくれればいいのになぁ

393 ななしのよっしん2013/12/27(金)13:02:47ID:Jn2YT6PjhZ
間違えました。すみません
適当に検索して出てきたのを載せときます

ttp://www.presepe.jp/item/p0073781mother2-
200%25e5%2586%2586%25e3%2582%25ab%25e3%25
83%2597%25e3%2582%25bb%25e3%2583%25ab-
%25e3%2583%2595

アマゾン等でも今月の28日に入荷するみたい

394 ななしのよっしん2013/12/30(月)00:24:52ID:rHEKi3OFFO
>>393
ありがとー！！

395 ななしのよっしん2013/12/31(火)20:26:46ID:Z4muPHOult
様々なフィギュアショップを検索して行ったら、数年前にクレーンゲームの景品でＭＯＴＨＥＲフィギュアコレクションが偶然、まんだらけに一般発売してたんで購入できちゃったんだけど。

396 ななしのよっしん2014/01/22(水)08:01:54ID:rF4ozlYHgE
割とこまめに回ってたけど大阪近郊全然なかった…梅田の店員に聞くと稼働１時間で瞬殺だったらしい…
そもそも全体的に入荷数少なめで再販もなしってMOTHERグッズはいっつもプレミア化するなあ

397 ななしのよっしん2014/02/02(日)20:35:38ID:KkFgMwzFOw
ゲームで印象に残ってる台詞の数で言ったらダントツだなあマザー2
街の人の台詞を一番覚えてるゲームだと思う
プーといちゃいちゃしたがる女の子とか、バナナだけ売ってる人とか
基本的に喋る動物達とか、犬も人も夜は寝るもんだぜ。寝ろよ！とか
あげてったら省略されるまで延々書けるなあ
いいゲームは何時までも思い出として残るもんだなと思う

398 ななしのよっしん2014/02/03(月)23:24:24ID:xl++5YzAFs
町の人の話が個性的だったのはヒントおじさんの存在も大きいかな
次に取る行動は彼に聞きゃＯＫだから、他の人は物語に全然関係ないこと喋っても平気だったし
あとゲームの世界観がおおむね世も末状態じゃないんで、話題がばらばらでも自然だった気がする

399 ななしのよっしん2014/02/05(水)07:00:23ID:/lr2M0PUGl
あの世界の人々は至極真面目に、しかし正気の沙汰とも思われない事を平気でやっている
その世界から一歩遠ざかって、超越的、純客観的に世界を観察できるプレイヤーは、
その狂気を如実に感じ、またいつでも気楽に興がって味わうことが出来る

ひるがえって現実世界について、自我を客観にまで閑却して観照を試みると、
私たちが普段常識として「把握」している積りの時間や空間についての概念が、
実は便宜上の約束事に過ぎない可能性を胚胎している事に気づくだろう

マザー２はいいゲームだ

400 ななしのよっしん2014/02/15(土)14:33:16ID:VaWfpRqqmo
>>399
おいおい、むずかしいいいまわしばかりして。
サマーズのストイッククラブにでもいりびたってるのか？

401 ななしのよっしん2014/02/16(日)18:28:48ID:XAEL2Cj6u4
ネタばらし上等なため行数稼ぎ↓
そして自己満足な考察なのでスルーしても蹴飛ばしてもいいのよ。










ファミコン版「MOTHER」のストーリー説明で、「くろくものようなかげ」が落ちてきたと説明されているけれども、果たして、単に巨大な宇宙船の落とした影だったのだろうか？
個人的には「くろくものような」という表現から、実際に"黒いモヤ"が街を包んだのかも、とも考えている。
"黒いモヤ"といったら、MOTHER2のラストバトルに於けるギーグの姿。
何が言いたいのかというと、MOTHERの時点でもMOTHER2の時点でも、ギーグの姿そのものは変わっていなかったんじゃないかなーという説を挙げてみたいのだ。
「キ モ チ イ イ」だなんだと、トラウマ演出をしている間も、実は黒いモヤの向こうで、宇宙人の姿をしたギーグがほくそ笑んでいたんじゃないかって…

402 ななしのよっしん2014/03/11(火)17:58:46ID:HJKKRAgGzG
フォーサイドってニューヨークなのか？

403 ななしのよっしん2014/03/30(日)02:56:37ID:Z4muPHOult
ドラクエの二番煎じみたいで知らん顔してたが、後で知った自分が誕生した年に発売されたＲＰＧなんで、3も発売は違えど1994年に発表だったし、2014年で初代25周年を迎えるついでに何かが起こる！？って夢見てるんですﾟ+.(◕ฺ ω◕ฺ )ﾟ+.

404 ななしのよっしん2014/04/12(土)18:34:38ID:04mR2If8xS
ドラム式バトルが初めてプレイした時斬新だったな。ああいうシステムのバトルって他にあるっけ？

405 ななしのよっしん2014/04/21(月)08:42:00ID:pXrwCxjg6V
MOTHERシリーズはドット絵ってイメージがあるけど別に糸井さんはドット絵にこだわってるわけじゃないみたいね
3がドット絵になったのはあくまでGBAのスペックに合わせた結果で64時代は3Dポリゴンだったし
もし3DSでリメイクまたは新作が出るならもうドット絵じゃなくなる可能性もあるわけで
ドットじゃなくなったらちょっと悲しいけど3Dなマザーもやってみたいなあ

406 ななしのよっしん2014/04/21(月)16:02:54ID:Wx6jW1kGLQ
お茶かコーラのおまけでついてたキーホルダーって確かコミュニティマートだかっていうマイナーなコンビニ限定だったんだっけ
最寄を探したら他県であきらめた記憶がある

ていうかなんでゲップーは頻繁にフィギュア化されるんだ？
いいキャラなのは否定しないが他にもっとあるだろｗ
スターマン系とかタコ系とかとかさぁｗｗｗｗｗｗ

407 ななしのよっしん2014/04/24(木)19:05:38ID:52Tv33+hqk
スマブラにマザー2の曲がほぼないのはなんでなんだっけ？

408 ななしのよっしん2014/04/27(日)18:04:38ID:qVqszDbq8S
マザー２の曲自体がメロディがはっきりしないのが多いからとか？
1と比べても特徴的な曲って少ないしね、ギーグ戦の曲は特徴的だけど

409 ななしのよっしん2014/04/28(月)00:48:34ID:52Tv33+hqk
でも1の曲2つ、3の曲4つで2の曲はなしってのはなぁ
まぁ1の2つの曲は2でも使われた曲だけど

マザー組の勝利ファンファーレも2のエイトメロディーズじゃなくて1のオープニングテーマになってるし
なんか理由がありそう…と思ったけどリュカが参戦したから単に変わっただけなのかねぇ

410 ななしのよっしん2014/04/28(月)01:22:03ID:5U+5k4wdVs
どう考えてもカスラックのせいだろ

411 ななしのよっしん2014/04/28(月)01:30:54ID:52Tv33+hqk
やっぱ版権か

412 ななしのよっしん2014/04/28(月)01:31:41ID:9u8vZkCBul
最近レスが書かれた掲示板から来たが
(単) MOTHER2 ギーグの逆襲 (410)  :  どう考えてもカスラックのせいだろ
が消えてるな

413 ななしのよっしん2014/04/29(火)16:36:20ID:qVqszDbq8S
消えてないけどね？

414 ななしのよっしん2014/04/29(火)18:32:50ID:52Tv33+hqk
消えてないな

415 ななしのよっしん2014/05/10(土)22:06:49ID:UnlPuTBYJU
映画化おめでとう！！
このゲームは愛されすぎだよｗｗ

416 ななしのよっしん2014/05/10(土)22:14:43ID:tGxn0SJNL0
映画というか海外のファンがドキュメンタリー作るのか
どんだけバイタリティに溢れてんだよあっちのファンww

417 ななしのよっしん2014/05/10(土)23:53:20ID:52Tv33+hqk
3が発売されたらやめるらしいな

418 ななしのよっしん2014/05/14(水)22:44:44ID:8mvt6GNqOo
ギーグの記事がパワーアップしている件

前から気になっていたんだけど、MOTHERシリーズのキャラデザしているのってやっぱり糸井さん？
としたらあのギーグ第二形態を描いたのも･･･？

419 ななしのよっしん2014/05/14(水)23:12:58ID:52Tv33+hqk
キャラデザは別の人
糸井がしたのはゲームデザイン

420 ななしのよっしん2014/05/15(木)22:29:13ID:8mvt6GNqOo
>>419
やっぱり別の人だったのか
SFCの取説にあるスタッフクレジット見たら書いてなかった記憶があったから、てっきり糸井さんかと

Wikiで調べてみたら、アートディレクターの大山功一って人がデザインしたってことであってるかな
あのギーグさまを描いた人が知りたくてさ･･･

421 ななしのよっしん2014/05/19(月)13:16:28ID:UnlPuTBYJU
友達から「ハッピーハッピー教の元ネタはｋｋｋだよ」と言われので
ググってみたら見た目がそのまんまでビックリした
MOTHER2って元ネタを見つける楽しさもあるからいいよね

422 ななしのよっしん2014/05/19(月)15:49:53ID:52Tv33+hqk
2の頃は糸井の遊び心というか、現実のパロディみたいのが多かった
3の頃にはもうその考えは変わっちゃったらしいけど

423 ななしのよっしん2014/05/19(月)15:57:43ID:lfnIlDCfpn
そうだね（他人事）

424 ななしのよっしん2014/05/20(火)10:29:44ID:5uM9Vz68jj
ネス「『MOTHER2を　おわらせてからきな！』だったか？ああ終わらせてきたぜ！
　てめー　むかしはずいぶんすき放題にコケにしてくれたじゃねぇか！エエッ！
　おれはけっこう　根に持つタイプでね・・・」

おちょうしものキッド「ハハッ・・・　じょうだん！だってばさぁ　ネスさんッ！ハハハハ・・・
　ちょっとした茶目っ気だよォ～～ん！たわいのないイタズラさぁ！本気にした？
　ま・・・まさか、これ以上殴ったりしないよね？ザコキャラだよボク
　フランクさまよりもずっと弱っちいし　もうすぐエンディングだから早く家に帰らなくちゃ　ハハハハ・・・」

ネス「もうテメーには何も言う事はねえ・・・」「・・・とてもアワレすぎて　何も言えねぇ」
オラオラオラァ！！　「ドベェーーッ」　　YOU WIN!!

425 ななしのよっしん2014/05/21(水)14:13:11ID:bHeGW72ipy
ムーンサイドやデパートの怪人より何より
どせいさんの喋り方に狂気を感じたあの日。

426 ななしのよっしん2014/05/21(水)15:38:22ID:HJKKRAgGzG
>>424
せっかくテレキネシスが使える設定もあったんだし使ってほしかったな
格闘するタイプのパワフルなサイキッカーがネスだと思うし
スマブラはちょ～っとイメージに合わなくてな～あれは勿論良いものなんだが

427 ななしのよっしん2014/05/27(火)23:23:04ID:OLj/Mq+RiV
マジカントにいる間ってホームシックになりやすいのは気のせいか？
毎回電話かけてたのに
エデンの海少し前あたりでよくホームシックになったんだが

428 ななしのよっしん2014/05/28(水)22:51:05ID:VvPD6L4Qvz
ブンブーンってなんなんだろうな
・未来人
・隕石はブンブーンの飛行船？
・昔からギーグの事を知っていて計画の邪魔をしてた
・英雄
・お前だけの場所を知っている
・音の石を持っている
・昔は虫では無く地球人だった？

ネスの冒険中に10年前のブンブーンに出会ってないよね
語尾の「じゃ」も不自然だったし何者なんだろうな

429 ななしのよっしん2014/05/30(金)21:09:22ID:2vqjbfGBnC
ブンブーンはギーグによって大変なことになった未来から来たけど、ネス達がギーグを倒したら大変な未来はなかったことになるよね？
ブンブーンがもし生きていて最後までいたらどうなってたんだろう

430 ななしのよっしん2014/05/31(土)00:31:38ID:52Tv33+hqk
>>429
エンディングで自宅のチビに喰われる

431 ななしのよっしん2014/06/01(日)01:02:08ID:Z2+y5Gzn9p
>>430
それはヒドい

432 ななしのよっしん2014/06/01(日)08:42:59ID:NvyOpedQgQ
ひみつのたからばこの検証だとブンブーンも強力なサイキッカー（実際サイコシールド使える）でレジスタンスみたいなことやってて英雄だったけどギーグどうにかするには過去からしないとだめだっつってどせいさんと協力してスペーストンネル使う。
でも同じような欠陥があってネスたちはロボットだったけどブンブーンの方はサイズの問題で虫にならないと使えなかったとか。そういう仮説してたな。

433 ななしのよっしん2014/06/09(月)18:11:06ID:xtQFvH/VcY
意外とプレイヤーが関与しなかった世界のネスかもしれないな
旅のきっかけはオープニングのギーグによる攻撃で町が崩壊したとか
まあ、結局そういった妄想でしか語れないんだけどね

434 ななしのよっしん2014/07/08(火)19:31:54ID:x9PRscSFiy
某ＲＴＡ風動画に惹かれてプレイ始めたが、良ゲーの匂いがプンプンするぜ・・・

435 ななしのよっしん2014/07/14(月)13:29:19ID:Z4muPHOult
説明書やクレーンゲームとストラップの景品であるスタンドフィギュアが、秋にガチャで発売されるんだってさ！

436 ななしのよっしん2014/07/18(金)03:20:35ID:5T0Vt9t0OY
最低国の名前ってどこで出たっけ？
記憶にないなあ・・・

437 ななしのよっしん2014/07/18(金)23:30:23ID:SgRqc5Pym3
シュガーラッシュ見て思ったんだけど日本語版のMOTHER2のアルファベットや数字はアーケード風の書体だね

438 ななしのよっしん2014/07/21(月)15:43:01ID:9jrl3AEjCn
本編中で最低国と言う名称はでない
普通に確認できるのは攻略本だけだ

439 ななしのよっしん2014/08/06(水)03:38:04ID:xtQFvH/VcY
ネスって擦り減ったギターピックを持ってるっぽいけどギターが弾けるのかな？

440 ななしのよっしん2014/08/11(月)17:37:10ID:xTTwnwaNUK
ついにバーチャルコンソールでダウンロードした
やっとポーラ救助した所だけど凄く楽しい
古いゲームなのに古く感じ無いのが素晴らしいと思う

441 ななしのよっしん2014/08/27(水)00:04:22ID:IfKkRFZvLr
20周年おめでとう

442 ななしのよっしん2014/08/27(水)14:58:22ID:kVz4DDU+pU
◆MOTHER2が　にじゅっしゅうねんをむかえたときいてね、
いてもたってもいられず　おいわいしにきた…　というわけなんだ。

◆…とくに　てみやげとかは　もってきてないんだけどな。

443 ななしのよっしん2014/08/27(水)20:12:52ID:tmKbfENb2l
２０周年おめでとうのカキコ

444 ななしのよっしん2014/08/29(金)19:51:41ID:O0sqKd1sdX
>>sm24336129
sm24336129

実機でブンブーンの延命ができることが発見されてるぞ

445 ななしのよっしん2014/09/03(水)18:03:52ID:bgB2hqjLRZ
やっとマザー２、７週目終わったぜ。

446 ななしのよっしん2014/09/14(日)13:58:41ID:kEknIItTDM
スマブラ新作のステージとBGMに歓喜ｗｗｗ

447 ななしのよっしん2014/09/18(木)23:47:52ID:guFZO2VTsL
マザー系キャラがまさかの完全リストラか？なんてスマブラ発売前は
心配してたけど、蓋を開ければ、ネスは隠しでもちゃんと続投、
ステージもBGMも一新して、スターマンはアシストフィギュアになり
フィールドスマッシュではそのスターマンと、まさかのデビルカー登場と
リストラを覚悟してた分、優遇レベルに思えてくるほどの待遇だｗ

448 ななしのよっしん2014/09/19(金)00:44:16ID:m4zrNmJ0JM
Xで音楽がポシャった件を思うと夢のようだ

449 ななしのよっしん2014/09/21(日)12:52:46ID:rCD4+ptHx5
すっげぇ今更だけど
オネット、ツーソン、スリーク・・・って、one,two,threeなんだな

450 ななしのよっしん2014/09/21(日)17:04:28ID:ySxIYXJ79C
今回のスマブラBGMほんと素晴らしいよな
サウンドテストでもう何度も繰り返し聞いてるよ

451 ななしのよっしん2014/09/23(火)22:27:26ID:jaA1Rkhvse
ポーラが二次創作だとかわいいのにプーの扱いどういうことなの・・・

452 ななしのよっしん2014/09/24(水)17:28:16ID:8mvt6GNqOo
>>451
プー王子が好きでスマブラの新キャラでも期待していた友だちがいるがやっぱり少数派なんだな･･･
マザー2自体１のリメイクだしプーの扱いが不憫なのは仕方ないのかもしれない･･･

453 ななしのよっしん2014/09/24(水)19:32:50ID:qVqszDbq8S
>>449
そして「Four」side
5番目のファイヴァレなる場所も予定されてたけどボツになったそうだ

454 ななしのよっしん2014/09/27(土)13:55:25ID:xl++5YzAFs
プーが仲間になるのはその数字の街の先なんだよね。舞台が異国に移り変わるところ
起承転結で言えば転の部分というか、ここから雰囲気変わったなぁと思った

しかしそういう雰囲気変えの役割背負ってるせいなんだろうか
プーはあのメンバーの中でどんな感じか想像しづらい面があるように思う
下手に派生作品に出すと「キャラ違うだろ」ってツッコミ来そうで怖いポジションだなとか考えてしまった

455 ななしのよっしん2014/09/28(日)02:35:51ID:H5Z28Pm6Q1
プー、人格が成長しきってるから動かしにくいんだよね
そこで何かプーと絡ませられるような人物とかストーリー上の壁とか変な持ちネタがあればいいんだけど特になくて・・・
二次創作しにくいキャラだと思う。
逆にジェフはストーリー上成長していくし修理とかペンシルロケットとかネタがあるから動かしやすいかなー。ポーラはその、女の子だから色々と、ね。

456 ななしのよっしん2014/10/09(木)19:55:54ID:S/XEDU386X
スマブラにネスのバージョン違いでニンテン出してくれないかな
ほんとはポーラ、ジェフ、プーに出てもらいたいんだけど

457 ななしのよっしん2014/10/09(木)22:42:54ID:nyRz7cTamD
エンディング中に道具屋の看板を使うと「ありがとうカンバン!さようならカンバン!」と表示されるが
アイテムにまで、感謝と別れの言葉を伝えるゲームが他にあっただろうか。
こういう細かい気配りを怠らないのも感心した。

458 ななしのよっしん2014/10/13(月)16:28:04ID:iKY/nC8MnY
ttps://www.youtube.com/watch?v=-hVuv7mDNqM
直リンするのもアレだけど、これは・・・あぁ

459 ななしのよっしん2014/10/14(火)22:19:47ID:dEwhYvoVZV
時々始めからやりたくなるんだよなぁMOTHER2。
またやりたくなったぜ。久々にネスたちと冒険しに行くか

460 ななしのよっしん2014/10/27(月)00:44:06ID:pZtSV29RCy
洞窟とかでよく聞くフレーズ




タイトル:洞窟とかでよく聞くフレーズ



ほめる




記事内再生用タグ:

461 ななしのよっしん2014/10/30(木)01:39:07ID:kVz4DDU+pU
>>460
印象深いよなこのフレーズ
なにげに戦闘曲とかにも使われてたり

ガチャのMOTHER2スタンドフィギュア全種揃えたー
…なんでMOTHER系のグッズはプライズ品ばっかりなんだろう…普通に売ってくれないかなぁ

462 ななしのよっしん2014/11/08(土)16:46:59ID:iLJrJAhkOT
オネット＆スノーマンの新アレンジだ!!
→https://www.youtube.com/watch?v=Sb4UXyj6CiI

463 ななしのよっしん2014/11/08(土)19:08:52ID:NvyOpedQgQ
オネット名物ゴミ箱のハンバーガーはどうだい

464 ななしのよっしん2014/11/14(金)11:04:53ID:nLpHOVpuNO
https://www.youtube.com/watch?v=-hVuv7mDNqM
こんなMADが今でも作られてるってすごい愛されてるな

465 ななしのよっしん2014/11/19(水)18:30:26ID:6YFt2AnORb
>>464
すげぇぇぇぇ

466 ななしのよっしん2014/11/19(水)18:42:40ID:kggxjVCMm7
>>464
教育番組感あって好き
しっかり3への伏線はってるのも愛を感じる

467 ななしのよっしん2014/11/22(土)21:34:54ID:B2PrIJhRhg
>>sm24963301
sm24963301
ツーソン辺りから凄くいい。
こういうマッシュアップ系の曲好きだな。

468 ななしのよっしん2014/12/02(火)07:11:00ID:kVz4DDU+pU
>>464
これはいい！すごく！
この手のタッチはMOTHERによく合うな

469 ななしのよっしん2014/12/03(水)00:29:50ID:alh+Q2cqqO
マザーはいつか子供にやってもらいたいからハードとソフトは保管してるｗほんと大好きだ！

470 ななしのよっしん2014/12/13(土)01:01:55ID:eJqJ3sinfs
初めてプレイしたのは小学生の頃だが、
最初のカッコイイものを「うんこ」にしてしまい、
「PKうんこ」を覚えて絶望したのはいい思い出。

471 ななしのよっしん2014/12/13(土)03:17:55ID:ThYusU+L0x
>>470
ひでえwww

472 ななしのよっしん2014/12/19(金)21:17:12ID:0q1J8fVOB2
一般的にRPGのモブキャラってゲーム進行のために存在してるってこともあって親切な人が多いんだけど、このゲームに出てくる人たち、特に大人はちょっと嫌味な人や、あからさまに邪険に扱ったり、子どもには理解できないと思って適当なこと言ってネスたちを見下したりする人がいて、あらためて遊ぶとそこら辺がリアルだなぁと思ったw
確かに現実でも大人ってのは子どもに対していい人ばかりじゃないよなぁ、と

473 ななしのよっしん2014/12/20(土)09:52:17ID:Fjxdm2j11c
>>470
自分で決めたならまだ良いじゃないか。俺は姉に決められた上に「PKことばぜめ」だぜ？ｗ罵詈雑言の使い手が世界を救うって最悪だよｗｗ
ちなみに好きな献立は「にわのくさ」だった。帰る度にさ、ママが庭の草食べてゆっくり休めって言うんだよ。シュールったらないわ

初プレイは高校の時だったけど、歳取ったり子供ができたりしてから改めてプレイしたら印象も変わるんだろうなぁ
ゲームバランスとかシステムとか粗はいっぱいあるのに、それでもこれだけ面白いんだから凄いと思うよ

474 ななしのよっしん2014/12/20(土)14:45:50ID:pXrwCxjg6V
1の話だけどMOTHERの攻略本で好きな献立をみそにしたことをネタにしてる4コマがあったな
吉田戦車だったかな

475 ななしのよっしん2014/12/23(火)14:11:56ID:6YFt2AnORb
>>472
大人は子供になれるRPGってそういう事なんかね

476 ななしのよっしん2015/01/16(金)23:29:46ID:8mvt6GNqOo
このスレ見てる人は知ってるだろうけど糸井さんも>>464の動画をツイッターで「しゅごいですのだ」ってコメントしてたんだね
ニコ動にも上げられてるけど愛がすごいわ

477 ななしのよっしん2015/01/18(日)18:09:07ID:qdSGzSRSFv
そーいえば今年Mother系がドキュメンタリー映画化するんだっけ?

ちょっと興味ある

478 ななしのよっしん2015/01/19(月)14:24:37ID:Vz048WoWSY
主人公たち世界救うためにメカにされて、最悪のラスボスと戦わされて
本当に絶望的状態だと思った。
旅で出会った人達の想いで勝利し戻ってきたんだ、あの解放されて気持ちと日常に戻った達成感は忘れない。

479 ななしのよっしん2015/01/25(日)04:16:18ID:VCnNHAMy2Y
さっきクリアしてきた。ラストバトルの絶望感ハンパなかったわ・・・
そして最後の自分もネスたちと一緒に戦ってるあの演出は感動したな。MOTHER３やるわ

480 ななしのよっしん2015/01/25(日)21:06:55ID:0q1J8fVOB2
>>464で挙げてる動画初めて見たけどこりゃすごいわ…
そのまんま「みんなのうた」で流しても違和感ないレベル

481 ななしのよっしん2015/01/28(水)22:11:19ID:xfMMye5YEy
オレンジキッド君
研究成功おめでとう

482 ななしのよっしん2015/02/02(月)02:55:53ID:kVz4DDU+pU
MOTHER２から20年か…そこまでの月日を要してやっと研究成果が出たんだなｗ

アップルキッドなら3日くらいでできそうなのは黙っておこうｗ

483 ななしのよっしん2015/02/02(月)02:58:59ID:04mR2If8xS
昔動画でオレンジキットの発明が成功したらとんでもない発見だっていうコメントがあったけど、本当にできるとはなぁ。初めて聞いたときは何の役に立つんだよと突っ込んだけど、何か役に立つ結果に繋がるといいな。

484 ななしのよっしん2015/03/06(金)18:04:16ID:HJKKRAgGzG
電子書籍で安く久美氏のMOTHER2小説が読めるとは思わなかった、ありがたい
まあ挿絵はないみたいだからイケメンジェフとかは見られないけど

485 ななしのよっしん2015/03/07(土)18:03:13ID:04mR2If8xS
>>484
MOTHERの小説は持ってるけど、挿絵なかったから元からないんじゃない？
しかし、電子書籍で2の小説売ってるのか。中古探してるけど見つからないし、電子書籍手を出してみようかな。

486 ななしのよっしん2015/03/14(土)04:05:54ID:GivJbUaiS/
>>484-485
両方持ってるけど元から挿絵は無いね。
子供心にはサマーズでの酔ったポーラから滲み出るエロスは辛かった（股間的な意味で）

487 ななしのよっしん2015/03/29(日)17:03:05ID:qnUXZPlsrT
2は話が淡々としててポーラ達も加入すると事務的なことしか喋らないのが寂しい
小説版買えば良かったと後悔してたわ

488 ななしのよっしん2015/04/14(火)05:22:11ID:4idp/z77WQ
最近になってストーリーが大真面目に作られていることに気づいて感心した
2が一番王道なんだな

489 ななしのよっしん2015/04/22(水)04:43:37ID:rq3EGVmmoz
motherの小説は作者が偏執的なレベルで私情入れ込んで改変してるから
はっきり好悪が別れるけどね
ジェフの義足設定とかは不快だったわ

490 ななしのよっしん2015/04/23(木)14:40:33ID:wjITqq4gql
>>489
俺も苦手。ポーラもプーも違和感あったけど、
ジェフの追加要素がダントツで意味不明だった
ドン引きしつつ最後まで読んだけど、贔屓の仕方ってもんがあるやろ・・

491 ななしのよっしん2015/04/26(日)11:49:04ID:VJFtrGwhF4
特にニコニコ等動画みて知った気になってる中高生に多いけど
この手の昔のゲームってマンセーがキモいんだよなあ　ほんとコメントが生理的に無理だわ

492 ななしのよっしん2015/05/04(月)18:24:36ID:rPPzQGme1Q
実家の物置整理してたらひみつのたからばこを発掘
紛失したと思ってたから嬉しさもひとしお
GW中にじっくり読むぜぇ

493 ななしのよっしん2015/05/17(日)00:54:40ID:8mvt6GNqOo
おまえのばしょって子供の成長過程とか子供にまつわるものを表してるんじゃないかな

ジャイアントステップ→初めて立ち上がる
リリパットステップ→歩けるようになる
ミルキーウェル→ミルク、母乳
マグネットヒル→おもちゃのつみき
ルミネホール→自我の目覚め
レイニーサークルとピンククラウドとファイアスプリングはわからないが…

494 ななしのよっしん2015/05/26(火)11:55:24ID:sUDIeHwKRc
>>491
その気持ちわかるわ
あんまり神神言ってたら神って言葉の重みがすっごく安っぽく感じてうさん臭くなるよね
自分もMOTHER2は素晴らしい作品だと思ってるけど軽々しく神神言ってほしくない

495 ななしのよっしん2015/05/28(木)03:41:29ID:GivJbUaiS/
>>493
　レイニーサークル⇒夜泣き（哀しみ）
　ピンククラウド⇒眠り（安らぎ）
　ファイアスプリング⇒叫び（怒り）
の、赤ん坊の行動による感情表現とかどうかなと思った

…レイニーがおねしょ、ピンクが幼い性の目覚めとか思ってしまったのはナイショだｗ

496 ななしのよっしん2015/05/28(木)19:23:24ID:qnUXZPlsrT
SFC時代に友達の勧めでやったゲームだけど
ギーグが結局何者なのかわからず終いだしポーキーはどっか行っちまう
面白いとかより純粋にその謎がこのゲーム思い出であり感想の大部分だった
消化不良で3を待ちわびたし1の移植をやるためにGBA買うぐらい魅入られてもいたし
それで少し納得した面もあるので2を単独で神ゲーと聞くとその点が疑問に思うのよ

497 ななしのよっしん2015/05/31(日)00:57:29ID:Dy/CrcjeRa
神ゲーかどうかなんて個々人の判断でいいだろ
今さら何言ってるんだ

498 ななしのよっしん2015/05/31(日)01:07:14ID:iS/Q9zY0xN
自分の評価こそ真の評価だ。開発者は俺の声だけ聴け。（代弁）

499 ななしのよっしん2015/05/31(日)13:29:25ID:5kIghxOV7e
パラライスの使い勝手の良さを知ってる人少ないだろうな

500 ななしのよっしん2015/05/31(日)15:48:08ID:52Tv33+hqk
>>493>>495
定説だね、自分が見たことあるのは
ジャイアントステップ→偉大な一歩、誕生
リリパットステップ→ハイハイ
ミルキーウェル→母乳、無償の愛
レイニーサークル→悲しみ、なみだ
マグネットヒル→様々な事象への好奇心
ピンククラウド→恋心の芽生え、好きという感情
ルミネホール→自分を見つめる、自我の芽生え
ファイアスプリング→自我の噴出、自己の確立
っていうのを見てなるほどなと思った

501 ななしのよっしん2015/06/09(火)14:25:56ID:t9FJopldpY
ガッツ論争起こると「未プレイ乙」とかいうコメント必ず流れてくるけど、わたし既プレイなのに忘れてたわガッツどうのこうの。
みんなよく覚えてるよな

502 ななしのよっしん2015/06/15(月)12:03:57ID:ea9GmB0FTn
>>470
俺は主人公のすきな献立をう○こ（原文ママ）にしたため実家に帰るたびにｶｰﾁｬﾝにう○こ食わされたよ・・・
当時まだうんこネタが効く年だったから一人でバカ受けしてたよね

503 ななしのよっしん2015/06/19(金)06:27:02ID:rq3EGVmmoz
小学生時代の初プレイでカッコイイと思うものを普通に語感で「フラッシュ」にしたせいで
その後味わったあの笑うしかない虚脱感忘れない

504 ななしのよっしん2015/06/28(日)01:07:50ID:MUJW/F1ih7
おにぎりあたためますかのBGMでサターンバレーから始まるMOTHER2メドレー流れた

505 ななしのよっしん2015/07/13(月)23:17:03ID:xgkBY2JTzp
岩田社長。ほんとうにありがとうございました。

506 ななしのよっしん2015/07/14(火)03:25:36ID:Q3IJ0yUmh8
せやね
社長このゲームのプログラム組んだんだよな

507 ななしのよっしん2015/07/16(木)20:55:43ID:kgVsx2tGgu
岩田社長が亡くなる前後の数日にGBAのMOTHER2を久々にやってた
奇しくも何かを感じ取ってたのかな・・・

だが社長は亡くなられても俺達の心の中（マジカント）にいるんだ

508 ななしのよっしん2015/07/20(月)12:05:42ID:kPG4PWohni
プレートストラップのガチャジェフが出なさすぎて3000円に少しかけるくらいのど偉い額を使っちまったぜ

509 ななしのよっしん2015/07/28(火)12:29:33ID:fkHunSLN5C
>>sm26803641
sm26803641

510 ななしのよっしん2015/08/02(日)01:01:22ID:rq3EGVmmoz
ガッツに関しては
数字が高い方が発動率が高いという誤解もあるよね
ガッツの数量が影響するのはスマッシュ発動率の方で
ガッツ発動率には関係ない（1でも255でも同じ）

511 ななしのよっしん2015/08/02(日)22:45:53ID:jI8pHIvnkr
オレンジキッドがついにゆで卵を生卵に戻すことに成功したと聞いて

512 ななしのよっしん2015/08/19(水)09:15:53ID:nyRz7cTamD
フォーサイドのデパート４階にいたガキ
「おれ、大人になったらエイプに就職して
　プログラマーやろうと思ってるんだけど、お前コネない？」

はい、いいえ　どっちに返答しようと
「あ、答えなくていいよ。
　お前なんかに聞いたおれがバカだった。」
こいつにポーキーよりも、怒りを感じたのはオレだけか？

513 ななしのよっしん2015/08/28(金)17:45:36ID:dJBJpGqyBO
まあ考えたのは糸井重里だけどね

514 ななしのよっしん2015/10/08(木)07:27:36ID:ThYusU+L0x
カービィのカードゲームが出るそうで
それに乗じてスロットブラザーズのカードゲームを1万で買ってみた。

まあ、一応「スロット」だし面倒だけど1個づつダイスを振ってみてる。
あらしのようなおおあたりでござるぜセニョール！

515 ななしのよっしん2015/11/21(土)17:26:08ID:pZtSV29RCy
ディレイ有り/無しを100回ずつ繰り返します
自分が今までやったRPGの回復系SEの中でもトップクラスで好き
あと若干音量低いです
    

      



タイトル:ネスは　カムバックした！



ほめる




記事内再生用タグ:

516 ななしのよっしん2015/11/28(土)21:59:58ID:3mQxymspDk
VCねぇ・・・
FEみたいにハードモードがあったら面白いのに

517 ななしのよっしん2015/12/03(木)00:05:53ID:Mjuk7wckZr
ひとつ気づいたことがあるんだけどさ
もし、好きなこんだてを「おやこどん」にして
ネスママやポーラママに話しかけたら…

518 ななしのよっしん2015/12/03(木)00:10:50ID:LBkx/mJfdm
>>517
好きな食べ物をポーラにした友人なら昔いた。

519 ななしのよっしん2015/12/18(金)00:18:01ID:nyRz7cTamD
フォーサイドの停電デパートステージは、本当に初見殺しだな。
あそこの敵は、今までと段違い過ぎて初プレイでは、あっさりやられた。

520 ななしのよっしん2015/12/18(金)00:42:30ID:nB5jvpVr51
>>519
コーヒーこぼされたりレコードが体当たりしてきたり眠らされたりとマジで厄介だったのを覚えてる
時折入る館内放送もじわじわSAN値を削られるし……

521 ななしのよっしん2015/12/18(金)21:42:14ID:NvyOpedQgQ
>>519
ついでに言えばその後のムーンサイドとかモノトリービルのゆだんロボもよく死ぬ

522 ななしのよっしん2015/12/22(火)11:57:21ID:VDBOccc2+f
>>sm27843628
sm27843628
こんなリメイク、絶対ほしい！

523 ななしのよっしん2015/12/26(土)20:30:18ID:pZtSV29RCy
http://dic.nicovideo.jp/mml_id/1311の二番煎じですが
メロディーが揃い、赤ん坊のときの記憶を思い出すシーンで流れる曲です





タイトル:エイトメロディーズ（記憶の底に）



ほめる




記事内再生用タグ:

524 ななしのよっしん2016/01/11(月)20:42:21ID:xM0PUiWQXN
>>519-521
あそこって砂漠である程度レベルあげてるのが前提だと思うんだよね。
でも普通にプレイしてたら砂漠は横切るだけでレベル上げなんかしないっていう。

525 ななしのよっしん2016/01/12(火)00:13:11ID:8mvt6GNqOo
Loftに行ったらほぼ日手帳のCAST売り切れてた…
どせいさん好きだからサターンバレーのでも問題なかったけど、やっぱりキャラクター勢ぞろいなのは人気高いんだね

526 ななしのよっしん2016/01/16(土)17:34:22ID:6YFt2AnORb
>>524
というかその前に埋蔵金ダンジョンあるけど
まぁそれでもデパートが鬼畜なのは変わらんか

527 ななしのよっしん2016/01/16(土)19:35:14ID:NvyOpedQgQ
一回経験したプレイヤーはデパートの前にフランクリンバッジを持つようになる。せめてギターだけでもと。

528 ななしのよっしん2016/01/20(水)00:37:56ID:rq3EGVmmoz
街中の施設だから復帰も容易だろうという事で強めに設定したんだろうなぁ

529 ななしのよっしん2016/02/03(水)08:28:11ID:zSQ5qRFPIK
デパート内の電話から外にでるまでにエンカして死ぬループに陥って
心折れそうになったなあ

530 ななしのよっしん2016/02/24(水)01:26:18ID:WldfLlcEh+
目隠し縛り始めたけど、数十週以上してるのに配置を全然覚えてないことに気付いた。オネットから出るだけで一苦労。
普通の縛りは大体やったから、これもイケるかもなんて酷い勘違いした。

531 ななしのよっしん2016/03/04(金)22:05:16ID:xeLFlZZDTI
MOTHER3の操作に慣れすぎてbボタンでダッシュしようとしてしまうw
3dsにVCが来てよかった wiiu持ってなかったもんで。

532 ななしのよっしん2016/03/05(土)08:01:16ID:ExTqdqJyMe
3DS版、音質とかどう？問題ない？

533 ななしのよっしん2016/03/05(土)18:53:25ID:bjsplSgZMq
こじつけかもしれないけど
舞台のイーグルランドってやっぱりアメリカじゃね？
アメリカの国鳥って鷲だし

534 ななしのよっしん2016/03/12(土)09:34:01ID:xeLFlZZDTI
>>532
問題ないと思うよ

535 ななしのよっしん2016/03/16(水)12:02:13ID:hfADhvrmfl
大爆発が厄介。
    
      




タイトル:わらいボール
        画像をクリックして再生!!
      
      
ほめる

         
      


記事内参照用URL :

536 ななしのよっしん2016/03/16(水)12:15:23ID:hfADhvrmfl
ついでにこっちも
    
      




タイトル:ぶきみボール
        画像をクリックして再生!!
      この絵を基にしています！

ほめる

         
      


記事内参照用URL :

537 ななしのよっしん2016/03/24(木)02:50:08ID:E4QJuukxh9
VCで久々にプレイ中だが三戦目でおうじゃのつるぎ出た
こんなに早く出るとはラッキー！…と思ったらホームシック発症
今回はダンジョン内ばかりで発症する…これで三回目だ

538 ななしのよっしん2016/04/08(金)18:27:29ID:nyRz7cTamD
バトル中に、たまに敵が「身構えている」「コチコチ言っている」「ぞっとするような笑いを浮かべた」とか
無意味な行動してくるけど、これも一種のユーモアなのかな？
そのおかげでラスダンのスターマンが、無駄に１ターン行動してくれるから、こっちも助かるが

539 ななしのよっしん2016/04/08(金)18:40:11ID:kgVsx2tGgu
>>538
大半は無意味な行動だけど例外もあるな
スターマンとかがやる「みがまえている」は敵版のガードで一応無意味ではない
ゆだんロボの「ばんそうこうをはりなおした」もサイコシールド効果もある
ただ「てまきずし」は回復の字幕あるけどフェイクのはず　
回復された後に少量ダメージ与えただけでトンズラ来たし

540 ななしのよっしん2016/05/05(木)21:58:00ID:h27pNKNSnX
>>533
アメリカ知ってるやつならすぐわかると思うが
100パーアメリカがモデルだよ

541 ななしのよっしん2016/05/31(火)00:50:07ID:WXBe+IJdXa
センゾはキアイγ+ファイヤーγ+バズーカ+ストームαで確死。
タコと出てきた場合も確死。
目玉と出てきた場合はフリーズに変える。
これだといずれかが生き残るが瀕死なのでたたく連打で充分間に合う。
これで安定するはず。誤算が生じるとすればキアイが運悪く外れた場合だが
かといってサイコΣもセンゾが先手を取るケースがあるし
何より目玉を生かすとダイヤモンドにされるリスクが付きまとう。
終盤オネットはキアイが当たる事に賭けるかサイコに賭けるかの二択といえる。

542 ななしのよっしん2016/05/31(火)00:52:34ID:WXBe+IJdXa
すまん２ｃｈと誤爆なんかどうかしてるわ

543 ななしのよっしん2016/10/09(日)11:59:31ID:s0KeVsao74
ギーグやムーンサイドがトラウマな人は結構多いと思うが、俺はダントツでスリークかな。
ハッピーハッピー村辺りが少し不穏な感じなのを除けば、大半の地域は明るくて楽しいんだが、ここに来てゾンビが出るわおばけは出るわ、昼間なのに暗いわBGMは不気味だわで、怖いことこの上なかった。

しかもその上にあの幽閉イベントだからもうな・・・

544 ななしのよっしん2016/11/02(水)00:05:06ID:fLBHBo8ibq
new3DSのVCで「どうせなら入り口でくどくど言ってたポリスマンも連れてこいよ、そいつと所長含めて7人抜きしてやっから」とか思いながら再プレイ中
ガキの頃は見逃していたネタの細かさに唸らされている模様

545 ななしのよっしん2016/11/03(木)06:24:54ID:fLBHBo8ibq
結果的に連投失礼

>>543
個人的には、その暗さや不気味さ、そして幽閉イベントからの
ジェフ登場→スカイウォーカーで合流→反撃開始、って流れがすっげーカタルシス感じると思うのよ
一度経験した筈なのに「ソラトブナニーカ(スカイウォーカーの曲)」が流れた時は昔と変わらず脳汁出た訳でして

546 ななしのよっしん2016/11/07(月)23:01:32ID:4idp/z77WQ
motherで2だけは時々遊びたくなる。いろいろ中毒性あるゲームだと思う

547 ななしのよっしん2016/11/08(火)17:31:42ID:cnf/zo0qrc
別段自由度が高いわけでも、別段大ボリュームなわけでもないのにしっかりと印象に残るのは名作の証よね
時事ネタチックな小ネタも結構多いしいわゆる世代の思い出補正的なのもあるかもしれないけど……

548 ななしのよっしん2016/11/10(木)20:31:11ID:fLBHBo8ibq
ねんがんのおうじゃのつるぎをてにいれるべく、まるごと保存を使った乱数調整に挑戦

スターマン・スーパースターマンの組み合わせでのエンカウントで
「さとりのべんとう(スターマンのドロップ品。確率はおうじゃのつるぎと同じ)」を落とすパターンは見つけたけど…

549 ななしのよっしん2016/11/11(金)04:16:52ID:fLBHBo8ibq
またしても連レス失礼
ねんがんの　おうじゃのつるぎを　てにいれたぞ！

上手い具合に「スターマンの方に接触して」エンカすればよかったのね
スーパースターマン接触だとさとりのべんとうしか出なかったよ…

550 ななしのよっしん2016/12/03(土)15:45:07ID:bbHkz1x7Uy
ゼノブレイドとメガテン4(イージーモード)しかRPGやってない自分としては結構きつい難易度に感じる
序盤のネズミの怒涛のsmashに何度もやられてるわ…

551 ななしのよっしん2016/12/27(火)01:18:50ID:rq3EGVmmoz
明らかに運次第というか「ゲーム性より作者が考え付いたネタを表現するのが優先」みたいな部分がところどころあるからね
たぶん作ってる方もそれ承知の上だから、デスペナが無いに等しかったり無料回復ポイントがやたら多かったりする

>>543
その分解決した後のスリークは解放感と別世界感が特別印象的
このゲームの世界観って「表向きは何も変わらない」っていうのが基本的スタンスだと思うけど
スリークだけは「世界を救う勇者」な感じにしてるね

552 ななしのよっしん2017/01/09(月)12:40:05ID:HMlC8YCzQG
リメイクして欲しいな～。このゲームのファンはリメイク反対派が多そうだけど、俺は糸井さんじゃなくても然るべき人になら現代のグラとかマシンパワーでリメイクしたのもやってみたいと思う

553 ななしのよっしん2017/01/09(月)12:54:49ID:i5IXe6ElRU
グラフィックはともかく、戦闘に手入れるのは難しいだろうな
普通ならキャラが動いたり演出が派手になったりするもんだけど、ドラムロールでそれやられると却って不利になるという
かといって演出中にドラム止まるのもテンポ悪くなりそうだし

554 ななしのよっしん2017/01/12(木)16:42:24ID:blXcaQ52zs
開発中止になった64版MOTHER3では敵が3Dでアニメーションする仕様だったみたいだから出来ないことはないんじゃない？

555 ななしのよっしん2017/01/12(木)18:25:31ID:04mR2If8xS
MOTHER2はリメイクとなると、マジカントの時のネスがネックになりそう。海外版では規制で全裸じゃなくてパジャマらしいけど、あの全裸ネスは自分の心と向き合う為に全裸になった意味がありそうだからパジャマとか服着てるとなんか違和感ある。
あと「あれ」とか「あのあれ」がどうなるか……。

556 ななしのよっしん2017/01/19(木)22:10:50ID:vj0M9UduAK
おうじゃのつるぎでないので気分転換に
絵が雑なのは多めに見てね
    
      




タイトル:ネスポラ
        画像をクリックして再生!!
      
      
ほめる

         
      


記事内参照用URL :

557 ななしのよっしん2017/01/20(金)21:35:36ID:vj0M9UduAK
前レスの誤字　多め→大目
やっとおうじゃのつるぎでたぁ
ついでにマッドタクシー乱獲してスーパースプレー手に入れたけど
ムシ系であるはずの「あのあれ」にダメージが入らない・・・
やっぱGだから生命力的な問題かなｗｗ

558 ななしのよっしん2017/01/23(月)20:30:13ID:vj0M9UduAK
めがみのリボンが出ないので気分転換に
センゾのスターストーム防ぐためにサイコシールド使うも
間に合わなくていつも気絶しちゃうかわいそうな子
ジェフ「ネス、キミの彼女が機嫌悪そうだよ」
ネス「キ、キノセイカナ・・・」
プー「最後までおっさんもどきのリボンは流石に嫌だろうしな・・・」
    
      




タイトル:ポーラちゃんお怒り
        画像をクリックして再生!!
      
      
ほめる

         
      


記事内参照用URL :

559 ななしのよっしん2017/01/30(月)15:10:30ID:vj0M9UduAK
連レスすんません
ギーグを９９でフルボッコにしたのであの４人を描いてみた
プーだけなんか雑な気が(というか全部雑)するのは気のせい
EDでポーラお持ち帰(ｒｙ



タイトル:MOTHER2クリア記念
        画像をクリックして再生!!
      
      
ほめる

         
      


記事内参照用URL :

560 ななしのよっしん2017/01/31(火)06:06:38ID:vj0M9UduAK
連　レ　ス　サ　ー　セ　ン
やっぱ素人が一発カキコなんてカッコつけたら不具合多発・・・
プー様、雑に描いてすみませんでしたｗ
    
      




タイトル:MOTHER2(修正)
        画像をクリックして再生!!
      この絵を基にしています！

ほめる

         
      


記事内参照用URL :

561 ななしのよっしん2017/02/09(木)22:26:04ID:vj0M9UduAK
流石に見た目バランスの悪さで苦情が来そうなので・・・
一発カキコはきついので今回は素直に２回に分けます
真ん中はお察し



タイトル:MOTHER２(描きなおしor下書き)
        画像をクリックして再生!!
      
      
ほめる

         
      


記事内参照用URL :

562 ななしのよっしん2017/02/10(金)02:04:35ID:vj0M9UduAK
今回は全体をまじめに修正
これで違和感がなければもう修正は(ｒｙ



タイトル:MOTHER2(ついに完成)
        画像をクリックして再生!!
      この絵を基にしています！

ほめる

         
      


記事内参照用URL :

563 ななしのよっしん2017/02/10(金)22:06:30ID:vj0M9UduAK
１日でフラグ回収余裕でしたｗｗ深夜テンションはやばかった
素人のツラさを感じる・・・
    
      




タイトル:MOTHER２(もはや修正中毒)
        画像をクリックして再生!!
      この絵を基にしています！

ほめる

         
      


記事内参照用URL :

564 ななしのよっしん2017/02/11(土)15:14:15ID:vj0M9UduAK
本当に連レスばっかしてすみませんｗｗ
なんかこだわりが・・・
    
      




タイトル:MOTHER２(もう完成していいよね)
        画像をクリックして再生!!
      この絵を基にしています！

ほめる

         
      


記事内参照用URL :

565 ななしのよっしん2017/02/11(土)21:38:09ID:vj0M9UduAK
(全略)






タイトル:MOTHER2
        画像をクリックして再生!!
      この絵を基にしています！

ほめる

         
      


記事内参照用URL :

566 ななしのよっしん2017/03/02(木)13:14:04ID:W92NlK8AZP
グレイトフルデッドの谷でガメオベラ

あると思います…だいウッドー…

567 ななしのよっしん2017/03/24(金)22:52:34ID:xl++5YzAFs
谷に行くまでの道のりも辛い。キノコと芽のコンビとかやめてください
爆発タイプの敵はドラムロールの重要さが分かって、良くも悪くも印象に残ったな

568 ななしのよっしん2017/04/29(土)02:06:07ID:pZtSV29RCy
ジェフ編開始直後 スノーウッド寄宿舎のBGMです
ゲーム中一回しか聞けないのが実に惜しい
原曲もいいけどこっちのアレンジもいいよね
    

      



タイトル:スノーマン(MOTHER2)



ほめる




記事内再生用タグ:

569 ななしのよっしん2017/05/01(月)21:29:26ID:6YFt2AnORb
>>552
勝手な想像だけど糸井氏は「リメイクなんかしても面白くないよ」とか言いそう
MOTHER一作品一作品は当時やりたいことを詰め込んで作った完結してる？作品だと思うから（細かい所だとかつまんとかのネタとか）

初代MOTHERにおけるMOTHER2みたいな感じで若手のスタッフがそれぞれ考えるMOTHERっぽさを詰め込んで作る新作、てのがいい塩梅かな
ていうかそういうのをMOTHER4（二次創作）に期待してたんだけどどうなっちゃったんだ

570 ななしのよっしん2017/05/04(木)09:10:35ID:4idp/z77WQ
まあ、若い？時に勢いで作ったから面白いってのはあるだろうね
今作っても３みたいに、賛否両論orマザーにしては無難なゲーム、になると思う

571 ななしのよっしん2017/05/05(金)13:03:29ID:xl++5YzAFs
>>568
ピコカキコいいねー
原曲は研ぎ澄まされた雪国、こっちは暖炉の前でのんびり温まってるような感じ
2はクリスマスムード全開なウィンターズとの対比も印象的だった

572 ななしのよっしん2017/06/01(木)18:50:38ID:p8nUooD25q
ゲーム開始前に「カッコイイと思うもの」なんて回りくどい聞き方をしてきたせいでPK名が変になってしまった当時
普通に技名を聞いてほしかった

573 ななしのよっしん2017/06/17(土)22:53:35ID:926NlKt9Az
あれしっくり来るネーミングできるのって事前に用途を知ってる奴か中二に片足突っ込んでる感じの奴ぐらいだろうな
純真無垢な小学校低学年ぐらいの子が「おとうさん」とか「しょうぼうし」とか入れたら泣けるわ

574 ななしのよっしん2017/06/28(水)01:38:19ID:xl++5YzAFs
某動画で見たPKイチローは違和感なくて笑ったなー
自分は好きな動物の名前つけて微妙な感じに…

575 ななしのよっしん2017/06/29(木)08:41:53ID:Xl55c1mKS3
日本版ミニスーファミのソフト選考から漏れたのは残念でならない…

576 ななしのよっしん2017/08/20(日)16:32:30ID:WB5lZGUdTW
フリーゲームとかインディーズとか見るによくマザーライクとは言うけども2じゃなくて3のシナリオや雰囲気が基本要素になってることって多いよね
なぜか誰もマザー2は目指さないんだよな、なんでだろう

577 ななしのよっしん2017/09/03(日)14:25:32ID:wW0VXB1qCN
MOTHER2は大好きなゲームなんだけど個人的に腑に落ちないのが「8つの場所に行く必要があったか？」って所なんだよな。マジカントに行って自分の中の悪魔に勝つ事はいい事だが他の3人とかギーグを倒すのには関係無い気がする…

578 ななしのよっしん2017/09/03(日)22:05:23ID:NvyOpedQgQ
結果的にギーグに勝つためには世界中の人々と仲間とつないだ絆が勝利のきっかけになったしパワースポットで得た記憶がマジカントでの自分の立脚点になってたりで必要だったんじゃないかな。未来のひとたちは失敗はギーグに打ち勝つための材料が足りなかったからだと思い主人公に冒険と仲間と絆を手に入れるよう導いたのでは。

579 ななしのよっしん2017/09/11(月)09:17:30ID:IE1BaIFjSe
>>573
ある程度ゲーム慣れしてて勘の良い奴なら「おまかせでいい」の内容（キアイ、ズバン、他）をみて、用途を想像できなくてもある程度の傾向は読み取れるって人はいそう

自分は初回プレイでなんてつけてたか覚えてないんだよなぁ
覚えてないってことは変なインパクトすらなかったんだと思うけど…

580 ななしのよっしん2017/10/17(火)08:44:24ID:5bKdfVck+P
>>577
正直めっちゃ分かる
ギーグに効いたのはあくまで旅の副産物（人との絆）の方で、パワースポット巡りは直接関係ないって言うのがな
しかも実行するのがポーラってのも…　初代みたいに全員に祈るコマンドが出て欲しかった

581 ななしのよっしん2017/10/18(水)07:40:40ID:52Tv33+hqk
>>576
好きなゲームではあるけど目指したいゲームとは違うんだろう
自分でもこういうゲームを作りたいとは思わないし作れるとも思えない
なんというかMOTHER2は抽象的すぎる

582 削除しました削除しましたID:D1Co8YV/k6
削除しました

583 削除しました削除しましたID:D1Co8YV/k6
削除しました

584 ななしのよっしん2017/11/03(金)13:51:25ID:BcPHFbJ50a
まあ、そういう解釈もあるわな。

585 ななしのよっしん2017/11/12(日)15:29:35ID:T3c711oWi0
>>583
ただそこまでくると知恵のリンゴが予言マシンとしての機能を果たしてるかどうかも危ういw

586 ななしのよっしん2017/11/15(水)14:58:08ID:BnpN4AFu5+
パワースポットに回ってマジカントに行って自分が強くなっても
確かにギーグには何の意味もないんだな
3の針も何で沢山あるの？ってくらいの茶番連発だったが

まあ1のメロディーは子守唄としての意味は凄いが
何故世界中(アメリカ中)に散らばったかは明記されてないし
あんまり突っ込むものでもない気がした

587 ななしのよっしん2017/11/24(金)14:29:55ID:E1g9p4Rvre
>>577いやいや普通にそういうの全然関係ないからどう考えても
まあ逆にゲーム慣れしてなくてふざけた名前つけない人や幼い子のほうがまともに付けるからストーリーに合うというのならありえる意見
まあ要はふざけて付けなきゃどういうネーミングそのまんまストーリーに合う　後はどれだけ本気でゲームする気あるか
勿論こういうのはマザーシリーズだけに言える事じゃないしね
まあどういうネーミングが良いかすら人それぞれだから更に関係ないわ

ただ一つだけ犬の名前はいらなかった
もし用途がわかっていれば付ける名前が変わっていたのがあるとすれば犬だけだ
序盤中の序盤以降家にいて話しかけても名前すら出ないとか名前つけた意味あったのだろうかって話　トレーシーやママも祈ったのに

588 ななしのよっしん2017/12/03(日)03:45:37ID:d+Pna1pHnn
MOTHER2のBGMってパロディやサンプリングが多いけど、
権利問題がどうなってるのか質問しようとするともみ消されるし
いくら調べてもそれについての言及が出てこないの気味悪い

589 ななしのよっしん2017/12/14(木)22:52:33ID:pZtSV29RCy
オネットで流れる曲です。夜明けのテーマもセットで

ゲームが終盤に差し掛かる頃、むくちをなおすほんを探しに1度は仲間を連れて里帰りしますが、
そのとき懐かしさに加えて、恥ずかしさに似たような感覚を覚えた記憶があります
友達を初めて自宅に入れるような感じの
    

      



タイトル:冒険を始めよう



ほめる




記事内再生用タグ:

590 ななしのよっしん2017/12/22(金)23:14:31ID:pZtSV29RCy
サイコシールドΣにはお世話になりました

mother2のPSIのSEは良いものぞろいですよね
他にはPKスターストームあたりが人気でしょうか？
    

      



タイトル:シールド・サイコシールド



ほめる




記事内再生用タグ:

591 ななしのよっしん2018/01/11(木)13:34:20ID:vIJvHhvj7R
>>588
もみ消されるって、どこに質問してんのあんた？

592 ななしのよっしん2018/01/11(木)13:48:14ID:52Tv33+hqk
どうせ匿名掲示板とかじゃないの
というか権利関係なんて公式サイドが表に出さないと知る機会ないし
公にしてない以上開発側にしか分からんだろう

593 ななしのよっしん2018/01/20(土)23:51:32ID:6YFt2AnORb
>>576
というより「MOTHERリスペクトしてます」ってインディーズゲームが大体メンヘラっぽいのが
ゆめにっきとかタオルケットとか
そういうのMOTHERの魅力の一部分でしかないんだがな

594 ななしのよっしん2018/01/24(水)09:29:35ID:52Tv33+hqk
別に一部分でのリスペクトでも構わんだろ
人が感じ取るものは様々だし、作りたいものも様々なんだから

595 ななしのよっしん2018/01/27(土)09:45:34ID:vIJvHhvj7R
まるまる同じ要素をひねりもなくぶち込んでたら
リスペクトでも何でもなくただのパクリだしな。

596 ななしのよっしん2018/02/02(金)20:54:47ID:9n0Y3l8SU4
以前から欲しかった任天堂公式ガイドブックを入手したが、
冒頭のギーグと知恵のリンゴのやりとりで早々にほくそ笑んでしまった
年代物だからちょっとした値段だったが、自分にとっては十分それ以上の価値のある一冊となったよ（ダイマ）

597 ななしのよっしん2018/03/14(水)23:50:58ID:D257oSIaHh
未だにVCの売り上げが安定して上位なのが凄い
ランキングでマリオポケモンゼルダカービィなどビッグタイトルが軒を連ねる中にMOTHER2が混ざってるのを見ると嬉しくなる

598 ななしのよっしん2018/03/16(金)20:17:49ID:bHeGW72ipy
おうじゃのつるぎのドロップ率の凶悪さはすっかり定番ネタだが
ほしのペンダントやガッツのバットも大概だと思うの

599 ななしのよっしん2018/04/08(日)22:24:58ID:nyRz7cTamD
フォーサイドのマグネットヒルで、博物館の地下から下水道を進むけど
あんなネズミやゴキブリが沸いて出ている、汚物塗れの下水管の中を、ネス達はよく平然と進めたもんだな。

それともゲップーとの戦いで、汚い物に耐性が出来たんだろうか。

600 ななしのよっしん2018/04/08(日)22:26:26ID:zZk4ZHkd76
序盤からゴミ箱に入ってるハンバーガーを喜んで食べるような人ですし…

601 ななしのよっしん2018/04/21(土)21:34:50ID:KZcB4MJYqo
個人的なドロップ率ランク
★☆☆ おうじゃのつるぎ
★☆☆ めがみのリボン
★★☆ てんしのフライパン
★★☆ こわれたパラボラ
★★★ ほしのペンダント

パラボラはマジカントじゃないと手に入らなかったからおとのいしで階段バグして4人で殴り込みにいった思い出
あとてんしやめがみのうでわよりもダイヤのうでわが最低国のブレインショック対策に一番使えるというね

602 ななしのよっしん2018/04/22(日)08:15:54ID:kgVsx2tGgu
>>601
こわれたパラボラはルミネホールでもぶきみボールが出るから取れるが
わざわざうわきなダイスに呼ばせて取るのは大変だったろう・・・

それはともかく久々にプレイすると
魔境のヘリコプターのエンジンをポーキーが何に使ったか気になる
結局エンジンがどうなったか描写がないはずだし
先回りのサインかただジェフに直せないようにしたかっただけ？

603 ななしのよっしん2018/05/03(木)08:36:53ID:ZvuK6eOyHJ
https://www.youtube.com/watch?v=LZ5nX0FTH6Q
avgnの特集

604 ななしのよっしん2018/05/17(木)21:28:18ID:bHeGW72ipy
テレポートに失敗したときの黒こげ姿が可愛くてよくわざとミスった記憶

605 ななしのよっしん2018/05/31(木)20:47:31ID:nKQvt6Kc14
>>603
普段は怒りながらのクソゲーレビューで有名なavgnも、大絶賛してるな。やっぱ海外でも人気あるんだね。
自転車がすぐ使えなくなるところとかには怒ってたけど。笑
(関係ないけど、youtubeって字幕機能あるの今知った。)

606 ななしのよっしん2018/06/06(水)12:30:25ID:kKvtSZVHQK
普通のRPGならラスト戦を盛り上げようとして
敵を強くしたり、演出やエフェクトに凝ったりするけど
逆にマザー2はラストで不快かつ恐怖を煽る演出を持ってきてプレイヤーの気力を削いでくる
斬新すぎて子供の頃は良くわからんかったな
子宮やへその緒をイメージしてたなんて、小さい子供は絶対わからんよね

607 ななしのよっしん2018/06/15(金)14:57:11ID:L6MOl9R8Z/
いずれにせよ、ポーキーとリュカがドラゴンの針を抜かなければならない運命は避けられないし…… ギーグの件なんかまだ序の口だよ。
こっちは世界の存亡を賭けた戦いだしな。

608 ななしのよっしん2018/06/20(水)02:24:30ID:nHaHkBd4eI
今更ながらクラシックミニに収録されてないのね、これ
絶対あると思ったら
これとFFⅥをずっと遊んでみたいと思ってたから
まとめて（しかも他の名作付き）買える良い機会だと思ったんだが…

609 ななしのよっしん2018/06/20(水)10:47:12ID:JtpIipN1w0
>>608
海外版（ミニSNES）にはあるぞ

610 ななしのよっしん2018/06/24(日)18:27:54ID:nyRz7cTamD
魔境で商社マンに代金を立て替えてもらってたら、エンディングで商社マンから電話がきたり
ペットの犬を仲間に加えず進めたら、家で瞑想しているのが好きだと答えて
オレンジキッドに金を投資せずにクリアしたら、あいつに恨みがましい事言われたりとか

本当に細かいネタが多いな。もしかしたらまだ知らないのがあったりするかも。

611 ななしのよっしん2018/07/31(火)21:59:47ID:4idp/z77WQ
戦闘表現が1や3より先鋭的で好き

612 ななしのよっしん2018/09/08(土)01:59:47ID:bHeGW72ipy
あの時代に戦闘背景をサイケアニメにするってセンスはすごい

613 ななしのよっしん2018/11/10(土)18:53:02ID:D257oSIaHh
>>607
3はノーウェア島しか存在しない星の運命のお話
2の戦いは地球だけじゃなく銀河系全体の危機で実はかなりスケールがでかいんよ

614 ななしのよっしん2018/11/10(土)19:01:54ID:D257oSIaHh
MOTHERシリーズってたけしの挑戦状と同じく芸能人が企画したゲームなのに完成度高い
宮本茂や岩田聡などの超有能スタッフが制作に関わったおかげでもあるけど
斬新な世界観やテキストは芸能人(コピーライター)じゃなきゃ出なかった発想だろうし素人と職人のいいとこどりっていう感じがする

>>610
最近知ったけど2はセーブデータの消失防止や違法コピーへの対策がかなり力入ってて驚いた
プロテクト破りをすると敵が大量に湧くハードモードみたいな状態になった挙句、
ラスダンまで進めてもラスボス戦手前でフリーズ→再開すると自動的にセーブデータ消去ってめっちゃえげつない
いわっちによる神罰か

615 ななしのよっしん2018/11/30(金)16:42:59ID:HJKKRAgGzG
ネス<本編のパワーを使えればスマブラのボスの攻撃もなんとかできたけどディレクターに規制されたから無理だったわ ミュウツーも規制されたらしい

616 ななしのよっしん2018/12/17(月)07:24:49ID:UzRPfWeF3U
よく考えたらツーソンってすげえやばいところだな
盗品を白昼堂々売っても特に何も言われない超犯罪都市だろ

617 ななしのよっしん2018/12/23(日)02:29:56ID:xl++5YzAFs
GBA版を久々に始めて、レアアイテムをなるべく早く取る事に挑戦してるけど
メテオニウム取るのに25レベル、フォーサイドでスーパースプレー粘り中で40レベル突破してしまった。分かっちゃいたけどよく上がるなぁ
90超えたらネス病院送りにしてチェック逃げの予定だけど、どうなるか

>>616
そもそもマダムも不良もおにーさんもバットで殴り倒してるネスが捕まらない時点で、イーグルランドは割と無法地帯な気がする
1は宇宙人のせいって大体みんな分かってたけど、2はどう説明すりゃいいんだろう

618 ななしのよっしん2018/12/28(金)18:42:01ID:ago3Oy7tu3
ビルとか建ってるとはいえフォーサイドをそこまで大きな都市とは思ってなかったからスマブラのステージを見て
びっくりした記憶がある

619 ななしのよっしん2018/12/28(金)22:35:45ID:D257oSIaHh
スマブラSPのニコニコアンケート
好きなステージで全103ステージ中フォーサイドは17位だった
DXの後はずっと登場してなくてSPでやっと復活したけど夜景が綺麗だし人気高くて嬉しい
地形的にネス泣かせだけどな！

ちなみに他はマジカント21位、オネット27位、ニューポークシティ46位

620 ななしのよっしん2019/01/06(日)22:50:44ID:e60GW6T5p1
>>617
オネット…シャーク団でそれどころじゃない、解決後は山小屋に不法侵入したネスを一応補導した
ツーソン…町民曰くワイロを要求する悪徳警官がいるらしく警察が腐敗してる模様
スリーク…ゾンビ騒ぎ、かつ人間の敵は出てこない
フォーサイド…モノトリーの言いなり

一応サマーズ以外は説明つくのかな
フォーサイドはむしろ矛盾してる気もするけど

621 ななしのよっしん2019/01/13(日)10:10:56ID:xl++5YzAFs
ほしのペンダントがようやく後ラス1。せめて格上だけ単品で狩れたら楽なんだが、ほぼ男とセットになるのがうざったい。サイコキャラメル出すのやめろ
>>620
フォーサイドの方はギーグの部下が直々に出向いてるし、警察は見張りだけしておけと命令されていたのかもなぁ。部下に洗脳装置とギーグの影響が濃かった上、改心後のモノトリーがどうにかするだろうから、フォーサイドでの大暴れは大体不問になりそうだね
ゾンビ事件のスリークは置いといて、オネットとツーソンは…ギーグが介入する前から治安がやばかった、という事になるのか？それはそれで酷いw

622 ななしのよっしん2019/01/15(火)01:07:14ID:e60GW6T5p1
>>621
フォーサイドは言われてみればそれで理屈にあうね
スリークを突破したネスたちにポリスマン程度じゃ相手にならんし

オネットとツーソンは… まあモデルがアメリカだしそんなもんなんじゃない？w

623 ななしのよっしん2019/02/11(月)16:08:25ID:r8Z815cii1
多分スマブラ参戦してるゲームの中でも界隈が平和なシリーズのうちの一つ

624 ななしのよっしん2019/02/16(土)17:18:05ID:Cd9gfQweyJ
MOTHERとウルトラセブンを足して割ったのがポケモンだよね

