Python 2019-08-26/00:42 48

1 ななしのよっしん 2008/11/07(金) 21:02:04 ID: Kp5W/HV1IH
モンティ・パイソンじゃないとリンクが利かないんだな

2 ななしのよっしん 2009/02/07(土) 19:57:37 ID: OHc+nJ/32T
python3だとこのHello World動かないんだっけか。

3 ななしのよっしん 2009/02/17(火) 01:56:47 ID: WpQLCV03+m
だね。printが命令から関数に変わったから、
print("hello world!")
であってるかな？

4 ななしのよっしん 2009/02/22(日) 16:28:22 ID: 1QjT2XQdc3
youtubeもPythonで動いてるんだっけ？

5 ななしのよっしん 2009/08/12(水) 16:48:14 ID: zmg80N71za
Google app engineも確かpythonだったと思う

6 ななしのよっしん 2009/10/20(火) 14:56:16 ID: o5MfxChc+z
googleはシステム全般に渡ってpython使ってるって聞いたような

7 ななしのよっしん 2010/02/16(火) 00:05:57 ID: LMxNveLrNX
rubyも使えよ！＞google

8 mongrelP 2010/02/16(火) 17:49:52 ID: Fza2A0wmLh
>>7
Rubyははっきりした仕様がないので禁止されてるんだ。
「Matz＝仕様書」っていうぐらいだったし。
ただ今JISで仕様策定中で、それをそのあとISOにあげる予定だからそれが終わったら何とかなるかも?
Googleの中の開発者個人ではRuby関連のプロジェクトもあるにはあるぽい
まぁGAEで使いたいならGAE/J上でJRuby使えばいい話だけどｗ

9 ななしのよっしん 2010/02/16(火) 17:50:49 ID: /Z8DBYqtmv
GentooLinuxのPortageもこれだっけ

10 mongrelP 2010/02/16(火) 17:53:27 ID: Fza2A0wmLh
今調べたらGoogle Summer of Code 2009で使われたりとかはあった模様

11 ななしのよっしん 2010/04/26(月) 11:18:35 ID: yJb5vHGV4v
BlenderもPython使ってますね。
貧乏ＣＧ小僧にはたまらない神ソフトです。

12 ななしのよっしん 2010/07/08(木) 19:28:06 ID: C94XG4YwVB
見やすくするはずのインデントが逆に見にくくなるという素晴らしい言語
大好きです

13 ななしのよっしん 2010/10/05(火) 00:21:25 ID: vHYBI/DpGb
Linux勉強するならCは当然として
Pythonも押さえておかないと
大変になるかなあと感じている。

14 ななしのよっしん 2011/02/26(土) 23:26:18 ID: LMxNveLrNX
pythonよりjavascript。
コマンドライン用処理系のデファクトスタンダードが決まれば普及するはず

15 ななしのよっしん 2011/04/22(金) 00:20:15 ID: OVsbmPcuGg
CMakeじゃねーやsconsもPythonだしな。OSS使ってる奴は覚えて損はないな。

16 ななしのよっしん 2012/01/04(水) 00:39:46 ID: E9kvoRxjMa
こういう言語って、結局は必要に応じていろいろ覚えるようになる罠

17 odoq 2012/08/31(金) 21:24:21 ID: LTLiYSXov3
確かPythonってニコ動の動画をコメント付きでダウンロードするツール「さきゅばす」にも使われていたはず

18 ななしのよっしん 2012/10/02(火) 08:40:47 ID: P1a1EH+CKb
大学の課題でこれ使ってアプリケーション作ることになった

19 ナンプレたん ◆lNQvK9PV.. 2013/06/04(火) 23:35:54 ID: KBbRMHRxSV
最近「空飛ぶPython」なる本が出たらしい…

20 ななしのよっしん 2013/11/12(火) 02:14:21 ID: XK7Sxp6B2F
なぜか「サイフォン」って読みたくなる

21 ななしのよっしん 2014/10/06(月) 13:22:14 ID: Q5nZeHDwf/
この言語勉強しようかと考えているのですが
どんなことに使われいることが多いですかね？

22 ななしのよっしん 2015/03/08(日) 18:55:30 ID: NaqwotThbK
>>21
たいていのことはできるらしい
ネットワーク系にも強い

けどどの言語にも限らないと思うけど
思わぬとこでハードルを感じる

23 ななしのよっしん 2015/05/27(水) 21:06:33 ID: 5Mx2yczuLl
from random import random as r
from math import sqrt as s
N = 1000000
print(4 * len([_ for _ in range(N) if s(r()**2 + r()**2) < 1]) / N)

24 ななしのよっしん 2015/09/06(日) 18:34:25 ID: 1l0+bSQkwQ
Webアプリ書いたけど正直アプリには向かない。まず2と3が平行して使われてるせいで情報が分散してる。
それにフレームワークの情報も少ない。日本語となるとかなり減る。
ただ学習コストは（個人的には）低いと感じたのでちょっとしたツールをさらっと書きたいときはちょうどいい。

25 ななしのよっしん 2015/09/27(日) 15:37:11 ID: WcBPVjbnjA
>>24 にもあるとおり情報が散見しているので，情報元の多い英語文書を読む必要がでてくる．
あと，バージョン 3 で使えないライブラリ（少ないけどその逆も）があるので時々困る．

26 ななしのよっしん 2015/10/23(金) 17:14:36 ID: /WSABUSDx7
加筆した。
自分は社内ラボの人間なので、用途に関しては偏見かも。
でもDjangoやFlaskの話題なんて近頃とんと聞かないじゃないですか。
基本的に機械学習と統計解析の話題しかないよね。たまにAnsible。
だからきっと間違ってない。ウン。

27 ななしのよっしん 2016/02/05(金) 21:34:34 ID: RHFobEPQtb
電気スパムを作れると聞いて来た

28 ななしのよっしん 2016/05/24(火) 11:35:05 ID: XpvG0ASOjP
産廃レールガンじゃねえのかよ！

29 ななしのよっしん 2016/08/25(木) 14:53:25 ID: 4BYsOMQcpT
Django使って人生初めてのWebアプリ作ってるけど資料が少なくて苦しんでる

30 ななしのよっしん 2016/11/07(月) 09:53:36 ID: ciHZPquwXJ
今はもう書籍もPython3がメインで取っつきやすいんじゃないかな

>>29
Djangoなら、今は有志のおかげで1.10のドキュメントも翻訳されてきている。
https://docs.djangoproject.com/ja/1.10/
https://docs.djangoproject.com/ja/1.10/intro/

後はqiitaのこことか
http://qiita.com/Fortuna/items/0ccc6bdcd984f7cc2d0e

そろそろDjangoの書籍とか出てほしいね、新しい奴

31 ななしのよっしん 2016/12/05(月) 23:54:32 ID: zhD9WR7JsP
今や最も手軽なUnix環境であるmacが未だに2.7であるという・・・

32 ななしのよっしん 2017/01/31(火) 22:41:09 ID: YJlwFk8oZ3
>>26
googleトレンドのインターネット・通信カテゴリの検索数を見る限り、djangoそこまで廃れてない。
railsの検索数が2007年くらいをピークにずっと減少しているのと対照的に、コンスタントに一定の検索数を稼いでて、今はrailsの60%くらいになってる。
ただしこれは全世界で見た場合で、日本に限るとrailsが10倍近く差をつけて圧勝。イマドキrailsだってそんな大して熱い話題でもない訳で、その1/10なんだから、流行ってねえな・・・。
実際問題としては、webはどうせPHPの天下なので、pythonやrubyでどうとか気にしてもあんまり仕方ない部分がある。使いたい人が使えば良いし、特に個人とか小規模なら（対PHPで）ある程度は開発効率上がると思う。
中規模以上で商売の道具にするには、まずpython書く人が少なくてアレだけど、今はデータサイエンスがプチバブルなので、このままバブルが弾けて「データサイエンスで食いっぱぐれてWebに転向する人」が増えれば現実的な選択肢になるのかもしれない。

33 ななしのよっしん 2017/09/22(金) 06:42:34 ID: RDxKv/P7VW
import random
flg_loop = True
while flg_loop:
　　Spams=[]
　　for i in range(0,6,1):
　　　　rdval = random.random()
　　　　if rdval >= 0.2:
　　　　　　Spams.append("SPAM")
　　　　elif rdval >=0.1:
　　　　　　Spams.append("egg")
　　　　elif rdval >=0.05:
　　　　　　Spams.append("sausage")
　　　　elif rdval >=0.01:
　　　　　　Spams.append("sperm")
　　　　else:
　　　　　　print("I don't like spam!!!!")
　　　　　　flg_loop = False
　　if flg_loop:　　　 
　　　　SPAM = ", ".join(Spams)
　　　　print("Menu:" + SPAM)

34 ななしのよっしん 2017/11/03(金) 00:21:05 ID: kd3j3B+9b5
Pythonは地味にWindowsで使いやすい言語だと思う
公式Windows版バイナリとvirtualenvはすんなり動くし
Visual Studio Codeのプラグインも良く出来てる
Microsoft自体も最近妙にPythonに優しい

35 ななしのよっしん 2018/04/16(月) 05:33:57 ID: RDxKv/P7VW
>>34
PyScripterってのを勧められたけど、うまく実行できなくて、困ってたところでVisual Studio Communityで編集出来て大変感動したゾ。

RaspberryPiで初めておっかなびっくり触ってみたけど、なんとなく文法が素直で使いやすいし、慣れて来るとmatplotlibとか使ってグラフをパタパタ作れていいですねぇ。

36 ななしのよっしん 2018/09/14(金) 15:11:49 ID: zAQhd1ix2V
ワンライナーFizzBuzz
print('\n',join('FizzBuzz' if i%15 == 0 else 'Fizz' if i%3 == 0 else 'Buzz' if i%5 == 0 else str(i) for i in range(1,101)))

37 ななしのよっしん 2018/09/26(水) 07:31:18 ID: xQ8/uI1G9R
pythonはよく知らんが言葉狩りの標的になったらしいな
masterとslaveがお気に召さなかったらしい
HDDでの出番は減ったにしてもねぇ
次は端子のオスメス辺りが来そうだ

38 ななしのよっしん 2019/01/12(土) 17:29:18 ID: UJVRhUYVbO
人工知能のスレでpythonを挙げる書き込みがあったが
ほぼ誰も反応しないまま、人工知能の人権やベーシックインカムといった、いつもの話に戻ってた

別に人工知能のプログラミングはpythonが全てじゃないが、
pythonやプログラミングの話が皆無なのに、現代の人工知能を語れるんだろうか

39 ななしのよっしん 2019/01/12(土) 21:55:52 ID: RDxKv/P7VW
>>38
ああいう抽象的な議論があってもいいと思うけど、具体的な技術の話が全く出てこないのはちょっとねぇ。

AIと一言で言っても、if文で作ったシンプルなRBSだって立派なAIだし、GA、ニューラルネットワークと色々あるのに、なんかファンタジックな万能の神様みたいな話になってて困惑するゾ…。

機械学習どころか回帰分析も知らなさそうな人が喧々諤々の議論をしているのもあんまり健康的とは思えんですね。

40 ななしのよっしん 2019/01/24(木) 22:41:46 ID: daQEG1I5j3
Python追加　基本情報技術者試験、「AI人材育成ニーズ踏まえ」 | ニコニコニュース
https://news.nicovideo.jp/watch/nw4717130

41 ななしのよっしん 2019/02/01(金) 16:43:56 ID: 7zbOWJrqL4
なぜか人気があるという以外に特に魅力がない言語

42 ななしのよっしん 2019/02/04(月) 12:31:37 ID: F9XUKnUmeJ
最近Python3も趣味レベルで触り始めてるけど、面白さは直感的にインタラクティブな動きを実感できることだと思う。tkinterとか初心者にとっつきやすい要素あるし。

43 ななしのよっしん 2019/02/17(日) 13:19:01 ID: 1zs3+TsOso
教える方からすると学校などで教えやすい言語
2 -> 3 でつまずかなければ天下取れてたかもしれないのに

いまや Python = AI みたいに変な紐づけができて苦笑い
昔の Perl = CGI みたいな

44 ななしのよっしん 2019/02/17(日) 22:13:55 ID: RDxKv/P7VW
昔でいうVBAみたいなもんで、手近な目的に使いやすく、日本語情報が大量に出回ってるのがデカい。

情報工学専攻とか、そっち方面専業で飯を食おうと思うなら根を詰めて基礎の基礎からやれるんだろうけど、他分野からすればこういう言語が一番ありがたいですなぁ。

45 ななし 2019/03/25(月) 21:45:32 ID: v+qyS1bAWb
ド素人におススメの言語
たまにとんでもない崖があったりもするが根性ではいあがってどうぞ

46 ななしのよっしん 2019/04/08(月) 08:08:20 ID: XgxsHLH+wa
Pythonの良さはC/C++との相性だったり, 初心者でも保守がやりやすい可読性の哲学だと思う.

>>39
機械学習をやるなら設計がより近代的で速いJuliaの方がよくなるのかもしれない. Matlabと似た書き方なのでライブラリさえ充実(後援企業のサポ次第...)すれば脅威になりうる.

47 ななしのよっしん 2019/04/29(月) 13:54:01 ID: 1zs3+TsOso
速さを求めるのはライブラリやエンジンを作る人だけでしょ
非マの人は複数の言語を学んで使い分けるなんて発想がないよ

48 名無し 2019/07/19(金) 10:29:35 ID: Ydqsn6/axU
Pythonいいよね
ほんと初心者でも分かりやすくできてる言語だと思う

文字が多いっていうのはそれだけで読んで理解するのが億劫になる
というか他の言語が呪文みたいな言葉を長々と書かないといけなさすぎなんだよCとかJAVAとか

