The_Unsung_War 2019-03-06/13:32 15

1：ななしのよっしん：2012/08/06(月) 14:22:48 ID:9PuaeK93Ii
記事作成乙です

2：ななしのよっしん：2012/12/11(火) 16:15:49 ID:VVmGRXwOGu
今更だけど何で5のサントラではラズグリーズなのかな。
zeroではラーズグリーズだったのに。

3：ななしのよっしん：2013/02/11(月) 00:04:07 ID:nMcrHAXn89
ただ堕ちて行くだけのラスボスを落とすためのＢＧＭ

4：ななしのよっしん：2013/05/08(水) 17:24:23 ID:GSqMeaCbBC
ZEROの方には「英雄」のフレーズが一切登場しなかったはず

5：ななしのよっしん：2015/01/27(火) 22:35:19 ID:wfn8jWV4kD
ラスボスの破壊が簡単なため手加減しないとBGMや仲間のセリフが全部聞けない

6：ななしのよっしん：2015/01/28(水) 16:32:23 ID:t5ADxB6SAt
>>4
それマジ？歌詞途切れてメロディーだけになる時「ヒ〜〜ローズ イェスト！」で終わってると思ってた。

7：ななしのよっしん：2015/04/01(水) 22:40:48 ID:JCgtlqOnlU
珍しく焦らしが使われていない
どういうことか？サビの盛り上がりの前でも全く焦らされてる気がしないからだ

8：ななしのよっしん：2015/04/25(土) 03:24:54 ID:QPcf31Bs18
>>6
寧ろ『円卓に現れる』って歌詞が追加されてた覚えがある。英雄ってフレーズは使われてないはず。

>>7
なんて言うんだろうな、最初からクライマックスとでも言えばいいんだろうか。そんな感じな気がする。

9：ななしのよっしん：2015/04/25(土) 13:04:13 ID:t5ADxB6SAt
>>8
それこそ全く覚えがないんだが。じゃあ最後に歌ってるheros estに聴こえる部分はなんて言ってるんだ？
あとそれホントなら記事に書いてある「同歌詞」っての書き換えるべきじゃない？ソース欲しいな

10：ななしのよっしん：2015/04/29(水) 02:29:55 ID:QPcf31Bs18
>>9
すまん、前どっかの動画で見ただけだから円卓にあらわれる云々は確証が取れなんだ
でもこれ(sm3752383)見に行った限りでは下のコメントが正しいなら歌詞が若干違うみたいだな
サントラとかに書いてあるんかな？

11：ななしのよっしん：2015/10/19(月) 18:03:18 ID:6RpvsApN9Y
>>9
今更ながら「suget iterum veniet」じゃないか？
拾ったもんだがsugetまでは聞き取れた。

あと「suget cum nave」をよく見るが、明らかに「suget cum table」な気がするんだ

12：ななしのよっしん：2015/10/19(月) 18:17:05 ID:6RpvsApN9Y
>>11
sugetじゃなくてsurgetだったorz

13：ななしのよっしん：2015/12/21(月) 14:07:12 ID:1sYqX/OIgz
改めて自分で「ZERO」を書き起こしてみた。ラテン語って難しいな。

Cum historia mutat valde 
Razgriz revelat ipsum 
Primum daemon scelestus est
Cum historia mutat valde 
Razgriz revelat ipsum 
Surget cum table
Cum historia mutat valde 
Razgriz revelat ipsum
Cum somnus finit
Razgriz surget iterum
Venite!

歴史が大きく変わる時 
ラーズグリーズはその姿を現す 
初めは、漆黒の悪魔として
歴史が大きく変わる時 
ラーズグリーズはその姿を現す 
円卓へと昇華しながら
歴史が大きく変わる時 
ラーズグリーズはその姿を現す
しばしの眠りの後 
ラーズグリーズは再び現れる 
来たれ！

The Unsung Warと明らかに異なる部分は「Surget cum table」と、最後の「Venite」
それぞれ「円卓へと昇華しながら」「来たれ！」と訳してみたが、どうだろうか。

14：ななしのよっしん：2015/12/21(月) 14:16:38 ID:1sYqX/OIgz
>>13
VeniteじゃなくてVenietか…

15：ななしのよっしん：2017/06/10(土) 14:07:06 ID:t5ADxB6SAt
ラテン語なのにtableってのもおかしい気がするんだが。サントラで聞いてもそんなにはっきりテーブルとは聞こえないし。

