くまのプーさんのホームランダービー! 2019-03-08/02:14 778

1ななしのよっしん2012/01/05(木) 00:53:34 ID:NomdQqwpix
プニキ最高や！

2ななしのよっしん2012/01/05(木) 00:56:05 ID:exNc1UZGJA
お！つゥー！
ロビニキが大正義すぎて勝てる気せぇへん

3削除しました削除しました ID:jn0Gz16tZ8
削除しました

4ななしのよっしん2012/01/05(木) 11:09:54 ID:82I6hqEUAn
ヒットは換算せず、HRのみを追求し続ける姿もプニキと呼ばれる所以だと思うで

5ななしのよっしん2012/01/05(木) 12:06:54 ID:qmzWnwqFvO
弾返してないけど一応画面が離れた時にキャッチャーらしき誰かがプニキの後ろにはいるな。

6ななしのよっしん2012/01/05(木) 12:10:29 ID:i4urebCn4o
くまのプーさん自体の記事は無いのか･･･

7ななしのよっしん2012/01/05(木) 13:06:58 ID:7/xZO76V/C
オウルが難しすぎる…横に揺れる魔球がひどいｗ

8ななしのよっしん2012/01/05(木) 15:58:32 ID:rN63fbWjUQ
ロビンは５０球中３９本打たれても負けを認めないぐう畜

なお俺内野手はオウルニキで詰んでいる模様

9ななしのよっしん2012/01/05(木) 20:29:18 ID:SyIm6zZcwN
ティガニキが鬼門や
一度ファールでタイミングを狂わされると自分のタイミングがつかめなくなってミスを連発するハメになる

10ななしのよっしん2012/01/05(木) 22:06:28 ID:R0IYCJCVXj
>>9
まさに・・・
ミスると二度と這い上がれないわ

11ななしのよっしん2012/01/05(木) 22:41:31 ID:82I6hqEUAn
>>5
ゴーファーという地リスらしい
キャッチャーを用意するとは地味にこっているな

12ななしのよっしん2012/01/06(金) 00:45:27 ID:Y7w2Nf7FbJ
ゴーファーは原作には存在しないキャラで
アニメ内で「俺は原作にはいないキャラだからな！」とか言い出しちゃうお方

13ななしのよっしん2012/01/06(金) 00:57:55 ID:X2WtMB2LdO
これ初出はDisneyGamesじゃないの？　俺何年か前にやってた記憶があるんだけど
一応子供目には、慣れれば簡単にカッ飛ばせて面白いゲームだったと思うんだがなあ
あと継続的にステータスを育てるゲーム自体が少なかったし

14ななし2012/01/06(金) 02:42:25 ID:xnRKJyIn72
ぐだぽよーの音楽でふ・・・ロビンのやろーぶっ飛ばす！！

15ななしのよっしん2012/01/06(金) 12:03:09 ID:rN63fbWjUQ
やっと７面クリア
ティガンゴｗｗｗｗｗｗｗｗｗｗｗｗｗｗｗ
ロビンとか言うぐう畜

16ななしのよっしん2012/01/06(金) 23:14:28 ID:He/aV2a/4I
ティガニキに3時間使ってクリアできず白旗。
もう正月休み終わってんだよ……。

17ななしのよっしん2012/01/06(金) 23:26:02 ID:CZ30lifTKI
これ本当にきっずでいいのかよｗｗ
誰かTASさん呼んでこいｗｗ

18ななしのよっしん2012/01/07(土) 18:49:42 ID:QhwabrRJhT
なお同じDisneyGamesにスティニキもいる模様。

19ななしのよっしん2012/01/07(土) 22:15:23 ID:hJFZlgsW2c
hourglassでTASれそうだよね
憎っくきロビンをコテンパンにしてほしい

20ななしのよっしん2012/01/07(土) 23:15:43 ID:hJFZlgsW2c
と思ったらマウスで動かすゲームはNGなんか・・・

21ななしのよっしん2012/01/07(土) 23:28:24 ID:d5Natcug39
ティガニキに勝てないンゴｗｗｗｗｗｗｗ

22ななしのよっしん2012/01/08(日) 00:07:00 ID:xQO22MgXzy
ロビニキなんやこれ・・・打てる気せえへん
俺将、森の仲間達の野球レベルに唖然

23ななしのよっしん2012/01/08(日) 00:19:28 ID:rN63fbWjUQ
>>21
そら（前に立って打つと）そう（少しだけやりやすくなる）よ

ロビニキクリア動画も上がったね
>>sm16634921
sm16634921
お！プニキゥー！

24ななしのよっしん2012/01/08(日) 00:36:49 ID:i4urebCn4o
ステータス上昇システム今更知ったわ
どれ上げればいいのか

25ななしのよっしん2012/01/08(日) 00:44:30 ID:JiOFEStz1T
>>24
クリアだけ狙うならミート＞＞＞スピード＞＞＞＞＞＞＞パワー

正直無育成でも１３０ｍかっとばすからパワーはそんなに必要ないｗミートを広くするのと、球をおっかけるためのスピードの方がはるかに重要。

ただスコアを狙う場合は飛距離出さないといけないからパワーもある程度強化する必要があるで

26ななしのよっしん2012/01/08(日) 01:11:37 ID:i4urebCn4o
なるほど
とりあえずミートを優先、次パワーで振ってみたらラビットあっさりクリア
さすがはプニキ

で、問題は今から始まるオウルニキか

27ななしのよっしん2012/01/08(日) 01:42:31 ID:fEyxt4yFMc
これはもう森の畜生たちですわ
どいつもこいつもおかしなことやっとる

28ななしのよっしん2012/01/08(日) 04:20:31 ID:gqH0X5bMKv
この世界全部ロビン野郎の想像の産物だってのが尚腹立たしい
お前がッ！お前がッ！お前がッ！お前がッ！！！！

29ななしのよっしん2012/01/08(日) 18:44:27 ID:4pcZNCFbDr
畜生フクロウに勝てンゴｗｗｗ

30ななしのよっしん2012/01/08(日) 23:34:12 ID:Q2yCv55t8J
俺のプーさん何故か開始時に勝手に後ろにスライドするんだが・・・仕様か？

ちくしょう　余りの理不尽さに奴らをバットでブッ叩きたくなるぜ

31ななしのよっしん2012/01/09(月) 10:46:26 ID:KRrqytl/tl
ミートカーソルの緑の部分(芯)がマウスカーソルの位置と重なるように移動してるだけだから特に気にする必要はない

32ななしのよっしん2012/01/09(月) 13:59:05 ID:0Rk6KhocaZ
縦の位置はかなり重要。これマジ。
てかただでさえオウル強すぎるのに成功率も高くしないとだめとかキチ。

33ななしのよっしん2012/01/09(月) 14:09:27 ID:CZ30lifTKI
考えてみればこいつらプーさん以外裸じゃねーか
しかも唯一服着てるプーさんでさえ下半身裸じゃねーか
動物だから着ないなら着ないでいいのにわざわざ上半身だけ着やがって
そのせいでプーさんが下半身露出してバット握ってるようにしか見えない

34ななしのよっしん2012/01/10(火) 19:29:37 ID:F5qJU/UTbt
もうプーさんを消える球とか揺れる球とかの魔球を、流しで200mのホームランを打つ怪物という目でしか見れなくなってしまった

35ななしのよっしん2012/01/10(火) 22:33:05 ID:4bllE9T7Zl
【速報】
巨人、プニキ獲得
年俸は蜂蜜３３４年分

36ななしのよっしん2012/01/11(水) 07:13:18 ID:jI1NGCyxSh
クリックではなくて長押し

372012/01/16(月) 14:03:43 ID:OR4Gc42QKb
フクロウを苦労してようやく倒した後、虎が出てきた時の絶望感は異常

38ななしのよっしん2012/01/23(月) 23:03:12 ID:Icb7YcygLg
ティガニキのせいでBGMがトラウマです。

39ななしのよっしん2012/01/23(月) 23:16:16 ID:CZ30lifTKI
プ～ニキが～魔球か～とばす～♪

40ななしのよっしん2012/01/24(火) 20:28:05 ID:82I6hqEUAn
読み込み中のプニキの素振りがじわじわ来る

41ななしのよっしん2012/01/29(日) 16:59:45 ID:6TXFIBgIRU
ティガニキに勝てない・・・

42ななしのよっしん2012/01/29(日) 21:26:34 ID:GmFAM+HPi4
一回崩れると立て直しが難しいわティガ
黙々と28本分タイミングを合わせ続けるキッズ向けゲーム

43ななしのよっしん2012/01/29(日) 21:31:55 ID:CZ30lifTKI
これはあれか？子供たちに世の中の理不尽さと忍耐強さを教えるゲームなんか？

44ななしのよっしん2012/01/30(月) 05:13:59 ID:GmFAM+HPi4
スティッチのコズミックスラッガーは7面のノルマが19/40、8面のノルマが25/50とプーより良心的になってるな
投球変わらないから十分鬼だが

45ななしのよっしん2012/01/30(月) 21:25:17 ID:QygFZoIkO0
難しいけどシンプルでなかなか面白いなｗ
１面１０球くらいに統一してれば気軽に楽しめそうなんだけどなー

46ななしのよっしん2012/01/31(火) 16:30:34 ID:mLBJ1pbaRS
フクロウのＷＷボールで積んだ

47ななしのよっしん2012/02/01(水) 01:30:48 ID:DEEMCk5NDv
いつか流行ると思ってたがついに流行ってしまったのか。
ちなみに同じ系列の１００エーカーなんちゃらとかいうゴルフも畜生な難易度

48ななしのよっしん2012/02/01(水) 23:02:19 ID:L4vNfRwmLh
ティガーのは消えるだけじゃなくてコースと急速がバラバラでタイミングを狂わせてくる嫌らしい投球術
最大の敵はホームラン28/40でホームラン7割の畜生ノルマ

49ななしのよっしん2012/02/05(日) 19:23:56 ID:SXiYwssNy5
プニキ、オウルニキっていう語感で吹いたｗ
あとステータスをフルに上げてなんとがティガニキに勝利したけどロビンは無理・・・

50ななしのよっしん2012/02/06(月) 21:54:07 ID:Dg3jx0sfbd
虎撃破ｗｗｗｗｗ
無言でひたすらクリッククリック
消える魔球に緩急・左右のブレとかありえねーｗｗｗｗ
タイミングはシビアだし、ノルマが果てしなく高いしで
もう泣きそうだった

51ななしのよっしん2012/02/07(火) 23:35:43 ID:yz1bYutqsP
変則モーションって言うかボークだよね
などという序盤の事はどうでもいいぐう畜さ

52ななしのよっしん2012/02/10(金) 03:11:13 ID:E9b9M4a252
オウルニキに殺られた･･･

53ななしのよっしん2012/02/10(金) 07:22:32 ID:QygFZoIkO0
>>52
俺も苦戦中ｗ
３連続空振りとかしてしまうと絶望感が…_nolll

54ななしのよっしん2012/02/10(金) 10:20:24 ID:rN63fbWjUQ
>>48
なおロビニキは８割の模様
ぐう畜ぐう畜アンドぐう畜

55ななしのよっしん2012/02/20(月) 13:19:48 ID:JzUm5cKg05
ライト方向の打球が98.8ｍでホームラン。100ｍいかなくても入るのね

関係ないけど重複文章が多い記事だな

56ななしのよっしん2012/02/23(木) 12:39:48 ID:TSAaWTIFV0
ハチミツの時間だね(ﾆｯｺﾘ

57ななしのよっしん2012/03/09(金) 18:59:10 ID:6Madqyvu4Y
ティガーは一発でクリアできたけどロビンのあの緩急自在のピッチングは無理

58ななしのよっしん2012/08/15(水) 14:38:07 ID:PWkkPFbK88
プニキwww

59ななしのよっしん2012/11/10(土) 02:18:59 ID:lm0rLk9W18
今日だけではティガニキに勝てなかった
まあ前のめりでタイミングが合わせやすそうだし
オウルニキに比べれば攻略も楽かも知れない

60ななしのよっしん2012/11/13(火) 22:50:09 ID:GamEvY8Qab
ワイ将、久しぶりのプレイでカンガルーを４回で突破するもうさぎに挑むこと３９回、未だにクリアできん模様

61ななしのよっしん2012/11/25(日) 00:17:18 ID:cZxqkykSun
さっき初プレイしてきた俺が通りますよ
オウルニキ鬼畜すぎワロタｗｗｗ初めてノルマいかなかったわ、これ以上難しくなるとか何なんやこのゲーム･･･

62ななしのよっしん2012/12/03(月) 11:57:12 ID:dKyjZBiAC+
もうすぐ今年も終わりだね（ﾆｯｺﾘ）
またなんJ民の戦いが始まる模様

63ななしのよっしん2012/12/17(月) 21:26:54 ID:2AUktwwm7D
バットもボールも見ずに影だけ見てた方が安定するな

64俺内野手2012/12/20(木) 23:26:03 ID:8pvN0GWK0Z
ワイ将、お正月に向けオウルニキで経験値稼ぎ。
なおロビカスには全く敵わん模様

65ななしのよっしん2012/12/22(土) 23:33:55 ID:Enq7YUjxTz
くまのプーホールズで大草原

66ななしのよっしん2012/12/24(月) 10:04:01 ID:rN63fbWjUQ
延々とあのBGM聴きながらやるのは苦痛だから応援歌動画でも流しながらやろう（提案）
>>sm19066521
sm19066521
>>sm16288307
sm16288307

67ななしのよっしん2012/12/25(火) 02:47:57 ID:ik/8wHV7oK
昨日の深夜、発狂しそうになりながらトータル5時間でティガーまで倒したわ
内訳はオウルとティガーに2時間ずつぐらいだが……
ロビンはクリアする気も起きなくて吹っ切れたｗ

68ななしのよっしん2012/12/26(水) 00:15:49 ID:gfpVVW0Aia
なんとかティガーまでたどり着いたけど、ファール空振り多過ぎて心折れそうだわ…
二軍(スティッチのほう)のインとかいうロビンポジにも勝てないしorz

69ななしのよっしん2012/12/26(水) 16:01:35 ID:tVuvdwLxe1
www.disneygames.jp/sports/3018/
ここにもこのゲームあるよ
ほかにもゲームたくさんあるけどクソゲー良ゲー混ざりまくりになってるww

70ななしのよっしん2012/12/26(水) 21:17:44 ID:gfpVVW0Aia
ティガーと二軍制覇。
ティガーは前中央に陣取って、左右の移動は微調整程度(大き目の外角内角は捨て球)で行けば結構楽だった。
今ではオウルの方が打てる気がしない。

71　2012/12/29(土) 23:20:02 ID:Wp2Fggpw4z
オウルニキ畜生すぎィ！一緒や！打っても！

72ななしのよっしん2012/12/30(日) 00:17:12 ID:rN63fbWjUQ
誰かデータ消えないようにする方法知りませんかね…
ついさっきやったのすら消えてるんだけど

73ななしのよっしん2012/12/30(日) 00:33:19 ID:82I6hqEUAn
クッキーやFlashPlayerのサイトごとのローカル記憶領域設定を削除してるからじゃないか？消えるのは

74ななしのよっしん2012/12/30(日) 00:52:27 ID:rN63fbWjUQ
>>73
サンキュー
確認してくる

75ななしのよっしん2012/12/30(日) 01:45:07 ID:Q2yCv55t8J
年末年始はホームランダービーに限るな！

76ななしのよっしん2012/12/31(月) 05:20:17 ID:1P6oJscya2
オウルニキは初見で突破したが
ティガニキが畜生過ぎィ！

77ななしのよっしん2013/01/01(火) 00:44:45 ID:KZ/iN69Fqj
今年もプニキの時間がやってきたね(ニッコリ

78ななしのよっしん2013/01/01(火) 04:46:55 ID:GamEvY8Qab
個人的にオウルよりラビットが苦手や、オウルは去年の正月初見一発、ティガカス1時間くらいやったけどラビットは2時間くらいやっとった
ロビカス？さっきから30分以上やっとるけど40本中10本も打たれへん

79ななしのよっしん2013/01/01(火) 06:33:26 ID:D+KXtLImAy
外側にWWボールからの内側へ消える魔球
畜生ですわ

80ななしのよっしん2013/01/02(水) 20:12:16 ID:3997FU5GYn
4chanに今頃輸出されて現在阿鼻叫喚のようです

81ななしのよっしん2013/01/02(水) 20:54:28 ID:+ttdgLP7sz
4chanが「fack」だらけで草生えた、海外でも新年を台無しにするとはたまげたなぁ

82ななしのよっしん2013/01/03(木) 00:19:46 ID:OUNf5ooTnl
なんで新年早々子供向けのゲームで、カーソル下手に動かさんように左手で右手首必死に掴んでプレイしているんだ？

83ななしのよっしん2013/01/04(金) 05:05:19 ID:2Ykei2/5tv
この記事臭すぎだろ
面白いと思って書いたのかな?

84ななしのよっしん2013/01/04(金) 13:52:38 ID:d4BtmJfgMx
>>89
>また、「（ホームラン以外は）いかんでしょ」と、ヒットをゴミゴミアンドゴミと切り捨て
くさい

85ななしのよっしん2013/01/04(金) 16:00:21 ID:24fGWCQjeo
ロビカスどころかカンガルーさえ無理だった…

86ななしのよっしん2013/01/04(金) 16:34:05 ID:rqcyqcTStB
タイトル画面のプニキがかわいいと思った（プ好並感）

87ななしのよっしん2013/01/04(金) 19:42:57 ID:3997FU5GYn
ちなみに英語版もちゃんとあるが、日本版を大リーグと例えるなら草野球レベルでぬるいらしい

88ななしのよっしん2013/01/04(金) 20:37:16 ID:lT0m67EceN
やっとの思いでアウル、ティガーを倒した後に出会う
魔王ロビンの絶望感は世界共通だな

89ななしのよっしん2013/01/04(金) 21:07:44 ID:WJoZmMrho6
中々面白いな
全然違うジャンルだけどデモンズソウル的な面白さを感じる

90ななしのよっしん2013/01/05(土) 03:20:47 ID:4zBtmXS2E3
このBGMってコスパのラジオCMに使われてたよね
分かる人いるかな

91削除しました削除しました ID:yhLSGzLw6i
削除しました

92ななしのよっしん2013/01/07(月) 01:33:57 ID:oefjCEoqDW
くっせえなこの記事…

93ななしのよっしん2013/01/07(月) 04:52:53 ID:EE+p/LEklk
ロビンとかいう糞餓鬼がウザすぎる
ツラもフォームも投球内容も不快
ピッチャー返し直撃させたい

94ななしのよっしん2013/01/11(金) 14:16:00 ID:A2Qjn0ZnHj
アウルの外角球ゾーンに入ってないだろ・・・プニキの手にかかればタイミング次第で流し打ち150Mオーバーにするからいいのかもしれないけど

95ななしのよっしん2013/01/11(金) 16:33:43 ID:d4BtmJfgMx
くっさ
やっぱニコ厨って糞だわ

96ななしのよっしん2013/01/11(金) 22:08:58 ID:sFmpVeaAz1
３時間くらいで猛虎に勝てたが、ロビンは１回やっただけでやる気をなくしたわ。
あれに勝てる奴人間越えてるだろ・・・

97ななしのよっしん2013/01/17(木) 19:21:56 ID:Mr0I7zyFiY
プニキかっこいい

98ななしのよっしん2013/01/20(日) 14:12:24 ID:82I6hqEUAn
球団選手誹謗ネタや弁護士殺害ネタが大好きななんJ民のくせにこの程度のネタで臭がるんか

99ななしのよっしん2013/01/28(月) 16:04:24 ID:9iPpBcd8Am
猛虎で諦めよう

100ななしのよっしん2013/02/01(金) 12:05:15 ID:fEDXJVc/1z
なんJ民は屑のフリした一般人だからね
なお

101ななしのよっしん2013/02/01(金) 15:42:12 ID:/1dfFbxI8J
ttp://goo.gl/7wD2k （「行が長い」と注意されたから短縮URL＆短縮だと直にURL貼れんからh抜きで）すまんな

掲示板での議論を経ない大幅な内容削減なので差し戻しよろしく。
なお、編集した奴には編集権停止申請が出ている模様
http://nicodic.razil.jp/test/read.cgi/del/1320819415/561n

102ななしのよっしん2013/02/05(火) 20:24:18 ID:Roxdc7EfZS
オウルで投げた。もう再開する気力もなし

103ななしのよっしん2013/02/07(木) 19:57:40 ID:soaan38bMs
プレイするたびにぐだぽよ～って幻聴がする
あの音楽フリー素材なのかな

104ななしのよっしん2013/02/11(月) 00:38:37 ID:K9lVkmHipS
ダメジャーと比べたらそりゃあ野球だわｗ

105ななしのよっしん2013/02/14(木) 08:35:04 ID:lT0m67EceN
gdgd妖精sのエンドロールでネタにされてた…

106ななしのよっしん2013/02/14(木) 18:56:11 ID:DlnG3qLA9x
オウルニキ強い・・・
    

      



タイトル:（曲名不明）



ほめる




記事内再生用タグ:

107ななしのよっしん2013/02/16(土) 14:01:02 ID:RRMEhCxVv6
イーヨー攻略に30分費やして
カンガ＆ルーで投げてプレイ動画見たわｗｗｗ
出来るかボケｗｗｗｗ

108ななしのよっしん2013/02/17(日) 13:00:19 ID:fnym7lK4f8
ティガニキに勝てない

109ななしのよっしん2013/02/17(日) 14:58:05 ID:6N3PGMh4Pq
なんだこれ荒らしか

1101062013/02/17(日) 19:51:15 ID:DlnG3qLA9x
ピコをもう少しちゃんとやってみた




タイトル:（曲名不明）



ほめる




記事内再生用タグ:

111ななしのよっしん2013/02/20(水) 00:07:36 ID:79InyT76OE
このゲームってブラウザ閉じてもクッキー残ってたらステータスとかそのまま？
せっかく育成したので残したい

112ななしのよっしん2013/02/20(水) 22:50:54 ID:xghzfJzBZq
そのままじゃね？

113ななしのよっしん2013/02/25(月) 22:07:48 ID:jxSxWO0Ay4
苦節うんヶ月、ようやくティガニキを攻略
ロビカスなんじゃこりゃあああああ
カスと言われるだけある、言葉ではなく実際に体験してみると納得

114ななしのよっしん2013/03/04(月) 16:11:44 ID:SBwnMJcPRt
WBCアメリカ代表でプニキとロビカスが参加したら悪夢だろうな
>>111
残る、でも履歴の削除してある程度育てたプニキを消した事があるよ俺

115ななしのよっしん2013/03/04(月) 16:17:50 ID:aKNQr3fWPQ
>>114
原作はイギリスだからたった二人のイギリス代表だね（ﾆｯｺﾘ

116ななしのよっしん2013/03/05(火) 18:23:20 ID:UZ0QSsxdMK
ティガまでは初見から3時間くらいでいけたけど、ロビンが無理すぎる
30本が限界だわ　オウルボールとかリアルラックないと打てない

117ななしのよっしん2013/03/05(火) 18:48:36 ID:HxfQJCDAqj
久々にやってようやくオウルを倒した。
ティガーは緩急にはまるとまったく打てないな。
能力あげても消える直球魔球にはほとんど影響しないから慣れるまで時間かかりそう・・・。

118ななしのよっしん2013/03/08(金) 07:45:31 ID:fnym7lK4f8
前までティガニキに全然勝てなかったのに
久しぶりにやったら簡単に勝てた…

119ななしのよっしん2013/03/14(木) 15:41:28 ID:UFjgr7MG16
オウルまでは行けたがティガニキ強すぎて戦意喪失したｗｗ

120ななしのよっしん2013/03/21(木) 21:37:08 ID:H2DHG2ZR4F
ティガニキは前で打つ方がいい
速い球と遅い珠のタイミングの差が小さくなる
オウルニキは直球だと思えば3球に2球はいける

121ななしのよっしん2013/04/06(土) 17:57:46 ID:rsG435aY9o
某配信者が47時間ロビカスとやっててワロタ

122ななしのよっしん2013/04/15(月) 02:13:56 ID:T6Sz/M9/qn
ちなみにこのプニキ、200ｍ弾を打った直後マウスを離すとすぐにセットポジションに戻る姿が確認できる。
あんたの腕はなんなんだ。

123ななしのよっしん2013/05/18(土) 04:30:19 ID:tHMPFkqqBk
二時間かけてオウル突破したけどティガニキがやばい
オウルよりかはイライラしないが

124ななしのよっしん2013/05/18(土) 14:47:56 ID:l7lGpn6xUx
ホームランダービーだからホームラン以外無価値なのは仕方ないね

125ななしのよっしん2013/05/25(土) 19:56:31 ID:+ttdgLP7sz
実況者でクリアして見せる奴がいつでるのか…普通にやってるだけでも相当な苦行だが

126sage2013/05/27(月) 21:48:40 ID:gAA8i48M3y
MADできてたｗ

>>sm20962955
sm20962955

127ななしのよっしん2013/05/28(火) 20:36:23 ID:aw9SC2jwSi
カンガ＆ルーは地獄の番人で良いの？門番じゃなくて

128ななしのよっしん2013/05/29(水) 15:58:00 ID:nITud5u7+O
風の噂を聞いてプレイしてみたがオウルニキはガチ強いな、くろえもんの心境が今になってわかるわ

129ななしのよっしん2013/05/29(水) 23:35:31 ID:ZJXKA67c/Q
オウルニキ１０回目でやっとクリアしたｗむずすぎワロタｗ

130ななしのよっしん2013/05/30(木) 00:29:15 ID:x73Olnfua8
森の畜生共ｗｗｗｗｗｗｗｗｗｗｗ

131ななしのよっしん2013/05/30(木) 02:15:49 ID:HlmajusVjp
スピード初期値しばりで3日ぐらいかけてロビカスぶっつぶした配信者がいた

132ななしのよっしん2013/05/30(木) 14:33:34 ID:Yg0vMMSo67
大百科で呼吸困難になりそうなくらい笑ったのは久しぶりだ

133ななしのよっしん2013/05/30(木) 14:56:36 ID:2cWYFR1fZL
オウルニキ、5度目の挑戦で30分かけてクリア・・・
最後はだんだん慣れてきて22本打って圧勝。こっからも難ずかしいと思うと辛いわ。。。

134ななしのよっしん2013/05/30(木) 15:01:13 ID:vWPvjwVv+F
おまえらが出来ても子供はできないからな？

135ななしのよっしん2013/05/30(木) 16:33:22 ID:lT0m67EceN
未だ実況で最後までクリアできてる人はおらず…
よっぽどゲームの腕に自信のある人じゃないと無理だろうね

136ななしのよっしん2013/05/30(木) 17:16:36 ID:jFOlR0a1JX
これのスティッチ版がディズニー公式にあるけど
ほぼまんまだぞ
難易度を考えなければ

137ななしのよっしん2013/05/30(木) 17:41:24 ID:c+5vU/pyY8
ふたばでも流行ったのに記事をなん糞寄りにすんじゃねえよなんカス

138ななしのよっしん2013/05/30(木) 17:47:04 ID:lT0m67EceN
>>126
プニキMADは今年の正月に4chanの外人たちが色々作ってyoutubeで荒ぶってたな
youtubeで検索するといろいろ出てくるぞ
http://www.youtube.com/watch?v=pCN_dCrt9HM　こんなのとか

139ななしのよっしん2013/05/30(木) 20:31:23 ID:lT0m67EceN
「pooh's home run derby」でイメージ検索すると
海外での阿鼻叫喚ぶりが少し味わえるぞ

140ななしのよっしん2013/05/30(木) 21:07:08 ID:hLNc4W0X+7
>>sm20993944
sm20993944

141ななしのよっしん2013/05/30(木) 22:18:46 ID:bsxa76i1H+
>>140
動画投稿後７分で掲示板に貼りに来る自演ステマやめろや

142ななしのよっしん2013/05/31(金) 00:03:55 ID:lSPtZUy9wd
オウルニキに大苦戦したがティガニキはそこまで苦戦しなかったわ
棒球だから当たれば大概ホームランだし
オウルニキは芯を外してくるのが本当にキツイ

143ななしのよっしん2013/05/31(金) 01:20:43 ID:8s+YreThVT
>>142
ウォーミングアップはすんだようだな
じゃ本番の次行こうか(ﾆｯｺﾘ)

144ななしのよっしん2013/05/31(金) 04:25:16 ID:iC/9LjCHL7
ふたばを持ち上げてなんJをこき下ろしてる奴らはどうせどちらの住人でもなく勝手なイメージでなんJを嫌ってるんだろうなあ
もしこいつらが「」なら「」も随分落ちたと思うけどそんなことはないだろう

145　2013/05/31(金) 11:41:22 ID:zN3QDXdhgD
４ｃｈ、ふたば産のコラをなんJのものと勘違いしてたバカがきたか

146ななしのよっしん2013/05/31(金) 14:17:27 ID:P0Hl3a2CTo
自分はなんJもふたばも詳しくないが
この記事は今までの編集者がなんJよりの人だっただけじゃないの？
ふたば・4chでの事情に詳しい人が記事追記すれば良いんじゃないかな
ふたば云々と書き込んだ人で編集ができる人はやってみてはどうだろうか

147ななしのよっしん2013/05/31(金) 17:13:16 ID:8Qrk+J2APJ
初期ステ＆タッチパッド縛りでやってみたが、ラビニキが限界やった・・・

148ななしのよっしん2013/05/31(金) 21:56:29 ID:v5iVN4mAU/
ふたば民ってふたば以外でふたばネタ使ったら「ふたばネタを他所に持ち出すな」って言うくせにこういうとこだと「このネタはふたば発祥だろふざけんな」って噛み付いてくるから面倒臭いんすよ・・・

149削除しました削除しました ID:/pAdldZqsv
削除しました

150ななしのよっしん2013/05/31(金) 22:17:36 ID:NShIiWUhwv
冬季キャンプ（冬眠）を終えたプニキが着々と体を作っている
プリーグ開幕まであと６か月

まーた貴重な正月を無駄にしてしまうのか（呆れ）

151ななしのよっしん2013/05/31(金) 22:21:04 ID:dhr34PH0d+
2chは「俺たちが広めた」
ふたばは「壺がやった」
だから情報が混在するのも無理はない

152ななしのよっしん2013/05/31(金) 22:41:54 ID:EHdAviHSdZ
どこ発祥とかどうでもいいけど
マケドニアとかビッグ錠コラに対してなんJ特有の雑コラとか言ってりゃ指摘されて然るべきだったな

153ななしのよっしん2013/05/31(金) 23:11:05 ID:wj3DGSHcJi
どうみても雑じゃないふたば産のコラになんｊ特有の雑コラとか言うとるのはただのニワカやろ
顔だけ適当にくっつけてるのは雑コラかもしれんが、何げにあれ顔の向きしっかり変えてるから思いの外丁寧なんだよなあ

154ななしのよっしん2013/06/01(土) 02:34:25 ID:j4M2eee9Zw
なんJで流行る前にニュース速で流行ってたよ確か
まあニュース速っていうかネットの至るところで話題になってたのだろう
どこが起源とかアホらしい

155ななしのよっしん2013/06/01(土) 09:16:48 ID:mKKDj8nrl4
どこ発祥だろうが結局はアフィブログ→ニコニコ、って感じの流れのパターンだしな

156ななしのよっしん2013/06/01(土) 09:37:03 ID:U9kdY5GbtX
どうせ子供向きだろどんだけ騒いでんだよと思ったらオウルが基地外染みてて泣いた

157ななしのよっしん2013/06/01(土) 14:14:44 ID:ZrQwr/Ors4
挑んでみたがクッソむずいｗｗｗ
ただホワイトボール、ワイドホワイトボールを見れてなんか満足。やっぱシロえもんとクロえもんすごいわ。
あとラビットのあれはトンボールっぽく思った。

158ななしのよっしん2013/06/01(土) 15:05:29 ID:jGVVgeKRA3
10年ほど前にやったゲームが今またブレイクするとはねぇ

懐かしみついでにやってみたけど

…オウルの強さで放棄した。何アレ。(でも昔はティガーまでいった記憶が)

159ななしのよっしん2013/06/01(土) 15:29:11 ID:3Osyh4IvSC
どうでもいいが、ステージ選択をしたときの音楽が聞いたことあるんだが、なんの音楽だこれ

160ななしのよっしん2013/06/01(土) 15:37:48 ID:3Osyh4IvSC
あ、記事に載ってたがgdgd妖精sかwwwww
フリーのやつでも使ってんのか？

161ななしのよっしん2013/06/01(土) 15:50:14 ID:cyAof4X86v
こんなところでドラベースに出会うとは思わなくて謎の涙が

162ななしのよっしん2013/06/01(土) 19:09:59 ID:hw4YiorbRy
投稿者がなんJ民なんだからなんJ特有の雑コラでいいじゃん(いいじゃん)

163ななしのよっしん2013/06/01(土) 20:28:24 ID:qr+67Hmgnh
半日かけて能力カンスト&最終Stageロビンまできたけど40/50が無理ゲーすぎて放棄する事にした
じゃあ俺、イーヨーをフルボッコして帰るから

164ななしのよっしん2013/06/01(土) 23:21:51 ID:AkqqiCFzgu
ふつうさ、クリアー動画ってなるだろ？
ロビカス粉砕動画ってなんだよｗｗｗ
クリアーでいいだろｗｗｗ粉砕ってｗｗｗｗ

165編集者2013/06/01(土) 23:56:30 ID:+4VT4mS1xS
３時間ほどでティガニキまで粉砕したけど、右腕攣った。ロビカス見てPC粉砕余裕でした。

166ななしのよっしん2013/06/02(日) 00:45:32 ID:G3DzULB888
こんなところにもなんJアンチ兄貴が沸いてるのか・・・(唖然)
進撃MADが出来てから知って書き込んでる奴に起源が～とか言われてもリアクションに困るんですがそれは

167ななしのよっしん2013/06/02(日) 02:45:49 ID:1CFuXuNeu+
オウルニキで苦戦したけど5回目でなんとか勝てた（17→18→18→17→19）
ティガニキも慣れれば割と打てるようになる

ロビカス？知らんな

168ななしのよっしん2013/06/02(日) 03:29:21 ID:EHdAviHSdZ
起源が～とか主張してるのってなんJ民きどりだけなんだよな
残念ながら

169ななしのよっしん2013/06/02(日) 07:42:32 ID:AkqqiCFzgu
>>166
今年のMMD杯以降からずっと荒らしまわった付けだ。
レスリング厨同様に、淫夢動画だけでランキング荒らししてれば、アンチもここまで増大しなかっただろうよ。
無関係の動画や古い動画まで荒らして回った結果だから。
かといって、過剰な淫夢叩きも問題だけどね。
厨もアンチも無言で通報するのが一番なんだろうけどね。

しっかし、このゲーム難しいな。
ロバで５回ぐらいやり直したわ。
これ完全クリアーできるとか、どういう動体視力と精密性持ち合わせた超人間なんだよ。

170ななしのよっしん2013/06/02(日) 15:01:12 ID:v5iVN4mAU/
>>168
なんJ気取りの奴しかいないならそもそも起源がどうとか言いはじめないんじゃないかな

>>169
数年前から淫夢厨嫌いな奴はたくさんいたけど一向に淫夢厨は減らないんだよな
なんでだろうな・・・

171ななしのよっしん2013/06/02(日) 17:19:19 ID:7whkVY8iFC
豚こえれたー
ってかパワー無振りでも140ｍ越えざらだぞ

172ななしのよっしん2013/06/02(日) 17:40:10 ID:OUo8ZY4qNF
オウルで積んでたから久しぶりにやろうと思ったら初めからになってたお

173ななしのよっしん2013/06/02(日) 23:24:20 ID:KozEdFrr1p
調べてみたら、なんＪで流行ったのは2012年の1月1、2日から。
ふたばで流行ったのはそれ以降だし、４ｃｈではかなり後。
このスレもＭＡＤ流行るまではなんＪコメが多いのに、知名度上がったら発祥説唱えるとか恥ずかしいからやめろ。

あと雑コラは巨人を倒すときのロビンとプーさんの顔のコラ部分を指してるのであって、
画像の拠出に関しては言及してないよね

174ななしのよっしん2013/06/03(月) 15:07:57 ID:liEmKAVMTz
ふたばでもimgで流行ってたよ2012年の同時期に
そもそも無育成でロビカス粉砕したのimgの「」じゃん

175ななしのよっしん2013/06/03(月) 19:59:29 ID:5LphtxGH/e
発祥に関してはほぼ同時期だからなんともいえないけど
雑コラと言われてるところは細かく調整されてて雑とは思えないんだが

176ななしのよっしん2013/06/03(月) 20:33:07 ID:KozEdFrr1p
>>174
調べりゃすぐにふたばのが後って解るし、同時期って無理やりすぎ
2文目の快挙は知ってるが書く意図が解らない
>>175
152や153辺りに対して書いただけ
個々の主観にケチ付けるつもりもないし、押しつける気もない

177ななしのよっしん2013/06/04(火) 19:20:07 ID:O3PFY+mY6d
ティガーはティガニキもいいけどイェーガーって呼んでもいいと思うんだ

178ななしのよっしん2013/06/06(木) 10:38:31 ID:fnym7lK4f8
たまにやりたくなるんだよな
で、結局ロビカスで詰む…

179ななしのよっしん2013/06/06(木) 18:37:18 ID:wj3DGSHcJi
>>175
あれはぱっと見雑コラやけどよく見たらそうでもないというネタか何かやろな

180ななしのよっしん2013/06/08(土) 16:14:47 ID:fBavdbpSBQ
ロビン挑戦中。今までは２０本打てれば良い方だったが、
不思議とオウルボールとティガーボールが全然来ない回があって、３４本打てた…！
クリアも十分狙えたんだが、終盤に緊張でミス連発してダメだったわorz
もうこんなチャンス２度と来ないんだろうな…。

181ななしのよっしん2013/06/09(日) 13:52:20 ID:8dhVscp6XR
だれか「１００イェーガーの森」でこの記事に転送されるようにしてくれないか？

182ななしのよっしん2013/06/12(水) 01:38:15 ID:0piMZ2s9Ag
>>176
ふたばで残ってる最古のログが1月2日のものだし、
その時点ですでに何スレか立ってる感じだったからほぼ同時期で問題ないと思うんだが。
何が「調べりゃすぐにふたばのが後って解るし」だ。

183ななしのよっしん2013/06/12(水) 13:05:06 ID:G3DzULB888
>>169
淫夢＝なんＪじゃなくて淫夢≒なんＪなんですがそれは・・・
※182
なんＪでは元日にかなり盛り上がったんだけど
「そのゲームを見つけた」ということなら普通の一般人の方が先に決まってるだろ
というかふたば民ってクリエイティブで面白い人が多いイメージだったんだけどこんなのばかりとは・・・

184ななしのよっしん2013/06/12(水) 13:07:46 ID:FUaZ9XyoBP
まぁちょっと揺さぶれば見苦しい一面なんてボロボロ出てくるもんでしょ
コミュニティにしろ個人にしろ

185ななしのよっしん2013/06/12(水) 16:48:09 ID:ow8ZTskjHj
いつまでも起源で争ってる半島人気質の方々にプニキからのお言葉
http://kashima.tumblr.com/post/16110305571/may

186ななしのよっしん2013/06/13(木) 22:12:26 ID:Qm7ejJoHkk
なんかWWボール打ってるとドラベースの世界に入った気分になれる

187ななしのよっしん2013/06/14(金) 15:36:01 ID:Mq7vQ2x9Ra
森の畜生どもがWWWボールやWorldボールを使ってくる日も近い

188ななしのよっしん2013/06/19(水) 13:10:31 ID:/pAdldZqsv
また二次裏から転載か

189ななしのよっしん2013/06/19(水) 19:08:37 ID:TTq0mlnUTk
>>188
無断転載当たり前のふたばには言われてもねえ

190ななしのよっしん2013/06/26(水) 15:08:53 ID:foQY3P1uH3
パワー上げて際どい球を放り込んだり飛距離を伸ばしたほうが獲得ポイントが増えて結局は効率が良い気がする

191ななしのよっしん2013/06/28(金) 23:43:12 ID:sJOmHREcif
これが本当のbase ball bear

192ななしのよっしん2013/06/29(土) 12:15:36 ID:ob9OVzb5+z
＞いつヤフーニュースのトップに「阪神、プーを調査」と出るか楽しみである。

ここはデイリーやろｊｋ

193ななしのよっしん2013/07/09(火) 20:15:16 ID:Qm7ejJoHkk
これに比べると
プーさんゴルフは良心的

194ななしのよっしん2013/07/13(土) 23:34:14 ID:wR5MNwkGoE
今、この記事見てやってみた
難しすぎる
最初の２回でイーヨーにすら１つもホームランを打てなかった
３０分ぐらして慣れてきたら、あとはオウルまでは何とかいったけど、あのマジキチ横振動ボールを６割打ち返すのは無理だろ

195ななしのよっしん2013/07/15(月) 23:10:23 ID:JiOFEStz1T
http://www.narinari.com/Nd/20130621904.html

【速報】プリーグ、夏期も開催

196ななしのよっしん2013/07/16(火) 12:54:42 ID:5MNEY5Km2L
ロビンを粉砕した時になんＪの連中を初めて見直したｗ

197ななしのよっしん2013/07/17(水) 18:52:45 ID:p6alfv8kP2
システム音声がはぴねす！（エロゲ）と同じで草生えた。

198ななしのよっしん2013/07/22(月) 17:28:33 ID:n/WnEL8AVv
ステータス上げるの忘れて6面までレベル０だったわクソwww

199名無し2013/08/15(木) 19:10:19 ID:bFhYAg8SR6
何回やってもオウカスに勝てん
オウカス死ね

200名無し2013/08/16(金) 00:55:23 ID:bFhYAg8SR6
よっしゃあああああああああああああ
オウカス逝ったあああああああああああああああああああああ

201ななしのよっしん2013/08/18(日) 09:39:39 ID:EdFvQ59m+Y
ティガニキに勝てない

202ななしのよっしん2013/08/20(火) 04:43:56 ID:J7RHB7fQof
このゲームそんなに難しいゲームやったんか
なんや簡単にホームランできるバカゲーやんけ！って笑いながらやってたが
なおオウルニキに勝てずに辞めた模様

203ななしのよっしん2013/08/22(木) 00:33:07 ID:y4OytnPPAm
>>198
むしろ賞賛に値する

204ななしのよっしん2013/08/24(土) 17:10:28 ID:Jjc80qgf1B
オウルまで無育成で行けたってすごすぎ
パワーとミートはデフォでもオウルまでは行けるがスピード上げないとピグレット以降打てん
なおフル育成してもロビカスで詰まってる模様

205ななしのよっしん2013/08/26(月) 15:15:41 ID:VBEJW/2apv
プニキの持論に対して3倍打点ニキはさぞお怒りなんやろなぁ…

206ななしのよっしん2013/08/26(月) 23:57:45 ID:EwxPxqAsDx
？？「ムリ！オウルムリ！！」

207ななしのよっしん2013/08/27(火) 09:49:10 ID:O3PFY+mY6d
ロビンを無育成で倒せる最強のプニキは現れるのであろうか？

208ななしのよっしん2013/08/29(木) 03:29:25 ID:vBZz9n1U5s
ティガカス逝ったぁぁあああああああああｗｗｗｗｗｗｗｗｗ


５時間かかったンゴ・・・

209ななしのよっしん2013/08/31(土) 16:42:09 ID:6OL4dcvHN0
はじめて今日存在を知りました、大百科の説明だけで草を生やさざるを得ない（笑死に）

210ななしのよっしん2013/09/01(日) 04:16:24 ID:/a+VtohP2p
消防の頃なんとなーくやってたゲームが
まさかこんな有名になっていたとは・・・

211ななしのよっしん2013/09/05(木) 20:06:44 ID:CGH7YO4NuS
無育成ティガニキ撃破＆掲示板初カキコの記念に。
にしてもロビカスの畜生め、６割で負けを認めてくれよ…

212ななしのよっしん2013/09/06(金) 08:30:36 ID:UiQ+bjjVj3
これ面白いな。ていうか慣れるまでに何度分投げようと思ったかｗ

213ななしのよっしん2013/09/06(金) 21:20:24 ID:iQFXEixb42
オウルで泣きを見たｗラビットまでは割と楽だったけど、アレは反則ですわ

214ななしのよっしん2013/09/08(日) 14:42:52 ID:5wStx8QgsN
本当に畜生共だなｗ　オウルで詰まった。面白いけどムカツクゲームだなこれ

215ななしのよっしん2013/09/09(月) 01:21:45 ID:eH04T5+Y4J
公式サイトのスティッチのコズミックスラッガーの方はノルマが少ないから楽勝だった。
無育成初見なのにインで一回ミスっただけでクリア出来た。
森の畜生どもに比べたら奴らは所詮2軍だな。

216ななしのよっしん2013/09/09(月) 19:55:59 ID:ZJdz/WO5/W
オウルニキやべえな。
全然いいとこでミート出来んわ。
初見で粉砕しようってのが甘かったのか。
それなりにコツは掴んだつもりだったんだが。

217ななしのよっしん2013/09/10(火) 12:50:05 ID:duu+EnfRma
ゲーマーのはしくれのワイ将、ロビカスを粉砕
オウルニキが何故か簡単にクリアできてもうたのでロビカスのオウルボールに苦戦
まあさすがにゲームに慣れてる人なら何とかなるレベルやわ
修羅の国の猛者たちとかなら無育成でロビカス粉砕できそうな気がする

218孤高の狩人2013/09/10(火) 14:32:09 ID:imwONfFiVT
オウルニキに詰んで、初心に帰ろうとイーヨーに戻ると、空振りの連続に心が折られる

219ななしのよっしん2013/09/12(木) 00:42:27 ID:xbkpVnW/3e
オウルニキはミートとスピード１段階あげたらいけた
ティガニキは打てん
初見で15HRまでは打てたがなかなかステ上げても伸びずにやる気なくした

220ななしのよっしん2013/09/18(水) 01:39:56 ID:Ru66r/e5HL
ホームランの打ち損ないがヒット

221ななしのよっしん2013/09/19(木) 16:03:14 ID:obQ8r0MasO
想像してた百倍スイング速くて笑ったｗｗｗ

222ななしのよっしん2013/09/20(金) 00:19:44 ID:ZZnNW0/gzF
4chanでも流行してるのかよワロタ

223ななしのよっしん2013/09/20(金) 17:03:14 ID:LPKOCIXObW
何も育ててないと流さない限りホームランにならねぇｗ
ってか引っ張ると全部ファールって…ｗ

224ななしのよっしん2013/09/20(金) 17:33:04 ID:LPKOCIXObW
ってか何で池に落ちてんのに音がグラウンドと同じなんだ…ｗ

225ななしのよっしん2013/09/21(土) 03:34:16 ID:35bEDcqtI2
あれは絵だ（暴論）

226ななしのよっしん2013/09/21(土) 22:53:55 ID:eH04T5+Y4J
ワイのプニキ、集中力の低下による成績不振でバットを置くことを決心。
なお、対ロビカス最高成績は37本(無育成25本）の模様

227ななしのよっしん2013/09/21(土) 23:40:12 ID:QGeFannmg9
ラビットがクリア出来るならオウルはクリア出来る
結局、まっすく加速か、ジグザグで加速の違い

慣れればラビットと同じ

228ななしのよっしん2013/09/22(日) 17:58:14 ID:eneAMEejL2
>>227
それはよほど運が良かったか、お前の動体視力が異常だから

229削除しました削除しました ID:OgCwLfSRtv
削除しました

230ななしのよっしん2013/09/22(日) 20:49:42 ID:0+F5+kqhFo
スイングが早すぎてタイミングが全然取れなかったｗ
お前はオズマかｗｗｗ
しかも、長押ししないといけないのを知らなかったから空振りばかり・・・

231ななしのよっしん2013/09/24(火) 00:57:53 ID:BHMeMVWRsX
加速についていけないワイのプニキ、引退を宣言

232ななしのよっしん2013/09/25(水) 07:05:10 ID:WXI2dwytdx
ティガカスは純粋に実力勝負やからまだええねん
オウカスのは運要素が大きくて(アカン)

あんなん人間の動体視力と軌道予測能力では見切られんやろ

233ななしのよっしん2013/09/25(水) 22:10:21 ID:QuB8IqHWMD
ワイ将、プ･リーグへむけて調整中
オウカスの球が全くうてん

234ななしのよっしん2013/09/27(金) 02:46:14 ID:J1gH91lbUD
プ・リーグ初参戦＆無育成オウカス撃破記念カキコ
現在ティガニキの消える魔球に苦戦中
なんなんですかねこの鬼畜ゲーは…

235ななしのよっしん2013/09/27(金) 03:04:12 ID:gH3i0DQ99u
ティガニキ４本しか打てなかったンゴ……

236ななしのよっしん2013/09/28(土) 08:20:02 ID:RDQfz3DtxE
スイングスピードってさ、速いとか書かれてるけど……むしろ遅くね？
完璧なタイミングで振ったと思っても差し込まれて
右側ファールになる事が多くてイラッとする。

237ななしのよっしん2013/09/29(日) 18:40:32 ID:IwNQKZBCpg
オウカスんとこで妖怪イチタリナイが大量発生してやがる。もう何度目や…

238ななしのよっしん2013/09/29(日) 22:32:10 ID:WXI2dwytdx
ワイ将、ロビカス相手にキャリアハイの28本塁打を記録し満足する
もうクリアする前提で作られてるのか怪しいレベルやね

ロビカスはオウルボールよりも何よりも、たまに来る全力ストレートが一番打てる気せえへん

239ななしのよっしん2013/09/30(月) 18:10:43 ID:bsxa76i1H+
プ・リーグ開幕までついに残り三ヶ月やで
気を抜かずキャンプに励みや

240ななしのよっしん2013/10/04(金) 00:52:49 ID:cJRsbrNbF6
野球の経験無かったけどこのゲームで配球や緩急がどれだけ大事なのかを教えてもらったよｗ
有袋類の内角ストレートきっついわ

241ななしのよっしん2013/10/05(土) 02:00:10 ID:kipPvPz6/5
>超速スイングに順応できない初心者はどのタイミングで振ればいいのか掴めず凡打の山を築き、一面で挫折する人も多い。
当たりすらしないんですがそれは…
ゾウカスの時点で諦めました(半ギレ)

242ななしのよっしん2013/10/05(土) 18:54:27 ID:qGOySrZwHQ
一番最後のみ無理やった
ほかは割とすんなり行けた

243ななしのよっしん2013/10/05(土) 21:35:53 ID:iGW2/RmuLq
ワイ将、初参戦にてゾウカスに30打席ノーホーマーを記録
鬼畜すぎるで

244ななしのよっしん2013/10/05(土) 21:43:21 ID:Y807QOU+1V
やってみたらバカゲーっていうより高難易度ゲーだった
投手の変化球が明らかに変ってバカ要素もあるけど

245ななしのよっしん2013/10/05(土) 22:02:56 ID:33mmBxq4lv
俺将、オアシスに90打席ノーホーマーを記録
眼精疲労を理由に引退を決意

246ななしのよっしん2013/10/06(日) 18:38:15 ID:LaOb+Mfsbq
>>245
IDなんでや！

247ななしのよっしん2013/10/10(木) 06:01:54 ID:snekK9+ui+
けんか腰で無意味に起源を求めようとする奴は・・・森でバットふれ（苦言）
そんなことよりも難易度の話だが、ワイ将的にはオウルニキやカンガニキよりも直球の早い奴のが苦手
あんなもんは見てからではなお、まにあわんもよう

248ななしのよっしん2013/10/10(木) 07:12:06 ID:Gs/mWkGYIS
後ろに下がりながら打つとやりやすい

249ななしのよっしん2013/10/11(金) 21:28:04 ID:UwnaG1km7y
オウカスの横揺れが一番キツイ。ロビンで３５本ぐらいまで行ったがもうやる気しない

250ななしのよっしん2013/10/13(日) 10:56:02 ID:1f6wP6owDC
オウルのところで5回挑戦して勝てず、詰んだわｗｗｗこいつこそラスボスやろｗｗｗ皆あんなのどうやってんやｗｗと思ってここ覗いたら今更ステ上げれる事実に気づいたんゴ・・・もう説明読み飛ばさないことにするで（戒め）

251ななしのよっしん2013/10/15(火) 20:44:40 ID:/LEOLYpDS3
ティガカスで一度タイミングを外してファール連発すると修正ができんわ
こんなん無理やろ・・・・

252ななしのよっしん2013/10/15(火) 20:58:25 ID:WXI2dwytdx
ロビン
155km/h  A D 　 ナックル７ Hスライダー４
ノビ５　キレ４　打たれ強さ４　緩急○　球持ち○　リリース○　一発　テンポ○

つよい（確信）

253ななしのよっしん2013/10/21(月) 09:09:35 ID:wvoVeDHIHt
スティッチ版もあるのかこのゲーム
こっちのほうが若干簡単だったけどそれでも鬼畜っぷり

254ななしのよっしん2013/10/23(水) 22:49:32 ID:7F6BQpjQ4v
このゲームは某Dゲームズのサイトに出てきた日からやってたけどティガーの難易度が高すぎてクリアできなかった思い出

255ななしのよっしん2013/10/26(土) 22:24:48 ID:HLtf62n3dN
なんとかティガニキ倒せたけど
ロビカスに勝てる気がしない
今日から日課にするわ

256ななしのよっしん2013/10/26(土) 23:57:20 ID:6Am/D1FMRb
あの横揺れどうせいと・・・

257ななしのよっしん2013/11/01(金) 22:17:14 ID:QuB8IqHWMD
シーズンまで後2ヶ月やね(ﾆｯｺﾘ

258ななしのよっしん2013/11/04(月) 23:29:42 ID:WQQwjJxzVt
一応97.3Mでホームラン確認

オウルボールは飛びにくいからヒットが多かったけどティガニキは3回目で30超えた
なおロビカスは

259ななしのよっしん2013/11/05(火) 12:35:27 ID:0Kvfwhg/Pi
http://disney.kids.yahoo.co.jp/game/fairies.html
がステージ9で詰まったこれ途中からふざけてる

260ななしのよっしん2013/11/06(水) 21:44:27 ID:1ImHWEDUlS
イーヨー！こいよ！胸に投げて胸に！

261ななしのよっしん2013/11/07(木) 16:22:36 ID:9MCvlyBokJ
何で正月にやるのが恒例みたいになっとるんや？
年中やれるやんけ

262ななしのよっしん2013/11/08(金) 15:01:03 ID:WiH9yw2Hgk
にっこり
    
      




タイトル:プニキ
        画像をクリックして再生!!
      
      
ほめる

         
      


記事内参照用URL :

263ななしのよっしん2013/11/13(水) 20:48:29 ID:bnJGnSBSIg
オウルボールが鬼畜すぎる･･･

264ななしのよっしん2013/11/14(木) 00:27:07 ID:Srw0zdE5+U
99mで入った
両翼100mじゃなかったっけ？

265ななしのよっしん2013/11/14(木) 21:14:31 ID:bnJGnSBSIg
あの魔王め･･･ボーダー8割とかボーダー高すぎるだろ･･･
でも、ティガニキはコース自体はそこまで厳しくないので、
体で球速変化含めてタイミングを掴んでしまえば、
アベレージ20本程度は割と楽に行けるようになる･･･はず。

ってか、創作物で阪神(または阪神モチーフ)の選手が消える魔球、
投げたことあったっけ?
ちかいの魔球にしても巨人の星にしても巨人だし。
いや、無くても別にいいし、あったら非常に申し訳ないんだけどね。

266ななしのよっしん2013/11/15(金) 11:18:53 ID:/4fIqkeMR2
１２月になったらぼちぼち肩慣らし始めないと（使命感）

267ななしのよっしん2013/11/15(金) 21:30:22 ID:ClopYX4rEe
ハチミツをミート中心に振っていったおかげかティガニキまで30分くらいで到達できた。なおロビカスは最高36本でマウス投げた模様
突如やってくるオウカスボールと消える魔球のコンボはいかんでしょ

268T.D.2013/11/19(火) 21:47:33 ID:xAOs00tyRD
>>259
なかなか難しいな、これ
レベル9は右上から狙えばいける

269ななしのよっしん2013/11/19(火) 22:39:07 ID:wvoVeDHIHt
さて今年も開幕まで一か月ちょっとか
今年は提督勢も多数参加らしいな…

270ななしのよっしん2013/11/23(土) 23:10:56 ID:+HMWMLaBCH
みんな、丸太は持ったか?!

271ななしのよっしん2013/11/26(火) 04:10:07 ID:4NtMEVAxaU
どいつもこいつもテンポ○もっとるやろ…
一回でも空振りしたらポンポン投げられてあっという間に追い込まれる

272ななしのよっしん2013/11/29(金) 01:11:15 ID:O+suXLTG7i
プニキ秋期キャンプ順調な仕上がり

273ななしのよっしん2013/12/01(日) 00:05:03 ID:HxfQJCDAqj
プ・リーグ開幕まであと１ヶ月！
オープン戦がはじまるね（ニッコリ）

274ななしのよっしん2013/12/04(水) 00:14:49 ID:/4fIqkeMR2
http://www.disneygames.jp/sports/3039/

今年はこっちでもええんちゃう？（棒
プリーグの純正進化やし

275ななしのよっしん2013/12/04(水) 04:49:24 ID:px/v5nU+Qh
>>274
ゴミクッズスラッガーと普通に読み間違えた

276ななしのよっしん2013/12/07(土) 19:21:24 ID:G3DzULB888
>>274
申し訳ないが初見でクリアできたクッソぬるい二部リーグはNG
やっぱりプリーグがナンバーワン！

277ななしのよっしん2013/12/08(日) 01:35:26 ID:jxSxWO0Ay4
>>274
初期ステで最終面まで行けてしまった
プリーグの猛者にとっては変化もノルマもヌルいといった感じ

278ななしのよっしん2013/12/08(日) 22:21:23 ID:+BA74aJVbf
ステ上げしても一緒や！というのもあると思うやで
なお全く打てなかった模様

279ななしのよっしん2013/12/11(水) 22:01:40 ID:sjOsGWyqAG
http://www.disneygames.jp/sports/3012/
プニキはオフも抜かりないんやな

280ななしのよっしん2013/12/13(金) 20:29:46 ID:6YqDe4pErw
>>279
オフ…?
7の泥沼がパチンコの沼に思えたのに、さすがプニキや

281ななしのよっしん2013/12/17(火) 08:41:37 ID:D26PDDeMcT
さて、そろそろキャンプインすっか。
ウィンターリーグ（>>274）でもいいな。

282ななしのよっしん2013/12/17(火) 21:25:32 ID:UrcC/WSEMV
うっかりキャッシュ削除してしまったがためにオウルまでのデータがパーになってる
フォルダ作ってデータ保存したいわこのゲーム

283ななしのよっしん2013/12/18(水) 19:55:43 ID:3sL8mSTL05
>>292
少し分かりにくいところにあるけど、
セーブデータがローカルに保存されているので、
それをコピーしとけばデータ残せるよ

ついでにバイナリエディタ使えば、レベル99とかもできた

284ななしのよっしん2013/12/26(木) 02:56:26 ID:OEwTPus3im
ヒットが無価値とか内野と外野がおらんことにツッコミ入ってるけど、
このゲームの趣旨考えたらそんなツッコミ要らないだろ。
普通の野球ゲームと勘違いしてないか？

285ななしのよっしん2013/12/26(木) 11:28:35 ID:cuczl8mYxx
ふと「こいつらいくつボール持ってるんだろう…」とメタなことを考えてしまった
ホームランがバカスカ出る上に周りが川だからボール紛失しまくりだろうに

286ななしのよっしん2013/12/26(木) 20:40:29 ID:vzegfdZeqt
説明のウイザードバイパーにクッソ吹いた
懐かしすぎるわｗ

287ななしのよっしん2013/12/26(木) 21:09:55 ID:KZ/iN69Fqj
一過性のネタで終わるかと思ったら意外と長持ちしてる

正月恒例のネタという扱いが良いのかね

288ななしのよっしん2013/12/27(金) 17:38:42 ID:X44cmwqUv/
プーさんもだけど他のゲームも鬼畜すぎんぞｗｗ

289ななしのよっしん2013/12/28(土) 23:03:19 ID:9N2n2rO0QF
久しぶりに見て懐かしいなと思ってやってみた
家族がパソコンいじる合間を縫ってオウルを突破した消防の自分はなんだったのか

290ななしのよっしん2013/12/29(日) 22:14:40 ID:HxfQJCDAqj
【朗報】
ワイ将、プ・リーグ開幕前にロビン戦に間に合う

なんとかティガーまでクリアしたけどティガーは緩急術にはまるとまったく打てなくなったわ
後、ノルマがこれまでのキャラより遥かにキツイからラスボスに相応しい難易度だった

さてこれで心置きなく正月はロビンと戦えそうだ！打ち砕いてやるぜ！

291ななしのよっしん2013/12/31(火) 13:53:32 ID:iRFTGSKRUw
プ・リーグいよいよ開幕

292ななしのよっしん2014/01/01(水) 02:35:39 ID:+SXEi1d6BC
ティガニキに勝てへん…

293ななしのよっしん2014/01/01(水) 02:40:50 ID:z9Fy2ifrv4
遊びでこんなバカスカ打ちまくるとか
やってる時は楽しいだろうけど
球を取りに行く手間を考えると気が滅入るんだよなぁ

294ななしのよっしん2014/01/01(水) 02:55:01 ID:jr4xP5tvye
【悲報】ワイ将、ピグレットが玉砕できず憤死

295ななしのよっしん2014/01/01(水) 03:32:23 ID:6s/AtEBpsC
そもそもオウルにも勝てないんですがそれは…

296ななしのよっしん2014/01/01(水) 07:52:55 ID:G3DzULB888
やきうの時間だあああああああああああ

297ななしのよっしん2014/01/01(水) 11:09:59 ID:iQrFaurqtA
対ロビカス
初球から10球連続連続HR
↓
いけるやん!!
↓
ロビカス、高速魔球を内外角に投げわける畜生投球開始
↓
10球連続空振り
↓
『』

298ななしのよっしん2014/01/01(水) 14:24:45 ID:zuYcHRQFDT
俺将、ティガーが打てる打てない以前にそもそもホームラン率7割が無理なのだと悟る

299ななしのよっしん2014/01/01(水) 16:16:12 ID:bFhYAg8SR6
半年ぶりにやったらティガーが倒せないんだよォ！(マジギレ)
7割ホームラン打たないと負けを認めないとか鬼畜すぎんよ～

300ななしのよっしん2014/01/01(水) 21:42:15 ID:bsbnEkPx7H
正月が消えた　僕の前から消えた
ロビンが突然やってきて　正月をさらって行った
誰だ正月を潰したのは
誰だ正月を潰したのは

301ななしのよっしん2014/01/02(木) 15:46:32 ID:xRc217tG6+
えっなんでお前らまた正月潰してんの・・・（ドン引き）

302削除しました削除しました ID:/gDNU3aSXG
削除しました

303ななしのよっしん2014/01/02(木) 16:36:35 ID:ZxP7oypYqh
Fuck You　owlとかいう世界共通語

304ななしのよっしん2014/01/03(金) 06:38:49 ID:a7kC6Bvgnw
ついにTAS動画が来たか

305ななしのよっしん2014/01/03(金) 06:47:53 ID:Wy6wdgGGKV
【速報】男プニキ、ロビカスを完全粉砕
>>sm22590738
sm22590738

306ななしのよっしん2014/01/03(金) 20:23:57 ID:sxsbqs0v76
気持ち悪いボールばっかり投げてくる鳥に対してまっすぐしか投げてこないティガーさんほんと良心的

307ななしのよっしん2014/01/03(金) 21:05:52 ID:x0ENRCWMD4
TASとか糞ツマランことしてんじゃねぇよ

308ななしのよっしん2014/01/03(金) 21:37:32 ID:TvmWaoZ/O4
野球ネタとなると何でも群がるなんJ
そしてよくわからずにとりあえず周りがはしゃいでるから淫夢ネタを繰り出すホモガキ

309ななしのよっしん2014/01/04(土) 00:20:11 ID:eXZgF9l3AM
>>308
なにいってだこいつ

310ななしのよっしん2014/01/04(土) 01:42:36 ID:3yvUVNXB6T
>>309
もっと他に言うことないのか

311ななしのよっしん2014/01/04(土) 02:00:10 ID:uwkjXZ/Ipq
TASさんは本当に仕事を選ばないな…

312ななしのよっしん2014/01/04(土) 02:23:01 ID:Al2iDuGhL3
ラビットまでは順調だった
オウルもティガニキも２度目で何とかなった

ロビカッス

313ななしのよっしん2014/01/04(土) 02:40:17 ID:AzQiwqcte9
>>305
ロビカス完全粉砕という偉業のわりに雑なFPS処理に草
画質もいいのにどうしてサボった

314ななしのよっしん2014/01/04(土) 08:20:40 ID:QGeFannmg9
>>313   わざわざ、あげる側が言葉にした理由は何なんだろうね。
コピペコピペ、ネットでそんな事ばっかりやってるから国語能力落ちてるんじゃない？

315ななしのよっしん2014/01/04(土) 14:37:36 ID:fHeKoo8hmX
ワイ将、激闘の末見事20/35でオウルニキ粉砕

なおティガー

316ななしのよっしん2014/01/04(土) 15:30:00 ID:/O36gMM4je
ロビカスとかいうのを体験してみたくて半日ほどやってみた。
プレイヤーキラーの所で何回か足止めされてからようやく対戦できたけど、
球種の選択が入る分ただのストレートにも振り遅れてしまう感じ。
対ロビンでは球種とコースを見極める時間が比較的多い加速球と横揺れ球が打ちやすいかな。

対ティガーでは、打ったボールが着地してから画面が切り替わる間の時間に目を閉じていると、
目の休憩になるのか感覚がリセットされるのか、HRが面白いように繋がることに気づいた。

ステータスのスピードは上げる必要をあまり感じないが、
上げるのにかかるコストが安いから、パワーとミートを上げた後に
余ったポイントを消費していると必然的に上がってくるね。

317ななしのよっしん2014/01/04(土) 16:39:51 ID:rcbmkLG6do
>>314
くまのプーさんのホームランダービー!について語るスレ

申し訳ないが炎上を狙うようなレスはほんわかレスに反するのでNG

318ななしの全滅2014/01/04(土) 17:13:38 ID:ADaee70VOG
クッキー間違って消しちゃったついでに
全ステ無補正でロビカスに挑んだけど
よくて20球しか打てなくてワロタw
(まあMAXハチミツしててもクリア率5％ぐらいだけど)
あと正直オウルボールなどの変化球より
要所要所で放たれる豪速球のほうが打ちづらい
ただし内角オウルはNG。

319　　名無し2014/01/04(土) 22:39:30 ID:MptqwVqq89
ティガニキはプニキをぎりぎり後ろまでさげると楽
距離があるから速くなってからもきっちり目で追って、ひきつけて打てる
ティガニキはこのコツ得たから2回目でほとんどカモ
急に速くなるからびっくりして打てないだけで、じっくり見ればそれほど速くないただのストレート

320　　名無し2014/01/04(土) 23:06:23 ID:MptqwVqq89
ティガーとラビットで間違えたわ…
ティガーどころかオウルも倒せない自分が何をいってるのか
とにかくオウルはカス

321あ2014/01/05(日) 03:39:14 ID:WZkzlInsI+
ワイ将、ラビカスまで初見クリアで進むもオウカスとティガニキで
1時間ずつ取られなんとかロビカスまでたどり着くも初見ロビカス相手に15本しか打てず引退を決意

322ななしのよっしん2014/01/05(日) 03:45:37 ID:JUd8b1sA9X
ようやくオウルニキをノルマギリギリで撃破。
･･･消える魔球ェ･･･。

323ななしのよっしん2014/01/05(日) 15:56:10 ID:MVRA+IvaW4
今日初めてロビカスに辿り着いたけど
ティガニキがクッソ鬼畜でロビカスの対して殺意が沸いてこないｗ

ロビカス戦は変化球よりも忍耐な気がしてきた
動画なんかみても分るけど神経を張り詰めた状態で8分も戦うのは苦行だな

324ななしのよっしん2014/01/05(日) 17:17:05 ID:MuqcpXx9MS
オウルニキ撃破。
BGMトラウマだわ…

325ななしのよっしん2014/01/05(日) 18:33:06 ID:1579V0ekps
ティガニキが倒せない

326ななしのよっしん2014/01/05(日) 19:07:53 ID:MVRA+IvaW4
>>324オメ、しかし本当の地獄は　こ　こ　か　ら　だ

327ななしのよっしん2014/01/05(日) 22:56:06 ID:ow8ZTskjHj
ティガニキは消える魔球言うてもその実ストレートだから何とかなる…と思いきや
消えるまでの一瞬で球速見てタイミング計らないといけないし、緩急もかなりきついから狂うと狂いっぱなし
それでもオウルニキよりいくらか楽に勝ったから、まあそこは人によるんだろう
ロビカス？もう知らん

しかしこの２匹だけでうまい事手広くプレイヤー殺すように出来てるなぁ

328　2014/01/06(月) 02:45:36 ID:YVzYXxliGF
これの難易度ってPCとモニターの性能にも左右されるね
俺はPCでFPSするために描写遅延のない120hzモニターとゲーミングマウス使ってるけどクリアできた
でも友達のノーパソで遊んだら全然クリアできなかったよ

329ななしのよっしん2014/01/06(月) 03:00:47 ID:ocStqPuJdm
ワイ将、初見からティガニキ撃破まで1時間30分で辿り着くものの
初見ロビカス相手に12本しか打てず引退を決意

330ななしのよっしん2014/01/06(月) 10:34:53 ID:C6asJu8TNv
イーヨーで一度失敗した後は奇跡的にオウルまで初見で行けたが、ティガニキでつまずく
ようやくクリアしたと思ったらロビカスでノルマ半分しか取れず引退を決意

331ななしのよっしん2014/01/07(火) 00:39:16 ID:KJsUe6NLgI
ワイ将、ティガニキ粉砕
なおロビカスは5打のもよう

332ななしのよっしん2014/01/07(火) 07:54:05 ID:RjAd5/c/WA
データ残らないのがまた鬼畜なんだよなぁ…正月返せちゅうねん。

333ななしのよっしん2014/01/07(火) 12:19:13 ID:d87OgR86cR
オウルまで行ったけど、オアシスのはずのラビットがかなりきつかった
あのボール見てると酔う

334ななしのよっしん2014/01/07(火) 18:32:00 ID:Oov93D+gL4
楽しいゲームがもりだくさん。クリアできるまで何回もちょうせんしよう！

335　　名無し2014/01/08(水) 18:40:37 ID:MptqwVqq89
オウルをやっと突破
ミート様様だわ
パワーなんていらんかったんや
>>332

履歴消したりしてない？
ワイのはデータ消えずばっちり残ってる

336ななしのよっしん2014/01/08(水) 23:41:26 ID:caWMB3SR9Q
やっとオウル突破するも、ティガニキに粉砕

337ななしのよっしん2014/01/09(木) 00:08:28 ID:iRFTGSKRUw
>>334
いつになったらクリアできるんだよぉ！！（マジギレ）

338ななしのよっしん2014/01/11(土) 09:07:15 ID:a3RchIImqf
ティガニキ簡単やろ ただの消えるストレート
オウルニキはマジヤバかった

339ななしのよっしん2014/01/11(土) 13:41:43 ID:m0Qa42hEgw
ほかのゲームもやってもたけどスティッチのやつもそこそこシビアだったんだよなあ…。
でもこれには遠く及ばなかった（KONAMI）

340名無し2014/01/11(土) 23:16:52 ID:jg9gRJfYE+
カンガ＆ルーの上下に変化する魔球に太刀打ちできなかった…orz
俺の選手生命もここまでだな

341ななしのよっしん2014/01/12(日) 00:52:38 ID:9Wj+PKBlbj
http://gyazo.com/3f502a38234ce9aec08407bd71c43929
やっとティガーを倒した。
ロビカスに挑んでくる。

342ななしのよっしん2014/01/12(日) 13:54:55 ID:7RSAegdoDL
>>338
珠の消えるタイミングが早い上に
緩急も使い分けられて早振り連発でキレてギブアップしたわ

オウルカスはミート上げてタイミング合わせれば運良くいけた
ティガニキはタイミング自体が合わない

343ななしのよっしん2014/01/12(日) 20:27:53 ID:LDK9+RDR+A
>>sm22654372
sm22654372

・上限レベルは20だがツールでレベル21以上にした場合はちゃんとその分だけ能力が伸びる
・通常プレイだと飛距離は200メートル程度が限度だが1000メートル以上でも計測はしてくれる
・2150メートルあたりで計測不能（0.0メートル判定）になる

ひょっとして開発中はレベルの上限がなかったとか？

344ななしのよっしん2014/01/12(日) 20:38:55 ID:Hf0958nKuk
>>sm22654934
sm22654934
レベルをマイナスにすると飛距離が落ちる
Lv-12でジャストミートすれば103mくらいでぎりぎり入る

345ななしのよっしん2014/01/13(月) 00:53:40 ID:z6CV3YX6/W
スティッチのやつが、プニキと比べてヌルゲーと言われているのはなぜだろうか?
やはり技術力を上げれば、プニキと比べてゴリ押しできるからか?

346ななしのよっしん2014/01/13(月) 08:10:34 ID:Hf0958nKuk
>>345
ノルマが緩い
最後もロビカスは50本で8割要求されるけどあっちは5割でいい

347ななしのよっしん2014/01/13(月) 15:47:47 ID:OnA1alixzm
ティガニキはボールを投げた後１数えて振ると結構いけるで

348ななしのよっしん2014/01/13(月) 16:34:08 ID:qGOySrZwHQ
ボスがきつすぎる

349ななしのよっしん2014/01/14(火) 17:05:35 ID:SVJN1N8vGa
子供向けキャラクターを題材にしたゲームのはずなのに超鬼畜難易度という点でかの覇王鬼帝を彷彿とさせる

まさに負貳鬼

350ななしのよっしん2014/01/15(水) 13:10:47 ID:Hf0958nKuk
いろいろ調整してみたところ

パワーLv3
ミートLv-32
スピードLv12

くらいでプレイすると体感的にリアル
芯に当たらんとまともに飛ばない

351ななしのよっしん2014/01/15(水) 13:35:19 ID:9H4vKIAc9Q
相手の球も目標もリアルじゃないんだよなぁ

352ななしのよっしん2014/01/16(木) 10:48:45 ID:+gTJ3htwma
>>350
このステでロビカスを倒そう(提案)

353ななしのよっしん2014/01/16(木) 12:21:13 ID:Y807QOU+1V
ティガカスはホームランの後は動かさないで、ファールのときだけ調整すると打ちやすかった。ボールが消失するとこやバットの位置を意識しすぎると上手くいかない（玄人並みの感想）

354ななしのよっしん2014/01/16(木) 16:53:10 ID:Evn96BCzbr
>>349
覇王鬼帝は実質人気萌え絵師が描いた美少女キャラを楽しむキャラゲーであり、キティは申し訳程度に美少女の服にくっついてるだけの存在だよ（タイトルだけ見ると勘違いしそうになるが）
まぁライトプレイヤーが多そうな美少女ゲームであの難易度はそれはそれで酷いが…

355ななしのよっしん2014/01/22(水) 18:50:05 ID:WSsFl04XrQ
オウカスやっと撃破したンゴ
あの球打ちにくすぎんよ～

356ななしのよっしん2014/01/22(水) 19:25:17 ID:CNhV1AjWxt
ティガカスでやる気なくした

357ななしのよっしん2014/01/22(水) 20:31:04 ID:+sBJAir9sQ
ティガカスやばい
ノルマきつすぎる

358ななしのよっしん2014/01/23(木) 04:03:15 ID:GuvWQ+sRbd
オウルニキ倒した。

・左右に揺れてることは無視して中心線を見極めて単なるストレートだと考える。
・あと利き手じゃない手もマウスに添えて力んでブレないようにするとか、自分の意図通りに手元の操作が出来るよう注意する。（これは他のステージもだけど）。

この二つを心がけたら一気に打てるようになった。

359ななしのよっしん2014/01/23(木) 04:08:33 ID:GuvWQ+sRbd
>>358 の補足
俺だけの癖とか、マウスのせい（ちょっと変な形のやつ使ってる）かもしれないけど、スイングの時に長押しを意識するとつい力んでクリックの瞬間マウスが前に滑ってしまうのでそこに注意するだけでもかなり変わる

360ななしのよっしん2014/02/04(火) 02:30:55 ID:HMa683b75O
オウルを初見で倒せる人ははっきり言って異常だけど、
修練を積んでハチミツをミートとスピードにつぎ込めば必ずできるようになるよ
スピードはまとめてあげると急に速くなって慣れないからちょっとずつ上げた方がいい
ロビンから20～30本打てるころになったらがんばればハチミツなしでティガーまでクリアできる

361ななしのよっしん2014/02/09(日) 22:19:05 ID:0QMe2PwxNm
http://disney.kids.yahoo.co.jp/game/pooh.html

362ななしのよっしん2014/02/10(月) 21:28:02 ID:Hf0958nKuk
>>361
ハランデイイ

363ななしのよっしん2014/02/14(金) 09:26:52 ID:Ei1oJ0hTHQ
プニキは男性フィギュアスケートの育成にも才を発揮してるようだな

364ななしのよっしん2014/02/15(土) 04:32:42 ID:/Uc3P3lUge
プニキフィギュアスケート金メダルおめでとう！

365ななしのよっしん2014/02/15(土) 08:45:40 ID:AppAHr68hM
プニキ「わしが育てた」

366ななしのよっしん2014/02/16(日) 12:19:38 ID:1I7Uk2O2xa
男プニキ、パトリック・チャンを粉砕

367ななしのよっしん2014/02/17(月) 16:32:09 ID:nmyZ0LzGKA
やっぱりプニキがナンバーワン！

368ななしのよっしん2014/02/18(火) 19:47:25 ID:KuvXP8Wd+j
競技を選ばない活躍を見せるプニキはアスリートの鑑

369ななしのよっしん2014/02/19(水) 19:19:18 ID:2McLsPzuYI
試しにやってみたら難しすぎてワロタｗｗｗ
おまえらよくクリアできるなｗｗｗ

370ななしのよっしん2014/02/20(木) 05:47:48 ID:SYuUVtFQy9
こんなんクリア出来るわけないだろ常識的に考えて

371ななしのよっしん2014/02/23(日) 22:40:53 ID:Xft/JOWesB
（フィギュアのプニキの記事が無いが）

372ななしのよっしん2014/03/13(木) 18:33:35 ID:Y338L+5q82
・スーパー打撃 見せてくれよ 甘いボールを打ち砕けプー 今日のＭＶＰだ
・白い流れ星 大きく舞い上げろ 冴えたホームラン 見せてよプーさん
・飛び出せビッグパワー 打てよプニキ自由に 額に流れる汗が いま星になる
・プニキの闘志　バットに込めて　世界に突き刺せ　必殺の弾丸
・みなぎるパワー大砲だ　飛ばせプーさん　虹のような弾道で　オーバーフェンス
・目の前にいる敵を　一撃で蹴散らせ　飛ばせ遥か彼方　見せつけろプーさん

373ななしのよっしん2014/03/17(月) 12:43:21 ID:plXoI+ryCy
ラビカスが全然オアシスじゃない、はっきり言ってオウカスやティガニキより精神的に来る
打っても打ってもファールにしかならん、当たったら飛ぶだけまだオウカスのがマシ

374◆Nuser/Q6Kc2014/03/18(火) 10:10:09 ID:PGiNfmM3Vq
なんJ語使って書くと他の人からは嫌われたりするんだが・・・
特に向こうでは畜生とか言うけど、そういう言葉遣いが嫌いな人もいるし

375ななしのよっしん2014/03/19(水) 22:33:53 ID:0ipZtig10z
fヱ ‐┐    
　　 ＿　 　 　 /　　{　へ
　　{二ﾆ=-_　ｉ{　 　 　 　 ）
　　 -=二二ﾆ-__　　 　 ⌒ヽ
　　　　　‐=二二冫ヽ__f ノ
　　　　／:::::::::::::j、 '　/ﾆ}、　
　　　　>:::::::::八/ } ｀゛ﾒｿ　）
　　　 /　　≧=-ヽ‐ ' {￣
　　　 {　　　　　　 　 ﾉ
　　　　ヽ 　 ヽ　　 ィ　　
　　　　　冫　 ﾉ- 〈
　 　 　 （＿＿７－'

376ななしのよっしん2014/03/21(金) 05:01:59 ID:Ss/IOcccat
>>374
なんJ語と言うより(なんJ語の中の？)淫夢語録を使ってる人が問題なんだと思う
プニキ動画が某同人作品みたいに荒らされてるんじゃないかと思うレベル

あと､こんな所にまで淫夢の話持ち込んで御免

377ななしのよっしん2014/03/27(木) 23:17:19 ID:2McLsPzuYI
オウニキ強すぎる･･･俺にはあんな魔球は打てない･･･

378ななしのよっしん2014/03/28(金) 10:25:38 ID:Y55CkWGCkW
外人ニキを窮地に陥れるピグカスの容赦ない豪球
>>sm22810159
sm22810159

379ななしのよっしん2014/03/29(土) 09:53:42 ID:76kv9MtX4m
このゲームWebサイトの記憶領域設定を削除すると記録が初期化されるんだな
ニコニコ見てる奴はローカルストレージがなんちゃらって表記で
「すべてのサイトを削除」って記憶領域設定パネルのページでやる人いるけど
これやるとプニキも全ステが初期のイーヨーからやり直しになる
ティガニキ倒してロビカスと思った翌日にこれなって初めは「！？」となった

380ななしのよっしん2014/03/30(日) 09:21:34 ID:Q7niPQ3Blx
>>378
ｻﾝｷｭｰ37ﾊｯﾁ

豚に分からされる純朴な外人ニキ
100エーカーの森に大草原不可避

381ななしのよっしん2014/04/07(月) 17:44:36 ID:nudiaA1trT
ヤフーで「プニキ」で検索したら
ゲームそのものが4番目あたりに出てきて草生えた

382ななしのよっしん2014/04/09(水) 19:25:41 ID:v/Kc8wgsxZ
なんとか虎まで来たんだがあのステルス魔球なんか攻略法ないの？

383ななしのよっしん2014/04/09(水) 22:05:41 ID:Uizw7dQ4yP
俺もオウルをようやく倒して、これでヒット地獄から開放されるーと思ったら
待っていたのは虎によるファール地獄だった・・・

384ななしのよっしん2014/04/13(日) 02:58:41 ID:DrmOzGoijL
>>382
消えるまでの球速そのままで来るからただひたすらタイミングを身体で覚えるしかない
空振りしたときにタイミングが遅いのか早いのかわからないのがティガーの一番イラつくとこだが
これは覚えると大体わかるようになる
俺がタイミングを覚える前は、待ちきれずに振るのが早いことが多かったように思うので
引きつけて打つというこのゲームの基本的なことを意識するといいのではないかと

385ななしのよっしん2014/04/17(木) 18:22:25 ID:7FeTwm28Cl
なんかアドレス変わって今までの記録も使えなくなっちゃったみたい。
記事のアドレスの修正お願いします。


さあ、第2幕開始だね（ﾆｯｺﾘ

386ななしのよっしん2014/04/17(木) 21:46:43 ID:px/v5nU+Qh
なんてこった……なんてこった……
もうオウカスとやりたくねぇよ……

387ななしのよっしん2014/04/17(木) 22:08:03 ID:hSyP+8ejQi
最初からになっててワロタｗｗｗｗｗｗ
ワロタ……

388ななしのよっしん2014/04/18(金) 13:48:25 ID:97ooAs/73B
なん、だと…？
ホントに最初から、だよ…

389ななしのよっしん2014/04/18(金) 14:31:52 ID:8jg/2zp1AC
アップデート記念パピコ

390ななしのよっしん2014/04/18(金) 22:23:56 ID:Oe3iPDE/cG
名人向け　難易度★★★★★で草がで、出ますよ

391ななしのよっしん2014/04/19(土) 03:24:53 ID:1NwzYhZ7iq
yahoo版新URL
http://games.kids.yahoo.co.jp/sports/013.html

392ななしのよっしん2014/04/19(土) 09:53:34 ID:LPM91DK6yU
ハランデイイ

393ななしのよっしん2014/04/20(日) 06:26:45 ID:v5iVN4mAU/
えっ！50球中で40球ホームランを！？

394ななしのよっしん2014/04/21(月) 10:18:53 ID:Hf0958nKuk
データなら手動で復旧できる
Flash セーブデータ バックアップ
などで検索してみてくれ

395ななしのよっしん2014/04/22(火) 19:00:18 ID:2McLsPzuYI
いやホントこの猛禽類どうすりゃいいのよ
魔球で悉くバットの芯を外されるわ

396ななしのよっしん2014/04/23(水) 11:57:27 ID:a3RchIImqf
新URL版のデータ何処じゃ（憤怒）

397ななしのよっしん2014/04/26(土) 01:10:39 ID:D8ZQgVktsy
ロビン倒せないぞおい
オウルもティガーも難しかったがコツがだんだん掴めたけど、
ロビンは無理
何が無理って反応が難しいのもあるけどノルマが鬼畜すぎる

398ななしのよっしん2014/04/28(月) 05:57:29 ID:AP86mM3ay2
男の子に人気ってのがなんか見てて笑える

399ななしのよっしん2014/04/28(月) 06:17:15 ID:aWh7aDf4SR
ホモガキでケモナーとはたまげたなあ

400ななしのよっしん2014/05/01(木) 20:13:52 ID:zdhTZvWpel
プニキのゴルフも結構難易度高いんですがそれは
http://games.kids.yahoo.co.jp/sports/015.html

401ななしのよっしん2014/05/01(木) 20:23:05 ID:O3PFY+mY6d
>>400
なんだこのゲームは！？ホームランダービーが神ゲーに見えるレベルじゃないか！！

402ななしのよっしん2014/05/02(金) 01:09:02 ID:HMa683b75O
新サイトの説明文
＞タイミングを合わせて、マウスでバットを振ろう！　ホームラン何本打てるかな？

舐めとんのかカス！
殺すぞ！

403ななしのよっしん2014/05/03(土) 10:53:02 ID:64vwxBM9uV
>>400
全体でスコア+21、ホール7だけで+12でした（憤怒）
PER4とか正気かこれ

404ななしのよっしん2014/05/06(火) 10:06:00 ID:Uizw7dQ4yP
ゴルフもそうだけど、試しに横に出てる他のゲームやってみたら鬼畜ゲーばっかだった
ヤフーきっずは魔窟だわ

405ななしのよっしん2014/05/12(月) 22:34:18 ID:vXYCzLaCC4
ロビカスに４２本のホームランでクリアできた。途中から震えてくる

406ななしのよっしん2014/05/13(火) 04:30:13 ID:29LrkD3LE/
やっとの思いでティガニキ倒した後オウカスと再戦したら
オウカス弱すぎンゴｗｗｗｗｗｗ
オウカスの球遅すぎィ！

なお、軸の中心を狙ったらあっさり当たる模様

407ななしのよっしん2014/05/17(土) 22:24:11 ID:6SSWzKDoSX
ゲーム下手の僕はティガキチに１球届かず諦めざるを得なかった
……ステカンストはまだだけど

408ななしのよっしん2014/05/19(月) 08:43:56 ID:ej5ySabEP0
このゲームは野球をやったことがない人間に緩急の大事さというのを教えてくれる
概要の＞むしろダメジャーよりかはよっぽど野球をやっている
は本当にそう思う。バッターが遅いチェンジアップに空振る気持ちがロビカスで少し体験できるわ

409ななしのよっしん2014/05/23(金) 17:12:37 ID:FfCl8Unl8Q
プニキの初期ステをパワプロで表現したらどんなステータスになるかなw

410ななしのよっしん2014/05/28(水) 20:24:42 ID:CNhV1AjWxt
>>400
プニキのコース5で心が折れた

411ななしのよっしん2014/05/30(金) 05:09:30 ID:2OqESPMifS
>>400のゴルフ、コースに悪意しかねぇな

412ななしのよっしん2014/06/01(日) 04:24:03 ID:bAfDVPuRQP
ファッキューロビカス

413ななしのよっしん2014/06/03(火) 12:44:22 ID:Hf0958nKuk
ゴルフは何回かすれば+1桁まではいける
パー以下でクリアは無理

414ななしのよっしん2014/06/05(木) 23:01:39 ID:aWqwTNJSk6
プニキのスイングが超速スイングって書いてあるけど 長押しすれば普通のスイングになるよ

415ななしのよっしん2014/06/10(火) 03:04:42 ID:MexOEucLdu
ヤフーの方で久々にやったがタグに名人向けがあって草生えた

416ななしのよっしん2014/06/11(水) 00:36:17 ID:+sBJAir9sQ
ゴルフ断念しました
なんやあれ・・・

417ななしのよっしん2014/06/11(水) 23:02:12 ID:6QXu8k32Jh
やっとの思いでティガニキ粉砕したのに初挑戦で開幕消える魔球を豪速球で3連発繰り出すロビカスは畜生の鑑
お前のような5歳児がいるか

418ななしのよっしん2014/06/11(水) 23:06:54 ID:m0Qa42hEgw
その昔いわっちが言っていた「作っているうちに上達していくスタッフの腕が基準になっていき、
世に出るころには初見クリアはまず不可能なゲーム性になっていく」
というのはこういうゲームを指すんだなと思った（Ｎｉｎｔｅｎｄｏ）

419ななしのよっしん2014/06/12(木) 15:22:31 ID:3GRN10kIqr
オウルで詰んでて最近久々に開いたらデータが全部消えていた
死にたい

420ななしのよっしん2014/06/14(土) 21:24:25 ID:BFZc9/xGb4
>>400のやつ、何度かプレイしてみたけど、31打以内に抑えられる気がしない……。
>>sm23778222
sm23778222　←どんなに頑張ってもこんぐらいが限界……。（底辺うp主による宣伝）

421ななしのよっしん2014/06/16(月) 17:47:55 ID:PlveDD6ZGo
ゴルフのホール7死ねよ　ティーショットだけで10回以上やり直したわ

422ななしのよっしん2014/06/21(土) 21:17:04 ID:pXQONFLobW
コツが掴めればちゃんとクリアできるworlds hardest gameは
本当によくできたゲームだったんですねえ

423ななしのよっしん2014/06/23(月) 13:31:57 ID:1EhWadSKO+
ゴルフはちょっと爽快感に欠けるような気がする

424ななしのよっしん2014/06/23(月) 19:47:45 ID:rTgbibwlr1
これ確かスティッチのバージョンもあったような……

425ななしのよっしん2014/06/23(月) 20:00:48 ID:Sa0h1glTJn
>>424
スティッチのコズミックスラッガー

http://www.disneygames.jp/sports/3039/
ホームランダービーと比べると難易度は低いらしい。

426ななしのよっしん2014/06/27(金) 12:52:55 ID:QZrMDUBicN
スティッチの方は合格ラインが緩和されてるから頑張ればいける気がする。
インニキの初見でもレベル上げて何回かやれば勝てそうな兆しが見える程度だし。

なお、一部魔球の鬼畜具合は本家より酷い模様。

427ななしのよっしん2014/06/30(月) 14:09:42 ID:AcH9Ulx+v9
遂にスマホに対応してしまった…まーた犠牲者が増えてしまうのか

428ななしのよっしん2014/06/30(月) 22:27:15 ID:oIYpd0KCo7
ゲームのリンクを押してもプニキじゃなくてゲームの一覧が出て
その一覧にプニキが入ってないんですが

429ななしのよっしん2014/06/30(月) 22:30:49 ID:2McLsPzuYI
プニキはゲームではなく決闘ということだな

4304002014/07/01(火) 01:38:25 ID:zdhTZvWpel
ワイ将プニキゴルフを5アンダーで攻略に成功
第7ホールのコツがつかめて来たら今度は第9ホールが難関だった
あと1回だけ第2ホールでホールインワンが出せたけどもう出せる気がしない

431ななしのよっしん2014/07/01(火) 02:53:19 ID:6OwN+Bj3WV
>>425
低いどころの話じゃないなｗ
最初から速い、ミートがでかい。ホームランの柵が無いでバカスカ入る。
ノルマも若干ゆるい。
プニキの方ではミート＆スピードをlv10まで上げて漸くカンガルー親子倒した俺が、無改造＋初見でステージ4まで一気にクリアできたとか･･････

432ななしのよっしん2014/07/01(火) 03:29:52 ID:yl6tzW8vTZ
[遅報]森の畜生ども、ついにスマホに対応

433ななしのよっしん2014/07/02(水) 01:04:56 ID:8OutR1E6nf
ﾌｧｯｷｭｰﾃｨｯｶﾞ

434ななしのよっしん2014/07/02(水) 01:09:37 ID:2McLsPzuYI
死ぬ気でオウニキを倒したがその後に立ち塞がるティガカス
打てないことはないがノルマきつすぎ

435ななしのよっしん2014/07/02(水) 11:08:45 ID:FYHhMtdQZJ
(iPhoneじゃ出来)ないです

436ななしのよっしん2014/07/02(水) 12:20:53 ID:zzSTGItpEW
>>400
コースひでえｗ
でもゲームならではって感じで結構好きだが。
ちなみに51打(+20)だった。

437ななしのよっしん2014/07/05(土) 22:08:46 ID:xWPmBVVT8y
(操作性に)頭にきますよ！

438ななしのよっしん2014/07/06(日) 04:27:47 ID:G55W39Rq7r
これ以上俺から何を奪おうと言うんだ

439ななしのよっしん2014/07/11(金) 17:58:32 ID:8o6kJ05G30
現在ロビンに挑戦中で今のところ最高記録で３４本打てた・・・あと６本なのに・・・どうすればいいのさ・・

440sage2014/07/11(金) 22:40:45 ID:XD8zmOFP+e
>>sm23933055
sm23933055
MUGENきましたわ

441ななしのよっしん2014/07/14(月) 17:40:57 ID:MYJH0/lNg9
オウルさんの壁が厚すぎてこの先やっていけるかどうか

442ななしのよっしん2014/07/20(日) 01:47:10 ID:kLH5QSgdPt
画面が替わる度にプニキが動くのは止めてくれよ

443ななしのよっしん2014/07/24(木) 22:40:31 ID:gmi2i5ZeeL
グーグルでホームランダービーを検索するとトップ含め
１２３をプニキダービー関連で草

444ななしのよっしん2014/07/29(火) 01:12:26 ID:IShRKnQpJy
「プニキ」
でググったら、
当該の本家がトップに来るんやが、
JはGoogleになにをしたんや

445ななしのよっしん2014/08/08(金) 21:02:49 ID:97ooAs/73B
2012年、プニキゲームに悲鳴を上げるなんJ民阿鼻叫喚の図（過去ログ）↓

http://www.logsoku.com/r/livejupiter/1325403958/

446ななしのよっしん2014/08/09(土) 02:25:43 ID:3Osyh4IvSC
ゴルフもやべえな
41が限界

447ななしのよっしん2014/08/21(木) 21:35:08 ID:XR03i+x4Iq
初めてやって4時間くらいでオウカス粉砕まで行ったけどそれが限界やわ
ティガカスとかクリアできる気がせえへん

なおオウカス粉砕もほぼ偶然な模様

448ななしのよっしん2014/08/21(木) 22:47:56 ID:MiuFXcBfLp
ロビカスで挫折した後ティガカス試したら簡単すぎワロタ
初めての時は大苦戦だったのに慣れって怖いね

449ななしのよっしん2014/08/22(金) 21:02:45 ID:+sBJAir9sQ
>>445
たった50レス目でハチミツやってるって言われてて草生える

450ななしのよっしん2014/08/23(土) 21:17:28 ID:YEzJCs/OZQ
なおゴルフも鬼畜ゲーな模様

451ななしのよっしん2014/08/25(月) 20:23:09 ID:ywsE/tPq2a
これ妙にラグって止まるのって俺だけ？一瞬止まるせいで振る直前にバットの前で停止する変化球とか連続で止まるせいで減速からの加速の変化球とかを全員使ってくるんだけど

452ななしのよっしん2014/08/26(火) 21:52:46 ID:Ev2kuujN1F
>>451
flash製だからそれがラグる環境だとそうなるかもね。
裏アプリなるべく閉じるとか、flash実行早いブラウザ使うとかするのがいいかと。

453ななしのよっしん2014/08/27(水) 11:29:03 ID:LajfQA7tl3
インカス(2軍のロビカス)すら歯が立たないんですがそれは…

454ななしのよっしん2014/08/28(木) 12:36:41 ID:LajfQA7tl3
インカス粉砕したやでー
なお、1軍はティガカスも倒せない模様

455ななしのよっしん2014/08/30(土) 13:21:10 ID:YPsX77IHM2
クソフクロウ絶対許さん
当ててもホームランにならない率が一気に上がった気がする

このゲーム何が腹立つってヒット何本打ってもストライクやファールと同じってとこだよなｗ
だったらアウトなりゴロなりフライなり言いようが有るだろうによｗ
ヒットだったら4本でホームラン１本分にしろよ！（ﾀﾞﾝｯ

456ななしのよっしん2014/08/30(土) 21:16:35 ID:MiuFXcBfLp
なんか1軍と2軍でタイミングが違うような気がする
1軍ではホームランの当たりでも2軍では右方向のファール、みたいな

457ななしのよっしん2014/09/04(木) 12:15:03 ID:m1k299lPJK
妹がやってたが、カンガ＆ルーで詰んでやらなくなったなぁ
俺も便乗してやってたが・・・すぐに諦めちまったわ

スイング早くてなぁ・・・
投げてくるボールも変化球で済まされないレベルだし・・・

プニキ凄いッス（絶望）

458ななしのよっしん2014/09/05(金) 21:53:41 ID:asseuxzTmv
初見ではあったがカンガ＆ルーやラピットまではいけた、行けたんだ・・・
だがオウル。なんやあの横揺れ、意味がわからんぞ

459ななしのよっしん2014/09/05(金) 23:58:02 ID:JImptHCR/S
Mac OSはflashと絶望的に相性が悪いんや（嫉妬）

460ななしのよっしん2014/09/07(日) 10:53:45 ID:SnerlP+vGe
このサイティング練習ゲームの記事あったのか

461ななしのよっしん2014/09/07(日) 23:14:08 ID:C7pk6eEw7E
パワプロのホームラン競争かな？（すっとぼけ）

これは猛虎魂感じますわ・・・

462ななしのよっしん2014/09/13(土) 17:32:55 ID:kTEyNh6e+S
カンガルーに全然勝てんかったがさっきはじめてステータスに気付いた

カンガルー雑魚やんけ！
プニキ強過ぎぃ！

463ななしのよっしん2014/09/13(土) 17:47:42 ID:kTEyNh6e+S
10分前のﾜｲ「カンガルー雑魚やんけ！」
5分前のﾜｲ「ウサギの玉ガバガバじゃねーか」
今のﾜｲ「フクロウ強過ぎンゴ・・・」

464ななしのよっしん2014/09/21(日) 17:28:54 ID:Y+qe2+NIQy
興味が湧いてやってみたけど、ティガー突破まで40分弱、これって遅い方？

465ななしのよっしん2014/09/21(日) 17:52:16 ID:ruWSvvc2ed
>>464
速い方じゃない？
参考だけどなんｊで初めて立ったプニキのスレでロビンの名が出てくるのはスレ立てから約1時間20分後のこと。
なおロビカス撃破は最初のスレが立ってから約6時間25分後のもよう。

466ななしのよっしん2014/09/27(土) 11:20:54 ID:6IG7h+LdfN
多くの人にとってはYahoo!のゲームって認識なのか？

467ななしのよっしん2014/09/27(土) 18:53:42 ID:2IOVDrBXD/
ティガカスよりオウカスの方が強いと思うのは俺だけ？

468ななしのよっしん2014/09/28(日) 01:38:38 ID:n2t4m3s27R
夢の国チキンレース
>>lv194804869
lv194804869

469ななしのよっしん2014/09/28(日) 08:59:09 ID:mCF5wLVVZi
ティガーで詰んだンゴ

470ななしのよっしん2014/10/01(水) 01:15:32 ID:ocOmjxozaI
2軍が消滅しとる・・・

471ななしのよっしん2014/10/02(木) 17:33:56 ID:LhZT7d34RK
いままでずっとディズニーゲームズ版でやってきたんだがYahoo版にデータをどうにか移行できないものか

472ななしのよっしん2014/10/07(火) 02:47:37 ID:QIUJtcqFu5
なおプニキゴルフ版も名人向けの模様
http://games.kids.yahoo.co.jp/sports/015.html

473ななしのよっしん2014/10/08(水) 00:54:03 ID:YPsX77IHM2
vsオウカスの三ケタ近く打たされたポテンヒットで散々ビキビキきてたおかげで
同じぐらいクソゲーのはずのvsティガカスが余り苦じゃなかったｗ
当たれば飛ぶのがあんなに気持ちいいとはｗ
そのおかげでガンガン挑めて二桁挑む前にクリアできたわｗ
ロビカス？そんなクソガキ知らんなぁ・・・

474ななしのよっしん2014/10/19(日) 22:53:35 ID:aJ4Aa3RIVp
ワイドホワイトボールとかいうシロえもんの魔球ほんとひで

475ななしのよっしん2014/10/28(火) 22:00:21 ID:OVNi27ttm3
ティガニキで挫折した
卑怯だろあんなの・・・

476ななしのよっしん2014/10/28(火) 22:10:13 ID:m0Qa42hEgw
相手は易々とホームランを決める怪物なんだから
あの手この手を使ってストライクを奪おうとするのは当たり前だよなあ？

477ななしのよっしん2014/10/28(火) 22:16:01 ID:2McLsPzuYI
>>472
ティガカスがかわいく思えるほどのクソゲーワロえない

478ななしのよっしん2014/10/29(水) 16:13:35 ID:fV7zIJNB2Z
1面が限界なんだよなぁ・・・（小声）

479ななしのよっしん2014/10/31(金) 10:28:50 ID:0nPTfXoXk7
ティガニキまで一発で行けたのに肝心のティガニキが強すぎる
ホームラン10数本築いた辺りでタイミングが崩れてストライクorファールの山や…
何度か挑戦すればと思ったけど気力が足らんかった

480ななしのよっしん2014/11/01(土) 11:43:45 ID:BdjRsnG54n
http://detail.chiebukuro.yahoo.co.jp/qa/question_detail/q1314977723
例の知恵袋にて｢禁止薬物･はちみつ｣の根拠らしきもの見つかる

481ななしのよっしん2014/11/07(金) 00:44:17 ID:9MCvlyBokJ
>>480
これは永久出場停止ですわ
という訳で来年の正月はやらんでええな！

482ななしのよっしん2014/11/08(土) 10:58:42 ID:PRY4msOuSc
なお、ハチミツ縛りでプリーグが開催される模様

483ななしのよっしん2014/11/11(火) 18:21:44 ID:MiuFXcBfLp
対ロビカス39本出したｗｗｗｗｗｗｗｗｗ
悔しすぎる

484ななしのよっしん2014/11/11(火) 18:48:54 ID:76kv9MtX4m
https://twitter.com/Yahoojp_CS/status/532067771308183552
Yahoo!CSが「プニキも健在です」とプニキ呼称公認で草

485ななしのよっしん2014/11/12(水) 11:40:25 ID:GvGOwCBNxi
復活したと聞いてさっき初めてやってみた

…これアカンやつや、正月つぶれるのも納得ですわ

486ななしのよっしん2014/11/15(土) 14:36:18 ID:YPsX77IHM2
ホームラン18本：残4球
ようやく長きにわたるオウカスとの勝負にも終止符か、と思ったら・・・

ファール、ヒット、ヒット、ファール、残念！ノルマクリアならず！
激おこ待ったなし
オウカスマジで○ねば良いのに・・・

487ななしのよっしん2014/11/18(火) 22:01:59 ID:39ngvxOqJf
創造主に逆らう…ゼオライマーかな？

488ななしのよっしん2014/11/19(水) 23:10:06 ID:YPsX77IHM2
またノルマまであと一本・・・あのフクロウなんなの？
気晴らしにウサギと勝負したら2球しかミスらんかったｗ
やっぱオウカスで格段に難易度上がってるのがよく分かるわ

489ななしのよっしん2014/11/22(土) 10:52:45 ID:oLTifSLCb5
これはクリストファー・ロビンの卑劣な球だ

490ななしのよっしん2014/11/22(土) 10:57:10 ID:YPsX77IHM2
やっとオウカスに分からせたわ
HRかろうじて20本
ミートレベルは15以上、パワーは10以上は欲しくなるな

491ななしのよっしん2014/11/22(土) 11:05:47 ID:jeXz4RgiDZ
オウカスからの怒濤の畜生連ほんときらい

ゲームの作者は一度でもロビカス粉砕までプレイしたんですかね…

492ななしのよっしん2014/11/22(土) 12:26:22 ID:IVc/vqnrS4
>>491
開発者はそのゲームに慣れてるからどんどん難易度が上がる現象じゃね？

493ななしのよっしん2014/11/22(土) 18:04:26 ID:qB/oEwykBh
そろそろキャンプインしなきゃ・・・（使命感）

494ななしのよっしん2014/11/22(土) 22:06:38 ID:bNRSQ8Z7o5
誰も触れてないみたいだが、ポーズが存在しないというのもかなり鬼畜

495ななしのよっしん2014/11/23(日) 00:50:09 ID:NUx0hb3u3D
人生はそう簡単に止められないという製作陣からきっずへのメッセージだよきっと（白目）

496ななしのよっしん2014/11/23(日) 22:26:07 ID:bNRSQ8Z7o5
ついにワイ将もオウカス撃破
なおこの後

497ななしのよっしん2014/11/24(月) 17:38:00 ID:makxrwnsvr
【速報】プー、2015年も100エーカー残留確実
http://games.kids.yahoo.co.jp/sports/013.html

498ななしのよっしん2014/11/25(火) 13:14:03 ID:Hnrcb+8A5T
ワイ、オウカスで狂喜乱舞するも
無事ティガニキで死亡

499ななしのよっしん2014/11/25(火) 20:05:47 ID:Y338L+5q82
「くまのプーさん」は「性別不明で半裸」 ポーランドの遊戯場で使用禁止に
http://headlines.yahoo.co.jp/hl?a=20141125-00000014-eiga-movi

え、何それは…

500ななしのよっしん2014/11/30(日) 10:04:06 ID:r9MmXMdqht
そろそろプニキの季節がやってきたな

501ななしのよっしん2014/12/07(日) 12:16:36 ID:3mhp0fOHub
強化なし縛りでオウカスに17本まで粘ってそれっきり
やっぱり強化しないと無理なんだろうか
誰か強化なしで最後までいけた猛者はいませんかね・・・？

502ななしのよっしん2014/12/07(日) 12:32:05 ID:YPsX77IHM2
>>501
強化無しでティガカス撃破まで行った人なら動画あげてるよ

ただしその人もロビカスに挑んでから消息絶ったけどな

503ななしのよっしん2014/12/07(日) 12:42:41 ID:YPsX77IHM2
ティガカス以降は球数の多さも苦痛だわ
あんな長時間集中力もたねぇしミスした時の時間の無駄さ加減が半端ねぇ・・・
しかもそれでいてノルマ達成に必要なHR率は上がってるんだから集中力はより必要になる訳よ

変化球の難易度、ノルマの厳しさ、勝負時間の長さ
なんでこれらが同時に上がってくんだよふざけんなｗｗｗ
全体で見たら難易度の上がり方が指数関数みたいになってんじゃねぇのかこれｗｗｗ
キッズにはこんなゲームに時間使うよりちゃんと外で遊んでほしい（真顔

504ななしのよっしん2014/12/14(日) 22:30:22 ID:tV/t57a3/e
やっとティガーまで倒した…
ティガーも強かったけどやっぱりオウルは別格な気がする。
見えないけど（ギリギリ）分かるティガー、
見えても意味不明なオウル　
どっちがカスかは一目瞭然だぜ

505ななしのよっしん2014/12/17(水) 21:19:34 ID:MIQkBURXfc
Yahooきっずのゲームのところ何回開いてもホームランダービーが出てこないんだけど…iPhoneだから？

506ななしのよっしん2014/12/18(木) 21:53:38 ID:3mhp0fOHub
オウカス数十回も挑んでようやく勝てて
次のティガーはどれだけの化け物かとビビってたら
３回で勝てて草
やっぱオウカスってクソだわ

507ななしのよっしん2014/12/20(土) 02:23:08 ID:+sBJAir9sQ
今からオープン戦挑んできます

508ななしのよっしん2014/12/23(火) 23:07:09 ID:WXI2dwytdx
スティッチのコズミックスラッガーをゴミクズスラッガーと空目した。心がすり減ってるんだろうね
元凶たる森の畜生共を許すな

509ななしのよっしん2014/12/24(水) 21:24:25 ID:Q/Gf7GCscJ
みんながんばってるかな？

510ななしのよっしん2014/12/25(木) 00:16:05 ID:D26PDDeMcT
イーヨー「いよいよ開幕まで１週間か・・・」

511ななしのよっしん2014/12/25(木) 15:21:53 ID:WXI2dwytdx
ワイのプニキ、無強化でオウカスに挑むも、もうひと伸び足りない打球を量産しハチミツの誘惑に負けそうになる
ミートを強化しない限りティガカスよりオウカスの方が難しいかもしれない

512ななしのよっしん2014/12/26(金) 01:01:23 ID:aeJ0dNxaWZ
鳥畜生に勝てへん…15本が最高や

513ななしのよっしん2014/12/31(水) 14:21:32 ID:7FeTwm28Cl
そろそろキャッシュクリアして明日からのシリーズ開幕に備えるか

514ななしのよっしん2015/01/01(木) 00:01:53 ID:J+6bi++e6k
どーーーーーーーん！！(krm)
プリーグ開催だよソーニャちゃん！
ぬわぁぁぁーーーーーっっ！！

515ななしのよっしん2015/01/01(木) 00:23:18 ID:WXI2dwytdx
やきうの時間だああああああああああ

516ななしのよっしん2015/01/01(木) 00:39:40 ID:CZ30lifTKI
yahooきっずのゲームが、サービス開始から6年近く経っても覚えられてるって何気にすごいことなんだよなぁ・・・

517ななしのよっしん2015/01/01(木) 03:39:22 ID:xQO22MgXzy
開幕だああああああああああああああああ

518ななしのよっしん2015/01/01(木) 06:59:44 ID:HMa683b75O
カンガ&ルーってそんなに難しいか？
見た目に驚くだけじゃん

519ななしのよっしん2015/01/01(木) 15:46:30 ID:A2Qjn0ZnHj
開　　　　幕

520ななしのよっしん2015/01/01(木) 16:29:07 ID:D66HWMft2C
ラビットが全然オアシスじゃない件
さっきからかれこれ40分戦ってるけど一向にタイミングが合う気がしないww

521ななしのよっしん2015/01/01(木) 18:08:39 ID:m0Qa42hEgw
pooh's home run derbyで画像検索すると海外で如何にこのゲームが
恐れられているかが分かるんだよなあ…。

522ななしのよっしん2015/01/02(金) 09:27:28 ID:C4WwNGYiC2
ワイ今年初めて参戦
なんやこの中毒性は（驚愕）

523ななし2015/01/02(金) 14:50:03 ID:lZXfeO6gB+
ラビットさん慣れたらオアシスやなｗ

524ななしのよっしん2015/01/03(土) 00:41:48 ID:LQL1fJsajD
さよならクリストファーロビンもう一度読みたいなあ・・・

525ななしのよっしん2015/01/03(土) 01:01:21 ID:m9ZV2jFBu7
オウカスに勝てないので必死にパラメータ上げをしてるんだが
ステータスカンストは遠いな…

526ななしのよっしん2015/01/03(土) 21:07:07 ID:/pNuVmSlbM
>>lv205605407
lv205605407
放送内でロビカス撃破

527ななしのよっしん2015/01/03(土) 21:45:34 ID:Vw4pUHnPYX
去年はティガニキは倒したがロビカスにけちょんけちょんにされたワイ
今年は絶対にアイツから勝ちをもぎ取ったる

528ななしのよっしん2015/01/05(月) 23:39:10 ID:G6TCpRmBku
プニキでググってこの記事が出るのはわかる
なんでゲームのページが2番めの候補に居るんだよ…

529ななしのよっしん2015/01/06(火) 06:42:34 ID:6OwN+Bj3WV
>>528
公式でもプニキって呼ぶし･･･
まあ、真剣に考えてみると、たぶん「プニキ」って書いてあるWEBページからの、「くまのプーさんのホームランダービー!」へのリンクが多いので、それが検索結果に反映されてるんだと思う。
よっぽど、プニキで検索した結果、「くまのプーさんのホームランダービー!」にたどり着く頻度が高かったんだろうな。

530名無しのよっしん2015/01/08(木) 10:18:44 ID:RBOlWv6B1f
ドラベースって結構知られてるんだな
凄いマイナーってイメージだったから嬉しい

531ななしのよっしん2015/01/11(日) 13:38:04 ID:Q0G5fS12xd
>>sm25320966
sm25320966

532ななしのよっしん2015/01/15(木) 12:48:18 ID:Z+64kL7X0z
プニキデビュー
オウカス戦で無事に死亡

533ななしのよっしん2015/01/18(日) 01:42:35 ID:Zhk1U6639T
ホームランダービーの方は燃えるけど、ゴルフの方は静かさもあってあまり面白くないんだよな…

534ななしのよっしん2015/01/21(水) 19:57:01 ID:/4fIqkeMR2
遂にハチミツ使わずにロビカス粉砕するプニキが現れたのか・・・

535ななしのよっしん2015/01/21(水) 20:48:09 ID:qr0hXSTjha
ロビカスとかプニキとか臭い呼び方外に持ち出すなよ
なんｊだけでやってろ

536ななしのよっしん2015/01/21(水) 20:53:55 ID:J7R9jJhgaG
プニキは公認なんだよなあ…

ロビカスまで行く前に挫折した俺には無関係の話だが

537ななしのよっしん2015/01/21(水) 20:55:37 ID:u2pNinEyMq
いい年こいてyahoo!きっずのゲームをやるのはなんＪぐらいなんだよなぁ

538ななしのよっしん2015/01/21(水) 21:02:24 ID:J7R9jJhgaG
ぼく将（8）、いい年でなくて安堵

539ななしのよっしん2015/01/22(木) 00:33:39 ID:ClopYX4rEe
わずか8歳で安堵なんて言葉を理解しているのか（困惑）

540ななしのよっしん2015/01/23(金) 16:29:42 ID:j520+EHq4v
公　式　採　用
>>lv203636058
lv203636058

541ななしのよっしん2015/01/25(日) 19:22:29 ID:G0GB0OzeLl
ホームランだ！ホームランだ！恐ろしい！
１００エーカーの森はプニキのためにあるのか！

542ななしのよっしん2015/01/26(月) 00:48:53 ID:YPsX77IHM2
オウカス、ティガカスに弄ばれ続けてると
マジでウサニキがオアシスに感じるようになるんだよなぁ

vsティガカス「なんやこの球数とノルマ・・・やってられへん・・・」
vsウサニキ「なんやこのちょろいのｗｗｗクリア出来る気しかせえへんｗｗｗ」

543ななしのよっしん2015/01/30(金) 16:31:12 ID:IVc/vqnrS4
まさかの闘会議
>>lv207730464
lv207730464

544ななしのよっしん2015/02/08(日) 21:21:58 ID:J4KN2VLoOL
ティガーはラビットと大体おなじ。見えないだけ。オウルは見えてる分まじでつらい。しかもうねるし。

545ななしのよっしん2015/02/17(火) 01:53:21 ID:Qew/wgl8FZ
やっとオウルまでいったけどムリゲー過ぎワロタ。
未だに兎どころか豚すら安定しない俺にはきつすぎる。
一回外すと５回以上連続打てなくなるのもざらだし、特にあと１回でクリアって時に無茶苦茶外しまくる。

546ななしのよっしん2015/02/19(木) 22:13:34 ID:Qew/wgl8FZ
なんだかんだで、蜂蜜ガン決めすればオウルはあまり強くなかった・・・だが、ティガーてめーはダメだ。
蜂蜜レベルオールマックスでも倒せる気配が全くない。世間ではオウル＞ティガーな風潮だがどう考えても逆。しかも圧倒的にティガーの方が強いだろう？

これで、さらにロビンとか言う大正義がおるんだろう？恐ろしいムリゲーだわｗ

547ななしのよっしん2015/02/19(木) 22:26:10 ID:76kv9MtX4m
ステカンストでやっとロビカス粉砕できた
後がなくなってギリギリ40本ホームランで勝った時の達成感がすげえわ

コツは無強化プニキでロビカス粉砕動画の人も言ってるけど慣れしかないな
慣れればある程度剛速球やオウカスボールが打ててラビットボールの凡打率も下がる
後は38本や39本ホームランで負けてもめげない根気

ひたすらやってるとうまくなるのを実感できるからロビカスが鬼コーチみたいに感じてくる

548ななしのよっしん2015/02/21(土) 19:35:37 ID:YPsX77IHM2
>>546

球の打ちにくさ（特に凡打になる確率の高さ）でいえば
オウカス＞ティガカスって世間の論調に間違いはないと思う
やっぱ球種の難易度に対するノルマのきつさこそがティガカスのカスたる所以じゃないかな

さっき俺も久しぶりにティガカス挑戦したけど
あんだけＨＲ打って、あんだけしかミスしてないのに
ノルマ達成ならず！とか言われて流石にキレそうになったわ
球種もノルマもさらに鬼畜な大正義ロビカスとか考えたくないな

549ななしのよっしん2015/02/21(土) 21:29:48 ID:Qew/wgl8FZ
>>548
ティガーのノルマ７０％ってのはホント鬼だよなあ。オウルはノルマ約５５％だからまだ助かったってのは確かにあるかもしれんな。（オウルのノルマ７０％orティガーのノルマ５５％とかだったら評価変わってたかもしれん）
そして、未だにティガーが倒せないというこの体たらく。ステータスもとっくにカンストさせてるから繰り返して慣れるしかないんだろうけど、1回でもミスったら絶望と言わんばかりのミスの連鎖・・・ライト線ギリギリファール⇒レフト線ギリギリファール⇒空振りのコンボの連発とかキレそうになるレベル
ティガーでこの苦戦ぶりだから球種もノルマもヤバいロビンはもうなかったことにしたいわｗ

550ななしのよっしん2015/02/28(土) 13:24:02 ID:76kv9MtX4m
無強化プニキでロビカスまで行けたが森の畜生どもがしんどすぎてワロタ
カンガ＆ルーまでは無強化でも一発クリアできるレベルだがウサニキ辺りからきつい
ウサニキがオアシスって言われてるがティガニキの方がオアシスな気がする
ティガニキはノルマが高いだけで所詮は直球だから無強化でもオウカスやウサニキより打ちやすい。

無強化での難易度は体感的にオウカス>>>（越えられない壁）>>>ウサニキ>ティガニキって感じがする

551ななしのよっしん2015/03/01(日) 01:39:23 ID:yPxxWwvklj
今頃になって初めてみたけどここでクリックじゃなくて押しっぱなしおぼえていけるようになってきた。

早速オウルでなんやこれ・・・てなってきたところです・・・
あのボールは運レベルと化してますね間違いない

552ななしのよっしん2015/03/07(土) 20:26:49 ID:CHJ52XDTxy
実はあのオウルボールは見た目はジグザグだけどボールの判定はジグザクの真ん中通ってるって処理らしいので惑わされず真ん中を直球と同じ扱いして打てばOK、意外と運ゲじゃない、判定までジグザグだったらマジもんの運ゲだけど。

553ななしのよっしん2015/03/08(日) 11:25:06 ID:KUo+KYlgOw
ティガカスが強すぎて笑えないレベルまで来てる。
ステータスも全部カンストしてる状態から百回以上チャレンジしても倒せねえ。
仮に奇跡的に倒してもその先のロビカスは万単位のチャレンジが必要なんだろうね。

554ななしのよっしん2015/03/08(日) 16:51:33 ID:yPxxWwvklj
>>552
はえぇ・・・知らなかった、次そうしてみる。

見た目に惑わされず心の目でみれば打てることを教えようとする
ゲーム製作者は人間の鑑（適当）

555ななしのよっしん2015/03/08(日) 22:57:18 ID:qSa8BqpYGE
>>552 >>554
あれ判定しっかりジグザグやで…
ミート上げてバットの先の方で打つようにすると割りと詰まらず打てる

556ななしのよっしん2015/03/16(月) 20:19:49 ID:YPsX77IHM2
ティガカス戦は一度動揺してタイミング掴めなくなるとかなりきつい
だから敢えてHR数、残り球数見ないでBGMでのほほんとしながら落ち着いて打席に立った

「連続ミスほぼ無し！ここまで5割以上確実！
　お？5連続HRやんけ！これはいったやろ！（でもスコアは最後まで見ない）」
結果発表！HR２６本（ノルマ28本）！残念！クリアならず！

もうキレるしかない
改めて体感以上のノルマの高さを思い知らされた

557ななしのよっしん2015/03/27(金) 02:23:44 ID:HMuFtYBudV
どっちとも戦った経験あるけど
同じノルマだったら絶対オウニキのほうが強い
ただ球が消えるぐらいしか能がなく７割ノルマを要求するティガーはカス

558ななしのよっしん2015/03/27(金) 06:55:14 ID:IpiQyD3zDx
なあ、stage7を開始したんだ
ディガーがな本当に消える魔球を投げてくるんだ
打てるわけ無いじゃないか
折角オウルで目で見てボールが打てるように練習したのに
何もかもひっくり返すこの仕打ち

559ななしのよっしん2015/03/27(金) 16:29:41 ID:wavMYFPjxf
ホワイトボールってドラベースだよな、くっそ懐かしくて笑った

560　2015/03/28(土) 00:21:18 ID:YPsX77IHM2
ティガカスあと一歩だったんだけどなぁ・・・

残り6球の段階でノルマ達成まで遊び球無し
そこから5連続HRだったのになぁ・・・
最後の一球で負けちまったよ・・・悔しいなぁ・・・

561　2015/03/29(日) 23:12:10 ID:YPsX77IHM2
ティガカスに30本叩き込んだった！ざまああああああ

なお35本叩き込まれたロビカスは

562ななしのよっしん2015/04/04(土) 19:44:51 ID:/PJ/Twl+pc
影を見て打てばいいということに気付くまでにものすごく時間がかかった
足の位置を見て打つインファイターの気分だ

563　2015/04/08(水) 15:43:22 ID:xYDfdqEWMi
ワイ「６ステージクリアや！ニコ百には最強って言ってたし次は楽そうやな！」
ーーーティガー戦で消える魔球を目撃ーーー
ワイ「・・・」
（そっとタブを閉じる）

564ななしのよっしん2015/04/14(火) 01:06:44 ID:nA5FD4wGFX
オウムボールは後ろで打つより前で打つとなんか当たるんだよなぁ・・・
最前列で変化してるところ適当に振ると当たったで
なおロビカス

565ななしのよっしん2015/04/16(木) 18:52:14 ID:nudiaA1trT
ハランデイイって最初は外人選手の名前かと思ってた

566ななしのよっしん2015/04/19(日) 13:43:26 ID:YPsX77IHM2
オウカスの変化球もがっつりクソなのに
ロビカスが投げるオウルボールはさらにカスなんだよなぁ
なんかたまにオウカスが投げたりしないような球速＆変化の大きいオウルボール投げてねぇか？

567ななしのよっしん2015/04/23(木) 22:36:51 ID:bzXGAxiJhJ
くっそおおおおお、ティガカス鬼畜すぎる！
初見で行ったとはいえ10本しか打てなかった
あと何より要求ノルマが高すぎる

568ななしのよっしん2015/04/28(火) 03:51:07 ID:YPsX77IHM2
ロビカス挑み始めたけど
カンガルーボールの緩急とごく普通のストレートを投げられた時に激しく動揺するようになってて驚愕
ウサニキ、オウニキ、ティガニキにだいぶ感覚ぶっ壊されてんな

569名無し2015/05/04(月) 19:34:20 ID:T8L4s4kqBe
オウルがクリアできん…ｳｺﾞｺﾞ

570ななしのよっしん2015/05/05(火) 08:05:50 ID:ddYXS91U1Z
ウサニキすき
ティガカスほんとひで

571ななしのよっしん2015/05/09(土) 12:44:16 ID:YPsX77IHM2
アメニキの素直な反応ほんとすこ
ttps://www.youtube.com/watch?v=oPat4jGhDBA

572ななしのよっしん2015/05/14(木) 00:15:49 ID:zcykXNdQFf
オウルは運ゲー
ティガーは無理ゲー
なおロビカスは

573ななしのよっしん2015/05/23(土) 17:06:02 ID:ywsE/tPq2a
オウカスはステージ選択の時の顔に千本ノック打ち込みたくなるほどの屑
あとジグザグは下にいくほど幅が広くなってる気がするから上の方で打つようにしてる

574ななしのよっしん2015/05/27(水) 00:54:14 ID:1O1IvENA2t
やーっとオウニキ倒せた・・・すでに涙目なんですけどｗｗｗ

575ななしのよっしん2015/05/27(水) 23:28:47 ID:1O1IvENA2t
ティガニキが一番打ちやすくなってきた、慣れって怖いｗｗ
一回クリアしてノルマから解放されたせいでもあるんだけど

576ななしのよっしん2015/06/03(水) 00:15:28 ID:G2ZT8tHrEu
僕はラビカスで長い間詰みました（半ギレ）

577ななしのよっしん2015/06/09(火) 02:25:04 ID:YPsX77IHM2
>>575
分かる
もう調教されすぎてロビカスの投げる球の中で打てる方の球種って言えるレベル
俺なんてむしろ今は逆に変化見てから打つ癖がつきすぎて
ロビカスの普通の速球に振り遅れてティガニキボールより空振るとかいう恐ろしいことになってる

クリアを意識するとノルマと難度でロビカス死ねってなるけど
普通に野球ゲームしてる感覚だと、変化のあとのただの速球の打ちにくさとか妙にリアルで
なんか野球やってる感は一番有ってちょっと楽しくなってきた（錯乱

578ななしのよっしん2015/06/12(金) 09:04:34 ID:dqhUAUpOB4
>>577
本物の野球みたいなのに打率8割（しかもHRのみ）要求とかロビカスお前精神状態おかしいよ…

579ななしのよっしん2015/07/07(火) 08:51:47 ID:JQB/p9dAiB
はちみつの歌って話がやばいｗｗ
完全に禁断症状ですわｗｗｗ

580ななしのよっしん2015/07/08(水) 20:13:51 ID:BMFHWfAk0H
ティガーは正直見てれば打てるんだよ
オウカスもう許せるぞ！もう許さねえからなぁ？

581ななしのよっしん2015/07/09(木) 20:26:34 ID:YPsX77IHM2
ロビカスに二球続けて緩い直球打たされてる時の慣らされてる感が辛い
この後来る魔球で絶対戸惑うじゃんっていう
逆も然り

582ななしのよっしん2015/07/09(木) 20:31:56 ID:HMuFtYBudV
ティガーのボールは実質ただの直球だからな
オウニキのボールこそ魔球にしてロビカス最大の難所

583ななしのよっしん2015/07/27(月) 01:22:00 ID:YPsX77IHM2
知ってる人が生放送とかアップ動画でこのゲームやってるの見るとオッ！ってなるんだけど
大体ロビン行く前に折れちゃうのが残念・・・折角だからロビン体験してほしいなって思っちゃう
しょうがないっちゃしょうがないんだけどね

そういう人らもこればっかりやってるわけにもいかんし
自分だって何日かけてロビン召喚したんだって話だし

584ななしのよっしん2015/08/01(土) 22:18:31 ID:YPsX77IHM2
ロビカスの投げる魔球で一番打ちにくいのはオウカスボールなのは当然として
その次に撃ちにくいのは高速カンガルーボールだな
変化？って思った時にはもうベース過ぎてんだもんな舐めとんのか

585ななしのよっしん2015/08/02(日) 12:32:50 ID:zzSTGItpEW
ようやくオウル撃破（パワー10ミート12スピード11）
1球目から7連続くらいHR出て余裕で行けるかと思ったが
最後の1球で丁度19本目だった。

586あ2015/08/06(木) 04:52:31 ID:eRqb4N8oup
オウルは初挑戦でクリアできて安定して経験値稼ぎ場所、むしろ
4面以降で一番楽。
だけどティガーは最高3割しか打てなくて詰んでる。
やっぱ人によって得手不得手はっきりしてんだな・・・

587ななしのよっしん2015/08/12(水) 01:27:09 ID:Pw47kCUzB8
>>586
オウルいきなりクリアってうっそだろお前・・・
ロビカス打倒まであと少しの俺でも勝率のほうが低いで

588ななしのよっしん2015/08/15(土) 17:39:50 ID:BHdPt1hVnO
自分もオウルまで意図したレベル上げ無しで順調に行ってティガーで諦めて主に6で経験値稼ぎ中
一番前に出て揺れ気にせず真ん中捉える様にすればかなり楽だった。4や5の方がうまく稼げないな

589ななしのよっしん2015/08/23(日) 18:19:29 ID:HyjlgEFmaZ
いつの間にかゲーム画面下のタグのとこが子供向けから名人向けにｗ
知らなかったｗｗ

590ななしのよっしん2015/08/31(月) 10:27:14 ID:5YEB65Qves
ロビカス連続オウルやめーや

591ななしのよっしん2015/09/07(月) 14:54:02 ID:3PkOyCmt0F
なんや、高低差意識する必要ないから簡単やんｗｗｗｗｗ
と調子乗ってたらオウカスにボロクソにされた……

あんなんチートや！！チーターや！！

592ななしのよっしん2015/09/26(土) 21:42:06 ID:cZv6yE2wDF
オウカス無理
ノルマ直前でファール祭りとは

593ななしのよっしん2015/09/27(日) 19:53:39 ID:FAkFemDIND
最初のオウカス初挑戦で15だったからこれもう少し頑張れば余裕じゃね？
て思ってたけど何回やってもクリアできん・・・
むしろ回数やっていくごとにホームラン減って下手になっていってる気が・・・なぜだ・・・

594ななしのよっしん2015/09/27(日) 21:07:52 ID:cZv6yE2wDF
オウカスやっとクリアできた
ティガニキはラビットよりも早くクリアできたがロビカスェ…

595ななしのよっしん2015/10/04(日) 03:33:24 ID:RtUpY0juCY
bing検索でトップに出てくる

596ななしのよっしん2015/10/19(月) 00:54:06 ID:MiuFXcBfLp
オウル死ね

597ななしのよっしん2015/10/19(月) 23:58:39 ID:YPsX77IHM2
オウル楽勝ティガカス無理って人はマジでベースの上に来るまでボール見て当てに行ってるって感じなんだなきっと
俺みたいなベース来る前にコースとタイミング読んで打つタイプの人が逆なんだろ
ティガカスはロビンが投げるのも含めてもう怖くないけどオウカスボールはマジで安定しねぇもん

598ななしのよっしん2015/10/20(火) 00:09:35 ID:HMuFtYBudV
ティガカスとロビカスは単にノルマがきついだけやろ
オウニキのボール８割打てとか言われたら心折れるわ

599ななしのよっしん2015/10/20(火) 10:49:45 ID:6Ks8Lw6WUd
ロビカス「ぷ～ん（笑）」

600ななしのよっしん2015/11/07(土) 17:48:02 ID:AW00ymN2be
俺は川に落ちても乾いた音がするボールに吹いたわ

601ななしのよっしん2015/11/09(月) 14:53:29 ID:5zJKMQSUPQ
プーさんはプニキではなくプネキだった？

602ななしのよっしん2015/11/09(月) 17:12:34 ID:/DzvMwZQpy
1時間やってみたけどオウカスまでいった。
ここ見なかったらバットに当てる方法すらわからないというね…

603ななしのよっしん2015/11/17(火) 19:11:25 ID:7BKMiLdA2j
オウカス死ねありえんやろあんなもん
作ったやつ打てるんかあれ
絶対クリアさせる気ないわ

604ななしのよっしん2015/11/23(月) 23:25:31 ID:z64ODCBxVK
最高でティガカスまで行ったがCookie消えて一からやり直したら見事にオウカスで詰まって草
もう（初回ほどの情熱も湧か）ないじゃん・・・

605ななしのよっしん2015/11/27(金) 00:07:05 ID:r9MmXMdqht
今年もプニキの冬が来たな……

606ななしのよっしん2015/12/07(月) 19:02:16 ID:7fDRAsOo9h
>>sm27744248
sm27744248
どうしてRTAをやったのか。これがわからない

607ななしのよっしん2015/12/07(月) 22:46:41 ID:cKJ72tHGrd
>>606
そこにプーさんのホームランダービーがあるからだよ、きっと

608ななしのよっしん2015/12/08(火) 02:51:12 ID:+sBJAir9sQ
オープン戦に入るか

609ななしのよっしん2015/12/08(火) 13:02:13 ID:UmhW3bnDzH
久々にやったら奇跡のオウカス一発クリアしたぞ
なおティガカスで三連敗した模様

610ななしのよっしん2015/12/08(火) 17:37:01 ID:zGojxJEj+S
正月のプ・リーグ開催に向けて肩慣らしの試運転のつもりでやってみたけどすでにティガニキに85連敗の模様
ロビカス粉砕なんて夢のまた夢だなあ･･･

611ななしのよっしん2015/12/09(水) 20:04:17 ID:18a3d4K3d6
RTA動画が30分切ったけど、正月に更新するニキは出るんですかね？

612ななしのよっしん2015/12/09(水) 21:28:09 ID:soYeQimcfV
最低限のハチミツでオウカス、ティガニキ、ロビカスを一発突破とかハードル高すぎなんだよなぁ・・・
RTAに触発されて久しぶりにやってみたけどオウカスに４回に１回しか勝てなくてお話にならない

613ななしのよっしん2015/12/10(木) 11:04:23 ID:YUZrAib1hj
マジでこの動画すげえよな
そもそもロビカスまで一発突破てのがムズすぎるんだよな・・・

614ななしのよっしん2015/12/10(木) 17:10:56 ID:z64ODCBxVK
野手がパネル16枚のストラックアウトをノーミスクリアするより難しいわ

615ななしのよっしん2015/12/10(木) 19:40:17 ID:knp6tmaYJv
フルハチミツでもロビカスに一度足りとも勝てない人の方が多いのに、そこそこのハチミツで一発クリアって時点でもう人間やめてるんだよなぁ

616ななしのよっしん2015/12/10(木) 21:08:09 ID:2Ryv8on1eo
ティガーのノルマで心折られた
クソ、何故俺はあんな無駄な時間を・・・

617ななしのよっしん2015/12/11(金) 22:28:47 ID:jh1G3gufJQ
本編動画にこのネタのコメするのはマジで勘弁してほしかった
癒されに来たのにあの恐ろしい記憶を思い出させるのは（アカン）
プ・リーグ後にテンション上がってプニキコメしたくなるかもしれないけど、（出張するのは）やめようね！

http://games.kids.yahoo.co.jp/sports/013.html

618ななしのよっしん2015/12/13(日) 22:50:15 ID:xr3HvIUOcC
ハランデイイ

619ななしのよっしん2015/12/16(水) 22:50:59 ID:Bfj6MgV8BJ
オウルやっとクリアできたで…
なんやあのティガーの厳しいノルマほ…

620ななしのよっしん2015/12/17(木) 09:24:25 ID:vrvHgIk4tr
ドラゴンボールに参戦したプニキ

621ななしのよっしん2015/12/17(木) 18:43:03 ID:WXI2dwytdx
月別アクセス数が知りたい
12月と1月にどのくらい集中しているのか

622ななしのよっしん2015/12/22(火) 02:47:30 ID:RH2g0QUnHP
RTAすげえな…ノーミスクリアとか信じられん
ノルマ制だからRTAというよりオワタ式に近いと思う

623ななしのよっしん2015/12/22(火) 02:55:48 ID:HMuFtYBudV
ロビカスに勝てる奴は人を辞めてる

624ななしのよっしん2016/01/01(金) 01:07:02 ID:g2GRRDoSsK
きたよ

625ななしのよっしん2016/01/01(金) 01:08:49 ID:z64ODCBxVK
プ・リーグ開幕

626ななしのよっしん2016/01/01(金) 02:35:19 ID:xQO22MgXzy
2016開幕！

627ななしのよっしん2016/01/01(金) 09:52:22 ID:zZjt0vMzrc
今年もこの季節がやってきたか

628ななしのよっしん2016/01/01(金) 10:25:52 ID:3dVAgW2ZH0
>>sm27869278
sm27869278

629ななしのよっしん2016/01/01(金) 10:36:08 ID:xYDfdqEWMi
やってきてしまった

630ななしのよっしん2016/01/05(火) 12:47:45 ID:7xs2PYo4bL
ニンジャスレイヤーのやきう回並に酷くて草

631ななしのよっしん2016/01/05(火) 21:14:16 ID:EcDjMYAffs
この記事への転送リンクは
「プニキ」「ロビカス」「プ・リーグ」の3つかな？

632ななしのよっしん2016/01/09(土) 11:39:53 ID:lkoOSw+AWw
言うてそこまで難しくないやろーｗｗｗ

って思ってましたさーせん
オウル死ねよ

633ななしのよっしん2016/01/10(日) 11:29:21 ID:Q9pshK4r2c
ティガニキのせいで3連休潰れそうなんだよなあ

634ななしのよっしん2016/01/23(土) 13:13:15 ID:wvbqxsjwSZ
Wayback MachineにNBCが残ってたんで抜粋
くまのプーさんのキャラがこんなに呪われているを見て大笑いするとは思わなかった。あなたもそうなるだろうが

（以下NBCが引用してたコメントの一部）
・誰かこのオウルをバットで殴り殺すゲーム作ってくれ
・こんな子どもが呆然とするゲームはどこに需要あるんだよ
・ロビカス（原文『bi*** Christopher』）にかまって時間を無駄にしないほうがいいぞ
・アニメの動物キャラでこんなにムカついたのはオウルくらい

635ななしのよっしん2016/01/24(日) 01:22:25 ID:bNIC+A5uC+
>>634
元の書き込みは4chanかな？
カンガとルーは地獄で焼かれるべきみたいなこと書いてあって草

636ななしのよっしん2016/01/26(火) 23:06:26 ID:hgxKRfnuUK
アニメでは全然そんなことないのに
このゲームのロビンの憎たらしい顔はなんなんだろうな

637ななしのよっしん2016/02/06(土) 23:53:45 ID:zGeoDLNTzD
久々にアクせうしたらデータ消えてた
クッソまたオウル・ティガ―とやるのか

638ななしのよっしん2016/02/07(日) 00:07:39 ID:HMuFtYBudV
>>634
オウルニキ大人気やな
やっぱり大正義なんやな

639ななしのよっしん2016/02/14(日) 06:58:39 ID:G3aXs5vQqj
ティガニキはボールが消えたことを認識しきった後にすぐ振るのがコツ（意味不明）

640ななしのよっしん2016/02/29(月) 11:26:01 ID:NQlfdzazb4
http://www.nicovideo.jp/watch/sm25320966　
無強化でロビカス粉砕っておかしなことやっとる・・・

641ななしのよっしん2016/03/11(金) 15:49:53 ID:pl4rzYr0HA
某KYHR氏もついにハチミツ疑惑が世間に漏れてしまったが、果たしてプニキは大丈夫だろうか・・

642ななしのよっしん2016/03/20(日) 20:49:59 ID:XZdUJGUJ9a
のちの紅兜である。

643ななしのよっしん2016/03/28(月) 14:01:36 ID:AW00ymN2be
>>642
二つ名アシラはプニキがハチミツを極めた結果だったんですね（白目）

644ななしのよっしん2016/03/30(水) 17:54:27 ID:JtBS6AGkjM
プニキのMMDモデルが欲しいのだが、配布場所がわからない。
誰か知ってたら教えて。

645ななしのよっしん2016/04/08(金) 10:49:04 ID:a8Ct35/Nyq
RTAのは何気に超人級だと思う

646ななしのよっしん2016/04/09(土) 19:21:49 ID:xibExqwF/p
妹にプニキやらせたらイーヨーで何度か失敗して以降オウカスまでトントン拍子でクリアしてって草
わいなんてイーヨーすらクリア怪しいのに……

647ななしのよっしん2016/05/08(日) 06:41:02 ID:sYnDYALWEV
＞超絶難易度によって多くのなんJ民、「」が阿鼻叫喚の地獄に叩き込まれ
ここの"「」"はふたばの用語なんかな
使い方が正しいのかしらんけどあんま一般的じゃない言葉で説明するのはどうかしら

648ななしのよっしん2016/05/08(日) 06:45:26 ID:WxJvznCf54
ふたばは自分たちの文化を外にだすなという割に、
外に知られた時はふたば用語使いまくって説明するからな

649ななしのよっしん2016/05/23(月) 17:45:12 ID:O3PFY+mY6d
>>640
ついにハチミツに頼らない最強のプニキが現れたのか・・・たまげたなぁ・・・

650ななしのよっしん2016/06/18(土) 17:21:42 ID:O/vUXNg3k2
>>sm27869278
sm27869278

651ななしのよっしん2016/06/19(日) 10:07:40 ID:JnHFrCFDZZ
http://www.nicovideo.jp/watch/1455262327
この動画でホームランダービーのBGM(フル版?)が使われていた

ホームランダービーのBGMは何かの素材っぽい?どこにあるんだろ

652ミレイ◆orK.MILLAY2016/06/27(月) 17:03:54 ID:94HhwZ/efi
まさか、森の仲間たちに苛立つ日が来ようとは…
    

      



タイトル:ホームランダービー(ファミコン風)



ほめる




記事内再生用タグ:

653ななしのよっしん2016/06/29(水) 01:27:05 ID:C4Cf9MGhKC
>>652
ｶｶﾝﾃﾞｲｲ

654ななしのよっしん2016/07/05(火) 22:25:12 ID:B2CamMH+4M
ｵｽｽﾒｾﾝﾃﾞｲｲ

655ななしのよっしん2016/07/06(水) 03:13:04 ID:1Ch3Bs/RvL
>>647
本来なら「なんJ民」の時点でなんJ語なのに何を今更
つーかニコ百にも記事があるのになぜ読まん、そのための百科だろ

656ななしのよっしん2016/07/06(水) 06:55:22 ID:j1clf3Wr/n
>>652
今週のオススメピコ選出おめでとうございます

657ななしのよっしん2016/07/06(水) 11:06:17 ID:z64ODCBxVK
トップページでプリーグ開幕してて100エーカーの大草原化不可避

658ななしのよっしん2016/07/06(水) 21:16:36 ID:X4Li6JKyx6
>>651
効果音もgdgd妖精sだし、無関係な他所の作品でも使われてるから
明らかに音楽と効果音はフリー素材使ってるんだけど
どこにあるのか未だに特定には至ってないよな…

659ななしのよっしん2016/07/09(土) 20:52:03 ID:iNoy4ScgAA
>>652
（オススメピコに）ﾊﾗﾝﾃﾞｲｲ

660ななしのよっしん2016/07/11(月) 00:46:23 ID:+EoBL+gPME
BGM特定ﾆｷはいないのか？
CDとかでなく、どこかの音声アーカイブから引っ張ってきてるのかな?

661ななしのよっしん2016/07/28(木) 18:21:40 ID:tut7wE1CtG
梱枝りこの漫画のありすorありすのドラマCDにBGM使われてて草

662ｎの３乗2016/08/01(月) 11:53:19 ID:EMVWybeKgy
>>652
森の仲間たちはイタズラが好きだからな・・・

663ななしのよっしん2016/08/10(水) 23:36:56 ID:cQIYxpMT5P
5時間半かかってようやくイェーガーニキ撃破　
なんだこのゲーム！

664ななしのよっしん2016/08/10(水) 23:59:12 ID:cQIYxpMT5P
ティがニキ30～40回してからのロビニキだと、
案外ロビニキの方が楽に感じる
そう思っていた時期が僕にもありました

665ななしのよっしん2016/08/11(木) 01:54:27 ID:cQIYxpMT5P
フル強化で2時間かけてロビカス撃破……
無強化粉砕ニキは本当何者なんですかね…

666ななしのよっしん2016/09/18(日) 01:34:47 ID:kLUktJzfz2
yahooゲーム全体だともっと難しいのはゴロゴロあるという恐ろしい事実
これでもディズニーだからまだ子供向け()らしいぞ

667ななしのよっしん2016/09/23(金) 18:36:38 ID:hxHoKeKE+C
ヤフーだとゲーム画面上にバラエティって出ててハランデイイに空目した

668ななしのよっしん2016/10/11(火) 22:08:43 ID:eSnu4rZPVo
オウルまではドーピングしまくって何とかクリアしたが
ティガーは1回やってこれはもう無理だと思った

669ななしのよっしん2016/10/12(水) 06:41:30 ID:tIB1bvGUKO
http://games.kids.yahoo.co.jp/sports/013.html



タイトル:かっせーかっせープ・ニ・キ！！
        画像をクリックして再生!!
      
      
ほめる

         
      


記事内参照用URL :

670ななしのよっしん2016/10/14(金) 01:40:45 ID:z64ODCBxVK
>>669
オウカス辺りがドリームボール放ってきそう

671ななしのよっしん2016/10/16(日) 14:21:15 ID:zLp3j6omcI
>>110のタイミング間違いを修正
    

      



タイトル:（曲名不明）



ほめる




記事内再生用タグ:

672ななしのよっしん2016/10/23(日) 02:34:04 ID:tIB1bvGUKO
実況「100エーカーの森スタジアムでは、依然乱闘が続いています」

>>670 オウカスほんま打てんわ…パワーとミート最大にしてもドン詰まりの山やで…
    
      




タイトル:ナックルボーラーオウカス
        画像をクリックして再生!!
      
      
ほめる

         
      


記事内参照用URL :

673ｎの３乗2016/10/23(日) 09:26:41 ID:EMVWybeKgy
みんなのトラウマ

674ななしのよっしん2016/10/31(月) 03:01:22 ID:zGeoDLNTzD
「013」でググるとトップに出てくる

675ななしのよっしん2016/11/25(金) 00:24:00 ID:rmfSTlxiFM
100エーカーの森のBGMを聴くと身体が震えてくるからカス

676ななしのよっしん2016/12/06(火) 00:03:38 ID:z99+lmnU33
タイミングを合わせて、マウスでバットを振ろう！ ホームラン何本打てるかな？ 
子ども向けの無料ゲームならYahoo!きっずゲーム.

677ななしのよっしん2016/12/06(火) 16:12:09 ID:oeR2rNo1jj
真面目に阪神問わず本物の野球選手や監督にプレイしてもらいたい。

678ななしのよっしん2016/12/09(金) 03:02:51 ID:EMVWybeKgy
任天堂最大の誤算？黒い任天堂？

679ななしのよっしん2016/12/13(火) 14:53:24 ID:6hoXhkMEO7
>>678
さりげなくお前が立て逃げした糞記事を入れてんじゃねーぞ糞コテ
任天堂とか他の記事でも同じこと言ってるし何がしたいんだこいつは

680ななしのよっしん2016/12/13(火) 15:23:44 ID:X9yLspmfQY
ただのゲハカスでしょ

681としあき2016/12/14(水) 17:11:50 ID:EMVWybeKgy
>>679
ななしのよっしんが糞コテでしょ

682ななしのよっしん2016/12/18(日) 18:41:53 ID:YIcohhFP00
>>681
そうか…俺らは糞コテだったのか…なるほど…

683ななしのよっしん2016/12/21(水) 00:46:46 ID:YPsX77IHM2
おい年内でサービス停止ってマジかよ

衝撃過ぎて1年ぶりにティガカスとやったら1戦目で軽く35本いったわ
昨年ティガカスとロビカスにいじめ抜かれた体がティガカス攻略を覚えてた

684ななしのよっしん2016/12/21(水) 02:11:38 ID:FjOlgL5ahA
>>683
あれ釣りやぞ
安心して正月を浪費できるね(ﾆｯｺﾘ

685ななしのよっしん2016/12/21(水) 17:35:49 ID:j1clf3Wr/n
まーた今年もプリーグが開幕してしまうのか

686ななしのよっしん2016/12/21(水) 22:48:52 ID:z64ODCBxVK
ヒラカンデイイ

687ななしのよっしん2016/12/26(月) 23:42:43 ID:OE/Si8+lWu
プリーグ開催まっしぐらやで　今年こそ打倒オウカス

688ななしのよっしん2016/12/27(火) 16:18:10 ID:fCna5MH6CE
>>651を参考にフル版？を作ってみた
ピコカキコはロビカス並みに手強いわ
    

      



タイトル:プニキのホームランダービー



ほめる




記事内再生用タグ:

689ななしのよっしん2016/12/28(水) 16:03:02 ID:zLp3j6omcI
>>688
入口はイーヨーより敷居が低いけどね

690ななしのよっしん2017/01/01(日) 04:01:40 ID:tIB1bvGUKO
Happy New Year!　PLeague_Want_You!↓
http://games.kids.yahoo.co.jp/sports/013.html

691ななしのよっしん2017/02/18(土) 23:34:55 ID:YPsX77IHM2
久しぶりにロビカスとやったが駄目だコレ
一球一球の対戦自体は面白いけど異常なノルマと球数がストレスフル

692ななしのよっしん2017/03/08(水) 22:39:38 ID:zINIA5MvtG
「スティッチのコズミック スラッガー」ていう似たようなゲームがあるけど、スティッチ界のロビンことイン兄貴は５０球中２５本ホームランでクリアにしてくれるぐう聖やで

693ななしのよっしん2017/03/19(日) 20:12:25 ID:8hmV31LBip
ヒテッマンリスペクトからきれいなプニキなるにしきがおが登場したけどあれは･･･
因みに生放送はコンテスト当日も振り返り放送でもﾊﾗﾝﾃﾞｲｲコメが多かった模様

694ななしのよっしん2017/04/28(金) 16:44:12 ID:qWxn0Bdo5E
大正義ロビカス、遂に実写映画化決定。

695ななしのよっしん2017/06/18(日) 15:22:11 ID:YPsX77IHM2
久しぶりにロビカスに挑んでみるかと思ったらデータ飛んでた・・・
取りあえず前半戦軽く消化したけどオウカス戦が迫って来て萎えるんだが・・・

696ななしのよっしん2017/06/21(水) 00:45:22 ID:AEPJC+6QoY
初プレイしてみたが、カンガ＆ルーまでは全部順調に躓いたｗ
オウルは記事に書いてあるような外側で当てる意識して、あと横のブレを追わず中心点を意識するように振ったら案外あっさりクリア出来たわ
ティガーはノルマ含めてきつそうだから今日は寝よう

697ななしのよっしん2017/06/25(日) 00:14:00 ID:AEPJC+6QoY
ティガニキノルマギリで倒せたのほんと嬉しい
ロビカスはもう一試合しただけで、俺には無理だと思い知らされるレベルだったわ…

698ななしのよっしん2017/06/25(日) 15:28:01 ID:YPsX77IHM2
超久しぶりにステ半端な状態でオウカスに挑んだけどやっぱり駄目だわこいつ。
当たるんだよ。当たるけど柵越えないんだよ・・・！
空振りたった3回でノルマを半分しかこなせないってどういうことなのよ。
ハチミツ無しでクリアしてる超プニキ達は一体何者なんだよ・・・。

パワー、ミート全開になるまでウサニキボコって稼ぐわ・・・。

699ななしのよっしん2017/07/08(土) 21:46:16 ID:A2uFB1JQle
元々３０FPSぐらいで作られていた説

700ななしのよっしん2017/07/14(金) 03:33:30 ID:YPsX77IHM2
ロビカス戦だけキャッチャーになってバッター潰す側になりてぇ

701ななしのよっしん2017/07/15(土) 01:05:25 ID:z64ODCBxVK
>>700
AIと化したプニキ「曲がろうが消えようがタイミングずらそうが何しようがホームランにするから無駄だぞ」

702ななしのよっしん2017/07/16(日) 15:14:58 ID:tcNE36elBQ
>>700
ジョックのプロのニンジャになりたいだって？　反則だろ！

https://togetter.com/li/889151

703ななしのよっしん2017/07/16(日) 18:28:39 ID:YPsX77IHM2
ロビカス頼むから30球勝負にしてほしい
球種そのまま、HRノルマ4/5のままでもいい
一勝負着くまでのあの長い時間が何よりもロビカス挑戦への壁になる

704ななしのよっしん2017/07/26(水) 20:34:40 ID:4HdPr120kD
Flashがなくなってしまったら、
もうプニキともロビカスともお別れなのだろうか

705ななしのよっしん2017/07/26(水) 23:39:09 ID:r6BAjSApAh
そこはYahoo!だから本拠地移転して最新のボールパーク化やろ(願望)

706ななしのよっしん2017/08/10(木) 14:56:00 ID:Eup21M3WgB
糞豚で諦めました(池沼)
だるめしスポーツ店は結構やってたんだけどな～

707ななしのよっしん2017/08/20(日) 18:37:25 ID:41ZZY7+KIh
何回もロビカス戦やってて思ったがこれオウルよりティガの方が厄介な気がする
そりゃ高速オウルと高速カンガルーは事故みたいなもんだけどむしろ低速なら餌だし
高速でも低速でも安定して崩してくるティガボールのほうがやっててキツい

708ななしのよっしん2017/09/02(土) 02:08:52 ID:YPsX77IHM2
>>707
消えてからベースの上通るまでのタイミングはそう変わらない印象だけどなぁ

多分ティガカスを直ぐ超えられた組かな？
ティガカス攻略に数日苦しめられた奴は消えるの見てから打つまでのタイミングを体が覚えるから安定して打てるようになるよ（マジキチ
ただし普通のストレートが打てなくなる（何時までも消えないから

709ななしのよっしん2017/09/15(金) 14:25:47 ID:XMbx60K9j+
>>704
HTML5に移植されてもっと激ムズになるからな、喜ぶんやど？

710ななしのよっしん2017/10/17(火) 16:32:21 ID:9lY/B07uOv
多分人によると思うんですけど（名推理
オウカスはそんなに苦労しなかったけど、ティガカスがなかなかクリアできませんでした…

711ななしのよっしん2017/11/23(木) 11:41:54 ID:PTwMqej2bx
ロビンが無理過ぎる
他のやつらは挑戦する度にコツやタイミングがわかってきたけど
こいつは変幻自在過ぎてついていけない

712ななしのよっしん2017/12/08(金) 02:42:09 ID:sfvsnu23bS
火の玉直球と高速Wボール連発されると無理ゲーやね･･

713ななしのよっしん2018/01/01(月) 04:20:41 ID:5JGwRAqKGx
http://games.kids.yahoo.co.jp/sports/013.html

714ななしのよっしん2018/01/01(月) 10:12:16 ID:J4s9WMiapV
ﾊﾗﾝﾃﾞｲｲ

715ななしのよっしん2018/01/01(月) 11:30:52 ID:e9/g3cYaIK
>>im7739740
im7739740

716ななしのよっしん2018/01/02(火) 07:05:21 ID:5JGwRAqKGx
外へのオウルボールと内角への快速球の緩急だけは勘弁してもらえませんかねぇ…

717ななしのよっしん2018/01/04(木) 01:36:11 ID:NsXRNqU4CF
https://www.comdotgame.com/play/winnie-the-pooh-baseball

718ななしのよっしん2018/01/04(木) 21:27:51 ID:ZXGOw6w087
http://games.kids.yahoo.co.jp/sports/013.html

719ななしのよっしん2018/01/06(土) 21:13:07 ID:6onQ+ZKFma
ロビカスの大正義っぷりと画面に滅多に映らない事で気付きにくいけど
あんな大正義魔球を一球ですら後逸しないゴーシュも大概な化物やろ…

720ななしのよっしん2018/01/12(金) 20:30:23 ID:bqOGiFhwhN
イーヨーの時点で難しい

721ななしのよっしん2018/02/04(日) 19:29:10 ID:5lP/NiOVz3
アニメ化おめ。

722ななしのよっしん2018/02/05(月) 21:46:07 ID:PRp0STI0i7
まさかのダブルRTAとは……

>>sm27744248
sm27744248

723ななしのよっしん2018/02/06(火) 13:48:34 ID:sfvsnu23bS
一方なんjではプリーグスレ一瞬で落ちてて悲しいなぁ

724ななしのよっしん2018/02/08(木) 19:20:32 ID:X4Li6JKyx6
そういえばgdgd妖精sでもネタ画像が投稿コーナーで出てたから2度目のアニメ化？
ある意味アニメ化に恵まれたゲームとも言えるのか…

725ななしのよっしん2018/02/21(水) 16:52:16 ID:L8aeLVWIIs
某AVにもこのBGM使われてて草
BGM特定まーだ時間掛かりそうですかね～？

726ななしのよっしん2018/02/23(金) 18:43:36 ID:zzSTGItpEW
ようやくオウルに勝った
昔やったときにクリアしたような記憶があるがデーター消えてて
最近また始めたらすげー苦戦して
何かいいとこまで行くと緊張して調子が崩れたりして
あと1本(18本)で3回も敗退した

727ななしのよっしん2018/03/02(金) 15:28:30 ID:FczlXxf2H/
久しぶりにやりたいと思って見たらサービス終了してて驚愕した
嘘やろ…（絶望）

https://kids.yahoo.co.jp/games/sports/013.html

728ななしのよっしん2018/03/02(金) 23:45:40 ID:yrtlf8ugba
ちゃんとアドビ入れればできるぞ

729ななしのよっしん2018/03/14(水) 12:36:42 ID:Q7niPQ3Blx
なんでや…プニキの恵体はスマホでは拝まれへんのか…(絶望)
俺個人はPCでやれるが、パンピーの知人に紹介するのに(いや既出と思うが、一応ね？)、このふざけた良ゲー具合からのスマホ非対応はちょっと…
有識者のコメント全裸待機不可避

730ななしのよっしん2018/03/22(木) 07:25:39 ID:nd3nyMOLHI
タイミングつかみさえすれば出来るティガーよりオウルのが難しかったわ　なんやあの糞鳥

731ななしのよっしん2018/03/24(土) 20:02:02 ID:CI04ttAWmo
やった、やったよ、ティガーに勝てたよ。。。。
長かったよぉ
なんだよこいつ、なんで玉が消えるんだよ
意味わかんねーよ
何時間かけたと思ってるんだよ

732ななしのよっしん2018/03/25(日) 11:40:08 ID:CI04ttAWmo
無理や、こんなん人間に出来るもんちゃうやろ
なんやねんロビカスの投げた瞬間の真顔怖すぎるやろ
もうこれは無理

733ななしのよっしん2018/03/29(木) 19:19:47 ID:zzSTGItpEW
ティガーは18本止まり
緩急付きすぎててタイミング掴めねー

734ななしのよっしん2018/04/16(月) 01:04:53 ID:bTy3JKACub
クソゲーたる所以は難易度よりも操作性の悪さだと思う。プニキのマウス移動が遅すぎて弱い球打つために前に出た後に早いの来ると間に合わぬ。

735ななしのよっしん2018/04/20(金) 13:07:23 ID:I6fojQOLjm
りんくうタウンの観覧車でBGMがフルでかかるみたいっすよ

736ななしのよっしん2018/04/21(土) 21:56:54 ID:q/vRUyHaVE
>>735
つべで動画漁ってきたら微かに聞こえるの見つかって草

あとDMMのPalmiってロボットが天気予報言うときも流すらしい。

737ななしのよっしん2018/04/22(日) 15:50:25 ID:X4Li6JKyx6
体感的にはオウル→ティガーは難易度2、3割り増しなのに対して
ティガー→ロビカスは難易度10倍増しだから
物凄い苦労してティガー倒した後のロビカス戦ほんと心折れる

738ななしのよっしん2018/04/22(日) 20:27:19 ID:D3zkIZRnSD
>>736
ハラディ

739ななしのよっしん2018/04/22(日) 22:22:19 ID:q/vRUyHaVE
>>736
>>738
とりあえずDMM Palmi
https://youtu.be/iClOv7mvwco
>>735 の分はホームビデオすぎるんだよなぁ……

740ななしのよっしん2018/04/23(月) 01:26:33 ID:oKu1L/EyIf
>>734
スピードのステータスを上げない縛りでもしてるのか？

741ななしのよっしん2018/05/03(木) 01:10:37 ID:cehSqWJ4CQ
無強化でロビカス倒せるのかこれ？

742ななしのよっしん2018/05/07(月) 08:44:23 ID:t9LjRCzg/n
ロビンは下手にランダム要素を入れるとゲームがクソ化するいい例な気がする

743ななしのよっしん2018/07/13(金) 15:48:49 ID:zzSTGItpEW
つーかロビン無視すりゃ割と良ゲーだろうに。
クリア後のやり込み要素みたいなもんだし無理にやらなくてもいい気もするが
そこまで行きつくと倒したくなるものなんだろか

744ななしのよっしん2018/07/13(金) 16:09:05 ID:/PJ/Twl+pc
ハチミツ決めると身体が更なる闘争を求めるから

745ななしのよっしん2018/07/24(火) 09:05:03 ID:6onQ+ZKFma
実写化によって森の畜生共とロビカスにCV付いた奴が投稿されそう

746ななしのよっしん2018/08/13(月) 21:42:31 ID:yDk2zI+eM2
ﾋﾀﾞﾘﾃﾞｳﾃﾔ

747ななしのよっしん2018/08/27(月) 01:55:50 ID:ySWmvQXSXx
>>745
古美門のボイスでクッソ煽ってきそうですね…

748ななしのよっしん2018/08/29(水) 05:07:52 ID:JF5TjTrZpz
>>743
メニュー画面が問題
7+1構造にするなら分かるが
4x2構造にするからこうなる

ラビット　50％
オウカス　約54％
ティガー　70％
というあたりやはり運営もオウカスをキラーだと思っているのだろうか…

749ななしのよっしん2018/09/01(土) 23:30:54 ID:6h5duTA18X
もしかして：宮崎敏郎

750ななしのよっしん2018/09/10(月) 09:08:50 ID:I/XGOHvKV4
ティガカスも大概だろ
タイミングおかしくなったら全然打てなくなるし
ロビカスは論値

751ななしのよっしん2018/09/15(土) 01:03:50 ID:NEsPjPHlZS
男の子に人気（大嘘

752ななしのよっしん2018/09/15(土) 05:49:26 ID:ADJbpG1ZML
なぜロビンが野球選手にならなかったのかという謎は映画を見れば解けますか？

753ななしのよっしん2018/09/17(月) 17:16:06 ID:Ynh57hOL6+
映画も見るやで

754ななしのよっしん2018/09/18(火) 16:36:10 ID:FPme4rHgQA
>>752
パッパの早逝と大戦下の不況が原因やぞ

755ななしのよっしん2018/09/23(日) 20:37:31 ID:1IXFXrDQHV
当時は貧しく、お金が必要でした

756ななしのよっしん2018/09/24(月) 00:20:44 ID:Epis48QUuy
なんか急上昇してるけど何かあった？？？

757ななしのよっしん2018/09/24(月) 00:24:13 ID:vyfTxX+plo
そろそろプロ野球が終わって秋季キャンプの時期だしな！

758ななしのよっしん2018/09/24(月) 00:43:51 ID:UCkMcyIYxC
ｱｹﾞﾝﾃﾞｲｲ

759ななしのよっしん2018/10/03(水) 16:24:02 ID:x+C2v52pFU
オトナになったロビンはぐう畜ではなく社畜でした・・・

760ななしのよっしん2018/10/05(金) 07:53:17 ID:1yhPe8atHD
問題:プニキはロビカスと戦い、ホームラン39本、ヒット11本を打ち完全敗北した。この時のプニキの長打率を求めよ。

761ななしのよっしん2018/10/16(火) 18:55:23 ID:kFg8lokccZ
Wikipediaに英語の単独記事があるのか…

762ななしのよっしん2018/12/09(日) 18:48:47 ID:1n3oR2N63H
Winnie the Pooh's Home Run Derby
https://en.wikipedia.org/wiki/Winnie_the_Pooh%27s_Home_Run_Derby

ほんとだ

763ななしのよっしん2018/12/22(土) 08:15:46 ID:94HhwZ/efi
英語版の配布サイトが潰れてて、怪しいWebページに転送されるようになってる
撤去してあげて

764ななしのよっしん2018/12/27(木) 17:13:56 ID:dIIwrAeEst
RTA in Japanでロビカス撃破RTAやると聞いて

765ななしのよっしん2018/12/29(土) 21:59:00 ID:G+R0LF2zAJ
なお撃破できなかった模様
監督……難易度おかしいですよ

766ななしのよっしん2019/01/18(金) 18:27:58 ID:olA2rpQ8UU
プレイしてみたけどラビットがオアシスなんてとんでもない
オウルの方がよほど簡単だった

767ななしのよっしん2019/01/23(水) 00:03:39 ID:ma9JkSFwfI
オウルで10連敗してラビットでカンストまでもっていったが
やっぱりオウルに20連敗して丸太を壁に掛けた俺が通りますよ

768ななしのよっしん2019/02/18(月) 22:09:14 ID:VhxqbDk8+5
無強化ロビカス38/50が限界だったわ
無強化でロビカス撃破したやつは今んとこおるんか？

769ななしのよっしん2019/02/23(土) 00:45:12 ID:9N2n2rO0QF
>>768
そこまで行けたならあと一歩だ
もっと熱くなれよ！（無責任）

770ななしのよっしん2019/03/07(木) 22:06:52 ID:SDyVTC9T+4
ｱｶﾞﾗﾝﾃﾞｲｲ

771ななしのよっしん2019/03/07(木) 22:44:08 ID:TaRKFbLKvX
なんで記事上がったんだ･･･？

772ななしのよっしん2019/03/07(木) 22:54:55 ID:AEPJC+6QoY
上がってて草
ロビカスだけは本当にクリアできなかったな…

773ななしのよっしん2019/03/07(木) 23:00:32 ID:akogFX/rqS
これのスティッチverもあるぞ　どっかでプレイした記憶がある
ステージ構成はこれと同じ

774ななしのよっしん2019/03/07(木) 23:36:35 ID:kYG/EqY9RG
RTAが更新されて上がったのかな？ニコニコには動画が上げられてないようだけど。

775ななしのよっしん2019/03/08(金) 00:17:50 ID:KaMMJ25HMJ
Android対応

776ななしのよっしん2019/03/08(金) 00:27:20 ID:QEm8q3zJnw
>>771
スマホ対応になったからだと思う。
https://togetter.com/li/686627

777ななしのよっしん2019/03/08(金) 01:20:24 ID:TVQ0eZ2Rv4
「くまのプーさんのホームランダービー!」全キャラRTAで世界記録“24分台”日本人が達成 上達のコツなどを聞く
https://news.nicovideo.jp/watch/nw4941575

778ななしのよっしん2019/03/08(金) 01:23:42 ID:lXZIos/4Ay
>>776
いや、このまとめ5年前のやつが何故かtogeで浮上してるだけだぞ？
恐らくRTA更新の方だろ(ちょっと遅いけど)

