けものフレンズプロジェクト関連の陰謀論等と反論の一覧 2019-03-08/12:45 109

1ななしのよっしん2018/09/03(月) 18:18:19 ID:XdzIQw2jwF
「ではないか」ばかりで煮え切らなさすぎる。「穿った見方ではないか」みたいなのは不要だから、はっきりしているものに限定してぱっかーんと一言で反論してほしい。

2ななしのよっしん2018/09/04(火) 20:58:42 ID:TqMgb46Gq1
>>1
ご意見ありがとうございます。
この記事は、去年のカドカワ等へのバッシングの様な、その時点で正しく思えた情報を断定調で記す媒体になってしまう事は避けたいと思い、また、はっきりしていると言う判断も結局は編集者の主観で偏ってしまうと考えたので、曖昧な事についても曖昧な物として一覧と言う形で列挙する形にしました。
また、叩く行為だけが残って一応はその元とされる情報や出来事が実際にどの様な物であったか、散逸して忘れられてしまう様な事は避けたいと言う考えもあり、その他、既成事実のように語られている事にも反論がある事をまとめるべきだと考えた為、なるべく広い範囲の情報を拾っています。
こう言った方向性の記事なので、特定の方向性への加熱に冷や水を浴びせる様な内容になっていて、結論を求める方にはすっきりしない物になっていると思います。
結局は関係者にしか分からない事だらけだと思っているので、一連の出来事が公に円満に解決するまでは、玉虫色に見えてもこう言った形にしておこうと思っています。

3ななしのよっしん2018/09/09(日) 19:54:27 ID:CZPk6QpHOd
「信用に足る情報が無いのでよく分かりません」で終わるところよくこれだけ妄想できるよなぁ
まあ陰謀論っちゃそもそもそんなもんだけど

4ななしのよっしん2018/09/16(日) 11:29:07 ID:yqDXD109Vv
この記事によく出てくる「穿った見方ではないか」って要は「思い込みじゃね？」って言ってるだけだから記事タイトルに反して「反論」にも何もなってないのよ

だからと言って、その項目の内容が事実だ、とまでは言わないけども、逆に「ぐうの音も出ずに苦し紛れの反論をしてる」印象を覚える

5ななしのよっしん2018/09/16(日) 11:43:10 ID:qzJQkJYcBz
いや、「明確な根拠がない」ってのは一番の反論だろう
それがなければどこまで行っても妄想の域を出ないし

6ななしのよっしん2018/09/16(日) 11:58:26 ID:pD/CzYVFS3
正直どっちでもいい派としては本スレでどうこう言い合うよりこっちに隔離してくれる方が有難い

7ななしのよっしん2018/09/18(火) 06:31:44 ID:kW1Kzn6Nzz
ツイートからの話し合いと離別までの炎上の流れはまだ普通だったんだけど、今年に入ってからのたつき・ヤオヨロズアンチは現れたのが遅いし、運動を起こした所で得られる利益が無く、事実を無視しようとしたあたり人工芝っぽいとしか思えない。

最近は大人しくなったが、それもいつまで続くかね。

まあ、どうせその内ここも荒れるさ。

8ななしのよっしん2018/09/21(金) 08:18:56 ID:7cD8G+ZG9S
真相をずっと待っている身としては「これはゴシップ」「これは対立構図から生まれた都合の良い解釈」と、論点がずれていくのを修正してくれるこういう視点はありがたいよ

9ななしのよっしん2018/09/23(日) 15:23:24 ID:1ragu1tsAl
先日の、脚本料及び印税の未払いについても記述した方がいいかもしれないですね
あれもあれで、色眼鏡をかけてしまいがちだからこそ、こういった形で記述することで整理する必要があると思いますし

10ななしのよっしん2018/10/07(日) 12:13:26 ID:YaKz/neWc5
たつき監督は自身の軽率なツイートを発端にけもフレ2のPVに5万近いbadが付いてることに対してなぜ何も対処、言及すらしないのか。プロのクリエーターとして有り得ない。 
放火されたけもフレ2で頑張ってる現場スタッフや声優、音楽アーティストに対して何も思わないのか。監督の振る舞いは、それらクリエーターへの蔑視に他ならないこと分かっているのか

11ななしのよっしん2018/10/07(日) 12:37:14 ID:FRQKNjDrfu
トークショウで茶化してたから12.1話は違法だった！ってのは正直俺も無理があると思ってたわ
あの程度の陰謀論を堂々と発言できる時点で脳が溶けてると言われても仕方ない、人の事を言えないレベルのガイジやね
同レベルのガイジが大量に沸いてたから安心したんかな

12ななしのよっしん2018/10/14(日) 19:01:04 ID:gUVWPSuGBF
>>11
「トークショウで茶化してたから12.1話は違法だった！」
ではなく
「トークショウで茶化してたから12.1話は違法じゃない！」
ってことが言いたいのだろうか…

13ななしのよっしん2018/10/16(火) 19:44:04 ID:8/3wDIdEXS
あー、この記事は確かに助かるわ。ぶっちゃけ、吉崎先生だろうとたつき監督だろうとお互いのファンが勝手に本店たちを旗本にして暴れまわってるだけなんだよな。
吉崎先生だと嫉妬論だとか、たつき監督だとファンネルとか貴殿は工作員がまさにそれ。本人たちのあずかり知らぬところで暴れたバカの発言がなぜか本人たちの汚名として着せられている。

14ななしのよっしん2018/10/16(火) 19:51:28 ID:8/3wDIdEXS
>>13
まちがった。勝手に本店、じゃなくて本人だったわ。
まあ、少なくともどっちともヒートアップしすぎてハッキリ言って手が付けられんわ。
本来の意味で中立に、っていうならこの記事は役立つかもね。

15ななしのよっしん2018/10/16(火) 22:41:07 ID:8/3wDIdEXS
愚痴ついでに書いとくとこの騒動のさなか、まったくここにほとんど書き込みが無かったあたり結局、掲示板で暴れている（どっちとも）奴らって客観的な議論じゃなくて単にレスバトルがしたいだけだったんだなぁって。サーバルちゃん風に言うなら「熱くなりすぎだよ
これを機に、この場所が良い事活用されることを願いたい。」

16ななしのよっしん2018/10/17(水) 23:14:15 ID:gUVWPSuGBF
ここも同様に荒らされる方がいいと
なるほど

17ななしのよっしん2018/10/18(木) 00:48:35 ID:KsHjNU3QF2
＞春日森監督に関する物
＞2017年9月27日6時34分には吉崎先生に味方する旨を表明しており [6]、その前日には世間の原作者の認識に対して疑問を呈する発言をしている[7]。
＞前者は吉崎先生を非難する記事を見掛けての発言であると説明している[8]が、その時期の吉崎先生を批難する物として知られるデイリーニュースオンラインの記事は2017年9月28日11時45分に掲載された物であり[9]、不自然である、とする物。 

ここ修正希望。それより前の記事がある。

「けものフレンズ」たつき監督降板！？――コンテンツは誰のものなのか？ 2017/9/26(火) 10:20
https://news.yahoo.co.jp/byline/matsumotoatsushi/20170926-00076202/
＞しかし筆者が各所から聞くところでは、原作側（カドカワ・マンガ家の吉崎観音氏）と、
＞制作側（ヤオヨロズ・たつき監督）とで、「けものフレンズ」の展開を巡って、幾つかの意見の相違があったようだ。 

記事を書いたまつもとあつし氏はヤオヨロズの福原Pと繋がりがあるので本人から直接聞いてると思う。
一応情報だけは書き込んでおく。
あと26日の夜には既に吉崎先生に突撃してる人がいたからそれを見かねてのツイートかもしれない。
少しソース探してみます。

18ななしのよっしん2018/10/18(木) 00:54:09 ID:KsHjNU3QF2
＞カドカワに関する物
入れるかどうかは任せるがニコニコの栗田氏の発言
https://twitter.com/sigekun/status/912627477448552448
けもフレのアニメ製作委員会へのKADOKAWAの出資比率は10%以下で、KADOKAWA単独で監督を外すような権利も権限もないはずなのだが、この状況はよほどKADOKAWAの業が深いのだなあ。
19:38 - 2017年9月26日
https://twitter.com/sigekun/status/1009355225738563584
Q.
そもそもこの騒動でカドカワが槍玉に上がってしまったのは、
最初にたつき監督の「カドカワ方面のお達しで」というツイートがキッカケだったのですが、
今日の答弁では決定権は無い、むしろ調整に回っていたという事でしたので、両者認識の行き違いがあったという事ですか？

A.
はい、その認識で合っています。

19ななしのよっしん2018/10/18(木) 01:02:15 ID:380NL3YZvB
こういうのこそ中立な記事と呼ぶんだよな
他は僕の考えたポスト真実の押し付けが酷くて酷くて

20ななしのよっしん2018/10/18(木) 01:03:23 ID:KsHjNU3QF2
＞黒田貴泰氏が降板に対して「それっぽい事は聞いていた」と出来事に触れており[25][26][27]、
＞今後の展望が明白になり情報が伝わり始めても尚、隠そうとしていたのではないか、とする物。

黒田貴泰氏は福原Pの元同僚。一応情報だけは提供。

21ななしのよっしん2018/10/18(木) 01:33:55 ID:KsHjNU3QF2
＞梶井編集長に関する物
＞騒動以降極端に露出が減っている。これは何かしら後ろめたい事があるからだ、とする物。 

アニメ放映前のインタビューがそこまで出回っておらず、元に戻っただけという見方も出来るかもしれない。
これはアニメ2期が始まったらハッキリするのでは。

＞たつき監督に関する物
＞同人誌も吉崎先生の許可の元で「けものフレンズプロジェクト・特別許諾」と明記された物である
またオリジナルオンリーの場であるコミティアでのけもフレ本頒布を行っているので、
ここは福原Pが状況を把握しているのかどうか怪しい。

原案者である吉崎氏がアニメ映像そのものの権利を持っていたのか疑問。
ハイスコアガールのクレジットの件もある為、明記された＝許可が降りた物とするのは危険かと。

22ななしのよっしん2018/10/18(木) 01:35:11 ID:KsHjNU3QF2
>>21
訂正。「また」は外して欲しい。

23ななしのよっしん2018/10/18(木) 01:58:26 ID:awsj04qhAp
＞･降板を公表するのは迷惑だ、とする物。
＞作品に関係がなくなってしまった人物が、関係ないと言う事を明言する事を責められる理由はなく、今後の活動の為に必要な事ではないか。むしろ隠している方が道義上問題であるのではないか。

この言い分はいくら擁護前提の項目とはいえナシだわ
今後の活動のために作品と関係がなくなったと世間に公表する事例なんてないから

24ななしのよっしん2018/10/18(木) 02:15:08 ID:KsHjNU3QF2
うーん擁護前提とは言えちょいちょい厳しい部分があるな。
俺が挙げたコミティアの例はたつき監督とコミティア間の問題であって本件とは関係ないとも言い難いしなぁ。
KFP特別許諾と明記されていたらコミティア運営に怒られるのは監督ではなくKFPになってしまうし…難しい。

25ななしのよっしん2018/10/18(木) 03:24:46 ID:zXHctLzg76
こうやって改めて一覧にされると結構多くてびっくりするわ
業界関連とか権利や契約まわりとか分かりにくいものから生まれる陰謀論はともかく、常識でおかしいと分かる陰謀論も多いっすね

26削除しました削除しました ID:hJ+T+Enspl
削除しました

27ななしのよっしん2018/10/18(木) 09:54:44 ID:xaYAmuRymU
＞2018/10/18(木) 02:15:08 ID: KsHjNU3QF2
「特別許諾」の文字が入っていたのは福原氏も言及しているけれど「コミケの同人誌」で、コミティアの時の同人誌には文字が入ってないんじゃなかったっけ？

28削除しました削除しました ID:hJ+T+Enspl
削除しました

29ななしのよっしん2018/10/18(木) 11:53:51 ID:SRmSBNXQmD
遥かに理性的だと思う、なんて自分で書いちゃうから噛みつかれるんですよ
中立のほうがより優位にあるという話をしたらそりゃ両方からツッコまれるでしょう
あらゆる事象にフラットであるべきという考えなら余計な事を言わずに淡々と処理して、どうぞ

30削除しました削除しました ID:hJ+T+Enspl
削除しました

31ななしのよっしん2018/10/18(木) 14:40:35 ID:B7BOZzPXaO
＞ムクムク
＞なんでも実況J板が発祥の言い回しであり、ムク、ムック等の言い回しが派生した。
＞主に想定上の吉崎観音先生の嫉妬心、また、そこから転じて吉崎先生本人を表現する。
まあもうたつきの事指して使う連中も大勢増えたけどねこれ実態と少しずれてるな。

32ななしのよっしん2018/10/18(木) 18:33:17 ID:8/3wDIdEXS
>>31
とにかく相手を下げればいいんだからって言う考えだからあんまり変わんないと思った。元ネタはともかくとして。

33ななしのよっしん2018/10/18(木) 18:37:34 ID:K0Zpso45ui
許可以前にあの同人誌について何か問題あるのかね？
少なくとも外部から確認できる情報で法的に問題ある部分は無いと思うが
指摘できる人は教えてほしい

34ななしのよっしん2018/10/18(木) 18:49:29 ID:8/3wDIdEXS
>>30
勃起をもちあげるようなイラストだ！　殺せー！
ムクムクを援護する話題だ！　追いつめろー！

……そりゃあ、ウンザリもするって言うね。傍から見たらどっちも肥溜めの中でクソを投げ合ってればいいけど、それを外部にも漏らすんだからマジで害悪。

>>33
この手に限らず、ばすてきといい許可を取った→取ってないだの話があるけど、これも色々とバイアスがかかって分からなくなってたんだよね。ホントもう、単なる言い合いでさ。
ただ、これって内部事情でやたら分かりづらいよなぁって。あまり、感情的にならず、知る権利があるからって暴れないように心がけたいよね。

35ななしのよっしん2018/10/18(木) 20:20:02 ID:gUVWPSuGBF
>33
それこそ
「アニメーション制作を担当していただきましたヤオヨロズ株式会社には、関係各所への情報共有や連絡がないままでの作品利用がありました」
というKFPの公式の一文で説明がつく話ではないかと

36ななしのよっしん2018/10/18(木) 20:47:35 ID:awsj04qhAp
｢事前に｣許可が出た同人作品ならコミケなりで出せるはずだし公式作品扱いならガイドブックや今度出るBOXに入ってるはずなんだよなぁ

37ななしのよっしん2018/10/18(木) 20:50:28 ID:K0Zpso45ui
>>35
著作権上、引用は誰でも行使できる権利で、もしそれを指して
>「アニメーション制作を担当していただきましたヤオヨロズ株式会社には、関係各所への情報共有や連絡がないままでの作品利用がありました」
とするならそれは問題視する方に問題がある状況だと思うのですが

38ななしのよっしん2018/10/18(木) 21:43:35 ID:gUVWPSuGBF
>37
Wikipediaから「引用」の項目を調べたところだと
引用の要件に関して

ア 既に公表されている著作物であること
イ 「公正な慣行」に合致すること
ウ 報道，批評，研究などの引用の目的上「正当な範囲内」であること
エ 引用部分とそれ以外の部分の「主従関係」が明確であること
オ カギ括弧などにより「引用部分」が明確になっていること
カ 引用を行う「必然性」があること
キ 「出所の明示」が必要（コピー以外はその慣行があるとき）

とある訳で、少なくともコミティアに出ていた分の同人誌だと
「公表された著作物」ではない設定資料が含まれていたりしてるわけで
（福原Pはうちは設定資料を作る必要がないと明言していた上での同人誌出版）
ファンサービスと言う点で見ても同人誌という出版形態はそもそも適当ではないと思う

ばすてきに関しても音楽とかjきちんと許諾取ってるのかどうかが明言されてないわけで

39ななしのよっしん2018/10/18(木) 21:53:48 ID:K0Zpso45ui
公表されてないものや公表予定に無いものはそもそも著作権ないよ

40ななしのよっしん2018/10/18(木) 21:56:38 ID:gUVWPSuGBF
それにしたってけものフレンズのお仕事に関してのものはKFPが著作権を保持してるってのが普通なのでは

41ななしのよっしん2018/10/18(木) 21:58:07 ID:K0Zpso45ui
それはどういう根拠で？

42ななしのよっしん2018/10/18(木) 21:58:55 ID:qeNyHpSwpz
スレで避けるべき主張の一覧って言った方が分かりやすいな
この一覧にあるような事を言って何かしら反発されたら相手を攻撃は通らないぞ、と
そう自己弁護ならまだマシな方で相手を攻撃しだす奴がやたら目につくからこういう記事が出来る

43ななしのよっしん2018/10/18(木) 22:01:25 ID:KNeYFwHqnT
KFPに著作権ないなら誰にあるって言うんだ……

44ななしのよっしん2018/10/18(木) 22:01:54 ID:gUVWPSuGBF
>41
公式の声明で明文化されている、ってところに戻ってしまうな
問題じゃなければ明文化する必要がない

45ななしのよっしん2018/10/18(木) 22:05:53 ID:K0Zpso45ui
それを根拠とは言わないと思うのですが

46ななしのよっしん2018/10/18(木) 22:06:32 ID:gUVWPSuGBF
>43
たつき監督に（あるいはヤオヨロズに）じゃないかな
ID: K0Zpso45uiの考えだと

47ななしのよっしん2018/10/18(木) 22:07:32 ID:KNeYFwHqnT
設定資料ってわりと巷に溢れてるから自由に公開できるものと勘違いしてる人いるけど、あれよくよく考えてみれば会社に提出する書類な訳で、当然会社の所有物や社内情報にも類するよね
それをプロモーションや販促の一環として判断して流通させるのは会社だし、アニメーターが原画集同人で出したりするけどあれもかなりグレーよね

48ななしのよっしん2018/10/18(木) 22:12:33 ID:KNeYFwHqnT
既に解散したプロジェクトや終了した作品ならともかく、たつき(ヤオヨロズ)単体の判断で販売させて良いとする論拠が薄いな
例えばケムリクサがコミカライズしたとして、その公式漫画家がコミケでたつきさんの意志や意向無視した商品として売り出したら、法的云々以前にたつきさんも快くは思わないんじゃないかな？

49ななしのよっしん2018/10/18(木) 22:15:25 ID:1ragu1tsAl
著作権の位置付けは公式ガイドブック第6巻の24ページにて
「著作権は僕に依頼してくれた出資者が持っていて、僕は著作者人格権のみの保有です」と吉崎先生が語っている。だから出資者、つまりけものフレンズプロジェクトが保持しているね
ヤオヨロズはアニメーション制作会社で、出資者ではない。ジャストプロは出資者のメンバーだけれども

50ななしのよっしん2018/10/18(木) 23:20:35 ID:8/3wDIdEXS
>>48
>>法的云々以前にたつきさんも快くは思わないんじゃないかな？

そこらへんはちょっと相手の考えを予想する方向性は下手したら叩きにも発展しかねないと思う。
割と、行動から両者がこう考えて居たって感じのは避けた方が良いんじゃないかな。たつきを追い出したのは吉崎が嫉妬し方からって言うほぼ妄想レベルの考えと同類の発展はなるべく避けたいよ。

51ななしのよっしん2018/10/19(金) 00:07:38 ID:8/3wDIdEXS
個人的にはなるだけ、あくまで過去に起こった出来事からその結果までの情報を整理するためにちょっと書きたいかも。
あくまで混雑し始めている各掲示板で冷静に話し合いが出来ないからこういう場所を使いたいから、変に吉崎先生やたつき監督の考えていることを予測したり、変な流れにはならないようにしたいね。

52ななしのよっしん2018/10/19(金) 02:51:15 ID:G36NcGQuV6
>>37
設定資料について中間成果物のアイディアスケッチの利用は侵害に当たらないとしても
NewTypeのポスターに提供したイラストを「編集して」同人誌に見開きで利用したのはまずいと思う
引用元の記述を自由に改変することが許されるのなら、もはや引用の意味をなさなくなるし
それを許してしまうと恣意的な編集による捏造やデマの流布がやり放題になってしまう

元の雑誌にはKFPのコピーライトも入ってるだろうし、引用と言うにはイラストが主要価値になってるのも問題
出展情報が明記されてるかどうかは、手元に現物がないのでわからないけど
ただこういうグレーな利用を連絡なく繰り返してたら版元からの信用は失っても無理ないと思う

53ななしのよっしん2018/10/19(金) 03:13:08 ID:8/3wDIdEXS
>>52
割とグレー（そこそこブラックより）な情報が多いし、そこら辺の情報とか権利的な話し合いやらがハッキリしないしなぁ……
割と思ったんだけど、この手の同人誌用に限らず、やっぱりプロジェクト内で連携やら何やらがちゃんととれていないという所に行きつくと思う。ぱずるごっこのBGMとかそれこそ台本盗用とか……中には何でこんなミスがって言うのあるし。

54ななしのよっしん2018/10/19(金) 05:07:41 ID:AmNkG70xcF
>>53
勘違いしている人が多すぎる。
ぱずるごっこはあくまでも公式の認可を受けて作られただけの物で、
立ち位置的には部外者による同人ゲームみたいなもの。

例えばけものフレンズの同人ゲームに不法にダウンロードした音源が使われていたからって、
KFP側にそれを言われても「こちらは楽曲の利用を許可しただけです」としか言いようがない。

・ぱずるごっこ
ファンプル 「けものフレンズのゲームを作って販売したいのですが」
　　↓
KFP 「了解しました」

・その他のゲーム
KFP 「けものフレンズのゲームを作ってくれませんか」
　　↓
製作会社 「了解しました」

55ななしのよっしん2018/10/19(金) 07:50:03 ID:8/3wDIdEXS
>>54
え、そうだったんだ。教えてくれてありがとう。
ばすてきのBGMやら同人の件といい、これらのやりとりってどんな感じだったろう……
割とそこら辺の情報がハッキリしていない感じだからなんか、こう……イマイチ、そこから予想しなきゃ答えが出なくてなんともモヤモヤするなぁ。答えが出ない話は中々に難しい。

56ななしのよっしん2018/10/19(金) 07:56:05 ID:awsj04qhAp
わからないわからないと言いながらプロジェクトの連携が取れてないとか言い切っちゃうわけ？

57ななしのよっしん2018/10/19(金) 12:09:17 ID:CsjuNAPxkz
良記事。ありがとう。
議論するなら1度この記事を読んで頭冷やすべきだな。そもそも当事者の問題をあーだのこーだの言うこと自体イナゴの所業で馬鹿馬鹿しいが。

…というか妄想の域を出ないことで議論することがおかしいじゃん。

58削除しました削除しました ID:hJ+T+Enspl
削除しました

59ななしのよっしん2018/10/19(金) 13:01:02 ID:gUVWPSuGBF
>>57
妄想が元で非難のターゲットになった吉崎先生やKADOKAWAとか多方面に被害者が多すぎる…

60ななしのよっしん2018/10/19(金) 17:58:24 ID:KsHjNU3QF2
ぱずるごっこに関してはまず怒りの矛先がおかしいんだよね
やらかしたのはファンプルであって公式が被害者側なんだよ
「違法DLされたにも関わらず公式は処分が甘すぎる」なら分かるけども

61ななしのよっしん2018/10/19(金) 18:46:02 ID:gUVWPSuGBF
開発会社のファンブルがきちんと対策して謝罪した以上きちんと謝罪した以上責める咎もないわけだし
AGNの代本盗用にしたって「社内で使うために長さを調整したものをそのまま表に出してしまった」ときちんと社長自ら説明してるわけで
その上で謝罪するための連絡をしようとメールを送ってたのを相手側は知らなかった上にメールフォームに不具合があったとかなんとか言い訳はしてたはず
基本KFP側はきちんと問題が起きたら解決しようとしてる

反対にたつき監督とヤオヨロズ側ってざっくりカドカワといいかん化できませんので、と言ってたことといい払ってもらってないのでといい曖昧に発言してから放置してるような

62ななしのよっしん2018/10/19(金) 19:03:47 ID:8/3wDIdEXS
>>56
自分としてもこれらの騒動での要点を掴めないところもあって、他人の意見を参考にしていた所もあったんだ。分からないところを教えてくれたのはありがとう。以後は気を付けるよ。

>>59
割と監督も信者とは名ばかりのお気持ちヤクザに評判を貶められているけど、それ以上に作品を楽しみにしている人たちが可哀そうすぎる。実質、各作品の掲示板がアンチスレ状態だわ……

63ななしのよっしん2018/10/19(金) 19:07:47 ID:8/3wDIdEXS
発言した言葉を曲解されて避難対象になっているんだったらオーイシの人とかどうだろう。

64ななしのよっしん2018/10/19(金) 19:10:03 ID:gUVWPSuGBF
とにかく叩ける相手と叩き棒を欲してるだけなんだよ、信者たちって
また矛先変えやがったぐらいにしとかないと

65ななしのよっしん2018/10/19(金) 19:41:35 ID:K0Zpso45ui
フラットな話が出来る場になれるかと思ったがもう駄目

66ななしのよっしん2018/10/19(金) 19:51:43 ID:gUVWPSuGBF
それだけ色々な方面へあらぬ言いがかりをつけて暴れまわってた集団のせいだから仕方がないね

67削除しました削除しました ID:hJ+T+Enspl
削除しました

68ななしのよっしん2018/10/19(金) 22:42:37 ID:8/3wDIdEXS
>>67
割とそう言ってくれる人、そう考えてくれる人が居るだけでホッとするよ。ありがとう。

69ななしのよっしん2018/10/19(金) 23:00:09 ID:awsj04qhAp
言っとくけどフラットな目線で見る＝どちらかに不利な結論にはならない、ではないからな

70ななしのよっしん2018/10/20(土) 00:52:05 ID:K0Zpso45ui
そんなレベルの低い話はしてないですよ
関連項目が主観や憶測を羅列する類似スレばかりでウンザリなだけ

71ななしのよっしん2018/10/20(土) 07:59:52 ID:8/3wDIdEXS
フラットな目線で見ようとして、自分自身が中立だと勘違いしているのがあの信者とアンチなわけで、だからこういった感じに一つの陰謀論に反対意見を出すことで一旦冷静に立ち返られるきっかけに慣れればいいと思うよ。

72ななしのよっしん2018/10/20(土) 13:20:37 ID:pdWKxZYaLq
"作品に関係がなくなってしまった人物が、関係ないと言う事を明言する事を責められる理由はなく"
なんて平気で書いてる時点で中立からは程遠いな。

73ななしのよっしん2018/10/20(土) 15:55:11 ID:gUVWPSuGBF
結局はこの記事も中立性に疑問が出るってオチか

74削除しました削除しました ID:hJ+T+Enspl
削除しました

75ななしのよっしん2018/10/20(土) 18:03:20 ID:gUVWPSuGBF
だったら時世に合わせて随時書き換えを行うのが筋だと思うんだよ
上に出てたムクムクの使い方とかも現在は対象が変わったという事をきちんと書かないと

76削除しました削除しました ID:hJ+T+Enspl
削除しました

77削除しました削除しました ID:hJ+T+Enspl
削除しました

78ななしのよっしん2018/10/21(日) 01:35:52 ID:G36NcGQuV6
これ正しい答えを検証するというより「批判」「批判に対する反論」って趣旨で両論を併記する記事なのかね
結論を出すために書いてるというか「こう批判されてる」「こう反論されてる」をまとめただけって感じ
それぞれの項目に対して自分の考えと比較して賛成反対を判断する参考にはいいと思う
ただ、聞いたこともない著者が考えたっぽい反論はいくつかあるけど…

しかしこれが百科事典の項目としてまとめるのが妥当な記事なのかは疑問かな
まあ大百科はそこまで形式ばった百科事典サイトでもないし、9.25の記事がある時点で今更だけど

79ななしのよっしん2018/10/21(日) 08:46:34 ID:gUVWPSuGBF
一括して変な項目は削除してくれる方が一番いいんだと思うけど
なかなか削除しないからなここ
「けものフレンズおかわり」とか「たつき監督を返して」とかこんな記事いるか？
っていうの

80ななしのよっしん2018/10/21(日) 19:25:39 ID:TqMgb46Gq1
ニコニコ大百科は
>あらゆる言葉についての記事を閲覧・編集したり、コメントをしたりするサイト
なので、Wikipediaには無いような色んな記事があるのは悪い事ではないと思います

この記事の内容については「まとめ!〇〇が悪い!終わり!」みたいな言説に対して
情報源を参照しつつ見直せる形になればと思い、「まとめ」と言うよりは記録としての「一覧」としています
一応、指摘も反論も脚注を付け足したりはしていますがネットで見た意見を元に清書していますが
「前にあんな話があったけど何がソースだったっけ?」とか「あの件はどんな意見があったっけ?」と
後々なった時の為の備忘録のとしての意味合いもあり色々な物を拾っています

81ななしのよっしん2018/10/22(月) 00:32:16 ID:pdWKxZYaLq
>>80
たつきが不利になる意見がほとんど無視されてるんだが？
本当にその思想でやってるならもっとちゃんとやれよ、
ホンネが見え透いてるぞ。

82ななしのよっしん2018/10/22(月) 00:52:03 ID:tE6SvtR71L
安直に要約したまとめではなく網羅的な一覧を作るという方針？素晴らしいなあ？現状それとは程遠いけど応援してんぞ。

83ななしのよっしん2018/10/22(月) 01:41:08 ID:8/3wDIdEXS
>>76
割とそうなってほしい。
自分としても感情的になって熱くなりがちだから、中立というよりも厭戦というように、現状の言い争いに辟易した人達が使える場所として機能してほしい。

84ななしのよっしん2018/10/22(月) 19:18:00 ID:gUVWPSuGBF
たつき・ヤオヨロズ側に不利な記述もバンバン取り入れてほしい
でないとあらぬ形で疑われる可能性がでかい気がするよ

85ななしのよっしん2018/10/22(月) 21:53:20 ID:TqMgb46Gq1
ご意見ありがとうございます
昔に出た話等は思い出しながら調べて書いているので、初版からも後々全体的にぽつぽつと付け足したりはしていますが、正直私だけでは追い切れないと思っています
なので、まだ抜けている物がありましたら編集して頂けたら嬉しいです
参考までにニコニコ大百科:ガイドブックと一般会員記事作成記事編集依頼スレのリンクを置いておきます
よろしくお願いします

86ななしのよっしん2018/10/23(火) 07:48:05 ID:8/3wDIdEXS
>>85
ムリせずに頑張ってください。

87ななしのよっしん2018/10/23(火) 11:05:24 ID:KsHjNU3QF2
とりあえず春日森監督の項目は完全に間違えてるので修正お願いします。
>>17参照。

88ななしのよっしん2018/10/23(火) 21:28:55 ID:TqMgb46Gq1
>>88
遅れてにはなってしまいましたが反映させて頂きました
具体的な指摘ありがとうございます!

実際の所、この記事は私のブログでもまとめサイトでもなくニコニコ大百科の単語記事なので
こう言った点など必要以上に遠慮せずどんどん編集して頂けたらと思います

89ななしのよっしん2018/10/24(水) 19:20:16 ID:KsHjNU3QF2
反映ありがとうございました。
確か春日森監督のツイート以前に吉崎先生に突撃してる人をまとめたtogetterがあった筈なんだが見つからないんだよな…
消しちゃったのかな。あれも春日森監督のツイートの一因だと思うんだけど。

90ななしのよっしん2018/10/24(水) 20:28:06 ID:qiQPex1Wfp
ってか吉崎総監督さんが原始だったな。何処かの誰かさんが「たつき監督はけものフレンズを作ったんだぞ。」っという文を付け足して吉崎総監督さんへ批判はおかしいっすよ。もともと僕はアニメ前から好きやったけどな。吉崎総監督さんはけものフレンズの尊敬者っす。

91ななしのよっしん2018/10/26(金) 19:05:53 ID:8/3wDIdEXS
>>90
アニメの案はどちらかが考えたモノでマウントを取り合うより、先生と元監督、それらを手伝ってくれたスタッフの方々の作品であるということを広めたいです。

92ななしのよっしん2018/10/28(日) 19:49:25 ID:KsHjNU3QF2
なんか究極の陰謀論が生まれてるみたいだけどどうするんだあれ…

93ななしのよっしん2018/10/28(日) 22:08:10 ID:gUVWPSuGBF
逮捕者出るまで終わらないんじゃないかなって
薄々思ってはいたけど

94削除しました削除しました ID:hJ+T+Enspl
削除しました

95ななしのよっしん2018/10/29(月) 12:26:29 ID:6L+fxjfSiD
>ニコニコニュースには炎上を助長しない運用ルール&ロジックがあり、通常の対応を行っていた為に記事が非表示になっていたと大百科ニュース社取締役である栗田穣崇氏が説明、謝罪している

お笑い記事か何かかコレ

96ななしのよっしん2018/10/29(月) 13:41:53 ID:gUVWPSuGBF
お前がそう思うんならそうなんだろう

97ななしのよっしん2018/11/13(火) 07:27:05 ID:qiQPex1Wfp
つーかけものフレンズプロジェクト、吉崎観音に叩いたら良いフレンズ誕生できませんよ？あと、たつき信者はけものフレンズファンを妨害しているらしいですよ

98ななしのよっしん2018/11/17(土) 08:38:33 ID:WenaoG37Tm
この記事のタイトルは明確に「9.25けもフレ事件まとめ」的な感じのほうが良いでしょう
今のままだと一見KFPそのものが怪しい体質であると誤解されかねない気がする

あとそろそろ「けものフレンズちゃんねる」の記事があってもいいんじゃないかな
この騒動とは切っても切り離せない存在なのは間違いない

99ななしのよっしん2018/11/17(土) 09:02:43 ID:ZhvBs65sVK
「陰謀論」ってついてる方が根拠薄弱な感じがあっていいよ
ちゃんねるの記事はまあ作る人がいればって感じ

100ななしのよっしん2018/11/24(土) 17:57:59 ID:qiQPex1Wfp
たつき信者ではございません。まず、吉崎総監督がアニメ化にしていなかったらたつき監督は有名にならなかったと思いますので吉崎総監督のおかげでけものフレンズが有名になったと思いますよ。あと、たつき信者はたつき監督のお陰で制覇したとおっしゃっているのですが、たつき総監督のケムリノクサで制覇できるのでしょうか？
またたつき信者による捏造ツイートが流れてます。この事で逆にケムリノクサに風評被害に遭うでしょう。
また、もうたつき信者の一部に吉崎総監督への名誉毀損の疑いがある。

101ななしのよっしん2018/11/26(月) 23:50:05 ID:Wa/+tC/sPT
吉崎先生とかテレ東細谷Pをデマで誹謗中傷してる奴ら、一周回ってたつきアンチだろ

102ななしのよっしん2018/12/04(火) 15:54:26 ID:Bhvhu1TAmm
>>101
普通そう思うよな…でもけもフレちゃんねるの※欄やbbs、本スレとか覗いてみるとガチの信者っぽくてな…

103ななしのよっしん2018/12/08(土) 06:29:59 ID:Y4+3IIyn2V
こんな記事があったのか
確かに記事タイトルがまわりくどくて誤解を生みそうな印象だが、それ故に今のところ変な輩の目に入っていなくてまともに議論できているように見える

104ななしのよっしん2018/12/19(水) 17:55:26 ID:SRmSBNXQmD
細谷Pのけものフレンズ2は1年前から始動してたって発言どーする？

105ななしのよっしん2019/02/01(金) 12:40:07 ID:fwNUSmCjqk
福原Pのところの上二つで草

106ななしのよっしん2019/02/04(月) 21:32:05 ID:KsHjNU3QF2
あのブログ「深夜トイザらスの屋上で消火器破壊」「免許無携帯で車運転」の方が確実にヤバいから
ATMの方が話題になったのは本人的にはラッキーだったかもしれない

107ななしのよっしん2019/02/16(土) 20:57:26 ID:qz3PO35NdO
吉崎は総監督だったのか
キャラデザと原作の世界観作り程度だと思ってた

108ななしのよっしん2019/02/16(土) 21:04:33 ID:tnEirUk3Sh
燃やす目的でクソ記事増やすのやめろ

109ななしのよっしん2019/03/06(水) 12:44:14 ID:fwNUSmCjqk
ここは規制されてないんだな
過疎ってるけど

