オオミチバシリ(けものフレンズ) 2019-03-13/00:05 213

1 ななしのよっしん 2019/03/03(日) 16:38:00 ID: /9Tp0000PO
ゴマすりクソバードちゃん

2 ななしのよっしん 2019/03/03(日) 16:44:38 ID: 5VG+GwNEv9
けものフレンズのキャラのくせに終始言動がクズ
キュルルにあまりにも陰湿で過剰な制裁を受けたことで脚本が破綻してるけもフレ2で唯一起承転結が成り立った
よってbotばかりのけもフレ2で唯一魂を与えられたキャラと言われている

3 ななしのよっしん 2019/03/03(日) 16:47:52 ID: Df1nglttUy
オオミチバシリ（けものフレンズ）記事にて統合提案しました。コメント頂けたら幸いです

4 ななしのよっしん 2019/03/03(日) 16:49:06 ID: VdI9VyqiqQ
薄味キャラだらけの2の中で描写が一貫してるせいで魂籠もって見えるのほんと草

5 ななしのよっしん 2019/03/03(日) 16:51:47 ID: 5VG+GwNEv9
ただ、こいつに魂がこもってることや人気を認めると、
キュルルが性格悪い行為をしたということを認めるということになる。
存在自体が二期の象徴みたいな奴。

6 ななしのよっしん 2019/03/03(日) 16:53:07 ID: MS8bRiMBMC
あんたはロードランナーの恩人だ、感謝してます！

おい！こっちのタイトルだとゴマクソスレのノリ持ち込めないだろ！ずるいぞっ！

7 ななしのよっしん 2019/03/03(日) 16:57:19 ID: XchDm5tvfj
ゴマすりクソバードから転送できるようにしよう

8 ななしのよっしん 2019/03/03(日) 17:07:24 ID: XRx3V3NEKV
いうほどゴマすってるわけでもクズい言動があるわけでもなく、単に腰巾着なだけで小物というほどでもなく忠誠心も割と本物、認めてない奴に当たりはキツイが恩義は素直に感謝する
でも端的におしゃべりクソバードがピッタリはまりすぎる不憫な子は・・・G・ロードランナーだ！

9 ななしのよっしん 2019/03/03(日) 17:12:18 ID: T2oxBt4r0E
自分から攻めるときはむちゃくちゃ五月蝿いのに責められると黙るのほんとかわいい

10 ななしのよっしん 2019/03/03(日) 17:14:15 ID: 5VG+GwNEv9
想像を絶する悪意を目の前にして固まって二度見するところ本当に好き
全てが雑なけもフレ2において、あそこだけ本当に丁寧に描写されていた
いじめを描写させたら世界一かもな

11 ななしのよっしん 2019/03/03(日) 17:16:01 ID: KQcmUadY0j
煽るかゴマすってる印象が強いけど
・脚の速さが自慢のプロングホーンに湖があってそのまま走ると危険だということを知らせるためになんとか追いつく
・不公平な勝負にもかかわらず相手チームへの妨害工作はしなかった
・「少しでもリードしてバトンをつながないと」というセリフ
・セルリアンからプロングホーンを助けてくれたチーターに対してお礼を言う
っていう描写もあるからわりと性格はまっとうな方だとは思うんだよ
ゴマすりクソバード呼びはまぁ俺も便乗して言ってるけど
「クズ」って評価するのは間違ってると思う
プ様が木の根に躓いて倒れたときにすぐさま助けなかったってのは擁護できないけど

12 ななしのよっしん 2019/03/03(日) 17:16:03 ID: VcqgIyWFD1
おいｗどうしたｗびｗびｗっｗてｗんｗのｗかｗ？

13 ななしのよっしん 2019/03/03(日) 17:18:28 ID: 5VG+GwNEv9
>>11
まあ、だからこそキュルルからの制裁が、ここまでやられるような酷いことしたか？ってなるんだけどな。

確かに、キュルルの顔に手が当たったことはあったけど。

14 ななしのよっしん 2019/03/03(日) 17:19:03 ID: XRx3V3NEKV
ロードランナーって名前で実在の姿や走りが早いやら解説した上で飛んだばかりってのは本当によくわかりませんでしたね。
その上でその飛行能力がチーターらの速度を上回って追いつくというのも…いやそこそこ曲がりくねってた地上とまっすぐ進める空中だっていうさを考慮してもねえ。

15 ななしのよっしん 2019/03/03(日) 17:38:35 ID: ID0n7rIHCk
>>12
これほんと草
まあクズとかクソってほどでもないし、2期の中ではかなりまともな方だと思う。でもゴマすりクソバードは聞いただけでGロードランナーのことだと確信できる良い名前

16 ななしのよっしん 2019/03/03(日) 17:49:51 ID: dO6vPx/Rlb
ここまでプリマス・スーパーバードの話題なし。水色のロードランナーつったらあれしか思い浮かばないんだが

17 ななしのよっしん 2019/03/03(日) 17:51:47 ID: XchDm5tvfj
>>13
あれは手が当たったとかそういう偶然じゃない
明確な悪意をもってスケブ太郎を押しのけていた
クソバードだけいい奴みたいな方向に持っていきたいのかもしれんがクソバードはやっぱりクソバードだよ

18 ななしのよっしん 2019/03/03(日) 17:54:02 ID: oYBlTrHx6c
わざわざ知名度を考えて和名じゃなくしたっぽいんだからこの際コヨーテと一緒に出すとか叫んだら何故か運の良いことが起こるとかで寄せてりゃよかったのに、実際にお出しされたのがゴマすりクソバードじゃなぁ

19 ななしのよっしん 2019/03/03(日) 17:54:28 ID: 5VG+GwNEv9
>>17
どっちみちキュルルが恨みを忘れずに執念深く復讐したってことになるじゃねぇか！
まず、嫌がらせのために特定の誰かをハブにした絵を描くという時点で相当敷居が高いのにキュルルは平気で乗り越えていったことになる。

20 ななしのよっしん 2019/03/03(日) 17:54:31 ID: GiEwM/oURd
たつき監督が続投していたら今のロードランナーにも会えなかったと考えるとダイバージェンスの壁を越えたくなくなる。きっと別の世界線にはたーのしー！が満ちているんだろうけどそこに彼女はいないんだ。

21 ななしのよっしん 2019/03/03(日) 18:15:44 ID: HBFahTfLJA
なにここ…怖すぎ

22 ななしのよっしん 2019/03/03(日) 18:20:24 ID: yw8+A+sA6s
吉崎テイストの犠牲者
迫真の二度見ほんとすき

23 ななしのよっしん 2019/03/03(日) 18:50:11 ID: V3F1OtWgHA
「すぴーどのむこう」に登場した3匹は共にアプリ版けものフレンズから登場している古株
デザインが比較的一貫しているチーターに対してオオミチバシリはBD付オフィシャルガイドブックからロードランナーにリファインされた
デビューからずっと放置されていたプロングホーンはけもフレ2でようやくリファインされ、数日後にはぱびりおんの新キャラとして登場した
つまり「すぴーどのむこう」はプロングホーン様の華々しい再デビューの舞台だったわけだ

元祖スピードキャラとして実質主役ポジだったチーターに対して、額面通りの引き立て役にされたロードランナーのファンがどんな思いであの話を見ていたか
ゴマすりクソバードなどと呼ばれてどんな気分だったか想像できるだろうか

24 ななしのよっしん 2019/03/03(日) 18:55:56 ID: XRx3V3NEKV
引き立て役になってたか？チーターもプロングホーンもイマイチキャラ立ってなかったし…
速度にしても純粋な駆けっこですらなんか2人五分という前提でロードランナーが追いついてたり、頭悪いハンディマッチ染みてるチーターとロードランナーのリレーですらなんかそんな差がなくチーターと競り合ってたり並びあげれば上げるほど誰も立ってないぞ？だからロードランナーがこんだけ注目されてんだし。

25 ななしのよっしん 2019/03/03(日) 19:03:21 ID: NWzfJsqM9b
>>24
ゴスバ（ゴマすりクソバード）以外印象に残らないもんねぇ……
１～７話も描写されてるのにキャラがうっすい主人公共も含めた上で
キャラとして生きていると感じられる子だしねゴスバ。

26 ななしのよっしん 2019/03/03(日) 19:06:33 ID: ikiI93bht9
>>21
むしろゴマくそちゃんは少々方向性が違うけど愛されてるんだよなあ


としあき連中には腹パンしたいとか四肢切断してレイプして介護したいとか歪んだ愛情を注がれてるが

27 ななしのよっしん 2019/03/03(日) 19:10:35 ID: Nt3U5iPiqi
オオミチバシリ（けものフレンズ）ちゃんが神様、ぱびりおんのG・ロードランナー（けものフレンズ）ちゃんがマジュニア、けもフレ2のゴマちゃんがピッコロ大魔王って感じ

28 ななしのよっしん 2019/03/03(日) 19:24:36 ID: xJ2Bx40k53
>>21
おい、どうした、ビビってんのか？

29 ななしのよっしん 2019/03/03(日) 19:30:59 ID: 3djXc+8tW8
急上昇ワードになってるやんwww

30 ななしのよっしん 2019/03/03(日) 19:32:45 ID: 5VG+GwNEv9
ゴマすりクソバード
ゴマクソ
あたりからリンクされて欲しい

31 ななしのよっしん 2019/03/03(日) 19:34:02 ID: 91PCC0MCp6
>>1
てめぇ、なかなか早いじゃねえか

32 ななしのよっしん 2019/03/03(日) 19:34:49 ID: SgPi6vIdnB
ごまクソはTwitter発祥でふたばで流行ったんだっけ
今ふたば関係は殺伐としてるからな・・・けもフレ関係も架空の荒らしについても

33 ななしのよっしん 2019/03/03(日) 19:35:22 ID: Q7fj+5JAiu
ロードローラーだッ!

34 ななしのよっしん 2019/03/03(日) 19:37:05 ID: 9rW1SYJ0dM
クソドリすこ

35 ななしのよっしん 2019/03/03(日) 19:38:12 ID: 3Iiv/E5CHs
・池に突き落としておきながら開き直る金猫botに対して異を唱えた
・キュル崎様の提案した2vs3リレーに異論を挟んだ
・応援中にエキサイトしてキュル崎様を木の上から落としそうになった

ハブられた原因はこのあたりだろうな

36 ななしのよっしん 2019/03/03(日) 19:38:31 ID: Q7fj+5JAiu
https://twitter.com/honey_burst/status/1100406174774485007

37 ななしのよっしん 2019/03/03(日) 19:39:11 ID: xJ2Bx40k53
>>32
一分後にニコ静にも投稿しているからニコニコ発祥とも言えないこともないような気がしなくもない気分

38 ななしのよっしん 2019/03/03(日) 19:40:20 ID: 3Iiv/E5CHs
ホーン様とじゃ速すぎて勝負にならない中、
カラカルみたいな好敵手と勝負できて内心楽しんでいた、かもしれない

なのにあの仕打ちである

39 ななしのよっしん 2019/03/03(日) 19:42:17 ID: 5VG+GwNEv9
キュルルの性格悪過ぎる行為とセットで語られるから、
必然的に二期の悪評を広めることになるバズり方

40 ななしのよっしん 2019/03/03(日) 19:43:35 ID: MS8bRiMBMC
オオミチバシリでもＧ・ロードランナーでもない何か、しかし言及に値しない存在では決してないからこそのゴマすりクソバード膾炙やぞ

41 ななしのよっしん 2019/03/03(日) 19:43:37 ID: Q7fj+5JAiu
>>im9010764
im9010764

42 ななしのよっしん 2019/03/03(日) 19:44:13 ID: uQVgCMNyOC
>>im9010764
im9010764

43 ななしのよっしん 2019/03/03(日) 19:46:38 ID: 3djXc+8tW8
ほんとにあのクソバードちゃん・・・ではないな。
ロードランナーちゃんの二度見は心が痛んでかわいそうでかわいい
クソバードの方が言いやすいのもかわいそう

44 ななしのよっしん 2019/03/03(日) 19:49:30 ID: 5VG+GwNEv9
>>38
飛んだじゃん

わざわざ金かけて走るのが得意で飛ぶのが苦手な動物だと解説させたのに、
本編で走らせず飛ばせる脚本を考えた奴は頭キュルルに違いない

45 ななしのよっしん 2019/03/03(日) 19:51:44 ID: /2G2hjZvuY
既存ファンの２期に対する殆ど憎悪に近い負の感情と同時に、
１期とは全く別方向の楽しみ方をする正の感情のハイブリッドを成し遂げた奇跡の存在
２期の内容をボロクソ言いながら、なおかつ愛でられるという一人だけ完全に美味しいポジション

46 ななしのよっしん 2019/03/03(日) 19:54:36 ID: V3F1OtWgHA
>>24
けもフレ2単体の完成度の話じゃなくて、多媒体とのすり合わせを考えた場合
扱いはどうあれ方向性は一貫してるチーターと、アニメに合わせてリファインされたプロングホーンに対して
既に多媒体でリファイン済みで構築されたキャラをガン無視されたロードランナーに不満を抱く人がいるのも当然

47 ななしのよっしん 2019/03/03(日) 19:57:20 ID: K7aQCiQIAA
ゴマクソちゃんの記事お祝い申し上げます。

48 ななしのよっしん 2019/03/03(日) 19:58:03 ID: LJJPKwvxtS
勘違いした公式がぱびりおんとかで余計なキャラ付けしそうで不安だわ

49 ななしのよっしん 2019/03/03(日) 19:59:37 ID: 5VG+GwNEv9
>>48
ゴマクソ人気を公式が認めるということは、キュルルの性格悪過ぎるいじめがあったことを認めることとイコールだから、
むしろ絶対に認められないと思うぞ

50 ななしのよっしん 2019/03/03(日) 20:01:41 ID: tAenV6/rJP
2の扱い全体ですでに勘違いしているんだ、心安らかに待て

51 ななしのよっしん 2019/03/03(日) 20:06:23 ID: ZpzVz9EGZz
ゴマクソちゃん見てると一期では絶対に出てくるはずない性格と魅力を持ったフレンズだと思う。

二期は負の塊だけどその負の中でしか生まれる事が無かった存在だと思う。

52 ななしのよっしん 2019/03/03(日) 20:06:54 ID: 3Iiv/E5CHs
>>44
飛ぶのが苦手なのにホーン様にちょっとでも良い条件でバトンを渡すために
必死こいて飛んでたんだぞ
バトン渡したら突っ伏せるほどになりながら

その間、キュル神様は唯一人で高みの見物でぶつくさ言っておられた
そしてあの仕打ちである

53 ななしのよっしん 2019/03/03(日) 20:07:47 ID: xJ2Bx40k53
マイナスとマイナスでプラスになった稀有なフレンズ

54 ななしのよっしん 2019/03/03(日) 20:11:40 ID: Nt3U5iPiqi
ゴマちゃんのここすきポイント
・変な声がかわいい
・何そのゴミみたいにダサいTシャツ
・煽ってるようで言ってる内容は正論かホーン様への気配りのどっちか
・相手の実力は認める
・実際根は悪い子じゃなさそう
・なのにキュルルからのオーバーキル

55 ななしのよっしん 2019/03/03(日) 20:15:35 ID: 5VG+GwNEv9
二期を象徴するフレンズ
３対２は不公平だろという当たり前の正論を言ったのに、キュルル様には無視された上、逆に制裁を受ける様はエゴサブロックマンを見ているよう

56 ななしのよっしん 2019/03/03(日) 20:16:07 ID: Nggp/LZx46
ゴマクソちゃんにゴマすられたらかなり気持ちよさそう

57 ななしのよっしん 2019/03/03(日) 20:21:29 ID: /2G2hjZvuY
改めて凄い奇跡的なバランスで生まれた存在だと思う
なにせ彼女が愛されてる要素のほぼ全てが、２期における問題点の解答にもなっているからね
最後のハブ絵が特にそうだけど、何か少しでも掛け違うとただのヘイトキャラになってしまう

58 ななしのよっしん 2019/03/03(日) 20:21:42 ID: KFEk9LF4CK
オオミチバシらないロードランナーなんて
弓を使わないアーチャーみたいじゃないか！

59 ななしのよっしん 2019/03/03(日) 20:22:24 ID: B9YHcKHcAM
名前が格好良い

60 ななしのよっしん 2019/03/03(日) 20:24:16 ID: V3F1OtWgHA
プロングホーンはぱびりおんに出すこと前提のリファインなのに
ロードランナーはぱびりおんのキャラを全然反映しないあたり
改めてけもフレ2ってクソだなって

61 ななしのよっしん 2019/03/03(日) 20:24:44 ID: Nggp/LZx46
もしかしてゴマちゃんが得意な走りを見せずに飛んでるのって
プロングホーン先輩を立てる為だったりして？

62 ななしのよっしん 2019/03/03(日) 20:25:45 ID: u0nPAiWl6V
最後のハブられてるところほんとかわいそう

63 ななしのよっしん 2019/03/03(日) 20:27:36 ID: Nt3U5iPiqi
プ何とか様がゴマ鳥に言ったセリフ
・ん？
・行くぞ！
・ああ、最速を極めるためなら鬼になれる
・ん？
・なんだと！？
・まあまて、続きを聞こう
・よし、いいぞ、来い！
・大丈夫！後は任せてくれ！
プ様ゴマの名前知らないんじゃ…

64 ななしのよっしん 2019/03/03(日) 20:32:57 ID: JYRWfm7B7R
枝角様「長い名前は覚えられないが、共に走ればみんな同志だ！」

65 ななしのよっしん 2019/03/03(日) 20:38:15 ID: MS8bRiMBMC
ヘラジカ様んとこなら長い名前の子ばっかりだしナチュラルに受け入れてもらえると思う

66 ななしのよっしん 2019/03/03(日) 20:41:51 ID: uElIQpMDNS
正直2期のキャラでゴマすりクソバードちゃんが一番好き

関係ないけど援助交際してそうなキャラランキングで
ラブライブのことりがランクインした時の理由が
淫乱クソバードって書かれて語呂の良さで笑った事を思い出した

67 ななしのよっしん 2019/03/03(日) 20:43:31 ID: 5VG+GwNEv9
クソバードの画像検索結果でかばんちゃんの別世界の姿である南ことりちゃんを駆逐しそうになってる

68 ななしのよっしん 2019/03/03(日) 20:43:44 ID: 69HNhh2adS
散々突っ込まれてる「走るのが得意」の直後に飛ぶ展開にしたのは
「お前飛ぶのかよ！？」っていうカラカルと視聴者の気持ちをシンクロさせるための高度な構成なのかもしれない
飛行だけに

しかし２全体に見られる構成への不信感から、
視聴者には地に足のつかない気持ちだけが残ってしまったのかもしれない
飛行だけに

69 ななしのよっしん 2019/03/03(日) 20:45:04 ID: r5NnMsu/u8
ああいうストーリーにする意味もわからんし最後ハブる必要性もわからんしけもフレでやることじゃなくない？とも思うけど、あのストーリーを採用するならああいうラストにすると効果的なのはわかる
やっぱりゆっくり解説の言う通りストーリーがまずありきなんやな、って

70 ななしのよっしん 2019/03/03(日) 20:47:11 ID: sOVN0yDvin
ミッミッ！

71 ななしのよっしん 2019/03/03(日) 20:48:17 ID: DNrhCYKhOf
一期：すっごーい！
　　　あなたは〇〇が得意なフレンズなんだね！
　　　　　　　　↓
二期：おい、てめえ、なかなかやるじゃねえか
　　　あんたは〇〇の恩人だ～！

世代交代成功したんじゃない？知らんけど

72 ななしのよっしん 2019/03/03(日) 20:48:51 ID: Yc3Ta00X2P
>>63
これ見るとあんなにゴマ擦っておきながら、プロホンからはそれほど親しまれておらず当たり障りの無い対応を適当にされているようでまた不憫
それなりの信頼関係があるのはまぁわかる

73 ななしのよっしん 2019/03/03(日) 20:56:47 ID: h7orEf61TS
クソバードって凄いな
言動が一貫してるんだもん

74 ななしのよっしん 2019/03/03(日) 20:58:14 ID: 5VG+GwNEv9
botばかりのけもフレ2で唯一魂実装してるからな

75 ななしのよっしん 2019/03/03(日) 21:09:08 ID: Ci/ojF5sLQ
>>72
なんかそう聞くと某戦車アニメの黒いとこの副隊長みたい
あっちも妙に人気出たし

76 ななしのよっしん 2019/03/03(日) 21:09:15 ID: GiEwM/oURd
泥中の蓮は泥が汚いほど美しく咲き誇るんだよなぁ...

77 ななしのよっしん 2019/03/03(日) 21:13:22 ID: jnweytk6Po
ﾐﾝﾐﾝと言いながら煙を置き去りにして消えるんじゃねーのかよ！！！

78 ななしのよっしん 2019/03/03(日) 21:14:43 ID: tRUOWfvjcl
主人公側3馬鹿のキャラが薄い(性悪、bot、ギスリ要因と言うキャラ付けはあるが)のもあるし
チーターは最初「一人が性に合ってる」とか言いながらキュルル一行を引き止めたりチームプレーを楽しみだしたりと何かブレてる
プッチンプリン様も最初は「共に早さを極めよう」みたいな事を言いながら結局勝敗に拘り始めて自分有利な長距離を選んだりとブレてるからな
その中でゴマすりクソバードちゃんは腰巾着、煽り厨、三下だけどちゃんとお礼も言えて根は素直で良い娘って言うキャラが一貫してるから相対的に魅力的に見える
なのに終始プロングホーンにあんま相手にされてなかったり(先に煽ったからだけど)カラカルに露骨に嫌な顔されたり棒で殴りかかられたりとどめにキュルルにハブられた絵を描かれて手渡しされたり挙げ句の果てに放置されたりと不憫すぎるから愛したくなっちゃうんだよなぁ

79 ななしのよっしん 2019/03/03(日) 21:23:08 ID: t0T8vuWecm
煽りと言われている言動も
チーターを勝負に引き込む為だったり
適当に走ろうとしていたカラカルを真面目に走らせるためだったりする
ただ意味も無く煽っているんじゃなく、目的のあるセリフだってことを理解してあげて欲しい

80 ななしのよっしん 2019/03/03(日) 21:24:56 ID: 5VG+GwNEv9
キュルルは理解しなかったから陰湿な制裁したってことになるじゃないか！

81 ななしのよっしん 2019/03/03(日) 21:27:21 ID: j/zeTA79cu
最初は曇らせ隊や腹パンマンが多かったけど、今は普通に愛でたい派もいるからなあ

しっかしただでさえ虚無だったジャパリパークを5話6話の爆弾で焦土にまでしたのに、そこからこうも愛される子が生まれるとは…

82 ななしのよっしん 2019/03/03(日) 21:27:43 ID: azmLDFLYf1
カラカル→チーター→サーバルｖｓロードランナー→ブロングホーンの
ハンディマッチは猫科組が持続力がないから、このハンディは仕方あるまい。

83 ななしのよっしん 2019/03/03(日) 21:28:15 ID: 3djXc+8tW8
ついに急上昇一位取って草生えうる

84 ななしのよっしん 2019/03/03(日) 21:29:43 ID: 5VG+GwNEv9
ふたばだとクッパ姫みたいな瞬間最大風速になってるという

85 ななしのよっしん 2019/03/03(日) 21:36:13 ID: t7Yxh8legx
露骨に脚本の都合でキュルル一行に絡んできたこれまでのフレンズと違って「プロングホーンさま第一」っていう筋が一本通ってるんだよな
心底ウザいキャラでありながら最後にひど過ぎる仕打ちを受けて視聴者にカタルシスを提供することで古典的な「愛すべき悪役」として確立している

まあ製作者はそこまで計算していたわけでなく偶然の産物だろうけど

86 ななしのよっしん 2019/03/03(日) 21:43:39 ID: XRx3V3NEKV
>>82
仕方なくねえんだよなあ…なら２対2でやればいいだけで

87 ななしのよっしん 2019/03/03(日) 21:44:27 ID: h7orEf61TS
クソバードの煽りは悪意たっぷりの声だから、ほんとに相手をやるにさせるために言ってるのかどうか…

88 ななしのよっしん 2019/03/03(日) 21:45:01 ID: 5VG+GwNEv9
ていうかキュルル走れよ

89 ななしのよっしん 2019/03/03(日) 21:45:10 ID: Nggp/LZx46
一見他の話同様ギスギス要因に見える煽りも
実はちゃんと行動理念と目的がある所は凄いと思う。

けもフレ２に出てくる他のフレンズと違って
よく見てキャラの心情とかを考察したくなるフレンズだと思う。

90 ななしのよっしん 2019/03/03(日) 21:48:04 ID: +Sf6an3Rrb
キュルカスが走れ畜生どもと言わんばかりに高みの見物してるのほんまクソ
畜生よりも畜生

91 ななしのよっしん 2019/03/03(日) 21:53:11 ID: V0w190p/Uv
>>90
けものや同族を撃ってオーガズムを得る生き物やぞ

92 ななしのよっしん 2019/03/03(日) 21:53:47 ID: 5VG+GwNEv9
いじめで愉悦を感じるホモ・ルーデンスだぞ

93 ななしのよっしん 2019/03/03(日) 21:54:38 ID: t69SInHaO/
こんな形で人気が出てしまって悲しいなぁ…
でもそれはそれとして他にすこれる対象もいないからゴマクソちゃんすき

94 ななしのよっしん 2019/03/03(日) 22:00:18 ID: l5VsDz96az
けもエネ内で人気投票したらこうもりはんと1位競えそう

95 ななしのよっしん 2019/03/03(日) 22:02:34 ID: I5YWinp56u
これまで積み重ねた7話分の虚無がゴマクソちゃんの眩さを一層引き立てている

96 ななしのよっしん 2019/03/03(日) 22:06:22 ID: ckP11RnUGu
目の前で有精卵潰したい可愛さ

97 ななしのよっしん 2019/03/03(日) 22:08:49 ID: Nt3U5iPiqi
他の大半の畜生と比べて体重に+21gされてるけもの

98 ななしのよっしん 2019/03/03(日) 22:11:07 ID: h2BiwBl9LH
というか7話もかけてようやく人気出たキャラがこれってのもどうなんだ
いや俺も好きだけど、前作主人公すらも含めて登場人物みんな死んでたところでゴマすりクソバードって
このアニメやっぱりおかしいわ

99 ななしのよっしん 2019/03/03(日) 22:16:57 ID: GeQY+AuJDp
ウザ可愛くて、割と行動に一貫性があるし、不憫枠でもあり、そして妙にエロい
他キャラが無味乾燥すぎて、逆に一番キャラが立ってるゴマちゃん

100 ななしのよっしん 2019/03/03(日) 22:20:38 ID: tD95uG88pw
キムリアンやムクリアンが輝きを奪えなかった唯一のフレンズ
誰かけもフレ１の世界に彼女を転生させてあげて欲しい

101 ななしのよっしん 2019/03/03(日) 22:27:12 ID: B9GKlEgyPt
いきなり大百科１位は草

102 ななしのよっしん 2019/03/03(日) 22:32:43 ID: IGvbUUPSM0
けもフレ界のガフの部屋に残っていた最後の魂
それがゴマすりクソバード

103 ななしのよっしん 2019/03/03(日) 22:40:18 ID: OpxYarenQu
>>100
１期だとヘラジカに仕えていそうだね
プロングホーンは１期ヘラジカっぽいし
ハシビロコウちゃんとコンビ組んでハシビロコウちゃんの代弁者っぽくなりそう
ハヒビロコウちゃんは意外とヘラジカ軍では頭がいいのでゴマちゃんは副参謀枠かな？

しかしこんな形で１位とは

104 ななしのよっしん 2019/03/03(日) 22:42:45 ID: 3vCB3v03Ov
ロードランナー事件のお陰で2擁護派が完全に息の根止まってるの草生える

105 ななしのよっしん 2019/03/03(日) 22:43:11 ID: KRMhF9QcW2
キュルルの無慈悲ないじめをうけたときの顔ほんとすこ
これだけが評価点

106 ななしのよっしん 2019/03/03(日) 22:43:23 ID: JYRWfm7B7R
つまり２期のスタッフはゲスキャラの描写の方が得意ということじゃな？

107 ななしのよっしん 2019/03/03(日) 22:44:54 ID: /2G2hjZvuY
２期って「このキャラならこういうことは言わないだろ」とか、
「このキャラならこういう行動には出ないだろ」みたいな違和感全開な連中が殆どな中
視聴者が感じたキャラ像と唯一ズレがないのがゴマちゃん、本当に言動と行動が一貫してる

108 ななしのよっしん 2019/03/03(日) 22:45:39 ID: S3ppCO4q+E
監督と脚本の倫理観が大いに反映されたキャラ

109 ななしのよっしん 2019/03/03(日) 22:48:01 ID: WLYpLXBB1w
この娘にだけじゃぱりまんを配らないとか陰湿なことしたい

110 ななしのよっしん 2019/03/03(日) 22:51:37 ID: KRMhF9QcW2
ゴマクソちゃんをハブったスケブ太郎を許すな

111 ななしのよっしん 2019/03/03(日) 22:52:22 ID: t0T8vuWecm
キュルルからハブられた絵を渡されたのに文句を言えないのが素のロードランナーちゃんな気がする
本来気弱なのに虚勢を張ってたと思うとまたかわいく見えてくる

112 ななしのよっしん 2019/03/03(日) 22:56:07 ID: R2UpaMwqx+
KFPは意地でもこの娘のグッズは出さなそう

113 ななしのよっしん 2019/03/03(日) 22:56:29 ID: U8gDaItNI/
>>111
ほんとこれだよなぁ
もっと虐めて曇らせたいと思ってた時期もあったけど今となっては愛おしい

114 ななしのよっしん 2019/03/03(日) 22:59:53 ID: /2G2hjZvuY
スケブbotカラカルの３人組やゴマちゃん以外のゲストフレンズが
中途半端に１期に乗っかって優しい子や無邪気な子路線で描こうとするも
実力の無さか作家性の違いで誰も彼も下手糞なものに仕上がってる中
「最初からクズなキャラとして通した」ゴマちゃんだけが魂こもってる

あーあやっぱり１期と完全に別路線で最初からやればよかったんやなって・・・

115 ななしのよっしん 2019/03/03(日) 23:02:06 ID: XRx3V3NEKV
クズっていうかまあ舎弟というか腰巾着でしょ。いうほどクズではない

116 ななしのよっしん 2019/03/03(日) 23:04:27 ID: 4nMwbGHmlr
素晴らしい記事に感謝
1期2期合わせてブッチギリで好きになったキャラ
全てが愛らしいかわいい

117 ななしのよっしん 2019/03/03(日) 23:05:04 ID: fRwoMj63oI
一期の没キャラ

118 ななしのよっしん 2019/03/03(日) 23:10:50 ID: /2G2hjZvuY
あークズは確かにちょっと違うな、すまんゴマちゃん
何にしても１期の路線とは全く異なる方向性のフレンズだけ上手く描けてるのは、
やっぱり致命的に相性悪いんだろうな現スタッフの感性とたつき監督の世界観・・・

119 ななしのよっしん 2019/03/03(日) 23:16:00 ID: 9kUQlZ5wmU
私とチーターは♪　友達じゃないけど♪
私のホーン様と♪　チーターは友達～♪
大体そんな～か～んじ～♪　けもフレびよ～り～～♪

120 ななしのよっしん 2019/03/03(日) 23:16:39 ID: OpxYarenQu
>>109
pixivであったＳＳで雑種のフレンズにはじゃぱりまんをボスがくれない描写があった
生態系の維持とかいってたし、その場合はありうる
ちなみに博士と助手が最初期に出てくるが、結構クズだった

雑種はメシがもらえないのでネズミとか蛇とか原型の奴を狩ったり果物食ってる描写だった

121 ななしのよっしん 2019/03/03(日) 23:25:12 ID: 4nMwbGHmlr
ゴミの中で輝く完全加工されたダイヤモンド
1〜7話のクソさはゴマちゃんのために用意された舞台に違いない

122 ななしのよっしん 2019/03/03(日) 23:26:27 ID: F2QLQfh9q0
汚泥だからこそ咲き誇る花もある

123 ななしのよっしん 2019/03/03(日) 23:28:19 ID: OpxYarenQu
蓮の花か
フルルはレンコンおいしーよねといいそうだが
からしレンコンくいたい

124 ななしのよっしん 2019/03/03(日) 23:32:18 ID: VcqgIyWFD1
こいつの語録がギスギスした言葉ばっかなのが2期を象徴してる気がする

125 ななしのよっしん 2019/03/04(月) 00:02:31 ID: h7orEf61TS
制作陣がギスギスしてるからね

126 ななしのよっしん 2019/03/04(月) 00:04:24 ID: 69HNhh2adS
>>101
しかも2位がゴマすりクソバードで一人ワンツーフィニッシュ果たしちゃってるｗ

127 ななしのよっしん 2019/03/04(月) 00:07:37 ID: 3RLB/MbajF
噛めば噛むほど魅力が出るすごくいいキャラだと思うんだけど、あの変なパンツ丈だけはなんとかしてほしかった

128 ななしのよっしん 2019/03/04(月) 00:16:12 ID: Ik563w9KzD
いくら棘を植え付けようと輝きを奪う事はできない
製作陣の悪意に露悪的な行動でもってNOを突きつけるダーク三下ヒロイン

129 ななしのよっしん 2019/03/04(月) 00:28:58 ID: YQ3mmgzrHv
この子が人気出たのってキュルルに対して正しいリアクションを返すからなんだよな
リレーとか人数比の頭おかしい展開に対してプロングホーン様（の常識）が代わりに犠牲になってくれてるからなんだけど

130 ななしのよっしん 2019/03/04(月) 00:35:09 ID: F2QLQfh9q0
滅茶苦茶な理屈を吐くなろう主人公とそれをヨイショする周囲に対して正論言ってフルボッコにされるモブキャラを彷彿とさせる

131 ななしのよっしん 2019/03/04(月) 00:35:11 ID: MS8bRiMBMC
プロングホーン、プロングホーンちゃん…非ゴマクソ勢
プロングホーン様…ゴマクソ勢
プ様など…重度ゴマクソ勢

132 ななしのよっしん 2019/03/04(月) 00:38:13 ID: B9GKlEgyPt
７話最後の描写（表情と視線と２度見）は上手いよなあ。

>>126
草

133 ななしのよっしん 2019/03/04(月) 01:20:22 ID: sOVN0yDvin
けもフレ2の楽しみ方を提供してくれた有能バード

134 ななしのよっしん 2019/03/04(月) 01:30:51 ID: y71hRydqwV
>>112
むしろ人気の原因を誤解して改悪するから出さなくていいです
たくさんでるのは負け組です

135 ななしのよっしん 2019/03/04(月) 02:33:02 ID: XsuZ200Ga7
なろう系で人気の出るヒロインは主人公に好意を示さないキャラだってスマホで知ってる

136 ななしのよっしん 2019/03/04(月) 03:08:45 ID: YQ3mmgzrHv
主人公に楯突く悪人も人気だって覇王様から学んだ

137 ななしのよっしん 2019/03/04(月) 04:08:34 ID: JhcdJxohQr
むしろ主人公がヴィランなのでは？ボブは訝しんだ

138 ななしのよっしん 2019/03/04(月) 04:10:40 ID: Nggp/LZx46
https://imgur.com/C3leLkg

感動した

139 ななしのよっしん 2019/03/04(月) 04:17:27 ID: t0T8vuWecm
職人にもロードランナーちゃん愛されててうれしい

140 ななしのよっしん 2019/03/04(月) 08:10:31 ID: T2oxBt4r0E
この子一人称なんなん？

141 ななしのよっしん 2019/03/04(月) 08:54:00 ID: As4A1sqU54
好きなフレンズを腰巾着の小物キャラにされて最初は微妙な気分になってたけどむしろ言動が一貫してると気づいてから一気に好きになった
ありがとうゴマすりクソバード

142 ななしのよっしん 2019/03/04(月) 09:46:04 ID: u0nPAiWl6V
もしかしてギスギスフレンズ作らせたら世界一なのでは？

143 ななしのよっしん 2019/03/04(月) 09:52:06 ID: +taWvGvEPM
>>97
魂の重さはさすがに草

144 ななしのよっしん 2019/03/04(月) 10:11:57 ID: azmLDFLYf1
ちなみにこのキャラは一度も一人称を使ってない、
普段、どんな一人称を使ってるんだろう？
わたし、あたし、おれ、ぽく、ロードランナー
のいずれかだろうけど、

145 ななしのよっしん 2019/03/04(月) 10:28:20 ID: OJssQgVEtK
見事に腰巾着なのもアレだがとにかく言動が攻撃的すぎて印象に残る

146 ななしのよっしん 2019/03/04(月) 10:34:30 ID: VUp7RzFaUP
輿水幸子が一瞬脳裏を過った

147 ななしのよっしん 2019/03/04(月) 11:29:33 ID: MS8bRiMBMC
ダサＴのおかげで低コス万能感すらある

148 ななしのよっしん 2019/03/04(月) 11:35:57 ID: 5sf8mJ08kA
>>144
人前では俺、俺様 プロングホーン様の前では私を使い分けてそう

149 ななしのよっしん 2019/03/04(月) 11:41:58 ID: U8gDaItNI/
>>148
想像できてかわいい
この子走行と飛行の両刀でチーターやプロングホーン様に勝るとも劣らないスペックは持ってそうなんだけど自己評価が著しく低そう

150 ななしのよっしん 2019/03/04(月) 13:08:11 ID: 0sgWt7hT/y
>>149
カラカルに対する挑発見ると自己評価低いは無いんじゃないか
自分は凄いけどプロングホーン様はもっと凄いくらいかと
最後の絵が刺さったのは競争での敗北とかの健やかな世界ではなく
いじめという別次元からの刃だったからじゃないかな

151 ななしのよっしん 2019/03/04(月) 14:10:04 ID: U8gDaItNI/
>>150
プロングホーン様以外へのイキった態度は本来の弱い自分を隠そうとするためのものだとしたらかわいい、かわいくない？例のシーンから連想された妄想でしかないけどね。

152 ななしのよっしん 2019/03/04(月) 14:37:54 ID: hM9TrMIqJ0
動物の方の解説動画を見たんだけどサボテンに寝床を作ることで天然の要塞を作るんだとさ、でも偶にサボテンの棘が刺さるんだとか
アニメでもそういう面見せてくれたらいいのになあ

153 ななしのよっしん 2019/03/04(月) 14:52:37 ID: F2QLQfh9q0
走るのが得意で飛ぶのは苦手なフレンズに飛行させてる時点でその辺期待するのはもう・・・

154 ななしのよっしん 2019/03/04(月) 15:00:37 ID: 0BRPogtoQb
「走るのが得意」って特徴だけが採用された結果、
地上空中とも高機動という強者となったロードランナーくん
なお地上の機動力は描写されない模様

155 ななしのよっしん 2019/03/04(月) 15:16:39 ID: Z2RgRbzg/E
ﾐｯﾐｯってなくあいつにゴマの顔適当に貼り付けて高速で飛翔していくＧＩＦ
海外っぽい！

156 ななしのよっしん 2019/03/04(月) 15:58:15 ID: Nggp/LZx46
>>152
なにその天然属性くそかわいいじゃん。しかも要塞作るとかカッコいいし。

キャラ付けにも使えそうな習性をなんで二期は使わないんだろう。
キャラ付け以外にも話を広げる素材にもなるのにね。

157 ななしのよっしん 2019/03/04(月) 16:01:56 ID: 5VG+GwNEv9
残念ながら、二期はもう動物の修正とかそういう以前の問題で、
脚本は崩壊、作画も崩壊、キャラは矛盾や支離滅裂な行動を繰り返す虚無の舞台装置という、放送事故レベルの商品未満なので、
そういうの全く期待するのが間違い

158 ななしのよっしん 2019/03/04(月) 17:16:56 ID: t0T8vuWecm
>>152
けもフレ２ではサボテンが無いのでプロングホーンの傍を寝床にして
サボテンの棘が無いから、身を守るために自らツンツンするしかなくなってしまったのか

やっぱりかわいいじゃねぇか！

159 ななしのよっしん 2019/03/04(月) 17:28:31 ID: 8okOBrZ3uD
ふたばでリョナのいける宇崎ちゃんって感じっていうのがあったな

160 ななしのよっしん 2019/03/04(月) 18:06:47 ID: yT3UET5630
ゴマすりクソバード

161 ななしのよっしん 2019/03/04(月) 18:26:51 ID: NWzfJsqM9b
そういえばこの子に絵渡す時に腹音の奴「レースの”続き”を描いてみたんだ」とか言ってたよね？
でもアンカーはサーbotだったからあの絵にチーターが居ること自体がまずおかしいんだよね。
……つまりこの子のあの表情は
（え？何でチーターが？アンカーサーバルだっただろ？ってチーター何言ってんの
　お前アンカーじゃなかっただろ？大丈夫？え？プロングホーン様も何言ってるんですかえ？？）
…だった可能性が微粒子レベルで存在している……？

162 ななしのよっしん 2019/03/04(月) 18:52:25 ID: 9rW1SYJ0dM
最長距離移動のクソドリをすこれ
>>sm34704016
sm34704016

163 ななしのよっしん 2019/03/04(月) 20:11:15 ID: jEp8pVW53a
>>161
別所での受け売りなんだが、あの絵は最初のレース(botが突き飛ばしてうやむやになった方)の続きだという解釈があるらしい

確かにそれだと2人しかいないことには筋が通るんだけど、何故改善案のリレーをして仲良くなった展開からまた最初に戻すのかという疑問が出る

164 ななしのよっしん 2019/03/04(月) 20:42:47 ID: F2QLQfh9q0
どっちにしろ出会った３人のうち一人だけ参加してないレースを題材にする時点でゴマちゃんが曇るのは規定路線よ

165 ななしのよっしん 2019/03/04(月) 21:40:28 ID: NWzfJsqM9b
>>163
なるほど！……
・開けた場所走ったは走ったけど殆ど渓谷だったよね？
・アレの続きもなにも湖迂回する道っぽいのあのコースに無かったのでは？
・そもそも一番最初のレースゴール何処よ？
・そもそもあのレース自体チーターに不利だからアレの続きなら結局元の木阿弥になるんじゃね？
……考えれば考えるほどおかしくなってくるな！全くけもフレ２は地獄（粗だらけ）だぜ！

166 ななしのよっしん 2019/03/04(月) 23:13:12 ID: h7orEf61TS
他の走者が時速80km以上出せる中、ゴマすりクソバードは時速30km程度しか出せないんだよなあ

167 ななしのよっしん 2019/03/04(月) 23:25:53 ID: NWzfJsqM9b
>>166
フレンズ化したらけものとしての特徴はイメージなどがプラスされて超凄くなるんだぜ！
只の汚い鳴き声が超音波になり、只の保護色が光学迷彩と化し
ピット器官は超性能サーモグラフィーに変貌する力だ。
飛ぶのが苦手なロードランナーが高速で飛行するんだぞ？
むしろ元動物と同じくらいの性能しかないプロングホーンとチーターの方がおかしい。

168 ななしのよっしん 2019/03/04(月) 23:46:13 ID: Nt3U5iPiqi
ゴマ鳥は人間サイズになった分性能の底上げがでかいんじゃないか？

169 ななしのよっしん 2019/03/05(火) 00:14:48 ID: DNrhCYKhOf
それはあるかも
まあどっちにしろ、走れやってなるんだけどね

170 ななしのよっしん 2019/03/05(火) 00:25:56 ID: T2oxBt4r0E
>>165
というか最後に二人で走り去っていくとこゴール決まってないからチーターが負けるよね…

171 ななしのよっしん 2019/03/05(火) 00:29:13 ID: NWzfJsqM9b
>>170
まあプロングホーン最初からチーターに不利な勝負ばっか吹っかけてるし…
あの後また拗れて元の木阿弥になるんだろうな……
……ああこれもまた根本的な解決にはなってないのか、腹音のする事そんなんばっかだな。

172 ななしのよっしん 2019/03/05(火) 01:27:51 ID: 3QrhGQ3s+l
まあブロングさん勝負はどうでも良い（）って言ってるし大丈夫でしょ（）

173 ななしのよっしん 2019/03/05(火) 01:30:50 ID: XRx3V3NEKV
よく考えたら勝負すらしてなくて走りたいだけではあるんだよな、下手に勝負けしかけた奴が悪い

174 ななしのよっしん 2019/03/05(火) 01:34:45 ID: XchDm5tvfj
誰だよ勝負なんて言い出したのは

こいつじゃねえか！

175 ななしのよっしん 2019/03/05(火) 01:36:22 ID: yT3UET5630
最高

176 ななしのよっしん 2019/03/05(火) 01:49:53 ID: t0T8vuWecm
そりゃチーターやカラカルを焚きつけないとやる気にならなかったし仕方ない
ロードランナーちゃん必要に応じてそういう対応もできてけもフレ２で一番賢い可能性すらある

177 ななしのよっしん 2019/03/05(火) 01:51:52 ID: N1iRcj6dWc
サバンナシマシマオオナメクジとかワイト（けものフレンズ）みたいなネタかと思ったらマジでG・ロードランナーって言うのか

178 ななしのよっしん 2019/03/05(火) 08:27:07 ID: T8vzkLI2uR
てかまずは冒頭に担当声優書いた方がいいんじゃないの
関連項目にだけあっても気づかないぞ

179 ななしのよっしん 2019/03/05(火) 10:29:25 ID: 3Iiv/E5CHs
ブヒブヒうるせえよ声豚

180 ななしのよっしん 2019/03/05(火) 11:30:18 ID: Btnppv/nzX
真面目な話、こんな扱いで注目されても純粋なけもフレファンは全く嬉しくない
こんなゴマクソではなくパビリオンのG・ロードランナーちゃんを愛でようズェ…

181 ななしのよっしん 2019/03/05(火) 16:55:36 ID: +Sf6an3Rrb
純粋なけもフレファンってなんだよ？
自分が純粋だとでも言いたいのか？

182 ななしのよっしん 2019/03/05(火) 23:49:47 ID: wBSPUFR9sE
マタドール10円>>sm34730589
sm34730589
ちゃんとGロードランナーちゃんも描いてくれていて良かった

183 ななしのよっしん 2019/03/06(水) 00:21:19 ID: 5cJBukWwi5
>>180
アニメ前から知っていた私は嬉しくない、とか
ゲーム版ロードランナーちゃんとゴマバードちゃんは別人、と言うべきでしょ

せっかく耳目を集めたんだから
君がやるべきはゲーム版ロードランナーちゃんはどう違うか、
その可愛さを熱弁する時だよ

184 ななしのよっしん 2019/03/06(水) 02:27:13 ID: 69HNhh2adS
>>171
いや、文字通り怪我の功名でブロングホーンとチーターの距離が近くなったし、
チーターがかけっこに比較的乗り気になったという変化はある

つまりこれからプロングホーンとチーターはライバルとしてもっと仲良くなっていくだろうし
プロングホーンがチーターと勝負するのにゴマちゃんが焚き付ける必要がなくなる

ゴマちゃんが必要なくなる

185 ななしのよっしん 2019/03/06(水) 05:11:05 ID: KBjm13U1sT
ゴマちゃんの評価って高柳さんの思惑通りだったんだなって知ると声優って本当すごいなって思う

186 ななしのよっしん 2019/03/06(水) 07:07:17 ID: BFr0wQ/MbG
悲しいかな、いまいち印象に残るような個性がなかった二期フレンズの中で、アプリからも元動物からも離れたこの子が一番キャラが立ってる事実。一話前のフレンズさえ何やってたかすぐ忘れそうな今作で貴重なキャラになってしまったな。

187 ななしのよっしん 2019/03/06(水) 08:23:01 ID: t0T8vuWecm
>>182
中の高柳知葉さんがロードランナーちゃんの魅力を分かって魂入れてくれていたのが分かって嬉しい

あんたはロードランナーちゃんの命の恩人だ感謝してます

188 ななしのよっしん 2019/03/06(水) 09:18:39 ID: KUsZbaXQe4
グレーター・ロードランナーって名前が正式な名前何か
オリキャラかとおもったらかなり変わった名前でワロタ
オオミチバシリってＧＲを日本語に直しただけ何だな

あのＴシャツの意味が全くわからない
nexon時代のゲームでもあんな格好なの？

189 ななしのよっしん 2019/03/06(水) 13:18:07 ID: P9kAj7UoS9
>>186
他の娘もこの娘と絡む時はキャラ立ってるんだよね。カラカルとの競争なんて顕著。

190 ななしのよっしん 2019/03/06(水) 14:02:37 ID: 6bsGvNojnx
>>188
ネクソン時代は「オオミチバシリ」名義で、今とは全然別の格好。

今のシャツになったのはBDガイドブック以降で、名前も「ロードランナー」名義。アプリによっては「グレーターロードランナー」だったり、アニメで「G・ロードランナー」だったりと名前の表記が一貫しないフレンズ。シャツの文字の「Beep」はワーナーのアニメに登場したロードランナーのクラクションめいた鳴き声が元ネタ。ミッミッ

191 ななしのよっしん 2019/03/06(水) 14:22:09 ID: rtIlnWyY/H
駄目だなこのアニメ

192 ななしのよっしん 2019/03/06(水) 15:08:48 ID: yT3UET5630
そうだね

193 ななしのよっしん 2019/03/06(水) 16:26:17 ID: GUEzSQTXAC
2ではこのフレンズだけやたらとキャラ立ってるのは
実は木村監督が偉い人に媚び売るのが上手だから説が出てきたのがなるほどなあと思ってしまった

194 ななしのよっしん 2019/03/06(水) 19:21:12 ID: hM9TrMIqJ0
ちなみにロードランナーはミッミッなんて鳴き方はしない、鳩のｸﾙﾙﾙに近い鳴き方をするし嘴を使ったクラッタリングもする。なおこれらの習性がアニメに出たかと言うと（ｒｙ

195 ななしのよっしん 2019/03/06(水) 19:50:42 ID: nU8I4bzJv7
>>193
まあ監督はそもそもかばんちゃんが何が会った蚊さえ知らずに作ってたらしいから
ゴマすりちゃんの演技の良さは全部声優さんの努力だと思うけどね

196 ななしのよっしん 2019/03/06(水) 20:20:49 ID: F24eTBJbaJ
ぱびりおんでのキングコブラを見るとつい触りたくなるってネタ、
これ、元々のオオミチバシリが毒ヘビ相手でもクチバシで捕まえて、
地面にべったんべったん叩きつけて食べてしまうことが由来だったのか

197 ななしのよっしん 2019/03/06(水) 22:43:10 ID: Df1nglttUy
以下の統合議論に基づき、オオミチバシリ(けものフレンズ)とG・ロードランナー(けものフレンズ)を統合しました。
https://dic.nicovideo.jp/b/a/g%E3%83%BB%E3%83%AD%E3%83%BC%E3%83%89%E3%83%A9%E3%83%B3%E3%83%8A%E3%83%BC%28%E3%81%91%E3%82%82%E3%81%AE%E3%83%95%E3%83%AC%E3%83%B3%E3%82%BA%29/1-

198 ななしのよっしん 2019/03/06(水) 22:44:25 ID: z3qMxeNSiD
>>197
記事編集お疲れ様です

199 ななしのよっしん 2019/03/07(木) 02:23:40 ID: hM9TrMIqJ0
>>197
記事統合お疲れ様です。

200 ななしのよっしん 2019/03/07(木) 02:50:46 ID: vgXYQh1Dyx
それにしてもなんでBeepなんてTシャツ着せようと思ったんだろう？けものフレンズはパロディーやオマージュを極力少なくして後世にあっても流行に左右されないようにするっていう方針で作られていたはずなのにその信念すら簡単に曲げて作られているデザインだからけもフレ2を本当に象徴するキャラだと思うよ　ゴマすり感も相まって愛されているのはホント皮肉だと思う

201 ななしのよっしん 2019/03/07(木) 03:43:31 ID: yT3UET5630
記事統合されたんだ

202 ななしのよっしん 2019/03/07(木) 06:53:33 ID: VDv1fZtBb0
記事統合乙です。
ぱびりおんでもそのうちアニメ2世代の
Gロードランナーが来たりするのだろうか

>>200
パロディやオマージュ云々はアニメ1の話なんじゃなかったっけ
たとえばアプリ版はシナリオ面でちょこちょこネタ挟んでたし、
そもそもピーチパンサーなんてのもいるし

203 ななしのよっしん 2019/03/07(木) 18:12:47 ID: F24eTBJbaJ
関連動画がゴマクソちゃんばっかりなので、
ぱびりおんのこれも入れてやってください

https://www.nicovideo.jp/watch/sm33433796

（1:58くらいから）


ネクソン版のオオミチバシリのちゃんとした動画はニコニコにはないっぽい？
つべだと見つかるけど

https://www.youtube.com/watch?v=InDppRmAi8U

204 ななしのよっしん 2019/03/08(金) 17:47:24 ID: 0Q6hKjVKZR
KFP側で、こういうキャラというか扱いが受けるだと勘違いしないでほしいけどね・・・

205 ななしのよっしん 2019/03/08(金) 21:15:44 ID: 69HNhh2adS
正直なところ
「なんか知らんが人気やんけ、再登場させたろ」
→ただ口が悪いだけの汚いクソバードに
って悪寒がする

206 ななしのよっしん 2019/03/08(金) 21:36:26 ID: vpXUhuSxNg
G(ガ)ロード・ラン(ナー)

207 ななしのよっしん 2019/03/09(土) 03:28:16 ID: 4ZIe3bd9Jn
だんだん正式名書くのが面倒になってきて「ゴマちゃんかわいい」で済ませてしまうようになってくる

208 ななしのよっしん 2019/03/09(土) 12:29:39 ID: +Rzm/lNofv
>>202
それは吉崎観音の指示だから1だからとかはあまり関係がない
アプリはネクソンのおじさんが頑張ってたってだけ

209 ななしのよっしん 2019/03/10(日) 11:28:54 ID: zmSad0SYr9
一期のジャガー、二期のゴマクソ
夏コミで赤犬との薄い本期待してます

210 ななしのよっしん 2019/03/10(日) 12:23:35 ID: DNrhCYKhOf
>>208
あいつほんまに足引っ張ることしかしとらんな
フレンズによって得意なこと違うとかそういうレベルじゃねえぞ…

211 ななしのよっしん 2019/03/10(日) 16:11:34 ID: GmPxMLVsjj
>>200
キャラとしては好きだけど確かに服装はパロディ抜きの方が良かった感じするな

212 ななしのよっしん 2019/03/11(月) 00:09:47 ID: 4ZIe3bd9Jn
>>200 の言うように、安易な非公式パロディにはずっとモヤモヤを感じてるのよね。
仮にワーナーから怒られる事態になったら面倒じゃないの？それで「動物ファースト」なプロジェクト進行に悪影響でたらどうするつもりなの？という。

といいつつ、動いてるゴマちゃんをくりかえし見てるとどんどん可愛くかんじてしまう。

213 ななしのよっしん 2019/03/12(火) 23:37:26 ID: LiJC7EnmDx
>>sm34767258
sm34767258

これ見て救われた気がした

