キュルル(けものフレンズ) 2019-03-13/00:06 781

1ななしのよっしん2018/12/15(土) 17:56:39 ID:ZkR5fkZsYi
・髪の色がカコさんと同じ
・帽子に穴が開いてない
・服装がアプリ版の没主人公に似てる
・地味にオッドアイ？

考察要素としてはこのくらいか

2ななしのよっしん2018/12/15(土) 18:51:16 ID:j95tp/OMBX
記事作成乙ですー
どことなくかばんちゃんと対になってるのも気になるけど、無関係なのかな

3ななしのよっしん2018/12/16(日) 16:17:56 ID:hvx/oBTGvy
彼方此方で劣化版ちゃんとか呼ばれててｶﾜｲｿｽ

4ななしのよっしん2018/12/16(日) 16:28:33 ID:+A3OfK08hU
けものとしての人は前回やったから今回のはパークガイドみたいな主人公だろうな

5ななしのよっしん2018/12/16(日) 19:19:36 ID:SfggmTsSnl
すげぇパチモン臭い上にキュルルって…

6ななしのよっしん2018/12/16(日) 22:21:22 ID:SXuJy94eia
「current」でキュルルねえ…

7ななしのよっしん2018/12/17(月) 12:14:51 ID:ACNN0GjwiN
言いづらそうで意外とそうでもない名前。

「キュルルくん」「キュルルちゃん」

どちらでもしっくりくる

8ななしのよっしん2018/12/17(月) 12:22:53 ID:XI3l3d9aFU
ペコポン人スーツを着たケロン人なんてオチは、さすがにないか・・・。
そもそもあれ、頭はそのままだしなｗ

9ななしのよっしん2018/12/17(月) 12:35:27 ID:9PaH/yvaiw
>>8
クルル子がこっち見てるぞ
まあ流石にケロン人ではないだろう

10ななしのよっしん2018/12/17(月) 12:35:43 ID:3G9H1FzJ0Z
「あなた（キュルル…）でしょ？」
変な女から電話が掛かってきた。言葉の一部がよく聞き取れない。
「あなた（キュルル…）でしょ？」

11ななしのよっしん2018/12/17(月) 12:37:39 ID:CLBIScWu1I
ちょっと配色がひどい

12ななしのよっしん2018/12/17(月) 12:51:19 ID:ZC65IohTgd
オッドアイでスケッチブック
これはタイリク先生と何か関係があるのだろうか

13ななしのよっしん2018/12/17(月) 19:03:21 ID:zQUaf/W88b
まさかのパッツン前髪だったとは…。
あ、けもフレの一覧に追加してくれた方ありがとうございました。忘れてた。

14ななしのよっしん2018/12/17(月) 22:33:19 ID:uE6bLVA1vO
PV2見たんだけどさ……真正面から見た顔なんか眼離れすぎてない？
単体で見るとそうでもないんだけどサーバルカラカルと並んでると凄い違和感があったんだ。
ぶっちゃけると何か怖い。
いや、個人的な感想と言われればそれまでだけどさ。

15ななしのよっしん2018/12/17(月) 23:19:10 ID:j95tp/OMBX
開きすぎてる目と目の間は自分も気になった
あとは切り口が四角すぎる髪とかも

後者のほうは何か秘密がある可能性もあるからなんとも言えないけど

16ななしのよっしん2018/12/17(月) 23:32:48 ID:Er/g05Q5uJ
ぱっつん前髪が帽子に隠れているのﾓｯﾀｲﾅｲﾅｰって思う

17ななしのよっしん2018/12/18(火) 00:22:50 ID:XI3l3d9aFU
そういや肝心のけもフレ2の記事でのキャラ名がまだ「子供」のままだったわ。

18ななしのよっしん2018/12/18(火) 03:21:21 ID:wxx5eQiSyC
劣化版ちゃん

19ななしのよっしん2018/12/18(火) 03:29:47 ID:jteX64wj/5
正直ハイキングしてるおばさんにしか見えない

20ななしのよっしん2018/12/18(火) 07:42:28 ID:kfCufF+4rB
監督それぞれ姿形十人十色やけどそれでも良いじゃない？

21ななしのよっしん2018/12/18(火) 07:50:40 ID:pn/7p9AWqV
キュルルって言いにくい
クルルでいいじゃん

22ななしのよっしん2018/12/18(火) 07:55:33 ID:LoRvgBeZiQ
キュルルとお腹が鳴ったからあなたはキュルル！
グギギとかそんな音が鳴らなくて良かったぜ

23ななしのよっしん2018/12/18(火) 10:11:33 ID:CujI0hOwyx
三└(┐卍^o^)卍ｷｭﾙﾙﾙﾙﾙ

24ななしのよっしん2018/12/18(火) 22:58:40 ID:f13zQEMMSG
意外と面白かったらコイツの評価にも熱い掌返しが来たりするんだろうか。
今のところ双頭雲行きが怪しいが・・・

>>22
グギグギグ？（難聴）
2017年と同じく、最終回後にホモから英雄の証を取り戻した男の後継者が現れるフラグかな？（すっとぼけ）

25ななしのよっしん2018/12/18(火) 23:06:35 ID:mzg0XFY3dp
ヒトのフレンズなのか、正真正銘のヒトなのか。

26ななしのよっしん2018/12/18(火) 23:09:20 ID:G3mksi0YJO
一期も1話の時点でかばんちゃんに惹かれた人はそんなにいなかった気が
かばんちゃんに惹かれたのは見た目よりも
・全話を通したサーバルとの掛け合い、ヒトとしての能力
・4話、7話あたりのかばんちゃんの置かれている立場
・極めつけの11話
だと思うので、キュルルもこれからって感じでしょう

27ななしのよっしん2018/12/19(水) 00:16:51 ID:oVb1SRl1mN
前作のかばんちゃんに立ち位置が似ているから
これから良くも悪くも比較されるだろうな

28ななしのよっしん2018/12/19(水) 12:46:46 ID:GscXgPe9bl
後ろ髪や横髪含めると髪型はけっこう好き。
研究所生まれっぽいし、服が全体的に青いのは「他のフレンズとは異質の存在であること」や「人工物っぽさ」を強調するくらいの意味じゃないかな？

29ななしのよっしん2018/12/19(水) 18:44:22 ID:5diEa3dBkw
けもフレ興味ない連中がこの娘非難してるとこ見ると非常に腹が立つよね。

キュルルちゃんもしかしなくてもかばんちゃんよりも幼い？今回は相棒枠がカラサーの二人だし、かばんちゃんみたいに大活躍というのはなさそうだね。ただ今のジャパリパークに至った経緯を知ることができるキーパーソンになりそう？

30ななしのよっしん2018/12/19(水) 21:39:48 ID:j95tp/OMBX
PV第二弾のモノレールの行き先か何かに「ケンキュウセンター」って文字が見えるのがやっぱ気になる
意味なく表示させてるわけじゃなさそうだよね…

キュルルに関係があるなら一体どんなシリアスが？

31ななしのよっしん2018/12/19(水) 21:50:47 ID:9PaH/yvaiw
>>25
まだアニメ見れてないけど、少なくとも人と自覚してる感じはある
かばんちゃんは自分が何者か知りたい→人がどうなったか知りたいなのに対し、キュルルははっきり「お家に帰りたい」と言ってるし

32ななしのよっしん2018/12/21(金) 15:38:08 ID:otaPYqbsZP
わりと好みのデザインなのに変な叩きが多くて悲しい

33ななしのよっしん2018/12/21(金) 17:00:31 ID:urgDTker4p
正直言うと最初のイラストは微妙だと思ったけど
PVで前髪見えたり動いてるの見て可愛く思えてきたよ

34ななしのよっしん2018/12/21(金) 17:27:38 ID:2xFe8vZJv5
>>31
なわばり=家みたいな概念をサーバルたちが言ってたのを受けての発言かもしれないから
実際に放送されるまではわからんな

人や人毛のフレンズ止まりではなく
タチコマのフレンズ化したみたいにロボか機械･設備のフレンズ化や
目覚めたジャパリロボ･キュルルとかでもおかしくなさそうな幅はありそう

35ななしのよっしん2018/12/26(水) 03:13:56 ID:RizMufyPcn
かばん担いでるからかばんちゃんみたいに○○だからキュルルって事なんだろうけど何だろう
腹がキュルル～と鳴ったからキュルルくらいしか思いつかん

36ななしのよっしん2018/12/27(木) 23:54:59 ID:ImR0cLs4SF
>>td50084
td50084

37ななしのよっしん2018/12/28(金) 00:04:14 ID:j95tp/OMBX
>>36
本編が始まる前にMMDモデル化されるとか前例あるっけ…？

38ななしのよっしん2018/12/28(金) 03:59:56 ID:/V/z3iL5Cj
まあトラとかも作る人いるし、本編放送中でも登場後数日しか経ってないキャラ作る人とかいるから、２週間あるなら作る人いても不思議じゃない

39ななしのよっしん2018/12/28(金) 06:29:14 ID:3tAbDtRYna
まさか数日でモデルがｗ
キュルルがカコ博士の幼少期とか園長の幼少期とか？
紋章で時空越えられるし

半公式で園長はトワだけど公式ではないし

40ななしのよっしん2018/12/28(金) 06:33:06 ID:3tAbDtRYna
オッドアイって無意味に出す安直なイメージがある＝投稿の２割がってある出版社がいってたけど、キュルルはなにか意味があるのかな？

41ななしのよっしん2018/12/28(金) 19:39:11 ID:LD9sdXzXaU
「スケッチちゃん」とか「ブックちゃん」かと思ったら違った。

42ななしのよっしん2018/12/29(土) 01:37:13 ID:3tAbDtRYna
１期も最初は迷子という表記からツアー客の子が親とはぐれたとおもったけどあの展開だし、キュルルも親がいると思わないほうがいいかも

43ななしのよっしん2018/12/29(土) 11:02:16 ID:Ckmp1OE5Dj
>>td50156
td50156

44ななしのよっしん2019/01/01(火) 16:54:14 ID:ACNN0GjwiN
赤い先輩と青い新人…

(0w0)

45削除しました削除しました ID:hXTOClLg9r
削除しました

46ななしのよっしん2019/01/08(火) 12:33:30 ID:q8D2F0aoug
全体的なカラーリングや目や帽子の羽の色。
それとどこか普通のヒトとは違う雰囲気から
ラッキービーストと何か関連があるのではという説もあるね。
フレンズ化したラッキービーストとか・・・

さてどういう展開になるか

47ななしのよっしん2019/01/08(火) 12:43:56 ID:2OGJAnDtQ2
中の人ザビ子なのか

48ななしのよっしん2019/01/09(水) 16:22:08 ID:ACNN0GjwiN
ミカサとか、ビルドファイターズのチナちゃんでもあるぞ
なおどちらもまな板

49ななしのよっしん2019/01/09(水) 20:26:42 ID:cZTnWNWMyb
>>td50922
td50922

50ななしのよっしん2019/01/11(金) 00:16:18 ID:zmKiYTN/4d
勝手な予想
キュルルはスケッチブックにサンドスターがあたったセルリアンで
スケッチブックが持ち主に大事にされてたとかなんとかの理由で人型になって
持ち主のところへ帰りたいと思ってる

聞き流してください

51ななしのよっしん2019/01/11(金) 08:48:06 ID:RizMufyPcn
マジで腹がキュルルーって鳴ったからキュルルちゃんなんか？
フレンズも腹くらい鳴るだろうに

52ななしのよっしん2019/01/11(金) 19:15:34 ID:7wyHWQ3amT
>>45
申し訳ないが、仮面ライダー剣を用いた（仮面ライダー剣に限らず全ての他作品だが）ヘイトはやめてくれ

53ななしのよっしん2019/01/11(金) 19:18:12 ID:UYonGYFY3Y
>>50
きぐるみからフレンズ？になったスタービーストの例があるから
あながち無いとは言い切れないんだよなあ…

54ななしのよっしん2019/01/12(土) 18:05:25 ID:voxInNtpXx
セルリアンのフレンズって説も割りとアリじゃないかと思う

55ななしのよっしん2019/01/14(月) 20:17:40 ID:/smYKiZE8R
>>3
某特撮作品の設定にちなんで「アナザーかばんちゃん」とも呼ばれてたな

56ななしのよっしん2019/01/14(月) 22:41:14 ID:7wyHWQ3amT
>>55
それって「本家本元の存在を奪った偽者」って事だよな
やっぱりヘイトじゃないか…これだからけもフレ1期信者は

57ななしのよっしん2019/01/15(火) 00:58:18 ID:LgmafjGLL9
立体起動できそうな声だな。まあ人だろうからアクティブには動かんだろうが。

58ななしのよっしん2019/01/15(火) 03:08:43 ID:uQ9jQqPcZs
>>56
2の1話も1期信者以外には好評だった一方で1期信者はたつきガーと荒らしまわるし本当害悪だわ

59ななしのよっしん2019/01/15(火) 14:59:16 ID:ri4ghkkCbL
そもそもこの子はフレンズなのか？

60前期主人公2019/01/15(火) 15:33:27 ID:0yMLI7eit4
にばんちゃん・・・

61ななしのよっしん2019/01/15(火) 15:38:46 ID:0yMLI7eit4
キルルだったらジャパリパークが崩壊していた

62ななしのよっしん2019/01/15(火) 21:59:59 ID:C+Km/BmkyA
画版ちゃん

63ななしのよっしん2019/01/15(火) 23:25:58 ID:Mjlxd9h0I1
山下清のフレンズは草

64ななしのよっしん2019/01/16(水) 00:10:16 ID:yw0tuRPqu+
キュルル=何らかの事件・変化が起こったあとのかばんちゃんとかいう説すき

65ななしのよっしん2019/01/16(水) 00:20:01 ID:uE6bLVA1vO
>>64
流石にそれは今残ってる純粋なファンも敵に回す愚策じゃね？脚本次第ではあると思うが。

ところでやっぱりこの子だけ正面向いた時の顔に微妙な違和感がある。
特に他のフレンズと並んだ時、サーバルキュルルカラカルで並んだ時とか。
単体だとまだマシなんだが……

66ななしのよっしん2019/01/16(水) 02:34:56 ID:IlunE9hFT1
>>64
実は俺もその線は追ってるが、>>65の通りさすがに明示されることはないと思ってる
せいぜいさばんなコンビとの（タイムカプセルを経た）同一性が少しばかりほのめかされた後、それでも「今を生きていこう」的なノリで過去はあまり深追いされずに終わる、くらいだろうか
（暗い部屋にタイムカプセルみたいなの２つあったよね…？キュルルが出てきたきらきらしてるやつとオオアルマジロが遊んでたやつ（の中身））

67ななしのよっしん2019/01/16(水) 02:42:33 ID:tYkbDyOxa2
青いからセルリアンからの人型かなぁっとおもったけどその線もありえそうで

68ななしのよっしん2019/01/16(水) 02:45:38 ID:hvx/oBTGvy
とりあえず「絵描き」と言う個性を見せてはいるが、現状ただのお荷物だな。
ここから果たしてどうキャラを立てて行くか…

それとも「あくまでもサーバル・カラカルやその他のフレンズを魅せる為のただの舞台装置」として
最後までフレンズと言う騎士に守られるだけのお姫様状態を一貫させるのか…

69ななしのよっしん2019/01/16(水) 11:19:53 ID:sjbZUhBCUq
・コールドスリープとかで眠り続けてた過去の人間
・自分を人間だと思い込んでいるセルリアン
・かばんちゃんと同じヒトのフレンズで先代の記憶を受け継いだ第二世代

ざっとこんな感じだけど
・セルリアンを潰した時のキューブ状に荷物が埋もれていた
・普段は出ないハズの大型セルリアンがキュルルに集まる形で二体も現れる
これからセーバルみたいなフレンズ化したセルリアンっぽいんじゃないかなと予想しとく

70ななしのよっしん2019/01/16(水) 11:47:10 ID:2xFe8vZJv5
まだ帽子の中身すら判明してないから頭が人型なのかが未確定だし
温泉回に相当する物が来るまで肉体が人なのかも未確定
帽子を取ったり服を脱ぐと人じゃない動物の特徴があったり
電子頭脳が丸出しなキカイダーのフレンズで溶鉱炉を風呂代わりにするかもしれない

71ななしのよっしん2019/01/16(水) 11:53:18 ID:UYonGYFY3Y
とりあえず今キュルルができることとして
・絵が描ける（ただし年齢相応レベル）
・文字が読める（ひらがなカタカナが判明してるけど漢字は不明）
かな
ジャパリレールの扉開いたのはキュルルだから出来たのかたまたまキュルルだけスイッチに手が触れたのかは不明

72ななしのよっしん2019/01/16(水) 14:38:54 ID:G/p87F5tNn
無理にかばんちゃんを踏襲して人の智慧を見せる必要はないけど、お荷物状態は脱してほしいなぁ……

以前の話にも出てたけど、色合い的にはラッキービーストのフレンズもありそうかな。
ただオッドアイなのが気になるといえば気になるが、まあまだ一話だからなんともいえないか。

73うん2019/01/16(水) 22:00:12 ID:cDD1URzvh+
かばんちゃんと同じヒトとだと思わせて実はセルリアンでした
それで仲たがいになってお涙頂戴展開になったところにかばんちゃん登場
何だかんだで大団円でフィナーレというありきたりな展開だったら悲しい

74ななしのよっしん2019/01/17(木) 03:47:34 ID:ku7gBpIzJ5
キュルルが名前か
自分の中で付けた名前は赤緑ちゃんです

75ななしのよっしん2019/01/17(木) 09:49:52 ID:V5TfZUxJWJ
オッドアイって普通虹彩の色が違うじゃない？
なんで瞳孔の色が違うんだろうね

76ななしのよっしん2019/01/17(木) 10:56:27 ID:Dn04MYmtjb
見終わるまで本編の評価は出来ないし、この子の存在も未だ謎で良い。

ただ今何より気になるのはこの子の性別だと思う。
まあ１期も曖昧なまま終わっちゃったけれども。

77削除しました削除しました ID:36y5fOjdqI
削除しました

78ななしのよっしん2019/01/18(金) 08:28:43 ID:hvx/oBTGvy
仮にキュルルがヒト型セルリアンだったとしたら
トップをねらえ２のノノみたいな感じになるのかな？
実はセルリアンを統率する女王的な存在で
セルリアンがキュルルに襲い掛かっている様に見えたのは
本当は女王捜索とその救出の為だった～みたいな

79削除しました削除しました ID:7wyHWQ3amT
削除しました

80ななしのよっしん2019/01/19(土) 00:31:37 ID:GscXgPe9bl
１話からあれだけハッキリと「ヒト」って推測されたり「けものじゃない」ってワードが出てくるのは怪しすぎるから、
本当の正体はロボットか人工物か宇宙人か…もしくは自分がヒトである事が揺らぎそうになる展開がありそう。

81ななしのよっしん2019/01/19(土) 03:59:41 ID:p1xSDbA0Pl
チョッキやら荷物的になんとなく飼育員っぽい感じがするんだけどどうかな？

82ななしのよっしん2019/01/19(土) 16:54:00 ID:7wyHWQ3amT
>>77は削除しない癖に>>79だけ削除するのか…
所詮はここの運営もキュルルアンチ且つかばん信者だな

お里が知れるわ

83ななしのよっしん2019/01/19(土) 17:13:33 ID:QWtytXVily
>>82
ニコ百の削除の仕組みがよく分かってないようですが、基本的にニコニコ大百科:掲示板レス削除依頼にレスがなければ、運営さんがみずから積極的に削除する事は有りません。

まあ申請が有っても、削除に応じてくれない事も有ります。

今回の場合は、>>79のレスに対してだけ削除申請がなされていたので、そのレスだけ消されたようですね。

詳細は、ニコニコ大百科:掲示板レス削除依頼の17031のレスを見てください。

84ななしのよっしん2019/01/19(土) 18:07:53 ID:7wyHWQ3amT
>>82
なら何故>>77の削除も申請しない？
その時点で「ああ、こいつはキュルルが悪く言われるのはOKだけどかばんが悪く言われるのは絶対に許さないんだな」と思った
どこまでも1期信者とかばん信者がのさばる…

85ななしのよっしん2019/01/19(土) 18:37:52 ID:7wyHWQ3amT
やっと申請されたか…

86ななしのよっしん2019/01/19(土) 18:44:06 ID:zqkWwPX8VU
申請するのは運営じゃなくてユーザー側だろ
アンカもたぶん間違ってるしカッカしてないで頭冷やしたら？

87ななしのよっしん2019/01/19(土) 18:52:10 ID:2OGJAnDtQ2
なにこれ

88ななしのよっしん2019/01/19(土) 19:49:03 ID:uZ1zcN10A1
すまん、>>79の削除申請をしたのは自分なんだが
>>77は単純に見落としていた
>>79の文言があまりにもひどかったから落ちる前に削除依頼出してきたが、不公平な申請に見えてしまったようで申し訳ない

89ななしのよっしん2019/01/19(土) 23:05:44 ID:7wyHWQ3amT
>>88
公平に考えてる意思がある分有難いです
此方も、あまりに誹謗中傷が過ぎるので売り言葉に買い言葉的に>>79を書き込み、すみません

90ななしのよっしん2019/01/20(日) 16:19:52 ID:FMJoi7l6am
かばんちゃんより男の子っぽいなぁ

91ななしのよっしん2019/01/20(日) 20:10:45 ID:MBuGAOsf50
帰りたいと言った時、真っ先に連想したのがゲノセクトだった

92ななしのよっしん2019/01/21(月) 04:25:16 ID:ZzZe7+sRj5
かばんちゃんが黒セルリアンに飲み込まれた時に分離したフレンズ要素からの誕生説は、序盤でキュルルちゃんの夏休みが終わっちゃうのでＮＧ

93ななしのよっしん2019/01/22(火) 12:41:58 ID:ufvCfhf1gz
>>92
発売まであと３日じゃないか・・・

キュルルの正体はまだなんとも言えないなぁ
自分はラッキービーストのフレンズ説推してみる
ハイライトの赤と緑はビデオでいう録画と再生のイメージカラーであるのと、ボスにもビデオ機能はあったしね
スケッチブックやカメラ型のセルリアンで"記録"に関する要素が劇中に散りばめられているし

94ななしのよっしん2019/01/22(火) 13:21:36 ID:a6XVWQ2jPV
レッサーパンダ慰めてるときのコメントが「は？」とか「何かむかつく」とかなのが意味不
かばんちゃんが同じこと言ってたら絶対聖人扱いされてんだろうな...

95ななしのよっしん2019/01/22(火) 17:46:01 ID:lL6ERXBXY1
実はカバンちゃんとサーバルちゃんの子供で異種配合のためサンドスターが上手く定着せずにこのままでは消えてしまうこところを
保護装置のカプセルに入れで、長い年月をかけて定着するようにしたそして数十年の月日が流れたなんてことは無いな

96ななしのよっしん2019/01/23(水) 08:33:19 ID:dp2xzOMARH
この子の名前『ボウシちゃん』でもよかったと思う
裸の大将みたいに絵を残す設定はいいと思うけど

97ななしのよっしん2019/01/23(水) 10:25:13 ID:/2TBpucvub
>>94
2話自体の出来はともかくとして、あのシーンはキュルルちゃんもかばんちゃん同様に思いやりと素直な感謝ができる良い子ってわかるし、自分もあそこは嫌いじゃない。

98ななしのよっしん2019/01/23(水) 13:29:42 ID:tGLolUXfMl
スケッチブックのページ残ってたんだな
1話で使い切ったのかと思った

99削除しました削除しました ID:7XFyyRxDEe
削除しました

100ななしのよっしん2019/01/23(水) 21:38:17 ID:voxInNtpXx
セルリアンのフレンズ説、まだ推しとるで
過去の記憶が残ってた描写あったけど、ああれはどうとでも取れるし

101ななしのよっしん2019/01/24(木) 00:49:30 ID:/TYeFmRPh1
「帰りたい」・「暖かいおうちに」って本人は割と切実に言ってるんだけど、ワシは「帰りたーい 帰りたーい 暖かいハイムが待っている」が連想されて阿部寛のフレンズになってしまった…。
や、いい子だとは思うのよ？

102削除しました削除しました ID:f3RQWKLGGQ
削除しました

103削除しました削除しました ID:7XFyyRxDEe
削除しました

104削除しました削除しました ID:FObSrJLW+O
削除しました

105ななしのよっしん2019/01/24(木) 21:33:33 ID:P0Yi9w7GPh
隠してないぞ。
知ろうとしてないか、信じてないだけだぞ。

それは置いといて、キュルルってサーバルが名付けたけど、お腹がすいてなかったらどんな名前になってたのかは気になる。

106ななしのよっしん2019/01/25(金) 04:06:39 ID:G3mksi0YJO
1期 ←→ 2期
かばん ←→ キュルル
過去がない ←→ 過去がある
ヒトのフレンズ ←→ ？？？？
ミライさんを継承 ←→ ？？？？

こう対比が成立するといい感じだなと思う
これだとタイトルの「２」も納得

107ななしのよっしん2019/01/25(金) 04:11:12 ID:fqaUlmb5aJ
対比クソガバすぎない？

108ななしのよっしん2019/01/25(金) 04:39:07 ID:57X+KvmPYk
実質3行目だけのガバっぷりで草生える

109削除しました削除しました ID:f0/hDvskQH
削除しました

110ななしのよっしん2019/01/25(金) 06:13:40 ID:7XFyyRxDEe
図星だったのか
それはすまなかった

111ななしのよっしん2019/01/25(金) 10:03:18 ID:ZdX98MX67m
えぇ・・・

112ななしのよっしん2019/01/25(金) 12:29:36 ID:a13XW63bhM
キュルキュルつぁん

113ななしのよっしん2019/01/25(金) 17:40:57 ID:9R1JZ0tsxm
7XFyyRxDEeみたいなのは売れた作品に大概沸いてくる作品の価値を貶めたいファンを装ったアンチだと思ってる。対立煽りが目的の、この手の輩はいろんな作品について、どんな場所にでもよくいる。

114ななしのよっしん2019/01/25(金) 20:17:52 ID:GFrFrZmFKE
この子実はヒトから輝き奪った人型セルリアンじゃない？
かばんちゃんのときは投擲や分業といった人の叡知を見せつつも謙虚さや感謝の心を持ってたけど、この子はそういった知恵らしい物も見せないし「家がどんなものか」なんて何の役に立たない知識をひけらかすだけで人間である意味を全く見せてないし
あくまでヒトから奪った輝きを見せつけてるだけでそれを実践・応用する能力を持たないとか？
サーバル達の前で腹を鳴らしたのは目の前の美味そうなフレンズを前にして本能が刺激されただけだったんだよ

115ななしのよっしん2019/01/25(金) 20:32:54 ID:QWtytXVily
>>113
そう思うのなら、ニコニコ大百科:掲示板レス削除依頼に報告しておけば良いと思います。
場合によってはマルチポストで荒らしてる事も有りますから、報告しておくと色々と対応が進む場合が有りますよ。

116ななしのよっしん2019/01/25(金) 20:36:13 ID:ZpcTDNc2/e
かばん（背中）とキュルル（お腹）
そういうことかぁ

117ななしのよっしん2019/01/25(金) 20:43:28 ID:9PaH/yvaiw
>>116
合体するん？

118削除しました削除しました ID:hSbz9F0LWj
削除しました

119ななしのよっしん2019/01/26(土) 00:59:54 ID:/2TBpucvub
>>117
前後合体でスーパーファイヤーダグオンしか思い浮かばんかったわ

120ななしのよっしん2019/01/26(土) 08:41:59 ID:hvx/oBTGvy
キャスト表とかで未だに「子供」と表記されてるのは
何か意味があるんだろうか？　キュルルはあくまでも
サーバルが勝手に名付けた物で、本名は別にあるから
あえて子供のままにしてあるんだろうか？

121削除しました削除しました ID:7qxgm9cQU0
削除しました

122削除しました削除しました ID:7wyHWQ3amT
削除しました

123ななしのよっしん2019/01/27(日) 14:42:39 ID:T4ISAgTYoJ
こんなネーミングセンスのやつがいる業界がまともなわけなかった

124ななしのよっしん2019/01/27(日) 14:46:58 ID:RizMufyPcn
子供は名前がどうしても思い出せないらしい
困ってる様子を見てサーバルはおどけた調子で名前を付けてあげた
ってーシーンなんだろうけどその機微が伝わる演出じゃなかったな

125ななしのよっしん2019/01/27(日) 16:18:12 ID:FMJoi7l6am
クレジットの子供表記の真意は分からないけど性別をぼかす意味も含まれてそう

126ななしのよっしん2019/01/28(月) 11:40:07 ID:hvx/oBTGvy
>>124
漫画版では納得出来る様な改変がされてると言う話だけど
少なくともアニメではキュルルの空腹により腹のなる音を
キュルルと名乗った様に認識した様にしか見えなかったよね。

127ななしのよっしん2019/01/29(火) 22:09:48 ID:9tI2/kmCah
キュルル
①人間説
一人用のポッドに乗っていた
既に地上に人類はおらず宇宙から投下されたため、はじまりの施設には天井に穴が空いていた
大量のキューブはセルリアン避け(匂いでカモフラージュ？)
かばんちゃんは前任者であり第２波の観測者として送り込まれた
②アンドロイド説
ポッドで投下されたのは人間説と同じ
大量のキューブは休眠状態時のバッテリーのようなもの
頭にカプセルを被った程度で深海にダイブし無事に帰還する
モニュメントを見るだけで過去の事象を呼び起こすようプログラミングされている
かばんちゃんは前任者(ryでありキュルルはかばんちゃんの記録を元に活動している

128ななしのよっしん2019/01/29(火) 22:13:45 ID:9tI2/kmCah
キュルル
③セルリアン説
あの球体はセルリアンの卵或いは死体
大量のキューブはヒトガタに形作られた後の削りかす、オッドアイ、セルリアンはキュルルそのものは攻撃対象として見ていない？
カプセルを被った程度で深海にダイブ可能、無事帰還
セルリアンは大地そのものなので事象に纏わる過去の出来事を思い出すことができる
かばんちゃんがフレンズに大きな影響を与えたのでセルリアンも人の形をとった
何らかの原因で亡くなったかばんちゃんがセルリアン化（原因？）しあの場所で力尽き死体から再び人の形で甦った
④淫夢民説
寝床がでかい、たびたび自分の描いたスケッチを「ホラ、見ろよ見ろよ」と言う「んにゃぴこれもうよく分かんねえな」（記憶喪失だから当然）、度々相手を褒めてあげる「やりますねぇ！」「いいゾ＾～これ」、出会って間もない相手を呼び捨てする「サーバル」「カラカル」、風呂に入ってないから（多分）臭い

129ななしのよっしん2019/01/29(火) 23:08:50 ID:RDmu05tH1c
というか
アプリ版：ミライさん、カコさん
無印：かばんちゃん

ここから急に吉崎おにいさんというかケロロ的ネーミングになったから
「お、おお・・・うん？」ってなるというか

130ななしのよっしん2019/01/29(火) 23:11:47 ID:zTd3RlnRPJ
current(現在の意)

131ななしのよっしん2019/01/30(水) 04:16:31 ID:CujI0hOwyx
キュルルさんのボクは人だ、お前たちけものと一緒にするなという確固たる意思嫌いじゃないけど好きじゃないよ

132削除しました削除しました ID:9pg/KfnMpW
削除しました

133ななしのよっしん2019/01/30(水) 22:24:58 ID:sjbZUhBCUq
今のこのアニメの最大の問題点は三話にもなって
いまだにキュルルに明確なキャラが立ってないっていうか
これといった魅力がない所にあると思う

道具を見て何かを思いつくっていうのもかばんちゃんの焼き直し感しか無いし絵を描く事もそれがキーになってる感じがしないし

134ななしのよっしん2019/01/31(木) 04:43:22 ID:aLYbY7l5Cf
英語版けもフレのセルリアン　Cerulean
an取ると、Cerule
キュルルって読めそう…読めなくない？

135ななしのよっしん2019/01/31(木) 20:04:23 ID:jYnw+b7Tpo
吉崎的なネーミングなら旧アプリの頃からフルルがいるが・・・・
主人公じゃないからノーカンとかそういう話？

136ななしのよっしん2019/01/31(木) 21:38:31 ID:hvx/oBTGvy
>>133
ＫＦＰが魅せたいのはあくまでもアニマルガール（あえてフレンズとは表現しない）だから
キュルルに魅力無い云々は意図的な物説

なお、そのアニマルガールの扱いも………

137ななしのよっしん2019/01/31(木) 21:46:25 ID:nk+PvZu3MQ
2期の監督や製作が考えて名前なんか付けてる訳ないだろ
強いて言うなら
ケロロ→クレレ→キルル→キュルルだ
正直、闇が深すぎて子供が知っちゃうとまずいから
んなことある訳ねーだろｗｗｗって直ぐに忘れろ

138ななしのよっしん2019/01/31(木) 22:28:50 ID:jYnw+b7Tpo
ってか名前を言うならミライさん、カコ博士ときてかばんちゃんになった時点で「お、おお・・・うん？」ってなると思うんだが
ここを素通りしてキュルルになった時のみ「お、おお・・・うん？」ってなる奴いるか？

139ななしのよっしん2019/01/31(木) 22:42:26 ID:UB4k5zeTdm
確かに名前としてかばんちゃんってめっちゃ浮いてるよな

140ななしのよっしん2019/02/01(金) 09:12:10 ID:q8vWbHMwNz
ヒトのフレンズならかばんちゃんと同一の外見になるはずだよな
人間なら排泄の問題とか出てくるから、その辺で正体がわかるかも

141ななしのよっしん2019/02/01(金) 09:41:58 ID:sMKE5O/c07
外見はイエイヌとかサラブレッドとか毛並みとかで別キャラになってたりEXとか居るんでなんとも

142ななしのよっしん2019/02/01(金) 19:55:35 ID:jYnw+b7Tpo
なんか1期の時にも排泄がどうの言ってる人いたけどそんなに重要な部分でもないと思うんだよね

143ななしのよっしん2019/02/02(土) 16:29:16 ID:KxPx5IB7d5
アンチの動画によりだんだんおかしなキャラになっている
ヘラジカVSキュルルとか

144ななしのよっしん2019/02/02(土) 16:40:40 ID:RizMufyPcn
おかしな設定になっていないフレンズの方が少ないのでは？

145ななしのよっしん2019/02/04(月) 19:50:36 ID:a13XW63bhM
キュルルよりも鬼小島弥太郎のほうがよかった

146ななしのよっしん2019/02/04(月) 20:01:42 ID:G/p87F5tNn
キュルルは悪意も自覚もないけど万物の霊長としての態度と行動を取ってるように見える。

147ななしのよっしん2019/02/04(月) 21:18:32 ID:3VpzvlXw06
「カラカルとキュルル」って書くと伝説巨人イデオンのキャラっぽいなと思った（小並）

148ななしのよっしん2019/02/05(火) 09:18:53 ID:hvx/oBTGvy
ハサミとかロープとか何処から出したｗ

149ななしのよっしん2019/02/05(火) 21:58:57 ID:k9Oj1rlwi0
キュルルの正体は檀黎斗の幼少期

150ななしのよっしん2019/02/09(土) 14:38:06 ID:/2TBpucvub
前作のかばんちゃんは中盤辺りまでは「ボクはなんのけものなんだろう？」で他のフレンズと大差無いと自分では思ってた。(発想力や応用力は完全に獣のそれを超えてたが)
けど、キュルルちゃんは初めから「ボクはたぶんヒトなんだな」って自覚してるし、持ってる知識もフレンズ達より人間寄りだし、人間と獣は違うと考えててもおかしかないな。

アルマー達の誘いを蹴ったのはアレだが、いきなり現れた見知らぬ相手に詳細は明かされず「突然ですが仕事なので私達と一緒に来てもらう」とか言われてホイホイ付いていくのもそれはそれで「ウーン…」となるわな…。

151ななしのよっしん2019/02/10(日) 08:21:56 ID:Xz9WmKesyd
ウーパールーパーに似てる

152ななしのよっしん2019/02/10(日) 20:29:20 ID:jYnw+b7Tpo
というか通常「獣」の定義に人は含まれないんだけどな
引っ掛かってる人ちらほらいるっぽいけど

153ななしのよっしん2019/02/11(月) 02:15:33 ID:jLivzrqAhf
けものフレンズってタイトルで
僕はけものじゃないよっていうのはまああえてだろうね
というか物語を認識させる上でキュルルが獣じゃないって意識が必要なんだろう

前作だとけものの部分ではなくフレンズの部分にいったわけで
最終的な結論して人もフレンズになったわけで

154ななしのよっしん2019/02/11(月) 02:18:37 ID:f0/hDvskQH
作者がそこまで考えてのセリフならいいんだけどね

155ななしのよっしん2019/02/11(月) 07:55:25 ID:jYnw+b7Tpo
今まで冷奴とか言われてきた事を今更突っ込むのか・・・

156ななしのよっしん2019/02/11(月) 08:54:38 ID:hvx/oBTGvy
ジュウオウイーグル「人間だって動物だ！」

157ななしのよっしん2019/02/12(火) 06:53:10 ID:q8vWbHMwNz
青いジャケット見てるとケンシロウとか
ギンガマンのゴウキ思い出すね

158ななしのよっしん2019/02/12(火) 12:19:53 ID:GscXgPe9bl
ヒトが異質な存在ってのはアプリのセルリアン達を操る女王がヒトの輝きで生まれた事や、１期のラッキービーストと喋れる事や火を怖がる博士助手サーバル、セルリアンに飲み込まれても復活する事なんかで示唆されてたけど、
基本的にミライさんも園長さんもかばんちゃんもキュルルちゃんも「変わった仲間だな～」って感じで受け入れられてたよね。
　
「操る」っていう怖いワードも出てきて、いよいよその事に突っ込むのかって展開になりそうだけど、しっかりとした倫理観で話をまとめないと陰惨だったり子供騙しな結末に行きそうでハラハラする。

159ななしのよっしん2019/02/12(火) 15:11:41 ID:aQQ2Q0+zsG
今回キュルル危なかったな
あの手枷、キュルルを追ってきたのか？結構今回闇があったな
操るとかキュルルが目覚めたのは研究所で手枷も研究所で咆哮上げてたし、なにかの研究の失敗作見たいな感じがする
キュルルが睨まれて唸られてたけど、キュルルがあそこでは一番弱いからなのかそれとも手枷個人がキュルルや人間自体に恨みがあったのか
操る・手を汚さずに戦わせると聞いて軍事利用を思い浮かべたのは自分だけでないはず
Ｂ２爆撃機が１期ででてたしフレンズの軍事利用はないといったらうそになるだろうし＝対セルリアン戦闘など

160ななしのよっしん2019/02/12(火) 18:55:31 ID:sjbZUhBCUq
今回の話でキュルルが実は自分をヒトだと思っているだけで
セルリアンとかの別の存在だって話が現実味を帯びてきた気がする

｢自分がヒトだっていう証拠でもあるのか？｣という質問に
本物のヒトであるかばんちゃんの登場

間違いなく荒れてはいるけど面白そうな展開にはなりつつある
問題はその面白い展開にちゃんとスタッフが持って行ってくれるかなんだけど

161ななしのよっしん2019/02/13(水) 18:27:53 ID:jYnw+b7Tpo
>>158
けものの「ヒト」化って時点で大分ヒトと言う存在は特別感あるな

162ななしのよっしん2019/02/13(水) 18:30:39 ID:mRl2pwhLof
かばんちゃんは人のフレンズでしょ
キュルルは本物の人間かもしれない

16335432019/02/14(木) 01:29:48 ID:6HZZzLVyK1
キュルルは自分が獣（フレンズ）じゃないって認識、家に帰りたい（ジャパリパークは馴染めるとこじゃない）ってとこは、かばんちゃんと違って、本物の人間であるが故ってのはある。ようするに動物園に一人はぐれて迷い込んだ子供と変わらない。

ただ今回の｢自分がヒトだっていう証拠でもあるのか？｣ってのと、過去の記憶や自身はヒトであるって認識を半端にもってる事考えると、オリジナルのキュルルの輝きを奪って模倣したセルリアンだからで説明ついちゃうのがな…。

164ななしのよっしん2019/02/14(木) 06:59:21 ID:jYnw+b7Tpo
家に帰りたいはそのままの意味で別にパークになんて馴染めないとか否定的な意味合いは含まれてないと思うんだが
「けものではなくヒト」発言に対しても見受けられるけど逐一否定的な印象持たせる必要ってあるの？

165ななしのよっしん2019/02/14(木) 07:05:01 ID:fqaUlmb5aJ
>>163
何処ぞの逆なろう主人公・誕生罪で死刑みたいな奴っすね！

166ななしのよっしん2019/02/14(木) 10:25:37 ID:t6APPDIIBG
主人公・誕生罪で死刑…

けものアマゾンズ シーズン2　Episode11
フレンズ。それは取り返しのつかない現実。かばん・４Bに加えてサーバルにまで命を狙われるキュルル。己の運命に抗いながら、キュルルはサーバルと闘うことを決意する。
キュルルがアムールトラを悲惨な状況に追いやった元凶である手枷のオリジナルであると知ったカラカルだったが

かばん「キュルル…君は…カコさんそっくりだね…」
直後にやってきたかばんとの戦闘でボロボロにさせられる彼を見て自分の境遇と重ねカフェの中にあったショットガンでかばんにゼロ距離ヘッドショットをお見舞いし、体を張ってキュルルを逃がした。

カラカル「キュルルルルォ！逃げルルォ！！」
かばん「はははは…」
カラカル「あんた、キュルルのお姉ちゃんなんでしょ！？姉が妹を殺すの！？」
かばん「…はははは……！(素早くカラカルの首を絞める)ヒトはね…殺すんだよ…」
カラカル「この…クソ姉…(気絶)」
かばん「…知ってるよ」
♪Wow-wow-wow… この世に生まれたことが消えない罪と言うなら 生きることが そう背負いし罰だろう  Oh!No-No!Woo 呪縛と救いのラビリンス 精神(こころ)がもう息苦しい さっきまで生命だったものが あたり一面に転がる♪

まで妄想した

167ななしのよっしん2019/02/14(木) 21:24:53 ID:KQo8TTQO0v
前作の主人公モロ出ししちゃったし、いよいよ新主人公用意した意味無くなってきた

168ななしのよっしん2019/02/14(木) 22:32:34 ID:OrkY6b2qZv
キュルルが思いつく解決方法が「遊び」なのって
セルリアンの女王を倒した力、「遊ぶことによるたのしいという気持ち」を模倣してるんじゃないかな

アプリ版や１期で見たような展開が多いのは、セルリアンがかつてサーバルの特別を奪ってセルハーモニーをおこそうとしたように、
自分たちが倒されたり挫かれた園長やかばんちゃんの行動を模すことで力を得ようと無意識になぞっているのでは

２の舞台はアプリ版最後のセントラルパークみたいだし

やはりキュルルはセルリアンの女王の生まれ変わり・・・？

まあこの説の問題はスケッチブックの説明がしにくいのと、
これから６，７話で話が畳めそうにないというところか・・・

169ななしのよっしん2019/02/15(金) 08:13:10 ID:hvx/oBTGvy
キュルルがセルリアンを統率する立場の存在だとするなら、まんまトップをねらえ２のノノみたいになるな。
第一話で襲い掛かって来たセルリアンも実はセルリアンの統率者＝キュルルを捜索及びフレンズの手から
奪還し保護する為に現れた物だった～なんて事になりそう。

17035432019/02/15(金) 10:14:37 ID:6HZZzLVyK1
>>164
別にキュルルはフレンズやパークを否定して見下してる！みたいな物言いだとはいってないよ。

だがジャパリパークは「よく知らない未知の場所」で、いきなりそこに放り出された訳で、帰るべき家を持ってるのが当たり前の人間、迷子の子から見たら、泣くほど不安なとこでしかないだろう。サーバルとカラカルのおかげでなんとかなってるが。

「けものではなくヒト」も、自身が眠る前にっ持ってたであろう人間の常識から「獣と人は違うでしょ」と悪意なく言ってるだけで。

171ななしのよっしん2019/02/15(金) 17:28:51 ID:MFDsk32uMK
たった2ヶ月で、…！
こんなにあだ名がついたよやったね！キュノレノレちゃん！
・劣化版・廉価版ちゃん・正常化版ちゃん・かばんもちちゃん・バケツ被りちゃん
・画板ちゃん・家なき子ちゃん・ホームレスちゃん・ブ太郎ちゃん・キルユーちゃん
・ハイキングおばさん・ハイキング野郎・ハイキングデブ
・スケブちゃん・スケブ太郎・スケｂ太郎・スケベ太郎・スケブ野郎
・スケブ小僧・脱糞太郎・ブリュ太郎・キュル太郎・コミュ障お絵かき太郎・
・青太郎・青色2号・青ケロロ・青バケツ・魚人・逆天丼マン・腹虫・半魚人キュルル・どんぶりかぶり
・キュルル軍曹・キュルル二等兵・キュルリアン・キュルベエ
・ブリュリュ・ﾄﾞﾋﾟｭﾋﾟｭ・ビュルルちゃん・ブボボちゃん・写生ちゃん・ピュルル・ニュルル
・ニュルル・ギュルル・グルル・キュル公・ギュルルゲリ男・バスガイジ・フユキ(仮)

172ななしのよっしん2019/02/15(金) 23:21:46 ID:kXuvZah2nU
最終回でクレジットが3番目になったりしねぇだろうな

173ななしのよっしん2019/02/16(土) 12:46:07 ID:nk+PvZu3MQ
ケロｒ…クレｒ…キルｒ…！キュルルちゃんすっご～い！
たつｋ…かばんちゃんよりすっご～い！
やっぱりキュルルちゃんは吉ｚ…凄いお絵描きのヒトなんだね！
私たち動ｂ…フレンズは、角ｋ…ヒトに支配されるの大好き！


「きおくのかなた」より抜粋

174ななしのよっしん2019/02/16(土) 16:29:19 ID:jYnw+b7Tpo
キモ
ホント1期信者ってガイジだな

175ななしのよっしん2019/02/16(土) 18:50:02 ID:Rpp0ivHXAW
>>174
たつき信者も真フレのお前も等しくガイジだ
仲良くやってろ

176ななしのよっしん2019/02/16(土) 18:50:56 ID:ppnkcYng7q
ふしぶしから地味に性格悪い感じをかもしだしているのは吉崎キャラっぽさではある
ケロン人とかガチれば地球侵略に一日かからないはずの超スペック
仲間同士でいやみったらしくマウントとりあって互いをsageあってる構図でむしろうまいあんばいにバランスがとれていた
だが大したことないキュルルやアニマルガールがその吉崎キャラっぽくふるまったときただの周囲をいらつかせるひっかかる人物性みたいになる

177ななしのよっしん2019/02/17(日) 00:06:12 ID:OSD7CbP33w
5話まで来て未だにキャラクターが掴めない

178ななしのよっしん2019/02/17(日) 15:36:13 ID:P0Yi9w7GPh
>>176
あなたが二期をまともに見てない事はわかりました。
もし、まともに見てたらキュルルのどこに性格が悪い要素があるか具体的に書けますよね？

179ななしのよっしん2019/02/17(日) 20:17:11 ID:sjbZUhBCUq
よく知らん場所でたった一人で不安、家に帰りたいならそれでいいけど
そういう描写が始めの一回だけでそれ以降ないのが問題。
優しい親や楽しかった生活を思い出して｢早く家に帰りたい｣ってキュルルが時々言っているなら｢あぁ、なんやかんやでこの子不安なんやな、早く家に帰してあげないと｣って気持ちになるけどそれが無いから
キュルルが無機質でキャラが立たず、感情移入が出来てないのよ。

現状パークをうろつくためのただの舞台装置にしかなってない

180ななしのよっしん2019/02/17(日) 21:35:26 ID:chLFtkO0KZ
個人的には状況への慣れとサーバル＆カラカルが一緒にいるおかげだと思ってるから
｢不安がらない｣と｢キュルルが無機質｣を＝みたいに言うのはちょっと･･･。

181ななしのよっくん2019/02/18(月) 00:14:58 ID:GNShjkK37/
性格は別に悪くないが、キャラの特徴はあんまりないな。これが周りのサーバル＆カラカルの行動を家族の誰かに例えでもすればまだ要素としては成り立つのだが・・・現状舞台装置以上のものではない。
あと、しきりに自分をフレンズでなくヒトって言うのはなんか伏線なのかね？

182ななしのよっしん2019/02/18(月) 00:19:06 ID:nk+PvZu3MQ
ぼくはケモノじゃないよ＾＾
なんかはやべーフレンズ感凄かったぞ
キュルルと言うか脚本から
何かへの、物凄くマウント取りたい感が言葉の端々から滲み出てる

183ななしのよっしん2019/02/18(月) 00:22:28 ID:qM7wPRxiA5
本当に舞台装置っていうかパーク内の遊具のフレンズだったりしてな
ヒトにしては機能も思考もやたら限定されてる気がするし

184ななしのよっしん2019/02/18(月) 02:53:19 ID:KQo8TTQO0v
>>181
キュルルの特徴や印象が薄い・舞台装置のように感じるのは、ストーリーの中で
キュルルがフレンズ達と一緒に何かを成し遂げて無いからだと思う

セルリアン戦ではかばんちゃんみたいにフレンズ達と一緒に戦ったり
逃げる手段を導き出して助けになったりもしてないし、
いわゆる「叡智」タイムも遊びを"一方的に"提供してるだけで
フレンズ達と協力して何かを解決していない

185ななしのよっくん2019/02/18(月) 19:06:51 ID:GNShjkK37/
個人的には記憶喪失設定をもっと生かして欲しいと思っている。
例えばフレンズに何か助けられた時に「～も同じようにしてくれて」みたいな感じで家族の事をちょっと思い出すとか。
フレンズの良い所や優しい所を見せつつ、記憶を探す旅が進展した感を出せて感動させられる上にキャラも掘り下げられるいい手だと私は思っている。

186ななしのよっしん2019/02/19(火) 04:25:14 ID:i0a7zyYdnE
博士と助手に連れ去られるシーンで
「どっか行け」「帰ってくんな」とかの罵倒コメで溢れそう

187ななしのよっしん2019/02/19(火) 07:49:06 ID:pn/7p9AWqV
マジでスケブ太郎だな

188ななしのよっしん2019/02/19(火) 07:53:15 ID:EElNNvp3SC
>>186
「落とせ」も結構ありましたね・・・

189ななしのよっしん2019/02/19(火) 08:03:23 ID:GFrFrZmFKE
>>187
人間化した動物と人間という関係は異世界のナーロッパ人と現代人の暗示だった…？
キュルルちゃんが太郎なのか花子なのか知らないけどけもフレでなろう系展開なんて見たくなかったわ

190ななしのよっしん2019/02/19(火) 14:49:32 ID:BDotamxVuB
全国の太郎さんへの風評被害はNG

191ななしのよっしん2019/02/19(火) 16:28:40 ID:XrHHjNAO6q
俺の中じゃキュルルの正体は
タイムトラベラーとボスのフレンズ化の半々だな
まだ、どっちとも断定できんが

192ななしのよっしん2019/02/20(水) 19:46:34 ID:zh5g6Ae7X6
かなーり好意的に海底火山のことを解釈すると前提知識が乏しいからこそ気付いたってやつだと思う

193ななしのよっしん2019/02/20(水) 20:20:02 ID:RizMufyPcn
誰か書いてるかも知れんが
たとえば3話の潜水具みたいに初めて見るはずの施設や装備を何の疑問も持たずに普通に使いこなす事に対する違和感とかが伏線になってるといいな
あとかばんちゃんと違って明確にけものではないと自覚しているところ
「ヒトのフレンズだから」では説明できない行動原理は、実はヒトあるいはヒトのフレンズと思い込んでいる何かだからで、正体は施設全体をコントロールしたり支配したりする存在だったりそういうのを取りこんだセルリアンだったり

ふつうにヒトのフレンズだったなら難しいけどもっと絵を描くことが得意であることに焦点を当てて欲しい

194ななしのよっしん2019/02/20(水) 22:22:20 ID:M4q5jhs3ww
フレンズへの態度がだいたい「あなたとは違うんです」

195ななしのよっしん2019/02/20(水) 22:25:24 ID:BNw4mJN9Qy
どっかのファンを比喩してるな

196ななしのよっしん2019/02/21(木) 02:15:50 ID:0ql7TN3sx8
PVから正面顔がきついと言われてて自分としてはギリ許容範囲程度だったが
ビーストちゃんが降ってきたときの顔ドアップで限界を超えた

197ななしのよっしん2019/02/21(木) 03:48:36 ID:xYKVmhbtW/
かばんさんの正面がすごい美人だっただけに、キュルルのデザインは色んな意味で奇跡の産物やったんやなって思ったな…。
始めの頃こそ、割とはっきりけものじゃないと言ってたけど、最近ちょいちょい揺らぎ始めてない？
確実に言い切らないのは記憶のせいだと思ってたけど、やっぱ伏線なんかね。
しかし、けものフレンズに出てくるヒトの記憶喪失率よ…ナナちゃん、ミライさん以外みんな記憶が曖昧だったり無かったり。

198ななしのよっしん2019/02/21(木) 03:51:04 ID:qZBo132s6e
奇跡は起こせるんやね

199ななしのよっしん2019/02/21(木) 13:43:27 ID:hvx/oBTGvy
>>197
各作品同士の関係が繋がっている様で実は繋がっていないパラレルとかなら
その辺が曖昧になるのも納得なんだけどね。２には確かにかばんが出て来たけど、
１期に似た様な出来事が２の世界の過去に起きただけで、厳密には１期のその後
と言うわけでは無いなんて事も…

200ななしのよっしん2019/02/22(金) 08:42:47 ID:k/3OsTuAyj
>>199
細かいながら決定的な設定の矛盾からFateSNとFateZeroは厳密には直接つながってないパラレルワールド同士っていう公式設定みたいなもんか
まぁ結局「似たような展開だった」でほぼつながりができてしまってるわけだが

201ななしのよっしん2019/02/22(金) 20:49:27 ID:mzg0XFY3dp
>>196
自分はビーストが襲撃してきたときのキュルルの表情が好きよ。

202ななしのよっしん2019/02/22(金) 20:52:07 ID:KF7yDPERl/
俺は唐澤貴洋に見えたけど

203ななしのよっしん2019/02/22(金) 22:08:33 ID:gchjGsEE4I
なろう原作で黙れって言いながら机叩く人主人公に似てる

204ななしのよっしん2019/02/23(土) 00:15:13 ID:2OGJAnDtQ2
誰もお前を愛さない

205ななしのよっしん2019/02/23(土) 05:22:35 ID:MFDsk32uMK
https://i.imgur.com/6ayGN2v.jpg
https://i.imgur.com/fvT1fns.jpg
https://i.imgur.com/JG90ASG.jpg

206ななしのよっしん2019/02/23(土) 12:08:42 ID:MFDsk32uMK
https://i.imgur.com/kRzpFY1.jpg

207ななしのよっしん2019/02/23(土) 12:10:36 ID:MFDsk32uMK
>>202
https://i.imgur.com/UYsi1sq.jpg

208ななしのよっしん2019/02/23(土) 16:19:12 ID:4NsaGZc9ld
劣化版ちゃんから悪化版ちゃんになりそう

209ななしのよっしん2019/02/23(土) 16:29:01 ID:xZgcQdDb8A
キュルルを攻撃するのは結構だが中の人を叩くのはやめとけよ？

210ななしのよっしん2019/02/23(土) 18:08:42 ID:Tn806PdgZ4
キュルルがチーターにビチグソひり出して攻撃してるキービジュすき
そのまま脱肛して♡

211ななしのよっしん2019/02/23(土) 18:36:51 ID:jYnw+b7Tpo
>>209
そんな分別の付く連中なら声優を裏切り者扱いなんぞしないわけで

212ななしのよっしん2019/02/23(土) 18:44:14 ID:aYiGojpi7r
ポケモンのフィオネ感あるよな

213ななしのよっしん2019/02/24(日) 10:05:26 ID:knLdhmOxDM
キュルル「フレンズ人間じゃなきゃ価値無し！お前ら畜生話す価値無し！フレンズフレンズ"敗北者"！ゴミ山大将"敗北者"！」

214ななしのよっしん2019/02/24(日) 12:04:36 ID:qJAWdnlzhD
顔アップになる演出は何回も挟んでるしイチオシポイントのはずなんだろう

215ななしのよっしん2019/02/24(日) 20:59:37 ID:gchjGsEE4I
当職は人間だ畜生どもとは違う
何がフレンズだ人間様の英知を舐めるなよ

216ななしのよっしん2019/02/24(日) 21:06:43 ID:zoqmJMzOF0
どことなくイデオンみを感じるネーミングセンス
やっぱ2期の監督は富野がやるべきだったな

217ななしのよっしん2019/02/25(月) 01:58:39 ID:mRl2pwhLof
けものフレンズ Gのレコンギスタ

218ななしのよっしん2019/02/25(月) 12:23:35 ID:KF7yDPERl/
図書館への道のりはバス使わないと大変だから
バスを直すために橋を作る
そのためにフレンズ達が協力する
結果的に付近のフレンズ達も得をしてお互いが助かる
…みたいなのの積み重なりでかばんちゃんは
「僕はお客さんじゃないよ、ここまで皆にすごくすごく助けてもらったんです。パークに何か起きているなら、皆のためにできることをしたい」
って気持ちになるんだ
キュルルがこれと同じセリフ言ったらどう思う？
唐突すぎるとしか思えんだろ
だってフレンズに散々振り回されてはいるが
お互いに助け合ったりしたことなどないもの

219ななしのよっしん2019/02/25(月) 12:27:22 ID:KIOaMyst3R
やっぱCGモデルでおかっぱチックな髪型に帽子かぶせるのはアカンわ
若ハゲにしか見えん

220ななしのよっしん2019/02/25(月) 12:40:46 ID:pNJD1pgjry
まあキュルルは意図的に「お客様」として描写されてると思うよ
今作は間違いなく人を特別な存在として扱っているから

221ななしのよっしん2019/02/25(月) 14:58:17 ID:9jATq75GxZ
スケブ太郎でここ飛ぶようにしてくれ

222ななしのよっしん2019/02/25(月) 15:32:06 ID:JCDvJSI8CG
こいつがヒトじゃなく、破壊者を名乗ってればよかったのに
毎話おのれキュルル○○ちほーも破壊されてしまった！して、けものフレンズ２には物語はありませんと言ってたらどれだけ原作レ〇プしても許されたのに

223ななしのよっしん2019/02/26(火) 06:18:02 ID:KF7yDPERl/
7話でも本当に嫌な奴だわキュルル。
こいつ本当に具現化された総監督なのでは

224ななしのよっしん2019/02/26(火) 13:03:41 ID:0ql7TN3sx8
畜生とは一緒に遊ばないスタイルを貫くキュルルさん漢だわあ
人間様には高みの見物がふさわしいというけもフレ2製作陣の意思を感じる

225ななしのよっしん2019/02/26(火) 16:57:52 ID:EzLLPqjW3Q
数々の異名を持つトランスジェンダー。
スケブ太郎の性がはっきりしないんだよな。

226ななしのよっしん2019/02/26(火) 16:58:37 ID:uE6bLVA1vO
もう腹音で良いんじゃね？

227ななしのよっしん2019/02/26(火) 19:55:32 ID:immcNLOVYy
毎回「お家」って単語が通じなくて説明してるの何なの？

228ななしのよっしん2019/02/26(火) 19:58:34 ID:2OGJAnDtQ2
尺稼ぎだろ

229ななしのよっしん2019/02/26(火) 20:08:21 ID:0ql7TN3sx8
お前たちの言葉でいえば縄張りだがヒトである俺は「お家」という高貴なる呼び方を知っているってアピールよ
終始「縄張り」を探していたかばんとの対比でもあるな

230ななしのよっしん2019/02/26(火) 20:18:11 ID:uE6bLVA1vO
１期だとスナネコでも知ってたというか使ってた言葉なのにね”おうち”。
そのものズバリおうち作る話もあったし１期５話で。

231ななしのよっしん2019/02/26(火) 21:15:48 ID:jLivzrqAhf
キュルルはラッキービーストのビーストだと思ってる
機械音やら金属音とかを鳴らしてたし

前作が人の人化っていうややこしいあれだったから
今度はラッキービーストのビースト化

232削除しました削除しました ID:ZfsZ8MrK07
削除しました

233ななしのよっしん2019/02/26(火) 23:51:54 ID:pqKmmxhsxw
発表された瞬間から劣化ばんちゃんだの言われてその時は本編見てから言おうよって声もあったのに
今じゃすっかり劣化ばんちゃんが正当な評価みたいになってる…

234ななしのよっくん2019/02/27(水) 00:18:15 ID:GNShjkK37/
怖がりで可愛らしくフォロー上手なキュルルちゃんはこちらです。
>>sm34694186
sm34694186

235ななしのよっしん2019/02/27(水) 01:37:49 ID:KF7yDPERl/
ここまで示されたキュルルの性格
差別主義（ぼくはけものじゃないよ）
自己中心的
感謝をしない
相手を見て媚びる（かばん相手だけ敬語）
陰険（わざわざロードランナーのハブった絵をロードランナーに渡す）

なんだこの畜生

236ななしのよっしん2019/02/27(水) 01:41:35 ID:+q5IXAo6eP
>>234
1期の続きって感じのいい子系新主人公だね
この子が動くのたのしみだなぁ

237ななしのよっしん2019/02/27(水) 01:45:58 ID:zqkWwPX8VU
割と真面目にどういった意図で
チーターとプロングホーンしか描かれてない絵をロードランナーに渡したのかが分からない
どうしても嫌なニュアンスばかりが頭をよぎってしまう

238ななしのよっしん2019/02/27(水) 01:48:38 ID:pNJD1pgjry
ロードランナーはプロングホーンの子分でおまけという認識なんだろう
間違ってはいないが・・・

239ななしのよっしん2019/02/27(水) 02:01:05 ID:Ewk5BukJKL
そりゃ速さを競いたがってたのがあの二人なんだから特に違和感は感じなかったが…
ロードランナーの表情にしてもキュルルや２憎しで邪推してるだけじゃ？

240ななしのよっしん2019/02/27(水) 02:02:10 ID:KF7yDPERl/
あ、回数を追うごとに減っていく7パーセントさんだ

241ななしのよっしん2019/02/27(水) 12:24:16 ID:zcLLxM+IEw
なんかフレンズ見下し感がひどいんだよなぁ、それでいてあからさまに線引いてるというか

242ななしのよっしん2019/02/27(水) 12:35:49 ID:KIOaMyst3R
色合いやこのそこはかとない上から目線感を考えるとやはりラッキービーストのフレンズなのでは

243ななしのよっしん2019/02/27(水) 12:44:56 ID:pNJD1pgjry
目の色のおかしさからいってまともな人ではないっていうのは明らかだろうな
てか緑と赤のオッドアイってまんまケムリクサのりんだな
台本パクってるとかいう噂マジで真実なんじゃねって思っちゃうわｗ

244ななしのよっしん2019/02/27(水) 13:45:05 ID:EzLLPqjW3Q
スケブ太郎は目に障害があるのかな？
絵の背景はものすごく細かいくせにロードランナーを描かず本人に手渡す鬼畜具合。はぁ～（クソデカため息）

245ななしのよっしん2019/02/27(水) 14:13:50 ID:QldnpV2Kbj
スケブ太郎から転送されるようになってるw

246ななしのよっしん2019/02/27(水) 14:24:19 ID:Dm+5qnh7Qa
>>243
赤はムシだって言ってるダルルォ
りんはマゼンタだから

247ななしのよっしん2019/02/27(水) 14:54:49 ID:Uvhq01dvB1
種氏と同じ展開だったらネタにできた。（主人公移行）

248ななしのよっしん2019/02/27(水) 14:59:12 ID:knLdhmOxDM
吉崎腹音

249ななしのよっしん2019/02/27(水) 15:27:34 ID:OuSA+HAUvH
キュルルがクソほどかわいくないと思いつつけものフレンズ2漫画版の紹介動画を見たらキュルルがかわいかった
モデリングと脚本が悪いよ、モデリングと脚本が！

250ななしのよっしん2019/02/27(水) 16:16:35 ID:f0/hDvskQH
>>sm34695131
sm34695131
オチが秀逸だった

251ななしのよっしん2019/02/27(水) 18:39:14 ID:uoYmpX1W3D
劣化ばんでもないんでもないもっと別のおぞましい何か
別の何かに劣化版という表現は不適切

252ななしのよっしん2019/02/27(水) 18:39:25 ID:dvBTM0noO5
煽りぬきで全話平均すれば榊遊矢に勝てそう

253ななしのよっしん2019/02/27(水) 18:43:01 ID:BMyYof7/33
遊矢は一応成長フラグはあった。ただ脚本と周囲が全部へし折っただけ

254ななしのよっしん2019/02/27(水) 19:19:31 ID:VLU+0etQE9
『お前なら榊遊矢に勝てるかもしれない』タグほんと好き
誰か大百科作って（他力本願）

255ななしのよっしん2019/02/27(水) 19:21:32 ID:KF7yDPERl/
「サ」ーバル、「カ」ラカル、「キ」ュルルで榊トリオになるの傑作すぎる
さばんなコンビ、ばすてきコンビを超えるわ

256ななしのよっしん2019/02/27(水) 19:23:07 ID:kSfCCndtIJ
ネットの底辺層に粘着されて可哀想に

257ななしのよっしん2019/02/27(水) 19:36:04 ID:mDCOdAOUSc
スケブ太郎から

258ななしのよっしん2019/02/27(水) 19:41:45 ID:pAVrnA0IiP
>>255
サイコパスのサーバル、嫌味のカラカル、見下しのキュルル
マジで榊遊矢に勝てそうで困る

259ななしのよっくん2019/02/27(水) 20:57:46 ID:GNShjkK37/
>>256
評価して絶賛してくれるはずの上位市民様達はどこに行ったんですかねぇ？

260ななしのよっしん2019/02/27(水) 23:11:09 ID:d2Mld5zzW+
ロードランナーの絵がないの
ほんと畜生でわらう

261ななしのよっしん2019/02/28(木) 01:12:11 ID:jLivzrqAhf
ケムリクサとけもフレ２は類似点がある
ケムリクサにならうと赤いのはアカムシである
キュルルの目は赤
けものフレンズ３はムシキングと似たシステム
ムシキングには赤目のムシがいる
赤目のムシは改造されて操られてる

つまりキュルルは改造されて操られてるムシ説

262ななしのよっしん2019/02/28(木) 01:18:58 ID:T+YwgxB5XP
7話まで来ても記憶も正体もハッキリせずキャラクターとしての積み重ねも薄すぎる上に、
家に帰るという目的に対しても真剣になってるような描写が少ないから、現状何がしたいのか分からない。
そんな状況で、残り5話でどんな展開が来ても「あっそう」で済まされちゃいそうなのがね…。
少なくともアニメにおいて今後キュルルの評価が良くなる可能性は低いと思う。
真面目に評価したい人はキャラが立ってる漫画版の方に流れるんじゃないかな。

263ななしのよっしん2019/02/28(木) 08:47:48 ID:p8BpEapDdj
プロになってエンタメデュエリストを目指すという目的は最初から一貫してた榊遊矢の方が、
キュルルよりキャラとしては上に思える

264ななしのよっしん2019/02/28(木) 12:29:09 ID:Y8rMgOW5Md
最初はオドオドしてるけど話が進むにつれ段々イキリ始める(7話)のがなろう主人公のそれ

265ななしのよっしん2019/02/28(木) 15:32:34 ID:0KLW7e8UjU
>>231
実は機械説はよく聞くね。
一期でも同じ予想はあったわけなんだが…


なにが悲しいってそれが明らかになっても「あっそうだったんだふーん」くらいにしかならないどころか「自身をヒトと信じ特別視されてた哀れな機械」にしかならんのがなんとも…
コレはコレで一本作品が作れそうなんだがけもフレに求めていたものと完全に解離してるからなぁ。

266ななしのよっしん2019/02/28(木) 16:22:02 ID:HwVV1zK34A
名前的に考えてケロン人かケロン人が作ったアンドロイドとかでしょ(思考放棄)

267ななしのよっしん2019/02/28(木) 20:13:50 ID:ajFYZ9Hruk
キュルル＝ラッキービーストのフレンズ説あるけど、もしそうなら１期のラストで海に流されたボスの「ボディ」のフレンズの可能性ない？

６話の海中のセルリアンの夢は、海に流されてた時に見た記憶を思い出したんじゃないか
見た目がかばんちゃんっぽいのは、フレンズ化する時にかばんちゃんの姿を模倣した、とか

268ななしのよっしん2019/02/28(木) 22:00:28 ID:f56o1sCURj
>>258
サイコパス・・・前の世界を滅ぼしたことに対し「自分は悪くなくて皆が全部悪い」と発言(罪悪感からの逃避の発言ではなく真顔でこの発言)
嫌味・・・勝ち確からのみレディエン
見下し・・・場も手札も残ってるオベリスクフォースに舐めプ
榊遊矢は一人で全部やってますね。

269ななしのよっしん2019/02/28(木) 22:06:14 ID:6nJGkWijxY
漫画版キュルルちゃん普通に可愛くて好き
これぞ次作主人公だなって感じ
けどどうあがいてもアニメでネタバラシ食らうし、ひどい蔑称ばっかつけられてる感じだしなぁ
現実側で恵まれないガチの不遇キャラにならないようにだけは祈りたい

270ななしのよっしん2019/02/28(木) 22:08:04 ID:UB4k5zeTdm
遊矢といい漫画版の方はちゃんと良いキャラしてるってのは一体どういう・・・

271ななしのよっしん2019/03/01(金) 11:09:10 ID:jKW0wHcK3E
https://i.imgur.com/8uxhxGz.jpg

272ななしのよっしん2019/03/01(金) 12:24:11 ID:8fdLcYu8wA
これで最終回に1期と同じ全員集合展開持ってきたら鼻で笑ってやるわ
お前らそんなにスケブ太郎と仲良くなってなかっただろ、ってな
仮に集合してもまたギスギスし始める光景しか思い浮かばないけど

273ななしのよっしん2019/03/01(金) 12:52:32 ID:FUBAMQ7J6/
前回辺りから性格の悪さが露骨に出てきた

274ななしのよっしん2019/03/01(金) 12:59:27 ID:KF7yDPERl/
わざわざロードランナーだけをハブった絵を描いて、それをロードランナーに渡すのは陰湿すぎて引いた。
これまでのフレンズ見下し主義もあって性格悪すぎる。

275ななしのよっしん2019/03/01(金) 13:04:33 ID:EUKcs0eOkJ
キュルルちゃん、一部じゃブリュリュとか言われてて、そりゃねえだろ！


と言いたいところだけど、いろいろとクソすぎて、ブリュリュでも
別に間違ってねえし、まぁいいか…ってなっちゃうあたりがもうね。

276ななしのよっしん2019/03/01(金) 13:26:48 ID:fJvvuL1h3y
いっそ正体はセルリアンの変異体でこれまで出会ってきた全員で暴走するキュルルを倒す　そして転生して赤ちゃんになったキュルルを遊びで笑顔にして　ﾚｯｽﾀｰ ｲｯｼｭﾝﾉｾﾝｺｳｶﾗ　で終わりでいいんじゃね

277ななしのよっしん2019/03/01(金) 21:14:20 ID:oIR052CQbh
自分だけが描かれてない絵を何度も見返すゴマちゃんは可愛かった
それがこいつの唯一の功績
いちいちボソッと聞こえないように悪態をつくところがほんとひで

278ななしのよっしん2019/03/01(金) 23:37:49 ID:knLdhmOxDM
かばんちゃんがヒトの良い部分を抽出したのならコイツはヒトの悪い部分を抽出したようなキャラですね
特に7話は人間の醜さをよく表現出来てると思います

279ななしのよっしん2019/03/02(土) 01:51:22 ID:zNfos1Y1di
おっそろしい程に受け入れられない見た目してて駄目だわ
全然可愛くないし、かわいげもない
かばんちゃんとかはすげぇ可愛かったのになぁ

280ななしのよっしん2019/03/02(土) 01:52:16 ID:jteX64wj/5
顔がね・・・

281ななしのよっしん2019/03/02(土) 13:00:39 ID:Vsyj3M/QS6
デザインとか見かけ以前にずっともやもやしてて、考察動画みて軸がぶれまくりだから感情移入できないってことがよくわかった
最高の食材と調味料を用意しても、脚本家とまとめ役の監督がダメならこうなるって典型的な失敗だなこれ

282ななしのよっしん2019/03/02(土) 13:03:24 ID:9w5uv79WqQ
ザ・なろう主人公って感じ
こんなの主人公にして恥ずかしくないのか

283ななしのよっしん2019/03/02(土) 13:04:18 ID:KF7yDPERl/
けもフレ2の出来を見る限り、最高の食材というのも勘違いだったようだけどな。
最高の料理人が居ただけで。

284ななしのよっしん2019/03/02(土) 13:10:18 ID:EvYfGDYNLE
スケブ太郎は草生えた

285ななしのよっしん2019/03/02(土) 13:35:05 ID:uQ9jQqPcZs
手段や経緯や態度はさておき、なろう主人公はみんなやることやってるから同類扱いするのは失礼なんだよなぁ……
スケブ太郎は問題解決すら出来てないことがあるからな

286ななしのよっしん2019/03/02(土) 14:14:31 ID:P1vc8zTnNW
海底火山の噴火で生まれたふかきもののフレンズだろ

287ななしのよっしん2019/03/02(土) 17:08:16 ID:jgAORCktYK
地割れうんこブリュリュちゃん

288ななしのよっしん2019/03/02(土) 17:16:54 ID:f269Xe9dzo
もしかしてロードランナーに対してやった陰湿なイジメも遊びだと思ってる可能性

289ななしのよっしん2019/03/02(土) 18:38:30 ID:pAVrnA0IiP
正体がセルリアンでサーバルにワンパンチ消滅させられても、
微塵も悲しくないどころかそれでいいよって思える程度
生まれなかった方が幸せまである

290ななしのよっしん2019/03/02(土) 20:58:19 ID:bG4j3a+we4
キュルルの特徴、各話の行動とか、そろそろ記事に書いてもいいんじゃないかな。
この記事、放送開始してからぜんぜん更新されてないし。

291ななしのよっしん2019/03/02(土) 23:48:46 ID:pnSLNaw+sZ
畜生どもよりも畜生らしい言動が売りのキャラクターとしてなら血肉を得るかも知れない

292ななしのよっしん2019/03/03(日) 02:11:21 ID:zNfos1Y1di
実際こいつに関して何か書く事ある？
真面目にキャラ薄くてどうとも書けない気がするけど

293ななしのよっしん2019/03/03(日) 09:06:36 ID:XSbDyklMvm
2見てて思ったのがこいつのキャラデザが最大の失敗だと思った
多少の粗をキャラの可愛さで誤魔化すってのもこいつのせいで台無しだわ
声優は好きなんだけどなあ…

294ななしのよっしん2019/03/03(日) 09:07:58 ID:pn/7p9AWqV
イジメこそが人類の生み出した最大の遊び
…なるほどなぁ

295ななしのよっしん2019/03/03(日) 10:02:40 ID:AQ8A915rjN
正直可愛い

296ななしのよっしん2019/03/03(日) 11:18:08 ID:EvYfGDYNLE
>>290
する価値はないよ
我が魔王にかばんちゃんの力を継承してもらってさっさと駆除してほしいわこんなパチモン

297ななしのよっしん2019/03/03(日) 11:22:39 ID:KF7yDPERl/
正直に記事に書くと悪口になるからなあ
けもの見下し差別とか、ロードランナーへのあまりにも陰湿で執念深い仕打ちとか

298ななしのよっしん2019/03/03(日) 12:00:10 ID:+Aiqe/9pXY
デザイン発表されたときから劣化版ちゃんとか言われてたからな…
肩掛け鞄はともかく羽根つき帽子はほんとにやめた方がよかったのではと今更ながら思う
あれがあるせいでよりパクりデザイン感が増してるしチャームポイントになりえるパッツン前髪が隠れちゃってるしバランス悪い

299ななしのよっしん2019/03/03(日) 12:06:17 ID:zQUaf/W88b
>>290
お前が更新するんだよ！（ジャガーマンシリーズ風）

300ななしのよっしん2019/03/03(日) 12:37:30 ID:hveS9cmktr
こいつの畜生行為だけで打線組まれそう

301ななしのよっしん2019/03/03(日) 12:43:03 ID:hveS9cmktr
自分の道案内のために他の奴を走らせて自分は走らずにやれやれ系な上に
人数差と意味不明な走順のクソルール押し付けて気に入らないやつにはあの仕打ち
根っからの畜生、正体表したね。

302ななしのよっしん2019/03/03(日) 12:46:14 ID:syvCavUMAa
は？僕ヒトなんですけど
畜生とか勘弁してくれます？

303ななしのよっしん2019/03/03(日) 12:49:20 ID:2x6XtRkPcL
ナチュラルクズムーブの光る主人公
スマホ太郎を見てる気分になる

304ななしのよっしん2019/03/03(日) 13:18:01 ID:EjHkc4jmdu
かばんちゃんが良い子だったから
キュルルは畜生系で行くんだな。ヒトには多面性があるんだね（錯乱）

305ななしのよっしん2019/03/03(日) 13:22:28 ID:HGf4IJSvYF
一番気になるのは遊びを提供しても
決して自分が交わらないってところだわ
一歩引いてるってか
それがフレンズを畜生扱いしてるようにみえたり
畜生を見る目をしてるようにみえるんだよ

306ななしのよっしん2019/03/03(日) 13:39:10 ID:8fdLcYu8wA
SNSとか見てるとゴマクソをハブった件について「チーターとプロングホーンのレースの続きだからゴマクソが描かれてないのはおかしくない」みたいな意見がたまにあるけど、多少なりとも思いやりがあれば横で応援してる様子を付け加えたりできたと思うんだよね（思い出を絵にすると言うスタンスならなおさら）
もっと言えば本人が描かれてない絵をわざわざゴマクソに渡す理由がない、それこそ報復とかでなければ説明がつかん

307ななしのよっしん2019/03/03(日) 13:47:42 ID:zqkWwPX8VU
てかレースの続きだったらサーバルとプロングホーンが競争してるはずだな

308ななしのよっしん2019/03/03(日) 13:49:16 ID:KF7yDPERl/
そしてどっちみちゴマクソに渡す理由が無い
性格が陰湿過ぎる

だからこそ、そういうキュルルの異常人格を象徴するゴマクソが流行り始めたんだが

309ななしのよっしん2019/03/03(日) 13:51:58 ID:2x6XtRkPcL
人間様キュルルと畜生代表ゴマクソの熱いバトルが見たい

310ななしのよっしん2019/03/03(日) 13:54:22 ID:pn/7p9AWqV
人間様が畜生ごときと勝負するわけないだろいい加減にしろ！

311ななしのよっしん2019/03/03(日) 14:57:58 ID:XSbDyklMvm
とりあえず尊師っぽい顔だけはなんとかして欲しいわ
服装とか帽子とかより顔のパーツが気になる

312ななしのよっしん2019/03/03(日) 15:55:14 ID:EjHkc4jmdu
畜生と合わせるために性格が畜生になったんじゃないですかね

>尊師っぽい顔
草

313ななしのよっしん2019/03/03(日) 15:57:57 ID:pNJD1pgjry
倒れると機械音はするわカラカルと同じ速度で走れたりするわ
マジで人間じゃなくてターミネーターなのかもな
機械ならヒトの心を解さないことも納得できるし

314ななしのよっしん2019/03/03(日) 16:15:31 ID:T6wU10ry3n
まず、第一印象で顔が無理。
そんでもって性格も屑ときた。どう感情移入・思い入れしろと

315ななしのよっしん2019/03/03(日) 16:16:15 ID:knLdhmOxDM
散々人間様だぞ！みたいな態度とっておいて人間じゃなかったら笑う

316ななしのよっしん2019/03/03(日) 16:17:32 ID:KF7yDPERl/
メタ的に言えば総監督のアバターだから、正体がネガティブなものとかそういうのは無いぞ

317ななしのよっしん2019/03/03(日) 17:16:50 ID:lIEh3zQc1X
この子を1期風にリファインしたらどうなるのかは気になる

318ななしのよっしん2019/03/03(日) 17:24:47 ID:2x6XtRkPcL
聖人だったかばんちゃんがやさぐれ黒幕疑惑になるレベルだから、
キュルル様は1期風だと聖人は堅いだろうね

319ななしのよっしん2019/03/03(日) 18:42:32 ID:jL2R0U0DZ3
忘れるな、ゴマクソいじめ事件

320ななしのよっしん2019/03/03(日) 19:01:14 ID:+Aiqe/9pXY
>>317
>>318
コミカライズ版がそれにあたるんじゃない？

321ななしのよっしん2019/03/03(日) 19:57:38 ID:VLU+0etQE9
よくなろう系主人公が引き合いに出されるけど、それとは根本的に違うと思うの。
なろう系主人公は物語を進める上での主人公優遇のご都合主義と、行動や言動の気持ち悪さが問題。「そこまでやる必要ある？」や「いやその理屈はおかしい」といった部分が批判される。
でも、キュルルは物語を進める為の関わりすら薄い。物語の進展においての役割が薄い中で、全く必要のない部分で陰湿さを見せている。キャラの粗を指摘しようとしても、指摘対象となる理屈や役割すら提示されていないので、「その行動に何の意味が？」以上の批判すら産まれない。

322ななしのよっしん2019/03/03(日) 20:21:16 ID:GjnMZhml4U
デザインとかからラッキービースト説があるけど
もしそうだったらラッキービースト全体の評価が
下がりかねないからマジでそれはやめて欲しい。

323ななしのよっしん2019/03/03(日) 21:13:25 ID:eMkqUoib1s
スケブ太郎でリダイレクトされるようになってるの草

324ななしのよっしん2019/03/03(日) 21:19:29 ID:acm/+kZo2B
ここまでメアリー・スーっていう概念の権化みたいな存在は見たことない
唯一原典と異なっているのは、公式による作品の主人公を自称しているという点だけで、それ以外は何もかもがメアリー・スーそのもの

つまり図々しく公式を主張している点で、メアリー・スーを超えているとも言える

325ななしのよっしん2019/03/03(日) 21:24:14 ID:RssksF6UKm
ちょっと待て、よく考えろ
このキャラ大げさな感謝されたりすごいやつだと言われてるわけではない
観光客のごとく通り過ぎているだけだ
出会ったキャラたちはその物語の前後でキュルルへの評価はまるで変ってないぞ

326ななしのよっしん2019/03/03(日) 21:33:56 ID:L7EsXB8pnv
キュルル「ケモノが人間様に楯突くんじゃない…！」
　　　　

キュルル「あんたに私は殺せないだろぉ！　かばんさん！」　
かばん「言ったでしょう。貴方からはセルリアンの匂いがするって。これが…かばんさんだぁ！」(背後からぶち抜き)。

327ななしのよっしん2019/03/03(日) 21:36:06 ID:9NkPjBYWy7
>>325
でも最終回では感謝されたりすごいやつだと思ったからキュルルを助けにOPを引っ提げて全員集合するよ

328ななしのよっしん2019/03/03(日) 22:09:23 ID:M4q5jhs3ww
西郷どんの西郷隆盛や、花燃ゆの主人公の吉田松陰の妹（名前忘れた）に被るものがむっちゃある

329ななしのよっしん2019/03/03(日) 22:27:42 ID:TjyX/SENn8
人間のいいところを抽出したのがかばんちゃん。
逆に悪いところを抽出したのがキュルル。
なお公式にその自覚はない模様

330ななしのよっしん2019/03/03(日) 22:29:39 ID:72UdX0E79Y
>>309
ゴマクソ絶対勝てないゾ

331ななしのよっしん2019/03/03(日) 23:02:10 ID:f0/hDvskQH
7話で喧嘩してるのを見た時。あーあすっかりかけっこ忘れてるよってだけで
止めにもいかないの本当にひでえ性格してるなって思った

332ななしのよっしん2019/03/03(日) 23:02:51 ID:u+nNmxzc3r
むしろ1期かばんちゃんはヒトのフレンズにしては謙虚すぎたからクソガキ路線すき

333ななしのよっしん2019/03/03(日) 23:05:46 ID:knLdhmOxDM
キュルルは善人だと思うからアレなだけでフリーザみたいな悪人だと思えば違和感無いのでは

やってくれましたねゴマクソさん…
良くも私を落とそうしてくれました…
故意でやったのですか…？まあいいでしょう…
ゆ…ゆるさん…絶対に許さんぞ畜生鳥!!!
じわじわと陰湿に追い詰めてやる!!!
一匹だけのけものにしてやるぞ覚悟しろ!!!!

334ななしのよっしん2019/03/03(日) 23:06:59 ID:aLYbY7l5Cf
7話のアレで二次創作のキャラクターが固まりそうですね…

335ななしのよっしん2019/03/03(日) 23:15:25 ID:hveS9cmktr
一枚の絵で擁護派を根絶やしにしたカリスマ

336ななしのよっしん2019/03/03(日) 23:19:45 ID:oGCCzsBRhN
ロードランナーさんはハブにされるほど悪い子じゃなかったよね……
今後クルルァさんが報われてもなんやそれ、だし、調子乗った罰を受けるにしてもそんなんけもフレでやんなやって思うし、もうなんなん

337ななしのよっしん2019/03/03(日) 23:20:29 ID:jL2R0U0DZ3
陰湿ないじめはヒトの特権
キュルカスに逆らうケモノはクソゴマコースだから

338ななしのよっしん2019/03/03(日) 23:25:32 ID:9NkPjBYWy7
自分は交換する気0なのがじつにスケブ太郎らしい
https://twitter.com/mosumosues/status/1102208529815859205

339ななしのよっしん2019/03/03(日) 23:43:20 ID:u+nNmxzc3r
畜生行為で打線つくれそう

340ななしのよっしん2019/03/04(月) 00:56:57 ID:Fgg/J3oIpW
無意識に自分自身に「自分はヒトだ」と言い聞かせたいが為の「けものじゃない」なのかな？どっちにしろフレンズとヒトの間に線引きして、「自分はヒト様なんで・・」てしてることには変わらんけど

341ななしのよっしん2019/03/04(月) 00:59:25 ID:BMyYof7/33
動物にイジメが無いと思ってる奴ってたまにいるよな

342削除しました削除しました ID:0KLW7e8UjU
削除しました

343ななしのよっしん2019/03/04(月) 01:50:40 ID:7Xx1IdlWfM
一方わかばは「私たちが死んでも泣くのか？」という問に「当たり前でしょ！」と感情を露わにして返した

かばんちゃん(かばんさんではない)にしても「僕はお客さんじゃないよ」と自分はフレンズと共にあると言った

正直随所に制作サイドの性格の悪さが見え隠れしてるな、これはこう捉えられそうだからやめとこうってだれかチェックするやつ居ないのか？

344ななしのよっしん2019/03/04(月) 01:53:45 ID:3VUraJYgoQ
石川由依も不憫やな
あの１の続編主人公とか本来ヒット確実の安牌だったろうに

345ななしのよっしん2019/03/04(月) 01:55:31 ID:cUrFea/qxE
このキャラクターの何が嫌いかって何の為に何がしたいのかよくわからんからだよな。家に帰りたければかばんに会った時点でヒトや家について尋ねるべきだしフレンズの困り事も基本問題の先伸ばしで済ませる。そして今回の陰湿な行動。制作がサイコパスしかいないか全部適当な仕事しかしてないかの２パターン

346ななしのよっしん2019/03/04(月) 06:27:17 ID:U++xliKDjC
もう姉畑先生を主役にした方がいいんじゃないかな？

347ななしのよっしん2019/03/04(月) 06:31:15 ID:pn/7p9AWqV
「先生！これが動物ですよ」
「は？なめてんの？」

348ななしのよっしん2019/03/04(月) 06:48:04 ID:CLupda7rK+
良くも悪くも人間、てことなんかね

349ななしのよっしん2019/03/04(月) 06:55:26 ID:KF7yDPERl/
良くも・・・？

350ななしのよっしん2019/03/04(月) 07:04:58 ID:WiXeEIq+SK
人と動物を区別してるって言うけどなんの動物が聞かれて人だよって答えてるだけのような…
人であることもよくわかってなくてカラカルだかから言われて名乗ってるんじゃないんだっけ

351ななしのよっしん2019/03/04(月) 07:20:04 ID:MI6PeXpo6K
み〇みけ二期のアイツ

352ななしのよっしん2019/03/04(月) 07:33:18 ID:eMkqUoib1s
>>350
問題ははっきりと「けものじゃないよ」と言ってること

353ななしのよっしん2019/03/04(月) 07:38:52 ID:KF7yDPERl/
>>350
人というけもの、と、人はけものじゃない、では全く意味合いが違う。
キュルルが言ってるのは後者

354ななしのよっしん2019/03/04(月) 07:41:07 ID:Nurzb8KpoV
こいつと伊藤誠、どっちがマシだろうか。

355ななしのよっしん2019/03/04(月) 07:58:24 ID:KF7yDPERl/
加点方式なら伊藤誠（良いところもある）だろう
キュルルは今のところキャラ性がけもの差別とかを除いて虚無で何か根本から解決もしてないしな。

減点方式ならゴマすりクソバードへの陰湿な精神攻撃以外の被害は特に出してないキュルルだろう。
伊藤誠は出した被害が生命に関わる甚大なものすぎる。

356削除しました削除しました ID:Fsvn8OFvbK
削除しました

357ななしのよっしん2019/03/04(月) 08:47:42 ID:WiXeEIq+SK
>>352
なんのケモノ？って聞かれてケモノじゃないよヒトだよって返しているのは
ケモノって名前の動物が居ると思ってる？とか思ってたけど…奴さん相当な子供っぽいし
あれだけで区別というほどかな

まあ自己紹介部分はともかく毎話の動物との関わりがイマイチなのは
関わり合いをうまく書けない脚本の問題なのか出てくるフレンズが問題児ばかりであんな関わり方になってるのかよく…

358ななしのよっしん2019/03/04(月) 08:53:54 ID:/TYeFmRPh1
キュルルクソガキ説の動画から来たが、「クソ」」かどうかの判断は他人がどう言おうとワシは12話完走するまでしないつもりだが、「ガキ」は順当な評価だろ？
役名が判明する前の仮名は何でしたか？　「子供」ですよね。
「ホモサピエンスサピエンスのフレンズ」であるかばんちゃんとただのガキであるキュルルを比較するのは不毛。

359ななしのよっしん2019/03/04(月) 09:00:38 ID:KF7yDPERl/
ホモサピエンスのフレンズ歴X年のかばんさんや知能最高のフレンズの博士助手よりも、
知識と洞察力に優れているただのガキ、となるんだが、
転生したら周囲より圧倒的知能を発揮するニートか何か？

360ななしのよっしん2019/03/04(月) 09:12:59 ID:zNfos1Y1di
そうだよ
だからスケブ太郎って呼ばれるんだよ

361ななしのよっしん2019/03/04(月) 09:31:55 ID:2l7FyGEFCG
女の子なのに太郎呼びするのか・・・
いや、女の子なのか？

362ななしのよっしん2019/03/04(月) 11:40:51 ID:/QTAO/S4Hs
>>353
悪気なくナチュラルに見下してる上位種族のキャラって
戦闘物の対立者として出すなら良いキャラしてるなと思った

363ななしのよっしん2019/03/04(月) 12:33:16 ID:WiXeEIq+SK
遊具直し、パズル、トントンずもうくらいしかやってないし知能や知識あるシーンあったか？
海のセルリウムだって演出ガバガバだけどイルカから話聞いてたからわかっただけだし

364ななしのよっしん2019/03/04(月) 13:26:18 ID:CLupda7rK+
遊具を直すのもちょっとした娯楽を提供するのも他のフレンズには多分出来ないことだし、
一応知識や知能ということなんじゃないの、一応
一期のかばんちゃんに比べたら見劣りするけど
あと7話についてはノーコメント

365ななしのよっしん2019/03/04(月) 13:45:56 ID:pNJD1pgjry
２のフレンズは知性と品性はないが知識はたくさんあってみんな人間臭いし
キュルルが出来ること程度のことが出来ないとはとても思えない
（極度の知能低下を起こしているサーバル除く）

366ななしのよっしん2019/03/04(月) 14:21:37 ID:Bj9xpuBZs5
なんか知らんがなぜか言動が引っかかる
寺田心を見ているようだ

367ななしのよっしん2019/03/04(月) 14:46:39 ID:CLupda7rK+
何のケモノか聞かれて「ケモノじゃない、ヒトだ」と返すのは
人間であれば当然の反応だと思うんだが
そこに引っかかるヒトが多いのが良く分からん

368ななしのよっしん2019/03/04(月) 15:02:25 ID:0T5b+9Dt3T
>>367
その「人間であれば」という前提は世界観とキャラの背景無視しちゃってるからな

369ななしのよっしん2019/03/04(月) 15:10:56 ID:0T5b+9Dt3T
ケモノ差別とかそれ以前に、ヒトが孤独なこの世界で
ヒトと「それ以外」に線引きする言葉を使うのって精神的にきついと思うんだけど
まあそこまで考えてないよね
脚本が物語の外の人間として書いちゃったセリフなだけで

370ななしのよっしん2019/03/04(月) 15:14:05 ID:7Xx1IdlWfM
>>367
いきなり差別かよ、ヒトッパリらしいな

371ななしのよっしん2019/03/04(月) 15:16:51 ID:0T5b+9Dt3T
「僕はお客さんじゃないよ」
「僕はけものじゃないよ」
うーんこの違い

372ななしのよっしん2019/03/04(月) 15:17:17 ID:knLdhmOxDM
そういえばケロロを２文字ずらすとキ(ュ)ルルになるんだよね…
そしてキルルという名のケロン人は人造ケロン人キルルとしてケロロ軍曹に出演してて、少しでも不信感やトラウマを持つ者をコントロールする能力を持つ…まさにキュルルみたいなメアリー・スーキャラ

373ななしのよっしん2019/03/04(月) 15:37:09 ID:EElNNvp3SC
こういうキャラは、本来なら主役じゃなくて一話限りのゲストキャラだと思う

勿論、悪役としてのね

374ななしのよっしん2019/03/04(月) 15:41:25 ID:OfSlRs7Lpl
異世界主人公のがまだ好感持てるわ
一応身内には多少の情はありそうだしオラつくにしてもそれ相応の力はあるし
スケブムクルルくん何出来るの？
人って自称する以外特に凄みねーじゃん

375ななしのよっしん2019/03/04(月) 16:11:39 ID:CLupda7rK+
世界観とかいわれても、パークを作ったのは人間であり、
その人間がパーク外に存在する可能性があるのなら、
人間とそれ以外を区別するという認識があっても不思議ではないと思うけどな

キュルルが実はヒトじゃないのなら滑稽でしかないけど

376ななしのよっしん2019/03/04(月) 16:25:09 ID:d1QBUPaII0
パークの客の頭髪から発生した人のフレンズとかなのかね。
パークが開園してた頃の明るく楽しい思い出の残滓（だから解決法方が『遊び』）
と考えるとかばんちゃんとはまた違った立ち位置で面白いかな。
かばんちゃん＝お客さんではない
キュルル＝お客さん

まぁこんな事考えても何にもならないぐらい作品が空虚なんだけど。

377ななしのよっしん2019/03/04(月) 16:30:49 ID:s/r8e16kkM
>>375
というかここまでけものじゃないと強調する以上
けものじゃないしヒトでもないんだろう
実はセルリアンだから性格が悪いと前に言われたし

でも最近の話見てると脚本の人そこまで考えてなさそうなのがなあ‥

378ななしのよっしん2019/03/04(月) 16:36:10 ID:pn/7p9AWqV
そこなんよね
まともな作品だったらこんな性格悪かったりけものであることを否定するとか伏線なんじゃね？って思うさ

でも、この作品製作者が仲良し三人^^とか、疲れて帰って見たら癒されるとか言っちゃってるから、素で性格悪い(製作者はそう思ってない)ってことになりそうなんよね

頭おかしい

379ななしのよっしん2019/03/04(月) 16:37:16 ID:74bFuEZZ7r
ヒトとヒト以外を分ける考え方は批判されてるし、そもそも分ける根拠なんて存在しない。
宗教的な問題もあるから視聴者個々人がどう考えるかは自由だけど、仮にも動物をテーマとする作品がそういった考え方をとるっていうのはおかしいと思う。
さらにいえばそういった考え方が「動物ファースト」に反するのは明らか。だからキュルルの発言も批判されてる。
最終的に改心するなら話は別だけどそんなそぶりはないし。

380ななしのよっしん2019/03/04(月) 17:11:56 ID:CLupda7rK+
人間が管理しなければ荒れる一方のパークを舞台にしておいて「動物ファースト」って言われても、「＊ただし人間を除く」って書いているように見えるんだけどな
外の世界の人間がパークを何とか維持しようとがんばっていると考えれば良いのかな

キュルルが批判される理由は分かったけど、俺みたいな考えのやつが作っていると考えると反省も改心もしない気がする

381ななしのよっしん2019/03/04(月) 17:16:44 ID:KF7yDPERl/
だから、管理されず放棄されたパークが舞台でヒトのことは殆ど忘れ去られた世界なんだっつーの

382ななしのよっしん2019/03/04(月) 18:47:17 ID:M4q5jhs3ww
かばんちゃん＝ミライさん　→　鳴かず飛ばずで死に体同然だったけもフレを栄光ある未来に導く存在となるはずだったたつき監督
キュルカス＝カコ博士　→　過去の栄光にすがりつく老害ムク崎

383ななしのよっしん2019/03/04(月) 19:27:11 ID:zi0Ti5jEo/
人と動物を分ける考え方は、現実でもポピュラーだし、強力なんだよ。西洋近代化の影響だけじゃなくて、東洋においても人間と動物は明確に区別されてる。

だって仕方ないじゃない。動物と人間は知性も暴力も違うんだから。

でもさ、けものフレンズでは、「動物のフレンズ」と「人間のフレンズ」っていう概念を導入して、人間と動物を対等に見る考え方を提案したんだよ。もちろん、「擬人化」ってことだから、人間優位はある程度あるのだけど、その人類そのもの滅びた廃墟を舞台とすることで、擬人化の持つ人間優位を薄めたんだよね。

これがすごい。

「動物を従える人類」は「人間のフレンズ」にとっては、過去の滅びた背景でしかないんだよ。だから、カバンちゃんは絶滅動物に対しても、罪悪感を抱くことはない。「人間のフレンズ」だから。

だから、いまさら「けものとは違う」とか言われると、哲学的にも後退しているようにしか思えないんだ。けものフレンズで「背景」として忘れ去られてた爆撃機とかをわざわざ持ち出して主体化する下品さを感じるんだ。

384ななしのよっしん2019/03/04(月) 19:35:54 ID:zqkWwPX8VU
そんな小難しい理屈以前に普通にキュルルが嫌な奴だから好きになれない

385ななしのよっしん2019/03/04(月) 20:32:16 ID:T+YwgxB5XP
話の大筋は同じでも漫画版はまともなキャラ付けできてることから察するに、
単純に脚本とか演出が駄目なのでは…？

386ななしのよっしん2019/03/04(月) 21:49:35 ID:u+nNmxzc3r
最終的にヒトもケモノの一種って改心するにしても7話の時点で全く積み重ねもなければ他からの指摘もないから薄っぺらくなるゾ

387ななしのよっしん2019/03/04(月) 21:51:55 ID:KF7yDPERl/
まあ多分脚本の人、キュルルの種族がヒトであるくらいしか考えてないと思うよ

388ななしのよっしん2019/03/04(月) 22:38:02 ID:JKTtVejKTh
長文失礼する。脚本のひどさを脇に置いておいて考察するなら、キュルルは「2～4話のフレンズに出会えなかった不幸なかばんちゃん」な気がする。
2話のカワウソから4話のツチノコまで、かばんちゃんは無償の善意で助けてもらい、一切の対価を要求されていない。
このことはかばんちゃんの人格形成に重要で、11話の「お世話になったパークのみんなを助けたい」という思いにつながると思う。

一方でキュルルは2話以降行動を要求され、無償の善意をほとんどうけとっていない。
2、6話で問題の自己解決を要求され、3話で助けた対価を要求され、5、7話で自分とは関係ない問題の解決を要求される。
4話のアリツさんは善意で助けてくれたか。カルガモもだが、いなければワンパンサーバルが何とかしたんじゃないかと思う。

しかもほとんど結果が出ないというか「フレンズのおかげ」と思えない。
かばんちゃんは2話のカワウソから4話のツチノコまで誰が欠けても旅をつづけられなかった。
キュルルの「このフレンズがいなければ旅が続けられなかった」ってワンパンサーバルくらいじゃないか？

ここに「与えられ要求されないかばんちゃん」と「与えられず要求されるキュルル」の対比が生じると思う。

さすがの大天使かばんちゃんでもいきなり「こはん」～「ゆきやまちほー」だけだったらあそこまでパークやフレンズに愛着を抱いていないとだろう。まあキュルルほどひどくはないだろうが。
というかキュルルが11話で「パークのために」とか言い出したら、嘘臭さしか残らないんだがどうすんだこれ。

389ななしのよっしん2019/03/04(月) 22:51:13 ID:JKTtVejKTh
キュルルの問題解決方法やフレンズとのかかわり方が割とテキトーなのも、フレンズにそこまで愛着がないからな気がする。
…なぜこいつを主人公にしたし

390ななしのよっしん2019/03/04(月) 23:03:44 ID:9NkPjBYWy7
>>383
なんとなくわかるマン
1期「きっと素敵な動物だよ！」とかからも、人の犯してきた「罪」とかもある程度浄化(廃墟と共に風化？)されてる気がして
現実じゃどう考えてもたどり着けなさそうな世界平和(セルリアンはいるけど)をジャパリパークに見たんだよね…

2期は人間にしつけられた動物とかビーストとかでてきて現実に引き戻された感ある

391ななしのよっしん2019/03/04(月) 23:24:57 ID:rXTg9cRwpm
まずキュルルっていうどう考えてもケロロ軍曹から来ているであろう名前が受け付けない

392ななしのよっしん2019/03/04(月) 23:56:31 ID:jgAORCktYK
文明の崩壊した舞台がナチュラリズムのためではなく
0からの開化創生というヒューマニズム表現のためなら
博士やボスみたいな選民主義者が先導してもいいけどね
その場合は人間賛美であって万物斉同ではないけど
スケブ太郎は単純に行動原理としては弱い

393ななしのよっしん2019/03/05(火) 01:59:45 ID:pqKmmxhsxw
水戸黄門の黄門様の性格を不快にして嫌がらせで嫌なやつを問答無用でひれ伏させて楽しむのがけもフレ2

394ななしのよっしん2019/03/05(火) 02:12:49 ID:eG9qAK3ILj
まずかばんに比べてデザインがあんま可愛くない

395ななしのよっしん2019/03/05(火) 02:49:51 ID:knLdhmOxDM
>>382
待ってくれ！
カコ博士は普通におっぱいでかいからすきだからよ…
キュルカス&吉崎と一緒にするんじゃねぇぞ…

396ななしのよっしん2019/03/05(火) 03:07:22 ID:hveS9cmktr
とっ捕まったきり戻って来るな
ゴマクソをはぶいた罪は重い

397ななしのよっしん2019/03/05(火) 04:02:24 ID:aLazXSfFfL
>>391
それはさすがに言いがかりだろ
妄想を考察とか言っちゃうタイプの人かな？

398ななしのよっしん2019/03/05(火) 08:20:36 ID:0Lu220l9he
>>397
自分が知ってる事が世界の中心と思ってるタイプはよくいる
ほっといてやれ

399ななしのよっしん2019/03/05(火) 09:21:26 ID:Fsvn8OFvbK
登場キャラはもちろん視聴者からも好感度激高のかばんちゃんと、今のところキャラ単体で好んでる人がほぼ見当たらないキュルル（カラキュル派は割と見かける）

うーん、この

400ななしのよっしん2019/03/05(火) 09:29:30 ID:CE2PylmyKl
純粋にキュルルが好きって人も居るしあんまり言ってやるなとは思う。
生まれた子に罪は無し、それを愛した人にも罪は無い。

401ななしのよっしん2019/03/05(火) 09:41:55 ID:CE2PylmyKl
>>379
もののけ姫思い出した。人とそれ以外を分かち、自然を象徴する神すら超えようとした人が実質敵みたいな位置付けだったな。
主人公とヒロインは自然と共に生きていく事を選んだ訳だが。

402ななしのよっしん2019/03/05(火) 11:15:15 ID:zh5g6Ae7X6
>>382
待ってくれ。批判するなら２期の象徴であるキュルルだけでいいだろ。頼む！
死ぬ時はカコ博士の死ぬときはでっけぇおっぱいに埋もれて死にてぇんだ!
キュルルならどうにでも殺してくれ。何度でも殺してくれ！
首をはねてそこらにさらしてくれてもいい。カコ博士だけは・・・。

403ななしのよっしん2019/03/05(火) 12:23:28 ID:8fdLcYu8wA
かばんちゃん→トキの歌を聞いても平気
スケブ太郎→トキの歌で耳を塞ぐ

これでスケブ太郎≠ヒト説がより深まったね

404ななしのよっしん2019/03/05(火) 13:25:50 ID:wxx5eQiSyC
>>361
吉崎は男性ですぞ

405ななしのよっしん2019/03/05(火) 13:28:47 ID:5u+EHexTo1
もろなろう主人公と化してるの笑う
フレンズファンには申し訳ないけどオルガ召喚してほしい

406ななしのよっしん2019/03/05(火) 14:52:10 ID:kG/9W7aWuq
異世界オルガは作品をさらに面白くするがこれは無理でしょ

407ななしのよっしん2019/03/05(火) 14:58:54 ID:2OGJAnDtQ2
キュルルちゃん女の子やぞ()

408ななしのよっしん2019/03/05(火) 15:12:26 ID:uE6bLVA1vO
やっぱ頭の中では
（僕様にはむかうんじゃねぇけものごときが）
とか思ってるんだろうか？

409ななしのよっしん2019/03/05(火) 15:52:43 ID:L3mMBVZRzZ
百錬三郎の次だからスケブ太郎じゃなくてスケブ四郎の方がいいと思うんですけど(名案)

410ななしのよっしん2019/03/05(火) 17:37:37 ID:0ql7TN3sx8
序盤は良くも悪くも何の印象も残さないキャラだったけど大事な絵を突然切り刻んだのに始まり
5・6話の出来の悪いなろう主人公ムーブと7話のゴマクソ事件で一気に跳ねたな

411ななしのよっしん2019/03/05(火) 18:03:41 ID:1t1lglYW3y
>>403
スケブ太郎某自称アトランティス人の末裔説、最後は塩になって崩れそう

412ななしのよっしん2019/03/05(火) 18:15:04 ID:ZM6K+404Sh
スケブ太郎とは旨く言ったなぁ・・・・

413ななしのよっしん2019/03/05(火) 18:16:10 ID:IoYGd6YbKv
８話でキュルカスが拉致されたまま拷問されるイラスト誰か描いて（他力本願）

414ななしのよっしん2019/03/05(火) 20:31:29 ID:jL2R0U0DZ3
流れ弾で蒸し返されて死体蹴りされるスマホ太郎で草

415ななしのりっくん。2019/03/05(火) 21:21:33 ID:QN6dN5IxfC
スケブ太郎から転送されました。


なんか草だった。

416ななしのよっしん2019/03/05(火) 21:28:52 ID:qZBo132s6e
キュルルルル

417ななしのよっしん2019/03/06(水) 00:31:19 ID:jD1jrrFW0N
正直フォルムが丸っこくて、赤ん坊みたいな？上手く表現できんが、なんか好きになれんというか、魅力がないんだよな・・・

418ななしのよっしん2019/03/06(水) 00:33:21 ID:0T5b+9Dt3T
お前らちょっとキュルルの境遇になったつもりで想像してみろ
ヒトとそれ以外を分ける言葉を使うのは寂しいだろ
この世界で「自分はけものじゃない」なんて言ったらのけものみたいな気分になるぞ
孤独に耐えられる強固なアイデンティティでケモノを差別できるなら別だけどな

こういうこと言っちゃうのは脚本がキュルルに感情移入してないんだと思うよ
つまりキュルルに魂がインストールされていない

419ななしのよっしん2019/03/06(水) 02:47:43 ID:RJl1VymIMG
最後はデビルマンの牧村美樹みたいに殺されてその残骸を弄ばれてほしい
そうすれば最高のギャグになって皆喜ぶ

420ななしのよっしん2019/03/06(水) 08:49:48 ID:hvx/oBTGvy
吉崎先生が描いたかばんちゃん（たつき版）のイラストは存在するけど
逆に吉崎先生が描いたキュルルのイラストは存在してなくね？

制作側からにすら愛されていないキュルル…
「メインはあくまでもフレンズだから～」程度でしか見られてない
ただの舞台装置でしか無いと言う事なのね。

421ななしのよっしん2019/03/06(水) 09:40:27 ID:zpxoGGt6FU
キュルルのグッズも少なくない？
先月ワンフェスあったんだから、角川から何か出てもよさそうなのに

422ななしのよっしん2019/03/06(水) 09:48:19 ID:uE6bLVA1vO
だって正直キュルル全身寒色系で地味じゃん？商品栄えしないというか。

かばんちゃんも地味っちゃ地味だけどフレンズの中に居ても赤い服で割と目立つし
何より本編で微笑ましくて可愛いし。

423ななしのよっしん2019/03/06(水) 12:35:07 ID:KgIQuOMj4p
子供として見たいけど、子供通り越してクソガキなのがキツイ

424ななしのよっしん2019/03/06(水) 12:40:32 ID:pNJD1pgjry
口を慎めよ
キルル様にキルされるぞ

425ななしのよっしん2019/03/06(水) 13:01:16 ID:BcJaaHfbgM
>>424
やっぱりキルユーちゃんじゃないか！

426削除しました削除しました ID:7PPwMamzsr
削除しました

427ななしのよっしん2019/03/06(水) 14:11:25 ID:4m51l9MEBi
こいつのせいでなろう小説を見ているようで不快になるわ
ヤレヤレ馬鹿な獣共に人間様の知識を教えてやるぜってか？スケブ太郎とか言われても仕方ないな

428　　2019/03/06(水) 14:18:32 ID:1+N3rTRmpH
なんかこう、毎回毎回小さいマイナスが積み重なるのにプラス要素が一切無いから
花粉症みたいに許容量のボーダーラインを一度超えちゃうとやることなすこと全部不快に感じるキャラだなぁ
多分感情移入しにくいのが加算しにくいっていう超個人的な理由なんだろうけど…

429ななしのよっしん2019/03/06(水) 14:23:42 ID:qZBo132s6e
こっから変わってくるとも思えんしね

430ななしのよっしん2019/03/06(水) 16:41:03 ID:Noi6l+kHQs
こいつツラ見るだけで不快だから7話で脱落したわ
よく頑張ったと思う

431ななしのよっしん2019/03/06(水) 16:43:57 ID:BMyYof7/33
というか、よくここまで面白味のないデザインが出来たよな。いまいち萌えない娘よりパッとしない

432ななしのよっしん2019/03/06(水) 16:44:03 ID:s/r8e16kkM
檻に入れられた時はコメが可哀想じゃなく
やったぜやざまぁばかりで草生える
もう完全にスマホ太郎と同じ扱いで、同じくらいに嫌われちゃったか

433削除しました削除しました ID:OfSlRs7Lpl
削除しました

434ななしのよっしん2019/03/06(水) 20:08:03 ID:sjbZUhBCUq
このキャラを演じることになった声優さんが可哀そうだな…

人気アニメの続編の主役を演じられると聞いてウッキウキだっただろうに
実際やってみればなろう系だのクズだの死ねだのボロッカスに叩かれまくっててどんな気持ちでアフレコやってたんだろ

435ななしのよっしん2019/03/06(水) 20:57:09 ID:0boLGP5Zbg
こいつの何がやばいって、この記事を見ればわかるが

性　格　の　記　述　が　一　切　な　い　事


まあそうだよね、性格書けるわけないよねと言うか
書けるものなら書いてみろってレベルで何考えてるかわからんもんね

436ななしのよっしん2019/03/06(水) 21:51:02 ID:OfSlRs7Lpl
やめてよね　人が本気出したらフレンズごときが僕に勝てるはずないだろ

437ななしのよっしん2019/03/06(水) 21:53:15 ID:B7AmBCtItM
誰とは言わんが、同族に乱暴したり騙したり殺害する事が娯楽として伝わる霊長類が居るらしい

438ななしのよっしん2019/03/06(水) 23:57:29 ID:YS5CSNcucy
「自分はフレンズじゃない人間だ」って自覚があるなら
ひとりでこんなところに取り残されてるのが結構深刻な事態だってわかりそうなもんだが
こいつから本気で帰りたいって必死さがまるで感じられないのが怖いわ

439ななしのよっしん2019/03/07(木) 00:02:37 ID:2OGJAnDtQ2
今更だけど子供なのに親を探さないのも不自然だよね

440ななしのよっしん2019/03/07(木) 00:09:22 ID:aEYyo2dAf+
もう物語の3分の2が経過しているというのに、
キャラとしての魅力がどこにあるのか未だに掴めないって一週回って凄いかも知れないな
デザインといい動かし方といい、よくぞここまでパッとしない主人公を生み出せたものだ

441ななしのよっしん2019/03/07(木) 01:21:18 ID:u4Ya/OAhAg
漫画版のキュルルはいいぞ
ちゃんとお礼言えるし、謝れるし、フレンズの長所をフォローするし、表情豊かだし、人類の叡智タイムがあるし、フレンズとの会話にギスギス感が皆無、ギスギス感がない上に一期に似たのほほんとする会話
The 二代目って感じで良い

どうしてアニメでは劣化版ちゃんやら人間様やら、挙句の果てではなろう分家のスケブ太郎と呼称されているのか…
なんなんだこの差は…

442ななしのよっしん2019/03/07(木) 03:46:44 ID:QExupgk8Nm
「キュルル」というケロロ系列の名前、絵描きという特技。どこぞの誰かの投影を主役に落とし込んでない？

443ななしのよっしん2019/03/07(木) 07:16:09 ID:CE2PylmyKl
>>441
アニメの方が人が沢山かかわるから基本すげぇお金使うんだけど、お金使って上がるのはクオリティだけ
作品の質そのものは主導する作家で上限が決まるって事だね

444ななしのよっしん2019/03/07(木) 07:30:16 ID:qZBo132s6e
どういう落ちつけんのかな

445ななしのよっしん2019/03/07(木) 10:47:15 ID:gCh/3kvSmE
好き嫌いを抜きにしても、「主人公の持ち味」を出せていないのはキツいと思う。
どうしても作品のツッコミどころの矢面に立ちやすい位置にいるのに、
残り話数でそれを払拭できそうなイベントや行動が思い付けない…。
（思いきった事をやらせるにしても伏線や積み重ねが不足している）

446削除しました削除しました ID:vPNDBPcPX2
削除しました

447ななしのよっしん2019/03/07(木) 11:24:54 ID:2l7FyGEFCG
レックウザかなにか？

448ななしのよっしん2019/03/07(木) 14:27:41 ID:pnSLNaw+sZ
自分を人間だと思い込んでいるセルリアン

449ななしのよっしん2019/03/07(木) 16:17:48 ID:jL2R0U0DZ3
名前や性別、過去をぼかして没個性的な主人公で視聴者の代弁をするのはいいけど
その分、裏設定や最悪性格だけでもちゃんと決めてキャラを動かさないと
その時のストーリーによって言動が矛盾したり、都合よくイベントをこなすだけの装置になる
そうなると無効性で支離滅裂だけどなんやかんやで成功する嫌われ主人公ができる
作り込む愛が足りないのか技量が足りないのかしらんが制作サイドがひどいね

450ななしのよっしん2019/03/07(木) 18:29:29 ID:2OGJAnDtQ2
キュルカスから転送されました。

451ななしのよっしん2019/03/07(木) 21:00:26 ID:PLlpH9ivRh
ついにキュルカスがリダイレクトに……

452ななしのよっしん2019/03/07(木) 21:11:49 ID:eW+f/M+dUm
バイオハザード３映画のアリスみたいに
あの地方全部が実験場なんじゃねぇか
あらかじめ道が決まってて、キュルルが想定通り
動くか量産して実験してるんだよ

453ななしのよっしん2019/03/07(木) 22:07:28 ID:pn/7p9AWqV
崖の上から量産型キュルカスが現れるのか

454ななしのよっしん2019/03/08(金) 00:01:46 ID:roKkIqlKSR
最初は肯定的な意見もあって批判コメに対し擁護コメもあったのに、だんだん擁護が減ってきて今じゃすっかり批判一色なのほんと草生えますわ

455ななしのよっしん2019/03/08(金) 00:06:21 ID:jL2R0U0DZ3
ゴマすりクソバードの記事にレス数も人気も負けてるじゃないか
キュルカスはこれを危惧して陰湿ないじめをしていた…？

456ななしのよっしん2019/03/08(金) 00:11:29 ID:K0LzvD5rQJ
しょうがないよ　おもしろい、おもしろくないって最終的には個人の判断にゆだねられるからうやむやにできるけど起承転結が矛盾するってのはだれが見てもあきらかに違和感だから擁護できん
せめてマンガ版ぐらいのシナリオの出来ならば受け入れられていたと思うよ・・

457ななしのよっしん2019/03/08(金) 02:17:59 ID:4NsaGZc9ld
キュルルって主人公として物語を引っ張る力が全く無いのかなり致命的だと思う。

キュルル目線だと自分が人だと自分も周囲も認知してるから自分の存在について動く動機は無いし。
記憶喪失もスケッチブックに関連した所に行く、何か行動する等で記憶について思い出す事も無い。
自身が置かれた環境（目覚めた場所、現在のジャパリパーク等）について一切疑問を持たない。

物語を進行する上で主人公がする事は目的である自身の家についての手がかりを得る為
スケッチブックに描かれた場所を探すだけだからね。

1話の記憶の中の家を探す目的自体は年相応かつ普遍的で良いんだけど
そこから主人公の動機、目的、情報、考え方が1～8話まで全く変わらないのは正直言ってヤバイと思う。

458ななしのよっしん2019/03/08(金) 06:45:19 ID:6nJGkWijxY
アニメキュルルは作中1の被害者じゃないかな 性格的な意味で
漫画版キュルルをキュルルだと思えばいい思う
スケブ太郎は別の記事にしよう(提案)

459ななしのよっしん2019/03/08(金) 07:38:35 ID:8fdLcYu8wA
悩めるマーゲイにありがたいお言葉を授ける一連の言動はまさになろう主人公のそれだった
もしこれが本当になろう作品だったらマーゲイをハーレム要員として侍らせてたんだろうな

460ななしのよっしん2019/03/08(金) 12:23:14 ID:eW+f/M+dUm
真のなろう展開ならセルリアンもキュルル単騎で
撃破してたからまだマシだぞ

461ななしのよっしん2019/03/08(金) 12:49:54 ID:u4Ya/OAhAg
キュルルは問題解決能力を持たないどころかぼやかしたり根本的な解決していなかったり偶然に偶然が重なって表面上は解決した事柄ばかりだから
俺TUEEEEで力業で解決するなろう主人公以下なんだよね

462ななしのよっしん2019/03/08(金) 17:27:03 ID:UbzZjB3IPJ
人間様ををけものといっしょにするな

いきなり差別かよジャッパリらしいな

463ななしのよっしん2019/03/08(金) 17:33:55 ID:syvCavUMAa
はたして偉い人にも"んほぉ"られてるのか

464ななしのよっしん2019/03/08(金) 17:50:33 ID:pNJD1pgjry
人間がNo.1っていうのは冗談抜きでこの作品の大テーマだと思う
キュルルは記憶がないにも関わらず自分はけものじゃないって断言するし
かつて人間が動物を支配してたとフレンズを通してハッキリ語らせる
パークの長である博士たちはかばんの助手に成り下がり
ラッキービーストはボスからラッキーさんに格下げ
人間ファーストっていうのが根底にあってキュルルはその象徴として描かれている

465ななしのよっしん2019/03/08(金) 22:09:12 ID:jL2R0U0DZ3
キュルルがラスボスだったら評価されそう

466ななしのよっしん2019/03/08(金) 22:51:31 ID:k3VqLEho3e
同ポジのケムリクサのわかば最初散々な評価されたけど、段々いい所が分かってきて
最近ではファンからかなり応援されてるのな

キュルルは最初はかばんちゃんと比較される事もあったけどまだそこまで貶されてなかった
けどこっちが逆に話が進む毎に横柄な部分や傲慢な部分が見えてきて
どんどん評価が下がっていってるのが悲しい所

467ななしのよっしん2019/03/08(金) 23:53:25 ID:DZwyqZr3xK
「これじゃ、僕・・・パークを守りたくなくなっちまうよ・・・」
「こんなに僕と視聴者で意識の差があるとは思わなかった・・・！」

468ななしのよっしん2019/03/09(土) 00:30:08 ID:pAVrnA0IiP
もはや劣化版と呼ぶのすらおこがましい何かと化してる

469 ななしのよっしん 2019/03/09(土) 12:50:58 ID: Ma4R1HN1Xg
不細工

470 ななしのよっしん 2019/03/09(土) 13:44:18 ID: NTj5b/xJAB
わかばくんはアレでいて芯の通った男だからな
確かに好奇心が旺盛だったりいきなり命捨てようとしてなんだこいつ…ってなった時もあったけど女の子の涙に命を張れたりみんなの事大事に思ってる描写もしっかりしてて、仲間を死なせないって宣言の時はあのわかば君に男らしさを確実に感じた。
かばんちゃんもサーバルが言った通りの人物で、二人とも共通して見ていて好きになれる人物なんだよな

471 ななしのよっしん 2019/03/09(土) 14:18:06 ID: KgIQuOMj4p
ぼくはけものじゃないよ、って毎回のように言うのがキツイ

472 ななしのよっしん 2019/03/09(土) 14:27:41 ID: gtq++8zwCM
>>471
自分もその台詞は嫌だな。ヒト以外の動物を見下してるように取れるし。
スケ…　いや、キュルル本人に悪意は無いんだろうが

473 ななしのよっしん 2019/03/09(土) 15:57:01 ID: u4Ya/OAhAg
遊びを考案する路線は一期と差別化出来て良いと思う
だけど致命的なのは殆どキュルル自身が遊びに参加せず傍観者として見ているだけというね

474 ななしのよっしん 2019/03/09(土) 15:57:08 ID: CPcsvyLP17
スケブ太郎で転送されるの草

475 ななしのよっしん 2019/03/09(土) 18:42:31 ID: OfSlRs7Lpl
？？？「巨大セルリアンは強敵でしたね」
？？？「支えてくれる人が傍にいれば僕だって成長しますよ、サーバル」
しっくりしすぎて草

476 ななしのよっしん 2019/03/09(土) 21:02:40 ID: LNIRC1Sk4d
キュルカスの記事削除されてるけど元は何が書いてあったんだろう

477 ななしのよっしん 2019/03/09(土) 21:43:30 ID: yyQHXgGqEz
>>sm34745328
sm34745328
きれいなキュルル

478 ななしのよっしん 2019/03/09(土) 22:55:57 ID: aQQ2Q0+zsG
予告でイエイヌのところに拉致られてたけど、キュルカス同様イエイヌのおうちと思われる場所＝キュルルとイエイヌと一緒に写ってる室内にはダブルベッドがあった
メンヘラかよと思った
キュルルもカスだがキュルルを求めたイエイヌもメンヘラ・ヤンデレだからお似合いかもなって思ったわ

479 ななしのよっしん 2019/03/09(土) 23:45:00 ID: ufdqHPKOW9
こいつにならお前がずっと嫌いだったって
言っていいすよイェーガーさん（進撃での中の人つながり）

480 ななしのよっしん 2019/03/10(日) 00:05:29 ID: zcLLxM+IEw
※471
一期かばんちゃんの「僕はお客さんじゃないよ」とは対照的すぎる突き放した言葉だわ

481 ななしのよっしん 2019/03/10(日) 01:16:52 ID: B64IsFWQzT
何だかんだこういう場所でとりあえずの考察や色々と説が出てくるのは面白い。最後によっぽどすごい展開が待ってるんだろうなーという気になれる。
そう思わなきゃ見てられんしこういう場所に来なきゃそんな気にもなれない時点でアニメとして終わってるとは思うが。

482 ななしのよっしん 2019/03/10(日) 01:17:57 ID: KF7yDPERl/
まあ、監督は何も考えてないまま作ってたんだけどな

483 ななしのよっしん 2019/03/10(日) 01:21:23 ID: +oEvr+VSQO
>>476
リダイレクト記事だよ

484 ななしのよっしん 2019/03/10(日) 02:48:01 ID: ufdqHPKOW9
>>478
ス～ケブ太～郎が～拉致されて～🎵(8話終盤)
台車でドナドナ連れ去られて～🎵(以下略)

485 ななしのよっしん 2019/03/10(日) 03:33:07 ID: ZqPfgUf1SM
キュルルの名前がケロロのもじり説すき

486 ななしのよっしん 2019/03/10(日) 04:01:09 ID: syvCavUMAa
「・・・くわえて実験の中で　フレンズ化する以前に行っていた行動が習性として残ることを利用し簡単な命令を植えつけることができるようになりました」
「おまえに植え付けたのは言ってみれば帰巣本能とでも言うべき命令　実験は成功といえますね」

パークにはヒトが必要だった
キュルルとは”かばんレプリカント”と呼ばれる計画　・・・その経過のひとつだったのだ

487 ななしのよっしん 2019/03/10(日) 05:11:34 ID: GjnMZhml4U
7話のプロングホーンの尻を凝視するシーンで
ビュルルとか言うあだ名つけられてて笑った。

488 ななしのよっしん 2019/03/10(日) 10:19:28 ID: unoVAosSk9
こいつ好きになる要素ないんだよな

489 ななしのよっしん 2019/03/10(日) 10:53:33 ID: YNaxSKOQvz
みなみけのフユキみたいな扱いで草生える

490 ななしのよっしん 2019/03/10(日) 11:40:00 ID: 0KLW7e8UjU
7話で上から目線のやれやれみたいな態度が一気に増えて苦手になった。
せめて一緒にレースを走ればまだ印象は違ったのに…

ゴマすりクソバードことゴマちゃんを書いてない絵を本人に渡したのは最早陰湿さを感じるレベル

491 ななしのよっしん 2019/03/10(日) 13:28:53 ID: nk+PvZu3MQ
ぼくはけものじゃないよ？
なんで一緒に走るの？
お前は家畜と競争して楽しいのか？

492 ななしのよっしん 2019/03/10(日) 14:01:56 ID: x9bRY3uwgF
(当職は人間だ、こいつらとは違う)

493 ななしのよっしん 2019/03/10(日) 15:16:07 ID: W3qprOKMRW
>>432
『顧客が本当に必要だったもの』と、
キュルル「どこへつれていくんだよ〜」
　　　　　　↓
←東京湾、←アウシュビッツ、←惑星アトリーム、←鉄華団本部、←アリアンロッド艦隊etc……の怒涛の赤字で顔中草まみれや

494 ななしのよっしん 2019/03/10(日) 15:31:33 ID: NTj5b/xJAB
7話こそキュルルが走るべきだったんだ
ヒトとしての特徴、持久力を生かしてやや長い距離を走る。
そしてチーターが短い距離を追い上げてプロングホーンとの競り合い。
ゴール近くでセルリアンとエンカウントするもサーバルとカラカルが引き付けて全力の勝負を続けさせる。
その間ロードランナーがキュルル連れてゴールの方まで飛んでいき、ゴールが見える所で待機して2人は応援。
ゴールは完全同着で、ロードランナーと顔を見合わせて同着だったことにリアクション。
全力で走ってばててる二人に駆け寄る一行、同着を伝えるも全力で速さを競えた事が満足なプロングホーン。
ラスト、キュルルの渡すイラストには走っているチーター、プロングホーン、応援している4人が描かれてた。
みたいな方がすっきりしたのではないだろうか？

495 ななしのよっしん 2019/03/10(日) 16:43:40 ID: pn/7p9AWqV
人間様が畜生どものために働くわけないだろ
畜生どもが人間様のために働くんだよ

496 ななしのよっしん 2019/03/10(日) 16:47:41 ID: ScwImt2y2W
ちっっっとも更新されてなくて草

正直中途半端にいい子ぶるくらいなら最初からクズであってほしかった
最終回で実はラスボスでしたって言われたほうがしっくりくるようなキャラにしてさ……

497 ななしのよっしん 2019/03/10(日) 16:50:13 ID: TyeplU0p3A
同意　できればカー公みたいなキャラだとなおよかった

498 ななしのよっしん 2019/03/10(日) 17:44:34 ID: zcLLxM+IEw
キャラとして中途半端＋展開がキュルルにご都合だから余計にクズさが際立つというか
この視聴者に憎まれるべくして憎まれた感じはまじでおかわりのフユキを彷彿させるわ

というかかばんちゃんの椅子を奪っての新主人公ポジだからあれよりタチ悪い

499 ななしのよっしん 2019/03/10(日) 17:59:35 ID: Yd8u3716QD
作者の天然によって生まれた「敵よりも邪魔な味方」は不幸だ

500 ななしのよっしん 2019/03/10(日) 19:12:28 ID: q6o7T+VQld
もうこいつヒトのビーストなんじゃねーかなとか思いだした。
そんでビーストを使役する研究を妨害・ビーストの開放をした張本人とかだったら１話と５話のアムールトラの襲撃の見方も(１話；セルリアンに襲われてるところへ救助、５話；フレンズに危害を加えられてるところへ救助)みたいな感じに変わってきそう。
あと都度じぶんはけものじゃないって主張してるのも、無意識下で遠回しにビーストじゃないって主張しているようにも思える。

まぁ制作陣そんなとこまで考えてないだろうけど

501 ななしのよっしん 2019/03/10(日) 19:16:15 ID: f0/hDvskQH
キャラクターや性格がケロロ軍曹の冬樹に似てると思った
ちょっと達観してる目線とか

502 ななしのよっしん 2019/03/10(日) 20:38:18 ID: OrkY6b2qZv
最初の頃はセルリアン説
中盤はラッキービーストみたいな機械のフレンズ説
推してたけど、最近は「普通の人間のこども」なんじゃないかなって思い始めた

漫画版（ジャパリパーク黎明期）だと、一部お客さんがきてたり、あるいは職員の家族がいるような都市があるみたいだったから、
そういうどこにでもいる普通のこどもが、何らかの事情でサンドスターによるコールドスリープしてたみたいな

かばんちゃんみたいに「人のフレンズ」としての叡智もない
かつての園長みたいに守護けものの加護を得ているわけでもない
大人であるパーク職員のように問題の根本解決ができる（あるいは取り組む）こともない

ただお客さんであるがゆえに、遊ぶことはできる

503 ななしのよっしん 2019/03/10(日) 20:42:02 ID: pn/7p9AWqV
物語のキャラとしては致命的に面白くなく、不快なだけのキャラ付けだな

504 ななしのよっしん 2019/03/10(日) 21:04:26 ID: OrkY6b2qZv
>>503
昔の特撮の毎回ヒーローの足引っ張る子供枠じゃあるまいし
それだけで致命的に面白くない、不快ってことはないとは思うんだよなあ
世界を変えてしまうほどの異変での一般人の物語っていうのは昔から好まれてきた物語だし

問題は演出がね・・・
漫画版の丁寧な描写を見るにほんと２はもったいないことしてるわ

505 ななしのよっしん 2019/03/10(日) 21:16:22 ID: K0LzvD5rQJ
マンガ版あれ補完しながら描くの至難の業じゃないかな
どうするんだろ？きっちり完走できるのだろうか・・？

506 ななしのよっしん 2019/03/10(日) 21:23:54 ID: q6o7T+VQld
９話でこいつのことをあの２人の依頼者がなんて呼ぶんだろうか。
依頼している以上、こいつのことを知ってそうだし
キュルルっていう名前は後付だから知らんわけだし。
単純にご主人様とかなんかね？

507 ななしのよっしん 2019/03/10(日) 22:06:18 ID: 6nJGkWijxY
キュルルはクソガキキャラクターで決まりそうだな
なんか逆に復興してない？

508 ななしのよっしん 2019/03/10(日) 22:44:10 ID: pn/7p9AWqV
1話でうんちブリブリしてたのはクソガキであることの伏線だったんだな

509 ななしのよっしん 2019/03/10(日) 22:48:44 ID: 2OGJAnDtQ2
作者はトリックスターのつもりで出してるんだろうな
そんなパワー無いのに

510 ななしのよっしん 2019/03/10(日) 23:28:43 ID: UbzZjB3IPJ
一緒に走らないで木の上で見物する。困難を一緒に乗り越えていこうとしない。自分とけものとの間に線引きをしようとする姿勢が感じられる。

511 ななしのよっしん 2019/03/11(月) 00:11:04 ID: +oEvr+VSQO
>>494
でもフレンズの身体能力ってヒト+元動物っぽいんだよなあ……
（かばんちゃんはヒト+ヒトだからヒト+サーバルの持久力を上回る）
で、キュルルがただのヒトの子供だとすると持久力もチーターより下でもおかしくない

512 ななしのよっしん 2019/03/11(月) 01:14:46 ID: CmunFlmdYk
ぶっちゃけ空気キャラになるよりクソガキとしてイジられる方が断然美味しいしこのままいけ

513 ななしのよっしん 2019/03/11(月) 09:41:37 ID: 7rsPXGnpSW
キュルルが何者なのかって結論たぶんまだ出てないよね？
新しい検証動画見てて気づいたんだけど、スケブの最初に描かれてるのが目覚めた場所の周辺の絵ってことは、あそこで初めてスケブを使ったってことになるよね
キュルルの家は目覚めたあの場所で、今探してる「おうち」はキュルルの元になった個体（かばんちゃんで言うところのミライさん）の記憶ってことはないのかな
記憶が曖昧なのは本人の記憶じゃないからとかさ
キュルルはかばんちゃんと同じようにヒトのフレンズだけど、偶発的あるいは人為的に元個体の記憶を継承しているとすれば「ケモノじゃなくてヒト」ってしつこいぐらいに言ってるのも筋が通るような

514 ななしのよっしん 2019/03/11(月) 09:47:09 ID: b7kKJRdg1N
自分を人間だと思いこんでいる一般フレンズ

515 ななしのよっしん 2019/03/11(月) 10:45:38 ID: kqGelRzQeL
知ってるかい?人は皆、獣なんだぜ…

516 ななしのよっしん 2019/03/11(月) 10:53:44 ID: pn/7p9AWqV
>>515
は？何バカなこと言ってんの？ぼくはけものじゃないよ？

517 ななしのよっしん 2019/03/11(月) 11:04:07 ID: tXuis/+G+l
にせものフレンズ　スケブの流儀

518 ななしのよっしん 2019/03/11(月) 11:10:04 ID: 2OGJAnDtQ2
>>513
「親を探せ」という問題は何も解決してないよね
両親の記憶だけ都合よく欠落するほどネグレクト受けてるようじゃ
そもそも「けものフレンズ」の世界観すら揺らぐし

519 ななしのよっしん 2019/03/11(月) 11:47:32 ID: 7rsPXGnpSW
>>518
キュルル＝ヒトのフレンズと考えるなら、そもそもキュルルに親なんかいなくて、目覚めたあの場所は、遺髪を元にして子供を復活させようとしてたマッドサイエンティストの研究所の成れの果てと解釈するのが一番しっくりくる気がする
んで、遺髪からのフレンズ化には成功したけど、生前の記憶が不完全にしか定着しなかったから封印された、と
人間はビーストも制御しようとしてたらしいし、別方面からフレンズ（サンドスター）にアプローチしてても不思議はない

とまぁ、現状こういう黒めのSF解釈でもしないと筋が通らねぇんだよなぁ
スケッチブック一つにしても、キュルルじゃない誰かが描いたと考えるほうが状況的には自然だっていう

520 ななしのよっしん 2019/03/11(月) 11:57:38 ID: 2OGJAnDtQ2
実験生物だからというしょうもない話になってしまうな

521 ななしのよっしん 2019/03/11(月) 12:30:59 ID: u4Ya/OAhAg
キュルルセルリアン説
根拠1 目の配色が人間の配色では無い。そしてミライさんの帽子の配色をしているのは、正体がセルリアンなのでラッキービーストに反応されようと学習し倣ったから
根拠2 セルリアン達はキュルルを襲わない。これはキュルルが同胞であったから
根拠3 表情や性格が希薄、無機物から生まれてくるセルリアンとなれば説明がつく
根拠4 一話でキュルルが目覚めるところがサンドスターに囲まれたポットらしき所、容姿を人間サイズにする際不要なサンドスターを切り離した可能性がある
根拠5 海底火山等妙にセルリアンの情報に詳しい。また堀があるかばんさんの研究所にセルリアンが現れたのはキュルルが手引きしたから(理由は後述)
根拠6 人間であるかばんさんを睨んでいた。抹殺対象の人類が目の前にいるが、状況悪くフレンズに囲まれていた為、始末すると自らの生還も危うくなるという葛藤のあらわれであるから
根拠7 そこでセルリアンを研究所に手引し、かばんさんを始末しようとした。邪魔なサーバル達は何らかの方法で眠らせ、博士達はキュルル直々に始末しようと博士達のいる部屋に転がり込んだが、時期悪く海に連れていかれてしまう。そのためバス敵セルリアンが手引きで襲撃に入ったが、指示を与えるキュルルが居らず疎らな攻撃しか出来なかった。
根拠8 七話でチーターの爆走で空に舞い上がり、落ちた際、金属音の様な落下音であった。
無機物から生まれてくるセルリアンとなれば説明がつく
根拠9 ラッキービーストが時々バグったり無反応になるのはキュルルを時々人間と認識出来なかったからである。
根拠10 八話で不自然にセルリアンが舞台に入ってきたのはキュルルが手引きしたからである。

522 ななしのよっしん 2019/03/11(月) 13:11:55 ID: 1741vEZUTU
かばんちゃんの謙虚さも有能さも頑張る性格も全てわかばに受け継がれたよね
じゃあキュルルの良いところって一体

523 ななしのよっしん 2019/03/11(月) 13:29:40 ID: 7mlSEXeGI0
そういやこの子なんでスケブ太郎なんだろか？

スマホ太郎、デスマ次郎、百錬三郎と来たらスケブは太郎じゃなくて「四郎」が正しいんじゃないかな？

524 ななしのよっしん 2019/03/11(月) 15:14:13 ID: 7rsPXGnpSW
一応けもフレ２はなろう系異世界トリップじゃないから……類型ってだけでそこに連なる権利はないと思うの
しかし、キュルルの良いところなぁ……一分ぐらい考えて、マジで一つも出てこないのがなんとも
べからず集としての優秀さぐらいしか褒めるところがない

525 ななしのよっしん 2019/03/11(月) 16:05:56 ID: 2OGJAnDtQ2
未だに追記されないこの主人公の性格
いや、この流れだとそもそも人格すら偽物でも驚かんが

526 ななしのよっしん 2019/03/11(月) 17:07:21 ID: l+nMRMqCEV
そもそも脚本上の結末のために動かされてる感じが強くて性格が全然わからんから…

527 ななしのよっしん 2019/03/11(月) 17:25:53 ID: i19O4pnqq9
中の人繋がりで「お前がずっと嫌いだった」ってコメントされるの草

528 ななしのよっしん 2019/03/11(月) 18:09:25 ID: b7kKJRdg1N
中の人の魅力も全く引き出せてないし、マジで褒めるところがねぇ

529 ななしのよっしん 2019/03/11(月) 20:45:36 ID: nxy/mdZiJk
ここまで嫌われるキャラも珍しいな
優しさをアピールしてた世界の人物とは思えない異質な存在

細かい点を上げればキリがないけど具体的には
・フレンズを見下す発言が多い
(前作のかばんちゃんは逆に普通のフレンズより劣っていると感じているような慎んだ態度で接していた)
・他のフレンズが動いていても自身は基本傍観で
自分から動くなんて事はやらない

この2つが大きいか

530 ななしのよっしん 2019/03/11(月) 20:54:39 ID: fqaUlmb5aJ
大きなマイナスがないのもきついのかもね。ハナからクソ野郎ならともかく細かく細かく失点続けて返上することなく続いてるから単純な不快になり続ける。

531 ななしのよっしん 2019/03/11(月) 21:41:40 ID: Ffa7BR9SaY
ｷｭﾙｶｽの正体が何か興味ないけど
もしヒトのフレンズならかばんちゃんと同じ格好になるはずでは？
そこんところの設定決まってなかったっけ。同一種のフレンズは同じ姿、双子ぐらいの確率で複数存在するみたいなやつ。
というかかばんちゃんも成長したとかで恰好変わっちゃうんだねフレンズなのに。
フレンズ化の時期やサンドスターの種類で恰好が変わるとかの設定追加されたのかな？2期でデザイン変更された子多いし。
吉崎バイブルにはなんて書いてあるのかね～

532 ななしのよっしん 2019/03/11(月) 21:45:47 ID: b7kKJRdg1N
基本的に受け身で他人事。叡智タイムの時だけやけに積極的に絡んできて、脚本の都合で持ち上げられるのが鼻につくんだよね……
葛藤らしきものも殆どないから、何考えてるかさっぱりだし魅力も皆無だっていう

533 ななしのよっしん 2019/03/11(月) 21:47:02 ID: svJHgXpzTa
石川さんの経歴に傷がついちゃったね
まあ4月から進撃あるし、ミカサ以外にも良い役やってるから今後に響くことはないだろうけど

534 ななしのよっしん 2019/03/11(月) 21:48:20 ID: kSfCCndtIJ
傷を付けてる張本人はお前らだろうに

535 ななしのよっしん 2019/03/11(月) 21:52:58 ID: PMRjZ+bqnK
一番の元凶は公式
まともに作っていればこんな評価されなかっただろうに。

実際、漫画版はいい感じらしい。

536 ななしのよっしん 2019/03/11(月) 22:51:15 ID: dWYFEL9xJi
どこもかしこもめちゃくちゃ嫌われてて笑える

537 ななしのよっしん 2019/03/11(月) 22:54:56 ID: 2OGJAnDtQ2
ますもとが無能だった
ただそれだけの話だわな

538 ななしのよっしん 2019/03/11(月) 22:57:34 ID: pNJD1pgjry
でもここから成功に導く暴露本を出すらしいよ

539 ななしのよっしん 2019/03/12(火) 03:24:30 ID: 42VjNTJ73h
草絶える

540 ななしのよっしん 2019/03/12(火) 03:29:21 ID: FXDufNPx9u
９話、ガチで性格悪くて草も生えない
やっぱりゴマクソちゃんだけのけものにしたのも故意か

541 ななしのよっしん 2019/03/12(火) 03:33:07 ID: pn/7p9AWqV
ガチクズ過ぎる
マジわざとクズに描いてるんだよね？
そうとしか思えないし、そういう意図がなかったら製作陣はマジモンのサイコパスじゃん

542 ななしのよっしん 2019/03/12(火) 03:35:13 ID: nxbPkRx2S1
いよいよ救えなくなってきた。いったい誰がこいつに感情移入できるというのか。

543 ななしのよっしん 2019/03/12(火) 03:39:45 ID: qE6FhCv/9y
あれかな、これはオチは誠氏ねとかNice boat.の類に収束するのかな？

544 ななしのよっしん 2019/03/12(火) 03:42:25 ID: 42VjNTJ73h
きっとハッピーエンドだよ

545 ななしのよっしん 2019/03/12(火) 03:43:15 ID: miUcCV//mo
本気でキュルルが1期かばんちゃんみたいにみんなから好かれるキャラにしようとしてるの？
今回のイエイヌに対する態度とか完全におかしいだろ
ほんと誰か言わないの？見てたら一発でわかるじゃんよ

546 ななしのよっしん 2019/03/12(火) 03:49:19 ID: APd/By4Fd2
ヒトではあるかもしれんが人間ではない、ただの腐れ外道

547 ななしのよっしん 2019/03/12(火) 03:53:29 ID: Ml61RgYCW6
虫けらのように死んでほしいキャラNo.1

548 ななしのよっしん 2019/03/12(火) 04:11:12 ID: YOaT2fT0ZR
>>547
虫けらに失礼

549 ななしのよっしん 2019/03/12(火) 04:15:21 ID: miUcCV//mo
ムシは精いっぱい生きてるんだよなぁ

550 ななしのよっしん 2019/03/12(火) 04:23:14 ID: GjnMZhml4U
邪悪よりもおぞましい何か

551 ななしのよっしん 2019/03/12(火) 04:39:21 ID: OH3UA76drL
すっかり伊藤誠や榊遊矢並に嫌われる主人公になっちゃったな
あと３話残ってるけど挽回できるとは思えない

552 ななしのよっしん 2019/03/12(火) 05:04:37 ID: YOaT2fT0ZR
一応子供向けにも作られてるアニメなのに、それらと同レベルまで下がるのは相当ヤバいぞ

553 ななしのよっしん 2019/03/12(火) 05:15:25 ID: y5iDJcPzpr
最期は動物の恨みを買って物凄く苦しみ抜いて死んで欲しいキャラ。

554 ななしのよっしん 2019/03/12(火) 05:39:04 ID: WKGxR55UU7
誠は劇中できっちりぶち殺されるという罰を受けてるから遊矢やキュルルと並べてあげないで欲しい

555 ななしのよっしん 2019/03/12(火) 05:49:22 ID: HGf4IJSvYF
1期かばんちゃんがヒトの善性を盛り込んだキャラに対して
2期のキュルルはヒトの悪性を盛り込んだキャラとして表現してるのであれば成功してる

556 ななしのよっしん 2019/03/12(火) 05:49:35 ID: EZ1pj+9GOK
人の純粋悪がフレンズ化した存在説あるわ、マジで

557 ななしのよっしん 2019/03/12(火) 05:57:36 ID: YOaT2fT0ZR
>>555-556
キュルカスは瞳のハイライトの色がかばんちゃんの帽子の羽根の色と対になってるしな

558 ななしのよっしん 2019/03/12(火) 06:12:19 ID: wxx5eQiSyC
そもそも伊藤誠の場合は殆どの登場人物が何らかの人間臭いミス犯してるし、アニメではクズの分、制裁受けてるから対して酷くないぞ。
榊遊矢も結局人間同士だったし。

でもこのゴミはもはや外道。もはや悪役と言ってもいいレベル。

559 ななしのよっしん 2019/03/12(火) 06:17:18 ID: kSfCCndtIJ
実際キュルルは人間の象徴なんだろうな
ペットとして飼ったり、見世物にしたり、調教をしたり、
冷静に考えたら動物に対して酷いことをしてるのに、それには無自覚っていう

560 ななしのよっしん 2019/03/12(火) 06:19:51 ID: KF7yDPERl/
9話でこいつは嫌いなキャラから縊り殺してやりたいキャラに変わったわ

561 ななしのよっしん 2019/03/12(火) 06:21:08 ID: kSfCCndtIJ
キュルルを叩くって事は、結果的に同族嫌悪になっちゃうのが面白い

562 ななしのよっしん 2019/03/12(火) 06:21:28 ID: 9NkPjBYWy7
>>555 妖怪人間ベムで見た

563 ななしのよっしん 2019/03/12(火) 06:34:38 ID: YOaT2fT0ZR
>>561
つまりヒトという存在の醜さを描いたアニメだった…

けもフレでやる必要、ある？

564 ななしのよっしん 2019/03/12(火) 06:42:24 ID: kSfCCndtIJ
>>563
けもフレだからやる意味あるんだろう
もともと動物園という人間が完全に管理してるものがモチーフなんだから

565 ななしのよっしん 2019/03/12(火) 06:45:07 ID: KF7yDPERl/
今回は動物園にいるはずも無い、イエイヌに対する仕打ちなんですが...

566 ななしのよっしん 2019/03/12(火) 06:45:44 ID: 3rW+CPbs8+
作る人にとってやる意味がなくても見る人にとってやる意味がなければマーケティング失敗でしかないんですよね
そういうのが好きな人向けに別タイトルでやれ

567 ななしのよっしん 2019/03/12(火) 06:47:35 ID: YOaT2fT0ZR
野良ならまだしも、飼いならされた(かつてご主人様が居て飼いならされていた)イエイヌがケモノかって言われると…違うんじゃね？

あと「ヒト」の匂いでも「ご主人様」と「キュルカス」の匂いを嗅ぎ分けられないほど鼻が悪いのかあのイエイヌは…

568 ななしのよっしん 2019/03/12(火) 06:53:32 ID: WKGxR55UU7
なんかデビルマン(漫画版)みたいなオチになる気がしてきた

569 ななしのよっしん 2019/03/12(火) 06:57:00 ID: qFndKgxRvX
段々スケブ太郎からキュルカスに呼び名がシフトしてて草絶える

570 ななしのよっしん 2019/03/12(火) 06:58:42 ID: KF7yDPERl/
淹れてもらったお茶を飲まないだけでなく、相手の目の前で横に除けるって、
相当強度のある「お前を信用していない」アピール描写なんだけど、
こいつ本当に何様なの？

571 ななしのよっしん 2019/03/12(火) 07:00:41 ID: 9NkPjBYWy7
馬鹿にされるだけだったのがガチで嫌われてきてるからしゃーない

572 ななしのよっしん 2019/03/12(火) 07:01:40 ID: SWbBNKO7WI
9話マジでキュルル好きになれる奴いるのか？？って内容だったな

573 ななしのよっしん 2019/03/12(火) 07:09:50 ID: b7kKJRdg1N
Twitterにはカラキュル好きは必見とか言ってるやついたな
そんなやつが存在してるかは知らんが

574 ななしのよっしん 2019/03/12(火) 07:16:11 ID: kSfCCndtIJ
>>566
別にお前のために作ってるわけじゃないから問題ない
楽しめる人間のために作品はある

575 ななしのよっしん 2019/03/12(火) 07:16:48 ID: YOaT2fT0ZR
原作では平和な主人公を、徹底的に畜生キャラにする同人誌とかあるから、救いがないストーリーの需要が無いわけじゃないんだろう。
でも公式がやるなよ。

これで最低だろ、次はマシだろ、と思ってる評価を悪い方向にどんどん更新していくのな。

576 ななしのよっしん 2019/03/12(火) 07:22:15 ID: KF7yDPERl/
これ楽しめる人間って完全な心ぶっ壊れてると思うんですけど
自分を助けてくれた犬を邪険に追い払うとか、どんな発想だよ

577 ななしのよっしん 2019/03/12(火) 07:29:11 ID: GjnMZhml4U
キュルカスからキュルルの記事へ飛ばされなくなってない？

578 　 2019/03/12(火) 07:40:56 ID: P6p74Nv2u1
>>576 
「自分は楽しめなかった。ここが悪かった。」って感想言うのは分かるけど、「これが楽しめてるやつは～」って楽しんでるファンへの人格攻撃に走るやつって人としてどうかしてると思う。

579 ななしのよっしん 2019/03/12(火) 07:47:34 ID: 8fdLcYu8wA
kSfCCndtIJはただの荒らしだから相手にしない方がいいぞ
実際作品内容については一言も触れていない

しかしキュルカスの外道っぷりはほんとなんなんだろう…
狙ってないなら脚本が破綻してるとしか言えないし、狙って描いてるならそもそもけもフレでやる内容じゃないだろうと

580 ななしのよっしん 2019/03/12(火) 07:50:21 ID: KF7yDPERl/
>>578
だから、この話の何がどう楽しいのか教えて？
ネウロのシックスみたいな、友情とか愛情とかが踏みにじられるのが楽しいって話？

581 ななしのよっしん 2019/03/12(火) 07:50:51 ID: kSfCCndtIJ
キャラをカスだの外道だの言ってる方がよっぽど荒らしだよ
叩くのが目的なのが丸わかり
まともに内容について語れ

582 ななしのよっしん 2019/03/12(火) 07:52:31 ID: KF7yDPERl/
9話は、話がつまらないとか、面白いと感じるのは人それぞれとかそういう話ではなく、
もはや話自体が胸糞なので、この話を作った人間自体が非難の対象となるようなものだったから、
これを楽しむ奴はスナッフビデオとか動物虐待ビデオ見て楽しいって言ってる奴と同じ非難対象だぞ？
そこ理解してる？

583 ななしのよっしん 2019/03/12(火) 07:54:40 ID: SWbBNKO7WI
キュルルの掲示板なんだからキュルルの魅力について語ろうぜ！
キュルルの魅力的なところはどこかな？

584 ななしのよっしん 2019/03/12(火) 07:58:03 ID: knLdhmOxDM
キュルルの良いところ？
純粋な所かな

純粋と言っても純粋悪だがな！

585 ななしのよっしん 2019/03/12(火) 07:58:18 ID: MI6PeXpo6K
こんなイラストが
>>im7069254
im7069254

586 ななしのよっしん 2019/03/12(火) 07:59:44 ID: XnHdz0bbWp
561 ななしのよっしん
2019/03/12(火) 06:21:08 ID: kSfCCndtIJ 
キュルルを叩くって事は、結果的に同族嫌悪になっちゃうのが面白い

叩く様を面白がって見てる奴が、荒らしがどうとか叩くのが目的だとか内容について語れとかほざくんじゃねえよ

587 ななしのよっしん 2019/03/12(火) 08:00:40 ID: KQo8TTQO0v
ボロボロになっても自分を守ろうと戦ってくれた
イエイヌには感謝の言葉どころか心配すらせず
後から駆けつけたサーバルと楽しそうに話す

こんな観る者を不快にさせる主人公は見たことがない

588 ななしのよっしん 2019/03/12(火) 08:00:48 ID: i19O4pnqq9
>>578
第9話に関しては本気で人格を疑うレベル
心の底から楽しんだと言い切れる人間は文化が違いすぎる
目の前にいたら同じ時代を生きた人間として冗談抜きで軽蔑する

589 　 2019/03/12(火) 08:00:59 ID: P6p74Nv2u1
>>580
どこが楽しいか教えてとか、具体的にどこが楽しいのかとかそういう問題じゃないんだよ。

作品の内容への批判はいいけど、作品のファンに対して「こんなのが楽しめるのは～」みたいな人格攻撃するのは幼稚で未成熟で、内容に関する議論に達してないレベルって話。人として。

「叩いてるのは、頭のおかしいアンチのゴミだろ」って言うのと同じじゃん。これで通じなかったら、考え方が違うから仕方がない。

590 ななしのよっしん 2019/03/12(火) 08:02:48 ID: KF7yDPERl/
>>589
犬虐待ビデオ見て楽しいと言ってるような奴は人格攻撃されて当然だが、
好きなのは人それぞれだから犬虐待ビデオ見て楽しいという趣味に文句を言うなと言い張るつもりなのか？

591 ななしのよっしん 2019/03/12(火) 08:02:57 ID: 0ql7TN3sx8
9話素晴らしかったな
人間に服従する生き物なら使い捨ての遊び相手程度には扱って下さるキュルル様マジ慈悲深い

592 ななしのよっしん 2019/03/12(火) 08:05:28 ID: 3kNOY6rgIH
アニメ史に残るアニメのような最底辺のゴミ。なろう以下の主人公。何か必死に擁護する人がいるけど、くっさいので辞めろ。

593 ななしのよっしん 2019/03/12(火) 08:05:36 ID: KF7yDPERl/
犬を飼っておいて思っていたのと違うから捨てるのと同じムーブだったな
いやほんとこれ見て面白いなら人格に問題あるわ

594 ななしのよっしん 2019/03/12(火) 08:07:12 ID: b7kKJRdg1N
イエイヌに限った話じゃないけど、「そのキャラクターがその後どうなるのか」という想像力が徹底的に２の制作陣には足りてないよね
藍が足りない、なんて安い言葉は使いたくないけど、ゲストキャラを使い捨てのモブと思ってるんじゃないの監督と脚本は

595 ななしのよっしん 2019/03/12(火) 08:08:48 ID: XnHdz0bbWp
>>590
不快なモノとしては殆ど同レベルなのかもしれんが、客観的に見れば実在の動物が傷つけられてて法律でも厳しく罰せられる行為を映した虐待ビデオとただ描写が不快なだけのアニメとは本質からして違うものでしょ？

俺らが見てる物はあくまで公共の電波・動画サービスで見られるアニメ作品なんだって事を忘れちゃいけない

596 ななしのよっしん 2019/03/12(火) 08:09:48 ID: SWbBNKO7WI
コメントで「は？」が絶えなかったけど
少なくとも取り巻きヒロインらは幸せだったぶん
異世界スマホって優しかったんだなって

597 ななしのよっしん 2019/03/12(火) 08:09:50 ID: KF7yDPERl/
>>595
不快かどうかが論点じゃねえよ
この不快の何が楽しいのかだろ

598 ななしのよっしん 2019/03/12(火) 08:11:37 ID: i19O4pnqq9
>>589
確かに具体的にどこが楽しいという問題じゃないな
恩義に対する謝礼や礼節とか人間の根本的な価値観の問題だもんな
こんなものを平然と楽しんでる人間が礼儀知らずの恥知らずと思われても仕方ないよな

599 　 2019/03/12(火) 08:12:20 ID: P6p74Nv2u1
>>590
犬虐待ビデオには、実在の犬って言う被害者がいるけど、この作品にはいないじゃん。

現実とアニメの区別つかない人？？？
名探偵コナン見て、人殺害話を楽しむなんて信じられない、っていうの？？

600 ななしのよっしん 2019/03/12(火) 08:13:59 ID: eZX3GayPHG
キュルカス「おうちにおかえり」

そこはおうちにおかえりじゃないよね
真顔で笑ってこれ言うんだからサイコ以外の何者でもない

601 ななしのよっしん 2019/03/12(火) 08:14:50 ID: b7kKJRdg1N
実在の被害者がいないものでも規制しようって流れがあるのをご存じない？

602 ななしのよっしん 2019/03/12(火) 08:16:01 ID: 3rW+CPbs8+
>>574
それでけものフレンズの8話上映会は10万8千人が見て1の％からして10万6千人が喜んでるけど
けものフレンズ2の8話上映会は9千4百人が見て1は全体の838人だけど
10万人近くの人を楽しませられなかったことについて申し開きはあるか？

603 削除しました 削除しました ID: P6p74Nv2u1
削除しました

604 ななしのよっしん 2019/03/12(火) 08:17:19 ID: i19O4pnqq9
>>599
架空の物語が現実に与える影響を舐めてんの？
公共の電波がどれだけの影響力があるかわかってんの？

605 ななしのよっしん 2019/03/12(火) 08:21:55 ID: 3rW+CPbs8+
どんな屁理屈こねても1期の8話上映会と比べて10万人近く視聴者差があることと一番人が多かったのが1話の1万でからひたすら右肩下がりなことの言い訳はできない
さらに言えば1期最終回の上映会視聴者数は42万人、ねえ41万人減らして何が得られた？失望か？嘲笑か？悪名か？どうなんだよ言ってみろよ

606 ななしのよっしん 2019/03/12(火) 08:22:13 ID: lgSOE4FsRy
これがポリコレ棒ですか？

607 ななしのよっしん 2019/03/12(火) 08:22:34 ID: Ffa7BR9SaY
自演じゃないのこのやり取り
じゃないにしても荒らして規制目的か
キュルカスからの自動リンクも切られてるし
なんにせよキュルカス擁護派はgatoの記事でもいって楽しんで来いよ。あっちの方がお似合いだ

608 ななしのよっしん 2019/03/12(火) 08:24:01 ID: zNfos1Y1di
普通の話題にしようとしても種がねぇわコイツ
冗談交じりだったけどマジで性格最悪やんけ
叩く叩かないじゃなく褒めようがない

609 ななしのよっしん 2019/03/12(火) 08:28:06 ID: 7rsPXGnpSW
ポリコレ棒じゃなくてTPOでしょ……
なんで視聴者の多くが動物好きのアニメで動物を可哀想な目にあわせてなんのフォローもしないのかって話でしかない
ポリコレ棒ってのは猟友会の成果報告に「鹿が可哀想！」とか凸ってくバカのことでしょうよ

610 　 2019/03/12(火) 08:28:41 ID: P6p74Nv2u1
「作品の内容への批判はいいけど、ファンまで馬鹿にして攻撃するのはおかしいだろう」、って言うしごく当たり前の話で、荒らし扱いしてくる狂アンチ怖い。。

611 ななしのよっしん 2019/03/12(火) 08:30:10 ID: 3rW+CPbs8+
そのファンとやらが全力で喧嘩売ってくるならただの戦争でしょ

612 ななしのよっしん 2019/03/12(火) 08:30:22 ID: Ffa7BR9SaY
だからその理屈はgato好きと同じなんだって
むこうへおかえり

613 ななしのよっしん 2019/03/12(火) 08:30:40 ID: XnHdz0bbWp
>>597
その不快って言われてる部分以外、例えばなんかガヤガヤやってる雰囲気だけを感じ取って楽しんでるなんて言う人間もいるかもしれないだろ？
飯時に流れるニュース番組を流し見するみたいに

確かに世の中にゃこういった誰がどう見てもアカン物を逆張り的だったり煽りだったりで当てつけの様に楽しんで見てるぞなんて言う輩や楽しめないお前らが悪いんだろと攻撃してくる輩もいるが、不快な部分をそう気にする事なくその人なりの見方で悪意を持たず楽しんでる人もごくわずかにだがいる
そんな悪意なく楽しんでる人間までざっくばらんに括って罵倒するのは、批判する側としては「あいつら何であんな攻撃的なんだ」と後ろ指さされかねないとても危うい行為だと思うんだよな

まあ別に「おかしいんじゃねえのか」って思うのは間違った事ではないから、せいぜい「これが大勢の人間にウケると思った制作陣はおかしいんじゃねえのか？」ぐらいに留めておくべき

614 　 2019/03/12(火) 08:35:29 ID: P6p74Nv2u1
>>611
「そのファンとやらが全力で喧嘩売ってくるならただの戦争でしょ」って、先に喧嘩売ったほうが悪いって言う理屈なら、話の発端は「これ楽しめる人間って完全な心ぶっ壊れてると思うんですけど」って書き込みなんだけど？？

615 ななしのよっしん 2019/03/12(火) 08:36:30 ID: KF7yDPERl/
動物虐待ビデオ見て楽しんでるような奴が心ぶっ壊れてなかったら何が壊れてるんだよ

616 ななしのよっしん 2019/03/12(火) 08:36:29 ID: i19O4pnqq9
中立ぶってマウント取りにくるクズってほんとに最低だと思う

617 ななしのよっしん 2019/03/12(火) 08:37:28 ID: oIR052CQbh
子供の無責任さと悪意のなさと可愛げのなさを概念化したフレンズ
クソガキ説、言い得て妙だ

618 ななしのよっしん 2019/03/12(火) 08:38:59 ID: KF7yDPERl/
子供だって犬は可愛がるし、怪我をしたら心配して、命を助けられたら感謝すると思うんですけど

619 削除しました 削除しました ID: P6p74Nv2u1
削除しました

620 ななしのよっしん 2019/03/12(火) 08:45:05 ID: XnHdz0bbWp
（俺のせいでもあるが）話が妙な方向にヒートアップしてるけど、要は「その不快・不条理への怒り・嘆きは、不快・不条理を生み出してる大元の作品や制作側にぶつけるようにすべき」って事よ
そもそも、その楽しんでる人とやらを罵倒したりしても作品作ってる制作側にゃノーダメージなだけで誰の特にもならんしな

あと、ID: P6p74Nv2u1も段々と煽りっぽく書き込むのはどうかと思う

621 ななしのよっしん 2019/03/12(火) 08:48:17 ID: lgSOE4FsRy
gato勧めるのはいくらなんでもないと思った(小並感)

622 ななしのよっしん 2019/03/12(火) 08:49:44 ID: i19O4pnqq9
そういえばここはキュルル(けものフレンズ)の記事だったな
作品の倫理観を問うのはスレチだったか
存分にキュルルの魅力を語り尽くしてくれ
できるものなら。

623 ななしのよっしん 2019/03/12(火) 08:54:40 ID: KF7yDPERl/
1話から、こいつ偉そうで性格悪いな、となり
7話のゴマすりクソバードへの仕打ちで、こいつ陰湿だな、となっていたが、
9話のイエイヌへの仕打ちは本気で引いた。
こいつは許してはならない。

624 ななしのよっしん 2019/03/12(火) 08:54:42 ID: SWbBNKO7WI
「イエイヌちゃんに感謝や労りの言葉を述べるシーンが制作中のなんらかの事故でカットされた」と、最大限好意的に仮定したとしても
スケブ失くしたカラカルをねちねち咎めて「さっきのありがとう返してよ」なんて言うクソ恩知らず、ちょっと好きになれそうにない
マジで制作陣は何考えてキャラづくりしてるんですかね……

625 ななしのよっしん 2019/03/12(火) 08:58:25 ID: OfSlRs7Lpl
こいつ人じゃないやろ
畜生だろ

626 ななしのよっしん 2019/03/12(火) 09:00:07 ID: zNfos1Y1di
畜生に失礼だぞ

627 ななしのよっしん 2019/03/12(火) 09:08:17 ID: KxPx5IB7d5
どんなにひどいアニメの悪役でも越えられないキュルルの邪悪さ

628 ななしのよっしん 2019/03/12(火) 09:10:51 ID: GjnMZhml4U
物語上罰せられない分コイツは悪役よりもたちの悪い悪だよ

629 ななしのよっしん 2019/03/12(火) 09:13:35 ID: Ffa7BR9SaY
>gato勧めるのはいくらなんでもないと思った(小並感)
人間の為にぼろぼろになっても「命令をください」と言わせて手当一つせずそのまま放逐するのが好きというなら彼らの嗜好に近いよ
彼らの論理のひとつに「猫ちゃんは虐待されて喜んでるよ」というのがあるしね
あのシーンを面白い、楽しいと素直に思うのは勝手だけど、快く良く思わない人もたぶん大勢いる。制作だけを叩けは正論だと思うけど、面白いと制作に同調する以上は非難に巻き込まれても仕方ないと思う

630 ななしのよっしん 2019/03/12(火) 09:13:39 ID: KF7yDPERl/
前に伊藤誠とどちらが酷いかの話で減点評価なら流石に誠の方が酷いと話をしたけど、
9話で酷さは並ぶか上回ったな。
散々気持ちよくなって妊娠させたら捨てるのと同じだろこれ。

631 ななしのよっしん 2019/03/12(火) 09:14:40 ID: nxy/mdZiJk
このクズまた何かやらかしたの？

632 ななしのよっしん 2019/03/12(火) 09:22:13 ID: 2OGJAnDtQ2
>>628
ゴーオンジャーの楼山早苗かな？

633 ななしのよっしん 2019/03/12(火) 09:22:25 ID: YOaT2fT0ZR
>>631
ボロボロになってもビーストから守ってくれたイエイヌにお礼も言わない
そしてイエイヌの目の前でサーバルのことは褒めちぎった
極めつけが笑顔で「おうちへおかえり」と言って怪我の治療もせず泥だらけの状態のイエイヌを追い払った

なお細谷Pはお気に入り回らしい

634 ななしのよっしん 2019/03/12(火) 09:24:52 ID: XiPDx8xwwR
尚ビーストに襲われた原因は危ないって言われてるのにサーカラが心配だからって理由で勝手に飛び出したせい
そのくせ遭遇したら速攻逃げ出そうとした模様

635 ななしのよっしん 2019/03/12(火) 09:28:01 ID: 1741vEZUTU
自分の為に命張った機械（シロムシ）に涙するわかばと
自分を守ろうとボロボロになったフレンズを放置して礼すら言わないキュルル
たつき脚本と比べるとキュルルの極悪さが更に滲み出てるな
まじでなんでこんな奴主人公にしたんだ

636 ななしのよっしん 2019/03/12(火) 09:28:41 ID: KgIQuOMj4p
ボロボロでマジで死にそうな感じのイエイヌに何一つ言わない、
助けに来て追い払ったサーバルたちとイエイヌを放置して会話しだして、
死に体のイエイヌが別れ際に「おうちへおかえりって言ってください」って言われてやっとイエイヌにそのまま言葉を返しただけ。

人が戻ってくることが無いおうちに傷だらけのイエイヌだけが戻ってずっと待ってると思うと胸くそ悪いオチ

637 ななしのよっしん 2019/03/12(火) 09:30:33 ID: zNfos1Y1di
真面目な話9話作ってて何かしら思う事は無かったんかね？
自分は見てるだけでもう色々いたたまれなくなったんだけど

638 ななしのよっしん 2019/03/12(火) 09:35:15 ID: Ffa7BR9SaY
「命令してくれてありがとう」の感涙までイエイヌに流させてるのが
最高に気分悪かった。命令されるのが好きという犬の習性表現だと間違いなく思うけど、それは信頼関係のある主人の命令であってとにかく誰でもいいから命令してくださいとするのは痛ましかった。そこまで見境ないなら相当な人恋しさの孤独感で変になってるからな（そんな状態の犬自分は見たことないけど）
で、その人恋しすぎるイヌをそのまま元の孤独な家に帰したわけだ。
うーん気分悪い。

639 ななしのよっしん 2019/03/12(火) 09:38:36 ID: XiPDx8xwwR
>>638
既に人が居なくなって荒廃してた一期より更に後だから、寿命を考えても何代にも渡って人を待ち続けてる可能性が高いんだよな…

640 ななしのよっしん 2019/03/12(火) 09:46:38 ID: pn/7p9AWqV
キュルカスという単語が記事もないのに急上昇ワードにある意味を考えてみよう

641 ななしのよっしん 2019/03/12(火) 09:47:08 ID: KF7yDPERl/
あの家にはこの先永遠にヒトが来ることは無い
最後に会った人間からは何の感情もお礼ももらえず、
練習した茶すら一口も飲んでもらえず避けられて、
ボロボロになった傷と記憶だけ残して、永遠に来ない人を待つんだな。

胸糞すぎるわ

642 ななしのよっしん 2019/03/12(火) 09:56:14 ID: Ffa7BR9SaY
連れて行けよ
それが物語展開上不都合なのは察するけど
あれを正当化させるためのワンクッションひねり出せよ
人恋しすぎる犬が欲しがるのはハウスの命令以上に、人のそばにいる事だろう

643 ななしのよっしん 2019/03/12(火) 09:56:26 ID: pNJD1pgjry
まあ強制的に拉致って連れてきたんだからイエイヌにも悪い点はある（ダブルスフィアのせいだが）
だがそれを抜きにしてもキュルカスには人の心がなさすぎだなｗ
せめてねぎらいの言葉ぐらいかけてあげるべきだった

644 ななしのよっしん 2019/03/12(火) 10:04:55 ID: 7rsPXGnpSW
キュルルが一瞬でも気遣いを見せて家まで送ろうとして、それをイエイヌが（ヒトのことを思って）断った後にあの言葉なら多少はマシになってたでしょ
脚本か監督かしらんけどこれ作ったやつには人の心がない

645 ななしのよっしん 2019/03/12(火) 10:06:50 ID: dvBTM0noO5
お前ごときが榊遊矢に勝てると思うな(人間性的な意味で)

そろそろキュルルのキャラ(行動)を記事に書いてもいいんじゃないですかね。良いところがなくても事実を列挙した結果なんだから仕方ない。あ、かばんや博士でも気づけない真実に気づく洞察力？はあったか

646 ななしのよっしん 2019/03/12(火) 10:12:56 ID: 7rsPXGnpSW
最近ノルマの玩具もこなしてないし、本当に何がしたいのかわからない

647 ななしのよっしん 2019/03/12(火) 10:13:39 ID: KF7yDPERl/
行動した事実を列挙するだけでも相当酷いことになるぞこいう

648 ななしのよっしん 2019/03/12(火) 10:14:59 ID: A/cEM4oRJY
なんでこいつは仮にもヒトと同じ姿であるフレンズ達に対してああも惨い仕打ちが出来るんだろうな
相手が自分と同じ喋って心を持って生きている存在だと認識出来ていないのだろうか……
こいつ本当にヒトか？

649 ななしのよっしん 2019/03/12(火) 10:16:48 ID: i2Wd9ZF5yM
いやホント、今回は嫌な奴にしか見えないよ。
フォローしようがない…
連れて行けとは言わないけど
せめて手当て、最低限お礼は言えよう！

650 ななしのよっしん 2019/03/12(火) 10:18:45 ID: 1741vEZUTU
擁護派が「イエイヌがヒトを待つ使命を大事にしてるからキュルルはそれを尊重した」とか言ってるけど、別に連れてかないから不満があるわけじゃなく、ボロボロになったイエイヌを放置プレイ・感謝無し（サーバルには言う）・ボロのまま一匹帰させるのトリプルコンボだから胸糞悪く見えんだよ

展開どうこうよりキャラの行動や言動で極悪に見えるの、某炎上ゲームに似てる
スタッフは本当に何も違和感無かったんかっていう

651 ななしのよっしん 2019/03/12(火) 10:38:10 ID: x9bRY3uwgF
作ってる側の倫理観がアレだと生まれがちよねこういうナチュナルに不快なキャラ

652 ななしのよっしん 2019/03/12(火) 10:56:33 ID: zNfos1Y1di
作中で罰を受けたり問題を指摘されない分、元々ヘイト対象となる敵とか悪役以上に不快になる奴

653 ななしのよっしん 2019/03/12(火) 11:11:40 ID: +KcthNrGks
9話見て、今作に絶望的に足りないのは、フレンズがなにか失敗や不和を起こした後のフォローなんだって気づいた。
人間性ってのは知能よりもストレートに作品に出るよね
https://twitter.com/rasiel9713/status/906777425631100929

654 ななしのよっしん 2019/03/12(火) 11:15:53 ID: zs8Ig/eXAm
>>645
視聴者的に納得できない方法であったけど
遊矢はちゃんと相手を笑顔にさせようとしていたり気遣ってはいたからな・・・

655 ななしのよっしん 2019/03/12(火) 11:22:06 ID: nxy/mdZiJk
「僕は人だからけものじゃない」
そもそも人の心を持ってるのこいつ？

656 ななしのよっしん 2019/03/12(火) 11:28:51 ID: GFrFrZmFKE
9話とキュルルの評価がヤバすぎて録画見るの怖いんだけど…
こいつの「僕はけものじゃなくヒト」路線の大失敗の象徴になってそうで今から寒気がしてるわ

657 ななしのよっしん 2019/03/12(火) 11:34:57 ID: x9bRY3uwgF
ヒトなのにけものどころか畜生以下の倫理観

658 ななしのよっしん 2019/03/12(火) 11:36:49 ID: LJyCq/ZYON
例えばこれがポケモンだったら、イエイヌを友情ゲット、仲間を増やして次の街へっていう展開が自然にできると思うんだ
けもフレ2には最終的にキュルサーカラの3人旅にしなきゃいけないっていう前提条件があるからその展開ができずにああいう可哀想な終わり方をさせるしかできなくなってしまう

しかも3人旅にしなきゃいけない理由って脚本上の問題であって作中での理由付けが一切ないからサイコパス感が目立ってしまう
けもフレという作品と相性が悪い展開をなぜわざわざ選んでしまったのか

659 ななしのよっしん 2019/03/12(火) 11:43:53 ID: u4Ya/OAhAg
どうしてもイエイヌのおうちにおかえり発言が目立つが、そもそもどうしてこうなったのか思い出して欲しい。
キュルルはサーバルカラカルに「ビーストがいるということを知らせる」という理由で家を飛び出したよね？
家を飛び出したせいでイエイヌは人を守るために着いていく事になって、そしてビーストとの戦いでボロボロになって、もしサーバルカラカルが来なかったら殺されていた。
で、肝心のサーバルカラカルは特にビーストとの苦戦とかはなし(というかサーバルの睨めつけるで逃げ出した)
別にサーバルカラカルに知らせなくても大丈夫な事であって(今までの戦績から見ても大丈夫だという事ぐらい分かる)客観的に分析すれば家にいた方が安全、だというのに一時の感情に任せて出ていった。(もし遭遇したらという想定無しで)
つまり、キュルルの「余計な行動」にイエイヌが「殺されかけた」ってことだ。
まあ、仕方がない。誰だって余計な事をしてしまって迷惑をかける事があるさ
と思って見てたらイエイヌに対してなんの弁明も無し、というかサーバルに擦り寄ってイエイヌを見向きもしない。イエイヌから喋りかけてくるまで首を振り向かなかった。キュルルを守ろうとしてボロボロの状態だというのに心配の言葉すらねえ(カラカルが心配する展開ってなんだよ)
なんだよこれは、ふざけるな

660 ななしのよっしん 2019/03/12(火) 11:49:40 ID: zcLLxM+IEw
もうダメだわこいつって感じ

661 ななしのよっしん 2019/03/12(火) 11:50:40 ID: KF7yDPERl/
もう見返すのも嫌なんだけど
キュルカスがイエイヌが一生懸命練習したお茶を
わざわざ本人の目の前で不快そうに除けて一口も飲まなかった理由って
何か説明されたっけ？
まさか本気で、けものから出されたものなんか飲めないって考えなの？
アルパカさんのお茶も突き返すのかこいつ

662 ななしのよっしん 2019/03/12(火) 11:53:36 ID: y5iDJcPzpr
>>655
自分を人だと思っている畜生以下のゲス野郎だよ。

663 ななしのよっしん 2019/03/12(火) 11:56:14 ID: OfSlRs7Lpl
かなり懐いてくる弱いやつよりそこそこ懐いてる？強い方を取る
人らしい賢い()選択やね

664 ななしのよっしん 2019/03/12(火) 12:00:45 ID: hveS9cmktr
ガチで正体表してて笑いすら起きない
本気でない方がよかったと思った初めてのアニメ

665 ななしのよっしん 2019/03/12(火) 12:04:25 ID: sfI09aL1Wy
今回の話、漫画版の内藤先生ならかなりうまく料理してくれそうな気がする

カラキュル路線がはっきりしたのは良かったし、お話のテーマ自体は感動路線になりえるものだったと思うよ
それまでにサーカラキュルをまともに積み上げてこなかったのが問題なのであって、漫画版はちゃんと積み上げているから

666 ななしのよっしん 2019/03/12(火) 12:12:23 ID: KF7yDPERl/
もう漫画程度で許されるような状況じゃないと思うわ

667 ななしのよっしん 2019/03/12(火) 12:36:14 ID: pAVrnA0IiP
セルリアンよりもビーストよりも邪悪
けものエネミーズとか言ってたら主人公の人間が一番のエネミーだったというオチ

668 ななしのよっしん 2019/03/12(火) 12:44:00 ID: XiPDx8xwwR
全然修正の余地はあるくらい土台はいい話だと思う、実際に出来たもんがマジのゴミだっただけで
出されたお茶→飲む、リアクションを取ってあげる
ビースト→キュルルが飛び出していく展開でなくカラカル達を探しに行ってる途中に遭遇するようにする
逃げよう→一度逃げようとして逃げても無駄だということを強調する
守ってくれたイエイヌに対して心配、感謝、家まで連れ帰って手当
一度旅に連れてこうとする、別れを惜しむなどする
家が見つかった時はまた来ると約束する、他の人に会ったらイエイヌの事を伝えるように言う
ざっとこうすれば結構いい話にならんか？

669 ななしのよっしん 2019/03/12(火) 12:45:54 ID: KF7yDPERl/
その程度のことも当たり前にできない奴らが話を作ってるからなこうなってるんですよ。
情報どころか価値観すら共有できない悪魔みたいな奴らが

670 ななしのよっしん 2019/03/12(火) 12:45:59 ID: gCh/3kvSmE
伊藤誠、桜内義之、キン肉万太郎、ミストさん、
近年の幕之内一歩みたいに「神経逆撫で系主人公」の道を歩んでるなあ…。
もはや漫画版だけが最後の砦だ

671 ななしのよっしん 2019/03/12(火) 12:47:25 ID: uE6bLVA1vO
>>668
そこまで改造しなきゃ良い話にならないのなら
1から作り直した方が早いのではないだろうか？

672 ななしのよっしん 2019/03/12(火) 12:48:19 ID: f56o1sCURj
>>654
遊矢はその笑顔にしたいと主張している相手や観客を世界ごと滅ぼしても「自分は悪くない」と主張するような奴だぞ。
しかしマジで遊矢とキュルルどっちが人間性的にマシなのか。「自分のせいで死にかけた相手に謝罪一つしない」程度にはどっちも性格悪いけど。あとどっちも他人に上から目線なところも共通点か。

673 ななしのよっしん 2019/03/12(火) 12:51:17 ID: 7rsPXGnpSW
９話は外すのが難しいぐらいに普通に書いたら面白くなるはずの話だからな
試しにキュルカスをかばんちゃん、カラカルをサーバル（一期）に置き換えて想像してみればいい
キャラクターさえ正常に動いてればどうとでもなる（無能暴力探偵？ しらん）

674 ななしのよっしん 2019/03/12(火) 12:55:25 ID: x9bRY3uwgF
>>668
わかる、ベタだけど骨格だけならそこまで悪くない話なのよね
それをここまで胸糞で不快なクソの山に仕上げられるのはある意味すげーわ

675 ななしのよっしん 2019/03/12(火) 12:57:03 ID: KF7yDPERl/
主人を待ち続ける犬、って王道も王道の感動ストーリーだけど、
それをここまで踏みにじって糞にできるって、よほど人間性が腐りきってないとできないよ。

676 ななしのよっしん 2019/03/12(火) 13:04:48 ID: DZwyqZr3xK
「サーバル、君はヒトに幸せを運ぶ天使です」
「けものが人間様に、楯突くんじゃない・・・！」
「けものが夢みてんじゃねぇ！」

677 ななしのよっしん 2019/03/12(火) 13:06:40 ID: hO3ZmN5FbZ
さすがに今回のキュルルの言動は擁護できんな
心配してたカラカルの気も知らないで遊んでた挙句、喧嘩するし
家のような場所へ連れてこられたのはもともとはイエイヌがアルマーとセンちゃんに依頼したせいとはいえ、イエイヌの制止を聞かずに飛び出して、巻き添えにして怪我する原因になったのに心配もしない。この振る舞いは人としてまずい

678 ななしのよっしん 2019/03/12(火) 13:14:21 ID: 3EfYgj49/b
なんか作品叩きの道具としてイエイヌ持ち上げてるようにしか見えないんだけど。
行動だけ見れば拉致って軟禁だしクソストーカーでしかないよね
イエイヌに感謝しろって人はミザリー見て、あのおばちゃんに主人公が感謝しろって言えるの？

679 ななしのよっしん 2019/03/12(火) 13:18:43 ID: KF7yDPERl/
PPPへの暴力の末に拉致したのはダブルスフィアなんですが

680 ななしのよっしん 2019/03/12(火) 13:22:27 ID: KIOaMyst3R
イエイヌはキュルルのスケッチブックを見て思ってたのと違うと逆ギレしたり逃げるのを防ぐために足を切断しようとしましたか……？（小声）

681 ななしのよっしん 2019/03/12(火) 13:24:24 ID: x9bRY3uwgF
キュルカスはミザリーおばさんに理不尽にボコボコにされて欲しい

682 ななしのよっしん 2019/03/12(火) 13:27:51 ID: xJXcPolHVg
例えば依頼人が探偵に猫探しを依頼したら、そいつが実は粗暴な奴で
住居侵入に暴行の末、嫌がる猫の尻尾を掴んで持ってきたら
それは探偵の本質を見抜けなかった依頼人の罪になるんですかね…？
作中ほどヘイト貯めずに好意的に連れて来てくれたらキュルルだってここをゴールの家とする
とまでは行かなくとも多少マシな別れ方か旅の道連れになりえたかもしれないと思うけど
キュルルだって最初に納得の上で同行してたらあんな酷い放置かまさないはず(希望的観測)

683 ななしのよっしん 2019/03/12(火) 13:33:41 ID: WKGxR55UU7
>>678
お前の反応で今回の失敗を確信したわ
イエイヌちゃん忠義的な面よりヤンデレな面の方がクローズアップされすぎなんだよ なんであんなにクソにしか描写できないんだ

684 ななしのよっしん 2019/03/12(火) 13:37:04 ID: uE6bLVA1vO
４話最後の時点ではそこそこ穏便だった上に腹音探してるのが居るのも聞いてたんだから
その時について行けばＰＰＰへの暴行も無かったと思うんだ。

685 ななしのよっしん 2019/03/12(火) 13:37:07 ID: /DAti75K5l
キュルルがイエイヌにいまいち警戒心を解かなかったのも人を連れてきてほしいとだけ頼まれたダブスフィが独断で乱暴したのをイエイヌの指示だと思ってるから
で済ませていいと脚本は考えてそうな節がある
すれ違いが面白いでしょ？とか本気で思ってそう

686 ななしのよっしん 2019/03/12(火) 13:37:14 ID: x9bRY3uwgF
イヌの描写としては滑ってるよなアレ
今回犬好きの人と犬飼ったことある人がみんな揃ってキレてて笑うわ

687 ななしのよっしん 2019/03/12(火) 13:37:59 ID: KF7yDPERl/
ボロボロになるまで仕事して助けてもらったのに感謝せず追い払う

まんまたつきへの仕打ちと同じじゃねーか

688 ななしのよっしん 2019/03/12(火) 13:38:46 ID: pNJD1pgjry
イエイヌは探偵オタどもに人間探しを依頼しただけだもんな
拉致監禁暴行の三連コンボを食らわせたのはあくまでダブルスフィア
どうでもいいけど檻を自力で破壊するとかやっぱキュルカスってターミネーターだろｗ

689 ななしのよっしん 2019/03/12(火) 13:45:21 ID: GFrFrZmFKE
見てきた
やっぱこいつヒトの輝き奪ってヒトのふり(何が良いところなのか理解できてないからクッソ下手)をしてるだけのセルリアンじゃね？
じゃなけりゃ啓発目的で悪意たっぷりに「これがヒトだよ。これが現代のヒトとけものの在り方だよ」と敢えて描いたとしか思えないわ

690 ななしのよっしん 2019/03/12(火) 13:51:46 ID: hO3ZmN5FbZ
6話くらいから明らかに粗暴になった気がする
2話では知ったかしてたレッサーパンダにすら礼を言い
4話では運転手のラッキービーストには礼を言うし、だーよのラッキービーストに勘違いを謝罪したり、礼儀良さそうに見えたのに、6話では海面から引き揚げた博士と助手に怒るし、9話ではカラカルと喧嘩してばかりな上にイエイヌには礼も気遣いも無し。礼儀を知らない子供としてキャラクターを作ってるんだろうか

691 ななしのよっしん 2019/03/12(火) 13:55:02 ID: 7rsPXGnpSW
お、キュルルが急上昇十位以内に入ってるやん！
キュルカスもいい位置まで来てるゾ

692 ななしのよっしん 2019/03/12(火) 13:58:50 ID: aLYbY7l5Cf
人間の傲慢さを描いたキャラだった…？
「僕はけものじゃないよ」を何度も繰り返したのもこのための伏線か

693 ななしのよっしん 2019/03/12(火) 14:33:03 ID: y5iDJcPzpr
というか4話の時点で素直についていけばスフィアも
強硬手段取る必要なかったんじゃない？
明らかにあの一行に問題があるようにしか見えないんだけど

694 ななしのよっしん 2019/03/12(火) 14:34:07 ID: 8fdLcYu8wA
キュルルたちはまた一人になってしまうイエイヌを心配するが、イエイヌはご主人様との約束だからと家に残ることを選び、キュルルは「家が見つかったら必ず遊びに来るよ」と約束してその場を去る（もちろんちゃんと家までは送る）
こういうのが見たかったんだけどなーなんであんな救いのない胸糞展開になってしまったんだろう

695 ななしのよっしん 2019/03/12(火) 14:40:04 ID: KxPx5IB7d5
正義の裁きを受けるべきクソキャラクター

696 ななしのよっしん 2019/03/12(火) 14:43:28 ID: lT9mEawv2e
イヌだって付き合う人間を選ぶんだよ
お前らだって道歩いててイヌに威嚇されたことあるだろ？

キュルルマンセーさせることから逆算してキャラ作ってるからなろう系だと言われるんだよ

697 ななしのよっしん 2019/03/12(火) 14:50:39 ID: fzY/tnMMzA
漫画版のキュルルちゃんはクッソ可愛いんだけど、けものフレンズ２のキュルルはなぜ吐き気を催す屑にしか見えないのか。

698 ななしのよっしん 2019/03/12(火) 14:57:44 ID: GFrFrZmFKE
漫画版を褒める人多いけど漫画版ってそんなに上手く改変してるの？

699 ななしのよっしん 2019/03/12(火) 15:03:58 ID: W0eSMPd2rT
助けようとしたお礼を言うボロボロで危ないし家まで送る　ついでに絵を描く　次の日待っている人を探すのに協力すると告げ出発する　これだけでも大分印象が変わる　なおキュルカスはもうめんどいから帰れと言った模様

700 ななしのよっしん 2019/03/12(火) 15:11:28 ID: fzY/tnMMzA
>698
改変というか元のアニメがスカスカすぎるのをキチンと埋めているからちゃんとしたキャラに成っている。かな？あと表情とか視線がちゃんところころ変わるからアニメより動きがいいし、感情が読みとれる。アニメ版のキュルルって9話も消化してるのにどんなキャラかわかんないだろう？

701 ななしのよっしん 2019/03/12(火) 15:16:28 ID: FIdWYFfeuA
https://imgur.com/a/XqIhx1L

702 ななしのよっしん 2019/03/12(火) 15:26:30 ID: IsHAIIMdr1
制作陣が「イエイヌ」の「イエ」の意味を勘違いした説

「イエイヌ」＝「domestic dog」、「イエ」＝「domestic」＝「人類と一緒に生息する」、故に人間と一緒にいたい、その上にキュルル一行に付いていくのほうがむしろ自然

が、制作陣「イエとは家にじっとしろって意味ダルォォ？」→キュルカス達に「家」に捨てた

703 ななしのよっしん 2019/03/12(火) 15:37:07 ID: tlvsp8gJPF
イン“キュ”ベーターのフレンズ
フレンズ達を絶望させてエネルギーを回収してる

704 ななしのよっしん 2019/03/12(火) 15:39:21 ID: CGDmH/0kxG
続編を作るうえで「やってはいけない事が全て詰まった続編」作品の主人公だよな
昔デビルマンが実写化された時にとある映画監督が「今後実写映画を作ろうとしている人達は絶対に見るべき。実写映画でやっちゃいけない事全て詰まっているから」って批評していたが、けもフレ2とキュルルはコレにもの凄く似ていると思う
続編作品として、物語を引っ張っていく主人公として絶対にやってはいけない事を片っ端からやっていく、まさに反面教師って感じのキャラクターだな
色んな意味で勉強になるわｗ

705 ななしのよっしん 2019/03/12(火) 15:55:11 ID: b7kKJRdg1N
今回のことで続編関係ないクソ野郎になってしまったけどね
公式メアリー・スーってあだ名すら生温い

706 ななしのよっしん 2019/03/12(火) 16:18:28 ID: TrpAr9dm6P
実はヒトじゃなくてセルリアンの亜種なんじゃないか
最終回は本性を現したギュルル対パークのみんな

707 ななしのよっしん 2019/03/12(火) 16:33:21 ID: bWSXyiuAey
もう意図的にコンテンツ壊してるだろ

708 ななしのよっしん 2019/03/12(火) 16:40:22 ID: +kTtnexeaC
なんで「ついて来るかい？」と言わなかったんだろね
最終回まで3話だけだがヒト1人、猫2匹、犬1匹というなかなかいい構成のパーティーになったのに
ていうか、最初からイエイヌ、ゴリラ、ゴマすりクソバードの疑似桃太郎パーティーで行けばよかったんじゃ…

709 ななしのよっしん 2019/03/12(火) 17:29:44 ID: YE2DTjx/pj
キュルルはさぁ…心配してイエイヌに大丈夫？って駆け寄ってあげてよ。そんでありがとうって言ってくれよ。
背中向けてガン無視ってどういう演出なんだよ。おかしいやろ。

710 ななしのよっしん 2019/03/12(火) 17:57:42 ID: BlOziTUeJ+
（誰に向けてかは知らんけど）演出面で悪意が剥き出しだからなぁ
わざとやってるとしか思えんよな

この内容でＰが絶賛してるのも意味不だけどどういう狙いがあるのやら

711 ななしのよっしん 2019/03/12(火) 18:04:57 ID: v7ZaP3qmwj
公式けものフレンズ.exeの主人公にふさわしい振る舞いですね

712 ななしのよっしん 2019/03/12(火) 18:30:05 ID: q3peI9HgPH
1話、7話、8話を今まで見てきた俺
「キュルルってそんなにクズじゃなくない？
かばんちゃんには聖人さは全く及ばないけれど」
って思った。
でも9話みたらキュルカスにムカついた
全体的に態度が悪すぎだろ

713 ななしのよっしん 2019/03/12(火) 18:32:23 ID: KF7yDPERl/
7話のゴマすりクソバードエピソードでもクズじゃないと思えるのは相当だろ

714 ななしのよっしん 2019/03/12(火) 18:53:17 ID: pNJD1pgjry
７話はゴマクソの態度も悪いし三人一緒に描いてやれとかわりと難癖じみてるから
あれだけ見てクズっていうのはちょっと偏見入ってる

だがイエイヌの件は言い逃れできませんな

715 ななしのよっしん 2019/03/12(火) 18:56:45 ID: nzsyDjkrxv
8話までだとキャラが立ってない(主人公としてどうかは置いといて)程度だったけど
9話の行いはフォローできない、完全に嫌な奴だもん

716 ななしのよっしん 2019/03/12(火) 19:12:09 ID: PImKpAwy/R
犬畜生以下という罵倒がイヌに対して失礼なレベル

717 ななしのよっしん 2019/03/12(火) 19:12:51 ID: pn/7p9AWqV
ナチュラルボーンサイコクズ

718 ななしのよっしん 2019/03/12(火) 19:26:28 ID: XiPDx8xwwR
8話では居場所がどうとか言ってマーゲイキュンキュンさせてたやんけ…
何で今までのどのフレンズよりも頑張ってたイエイヌちゃんには何も言ってあげないんだよ…

719 ななしのよっしん 2019/03/12(火) 19:40:58 ID: gCh/3kvSmE
作り手が「当たり前のこと」を考えられないと、こういうサイコが出来上がるんだなぁ。と痛感した

720 ななしのよっしん 2019/03/12(火) 19:42:18 ID: kSfCCndtIJ
受け手に考える能力がないと、相手をすぐにサイコ扱いしてしまうんだなぁ。と痛感した

721 ななしのよっしん 2019/03/12(火) 19:43:18 ID: KF7yDPERl/
猫虐待動画でも見ながら言ってるのか？

722 ななしのよっしん 2019/03/12(火) 19:46:10 ID: x9bRY3uwgF
>>719 
作る側の感性とか人間性ってキャラにモロに反映されるからなぁ
脚本書いてて9話のこいつの行動に違和感覚えないのは相当アレ

723 ななしのよっしん 2019/03/12(火) 19:54:49 ID: Yd8u3716QD
キュルルさんと呼ぼう（呼び捨てにするほど親しみを感じない）

724 ななしのよっしん 2019/03/12(火) 20:05:23 ID: ZFRBmdMcDx
ここまで叩く必要ないでしょ……
キュルルはまだ子供なんだからそんな思慮深さは期待しちゃダメでしょ……

725 ななしのよっしん 2019/03/12(火) 20:09:16 ID: uQ9jQqPcZs
これが現実での出来事ならそうだね
でもこれは良い年した社会人のおっさんたちが頭こねくり回して作ったキャラクターなんだ

726 ななしのよっしん 2019/03/12(火) 20:09:31 ID: K0LzvD5rQJ
子供だから残虐に描いていいわけじゃねぇよ
それをたしなめる大人が劇中に絶対にいなきゃいけないんだよ
そして今回それが誰もいないから視聴者が代わりにやってんだよ
そんでその子供は制作者になるんだよ　
役割を外に持って行った時点で創作としては3流なんだよ

727 ななしのよっしん 2019/03/12(火) 20:10:43 ID: EkOUqQz9Lc
とりあえず相手に迷惑かけたらごめんなさいしよ？な？

728 ななしのよっしん 2019/03/12(火) 20:12:57 ID: s/r8e16kkM
むしろ子供なのにお礼や心配すらできないのはまずいと思うんですけど
というか最初はきちんとお礼してたよね？
回が進むごとに性格悪化するとかどういうことよ

729 ななしのよっしん 2019/03/12(火) 20:13:58 ID: q3peI9HgPH
>>713
ゴマクソはぶったことど忘れしてたわ ゴマちゃんごめん
それにしても、個人的にそれ以上に9話に腹が立った

730 ななしのよっしん 2019/03/12(火) 20:16:57 ID: x9bRY3uwgF
>>728
旅を通して成長していくならともかく劣化していくってのはマジでどういうことなのか

731 ななしのよっしん 2019/03/12(火) 20:18:57 ID: kSfCCndtIJ
良い年した奴らがアニメキャラを必死に叩いてるという現状
作り手の感性が直接キャラに反映されていると考えてしまう短絡的な思考のオタク多すぎない

732 ななしのよっしん 2019/03/12(火) 20:20:18 ID: KF7yDPERl/
キャラを作った人間はもはや猫虐待動画を撮ってる人間と変わらないレベルの悪趣味だよこれ

733 ななしのよっしん 2019/03/12(火) 20:21:00 ID: 2OGJAnDtQ2
>>731
ニコ百に何しに来たの？

734 ななしのよっしん 2019/03/12(火) 20:21:30 ID: ZFRBmdMcDx
ちょっとキュルルに対する風当たりが厳しすぎるからフォローするけどさ、あくまでイエイヌ視点であってキュルルはまさに歓迎するべきお客さんであって今回の話はイエイヌの中で解決するべき話なんだよ。だから今回はキュルル側から意思を見せる必要はなかったんだよ。
ビーストが出る前にキュルルに居てほしいと執着するけど後にカラカルが来て本当にキュルルの傍にいるべきフレンズが誰なのかを察する。だから今回はイエイヌが気を使って下がる必要があったわけでむしろいう事を聞いたキュルルは十分役割を果たしたと思うんだけどなぁ……

735 ななしのよっしん 2019/03/12(火) 20:22:21 ID: K0LzvD5rQJ
>>731
文学部にそれ言ったらマジ切れされるぞそれ

736 ななしのよっしん 2019/03/12(火) 20:22:29 ID: wzIVV/65yl
可愛くもなければ性格も悪いって救いようないじゃないか

737 ななしのよっしん 2019/03/12(火) 20:22:45 ID: Yqmb0pftjI
自分を慕っていて、一緒に遊んだりもした相手が
危険な状況で泥だらけになりながら自分を守ってくれたのに
気遣うこともせず言われるがまま「おうちにおかえり」はさすがに酷すぎる

こんな話考えたやつもゴーサイン出したやつも正気を疑うわ

738 ななしのよっしん 2019/03/12(火) 20:24:48 ID: x9bRY3uwgF
>>737 
気遣うどころか目もくれないで仲間と談笑してるのサイコすぎて笑う
スタッフは誰も疑問に思わなかったのかアレ

739 ななしのよっしん 2019/03/12(火) 20:26:07 ID: BDHkGKJaZ3
木村監督湧いてんじゃん
こんなとこでキュルルさんの擁護しないでもっと面白い作品作ってください

740 ななしのよっしん 2019/03/12(火) 20:30:10 ID: uRsQy0WSWU
まーたKMRのエゴサかぁ（呆れ）
漫画版はいい感じに可愛らしさを保ってるのにアニメの方は
マジで性格や言動やキャラデザから
障害者みたいなキャラになってんだよなぁ

741 ななしのよっしん 2019/03/12(火) 20:34:36 ID: b7kKJRdg1N
>>735
わい文学部卒やけど、人によりけりやとは思うで
特に現代エンタメはシステマティックに作る手法が確立されてる
んで、けもフレ２はどうかっつーと、

①言峰綺礼みたいなサイコパスが作った
②プロの仕事としてはあまりに杜撰すぎる設計で作られた
③視聴者を楽しませる以外の目的で作られた、

このどれかだと思う
映画だと「ブラック・スワン」の監督が「マザー！」っていう全く面白くない胸糞悪い作品撮ってるんだけど、これは③にあたる
アニメ艦これはおそらく②
①は精神異常者が描いた絵とかかなぁ

742 ななしのよっしん 2019/03/12(火) 20:38:43 ID: 8fdLcYu8wA
>>734
主に批判されてるのはそこじゃなくて、ボロボロになってまで守ってくれた相手にお礼一つ言えない（言わない）ことだと思うよ
イエイヌの意を汲んでお家にお帰りと言ったのはまあ、描き方が下手糞なだけで理解できない訳じゃない

743 ななしのよっしん 2019/03/12(火) 20:44:38 ID: K0LzvD5rQJ
>>741
おまえさんもまたズレてんな
リプ返はけもフレの中身のこと言ってんじゃないんだよ
創作物に対してマジになって人物考察とかしてんじゃないよってことに対して、そういう考察を仕事にしてるやつもいるんだからバカにするなって言ってんの。
今まさにあなたがやってることをバカにされてんだよ

744 ななしのよっしん 2019/03/12(火) 20:45:51 ID: EvYfGDYNLE
もう限界だ
誰かキュルカスが凌遅刑に会う絵を投下してくれ
とにかくあいつをぶち殺したくてたまらない

745 ななしのよっしん 2019/03/12(火) 20:47:22 ID: B7AmBCtItM
滅多なこと言うなよ

キルル様にキルされるぞ

746 ななしのよっしん 2019/03/12(火) 20:47:48 ID: fzY/tnMMzA
>>741
けものフレンズ2はけものフレンズで築き上げた良かった部分を全て潰して、コンテンツを一度真っ新にしてけものフレンズ3に引き継ぐ為に作られたと思うから③の気がする。

747 ななしのよっしん 2019/03/12(火) 20:48:25 ID: ZFRBmdMcDx
けもフレの原作は総監督ではなくて動物だからね。
大事なのは目の前のフレンズについて……ではなくてその先にある動物を見る事だよ。イエイヌというフレンズを見ようとするからそうなってしまう。表層の部分ではなくもっと深いところを見ようとすれば決してそんな浅い考えで作られた作品じゃないってのは分かるよ。
イエイヌを見るんじゃない。彼女を透かして原作（動物）を見るんだよ。

748 ななしのよっしん 2019/03/12(火) 20:48:36 ID: KF7yDPERl/
最後の「ありがとうを返してよ」にこいつのすべてが詰まっているな
感謝は自然に無限に出るものではなく即物的なものなんだ
キュルルが感謝に値する行為を受けたと判断したときのみ発動するし行為そのものに不備が生じたら遡及して取り消せるという考え方
だから、どれだけイエイヌが尽くそうとも値しないなら絶対にありがとうは出てこない

749 ななしのよっしん 2019/03/12(火) 20:52:34 ID: fzY/tnMMzA
>>747
どこを縦読みするんだ？

750 ななしのよっしん 2019/03/12(火) 20:56:03 ID: b7kKJRdg1N
>>743
ああ、そういう文脈だったのか、早とちりしてスマン
つくり手の感性が直接キャラに反映されるシステムを理解してないのかと思ってたんだ

751 ななしのよっしん 2019/03/12(火) 21:07:28 ID: tlvsp8gJPF
>>747
イエイヌは人間に合わせて改良・家畜化された動物。だから野生で暮らしたりや人から離れて暮らしたりするのは難しい。
けど9話でイエイヌはキュルルと一緒に行くのではなく、家で主人を待つ方を選んだ。
イヌが主人を待つ美談が多いから待たせたんだろうけど、それこそ原作（動物）を見てないんじゃないだろうか？

752 ななしのよっしん 2019/03/12(火) 21:12:13 ID: 7rsPXGnpSW
Twitterとか見てても思ったけどイエイヌを「家畜」という前提で理解できてない人って結構多いよね
家畜のフレンズを出すこと自体かなりリスキーだとぼくは思うんだけども

ところでイエイヌの記事ができたみたいなんで、続きはそっちでするといいよ

753 ななしのよっしん 2019/03/12(火) 21:14:20 ID: 2OGJAnDtQ2
イエイヌ(けものフレンズ)

754 ななしのよっしん 2019/03/12(火) 21:30:09 ID: x9bRY3uwgF
こっから3話このクソガキがヘイトを撒き散らして何の罰も受けずハッピーエンド迎えるとかないですよね？

755 ななしのよっくん 2019/03/12(火) 21:31:53 ID: GNShjkK37/
>>747
抽象的過ぎ。脊椎で書かずに言語化してからどうぞ。

756 ななしのよっしん 2019/03/12(火) 21:35:35 ID: 6nJGkWijxY
作中だと一番の加害者だけど叩かれようを見るとメタ的には一番の被害者だと思う
キャラクターはどっかのエゴサ監督とかとは違って、使ってくれる人すら選べないしね
意図してこういう魂を吹き込みましたwwwとかじゃなかったら流石に酷すぎる話だわ
というか意図してそれやってたなら素直に土下座します

757 ななしのよっしん 2019/03/12(火) 21:47:31 ID: B7SC5PqOW8
>>747
だったらペットショップでも行くわ
馬鹿馬鹿しい

758 ななしのよっしん 2019/03/12(火) 21:53:47 ID: aZGaLamg9z
>>747
そうか、表層しか見ていなかった！！その向こうの動物か。

……なんで単独棲のサーバルが人間とか他の動物と行動するの？
原作無視じゃん（極論）

ってなるんだよ。その論法。

759 キュルル 2019/03/12(火) 21:58:07 ID: O0m0cQBXQd
こんにちは！

760 ななしのよっしん 2019/03/12(火) 21:59:00 ID: 5fM9et3miG
予定通り、視聴者の憎しみは今キュルルに集まっている。
あとはキュルルが消えることで、この憎しみの連鎖を断ち切るだけだ。
それが…キュルルレクイエム。

761 ななしのよっしん 2019/03/12(火) 22:04:39 ID: OrkY6b2qZv
>>754
小学生くらいの子供が、あるかもわからない家を探す旅をさせられてる時点ですでにバツみたいなものじゃない・・・？

762 ななしのよっしん 2019/03/12(火) 22:06:55 ID: x9bRY3uwgF
>>756
製作者の腐った倫理観と粗悪な脚本、そして雑なキャラ描写から生まれたタイプのクソキャラだからねぇ･･･
子は親を選べないという意味では確かに被害者かもしれん

763 ななしのよっしん 2019/03/12(火) 22:11:46 ID: q3peI9HgPH
ぶっちゃけ 犬に対して涙していた
泉研の方がマシな気がしてきた…

764 ななしのよっしん 2019/03/12(火) 22:40:25 ID: 1Xqw5uHrIs
>>763
チャー研の世界だとキュルルは中の下ぐらいの倫理観だからな

765 ななしのよっしん 2019/03/12(火) 22:45:39 ID: KxPx5IB7d5
一種の災厄

766 ななしのよっしん 2019/03/12(火) 22:46:51 ID: RNW0U8j0cS
なんだかんだ言ってもジュラル星人は悪いことやってて
研はそれを殺す正義の味方ではあるからな


9話は大まじめに笑えるだけチャー研を下回る作品だと思うわ…

767 ななしのよっしん 2019/03/12(火) 22:48:33 ID: RNW0U8j0cS
訂正
×笑えるだけ
○笑えない分

768 ななしのよっしん 2019/03/12(火) 22:51:02 ID: roKkIqlKSR
ちったあ、守ってくれたイエイヌに感謝しろキュルカスゥ！

769 ななしのよっしん 2019/03/12(火) 22:55:18 ID: d7HBEprUS/
>>747
そうだとしても、犬って飼い主のことよく見てるから、人間から相応の愛情なり報酬貰えないと拗ねるし根に持つよ。だからしつけ（単なる罰に非ず）が大事なわけだし。

1期を見てた時は、正直見た目の面白さばかりに目が行ってたけど、改めて2期を通して振り返ると、個々の動物たちと人間の触れ合いに重きを置いていた（仮にそれが人間の都合でしかないにしても）と思う。

というか、擬人化と銘を売ってるわけだし、最低限感情移入しやすさは心がけて欲しい。人間だとしても動物だとしても、納得行く話の流れではない。

770 ななしのよっしん 2019/03/12(火) 23:00:31 ID: KF7yDPERl/
今はニコ生がやっている 審判の時だ
すがすがしい日だよな 外は
小鳥は歌い、花は咲き乱れ…
こんな日こそ お前さん（キュルル）みたいな子供には…

地獄の業火に焼かれてもらうぜ

771 ななしのよっしん 2019/03/12(火) 23:08:22 ID: qE6FhCv/9y
>>770
それなんてSans（）

772 ななしのよっしん 2019/03/12(火) 23:13:55 ID: 3VUraJYgoQ
吉崎の擬人化ってマ？

773 ななしのよっしん 2019/03/12(火) 23:24:35 ID: kSfCCndtIJ
>>743
良い年した奴が必死にキャラを叩く事が人物考察とかギャグで言ってんの？
短絡的に決めつけて叩いてるから馬鹿にされてるんだよ？君たちは
意味不明な拡大解釈でちゃんと考察してる人たちを巻き込むな

774 ななしのよっしん 2019/03/12(火) 23:26:54 ID: kUkLaeYUDV
人というか生き物としての心を持っていない
人の形をした何か

775 ななしのよっしん 2019/03/12(火) 23:31:38 ID: Kil4hFo2yp
吉崎と木村から産まれた子供だからしゃーない

776 ななしのよっしん 2019/03/12(火) 23:34:13 ID: 52Jd3sHTKD
嫌そうな顔して紅茶飲まなかったシーンはあれ喧嘩したばっかだったから飲む気分じゃなかったってだけでは？
一応イエイヌがビーストと戦ってるときは心配もしてたし
まあ助けが来た後のボロボロになったイエイヌに何も言わないのはマジで意味わからんけど

777 ななしのよっしん 2019/03/12(火) 23:52:32 ID: ku7gBpIzJ5
かばんに比べるといい所がないねマジで

778 ななしのよっしん 2019/03/12(火) 23:55:38 ID: 470ntrn9Jd
演じている石川由依さんが本当に可愛そう

779 ななしのよっしん 2019/03/13(水) 00:03:12 ID: bvmZMSKxnL
お前なら榊遊矢に勝てる

780 ななしのよっしん 2019/03/13(水) 00:04:48 ID: 7rsPXGnpSW
９話でどうでもいい、好きになれないから嫌いへシフトした人も多いんじゃないか
ヘイトを集める目的で設計されたなら大成功したキャラだとは思う

781 ななしのよっしん 2019/03/13(水) 00:05:59 ID: KF7yDPERl/
嫌いを通り越してもはや怖いけどな
価値観が理解できなすぎて

