キングプロテア 2019-03-13/01:36 126

1 ななしのよっしん 2019/02/20(水) 22:25:00 ID: MgCnVSagUE
とうとうFGOに来てしまったか

2 ななしのよっしん 2019/02/20(水) 22:38:35 ID: AbAzpxEvdk
記事乙
早いですな

3 ななしのよっしん 2019/02/20(水) 22:44:49 ID: 29h6rW3M6U
記事自体の作成はだいぶ前みたいだぞ
…ずっと掲示板に書き込みはなかったようだけど

4 ななしのよっしん 2019/02/20(水) 23:12:13 ID: ICQOqNeqKD
ついにきたのか…

5 ななしのよっしん 2019/02/20(水) 23:58:44 ID: z9ioL420sq
FGOに出て来たことで焚書焚書うるさいやつがいたんだが
どういう位置付けになるだろうね？

6 ななしのよっしん 2019/02/21(木) 00:08:38 ID: C6tSFwX3lf
「たまたまプロテアが遺棄されてるエリアに入りこんでしまった結果その縁でカルデアでの召喚が可能に」って経緯考えると
召喚のきっかけ作るシチュ考えるの難しそうなヴァイオレットとまだまだ狐尾で色々ありそうなカズラより適任という感じですね

7 ななしのよっしん 2019/02/21(木) 00:15:43 ID: ZjAxZEB+VM
ぐだデレ

8 ななしのよっしん 2019/02/21(木) 00:56:54 ID: +PFUFz0/CF
ボスとして出てきた時、やたら強いな。(笑)
さすが、サクラファイブの一人って感じやね。

9 ななしのよっしん 2019/02/21(木) 01:30:23 ID: aDrnTuIONF
没ネタが拾われた以上の意味はないはずなのに
どのへんにそんなうるさく言われる要素がある？

10 ななしのよっしん 2019/02/21(木) 01:32:17 ID: wnH8uCodUi
>>9
FGOに関して何でもかんでも叩くネタにする手合いがおるってだけのことからスルーしてよい
ニコニコじゃあ平和なもんだけど

11 ななしのよっしん 2019/02/21(木) 02:45:57 ID: Y1TH68sM2q
初期時点でHP200万、しかも毎ターン最大HPが50万も増えるって時点であまり詳しくなくてもどれだけ規格外な存在なのかがよく分かる

12 ななしのよっしん 2019/02/21(木) 03:32:05 ID: zBEWpo38Du
というか勘違いしてる人いるけど、FGOのサクラファイブはあくまでccc世界のデータからコピーして出来た存在だから本人ってわけじゃないぞ、キングプロテアも含めて

さらに鈴鹿の例から「そもそも狐尾時空は現状で組み込まれていない」ので、コピー元のキングプロテアはccc由来の可能性が高い

13 ななしのよっしん 2019/02/21(木) 03:40:02 ID: MgCnVSagUE
声優誰だろう

14 ななしのよっしん 2019/02/21(木) 03:45:51 ID: ICQOqNeqKD
誰だろうね、ちょっと分からない

15 ななしのよっしん 2019/02/21(木) 07:11:04 ID: nyOYkQVBjH
愛を知るには白野じゃないと意味がないとか言ってたけど本当は誰でも良かった
適当だな

16 ななしのよっしん 2019/02/21(木) 08:48:05 ID: C6tSFwX3lf
少なくとも寄り道クエストのシナリオ内容的に愛を知る話はしてないでしょう
H・C・A氏が「『怪物』を『怪物のまま救う』という奇蹟」という言い方をしてるので
逆説的に白野は「『怪物』を『少女として救う』」って話じゃない？

17 ななしのよっしん 2019/02/21(木) 12:25:45 ID: VtkLtSevz6
そもそもあれ愛っていうか最期は「人と触れ合う(交流する)のは楽しい」って好意的な反応を示しただけで好き好きって感じではなかったと思うけど

18 ななしのよっしん 2019/02/21(木) 15:53:33 ID: YWpjpc086A
いや思っくそ愛してる言ってなかった？

19 ななしのよっしん 2019/02/21(木) 16:00:47 ID: JPjRrdjXqY
愛を求めることと、愛することと、愛を知ってることは基本的に別の事柄だ
っていうのは狐尾でも、何ならFGOでの寄り道シナリオでもそれなりに丁寧に解説されてたと思うんですがそれは・・・

20 ななしのよっしん 2019/02/21(木) 16:14:22 ID: wKpnvx+ncA
試行錯誤もせずに「うち孔明マーリンいないんでクリア不可能でーす運営死ね」とか言ってるバカ
→耐久もワンパンも低レア攻略も無課金攻略もいくらでもある

会話内容を都合良く脳内補完して「またぐだデレかよ運営死ね」とか言ってるバカ
→実際にはFGOで恋愛描写の有無にはちゃんと気を使っており、そもそもぐだデレ自体がこいつらの妄言でしかない

わめいてる奴ってこんな感じ

21 削除しました 削除しました ID: skSA/lqTp/
削除しました

22 ななしのよっしん 2019/02/21(木) 19:32:30 ID: VtkLtSevz6
その理論だとここに書き込んでる時点であなたも同類になってしまうけど大丈夫ですかね

23 ななしのよっしん 2019/02/21(木) 19:35:53 ID: KcRfnvN2bB
やるだろうなとは思ってたがヒュージスケールの設定を放り捨てるのかぁ

24 削除しました 削除しました ID: skSA/lqTp/
削除しました

25 ななしのよっしん 2019/02/21(木) 19:58:43 ID: XMnbJwJGN1
お前、サクラファイブ最強の存在だったんだ……

26 ななしのよっしん 2019/02/21(木) 20:11:23 ID: aDrnTuIONF
>>22
「やってないけどキャラだけ見て口出ししてます」って意味かと

27 ななしのよっしん 2019/02/21(木) 21:25:47 ID: +PFUFz0/CF
やっぱりキングプロテアちゃんの見た目好きだわ。こういう薄幸そうな女の子よくない・・？

28 ななしのよっしん 2019/02/21(木) 21:29:56 ID: C6tSFwX3lf
やってないゲームの話題に口突っ込んでプレイヤー全般disるとか一番やばいやつじゃん・・・

29 削除しました 削除しました ID: GLtWQ2B/4j
削除しました

30 削除しました 削除しました ID: 9oug8T0jwy
削除しました

31 ななしのよっしん 2019/02/21(木) 22:16:14 ID: VtkLtSevz6
>>23
ヒュージスケールは容量の制限が無制限であってアンデルセンが言ってたのは取り込む側に限界があるから地球で呼べばワンチャンあるかもよって話だったような

32 ななしのよっしん 2019/02/21(木) 22:16:20 ID: nyOYkQVBjH
１回触れあったらぐだデレはスゲーよ

33 削除しました 削除しました ID: 3qhXK9mHyH
削除しました

34 ななしのよっしん 2019/02/21(木) 23:02:25 ID: ICQOqNeqKD
そうだね

35 ななしのよっしん 2019/02/21(木) 23:25:28 ID: WwYgRoKswp
痴女くて強いヤンデレ巨大娘・・・って認識は違うかｗ

でもその認識で良いならニッチすぎる性癖だけど超どストライクなんだが…

36 ななしのよっしん 2019/02/21(木) 23:46:54 ID: XijksV68I4
荒らしに構うのも荒らし定期
CVは多分水瀬いのりさんかな？
自分の耳に自信ないんで分からんけどな
声優特定班はよ

37 ななしのよっしん 2019/02/21(木) 23:48:56 ID: T5d8ExbWWQ
とりあえず呪い使えるワンピース幼女形態も実装しろよ?

38 ななしのよっしん 2019/02/22(金) 00:50:18 ID: FXAxsl1f5W
>>33
玩具？ID: skSA/lqTp/ちゃんの事かな？？

39 ななしのよっしん 2019/02/22(金) 02:17:22 ID: WFAIFwpU5B
>>37　立ち絵が戦闘の前後で違うように見えたから霊基再臨による差分はあると思うし大丈夫じゃね？

40 ななしのよっしん 2019/02/22(金) 22:39:04 ID: cjttNnxVxn
>>32
一回目が合っただけでオフェデレしたスルトくんの悪口はNG

41 ななしのよっしん 2019/02/22(金) 22:41:21 ID: MgCnVSagUE
関連動画更新されないと思ったら
また無断転載云々で荒れるせいなのかこれ

42 ななしのよっしん 2019/02/22(金) 23:55:04 ID: 9wGIOBRphx
またぬぬぬ(現Game)が元リンク無しの転載動画を記事に載せようとしてんのか

43 ななしのよっしん 2019/02/23(土) 00:59:05 ID: MP5D73jVQq
>>36
自分は潘めぐみさんだと予想してる。
宝具のときのボイスが潘さんっぽいなと思った。

44 ななしのよっしん 2019/02/24(日) 17:33:24 ID: ETeGICM3OB
他のアルターエゴは花の名前の組み合わせ(パッションリップやメルトリリス)で自分から名付けたって設定だけどキングプロテアがそのままなのってなんか説明あったっけ？
ヴァイオレットは説明あったけど

45 ななしのよっしん 2019/02/27(水) 18:15:06 ID: Gl63ttMVfY
声優さんは潘めぐみさんの模様。

46 ななしのよっしん 2019/02/27(水) 18:15:07 ID: ZjAxZEB+VM
全身緑色とかガチャピン先輩にケンカ売ってるのか

47 ななしのよっしん 2019/02/27(水) 18:40:37 ID: 3+BeJdMMdg
FGO実装おめでとう！

48 ななしのよっしん 2019/02/27(水) 19:48:48 ID: 6rAm3yh37r
でかい（確信）
これポールも対抗してでかくなったりしないよね？

49 ななしのよっしん 2019/02/27(水) 22:07:56 ID: pggQRLp7HO
来るとは分かってたけどサイズそのままだとは思わなかった

50 ななしのよっしん 2019/02/27(水) 22:46:00 ID: JJSatK8yNu
月の裏側　国会議事堂　CCC会議室にて
第２３回FGO会議
BB「８７と１０と３％。よって支持率８７％、キングプロテアちゃんがFGOに実装される事になりました！！」パチパチパチ！

プロテア「あ、ありがとうございます！！」

カズラドロップ「ちょっとどういうこと！？なんで私ではなく、プロテアなの？クエストに出たけどあんな図体で実装する気なの！？私じゃなくても、ヴァイオレットだって・・」
BB「カズラちゃん、あなたとヴァイオレットさんはFoxTailの本編、出番終わってないでしょう？私は文化庁の事務局老人達とは違って、ちゃんと調べた結果と投票で相応しいと思い、キングプロテアちゃんの実装を可決したのです。それに・・」
BB「もう決まったことですので」（赤目）

会議室を去る鯖たち

リップ「おめでとうプロテアちゃん！」　プロテア「ありがとうリップ。」　メルト「今回、私がおごってやるわよ！」

二人残ったカズラとヴァイオレット
カズラドロップ「・・・・・（また実装見送られた、悔しい！！）」

ヴァイオレット「・・・・」　血の涙流しながらカズラの肩をポンと叩く

51 ななしのよっしん 2019/02/27(水) 23:45:41 ID: XijksV68I4
>>50
LB4で実装される可能性が…（インドに謎の四角があるらしいし）

52 削除しました 削除しました ID: 9oug8T0jwy
削除しました

53 ななしのよっしん 2019/02/28(木) 01:49:35 ID: wqhPmlOPx0
正式実装されたんで関連動画差し替えしました

54 ななしのよっしん 2019/02/28(木) 02:26:18 ID: z9ioL420sq
とりあえず狐尾のと、どう差別化するかと思ったが
キアラがセラフと一緒にうっかり再現しちゃった復元体で
その影響で向こうのは幼女だが、こちらのは14歳児らしい

あと(恐らく結果的に)ザビーずに会っていないので喚んだ時点で地球がヤバい。
頑張れぐだ。先輩と同じ偉業を成すんだ。

55 ななしのよっしん 2019/02/28(木) 02:36:55 ID: z9ioL420sq
余談だが、foxtailについて騒いでいるのがいたが
そもそも狐尾は設定的に恐らくCCCの”前日譚”だろうし
そう怒る必要ないと思うんだよな

56 ななしのよっしん 2019/02/28(木) 03:11:39 ID: z9ioL420sq
しかしプロテアといい、ふじのんといい
どうしてこうメカエリチャンと対決したがるんだ…

57 ななしのよっしん 2019/02/28(木) 03:59:32 ID: XMnbJwJGN1
他のサクラファイブよりも先に顔見せして露出とアピールをしたというのに、某サイトのサクラファイブ人気投票でヴァイオレットとドンケツ争いをしてるのは笑った
何が悪い、でかいのが悪いのか、それならメルトもヒール込みででかいのにぶっちぎって一位だぞ

58 ななしのよっしん 2019/02/28(木) 09:27:52 ID: gPjPT8ukhI
出ませんでした（白目）

59 ななしのよっしん 2019/02/28(木) 09:37:32 ID: 31mQNSh791
生活費があるではないか…引け

60 ななしのよっしん 2019/02/28(木) 11:58:37 ID: vrRL94o5kQ
明日呼符再入荷ではないか…引け。

俺も爆死したが２日後に累計ログボで１０連分貰えるので頑張る。

61 ななしのよっしん 2019/02/28(木) 13:58:44 ID: AYR3OuymuO
藩さんかぁ…相変わらずすごい人ばっか起用するなあFGO。
ところでキングプロテア（花）の記事は無いですよね...うん。知ってた。

62 ななしのよっしん 2019/02/28(木) 14:53:48 ID: JPjRrdjXqY
>>55
あの辺はとにかく貶すことが先にあってそれらしい理由を後からでっちあげるだけなので真面目に考えるだけ無駄
二次創作に「設定に即してない！」とか噴き上がって中傷した挙句にそんな設定ありませんでした、みたいなケースが結構ザラにあるからな

63 削除しました 削除しました ID: gzC5P/Fyc+
削除しました

64 ななしのよっしん 2019/02/28(木) 15:30:12 ID: fBMCKwYxAi
コピペ乙
ヴァイオはともかくカズラは現行暫定黒幕だし、fgo実装は原作完結までないだろうな

65 削除しました 削除しました ID: 0HN7PGsb25
削除しました

66 ななしのよっしん 2019/02/28(木) 18:25:57 ID: wqhPmlOPx0
単に「俺が気に入らないから嫌い」って言えばいいのに
無駄に知識あるふりするから滑稽でしかない

67 ななしのよっしん 2019/02/28(木) 19:03:23 ID: XMnbJwJGN1
ほんとにプロテアが蝗に媚びたキャラなら人気投票でヴァイオレットとビリ争いなんかしねえよ（まだ言う）

68 ななしのよっしん 2019/02/28(木) 19:13:27 ID: JPjRrdjXqY
（そもそも>>63みたいな自称古参（）は今までの公式でのプロテアの扱い知ってて言ってんのやろか）

69 ななしのよっしん 2019/02/28(木) 19:33:21 ID: 9wGIOBRphx
>>63
こんなテンプレ懐古厨ほんとに居るんだな、今を楽しんでる人間に対する「アイツらは分かってない」とライターに対する「あいつは劣化した」ある意味見事と言える

70 ななしのよっしん 2019/02/28(木) 19:40:00 ID: XMnbJwJGN1
ペラペラ言うならそもそもプロテア含めたサクラファイブの恋心は「ただのBBの剃り込み」にすぎないってことを知ってる？　あいつらのザビへの恋心は自分から手にしたものじゃない、洗脳と大差ないわけなんだが？

71 ななしのよっしん 2019/02/28(木) 19:41:31 ID: JPjRrdjXqY
っていうか渇愛って二つ名が示す通りキングプロテアにとって愛は相手のソレを求めるだけの対象なわけで
「都合よくキングプロテアの愛を金儲けの道具に（ｷﾘｯ」とかやっちゃった>>63は非常に端的に自分こそがFGO実装で集って来たイナゴだと暴露しちゃってるし
ついでに「とにかくFGO貶せば通ぶれると思ってる手合いが居る」っていう注意喚起も身を挺してやらかしてくれてるんやなって

72 ななしのよっしん 2019/02/28(木) 20:27:50 ID: XMnbJwJGN1
>>71
なんでも2017年までFGOどころかFateすらやったことないくせに古参面して解説動画つくるにわか古参によれば、はくの先輩じゃなきゃだめなの！！　らしいよ

それを言わせてることそのものが、ただのBBによる刷り込みに過ぎないって理解できないらしいので

73 ななしのよっしん 2019/02/28(木) 20:35:16 ID: GLtWQ2B/4j
剃り込みって何だよ？(碩学)

74 削除しました 削除しました ID: 0HN7PGsb25
削除しました

75 ななしのよっしん 2019/02/28(木) 22:29:35 ID: WFAIFwpU5B
狐尾読んでないが、この娘って「メルト」や「リップ」みたいな愛称はあるの？素直に「プロテア」でいいのかね？

76 ななしのよっしん 2019/02/28(木) 23:28:40 ID: XMnbJwJGN1
>>73
刷り込みだすまぬ

77 ななしのよっしん 2019/03/01(金) 08:21:08 ID: C59swXxojr
くうくうおなかが発言になんで桜じゃないプロテアに言わせるんだHF媚びやめろふじこふじこ的な反応を少しばかり(主に普段からFGO叩いてる辺りから)見かけたけどあれこそFoxTailからもってきたFGO版プロテアの数少ない原作？要素なんだよなぁ…いや結局その台詞自体原作の原作がHFみたいなもんだけど…

78 削除しました 削除しました ID: 8pi2lK58VP
削除しました

79 ななしのよっしん 2019/03/01(金) 11:11:49 ID: pXgS8fWWwD
刷り込みって…。基本アルターエゴ達は名前通りBBの分身みたいなもので、白野への恋心が前提にあるからぐだデレ要員のためにその設定を無くすのはどうかと思うな。

80 ななしのよっしん 2019/03/01(金) 11:21:03 ID: JPjRrdjXqY
自分で選んだわけでもない生まれつき宿っていた情動なんだから、普通に呼称するなら「刷り込み」そのものでは
そのうえで他ならぬ自分としての恋や愛の形を探すのがCCCのアルターエゴ達だし、最終的に自分の恋愛相手として見定める相手がザビである必然性なんて別にないぞ（例：メルトリリス）

もっと身もフタも無いこと言うなら、それこそパーソナリティを成立させる経緯も人間関係も剥ぎ取って「ガワだけ持って来た人形」として存在するAI間桐桜が大本な時点で今更何言ってんのって感じだ
こういう厄介さんの屁理屈通すなら、まず衛宮士郎なんて知りもしないって顔でEXTRA主人公に恋するサクラの時点で拒否反応の対象ちゃうんか

81 ななしのよっしん 2019/03/01(金) 16:59:22 ID: VtkLtSevz6
>>79のプロテアだけ好きだけど会ったこともないザビへの恋慕を語って常にぐだは劣るって語りかけてきたり
絆5になってもやっぱりザビが好き！あなたは友達としか見てないのごめんねってしか言わないキングプロテアに変えてもらえばいいんじゃない？
ぐだデレ要員じゃないしサビへの恋心も忘れてないから完璧だろうよ

82 ななしのよっしん 2019/03/01(金) 18:17:18 ID: 8pi2lK58VP
ユーザーの一人に過ぎないくせに「自分は製作者より分かってる」的な自信を持てるのが不思議だわ

83 ななしのよっしん 2019/03/01(金) 18:21:09 ID: 35KAcisBP/
根源接続（）してるから全部わかるんじゃないかな？

84 ななしのよっしん 2019/03/01(金) 19:03:56 ID: MgCnVSagUE
FGOに実装されるとどこの掲示板もこうなるんだな()

85 ななしのよっしん 2019/03/01(金) 19:17:34 ID: 1yPmjOP2nv
>>79
分身が生まれつき持ってた情動ってそれもろ刷り込み以外の何者でもないはずだが

86 ななしのよっしん 2019/03/02(土) 02:03:58 ID: 6zbhLY7pyg
FGOに出そうと思えば(キングプロテア)

87 ななしのよっしん 2019/03/02(土) 15:50:40 ID: Aqg8udZUUZ
>>84
うへへぇそうだぜぇ、イナゴのようにドカドカやってくるぜぇ

まあおふざけは置いといて、真面目な話Fateシリーズの過去キャラって
良くも悪くもFGOに実装で再注目されるのは事実だしそこは仕方ない
ヘタすりゃ忘れ去られそうなキャラまだいるし

88 ななしのよっしん 2019/03/03(日) 00:26:51 ID: gJtA9jh6H3
潘めぐみ×怪獣といえばペガッサ星人とエレキング。

89 ななしのよっしん 2019/03/03(日) 00:31:23 ID: vrRL94o5kQ
…そういえば中の人的にはキュアプリンセスなのか……
……ハピネスチャージプロテア（ﾎﾞｿ）……

90 ななしのよっしん 2019/03/03(日) 00:35:00 ID: zkVgmgT+vR
リア友からキングプロテアの事聞いた時、アメボウズかと思ったよ

91 ななしのよっしん 2019/03/03(日) 00:41:23 ID: bPF5KSUGqs
中の人的にはゴンさん

92 ななしのよっしん 2019/03/03(日) 01:23:23 ID: sz0sqyu0GY
凄いチート性能だな…この子。
もしも第四次聖杯戦争に八騎目のサーヴァントとして召喚されたら相手陣営が束になっても勝てなさそう…。

93 ななしのよっしん 2019/03/03(日) 01:24:20 ID: XMnbJwJGN1
デレたとかどうとかなんてくだらん事考える隙があるなら、何でCCCコラボ時空のプロテアからザビの恋心が見当たらないのかを考えたほうが建設的だろうに
俺は閉じ込められて刷り込みそのものが無くなったんじゃないかと思ってる

94 ななしのよっしん 2019/03/03(日) 01:30:16 ID: GLtWQ2B/4j
存在しない物を考える事を妄想というんだぞ？

>>92
チートAIから切り離されてチートスキル与えられてるんだからそらチートよ

95 ななしのよっしん 2019/03/03(日) 03:01:12 ID: u0TE93io25
メルトたちはCCC後に月から召喚されてるから記憶あるし性格も改善されてるけど、プロテアは月で廃棄されたものが再現されただけで狐尾を通ってないんだから恋心どころかザビと出会ってすらいないぞ。

96 ななしのよっしん 2019/03/03(日) 07:47:44 ID: XMnbJwJGN1
>>95
あれ？　ほれ狐尾は手元になくて曖昧なんだが、そもそもサクラファイブはみんなザビへの恋心が前提に作られてるから最初から刷り込まれてるんじゃないのか？

97 ななしのよっしん 2019/03/03(日) 08:57:55 ID: /+T/t470we
>>96
生まれた瞬間の描写が無いから微妙だよね。個人的にはデータ移管で記憶を持ったBBがザビを直接知ってるわけだからアルターエゴも刷り込み(というか記憶)ありだと思う。従うかは個人差だけど。
狐尾のキングプロテア最終戦近くで復活してくれないかなぁ。

98 ななしのよっしん 2019/03/03(日) 21:43:58 ID: JJSatK8yNu
そんな中で存在すら忘れ去られたヴァイオレットとカズラドロップ

99 ななしのよっしん 2019/03/04(月) 01:02:53 ID: +DxSMZoS07
再臨時の台詞という怪獣娘みたいな、グリッドマンとも絡めそうな

100 ななしのよっしん 2019/03/04(月) 09:28:24 ID: z9ioL420sq
>>93
どこぞの怠け者が再現した際、内部データが初期化されたと、
とてもいい声の電子の妖精さんが、言ってるで
(なお再現者の影響で精神年齢が14歳に引き上げられたもよう)

101 ななしのよっしん 2019/03/04(月) 09:45:20 ID: z9ioL420sq
なのでFGOのプロテアは

元のプロテアのコピーかつ初期化で元データがないうえ、
キアラのデータ(精神年齢的におそらく14歳頃の)
が混じった

かなり特異な状態で再現された代物なんだよなあ

102 ななしのよっしん 2019/03/04(月) 09:54:18 ID: z9ioL420sq
ん？ということは、FGOのプロテアを接するということは

プロテア(素データ)とティアマト(構成データ)とキアラさん14さい(混じったというか写ったというか影響されたデータ)と同義なのか？

103 ななしのよっしん 2019/03/04(月) 09:56:24 ID: z9ioL420sq
訂正:(を相手にするの)と同義なのか？

104 ななしのよっしん 2019/03/05(火) 06:34:02 ID: /+T/t470we
>>101
えぇ……それキングプロテアとして出す意味あるのか？別キャラみたいなものじゃん

105 ななしのよっしん 2019/03/05(火) 08:17:55 ID: 35KAcisBP/
キングプロテアの根幹は「無限の成長」なんだから
その成長具合をはっきりさせるために、まずリセットかけるのは必須なことだと思うが・・・

106 ななしのよっしん 2019/03/05(火) 17:40:07 ID: XMnbJwJGN1
>>104
それをほざくか、他ならぬガワを借りたお前らが？

107 ななしのよっしん 2019/03/05(火) 17:51:47 ID: JPjRrdjXqY
「オリジナルから変化させるくらいなら同名で出すな」的な理屈
まず真っ先にEXTRA時空の「遠坂凛」や「間桐桜」にブッ刺さるので正直やめといた方が

108 ななしのよっしん 2019/03/05(火) 17:57:45 ID: KcRfnvN2bB
EXTRAに逆ギレする大義名分が増えてるだけでキングプロテアである意味合いがない事自体は特に薄れてなくてワロタ

109 ななしのよっしん 2019/03/05(火) 18:04:39 ID: JPjRrdjXqY
むしろ「何かしらの変化を前提にしたからって、同名のキャラである意味合いが無いなんて馬鹿な話無いぞ」
「仮にその理屈を通すとサクラファイブとそのオリジナルがまず否定されることになるぞ」
と言ってるわけなので中身の無い混ぜっ返しとかやめよね

そもそも型月作品の別作品登場キャラで「同条件の同一人物」なんて言える奴なんて何人おるんやって話よ

110 ななしのよっしん 2019/03/05(火) 18:06:13 ID: KV5spOE8eg
アルトリアだけで何人居たっけか（呆れ）

111 ななしのよっしん 2019/03/05(火) 18:06:56 ID: WHVNbWb0ww
狐尾じゃなくて没キャラの方から新しく拾ってるんだしキングプロテアである意味がどうとか言ったところで「俺の思ってたキングプロテア」の話にしかならんだろ

112 ななしのよっしん 2019/03/05(火) 18:11:35 ID: JPjRrdjXqY
更に更にそもそもの話をしてしまうとキングプロテアは鈴鹿御前とかと違ってFoxtail初出ではない、あくまで「EXTRACCCの没設定」が元のキャラだし
この謎理論が仮に真っ当だと仮定すると「カズラドロップやらの干渉前提のFoxtailでの彼女がキングプロテア名乗る意味ある？まして何で原典気取ってんの、これCCCコラボぞ？」って言われることになるからね

113 ななしのよっしん 2019/03/05(火) 18:44:21 ID: z9ioL420sq
それな。狐尾もFGOのも没ネタから派生したものであって
extraに逆ギレする意味合いは全くないんだよな。

むしろ参戦するのに、それらしい設定付け加えられているぶん配慮はされているほう。

というかextraのほうで無銘というシロウと似て非なる存在
(シロウらしき正義の体現者の死後のデータに
人類の正義の味方のイメージが具現化した存在)と
いう前例が出ている時点で設定がどうこういちゃもん付ける道理はないと思う。

114 ななしのよっしん 2019/03/05(火) 20:21:56 ID: eJADbR7e/p
結局設定を理解してないから的外れな事言ってるんだよな
サクラファイブはＣＣＣではプロテア以下三人は没になって設定だけで登場すらしていないしFGOだとＣＣＣ世界から要素を引っ張り出された存在だからFoxTailが～もズレてる

115 ななしのよっしん 2019/03/05(火) 23:31:53 ID: /+T/t470we
基本設定は同じだが導入が違う(狐尾)、と精神自体に介入があって本来とは異なっている(FGO)、じゃ違うと思うんだがなぁ……まぁこればかりは感じ方の違いか

116 ななしのよっしん 2019/03/05(火) 23:40:18 ID: JJSatK8yNu
>>114
ヴァイオレットとカズラドロップ「私たちを忘れないで・・・」

117 ななしのよっしん 2019/03/05(火) 23:51:42 ID: 35KAcisBP/
つまりBBに精神介入されて出てきたCCCの凛ラニはおかしいってことか
敵として出す意味がなかったってわけだな

118 ななしのよっしん 2019/03/06(水) 01:01:35 ID: 34O2dBQ+yu
この子に一度漫画七つの大罪のマーリンがディアンヌのために作った一時的に体の大きさをを普通の人間サイズにする薬を飲ませてみたい。
てかそういったモン作れそうな英霊がカルデアにもチラホラいるよな…。期待してもいいんだよな？

119 ななしのよっしん 2019/03/06(水) 05:29:19 ID: T5d8ExbWWQ
俺は呪い扱うワンピース幼女プロテアが見たかった
あのたけのこのイラストすっごいすき

120 ななしのよっしん 2019/03/06(水) 07:31:37 ID: Aqg8udZUUZ
みぃ
つ
け
た

ます

たぁ

121 ななしのよっしん 2019/03/07(木) 15:30:59 ID: 8pi2lK58VP
FGO版プロテアのキャラに文句言ってる人はFGO版嫁ネロにも文句言ってそう

122 ななしのよっしん 2019/03/08(金) 17:06:00 ID: HXUYgyoIQB
カルデア+彷徨海脅威の技術力でウェディングプロテア（低身長Ver）の☆4配布が来ることを願おう…。

123 ななしのよっしん 2019/03/09(土) 02:24:55 ID: HWBS4yfKZt
>>122
彷徨海がカルデアに絡んでくれるわけがないので、そもそも望みがありませんね、それ

124 ななしのよっしん 2019/03/09(土) 02:30:09 ID: XMnbJwJGN1
キアラ成分が混じってると知った時
「やだー、このプロテアばっちいの混じってるー！！」

125 ななしのよっしん 2019/03/09(土) 22:31:46 ID: NSI22ub4UF
>>121
嫁ネロは「CCC」「二章の赤ネロと地続きの五章」と「なんかぐだを好きになってる召喚後」の三パターンあるのがややこしいからなぁ
プロテアはそのややこしさを悪化させたパターンじゃなかろうか。「CCCで描かれる予定だった姿」「狐尾」「今回」で三つある上に想像が混ざるせいで永遠に議論が終わらない

同じ姿である意味が無いっていう意見は「仕方ない」って言うしかないかな 設定が美味しすぎるから出さないのはもったいないけど、並行世界だしゼパル君が付いてるキアラとは違うから並行世界とも繋がれない。だったらイチから同じ手順で別のの成長を遂げた彼女を出すしかない訳だから

126 ななしのよっしん 2019/03/11(月) 16:57:55 ID: s8UZIY0Ttx
あのキアラをして「これはちょっと」となったプロテアちゃんすげえな

