ギーグ 2019-03-06/12:40 164

1：ななしのよっしん：2008/08/04(月) 10:50:52 ID:Y7RZIS4b49
ﾈｽｻﾝﾈｽｻﾝﾈｽｻﾝ・・それはともかく、記事を立てた方お疲れ様です。
    
      



      タイトル:
      画像をクリックして再生!!


         
      


記事内参照用URL:

2：ななしのよっしん：2008/08/15(金) 01:38:45 ID:gJS4F8jIuz
イナクナリナサイの項目も誰か作ってくれ。以外にMAD多いから

3：でっていう：2008/08/19(火) 21:00:31 ID:fxy8EmCODs
俺のリクエストした項目だｗｗ

4：ななしのよっしん：2008/09/02(火) 17:50:59 ID:xgFaeRIycA
ギーグの倒し方が分からなくて嘆いた。結局倒せたんだけどね。

5：ななしのよっしん：2008/09/08(月) 21:00:28 ID:cKxcIHKTuW
ずっとギークかと思ってた・・・

6：ななしのよっしん：2008/09/12(金) 00:18:25 ID:LQo0SiW60i
正しいギーグの倒し方　>>sm403531sm403531

7：ななしのよっしん：2008/10/10(金) 07:04:49 ID:bsKhve+iQX
ギーグは女性って言う記事も描いてた方がいいと思うすげーマイナーネタだけどね。2のスリークで確認出来たはず

8：ななしのよっしん：2008/10/12(日) 23:20:48 ID:qsluIj13hi
あれはギーグ本人じゃなくてきぐるみみたいなものをかぶったゾンビとかだと思ってる

9：ななしのよっしん：2008/10/13(月) 02:13:07 ID:6Y/aY9C1fv
スリークでギーグの話って聞けたっけ？ホテル前に現れるのは女のゾンビだと思う。

10：ななしのよっしん：2008/10/15(水) 19:41:50 ID:fIeZgZAaOC
ギーグが女っていうのはガチネタなのか？

11：ななしのよっしん：2008/10/17(金) 22:35:30 ID:h9ddMPaGlY
正義のヒキョーものいわく「ギーグとかいう女がゾンビたちの親玉らしいんですよ」「いや…女なのかどうかはわたしの想像ですがね」だそうだから、はっきり女と確定してるわけじゃない

12：ななしのよっしん：2008/10/31(金) 23:08:47 ID:n5xU1NklG8
あれは一種のネタみたいなもんだろ。ちょっとした遊び心じゃね？

13：ななしのよっしん：2008/10/31(金) 23:10:33 ID:KIjW0HJKAJ
まあ最終的には男でも女でもなく悪だからな。

14：ななしのよっしん：2008/11/02(日) 16:16:31 ID:faY82NGCTY
2のギーグの正体は3のポーキーが絶対安全カプセルで宇宙を一巡した成れの果てという説があって戦慄した。ただのガキのはずのポーキーをわざわざ呼び出した理由や最初ネスの顔をしていた理由や知恵のリンゴの謎とかの伏線も回収できるし。まあ1の説明がつかないんだけどね！

15：ななしのよっしん：2008/11/08(土) 00:50:42 ID:8OBsO3EO+l
>>141と2が直接繋がるかどうかは確定してないよ。2の製作コンセプトは「「初代MOTHERのリメイク」をすると共に、スーパーファミコンの性能を使って初代では出来なかったことをする」だからあくまでパラレルワールド的な関係の可能性がある。海外版ではそもそも1と2のギーグは別人という事が名前で示唆されている。（海外版「MOTHER(英題：Earthbound Zero)」ではGiegue、海外版「MOTHER2(英題：Earthbound)」ではGiegasとなっている。）

16：ななしのよっしん：2008/11/19(水) 13:50:01 ID:gJS4F8jIuz
「１」のギーグが「ポケモン」のミュウツーの元ネタということは意外と知られていない・・・。

17：ななしのよっしん：2008/12/13(土) 08:27:34 ID:lyHvufeRA9
２のギーグ戦の背景？（というかギーグそのもの？）の中に胎児が見えるやつがあるこれは大百科の中に入れてほしかったな

18：　：2008/12/17(水) 13:34:57 ID:DvKJ37WypS
最後までどういう存在なのかいまいち分からないラスボスって、やっつけっぽくて、はぁ？って感じなんだけどギーグは何か、これがいいと納得できるんだよなぁ

19：ななしのよっしん：2008/12/18(木) 09:47:37 ID:fCMfta1SqI
ギーク＝マザー２のだと思ってるやつが許せない。絶対に。俺のギークやポーキーをあんなこぎちゃないのや悪者みたいに見られるのが心底嫌あんなの糸井がこどものころに見た故障エッティビデオじゃねえか。

20：ななしのよっしん：2009/01/24(土) 17:41:54 ID:n5L4MTqxyh
１のギーグは１のギーグでいい味出しているのはまあ同意最初はフリーザみたいに圧倒的で紳士的で邪悪な存在だと思っていたら、歌いだしたらどんどん地金が出て退散して行く姿がなんかすごく親近感沸く。

21：ななしのよっしん：2009/02/13(金) 21:41:53 ID:8UuZ2W59zy
>>16マザー自体がポケモンの元ネタ？のようなもんだしな

22：ななしのよっしん：2009/02/19(木) 17:42:41 ID:8OBsO3EO+l
2のギーグは風呂入ってるときにふと思い出すと目が瞑れなくなって困る子供心に衝撃が刻まれてから10年以上経ってるのに未だに怖い

23：ななしのよっしん：2009/02/22(日) 10:55:41 ID:kJf180k2aH
>>22　よう、俺

24：ななしのよっしん：2009/03/01(日) 12:27:39 ID:yxbcntVpcJ
結局何に対しての逆襲なんだ？

25：ななしのよっしん：2009/03/03(火) 21:20:49 ID:+L5xB4xnZb
一度侵略し損ねた地球に対して、ではないか。

26：ななしのよっしん：2009/03/28(土) 03:00:07 ID:zKOZI927pj
もしくは単なるメタ発言なのかもね１で出てきたギーグが２でもまた出てきますよみたいな

27：ななしのよっしん：2009/05/01(金) 18:49:16 ID:aE8Q4elOCa
>>16>>21MOTHERにもポケモンにも何か得たいの知れない恐怖が感じられるところとか・・・特にな。「ミュウツーの逆襲」が名作なのはその辺もあるのかな・・・とか思ってしまう。開始数分でなく映画とか他にねぇよ!!（完全版の話）

28：ななしのよっしん：2009/06/14(日) 02:48:23 ID:0agtOWE9aB
初代ポケモンのミュウツーの日記は…怖いよな…

29：ななしのよっしん：2009/07/23(木) 22:44:13 ID:i7pjzBThWM
いまいちギーグのデザインが分からないので､誰か描いて・・・

30：ななしのよっしん：2009/08/04(火) 20:56:46 ID:XWt3nagAmc
ttp://tanasinn.web.infoseek.co.jp/cgi-bin/tanasinn/975.jpg２のギーグが胎児の形をしてるというのがよくわかる画像>>14それが本当だとしたら、ひょっとすると２の副題の「ギーグの逆襲」っていうのは１のギーグが地球に逆襲しにきたわけじゃなく、ギーグと化したポーキーがネスたちに対して逆襲したって意味か・・・？

31：ななしのよっしん：2009/09/06(日) 01:12:36 ID:/WADx/ZpKB
>>30おかげさまでもっと怖くなりました

32：ななしのよっしん：2009/10/03(土) 09:10:07 ID:rDu0MfNYqR
怖いというより不安定さを感じさせる。

33：ななしのよっしん：2009/10/30(金) 20:41:08 ID:N8XcKrVR+c
2のラストバトルの結末の解釈で「世界やプレイヤーの祈りで撃破、後ろ盾がなくなってポーキー逃げた。」ではなく、「どんなダメージを与えても倒すことが出来ず、無限大＆無差別に暴走し続けるギーグを見て、とばっちりを恐れたポーキーは逃走、その後、画面にノイズが入る→ブラックアウトするのは、最後まで立ち向かったロボ化ネスたちが壊れる瞬間の視点。」って話があって、これも怖かったわ

34：ななしのよっしん：2009/12/12(土) 23:53:23 ID:x0Xlb3z042
１のギーグをイメージ検索すると確かにミュウツーみたいな絵で書いてる人いてちょっと驚いたことあった。今だ１のギーグの公式絵的なものを見たことがないんだよな・・・どっかで公開されたことあるの？

35：ななしのよっしん：2010/01/20(水) 19:48:40 ID:vlKeL7NFq8
>>14ギーグじゃなく、「知恵のリンゴ」の方が一巡してきたポーキーだって説は？俺はあっちの方がしっくり来るけどな…

36：ななしのよっしん：2010/01/23(土) 04:45:21 ID:Nefj8z9I7i
3ではポーキーもかなり狂気じみていたけどギーグ並みのインパクトはやはり無かった台詞、BGM、映像の全てが狂ってる

37：ななしのよっしん：2010/03/02(火) 20:28:43 ID:hQe9V73tis
ちょっと見方を変えたら、あの背景が１のギーグに見えてきた件

38：ななしのよっしん：2010/03/23(火) 10:15:57 ID:RQuOZ70IZi
>>33それだと“ネスたちの　たたかいは　おわった”の時の過去の最低国の様子が普通過ぎやしないか？もっとも、ネス達は視界にノイズが走る中ギーグのいる穴から必死で逃げただけで実はあの穴の中にはまだ暴走して広がり続けるギーグが、なんてこともあるかも知れないが…つか、この説だとＰＫサヨナラが意味深になりそうな上にポーラの別れ際の曖昧な言葉が一気に怖くなってしまうｗ

39：ななしのよっしん：2010/03/30(火) 09:58:37 ID:zKOZI927pj
>>38１のギーグはマリアに育てられたって言ってたっけラストバトルの絵はまだ母体に入ったままの胎児に見えなくもないしな

40：ななしのよっしん：2010/04/03(土) 15:27:12 ID:rHNSodlQ4x
>>38ポーラはさよならと言おうとしたのでは？

41：ななしのよっしん：2010/04/23(金) 01:12:23 ID:O1c0Hq6UQo
>>33読んでなるほどと思った。ポーキーのセリフで「ギーグは悪そのものになった」って言ってたしあのブラックアウトがネスたちが壊れたことを示していて、まあ結局ギーグを倒せなかったんだとしても、「悪そのもの」になったギーグにはもう当初の地球を侵略する意識はないわけで明確な侵略者がいなくなった＝地球は平和になったとも考えれる。そして地球にはギーグの断片である悪ってものができた。って考えもできるかも。

42：ななしのよっしん：2010/06/16(水) 22:08:41 ID:RQuOZ70IZi
>>40いや乱文ｽﾏﾝｶｯﾀ。実際にポーラがネスに何を伝えたかったかは、実は>>38ではあんまり関係無いんだ。ただ単に、本当に過去の最低国で>>33みたいなことが起こってたらネスとポーラの別れ際の会話も、シチュエーション的に一気に怖くなるなぁって言いたかっただけなんだ。実際に>>33を意識しつつsm585602を見てみるとゾワッときたんだ。俺だけかな

43：ななしのよっしん：2010/06/29(火) 20:44:25 ID:8OBsO3EO+l
Giygasでイメージ検索すると海外でも相当量描かれてるな（軽くブラクラ状態）ある意味大人気

44：ななしのよっしん：2010/07/19(月) 02:28:04 ID:J9vetB15Rv
>>42最低国に行く直前に実家付近にスターマンとかいたけどそれがいなかったり洗脳された奴らが元に戻ってる所を見ると一応倒したって事ではあるんだと思うギーグを倒せてなかったら何かしらまだ異変が有るはずだろうしさでも仮に>>38の＞ポーラの別れ際の曖昧な言葉が一気に怖くなってしまう＝ポーラだけは倒せなかったのを知っていた。だったらホントに怖いです…ｶﾞｸｶﾞｸﾌﾞﾙﾌﾞﾙ

45：ラムネ：2010/08/21(土) 16:40:10 ID:437K8Bs78D
ギーグの正体がポーラの心の底の意識ってのはどうだ？

46：ななしのよっしん：2010/08/24(火) 23:32:42 ID:8OBsO3EO+l
3のラスダンが2の最低国と酷似しているのは色々と考えさせられる。竜とギーグには何らかの繋がりがあるのかもしれないが妄想する事しかできない。

47：ななしのよっしん：2010/09/21(火) 12:39:27 ID:XkOFULWzTR
ポーキーのウザさで全てが台無し。

48：ななしのよっしん：2010/09/26(日) 19:53:41 ID:9NebTVp5fh
寧ろ俺はmother2から3はポーキーの物語でもあるとすら思えるんだが

49：ななしのよっしん：2010/10/10(日) 16:58:38 ID:jtyz5q6iqA
1と2は単純に繋がってるって思ってたからなぁ……ギーグがネスに固執するのは、邪魔者とかそういう以外にネスとニンテンがそっくりだからとか1で最後にまた会おうって言ってたしもちろんネス＝ニンテンじゃないけど、ネス＝プレイヤー＝ニンテンって考えたらなまた会おうって、でも次に会った2では自我崩壊してるとかで、痛々しくて悲しかったな3はただギーグからポーキーにバトンタッチしただけかと思ってたしでもギーグ＝ポーキー説ってのも考えさせられるな……これも凄く切ないが真面目に考察がてらもう1周ずつしてくるわ

50：ななしのよっしん：2010/10/16(土) 17:47:52 ID:CmORlQ7uVk
ぎーぐ




      タイトル:ぎーぐ
      画像をクリックして再生!!


         
      


記事内参照用URL:

51：ななしのよっしん：2010/11/22(月) 00:01:45 ID:xArcWadBTL
>>45それ、どっかでみたと思ったら魔法陣グルグルの最後の刊だ。実は魔王はククリの怖がっているもので、その思いが具現化したもの…っていうオチに敵がしようとして、結局本物の魔王は別に居たっていう。

52：ななしのよっしん：2010/11/28(日) 11:07:27 ID:a+njMVB+7y
魔方陣グルグルを読んでる最中に↑と出会うとは、運命だな。

53：ななしのよっしん：2010/12/11(土) 11:05:01 ID:zhcouQAtKq
そういえばポケモンBWのNの部屋の元ネタってMOTHER3のポーキーの部屋なんだよな？

54：ななしのよっしん：2011/01/11(火) 23:11:26 ID:S065cQDOsB
>>48　もしも自分がポーキーの立場だったらどうするかまず考えてからうざいと言うと良いよ

55：ななしのよっしん：2011/01/11(火) 23:12:39 ID:S065cQDOsB
連スレｽﾏﾇ↑>>47だった

56：ななしのよっしん：2011/02/02(水) 17:30:46 ID:luSM0SbqZB
俺はギーグは１と２では違う存在だって聞いていたんだが、ポーキーが一巡した後の姿の方が合ってる気がするな。ポーキーが惹かれた理由も合うことになるのかな？

57：ななしのよっしん：2011/02/06(日) 11:30:37 ID:akiMDzFBPV
>>16自分はミュウに見えた。　　　　　　　　　　　　　　　　　　　　　ミュウの色違いは水色だし。

58：ななしのよっしん：2011/04/18(月) 19:16:07 ID:+jJMfa9WYb
個人的な１のギーグ解釈ギ―グたちの宇宙人は邪悪であるため子育ての類が一切できないので別の惑星の『親』に自分たちの子どもを育てさせる習性があってまずジョージとマリアにギーグを育てさせて、適性があったから地球の大人たちをさらったってのはどうだろう？単に侵略が目的ならカプセルに入れる必要がないわけだしあったとしても凶暴化した大人とか力のある人間をとらえた方が効率的。あとイースターの村で道具屋やってる男だけは連れ去られてない+本人も子供達もそのことについて言及していない＝道具屋には「親」としての適性がないから残された。とか、マザーシップの意味は「母船」ではなく「母を連れていく船」とか解釈できないだろうかなんて、乱文スマン

59：ななしのよっしん：2011/05/08(日) 00:05:10 ID:02p8MZKP34
EARTHBOUND　ZERO (海外版)だとギーグは嫌な時にしっぽを振ると聞いた本当だったかな…

60：ななしのよっしん：2011/07/01(金) 03:34:16 ID:WLvE8RnRKr
▓▓▓ 　　　　　　　　　　　　　　 ▃▉　▅▇▇▇▇▇▀▉▓ 　　　　　　　　　　　　 ▄▀　▓▉▄▇▇▇▇▇▇▇▇▓▓ 　　　　　　　　　　▓▓　▇ ▓▇▇▇▄▇▇▇▀▇▇▓▓▉▓ 　　　　　　　　▓▉▓▓ ▇▓▓▇▇▇▇▇▇▇▇▇▇▇▇▓▓▉▀▓ 　　　　　　　 ▓▇▇▓▓▓ ▓　▇▇▇▇▇▇▇▇▇▇▇▓▓▓▉▓▓ 　　　　　　　▓▉▓▓▉▓　 ▇▇▇▇◣▓ ▼▓◢▇▄▇▇▇▓▓▀▇▓ 　　　　　　　▀▀▓ ▉　 　▇▇▇▇▇▅　▅▇▇▇▇▇▓▇▓▓▇▓▓ 　　　　　 ▇▓▇▓▅▀▀▀▇▇▅　▇▇▇ ▓▇▇▇▓▓ ▀▅▓▇▓▇ 　　　　　　▀▀ ▀▀▅▅ ▅▓▓▇▇▇▅▇▇▇ ▓▇▇▇▇▓▓▅ ▅▅▀▀ ▀▀ 　　　　　　　　　　　　　 ▀▅▅▓▇▇▇▅▇▇▇▇▓▅▅▀ 　　　　　　　　　　　　　　　　▀▅▅　　▇▇▇▇▇▓▅▅▀ 　　　　　　　　　　　　　　　　　　　▀▀▅▅▅▅▀▀

61：ななしのよっしん：2011/07/22(金) 00:13:38 ID:sEOdZcBrN3
2でギーグのセリフを聞いたときなんとなく水ヲクダサイを思い出した

62：ななしのよっしん：2011/07/24(日) 02:49:40 ID:8OBsO3EO+l
ポーキーの成れの果て説は個人的に受け入れ難いそういうのじゃなくてギーグはどこまでいっても得体の知れない理解し難い存在であって欲しい俺としてはトラウマであると同時に突き抜けた存在に対する敬意みたいのを抱いているからな

63：ななしのよっしん：2011/10/10(月) 21:23:28 ID:RUZJC4NLVc
記事の事だけど・・・１のサイコシールドってPSIかどうかに関わらずダメージ半減じゃなかったっけ？

64：名無しさん：2011/11/01(火) 23:37:35 ID:iqm3o/2+xu
>>sm16051519sm16051519このBGMがなかったんで、うｐってみた。

65：ななしのよっしん：2011/11/16(水) 22:19:28 ID:UW5OEazEi5
全く関係ない動画だけど、思い出さずにはいられない>>sm1249670sm1249670

66：ななしのよっしん：2011/11/24(木) 13:38:13 ID:rEGCergXln
>>65言われてみればパラハデのムービー2のギーグっぽいな

67：ななしのよっしん：2011/11/29(火) 11:31:34 ID:pIjJaivPlg
なんかギーグがTAIJIに見えるとか何とかってマジ？ムックの叫びがエンドレスしか見えないんだけど

68：ななしのよっしん：2011/12/17(土) 12:11:41 ID:Ntj7SE90aT
糸井さん本人はおっぱいだと言ってるんだよねhttp://www.1101.com/MOTHER/07.html

69：名無しさん：2011/12/20(火) 23:30:02 ID:iqm3o/2+xu
「MOTHER2のギーグの顔（第二形態以降）をひっくり返すと、１の時のギーグの顔に見える」このネタ知ってる人、どのくらいいるんだ？

70：ななしのよっしん：2012/01/03(火) 22:59:00 ID:Od/yJ+bCcJ
>>68子供が初めてギーグと戦うとこれまで味わったことの無い感覚にドキドキするよねそういうイメージかホントにそんな映画だったのかは定かではなかったみたいだけど

71：ななしのよっしん：2012/01/08(日) 16:04:01 ID:8QrJmNJ//N
>>70小さい頃に露骨なエロに遭遇した時のなんともいえない気分の悪さのことだと思う

72：ななしのよっしん：2012/01/19(木) 22:00:27 ID:p0chdTLynU
もしもＭＯＴＨＥＲキャラに声あるなら１・２両方ともギーグの声保志さんが似合う気がするんだが

73：ななしのよっしん：2012/01/26(木) 23:26:28 ID:AVpINg5Rz+
>>sm16047228sm16047228見事一位になりました

74：ななしのよっしん：2012/02/12(日) 15:17:17 ID:f5e9UNdnv1
初代motherの海外版ROMによればギーグが子守唄を聞いてしっぽを振っていたのは嫌な感情のあらわれだった。要はギーグは子守唄が嫌でたまらなかった。ギーグはある意味幼いころのトラウマを再び思い出して戦意喪失したんだろうな。

75：ななしのよっしん：2012/03/09(金) 10:31:43 ID:uEC7Gbd5A6
自己完結乙

76：ななしのよっしん：2012/05/25(金) 12:06:07 ID:nZn1nIFwlK
糸井氏は1と2のギーグは同一人物（1のギーグは未成年で、2のギーグは成人した姿）だと言ってたらしい。MOTHER2発売時の深夜ゲーム番組でのインタビューで答えていたそうだけど…。

77：ななしのよっしん：2012/05/26(土) 22:45:45 ID:8OBsO3EO+l
ギーグは「壊れた」事で平行世界にすら干渉できるようになったのではないかと思ってる自我を失った事であやふやとなった存在の境界線はありとあらゆる世界を侵食していくと…

78：ななしのよっしん：2012/06/30(土) 02:09:46 ID:wn2p7zLpQj
ｼｪｰ！を思い出したわ。ってかそれにしか見えなくなってきた

79：ななしのよっしん：2012/09/03(月) 03:12:47 ID:wqhS0rGEjb
シルエットが胎児だって知ったときは余計怖くなった、曲ももはや音楽といえない領域だし、セリフはアレ過ぎるし…十年前に見たのに物凄く鮮明に思い出せる。

80：ななしのよっしん：2012/09/16(日) 08:08:44 ID:W0YTBHQL+6
ゆげ2の記事がパワーアップしすぎてこっちが平気になってきたｗ

81：ななしのよっしん：2012/09/24(月) 01:06:08 ID:0M0hURri8F
どんなに鍛えても「力」じゃ勝てないって恐ろしいな・・・

82：ななしのよっしん：2012/09/30(日) 20:06:54 ID:blv7EOL5uI
アホみたいに鍛えれば力技でも勝てるようにしてほしかったかもその場合別ＥＤとか

83：ななしのよっしん：2012/10/01(月) 14:46:27 ID:wqhS0rGEjb
主人公に自分の名をつける人には大きな壁になるであろう存在、真の姿を見たとき、「おぞましい」が第一印象だった。

84：ななしのよっしん：2012/11/25(日) 17:32:00 ID:wqhS0rGEjb
第二形態以降画面を埋め尽くす赤い顔、昔は叫んでいる？人の顔に見えたが今見返すと笑う顔と無数の胎児に見える、ゲームじゃあれがうねるんだから見てらんないよ。

85：ななしのよっしん：2012/12/16(日) 01:40:37 ID:gsT4M5PY0Y
1のギーグの設定は、・ギーグの親含む宇宙人の宇宙船が地球に不時着・着陸時の事故で赤ん坊のギーグ以外が死亡・不時着現場に訪れたジョージ・マリアがギーグを助け出す・スターマンら、ギーグ一族の部下が地球に訪れ、ギーグごとジョージ・マリアを連れ去る　（ゲームオープニングの「くろくものようなかげ」）・２年後、ギーグの一族が他星への侵略を行う宇宙人という事実を知り、　彼らの星の情報を盗んでジョージが地球へ逃げる・数十年後、成長したギーグが地球へ侵略に訪れる大体こんな感じだと思ってたけど、ノベライズ版だと違うらしいんだよなあ…。何となくギーグは王族なのか、そもそも一族の絶対数が少ないんじゃないかと思ってる。

86：ななしのよっしん：2012/12/30(日) 18:28:15 ID:wqhS0rGEjb
イナクナリナサイのアレンジを探していたら「ポーラにハッピーセットを勧めるギーグ(マシン解除後)」が出てきた、ある意味恐怖の画像だった。

87：ななしのよっしん：2012/12/30(日) 19:15:51 ID:vV4RfvoSv+
>>85小説版だとジョージとマリアが遭遇した時点でギーグの母は生きてたからね1度は和解したのになんで侵略に至ったんだろう侵略を推し進める一派が焚き付けたように思える

88：ななしのよっしん：2012/12/30(日) 20:17:12 ID:Rd0toarFrz
物体が動いたり攻撃してくるのもギーグの仕業なんだよね？おっそろしいやっちゃ

89：ななしのよっしん：2012/12/30(日) 22:40:30 ID:wqhS0rGEjb
１ギーグは主人公に「マザーシップに乗れ」と言ってるからマリアに育てられたことを恩義に感じてるんだろう、根はいい奴だったのか、良心の呵責的なものか。

90：ななしのよっしん：2013/03/21(木) 15:19:57 ID:/eWFsz4Vpp
今考えたけど、もしかしたらギーグも知恵のリンゴも両方別世界のポーキーで、両方気付いていなかっただけでわ。

91：ななしのよっしん：2013/04/11(木) 23:53:53 ID:wagDC7UIDB
攻略本にはスターマンがロボットと書いてあるのな。息子とかいるのに…で、こいつらがロボットだとするとマジでギーグの周りにギーグの同族いないことになるような…ギーグは悪意の塊のような存在だが孤独な存在でもあるのかな？

92：ななしのよっしん：2013/04/15(月) 20:55:15 ID:i1Br3YQntW
話し変わるけど主人公の名前を「あんぱん」にすると銀魂みたいでおもしろいね。

93：ななしのよっしん：2013/04/17(水) 13:34:28 ID:i1Br3YQntW
>>92まちがえた。主人公の名前を「あんぱん」にしたら、たぶん「あんぱんサン」って呼ばれる。銀魂のようにはならないわ

94：ななしのよっしん：2013/04/30(火) 23:51:27 ID:aWuGRRFR7t
１と２は続き物。ギーグは同一３は２から５５億年後の世界というのが公式だそうです

95：ななしのよっしん：2013/05/26(日) 16:08:19 ID:p/JitHRHlx
>>94ギーグの逆襲ってタイトルは1をクリアしたプレイヤーに対するものであって別にストーリ上の繋がりがあるわけじゃ無いんじゃない？

96：ななしのよっしん：2013/06/29(土) 02:04:47 ID:bN/tEBrR8I
>>93は？何言ってるの？

97：乳：2013/07/25(木) 23:47:51 ID:qh+scue6iq
>>943は2より過去だと思ってたんだが違ったのか

98：ななしのよっしん：2013/08/05(月) 01:02:47 ID:XLHkYL9qhn
１の方はまだ宇宙からの訪問者て分かるけど、２の方はもはや意味不なスタイルだったな。ドットが荒くて分かりづらいが、主人公の顔に見える。最終形態？の方は壁紙に使えそうな上にずっと見てると立体視に見えてくるｗ

99：ななしのよっしん：2013/08/06(火) 15:58:20 ID:t9Wk78kPFN
ネスの名前を「ライジング」にしたらギーグ戦はどうなるのっと文字制限って4文字だっけ

100：ななしのよっしん：2013/08/07(水) 05:44:49 ID:t9Wk78kPFN
とかネタレスしてみたけど実際ギーグってポーキーとはまた違うベクトルで可哀想だなと思うもう何も考えられなくなってもう意志なんてないのに、でも発するセリフが「ﾁｶﾞｳ…」とか「ｶﾅｼｲ…」だとか「ｲﾀｲｲﾀｲ…」とか助けを求めてるように見えてでもやっぱり「悪」だから倒さなくちゃいけないし、ギーグを助けてあげる道は殺すしかないっていうね

101：ななしのよっしん：2013/09/09(月) 20:18:52 ID:KOeW27UQQC
気づいたことと言えば、名前の由来ってＨ・Ｒ・ギーガー＜エイリアンやネクロマンサーにダークシードのデザイナーから来ているんじゃなかったけ？

102：ななしのよっしん：2013/09/21(土) 14:30:22 ID:wqhS0rGEjb
なるほど、名前入力があと一文字多いなら「日本！日本！」と叫んでくれるのか、それなら可愛く…ないな、やっぱり怖いもんは怖いわエロくて病的なデザインは確かにギーガーだ。

103：ななしのよっしん：2013/11/17(日) 12:07:55 ID:KOeW27UQQC
リュカ「3ＤメガネをかけたキングＰかと思ったら人違いだった。それよりも、カラフルひまわりみたいかわいい！」ボウイ「え？」影ちゃん「^＿^」ＭＺＤ「星々を集めるのがＰＫスターストームみたいだろ、ついでにいちごとうふっておいしそうじゃん！」ギーグ「2014年で、あなたも15歳の誕生日を迎えるらしいですね、ＭＺＤサンＭＺＤサン・・・バイザー！」ＭＺＤ「どんなダジャレだ！」
    
      



      タイトル:ポップンミュージックとＤＤＲ　ｐａｒａｎｏｉａにもこう見えたもの
      画像をクリックして再生!!


         
      


記事内参照用URL:

104：ななしのよっしん：2013/12/21(土) 03:32:28 ID:gcECPOTcL5
3が2の後だとわかってはいるが…ポーキーってやっぱ長生きしたんだなぁてか絶対安全カプセルなんてものを作った任天堂は泣かせ上手

105：ななしのよっしん：2014/02/08(土) 18:03:45 ID:he0v+vusJy
途中保存
    
      



      タイトル:
      画像をクリックして再生!!


         
      


記事内参照用URL:

106：ななしのよっしん：2014/02/09(日) 14:15:20 ID:8OBsO3EO+l
2のギーグをプレイヤーの介入で倒すという演出だけど、逆にいえばプレイヤーの介入が無いあの世界の存在だけでは本当にどうする事もできなかったという事実に愕然とする。mother2がメタフィクションではなくあの世界観のみで完結する物語だったとしたら……怖いね

107：ななしのよっしん：2014/02/09(日) 15:56:30 ID:wqhS0rGEjb
ほんの出来心で、イナクナリナサイと星歌を3窓再生したら（星歌×イナクナリナサイ第一形態＆第二形態）新しい面が見えた、でもコレやると名曲が台無しな上、Motherのイメージが崩れるから、あんまりお勧めしない。

108：ななしのよっしん：2014/02/10(月) 17:05:32 ID:uQCDp/f5su
>>105の完成が待ち遠しいね。

109：ななしのよっしん：2014/02/18(火) 23:38:58 ID:he0v+vusJy
次で完成させたい
    
      



      タイトル:
      画像をクリックして再生!!
この絵を基にしています！


         
      


記事内参照用URL:

110：ななしのよっしん：2014/03/06(木) 04:37:18 ID:70Ru/zBd6c
記事中にある「『１』と『２』は違う地球」ってソースどこ？公式なガイドブックみたいなので出てたの？

111：ななしのよっしん：2014/03/13(木) 20:08:56 ID:KOeW27UQQC
ミュウツーの元ネタと間違えられたのは多分、白猫みたいな体型をしてるからそう見えたんだろうね。

112：ななしのよっしん：2014/03/17(月) 20:35:10 ID:+K9QfsW1n/
元ネタというかモデルと言うか

113：ななしのよっしん：2014/03/26(水) 03:32:16 ID:WP9E0b6eMs
>>106「ラスボス打倒のキーとなる物を集める」ってのはゲームではお約束だけどMOTHER2の場合、その苦労して集めた物が全く役に立たなかったってのが斬新だなその代わりハイパーステータス強化という形でインパクト与えてくれたけど

114：ななしのよっしん：2014/04/06(日) 22:45:42 ID:cVHbd4wFnD
DEADROCKとかコメしたやつ出てこい

115：ななしのよっしん：2014/05/02(金) 21:43:05 ID:vUlBsq24xh
記事黒くしたヤツ出て来い久しぶりにきたらビックリしたじゃねーか四日前ならまだ間に合う

116：ななしのよっしん：2014/05/03(土) 18:06:50 ID:he0v+vusJy
おえカキコの　しょうたいが　つかめない！
    
      



      タイトル:　
      画像をクリックして再生!!
この絵を基にしています！


         
      


記事内参照用URL:

117：ななしのよっしん：2014/05/04(日) 02:56:16 ID:Od/yJ+bCcJ
>>116背景にしたらとんでもないことになりそうだ記事編集できないけど

118：ななしのよっしん：2014/05/13(火) 23:18:20 ID:eUhd8XCTee
ギーグさまのお絵カキコできてるかなーと思って記事開いたら･･･ギャーーーー！>>116がそんなこというから、記事がパワーアップしちまったじゃねぇか！

119：ななしのよっしん：2014/05/13(火) 23:20:29 ID:eUhd8XCTee
間違えた、>>117だった連レスごめんリアルに叫びそうになったんだがこの記事

120：ななしのよっしん：2014/05/13(火) 23:26:08 ID:ZpNiKckS1M
久しぶりに見に来たら記事がリアルギーグ戦になっていた…なんということをしてくれたのでしょう編集者さんGJ

121：ななしのよっしん：2014/05/14(水) 22:53:06 ID:yTfmtSh/cd
ちゃんと壁紙にできるように書いたのか

122：ななしのよっしん：2014/05/14(水) 23:06:30 ID:Od/yJ+bCcJ
>>118ごめん。どうやって記事編集するか知らないから煽ってみたの。そして俺もぎゃーーーー！

123：ななしのよっしん：2014/05/17(土) 13:23:55 ID:L4JXVqBC1Z
DEADROCK は予兆だったんやな…

124：ななしのよっしん：2014/05/19(月) 17:48:21 ID:CQ8fw/MXD+
ネタバレしまくりな上に日本語狂いまくってるこの記事

125：ななしのよっしん：2014/05/21(水) 04:23:38 ID:uVMXXzJ9eQ
編集者には大変だけどネスサン以外のセリフも入れてほしいな・………ネスサン…。・アーアーアー・…カエレ…・チガウ…チガウ…チガウ・……ウレシイ…・…カナシイ…ネスサン。・……トモダチ…・キ　モ　チ　イ　イ…・ネス！・…イタイ、イタイ…

126：ななしのよっしん：2014/07/09(水) 23:07:58 ID:wqhS0rGEjb
子供の頃に見た過激なエロはグロ画像よりショックが大きいから、糸井さんの心情が理解できる。

127：ななしのよっしん：2014/08/20(水) 18:20:55 ID:W0YTBHQL+6
怖いもの見たさでギーグでよく検索するけど、やっぱり一番怖いのは本家だわ・・・しまいにゃエロ絵師までいるし

128：ななしのよっしん：2014/08/25(月) 10:33:46 ID:85lZLgv0AP
ＲＰＧ史でも屈指のイカレキャラだと思う

129：ななしのよっしん：2014/10/07(火) 06:56:30 ID:k9Nf+ODYkx
久しぶりに来たら前より記事がホラーになってるじゃねーかよ！！！！！！！１１ランダム表示で来た人引き返すわこれ

130：削除しました：削除しました ID:c1J9jN//ms
削除しました

131：ななしのよっしん：2014/10/18(土) 20:52:55 ID:trXPu37wrT
幼い頃のエロは云々に関しては全く理解出来ない。実際糸井氏にとっての当時の体験、プレイヤーのギーグへのインパクトはとても分かりやすく表現されているが、俺は幼い頃にエロを見ても何も思わなかった直接的なホラー、グロのがよっぽど堪えたね。

132：ななしのよっしん：2014/10/18(土) 21:17:17 ID:zW+PIeW+6u
1.はギーグの思い出が2.は皆の想いが訴えかけるのはMother故かもしれない

133：ななしのよっしん：2015/01/12(月) 12:11:15 ID:4PiKwlOpy3
文法おかしいのは演出のつもりなの？

134：ななしのよっしん：2015/01/14(水) 23:27:34 ID:eUhd8XCTee
後ろの背景2からだけにするように編集はできないの？1のギーグの説明のところは背景を真っ黒にしたらゲームの画面そのままな感じになるし一般会員だから記事編集でどこまでできるのかわからないので無責任&他人任せですみません

135：ななしのよっしん：2015/01/17(土) 01:15:48 ID:Od/yJ+bCcJ
編集乙だけどやっぱり気持ち悪いから関連動画からも黒くしてくれ

136：ななしのよっしん：2015/04/12(日) 23:06:37 ID:oB4RBNxnCH
いまだにギーグ以上に怖いラスボスに会ったことがないビジュアル、セリフ、戦闘方法、BGMどれをとってもおぞましい

137：ななしのよっしん：2015/05/23(土) 17:55:51 ID:Am4QUV/5Md
マザー3の闇のドラゴン＝ギーグ過去の最低国でネスたちに倒されたが死んではおらず3の時代まで心がない状態で眠っていた針を抜いた者の意思が反映されるのも心がないから闇のドラゴンの凄まじい力＝ギーグの超能力なんでドラゴンなのかは知らん

138：ななしのよっしん：2015/05/30(土) 00:33:18 ID:iKtYmNZG6P
MOTHER2のギーグ=ベルセルクの蝕

139：ななしのよっしん：2015/09/19(土) 09:55:20 ID:oTJ1W6xlHr
20年以上ゲームをやっているが、余り攻略サイトなんてものがメジャーではなかった（はず）の当時、MOTHER2のラストバトルはホントに不安しかなかったのを覚えている。そこからのあれ（解法）は実に見事で、完全に入り込んでた。人生で印象に残っているゲームシーン中、間違いなく三本の指に入る展開。

140：ななしのよっしん：2015/10/06(火) 21:27:50 ID:WycwJFlOEl
>>139主人公じゃなくてプレイヤーの名前に純粋に自分の名前入れてたし、ギーグ戦のときはそんなこと忘れてたから、あの演出は正直ビックリして泣いた…最高の演出だよな…

141：ななしのよっしん：2015/10/24(土) 04:58:57 ID:GAitabwAvO
ファミコンディスクシステム末期の頃に任天堂から発売されたアドベンチャーゲーム「タイムツイスト」において、赤ん坊時代のキリストの体を乗っ取った悪魔と、主人公の少年の対決のクライマックスを迎えたシーンで、この状態のギーグによく似た背景エフェクトが出てくる。（ちなみに開発は前作「ＭＯＴＨＥＲ」及び本作の開発に関わったパックスソフトニカである） コピペ失礼。これの恐怖のイメージをマザーにうまくすり合わせてあのギーグが出来たんだろうな。この前知って少し感動した。

142：ななしのよっしん：2016/01/11(月) 05:29:49 ID:L0LQny79wv
流れ着いたら日本語が不自由すぎて色々と理解できないところがあったから1のギーグの概要起こしてみたどうでしょうプレミアム会員様地球侵略のためにやってきた宇宙人であり、MOTHERにおけるラスボス。ゲーム開始以前にギーグの仲間が当時子供のギーグ育成のために主人公の曽祖父母を誘拐しており、主人公とは因縁の仲である。戦闘においては、通常の方法で倒すことは出来ず、道中で覚えられる歌(曽祖母がギーグに歌い聴かせていた子守唄)を歌い続けることで戦意を喪失し撤退する。ラストバトルではあるが実質的にはイベント戦闘である。

143：ななしのよっしん：2016/01/15(金) 08:51:04 ID:vK0cgDA78y
1のストーリーとギーグの最後にFCながらここまでやるとはと思っただけにぶっちゃけ不安を煽ることを全面的に出した2のギーグは描き方として好きになれないなぁ同一かどうか未確定とかはいいとしても極論ただの化け物に成り下がったのは色々台無しになった気分

144：ななしのよっしん：2016/01/20(水) 14:32:03 ID:NaTbKNCH/f
g
    
      



      タイトル:g
      画像をクリックして再生!!


         
      


記事内参照用URL:

145：ななしのよっしん：2016/02/18(木) 19:55:07 ID:W0YTBHQL+6
>>144ｳﾚｼｲ・・・いやびっくりしたぞまだ未完成なのかな？

146：ななしのよっしん：2016/06/10(金) 02:20:28 ID:+rcCLydESk
最近思ったけどギーグの悪魔のマシンの幻影切ってからってマザー３の世界から放り出されたちえのリンゴと言われるようになったポーキーっぽいねヒゲが伸びて顔のシルエットがそれっぽいブタ鼻っぽい黒い点々も見えるし…下はボロボロの歯がむき出しみたいポーキーに与えられた悪魔のマシンもギーグが与えたマシンだろうしマザー３の寝たきりベッドに似た足のついたマシンで見せる幻影はネスの顔(ギーグの目に写ったネスっぽい演出だけでその時は機械の体だし)ギーグがちえのリンゴを取りこんだのか知らんし、ポーキーが来る事を予言しなかったのは気になるけどつまり途中で「ネスサンネスサン」言ってたのも恐らく…。

147：ななしのよっしん：2016/07/09(土) 22:01:37 ID:T4PZGZ4FQo
MUGENのギーグは冗談抜きでトラウマになったなぁ… 製作者のセンスがやばいとしか言えない……

148：ななしのよっしん：2016/09/09(金) 20:39:09 ID:UW5OEazEi5
ネスサンネスサンネスサンネスサンネスサンネスサンネスサンネスサンネスサンネスサンネスサンネスサンネスサンネスサンネスサンネスサンネスサンネスサンネスサンネスサンネスサンネスサンネスサンネスサンギーグからの　こうげきのしょうたいがつかめない！　　　そんなはずはない。ならば、この世の全ては幻想に過ぎぬ。では、目の前にいるのは誰だ。次回「再会」。劇的なるものが牙をむく。

149：ななしのよっしん：2016/09/10(土) 10:06:15 ID:xT7s58GEaP
>>87確か小説版だとギーグの母が。地球に衝突しようとする小惑星かなにかをPSIで破壊するんだけど、そのせいで力尽きてしまい、ジョージとマリアにギーグを託し逝ってしまう展開だったはす。でマリアはギーグを育てるも、ギーグの中では「自分の母はこいつらのせいで死んだ」と逆恨みの感情だけが募った、って話だったと記憶している。あと、MOTHERⅠのギーグの攻撃は、周りの酸素を薄める「窒息攻撃」と聞いたことがある。そもそも通常攻撃なら、攻撃を跳ね返す「パワーシールド」でギーグの攻撃が跳ね返せないのはおかしいことになるんだが・・・。

150：ななしのよっしん：2017/03/07(火) 08:13:43 ID:UZ8jZdUoJQ
>>149育ての親となるはずのマリアが、ギーグの卵がかえるまでの100年間若さを保つため冷凍睡眠装置に入ったが、何かのきっかけで上手く装置が働かず死んでしまい、生まれたときからギーグの傍には誰もいなくて独りぼっちだったって描かれてるんだよね。もともと母親は地球人に対して友好的な性格だったことと、子守唄で戦意喪失したギーグが母親の影を求めて泣くという描写からして、母親の愛情に飢えていたがゆえにグレて悪びれてしまったって感じなんじゃないかな。

151：ななしのよっしん：2017/03/12(日) 10:51:38 ID:hiYsbtY3Fd
勝手な妄想8つの音でネスが覚醒し､スペーストンネルで現代に逃げ場が無くなったことでギーグは恐怖し過去に逃亡する過去にはネスがいないので安心だが､そのまま生き続ければ200X年のネスの時代に到達してしまうそこでギーグはまた過去に逃亡する｡そこにはひとつ前のギーグが居るそこでギーグは自分自身と融合し力を増すことを思いつく(あるいはポーキーに提案される)一度融合しただけではネスに勝てると思えず何度もこれを繰り返す2､4､8､16･･･融合するたびに力は増すが､同時に自我も混ざり合い混濁していく1つ前の自分､2つ前の自分･･･それぞれの自分が別々に勝手なことを考え思うため1つの｢ギーグ｣としての意思は壊れてしまったものとなるイタイ､キモチイイ､ネスサン･･･時折ごちゃまぜになった意思の一部が外部に放出されるが中央にあるのはどす黒い｢悪｣である絵の具をごちゃまぜにすると黒になるように･･･

152：ななしのよっしん：2017/05/22(月) 04:33:53 ID:CUVlZHZjIA
>>146ネス！と呼び捨ててたのに　ﾈｽｻﾝとさん付けに変わるのっておかしくね？

153：ななしのよっしん：2017/07/28(金) 23:19:10 ID:kWdGoOn6TI
ギーグ＝自分自身（ネス）の悪そのもの　という解釈があって面白かったネスの前に突然敵が現れ始めた＝ネスの中で正義と悪の分別が生じた。ギーグはその分別の中で究極の悪のメタファー（しかし、悪を定義、判断しているのは結局自分でしかない）ギーグが直接攻撃で殺せない＝自分の中の悪を倒せる訳が無い。人間は永遠にグレーゾーン祈る＝自分の中の悪に向き合い、赦す。自身に寛容になることで膨れ上がった憤懣の様なものを吐き出せる（愚痴とか、他人に迷惑をかけてでも自分を癒やす）ギーグを倒した後平和＝心穏やかなら敵は少ないみたいな感じだったまぁ、物語的には３のポーキーの成れの果てが２のギーグだと考えたほうが面白いとは思うけど

154：ななしのよっしん：2017/10/26(木) 20:24:05 ID:OJoHUUamy9
mother2のギーグって英語版だとheなのな途中裸の女として現れるし、ネスに異様に執着する様子とボス戦のセリフからして女性格だとおもっていた

155：ななしのよっしん：2017/11/13(月) 03:12:27 ID:V9MFNRkAW1
>>153そういうのはネスのあくまで消化しちゃってるからなあ

156：ななしのよっしん：2017/11/28(火) 15:52:43 ID:eF6blhFb3V
最近までマザー知らなかったけど動画とかでストーリー見たらラスボスが悪い奴じゃなく可哀そうなだけシリーズの一つだという事がわかった逆に本当に悪う奴はそういう可哀そうな奴を責める屑だがこのコメント欄でそういう屑はいなかったからよかったそういう意味でも作者もプレイヤーも良い奴が多くてマザーって作品は良いものだと知ったよただグレたとか悪そのものとか悪く言うのは許せないけどなまあ怨念と化した後怨念に自我が飲み込まれて恨みの対象がわからなくなってただの破壊衝動だけ残った悪そのものと化す、って設定はマザーができる前にも後にもいくらでもあるが超マジレスだが根っからの悪っていうか屑である悪そのものはなんつーか　リアルで言えば個人や世の中とか対象に怨恨を抱いたり心の傷でおかしくなったりした事等が原因の犯罪者じゃなくて同情もできない素で殺人快楽者やいじめっ子の事を言うからギーグは悪じゃあない唯一地球侵略の理由が孤独とかで暴走したとか宇宙人の血でやったとかじゃなくただ侵略したかったってだけなら悪だけど背景的にそれはありえないからねポーキーはあまり知らんから悪い奴じゃない「みたい」としか言えないが

157：ななしのよっしん：2017/11/28(火) 17:59:34 ID:eF6blhFb3V
マザーが泣けるとか言ってる人多いけどギーグの話の事だとわかった

158：ななしのよっしん：2018/03/09(金) 15:14:10 ID:TiRtNh8tvC
3やってから2やるとこいつ3のポーキーなんじゃねえかって

159：ななしのよっしん：2018/03/09(金) 15:33:06 ID:TiRtNh8tvC
誰もいないから第二形態中の音が「えっちなけ～ちゃん」に聞こえるって書いちゃう

160：ななしのよっしん：2018/07/29(日) 00:34:30 ID:DjKpReHxYw
スマブラ参戦はよもちろんファイターで

161：ななしのよっしん：2018/08/05(日) 03:18:16 ID:vxOou3Efa7
かのsm666が最もギーグに近い存在なのでは？とは思うが…… というかあれこそ「邪悪そのもの」の姿じゃん。

162：ななしのよっしん：2018/09/08(土) 01:56:15 ID:wqhS0rGEjb
mother2版のギーグのデザイン？と言うのか、あの造形は今見ても神がかってると思う苦悶の表情と胎児を合わせるだけでもすごいのにひっくり返すと歪んだ1ギーグになるのも

163：ななしのよっしん：2018/10/15(月) 21:19:01 ID:G7pnUDqG82
>>151面白い解釈個人的に納得がいってスッキリした

164：ななしのよっしん：2018/12/04(火) 23:08:39 ID:0SCe6ymrj5
>>153今年MOTHER2(EarthBound)をレビューしたAngry Video Game Nerdが同じような考察に行きついてた>>sm33332021sm33332021俺はギーグ＝ネスだとは思わないけどネスの固有技のはずのPKキアイをギーグも使ってくるのは未だに謎だ第一形態のギーグがネスの顔をしてることといい、一体どういう意図による演出だったんだろう

