サンドスター 2019-03-10/02:14 159

1ななしのよっしん2017/03/27(月) 20:30:20 ID:xENVnjTsym
ついに記事ができたか。作成乙

2ななしのよっしん2017/03/28(火) 02:41:51 ID:xdZPdtZs1q
作成乙　重要ワードの一つなのにだいぶ作成が後になってしまったな…
情報を見るほどフレンズよりセルリアン寄りの物質だよなー、女王曰く「保存し再現する」の一環がフレンズ化なのかな

3ななしのよっしん2017/03/28(火) 06:25:28 ID:iF7J/rJoGB
「植物の～」とか「精神に～」とかどこで言ってたんだろう。
出典はいちおう書いておいたほうがよいと思う

4ななしのよっしん2017/03/28(火) 12:26:25 ID:7j4s/sEPpV
カナ表記が「ロウ」なのか「ロー」なのかもまだ不明なんだよな

5ななしのよっしん2017/03/28(火) 17:54:36 ID:EziYJMUqNN
3万字インタビューで福原Pが『サンドスター」っていうモノの曖昧さに、ありがたみを感じます。』って言ってるね。アプリとアニメで効果がまた違うのかもしれない

6ななしのよっしん2017/03/30(木) 18:08:18 ID:7M5ruMTb2m
そうか、そうだったのか・・・フレンズとは、サンドスターとは・・・

7ななしのよっしん2017/03/31(金) 00:41:53 ID:+eXsFSARM9
>>6 
そのうち次々フレンズ達が『全てが解る』とか口走りはじめるのか・・・ＩＱたかーい！！

8ななしのよっしん2017/03/31(金) 01:35:28 ID:NWncA7S4Dw
あれ、そういえば結局なんで山から噴き出してるんだっけ?

9ななしのよっしん2017/03/31(金) 01:37:28 ID:nx+7DqeYzY
>>6
そうか・・・だからサンドスターは。フレンズは人類の形を・・・

10ななしのよっしん2017/03/31(金) 02:37:38 ID:xdZPdtZs1q
>>8
アプリ版プレイヤーには痺れていただけるとか何かのインタビューで答えてたな
ガイドブックに書かれるんかな

11ななしのよっしん2017/03/31(金) 04:11:01 ID:ZBJCNEk5pX
サンドスター.raw

12ななしのよっしん2017/03/31(金) 06:56:51 ID:/VDJXmG/bL
下の方向で思いついてしまった
サンドスターは地球の精○

13ななしのよっしん2017/03/31(金) 09:26:25 ID:nuwa4CL+8J
もしかして地球そのものがフレンズかその類型化してて、そのせいで内側から沸く様になったのかな

14ななしのよっしん2017/03/31(金) 18:58:56 ID:diYwKBkbRL
火山から噴出して上空へ→空中で拡散→雨みたいに空から（ｒｙ

15ななしのよっしん2017/03/31(金) 23:00:33 ID:6GFFmovQLL
ある日空から降ってきた→宇宙から飛来
ある日→ここ最近とは言ってない

…つまりサンドスターとは太古の昔に地球に飛来した超常物質の塊だったが
地球の表面が冷えて固まる前に落着してしまって一度マントルの中に埋もれ
それが長い年月をかけ地殻のマグマに沁みだして火山から噴出するようになった。

…と仮説を立ててみる。

16ななしのよっしん2017/04/01(土) 23:13:18 ID:HbIzHUXbNf
サンドスター(セルリアン)が火山からでてきて水に触れると溶岩化するあたり地球内にあるありふれた物質ではありそう

17ななしのよっしん2017/04/02(日) 00:17:19 ID:gSGlmBWCU2
>>12 案外間違ってないかも？ｗ

他所でも書かせて貰ったけど
フレンズ化する前の記憶、フレンズ化してからの記憶とこの二つとは別に
『サンドスターに蓄積されてる記憶』ってありそう
んでアプリだとセルリアンはフレンズから『輝き』を奪って形や特性を得てる
アニメでも変化・変質はしてないようだけどフレンズからサンドスター吸い取ってるようで。
サンドスターには記憶や遺伝情報の伝達物質的な役割がありそう。
更に言うなら自分で『輝き』を生み出せる（進化できる）フレンズと
自分では（基本的には）生み出せないけど他の生物（フレンズ）を摂取して変化するセルリアンを
競合させてるような印象もあったり。
更にこじつけるなら著しい環境変化も多様性を生み出すための機能なのかも？
（実際は多様なフレンズ出すための舞台装置なだけなんだろうけど）

18ななしのよっしん2017/04/02(日) 09:13:20 ID:ZBJCNEk5pX
なぜサンドスターは動物を作り変える対象としてヒトを選んだのか
サンドスターにとってそれは偶然であり、あらゆる動物を、例えば魚やカエルに変化させても良かったのか
それとも何らかの意思が働いて、必要があってヒト型に変化させているのか
意思があるとすれば誰の、目的は？

そんな感じでＳＦ一本かけそうなので誰かよろしくお願いします

19ななしのよっしん2017/04/03(月) 00:01:19 ID:ogrHjm+k2v
・サンド「スター」…星
・星砂(英語でスターサンド)…小さな生物(有孔虫)の殻が堆積してできたもの、熱帯に多い
・パンスペルミア説…地球の生命の起源は他の天体から隕石等で飛来した微生物とする説

つまり、サンドスターとはそれ自体が生物であり、過去に宇宙から飛来し>>15のようになったんだよ！

20ななしのよっしん2017/04/03(月) 08:24:54 ID:iF7J/rJoGB
ああ、寄生生物という考えは面白いね。ヒト化させるのも、この星の生物で生命力上位にくるであろうものに似せて生殖能力がないものを生成、混ぜることで種の絶滅を図る。実際似たことは人間も行ってるし。

21ななしのよっしん2017/04/03(月) 22:41:29 ID:ZX5IDY/4N8
フレンズに生殖能力がないと薄い本が作れないじゃないか！

22ななしのよっしん2017/04/03(月) 22:52:02 ID:SGfMJwlXPU
>>21
どーせ想像力豊かな同人ゴロのフレンズがサンドスターが当たって生えてきたみたいな二次設定つくるからへーきへーき

23ななしのよっしん2017/04/03(月) 22:53:10 ID:jxdlGw6mzR
同種はほぼフレンズ化しないし（その為本来群れであるはずの動物も単独行動）
フレンズ化したフレンズ達は元動物とは一緒にいないし

24ななしのよっしん2017/04/04(火) 12:47:49 ID:9HSWgKJ0G/
この世界ではそもそもヒト自体がサンドスターの影響を受けた最初の動物なのかも。
フレンズ達がヒト化するのがサンドスター自体の性質なのか、もしくは最初に影響を受けて進化したヒトの情報を元にしたのかが難しいけど。

25ななしのよっしん2017/04/05(水) 01:56:55 ID:A2lHFYZyFf
>>sm30968065
sm30968065

26ななしのよっしん2017/04/05(水) 02:31:03 ID:bz3o3lSWyK
え、なに？サンドスターはヂヂリウム的なアレなの？

27ななしのよっしん2017/04/05(水) 02:35:52 ID:EziYJMUqNN
フェネック「アライさーん、ここんとこ歩きすぎたよー　サンドスターがもう…」

28ななしのよっしん2017/04/05(水) 02:37:10 ID:jxdlGw6mzR
00のGNコンデンサー（粒子充電型）みたいなものだろうきっと

29ななしのよっしん2017/04/05(水) 08:52:19 ID:jOKJxZY4zC
ソシャゲーによくあるスタミナを体内のサンドスター残量で表現したのかな

30ななしのよっしん2017/04/05(水) 10:45:40 ID:RLe20CNj3x
サンドスターをセルリアンに喰われると元の動物に戻る
普段の活動でもサンドスターを消費するって事は、遅かれ早かれ元の動物に戻って記憶を失うのか

31ななしのよっしん2017/04/05(水) 10:48:39 ID:nYkXS9pMm3
たぶん、パーク内にいれば勝手に補給されるんだと思う
ソシャゲのAP的な

32ななしのよっしん2017/04/05(水) 10:53:51 ID:RLe20CNj3x
サンドスターロウが流出してた時はそうだけど
四神の封印を戻してしまったから…
という悲観的な予測が立ってしまう

33ななしのよっしん2017/04/05(水) 11:13:18 ID:nYkXS9pMm3
>>32
あれはあくまで「フィルター」であって蓋では無いから、通常のサンドスターは出続けてると思うよ

34ななしのよっしん2017/04/05(水) 11:33:04 ID:7j4s/sEPpV
むしろ封印をちゃんと直せたのかのほうが気になるぞ
しばらくは大丈夫っぽいけど
長期的には高さが足りなかったプレートを
ちゃんと元の位置に固定しとかないとまずいはず

35ななしのよっしん2017/04/05(水) 12:20:47 ID:RLe20CNj3x
セルリアンとフレンズはベースが違うだけで同種の存在
封印によってセルリアンが修復されなくなったという事は
同様にフレンズも…
無いと良いけど、サーバルが一度記憶を無くしているみたいだしな
四神の封印が生きていた頃に、サンドスターの枯渇で一度動物に戻って記憶を無くした、という可能性も

36ななしのよっしん2017/04/05(水) 12:27:43 ID:jxdlGw6mzR
サンドスターロウの供給が止まったから修復出来なくなっただけだぞ

37ななしのよっしん2017/04/05(水) 13:13:38 ID:RLe20CNj3x
うん、だからフレンズも活動によって消耗したサンドスターが修復されなくなるんじゃないか、って話

38ななしのよっしん2017/04/05(水) 13:18:53 ID:ZG0J0qnJoC
サンドスターとサンドスターロウは違うと考えたほうがいいんじゃないか？

多分セルリアンは今まで通り発生するんだろう、黒セルリアンはでなくなるだけで

39ななしのよっしん2017/04/05(水) 13:21:32 ID:sBWIaVNqV5
フィルターで弾かれるのはサンドスターロウだけで、フレンズたちの活動に必要な普通のサンドスターは問題なく供給されるのでは？

40ななしのよっしん2017/04/05(水) 13:22:15 ID:7j4s/sEPpV
ロウのほうはフレンズには必要ないんだろ
むしろ黒以外のセルリアンもサンドスターロウは使えない可能性すらある
ロウじゃないほうは公式の12話あらすじで
＞サンドスターが再び噴火
って書いてあるぞ
http://kemono-friends.jp/archives/story/12/

41ななしのよっしん2017/04/05(水) 17:01:48 ID:jxdlGw6mzR
通常のサンドスターは通常セルリアンはフレンズ食べるか
周りにあるの吸収で大きくなりすぎると供給が追い付かず自滅する
サンドスターロウと黒セルリアンは山から直接セルリアンに供給されるため
フィルターでロウを止めない限り自滅する事もなくいくらでもでかくなる

42ななしのよっしん2017/04/05(水) 17:05:02 ID:vfRGrPrT1B
もしかしてサンドスターさえ供給できれば食事しなくても生命維持出来たりするんだろうか
飢えで衰弱はしそうだが…

43ななしのよっしん2017/04/05(水) 20:57:23 ID:Pn/irydylk
また新フレンズが生まれたみたいだね！
サンドスターというのは高次元にいるよしざきおにいさん神の手から生成される物質なんじゃないかな

44ななしのよっしん2017/04/05(水) 22:03:24 ID:HCGdhPc69O
じゃぱりまんに体内のサンドスターの回復機能があるのでは？と思う
そんでフレンズたちは身体的なダメージを受けたり、
通常の能力を超える行為（野生開放etc）をすることで体内のサンドスターを消費してしまう。
フレンズはセルリアンに食われてサンドスターの輝きを奪われる事で
フレンズの概念における死んでしまうという解釈。

崖からすべって出てるシーンなどは実は積もったサンドスターではなく
体力を消費してサンドスターを失っている。という切り口を出してみる

45ななしのよっしん2017/04/05(水) 22:12:15 ID:+eXsFSARM9
浴びるだけでエネルギー源になるとかもうマジでゲッター線じゃん！！

46ななしのよっしん2017/04/05(水) 22:51:51 ID:7j4s/sEPpV
深刻な物言いじゃなかったから回復はするんだろうけど
その辺がきらきらしてても特に拾い集めたりしてないあたり
フレンズが直接サンドスター食べても急速回復とかは出来ないのかな
それかエネルギーが強すぎて腹壊すとかで
空気や食べ物を介して微量ずつ摂取するしかない感じか？

47ななしのよっしん2017/04/06(木) 00:33:19 ID:Pn/irydylk
火山島でエネルギーっていうとハワイの「マナ」が有名だよね
http://www.legendaryhawaii.com/mana/p02

"遺体や髪やつめ、あるいは衣服にも宿るとされる力"

48ななしのよっしん2017/04/06(木) 12:54:44 ID:genstB2Err
アプリ版のころの設定やよしざきおにいさんのコメントなんかを見てるとけものフレンズって個々人の持つ意思がすごい大きな意味を持ってるよね
アプリ終盤の奇跡はサーバルとセーバルの意思から生まれたものともいえるし


案外サンドスターの本質はフレンズたちの意思に奇跡を与えるものなのかなって思った

49ななしのよっしん2017/04/06(木) 12:55:49 ID:DbNh6FZMqU
７話で博士が「ジャパリマンは各個体向けに調整されて栄養バッチリ」といっているので
フレンズも生命活動に必要なのは各種栄養でそれはジャパリマンや他の食べ物の経口摂取で補っていると思っていいんじゃないかな？
サンドスターはフレンズ化維持の為に消費されている感じで
摂取方法として、サンドスターを含んだパーク内の農園の野菜等から作られたジャパリマンを経口摂取することで一緒に補給されているのか
別の方法で取り込んでいるのかはわからないけれど

50ななしのよっしん2017/04/06(木) 15:11:00 ID:THjMXvB/6d
ソシャゲの仕様を設定として使うなら、降り注ぐサンドスターがスタミナの時間回復に当たり、ジャパリまんの類は～ドリンクみたいなゲーム中で瞬時にスタミナを回復させるアイテムとかかな。
逆にロウはリアル世界のソシャゲ運営者がイベントの為に数字を弄る事が、フレンズ世界ではああいう形で現れるみたいな。

51ななしのよっしん2017/04/06(木) 17:56:35 ID:jxdlGw6mzR
通常セルリアンは周りからも吸収してるみたいだし
同じサンドスター由来のフレンズも周りから吸収もしてるんじゃないかな
歩き続けたりすると回復量より消費量上回るみたいな

52ななしのよっしん2017/04/07(金) 01:09:20 ID:7j4s/sEPpV
火口の上のサンドスター削って来て動物に接触させてもフレンズ化するのか
それとも噴火が必須なのか

53ななしのよっしん2017/04/07(金) 09:31:56 ID:7j4s/sEPpV
まあ>>52が出来るんなら食われて動物に戻った仲間を火山に連れて行って
再フレンズ化を試した奴も居そうだし
噴火≒サンドスターがフレンズを作る意思が必要と考えるのが自然なのかな？

54ななしのよっしん2017/04/07(金) 20:52:22 ID:iF7J/rJoGB
「山は立ち入り禁止 (要博士の許可)」だそうだけど、サーバルですら会ったことがないのにどれだけ周知されてたか守られてたか。

あと疑問は、ジャパリパーク全体のフレンズ化を、キョウシュウエリアの山1つでカバーしてたのか、とか。

55ななしのよっしん2017/04/07(金) 20:56:59 ID:7j4s/sEPpV
全域カバーできるようだと
サンドスターロウ流出の際に他の島にまで黒セルリアン発生しそうだし
各エリアに1つずつくらいあるのかも＞火山

56ななしのよっしん2017/04/08(土) 01:27:12 ID:/nELHds/r+
サンドスターの種類は、遺伝子や物の性質などの「固有情報」とそこに発生する記憶や歴史などの「現象情報」、さらには文化や言語など物の間に漂う「意志情報(ミーム)」で分かれるのでは？

仮説として、サンドスターは情報を代謝する不定形の寄生生物で、「輝き(情報)」と「セルリアン(群体アメーバ)」から成り、宿主の情報から身体を作り替えて、互いに情報を交換しながら宇宙を群体で飛んでいる(まるで砂で出来た星のように)生き物で、地形や環境すらコピーしてしまうとする。

もちろん知的生命が居なかったり、生物さえ居ない星が多いから個を持たないサンドスターはセルリアンとして情報を吸収し合って交換するのが普通だったが、人間という個やミームや技術を持つ生物と初めて出会って変質してしまった。

性質や遺伝子や記憶ではない、言葉や感情や歴史といった、人間の作る不定形で急速な進化を遂げることが出来るミーム情報を追いかけ、更なる進化を果たそうとした。

ミーム情報は、それこそ伝説からツチノコを作ったりできる様々に変化を遂げる性質の情報で、遺伝子や化学反応よりも柔軟性がある。

しかしヒト一人の情報を奪っても、「他者との関係性」や「群れとしての文化」は単一個体に収まっているものでは無いので、結果セルリアンクイーンや黒セルリアンのような欲望の権化に変化してしまう、ミームを受け止める「他者」の欠如によって。

逆にフレンズはヒトと同じ「動物」なのでそこを補うことができている。

と、仮定するとセルリアンが本当に欲しているのはヒトの背後にある、言語や技術などの、情報(輝き)を無限に生み出す文化なんじゃないだろうか。

57ななしのよっしん2017/04/08(土) 15:30:39 ID:XEz0zumRXU
そういえば湯の花にセルリアンが引き寄せられる描写もあったしキョウシュウちほーの水や土にも少しずつサンドスターが含まれてるのかも
それを生物濃縮させてジャパリまんとして加工することでフレンズたちに経口摂取させてるのかもね

58オックセンマン2017/04/09(日) 12:51:55 ID:JN5UVSxuTb
無機物でありながら、攻殻機動隊すらフレンズ化している
しかし誰かカービィやデデデ、グーイにこれを浴びせてはくれないのか?(擬人化絵なら有るだろうが
のけものはいないんだろ?それともセルリアンはつけもの扱いかよ?

59ななしのよっしん2017/04/09(日) 12:56:04 ID:NGF45slOdH
>>58
フレンズ化したケロロ小隊は5人ともかわいかったぞ、だから大丈夫だ。

ただしセルリアン、テメーはダメだ。

60ななしのよっしん2017/04/09(日) 14:30:39 ID:iF7J/rJoGB
59氏が悪いわけじゃないが、セルリアンが「のけもの」扱いされたのがアニメの悪い点だな。せっかくアプリでああいうお話にしてたのに。

>>55
とすると「四神」に相当するものが各火山にもあるだろうが、対応するほど神仙など伝説ベースのフレンズが足りないんだよねえ。リウキウチホーのシーサー、あとは不明ながらお稲荷さまくらいか。

>>57
セルリアンが湯の花にじゃなくて、火山活動の活発化が湯の花の産出量に影響してるという話。そしてご存知のとおり火山活動が、サンドスターつまりはフレンズだけでなくセルリアンとも関連してることの示唆、伏線だった。
サンドスターおよびサンドスター･ロウは、温泉にも含まれてるのかもね。噴出口は一つとは限らないだろうし。

61ななしのよっしん2017/04/09(日) 14:36:44 ID:fGNaXPi9Jt
アプリ版と違い、アニメ版のセルリアンは災害みたいな位置づけだから
それに、アプリ版でもセルリアンは駆除対象だったでしょ、セーバルみたいな例外を除いて

62ななしのよっしん2017/04/11(火) 21:28:25 ID:hpF+yu6Kuq
既出かもしれないけどアプリ版にオーロラを見に行くイベントがある
もしオーロラが発生する領域まで力が及ぶとしたらとしたら、サンドスターって本当にとんでもない物質…
オゾンより上でも問題ない

63ななしのよっしん2017/04/12(水) 19:49:11 ID:k/nmGV8rDq
>>53
俺もサンドスターには意思があるように思える。
セルリアンの活動が活発になった時期にかばんちゃんが生まれたのは偶然ではなく、サンドスターがパークの危機
を感じ、かつてパークを守っていたヒトのフレンズを生み出すことによって問題の解決を図ろうとしたのかもしれない。

64ななしのよっしん2017/04/13(木) 18:56:33 ID:zFNR0MmgdG
モノリスみたいなものだよなあ
SFでサルがモノリスに影響されて知性を得て人になるアレみたいな。

65ななしのよっしん2017/04/14(金) 05:08:29 ID:Qpc6nOiuBb
>>61
アプリでは、セルリアンを片っ端から探し出して根絶しようとはしていない。
人間やフレンズの生活圏に侵入してきたセルリアンを退治しているだけ。
現実世界で言うと、山から下りて畑を荒らす害獣を撃ってる猟友会と同じスタンス。

普通の雑魚セルリアンに戻った女王を見逃した意味を、よく考えてくれ。

66ななしのよっしん2017/04/14(金) 12:19:55 ID:xrIcwIwTU5
アニメのセルリアンもフレンズに害をなしてる奴しか倒してないだろ
ジャパリパスで2周見たけどわざわざ探し出して倒す描写なんて無かったわ

67ななしのよっしん2017/04/14(金) 12:25:56 ID:jxdlGw6mzR
基本は逃げるって一話でも言ってるしな
セルリアン大量に出て皆隠れてるから水場に居なかったり
大きくなりすぎると自滅するみたいだし放っておいても減ってくだろう

68ななしのよっしん2017/04/14(金) 12:49:29 ID:ptL4/xkoI0
アプリ版のセルリアンはその辺に無数に居るからなあ。
積極的に探して根絶する余力どころか、生活圏の安全確保ギリギリが基本的に限界だった気がする。
わざわざ倒す必要も余力も無い相手というべきか。

アニメ版のセルリアンは自然災害ベースっぽいから、そもそもやり過ごす事が当たり前だというのも頷ける。遭遇頻度もアニメ版とは比べ物にならないぐらい低いしね。

69ななしのよっしん2017/04/14(金) 17:02:33 ID:/nELHds/r+
生まれたばかりのかばんちゃんはセルリアンに無警戒だったしアードウルフも逃げ遅れたのか捕まってしまったし、サーバルちゃんとか積極的に向かって行くタイプもいるから犠牲ゼロは難しいよね。
だから博士がオオカミにホラーな漫画を描かせたりハンターが注意して回ったりして周知徹底させようとしてるのかな。

70ななしのよっしん2017/04/15(土) 04:45:11 ID:A2lHFYZyFf
アプリのサンドスターってけっこう影薄いんだよね
話的にどっちかっていうと“特別”とか“輝き”とかのほうが重要っていう

71ななしのよっしん2017/04/16(日) 00:37:03 ID:V3rJWk3Nya
無機物からセルリアンが生まれるのなら
ヒトが作る人工物はセルリアン発生の温床になり得るよな･･･。
だからこそヒトはパークから出て行く選択をしたのかな？
だとしたらなんか皮肉だなぁ･･･。切ない。

72ななしのよっしん2017/04/16(日) 01:52:55 ID:TBPqmDeUak
無機物って行っても自然界にもいっぱいあるからなぁ
それこそ「溶岩」とか

73ななしのよっしん2017/04/16(日) 02:07:55 ID:ptL4/xkoI0
アニメのセルリアン発生は、むしろ自然の無機物、というか自然災害が具現化してる気がしないでもない。ボスはもとより、バスやゲートや各地のアトラクション等の人造物が特に変化している気配が無いので。

74ななしのよっしん2017/04/20(木) 14:46:59 ID:ogrHjm+k2v
サンドスターってどのあたりまで飛散してるんだろ
噴火の規模によっちゃ世界中に広がってるんじゃ…

75ななしのよっしん2017/04/20(木) 22:45:24 ID:+eXsFSARM9
もぬけの殻になったけもフレショップが今サンドスターを浴びてるぞ！！

76ななしのよっしん2017/04/20(木) 23:10:33 ID:sBWIaVNqV5
どうせ みんな 売り切れる

77ななしのよっしん2017/04/21(金) 05:10:26 ID:P7oQzNwYpJ
名前のせいで宇宙戦隊キュウレンジャーを思い出して若干ゃ草

78ななしのよっしん2017/04/22(土) 00:43:06 ID:IH9cIQ5y2h
人類の祖先はサルの群れに宇宙から飛来したサンドスターが当たりフレンズ化、
妊娠していた数匹の個体から偶然的に亜フレンズ、つまり存在しないはずのオスが生まれて。
とか言う豆腐考察。

79ななしのよっしん2017/04/23(日) 20:44:11 ID:5bpB4tYdrP
けもフレ世界の人間のルーツにサンドスターが関わってるのは間違いないだろうな

80ななしのよっしん2017/04/24(月) 19:18:55 ID:JndX8w0Vsq
ああ、そっちか……確かにありそう
要はけもフレ世界の根源物質、智慧の果実、あるいはモノリス

81ななしのよっしん2017/04/24(月) 23:39:24 ID:wWO4pZBoRX
もう根源とかアカシックレコードのレベルになってくるんですがそれは・・・！

82ななしのよっしん2017/04/25(火) 13:30:58 ID:Rud4FN6OMD
そうか・・・そうだったのか・・・サンドスターとは、フレンズとは(ぐるぐる目)

83ななしのよっしん2017/04/25(火) 14:03:38 ID:+eXsFSARM9
もはやプロトカルチャー、フォアランナー、かつて来たりし者と同じくらいのレベルか

>>82
なぜ世界中にフレンズがあふれたのかも・・・

84ななしのよっしん2017/04/27(木) 19:51:36 ID:7GNREuP0+t
なんか真理の扉開きかけてる人たちがいるw

85ななしのよっしん2017/04/29(土) 14:15:05 ID:yOWNaXqXrL
当たった有機物を美少女にするサンドスターをだす火山島があるなら

５０代のおっさんを作り出すサンドスターを出す火山もあるんだろうかなぁ

86ななしのよっしん2017/04/30(日) 10:05:13 ID:YEs6BnW71A
視聴してると大半が宇宙人・あるいは上位存在による
テラフォーミング物質と捉えてるっぽいけど
時間の概念・物質の固定化・存在の再構成まで全部やってるとなると
最近のアニメで一番謎かつ万能物質が出てきちゃったかもねコレ。

ただけもフレの恐ろしいところは、登場人物がそれを恐ろしいと感じていないところだね。
人間は手に余って撤退してるけど、フレンズはそれを特に恐れず受け入れている。
そこだけでなんだか深いって感じるよ。

87ななしのよっしん2017/04/30(日) 15:01:44 ID:ogrHjm+k2v
四神を作り出した存在は何なのか

88ななしのよっしん2017/05/02(火) 21:37:27 ID:uut70qgs1C
えっ、サンドスターって、未来文明が作ったナノマシンじゃないのか?(暴論)
接触した生物の分子構造を改変し周辺の物質諸共取り込んで擬人化するようプログラムされた、みたいな感じの。
まあ、そんな超絶オーパーツが作れるなら、制御も汎次元振動とかナントカ波動とか、様々あるだろうし。

で、通常は無機物には反応しないが、付着していた微生物なり細菌なりウィルスに
誤反応してセルリアンが生まれるとか、構造改変に際してナノマシンの行動を自律制御するためにコアを創る、とか、
ジャパリまんは実はサンドスターにエネルギーを供給し、個々の体内にいる、
またはフレンズの体を構成しているサンドスターがそれぞれの個体に適した
栄養素を分子変換で作り出している(発汗などで失われる水分は別途補給が必要なため、水は飲む)とか、
万能物質じゃなくてもイロイロ考えられる。

まあ、複数の環境維持とか大規模な話はチョット説明できないけれど、
大気中のサンドスターが連携して温度差・成分調節を行っているかもだし、
物理法則に関しても、「ナノマシンの働きが見えていないだけ」かもしれない。

もしかすると、火山(にカモフラージュしたサンドスター製造工場)の直下には、
パーク全部のナノマシンの行動をコントロールする、巨大コアがあるのかもしれない・・・

なんてなw

89ななしのよっしん2017/05/04(木) 10:44:51 ID:/nELHds/r+
>>87
アニメでは四神の石板がサンドスターロウを気候変化やフレンズ発生用のサンドスターにフィルタリングしてたみたいだし、パークの根本だよね。
四神は四季や五行とも関わりがあるからそもそもの循環システムが四神ありきなのかも。

四神は季節や自然への信仰がフレンズ化したもの？それともさらにそれを意図的に作った存在が居る？
一番の重要参考人はオイナリサマだけどねぇ、五穀豊穣の神様だしパークの維持が使命みたいなフレンズだし。
古代に同じような事が有ってその時に四神の像や石板を古代人が作った可能性も有るかも。

90ななしのよっしん2017/05/04(木) 16:12:01 ID:jxdlGw6mzR
四神フィルターはやっぱ各地方ごとにあるのかな

91ななしのよっしん2017/05/08(月) 20:31:32 ID:mlI5PUY4q6
情報、意志、文明、プラスイメージ、同化、共鳴、願い、ヒト、フレンズ、セルリアン
根源…世界は…我々は…
…イカナクテハ

92ななしのよっしん2017/05/11(木) 00:06:17 ID:lsaPbQRQOk
ロウの方を過剰に取り込むと凶暴性が増したりセルリアン化したり・・・は雰囲気が更にアレなことになりそうだな

93ななしのよっしん2017/05/12(金) 22:08:00 ID:+eXsFSARM9
>>91
アニメが3期や4期ぐらいまでになるとサーバルちゃんやかばんちゃんにサンドスターが詫びを入れてきそう

94ななしのよっしん2017/05/12(金) 22:49:35 ID:joOo3Vgxte
厳密にはマクガフィンではないけどもマクガフィンみたいなもの
だけどやっぱりマクガフィンとは違うもの

95ななしのよっしん2017/05/19(金) 00:04:06 ID:gzwmIDMuw1
>>89
もう一人鍵を握ってそうなのがキュウビキツネです
彼女の言動から推測するに
外の世界を回って幾多の男に言い寄られてきた後で
パークに来てアニマルガール化したっぽいのです
話を聞けば多くの知見が得られるはずなのです

96ななしのよっしん2017/05/19(金) 00:33:41 ID:jxdlGw6mzR
キュウビノキツネで様々な男って言うと玉藻前か
中国では妲己になりインドでは褒姒になり
皇帝や国王や天皇にみそめられ

97ななしのよっしん2017/05/19(金) 11:13:05 ID:/nELHds/r+
>>95
パークに来る前からサンドスター関係無く変身能力が有ったんだろうか？男が皆ミライさんみたいだったら動物の姿でもたぶらかせそうだけど、けもフレの世界に実際の妖怪はいるのかな？
或いは色々な星や時代でフレンズ化を起こしてたサンドスターの記憶と九尾の伝説を混同してるとか？
日本ではオイナリサマと同一視される事も有ってか対になりそうな存在だよね、髪の色がセルリアンの女王に似てるのもやや気になる所

>>96
美少女に化けて1000人の心臓を集めた朝鮮のクミホとかも九尾とされているよね、最終的には殺生石になったんだっけ
ヒトに化けるといえばキツネやタヌキだからアプリ主人公の見たキツネの夢も合わさってパークの根幹に絡んでいる可能性も有るかも

98ななしのよっしん2017/05/21(日) 19:17:21 ID:Ljiq/9tcBc
永久保存は不老不死に変換できるし、元動物からのフレンズ化は突き詰めれば死者の蘇生になる
そしてサンドスターの供給により自身の肉体も再生できる
なんだか銀魂のアルタナに似てるな
そのうち死にたくても死ねないフレンズとか出てくるんじゃないか

99ななしのよっしん2017/05/24(水) 11:35:44 ID:pNFol7FUc4
フレンズが何らかの理由により元の姿に戻った場合寿命リセット設定＋ヒトのフレンズはセルリアンに食われても記憶を継続する理論が合わされば不老の完成ですやん。と言うかそもそもフレンズはサンドスター有る限り不老？
フレンズ化してみようと思う人間は居なかったのかね。明らかに不老のフレンズ達を見れば試そうと思う人間が出てきてもおかしくないのに。ヒトのフレンズ化の効能を知っていれば偉いさんや資産家達が絶対にサンドスターの産地であるジャパリパーク放棄を許す筈が無いから知らなかったんだろうな。
或いはサンドスターの研究とその成果若しくは全く別の技術で不老を成立させておりサンドスターの医療的な意味での価値は無い所まで行き着いていたりするのかな。

100ななしのよっしん2017/05/24(水) 16:59:16 ID:Ljiq/9tcBc
まだ動物実験の段階だったんだろう
実験場がジャパリパークでサンドスターの効力に目をつけた資産家や権力者がそのスポンサーになったんだと思う

101ななしのよっしん2017/05/24(水) 17:02:09 ID:xdZPdtZs1q
とりあえずサンドスターの効力はジャパリパーク内のみのものである事は忘れてはならない

102ななしのよっしん2017/05/25(木) 01:43:10 ID:pNFol7FUc4
不老の為ならジャパリパーク内から出られなくても良いと言うヒトは多そう、と言うか出た所でヒトに戻るだけだからデメリットゼロだし。サンドスター一定量確保して出て行くと言う手も有る。ボトムズのPSが定期的にヂヂリウム浴びる、みたいな運用法で。サンドスター運搬屋も商売として成り立ちそう。タンカーとか行き来してて、ますますシーレーンの確保が熾烈な世の中になってたりして
キョウシュウエリアはサンドスターの砂田？としては今一つだからヒトが来ないだけで他所のエリアでは普通に漫画版並にヒトとフレンズが共同生活してたりなんて有れば面白いな

ここまでは流石に妄想拗らせ過ぎにしてもキョウシュウエリアは辺境だからヒトを見ないだけで、他所のエリアではレジャー施設としては休業していても研究者達は普通に生活している、とかはアニメ続編が有れば展開として有り得るかも。ヒトを探すのがかばんちゃんの目的だし

103ななしのよっしん2017/05/25(木) 08:44:18 ID:/nELHds/r+
不老不死か… ミライさんみたいに純粋な動機(？)でサンドスターを欲しがるヒトばかりでは無いかもな、大切なヒトを失いたくないという動機のヒトもいるだろうし
それこそそんな願いのヒトがセルリアンに輝きを吸われたら女王事件どころの騒ぎでは済まないかも
ミライさんの言い方「この島で出会えた沢山の奇跡に感謝しています」からして、サンドスターの塊に直接当たる可能性の有るアニメの島は、むしろ最重要って感じもする

何となく、安易に不老不死や故人の再生を望むのに反対するのはカコ博士な気が、そしてミライさん達はそれを受けて島からの退去を決めたのかも

104ななしのよっしん2017/05/25(木) 10:48:14 ID:7j4s/sEPpV
同種のフレンズは基本的にサンドスターの範囲内に1人しか存在できないわけだから
不老化したい人間同士の争いで悲惨なことになりかねんからな…
それを防ぐためにパークから撤退したってのもあるかも知れん。

105ななしのよっしん2017/05/27(土) 15:04:38 ID:4bIY0jceEE
先日の一挙放送で監督が生(raw)の意味だって明言したね

106ななしのよっしん2017/05/27(土) 17:17:40 ID:Ev9Ln3iCrr
>>98 死にたくなる動物は確か「ヒト」だけなんやで

107ななしのよっしん2017/05/27(土) 18:39:58 ID:CWyh4Cy6cc
>>105
生を中心に他の意味も含んでいる感じだった

108ななしのよっしん2017/05/28(日) 22:48:31 ID:ZjeNvZajyK
１・サンドスターは髪の毛のような、それ自体が生物ではない「動物だったもの」からでもフレンズを構築できる。
２・サンドスターはUMAのツチノコや信仰対象であるオイナリサマのような、生物学的な痕跡のない存在からでもその「情報」をもとにしてフレンズを構築できる。
３・アニメのトキのように生きている動物からフレンズ化したものは元の生物の時の記憶を保持しているので元の動物から連続した生物であると考えられる。
４・ミライさんの髪の毛から生まれたかばんちゃんはミライさんの記憶を持たず、また外見的な特徴も一致しない。よってミライさんとかばんちゃんは同一の個体とは考えにくく、またクローンのような複製でもない。

　１と２からサンドスターには生物でないものから生物を生み出す力がある事は明らかであり、また２と４から「死者の復活」でない事も明らかである。これらの事から、サンドスターそれ自体が生物を生物たらしめる何らかの特性を持っている、と考える事ができるのではないだろうか。
　もしもそういうものが存在すると仮定するならば、それは恐らく生命の素とか魂とか、そういった類のものだろう。そう考えるのであれば、サンドスターはミノフスキー粒子と言うよりはハガレンの賢者の石、あるいはFF7のライフストリームの結晶であるマテリアのようなものなのかも知れない。

　つまりサンドスターは生命ではあるが生物としてのカタチを持たない、ある種の寄生生物ではないだろうか？　触れたものの情報を基に動物としての自らの肉体を構築し、その動物に擬態する事で生物として振舞う事ができるようになる・・・というのは突飛過ぎる考えだろうか？

　トキの例に関しては、連続している生物である事は間違いないが、同一の個体と言えるかどうかについては「生きている人間から生まれたヒトのフレンズ」でもいない限り確認する事は出来ないように思える。

　余談だがこの考察をしたときに、賢者の石やマテリアよりも「樹魔伝説」という昔の漫画を思い出した。
その漫画に出てくる「ジュマ」という存在があるのだが、宇宙から飛来したエネルギー生命体で生物に寄生してその生物を進化させる事で自らもエネルギーを得るという特性があり、南極に落下して海中の藻類のような原始的な植物に寄生したジュマは1年足らずで南極大陸に温暖な森林を生み出してしまい、人類が海面上昇による破滅の危険に曝されると言うものだった。

109ななしのよっしん2017/05/28(日) 22:56:05 ID:CWyh4Cy6cc
新たに「けものプラズム」なるものの存在が明らかになった

110ななしのよっしん2017/05/29(月) 07:40:17 ID:/nELHds/r+
キュウビキツネのセリフ「様々な男性に言い寄られてきたわ、でも誰ひとりとして私を満足させられなかった」が色々な星の知的生命体をサンドスターの虜にして、サンドスターを求めるセルリアンに変化させた事の暗喩だったらエロ…怖いなと思った
伝説系のフレンズはどれもサンドスター本体の意思なイメージがある、そしてオイナリ派や四神派で方向性が微妙に違っている感じ

111ななしのよっしん2017/06/04(日) 14:40:11 ID:QjUbEfk/3R
2期最終回はサーバルがもう一度サンドスターに当たってサーバルレクイエムに進化。

112ななしのよっしん2017/06/06(火) 21:48:27 ID:T4hEY/kR6k
フレンズ化させた動物の個性や記憶をサンドスターに変換して増やしてたりしないかな、と思った
これならサンドスターに何らかの記憶が留まってたりするかもしれない

113ななしのよっしん2017/06/07(水) 08:56:43 ID:EDFli6xlTl
「けものパレード」を聴いて、もしかしてこの「けものパレード」というタイトル自体が「けものプラズム」みたいに現象名なんじゃないかと考えてみた
　
擬音が並ぶ箇所が二つあってそれぞれ「ポカポカ　フワフワ　スヤスヤ　ポワワン(がおーっ)」と「キラキラ　ピカピカ　チカチカ　クルルン(がおーっ)」となってる、これはフレンズとサンドスターの周期なのでは？
・ポカポカ→フレンズの中で活性化、フワフワ→フレンズから離れて飛んでゆく、スヤスヤ→地下で眠りに付く、ポワワン→再び地上へ
・キラキラ→輝きを増し始める、ピカピカ→激しく輝く最盛期、チカチカ→衰退、クルルン→最初に戻る
　
他にも「君と会えば時は巡る」「未来へと過去の願いを紡ぐ」「廻る」「君の姿星の記憶」「君も僕もママもけもの」「君もいつかここで会える」と、時間を旅しているような歌詞が有るので
けものパレード＝生命体や自然の記録を未来へと残してゆき、記録→再現→復活を続ける星の記憶の循環だからパレード(行列、葬送)なんじゃないだろうか？
地球だけで循環しているのか、色んな星を巡っているのかはわからないけれど
　
だからサーバルの「ずっとずっとかばんちゃんについていくよ！」は本当にずっとずっと一緒に旅をするって事なんじゃないだろうか

114ななしのよっしん2017/06/07(水) 21:24:45 ID:kTSxN4wx6a
なんか星の記憶と聞いて仮面ライダーWのガイアメモリが思い浮かんだ
フレンズ化もドーパントと似たようなものなのかもしれない　＼ﾌﾚﾝｽﾞ!/

115ななしのよっしん2017/06/08(木) 13:54:33 ID:yIwncODw55
どっちもサーベルタイガー（ドーパントの方は厳密にはスミロドン）がいるしな

116ななしのよっしん2017/06/11(日) 22:39:38 ID:LM7UPvNtL0
サーベルタイガー、けもフレだとスミロドンほかマカイロドゥス亜科の３族がひとまとめという扱いなのか

しかし実際フレンズ化の際に動物自体の特徴だけじゃなくてその動物に関する文化とか「どんなイメージを持たれているか」も反映されてる節があるんだよね
（知恵の象徴とされるフクロウ、孫悟空のモデルという俗説が長らく存在したキンシコウ等）
やっぱりサンドスターは地球の記憶なのかもしれない

117ななしのよっしん2017/06/17(土) 15:58:30 ID:+vFuSYrWTp
百合厨のやべーやつ
ローは曇らせ隊

118ななしのよっしん2017/06/18(日) 13:10:10 ID:w3947WeLUT
みんな、黒いやつらが来る前に聞いてくれ…

サンドスターは宇宙人だった！いや正確には宇宙生物というべきか
ナノマシンのような、とにかくそんなかんじだ

あいつらは外宇宙から地球にやって来たんだ。そして各惑星環境に適応するために現地生物の生命情報をコピーして増殖している。
形態は動態クラスタと静態クラスタがあって、昔ある学者が静態クラスタの制御に成功したらしいが、動態になるとまだ手がつけられない。
動態クラスタになると、幽霊のような集合体になって、生命体を模した姿形になるらしい。
なぜ姿形を模すのか…それはサンドスターが…うわぁ！黒い奴らだ！

119ななしのよっしん2017/06/22(木) 02:03:37 ID:eD+Ppob+ol
①宇宙から飛来した物質
②接触した対象を（方向性は違えど）突然変異させる、もしくは新規に生命体として発生させる
③特定地点にコアが存在し、そこから拡散してゆく
④エネルギーとして利用可能

これらを統括した結果…

サンドスターに酷似した物質を発見した。




「フェイゾン」だ。

120ななしのよっしん2017/06/23(金) 22:44:00 ID:oqnwOXJq+Q
けものフレンズのリョナ絵のコメントで死んでもサンドスター当てればまた復活させられると書いてあって其の着想に対して素直に感心した

121ななしのよっしん2017/06/23(金) 22:49:07 ID:u7/lNbCJ6z
あぁ、ガイドブック読んでないんですね

122ななしのよっしん2017/07/02(日) 18:54:12 ID:jnCzVjMEOm
サンドスターローという名は便宜上のもので、アレの実態はマグマと反応してできた極小サイズのセルリアンなのではないだろうか…と11話を見返していると感じた
そう解釈した方がサンドスター関連の設定もスッキリするし、いろいろと腑に落ちる気がするが、どうかな

123ななしのよっしん2017/07/05(水) 07:59:26 ID:EDFli6xlTl
確かにアニメのセルリアンは「分裂」「巨大化」とかの特徴から、より本来の「単細胞生物」に退化しているようにも見える
「サンドスターロー＝セルリアン」だとすればサンドスターローは黒セルリアンや女王みたいに、より強いサンドスター密度のセルリアンなのかも
　
自分はガイドブック4巻を見てジャパリパークでは色んな宝石が発掘されているという情報が有ったので、火山が宝石を作る過程とサンドスター精製が重ねられているという考えに立ち返ってみた
　　
つまり「サンドスターロー＝マグマ」が余分な成分をフィルタリングされて「サンドスター＝マグマ弾」となって「フレンズ＝宝石」を作るという考えで
自然に還ったフレンズや動物達の記憶がマグマとなって火山から噴出してフレンズに当たって「ヒトの形の結晶」になるんじゃないだろうか
サンドスターの輝きは「記憶の宝石」だからとか
　
思うにセルリアンがフレンズ達を元の動物に戻してしまうのもマグマが宝石を「再結晶化」して別の宝石に変える事になぞらえているんじゃないかな？
　
マグマの中は原始生命の誕生した海と似たような状況で、原始の生命もそういう所で生まれたから
退化しきったセルリアン達が自ら輝きを産み出せる生命に生まれ変わろうとしているともとれるかも？

124ななしのよっしん2017/07/06(木) 21:09:25 ID:q/gRX+27h6
>>121
あのガイドブックに書いてある事が全て公式設定として確定した訳じゃないんだぞ？
それに、そういうのを盾に他人に冷や水をかぶせるのは感心しないなぁ

125ななしのよっしん2017/07/08(土) 16:53:02 ID:QYcqwZc/K1
raw（生）の意味って一挙放送でたつき監督から説明あったのに…
一般だから出来ないけど記事修正してくれる人いないの？

126ななしのよっしん2017/07/11(火) 10:48:02 ID:DbNh6FZMqU
>>124
まぁ>>121は>>120がリョナ厨なんだと誤解してきつい言い方をしたのかもしれん、>>121の書き方はよろしくないしそれはただの誤解だと思うので改めた方がいいだろうけどな
第一>>121よ、それをいったら>>121は「アプリ時代のケロロコラボ確認してないんですね」って言い返されてしまうぞ
ガイドブック四巻のハカセの証言が出てくるまではケロロコラボにおける「またパークに戻ってきたらフレンズ化してしまう」から同一個体の再フレンズ化は出来る前提でいたからなみんな
>124がいうようにガイドブックに掲載される情報は、メタな作品としての設定資料と、作中での登場人物の知識の披露の弐種があり、再フレンズ化に関しては後者だ、で後者はそいつの勘違いやまだ発見できてない事実があり得るのでうのみは危険

127ななしのよっしん2017/07/11(火) 11:15:06 ID:7j4s/sEPpV
ケロロのはサンドスターを保持したまま圏外に出るのと
圏内でサンドスターを吸いつくされた場合とでは違うという解釈も出来るけど…

ただハカセ説が正しいならかばんちゃんの記憶の件は説明付かないよな。
（そもそもハカセ自身が12話でかばんちゃんの記憶が消えてないことに
驚いてもなかったような）

128ななしのよっしん2017/07/21(金) 22:53:27 ID:+eXsFSARM9
サンドスターローとサンドスターってコジマ粒子とＧＮ粒子の関係とダブって見える
前者はフレンズにさえ有害、後者はほとんどいいことずくめに見えるのがね

129ななしのよっしん2017/07/25(火) 14:53:28 ID:dqlNHff9pQ
キリスト教的に考えるなら、フレンズはヒト化ではなくヒトと同じく神を模したものか
アダムとリリスは地面の塵＝砂から神が創造した：サンドスターという謎ネーミングの理由とも考えられる
女体化することと体の一部からでもフレンズ化できる理由は神がアダムの肋骨からエヴァを創造したことと関係があるのかもしれない

130ななしのよっしん2017/08/19(土) 01:16:53 ID:WY/v+yTN6n
>>128 
GN粒子は本編が始まる前にフィルターで改善されたからな
過去編では疑似と同じく有害でCBメンバーの死亡事故が起きてる

131ななしのよっしん2017/08/25(金) 09:26:37 ID:DbNh6FZMqU
吉崎先生のコンセプト展、あくまで本編と関わるとは限らないと注意書きされてるけれど、サンドスターの真実やヴぁい

132ななしのよっしん2017/08/25(金) 11:33:36 ID:3GA2aQMjjM
>>119
それは私も思っていた．
NEXON版では空から，アニメでは火山からというのも"地球が既にサンドスターに侵食された"とも解釈できる．

133ななしのよっしん2017/08/27(日) 21:20:55 ID:PuzGYiyIPp
上のGN粒子の下り読んでふとフレンズが自分のサンドスターを消費しながら粒子ビームを撃つなんて展開を思いついた。

134ななしのよっしん2017/08/28(月) 13:45:30 ID:uMw4ZfXtSD
>>133
3話でトキがブースターを噴く感じでけものプニズムを噴射させて加速してたし、
コンデンサー的なの作って其処にけものプラズム入れて噴射させれば、トランザムとはいかなくとも急加速ブースターを疑似的に作れそう

135ななしのよっしん2017/09/02(土) 02:15:01 ID:+eXsFSARM9
「人類が著しく衰退している」のが本当なら、例えばハチュウ人類がゲッター線に見捨てられたように、人類もサンドスターの祝福から退けられたことになるね
けれども漫画・アプリ版では人類は健在だから、セルリアンに滅ぼされたというよりアプリ版に前後して人類がサンドスターの兵器転用を狙ってサンドスターの意志を悪い方向に刺激したとか？
そもそもあの世界は人類自身が初代フレンズのような気がするけどね

136ななしのよっしん2017/09/04(月) 00:13:54 ID:WY/v+yTN6n
>>133
アプリ版ツチノコやキングコブラはマジで目からビーム撃てたからな…
>>135
サンドスターの意思というより、セルリアン側が頭脳として統率するクイーンを失って
黒セルリアンのような武力だけが過剰進化し、それに対抗した人類との悪循環で共倒れしたんじゃない？
人類もフレンズもセルリアンも衰退した残滓がアニメ時代なのでは

137ななしのよっしん2017/09/07(木) 08:25:34 ID:DbNh6FZMqU
ガイドブック六巻で、「その時代、その場所によって言い伝えられている呼び方や種類は変わっていきます。そしていつの刻でもかわらないのは、「フレンズ」と「セルリアン」を創りだすこと」っていう意味深すぎる情報が出てるのよな

138ななしのよっしん2017/09/07(木) 20:52:57 ID:VZo/FPIR4X
擬人化少女キャラのためのほんわか不思議エナジーであり、
同時に終末要素を含むSF世界のための謎物質でもある

139ななしのよっしん2017/09/08(金) 22:56:00 ID:wDr18OqtSd
もし現実世界と同様の人類が居る(居た)って設定なら、こんなもんを仮にも動物園程度の施設で平然と扱ってるなんて凄まじすぎる
そんな人類をどうしたら衰退させられるんだと思えるレベル

140ななしのよっしん2017/09/10(日) 03:25:11 ID:ogrHjm+k2v
パークはサンドスターの影響で気候保たれてるんだっけ
なんか…外の世界がめちゃくちゃ住みづらい環境になっている可能性あるんじゃ…

141ななしのよっしん2017/09/13(水) 20:36:21 ID:WY/v+yTN6n
>>139
ミニ日本列島みたいな新島が出来たら丸ごと巨大動物園にして
想定外の謎物質で動物が変質しても運営し続ける人達だし
けもののことしか頭にないんじゃないか

142ななしのよっしん2017/09/13(水) 20:41:35 ID:3SJDDuGQxj
そもそもパ－ク外の世界なんて触れてないし、その描写もなんもないからね
パークの外じゃヒトは普通に好き勝手にやってるよ

143ななしのよっしん2017/09/20(水) 21:26:27 ID:dNNk5s+Z/q
やっぱり人類は普通に外の世界で滅びもせず暮らしてるって展開が一番嬉しいかもしれない
パークが放置された理由はサンドスターの人工化によってセルリアンが生まれないよう制御されてフレンズもパークの中だけじゃなくて普遍的な存在になって珍しくなくなったからで

144ななしのよっしん2017/09/23(土) 21:09:42 ID:+eXsFSARM9
>>143
なんかそれって安堵感とガッカリ感が半々だよね
某漫画で普通に人は現実の1900年あたりの技術を手に入れてて海で軍艦走らせてましたーと同じで

145ななしのよっしん2017/09/24(日) 02:31:06 ID:QT0b3joKt5
外の世界がやばくてパークが平和ならパークに避難してきてもいいはずだし

146ななしのよっしん2017/10/01(日) 08:12:11 ID:wuAEN0HEX1
>>143
実は一時期元ネタでは？と騒がれた(が後々公式から否定された)ドクター・モローの島のオチがそれ。
案外その説なんじゃ…と思うね。

147ななしのよっしん2017/10/03(火) 02:58:36 ID:mvRLd8Y7wI
逆に謎のファンタジー世界になってたりもするかもよ・・・

サンドスターはどこまでも願いを叶える謎物質で
これが現れるところにセルリアンも現れるみたいな
作用と反作用みたいな立ち位置で描かれてるし

ジャパリがカコ博士かミライさんかの影響で
動物をフレンズに変えることになってるってだけで
世界に降り注ぐか噴火するかした他の環境まではわからない
案外、何個もの世界がどったんばったん大騒ぎしてるかもしれない

148ななしのよっしん2017/10/04(水) 00:28:13 ID:+eXsFSARM9
今こそたつき監督にサンドスターかゲッター線を浴びせたいです

149ななしのよっしん2017/10/29(日) 11:48:19 ID:DbNh6FZMqU
>>147
公式ガイドブック最終巻に
『サンドスターは未知の物質（中略）その時、その場所によって呼び方は違うが、いつの刻も「フレンズ」と「セルリアン」を生み出す』
とあるのでジャパリパークの動物がフレンズになったのは外的要因の影響ではなく、あくまでサンドスターの元来のふるまいのようだ

150ななしのよっしん2017/12/19(火) 18:46:42 ID:dNNk5s+Z/q
個人的にアニメの世界でのパークの外のヒントはガイドブック1巻にあると思ってる

1巻の設定資料(仮)として掲載していた『巨大総合動物園「ジャパリパーク」全容解明』は過去のジャパリパークの姿を調査しているって体の解説文が載っているんだけど、全文を通して「サンドスター」っていう単語が出てこない。コレは3巻のカコ博士の記録を除いて徹底されている
気候制御に関しても「そのためのドームと装置」のことは触れられてるけど、「それらが稼働してないのに未だに気候が保たれているのは未だに謎である」って書かれてる
それらを合わせて考えると、パークは放棄された後、後からやってきた人間達の知識からサンドスターは失伝しており同時にアプリ・アニメの頃と比べてサンドスターの活動自体も直接観測されるほど活発じゃなくなってると思われる
「外界との輸送手段が確立されており」と書かれていることからジャパリパークの存在は全世界に知れ渡っていただろうと推測されるけど、後の時代ではその存在はおろかサンドスターの発見も技術も何も残ってないようだ
ってことは外の世界じゃ人類は今も健在だけれど、何らかの理由で大きく衰退していて、普通に現代並の文明を維持している可能性は低いかと思う(気候制御装置に触れられる程度には機械の知識はあるからおそらく大航海時代～産業革命期くらい？)

もちろんこのジャパリパークの再発見の時期はサンドスターの活動が大人しくなってることを考えると、かばんちゃんの時代からもかなり後だと思われるので、アニメの世界の時代でどうなっているかはぜんぜんわからん！
絶賛アポカリプスの最中かもしれんし、滅びた後の都市の中で半分少女終末旅行みたいな状態になってて頑張って復興している時期かもしれん

151削除しました削除しました ID:wHsenbEyDR
削除しました

152ななしのよっしん2018/05/29(火) 19:07:28 ID:jCYtC9J3MQ
SCPの記事でSCPみたいな扱い方されてますやんか
けものフレンズ×SCP流行れ

153ななしのよっしん2018/09/25(火) 17:11:40 ID:rcpF+qr++l
けもフレ2期が製作されず行き場を失ったサンドスターが
クッパ城に降り注いだぞ
どうしてくれる

154ななしのよっしん2018/09/25(火) 17:14:45 ID:wd456E38ME
純粋にマリオシリーズが好きな身としては、彼らには正直けもフレに留まっていてほしかった
美少女化がしたいだけならけもフレに返ってくれよもう…

155削除しました削除しました ID:CosB7Tu/Cd
削除しました

156ななしのよっしん2018/10/17(水) 05:45:08 ID:DbNh6FZMqU
>>154
マジレスすると「ピーチ姫に変身できるアイテム」はマリオ作品由来の者だし
女体化というＴＳの概念は遥か昔から存在しているし
153がネタで言ってるだけなので、本気でけもフレファンがやった事だと思っているのなら……ちょっと冷静になった方がいい

157ななしのよっしん2019/02/19(火) 17:27:07 ID:3KY0LT2x3u
サンドスター類の呼び方が時代や場所によって変わるなら、サンドスター・ロウがセルリウムと呼ばれても別におかしくないわけだ。

158ななしのよっしん2019/02/22(金) 01:29:54 ID:a1hD8bpveh
まじめに考察するのも馬鹿らしいけどサンドスターだったら入ってるビンがセルリアン化するんで
セルリウムは完全に別設定か適当に作った設定だと思うよ

159ななしのよっしん2019/02/26(火) 17:28:31 ID:gxgYrv+04g
セルリウムはネクソンアプリ版やガイドブック内でも触れられてるし適当に作った設定ってのはまず無いよ

