ザ・エンドってね 2019-03-08/11:44 226

1ななしのよっしん2017/12/07(木) 21:11:44 ID:MvMcQ+JYvL
あいつは元ネタの動画を事前に最後まで見とけばあんなことにはならなかったのに

2ななしのよっしん2017/12/07(木) 21:40:49 ID:QdBdv7SL8i
どのみちしゃんごしょうしゃんに暴かれてたけどな

3ななしのよっしん2017/12/10(日) 02:52:33 ID:PcpE5bnATD
しゃんごしょうさんの持ちネタになってるの笑える

4ななしのよっしん2018/01/07(日) 01:27:59 ID:E4VraHimgt
地上波デビューしたので記念パピコ

5ななしのよっしん2018/01/07(日) 01:30:52 ID:JdfX5tpcVA
あーもうめちゃくちゃだよ

6ななしのよっしん2018/01/07(日) 01:32:28 ID:QxYpg7Jb1a
こんなネタを地上波アニメで見るとは思わなかったわ

7ななしのよっしん2018/01/07(日) 01:36:32 ID:g7MOLklMoP
ポプテピピックで出るとは…

8ななしのよっしん2018/01/07(日) 01:38:04 ID:lEmx6uZ8Ag
クソアニメ・・・

9ななしのよっしん2018/01/07(日) 01:43:40 ID:xkd/5MWCDZ
これであいつも浮かばれるだろう

10ななしのよっしん2018/01/07(日) 01:56:03 ID:RLrP/0BHKh
大塚芳忠さんの声でこの言葉が聞けるとは思わなんだ

11ななしのよっしん2018/01/07(日) 02:45:18 ID:6AFVvg4DlM
地上波デビューは流石に草生えた

12ななしのよっしん2018/01/07(日) 03:02:44 ID:9YPAW39+aU
ポプデで知って元ネタ見にいったら気分を害した

13削除しました削除しました ID:fOJ14pbE4I
削除しました

14ななしのよっしん2018/01/07(日) 04:34:39 ID:xqO/3FpyU5
本人見たら顔真っ赤にしそう

15ななしのよっしん2018/01/07(日) 05:11:17 ID:dbvDQh1EbD
RTAとかマイナージャンルだし、biim式やらで淫夢厨のおもちゃになる前だから知らない人が大半だろな。

この言葉、
　不正しながらドヤ顔してる
　ジ・エンドと言わずザ・エンド
　マウス音ばっちりマイクに乗ってる
　ご視聴いただきありがとうございましたの字幕もガッツリ乗ってるガバガバ不正
という四重ボケの上に「(生主人生が)ザ・エンド」という皮肉まで利いてて高度すぎんだよなあｗ

「しくったなー」「珊瑚礁さんを参考にしました」も界隈ではよくネタにされた。
何回参考にした言うねんって感じだけど、トーク力が無い上に動画にアテレコするのが
あまりに暇だから同じ言葉を繰り返してるんだなって。
そこから珊瑚礁さんはよく参考にされるRTAerって設定が生まれて
「しゃんごしょうしゃんは参考にされ界の重鎮」というネタまであったなー。
このリュシアと同じ「りゅ」のつく不正者ってことでりゅ(ドラクエ)が引き合いに出されて、
さらには「る」が付く不正者が出たら「りゅ」と読むとかいうネタもあったなー。内輪ネタだけど。

16ななしのよっしん2018/01/07(日) 08:05:08 ID:rMUjrqoix8
不正RTAをしただけで地上波に出る男

17ななしのよっしん2018/01/07(日) 08:44:59 ID:TerKud8sMq
>>15
めっちゃ早口で言ってそう

18ななしのよっしん2018/01/07(日) 08:49:50 ID:AxztQaAdu9
太陽生命のCM聴くたびにこいつの声に似てるなと思う

19ななしのよっしん2018/01/07(日) 08:58:24 ID:TSxpnvgSrt
マジかよしゃんごしょうしゃん見損ないました（風評被害）

20ななしのよっしん2018/01/07(日) 10:23:25 ID:psCMuPlRRE
この記事いくらなんでも説明足りなさすぎない？

21ななしのよっしん2018/01/07(日) 11:02:55 ID:QUiggH2HLx
>>20
内輪ネタの要素が大きいからわざと適当に書いたとのこと

22ななしのよっしん2018/01/07(日) 11:30:15 ID:Mh+LB4PAni
なおネイティブ的にはジでもザでもいい模様
『ダーリンは外国人』で有名なトニー・ラズロ氏によると
「母音の前はジと発音する」というルールが明確にあるわけではないとのこと

23ななしのよっしん2018/01/07(日) 11:58:22 ID:qqkbyKQ7Dx
ブロマガの方にさっそく追記されてて草

24ななしのよっしん2018/01/07(日) 12:05:45 ID:1UznUOcYPJ
記事作成者が追記してて草

25ななしのよっしん2018/01/07(日) 12:21:09 ID:yqTHPWv4As
各所コメであたかも珊瑚礁さんがやったみたいになってるの草
そのうち某クソアニメの方が元ネタとか言い出すやつ出そう

26ななしのよっしん2018/01/07(日) 12:34:22 ID:iKdrZv5WNk
ちょっとややこしかったけど合点が行った
某生主＝不正RTA走者
珊瑚礁氏＝摘発者(RTA走者だけど、元動画の人ではない)
元動画の人＝映像を流用された過去のニコ生記録保持者
って事ね

27ななしのよっしん2018/01/07(日) 12:58:34 ID:lNSJrB50Eg
リュシアって人がやらかしたのか

28ななしのよっしん2018/01/07(日) 13:36:47 ID:7WIAFUhnd2
ちゃんとしっかりした追記が増えてて草。まぁ地上波デビューしたからな

29ななしのよっしん2018/01/07(日) 14:31:25 ID:YwklpOMHeO
おいーつっかかったじゃねぇかよー←これ最高にゴミ
あっ地上波デビューおめでとうございます

30ななしのよっしん2018/01/07(日) 14:39:46 ID:8c99RCns1P
このページが作られたのが去年の１２月？
もしかしてもしやクソアニメ用に作られた記事では
僕は訝しんだ

31ななしのよっしん2018/01/07(日) 16:00:47 ID:Wne9FYfB4e
>>30
たしかこの言葉はバトルドッジボールRTA不正騒動の時に不正RTA繋がりで一度再注目されたんだよ
アレで採用されたり、記事が出来たのが最近なのはその辺

32ななしのよっしん2018/01/07(日) 16:01:18 ID:mE8eV0+PyQ
>>22
もっとマジに言うのであればカタカナである「ザ」も「ジ」も間違いな模様
最高に変な発音してるからネイティブからすると耳につくから面白がられてるわけで
どう考えてもTHではZAにはならねーよ(笑)ってなるのがこのジャパイングリッシュのウケるところ
つまり「THE」は「THE」である

33ななしのよっしん2018/01/07(日) 16:03:16 ID:3y7A4knVrm
不正主＝リュシア
摘発主＝珊瑚礁　たいぷつき他マリオワールドRTA勢

珊瑚礁さんもちょうどキャッスルバニアRTA動画で最近ランキングで良く見るし旬な感じだな

34ななしのよっしん2018/01/07(日) 17:32:10 ID:1v1W51qO5y
RTA(リアルタイムアテレコ)　でクソ笑った

35ななしのよっしん2018/01/07(日) 18:55:54 ID:hLLis6o3Gq
でも珊瑚礁氏の記事を見るに、リュシアって人12分台で完走できる程度の腕はあったんかな
あまりにマリオを知らないからこの不正がバレないと思ったんだろうと思ってたけど
普通にそこそこの腕があるのにバレないと思ったのは謎すぎる

36ななしのよっしん2018/01/07(日) 19:36:22 ID:VUUOYjhMOJ
有名声優によって素材が増えたよ！

37ななしのよっしん2018/01/07(日) 19:45:40 ID:ktESiGjloh
当人の反応が見てみたいなあ。さぞ顔面を真っ赤なさせてキングレコードに抗議の電話を入れてるだろうよ。

38ななしのよっしん2018/01/07(日) 19:56:15 ID:FqCAn9ZmtA
不正RTAしたらそれを暴かれて業界追放な挙句クソアニメにネタにされて晒されるんだもんな
だが悪いことをしたのは不正者なので反論する権利は全くないという

39ななしのよっしん2018/01/07(日) 20:03:44 ID:94W8EABSjx
元ネタなんだろうと疑問だったがこんなところからだったのか

40ななしのよっしん2018/01/07(日) 20:07:22 ID:69R7dPLQRk
ポプテピピックからこの言葉を知って該当する動画を見たんだけど、よくもまぁこんな恥さらしな事出来たもんだなこのアホは。逆に尊敬するわ。最後のテロップがなくても不正が速攻バレてたろうに、何でこんな事やったんだろうな。まぁベテラン二人にこの台詞を言わせて貰ってる事自体ありがたいと思うべきか

41ななしのよっしん2018/01/07(日) 21:03:20 ID:QccWxo+/ZB
ポプテでやったから恥さらし具合が全国的に拡大したってことね。元ネタまで調べるような人は少ないとは思うけど。

42ななしのよっしん2018/01/07(日) 21:20:57 ID:dWd+T6i67f
マリオRTAで不正があったっていう話くらいは聞いたことある人多いんじゃないかな

43ななしのよっしん2018/01/07(日) 21:34:25 ID:zjzkaFvzxm
ポプテピピックより面白くて草

44ななしのよっしん2018/01/07(日) 22:25:44 ID:dyvUtZnRjH
想像を絶するほどのアホやな

45ななしのよっしん2018/01/07(日) 22:39:10 ID:N7ePDPm/5Q
今コインさん関係ないだろ！

46ななしのよっしん2018/01/07(日) 23:45:20 ID:T7sb867mBG
不正については知ってたけど「ザ・エンドってね」っていうのは元々注目されてたのか？

47ななしのよっしん2018/01/07(日) 23:52:58 ID:QffzUhvDHG
別に大百科で扱うことを憶するような言葉でもないだろうに、スクロールでいちいち隠さなくてもよくない？

48ななしのよっしん2018/01/08(月) 00:07:22 ID:gJ9qKo6soV
>>40
ミリしらシリーズみたいに作品に全く無知な上でネタに走ってギャグで笑いを取ろうとしてるように見えるよな
でも本人はこれで本気で騙せると思ってたんだよな

49ななしのよっしん2018/01/08(月) 00:12:21 ID:eakc4g11QI
こんなのまで拾うのかw
ボブネミミッミとかいうアニメのネタチョイスマニアックすぎるだろwwwww

50削除しました削除しました ID:h4V8mWLg9K
削除しました

51削除しました削除しました ID:IZgf5K26RK
削除しました

52ななしのよっしん2018/01/08(月) 01:59:18 ID:fCx2wCOWa5
有名声優にまさかのアテレコしてもらったんだ
こらもう名誉な事やで

53ななしのよっしん2018/01/08(月) 02:18:21 ID:HJsOpPLTgQ
急上昇ワードに入っててワロタ
「ザ・エンド」の間抜け感もさることながら意図せずダブルミーニングになっているのがまた面白い

54ななしのよっしん2018/01/08(月) 02:45:05 ID:6dUxakoJDR
突っ掛かったじゃねーかよー、ここもねー練習したんですよー

55削除しました削除しました ID:4bZZy7VI+s
削除しました

56ななしのよっしん2018/01/08(月) 03:20:41 ID:RIB7k1910w
正直本人は喜んでそう

57ななしのよっしん2018/01/08(月) 05:12:01 ID:+4A7UB2I08
ザ・エンドを不正RTAを揶揄するスラングにするのは違和感があるな
普通に色々な創作物で使われている言葉だろうに

58ななしのよっしん2018/01/08(月) 05:33:33 ID:uUZSirGGYR
普通の創作物ならジ・エンドじゃないですかね

59ななしのよっしん2018/01/08(月) 07:47:45 ID:tbz51NPzFs
>>57
じゃあザ・エンドのフレーズが使われてたその創作物の作品名を挙げてくれ
こんなにあるのか！というくらい確認できればお前の主張に理がある事になる。
でも何かは覚えてないけど見た事はある、とか言い出すつもりなら
それは「ソースは俺の脳内だから間違いない」てのと同レベルだぞ？

60ななしのよっしん2018/01/08(月) 08:35:21 ID:EjSeMa+vxr
マリベル・ベルドゥ主演のスペイン映画「ザ・エンド」だぞ（適当）

61ななしのよっしん2018/01/08(月) 08:36:30 ID:/dzWRg0J7d
お前はナポレオンを侮辱したなぁ？

62ななしのよっしん2018/01/08(月) 09:36:48 ID:gvW03JfHV2
不正RTAを揶揄するのは「ザ・エンドってね」まで入ってる場合だと思うんですがソレは・・・

63ななしのよっしん2018/01/08(月) 10:06:31 ID:uwUydMGgvS
ブロマガの追記に笑った。おのれ竹書房

64削除しました削除しました ID:h4V8mWLg9K
削除しました

65ななしのよっしん2018/01/08(月) 10:51:28 ID:w+wkogfdlc
他は酷いけどザ・エンドはネタで言ってるんだと思うぞ
まあ他含め総合芸術で評価された言い回しだと思うけど

66ななしのよっしん2018/01/08(月) 10:59:20 ID:iTaaQJh6O5
なんか語感がシャムさんっぽい

67ななしのよっしん2018/01/08(月) 13:47:13 ID:Ia65OWRVuZ
ほもがきのぼくはこのネタ以外ほとんど知りませんでした…

68ななしのよっしん2018/01/08(月) 13:58:46 ID:LDNX6DQ988
まさかコインさんのネタが地上波で見られるとはなぁ

69ななしのよっしん2018/01/08(月) 14:35:55 ID:eprYgXzmwj
風評被害なのにアニメ化されて真面目に怒ってもいい被害者本人が
「おのれ竹書房」
ってノリノリでワロタ

まあアニメ化の真の被害者は元動画投稿者だけど

70ななしのよっしん2018/01/08(月) 14:36:06 ID:Y9aV+R9eoA
参考と練習をしまくった男

71ななしのよっしん2018/01/08(月) 14:47:25 ID:+hhjlq/mHO
さっき検索してきて元ネタ見てきた
ザ・エンドってねにこんな意味があったとは

72ななしのよっしん2018/01/08(月) 16:29:50 ID:xjGMus6uXR
http://ch.nicovideo.jp/ymgc/blomaga
語録書きおこし
やっぱ：27回（やっぱり含む）
練習：24回（練習の鬼）
これ：24回
でも：20回
前回：13回
珊瑚礁：12回（しゃんごしょうしゃん！含む）
ミス：11回
100％：9回（100パー含む）
参考：9回
結構：7回
正直：6回
マクドナルド：2回

73ななしのよっしん2018/01/08(月) 17:42:15 ID:xjGMus6uXR
>>72
連スレすまん、追加
ちょっと：36回

74ななしのよっしん2018/01/08(月) 23:14:07 ID:NEoRYhBHEg
これただの不正として終わらずにさんざんネタにされた挙句アニメ化まで果たして大物声優に言ってもらえるとか素直に嬉しいよな

75ななしのよっしん2018/01/08(月) 23:32:58 ID:gvW03JfHV2
MGS3の光合成する　おじいちゃんスナイパーが真っ先に頭に浮かんだよ

76ななしのよっしん2018/01/09(火) 00:19:19 ID:Tlwq+vvk2q
いくらポプテピピックでネタに使われたからっつって、
大百科がないのはおかしい、本当に流行っていたのか、ポプテピ用に作られたのでは？とかねーよｗ
ＲＴＡ好きな俺ですら遙か前からネタにしてんのに

ニコニコ大百科に内輪ネタの単語登録すると「全く意味が無い」「私物化するな」みたいな
クソみてえな自治厨が湧いて荒らしてくるから、新規で登録しづらいんだよ
意味のある大百科なんてwikipediaにでも任せとけばいいのに

77ななしのよっしん2018/01/09(火) 00:26:38 ID:fwIo7AHE6m
りゅしあリア友とかに自慢してそう

78ななしのよっしん2018/01/09(火) 00:48:09 ID:33wZzfjAT9
ラスト一行で衝撃の展開を迎えるミステリー小説みたいだな

79ななしのよっしん2018/01/09(火) 01:00:45 ID:pbB4cBUEwN
なんでED見なかったんだろう?
不正したいなら、ばれないようにするだろうと思うんだけど
この生主が甘かっただけなんだろうか
完全犯罪は難しいからしないんだろうけど

80ななしのよっしん2018/01/09(火) 01:03:41 ID:tEEa2YUGQ4
ザ・エンドってね
ゆっくりしていってね
ちくわしか持ってねえ

81ななしのよっしん2018/01/09(火) 05:19:05 ID:8EuIULjZ4D
biim兄貴リスペクト系の動画だと、割りと珍しくない範囲でみるな

82ななしのよっしん2018/01/09(火) 06:51:20 ID:T60ljwOqZG
元ネタをまとめた動画が数十万再生だしマイナーってこともない微妙な知名度

83ななしのよっしん2018/01/09(火) 07:15:23 ID:ucNZCTGulU
私の好きな”激レアさん”の番組に出られそうな勢いですね

84ななしのよっしん2018/01/09(火) 09:00:02 ID:DmEI2DrNmv
実況やRTAがアニメでネタにされるとは
すごい時代だな
いいぞーもっと晒せー

85ななしのよっしん2018/01/09(火) 09:05:54 ID:OxCgUb4UVs
比較元のRTA動画（右の動画）が珊瑚礁さんの動画だと思ってる人が結構いるのが問題...

86ななしのよっしん2018/01/09(火) 09:50:35 ID:jC8iBUV16i
界隈で細々とネタにしてきた言葉が急上昇ワード1位になってて何事かと思った
今の世の中なにがキッカケで浮上するかこれもうわかんねーな

87ななしのよっしん2018/01/09(火) 13:04:14 ID:NRmCOX2sOw
最後のところだけでも編集してたらワンチャン気付かれずにすんだのだろうか

88ななしのよっしん2018/01/09(火) 14:23:49 ID:jY7M7XXUei
内輪ネタを地上波で披露するスタイル

89ななしのよっしん2018/01/09(火) 14:24:35 ID:57elUln8VW
細々と言っても某アニメにネタにされる前でも数十万再生はされてたし結構有名なネタだとは思ってたんだがこんなに知らない奴居たなんて思わなんだ

90ななしのよっしん2018/01/09(火) 16:12:11 ID:nbvlGBScEQ
今はともかく当時なんてニッチ向けの需要だったし
結構昔のことなので知らなくても当然

91ななしのよっしん2018/01/09(火) 16:30:16 ID:xj2HE3QotW
>>87
しゃんごしょうしゃんが生に来た時点で詰んでると思う
もし、バレずに不正を行うなら
1.動画をニコ動からではなく別サイトから拾ってくる。それもそれなりに速い程度の記録を
2.マリオワールドRTAの最低限の知識を付ける
3.台本を作る
4.こんなことする暇があったら真面目に練習して自力で走る

92ななしのよっしん2018/01/09(火) 17:24:58 ID:jC8iBUV16i
>>89
これは自分への戒めも込めて言うんだが、たかだかニコ動内での数十万再生で認知が得られたと思うのは止めといた方がいい
みんなふつーに知らねーから

そういうネタも一切躊躇なくブッ込まれたから話題になったんだろうが
ネタってのは解る人が少ないほど深く感じるんだなぁと

93ななしのよっしん2018/01/09(火) 17:59:52 ID:DffxnWccig
ポプテピピック知っててもＲＴＡ知らん人の方が多いからな

94ななしのよっしん2018/01/09(火) 19:30:40 ID:aKQacfV+By
あまりに偽装がお粗末だったからそういうネタ放送なんだと思ってたけどガチだったんか…

95ななしのよっしん2018/01/09(火) 19:35:38 ID:CSK1gbS53C
＞こんなに知らない奴居たなんて思わなんだ

常識って大百科読んできて

96ななしのよっしん2018/01/09(火) 19:37:57 ID:OX3SOM/uiS
ネタがわからなかったんでググって来たが想像以上にアホな事件だった

97ななしのよっしん2018/01/09(火) 20:28:25 ID:YsGnSWssQh
>>95
たぶん君も読んだほうがええで

98ななしのよっしん2018/01/09(火) 21:09:21 ID:Bsqvhl2RoY
普通の人はネタにされて恥ずかしくなるか怒るかだけどここまでのバカ加減ならやべえw俺有名人じゃんwwぐらいおもってまた浮上しそう

99ななしのよっしん2018/01/09(火) 21:23:51 ID:EbYEA/EBqV
知ってるのが当然と思ってる奴はもう老害入りしてるから首つってどうぞ

100ななしのよっしん2018/01/09(火) 21:46:24 ID:MaY/n52Ygm
寧ろニコニコネタが知ってるの当然と思ってるとか今は中々いない昔ながらのニコ厨だからみんなで囲って保護すべき

101ななしのよっしん2018/01/09(火) 22:15:12 ID:8oZ3ylTere
>>85
＞比較元のRTA動画（右の動画）が珊瑚礁さんの動画だと思ってる人が結構いるのが問題...

勝手なことを書かせてもらうが、誰に気を使って実名を伏せているのか俺には分からないけども、記事本文の頭からもっとハッキリと、こんな不正をやらかした恥知らずな脳足りん野郎の配信者は「リュシア」であると明記した方が良いと俺は思う。
　http://com.nicovideo.jp/community/co1565381
このURL中の決着内容を読むと「リュシア」という名前での活動はもう出来ず、RTA界隈からも追放されたようだから書いても良いんじゃないかな。ここに至るまで色々悶着があったらしく「珊瑚礁」氏や「たいぷつき」氏その他の細かな役割まで書くのは骨が折れるだろうから端折っても良さそうだが。

>>76が書くように百科の記事自体がごく最近作られ、以後わざわざこの記事を今になって読みに来る人は既に事情を知った上で現在のニコニコ内でのこの事件の評価を確認しに来ただけだったろうから今の記事の構成の意図はまぁまぁ分かるが、もしポプテピ放映後の誤解の心配をするなら、今後もスクロールさせてまで隠しておくような内容には思えないね。
　＞このようにニコ百で扱っていい内容なのかもグレーなところである。
とスクロール内の文にはあるけど、将来の不正の発生を戒めるため過去の事件の顛末を明確に記録しておくことの何が悪いのか俺には分からん。模倣犯を防ぐため？あんな大バカを真似するやつ居るのか？ｗ

>>90が書くとおりニッチなネタだし、いくらお行儀の良い周知を続けたところでネタとして言いたがる人は飽きるまで使うだろうからこのまま風化させても世間に大した影響は無い気もするけど。

あー俺はプレミアム会員じゃないので書きませんｗ

102ななしのよっしん2018/01/09(火) 22:18:44 ID:8oZ3ylTere
今後に記事が編集されるときの手助けになるようコレも貼っときましょ。
事件発覚後の、「リュシア」の謝罪会見配信の動画
>>sm17349247
sm17349247

103ななしのよっしん2018/01/10(水) 01:13:59 ID:HJHuSUmDuO
例え最後の字幕が無くて珊瑚礁氏が見に来なくてもバレてたと思う
それほど実況がお粗末　当時の子供でも普通にプレイする部分を
「ここ頑張って練習しました！」って連呼してるし

104ななしのよっしん2018/01/10(水) 03:12:33 ID:QEgZGzE51h
某クソアニメから来ました。
…え、こんなんあったの？もっと早く知りたかった…

105ななしのよっしん2018/01/10(水) 03:20:19 ID:kLMTiZNjMa
不正が手抜きすぎる
もっとまじめに不正しろよ

106ななしのよっしん2018/01/10(水) 03:27:42 ID:SjBS7fPZeR
不正っていうのは真面目に行わなければならないものだからな

107ななしのよっしん2018/01/10(水) 04:32:32 ID:CSK1gbS53C
600RTもらったってコメントあったけど不正ではないにしろツイッターもやってること同じなんだなぁ

108ななしのよっしん2018/01/10(水) 05:28:32 ID:iYjqJaryDm
ポプテピピックのおかげでザ・エンド知ったきっかけで
過去の不正RTA見てるわ　いろんな不正RTAあるんやな
SSMがエミュ使って投稿とか　色々あるし

最初から不正RTAだと明言した上で投稿なら叩かれないんだろうか

109ななしのよっしん2018/01/10(水) 05:57:59 ID:sxomum8O8I
2012年の事件だからかリュシア（やらかした人）の痕跡が殆ど残ってないのが惜しい
これがもし2018年現在においてやらかしていたなら
配信後のTwitterの反応やら過去に生主が女性リスナーへ送ったリプライやら過去配信やら
あらかたログ取られて一大テーマパークにされていただろうに

110ななしのよっしん2018/01/10(水) 06:31:54 ID:CSK1gbS53C
それはそれで公式がファンネルしてるみたいであれじゃね

111ななしのよっしん2018/01/10(水) 06:54:39 ID:BnnAKasmft
>>109
私が今から挑戦しますと宣言するから「不正」であって、○○さんのRTA動画にアテレコして遊びますと最初に宣言してれば不正RTAでなくそういうネタ

112ななしのよっしん2018/01/10(水) 08:08:08 ID:nbvlGBScEQ
男ならコインさんみたいに自分でTAS作って
マリオ64RTAの大規模大会でそれ流すくらいの大それたことをやれ。

113ななしのよっしん2018/01/10(水) 08:15:33 ID:LQP2I92V99
1位になってるから何でこんな古いネタがと思ったらアニメで出たのか
それにしても作成日が新しすぎてキナ臭さがあるな

114ななしのよっしん2018/01/10(水) 08:23:21 ID:uwUydMGgvS
>>92
トトロの場面に実はサンダーボルトファンタジーが使われてたりと、パロディもメジャーなのと、マイナーなのを混ぜてるんだよね、あれ。
一般の人が気づくとしたら、ゲームのパロディであること、気づいてもマリオワールドのパロディであること、くらいじゃないか。RTAが元ネタかまでは気づかなそう。
というか制作スタッフ自体も、マリオワールドくらいまでと思ってた可能性もある。

115ななしのよっしん2018/01/10(水) 08:38:29 ID:DffxnWccig
クリック音や字幕とか入れてるの考えると全貌を把握してたとしか思えないんだよなあ
>>sm32551867
sm32551867

116ななしのよっしん2018/01/10(水) 10:41:02 ID:uwUydMGgvS
>>115
あ、製作者（山下諒さん？）は間違いなく全貌把握して作ってるとおもいますよ。
そうではなく、もっと上のアニメ制作スタッフは裏の意図までは気づかなかったんじゃないかなー、と。気づいてる可能性も十分あるけど。

117ななしのよっしん2018/01/10(水) 12:11:53 ID:dbvDQh1EbD
そろそろ、リュシアさんのアテレコに爆笑して不正RTAに興味を持った人が、
ドラクエの「りゅ」さんのアテレコにも出会って熱い感動に打ち震えている頃合いか。

けだしトチ狂った馬鹿がやらかす失敗は、時として分別ある天才が成しうる成功をも軽々と凌駕する。
狂気に遭遇した時は、とくと鑑賞し人間の隠れた可能性に思いを馳せて正気の糧としてゆけ。

118ななしのよっしん2018/01/10(水) 12:27:04 ID:iYjqJaryDm
108の人だけど最初に明確的に不正RTAやりますと言ったらネタ枠扱いされてしまうのかー
人気出るのは炎上したときだからなぁ　でも、不正RTAやってみたいんだよね
もちろん　最初から明確的に言ってネタ枠扱いされてもいいからやってみたい

ちなみにTASっていうのは裏技または改造使う枠認識でいいのかな？

119ななしのよっしん2018/01/10(水) 17:12:28 ID:ODtOePCZYv
ggrks

120ななしのよっしん2018/01/10(水) 17:17:36 ID:Y9aV+R9eoA
最初の字幕は確認したのに
最後の字幕は確認しなかったのか…
あと最後必死にクリック連打してるところも面白い

121ななしのよっしん2018/01/10(水) 17:39:30 ID:5CSCtsVzEl
不正RTAを自らやってみたいとか、これが一番早いと思いますのあの人みたいに一生ネタにされ続ける運命を背負う覚悟があるのか・・・本気で笑ってくれる人とそうでない人が居るからやりたいなら気を付けるんだゾ

122ななしのよっしん2018/01/10(水) 20:22:52 ID:NcJA0nCcJI
>>78
綾辻行人あたりの小説でありそう
この動画オチ知らずに驚きたかったなぁ

123ななしのよっしん2018/01/10(水) 21:16:39 ID:94jtpjAjf6
くだらないことにムキになって・・・

124ななしのよっしん2018/01/10(水) 21:28:12 ID:hLLis6o3Gq
ギルティ伊藤と罪状がとても似ている
あっちは全国にニュース番組で放送されたほどだからさすがに勝てないがｗ

125ななしのよっしん2018/01/10(水) 23:28:37 ID:u6ceW0qoRx
>>118
TASはツール枠だからチートではないが…
やってることが人外の領域っていうかデータの海を平然と泳ぐようなもの。

ちなみにRTAでも裏技やるタイプはある
生主もやってたスーパーマリオワールドの11Exit（スターロードおｋ）のRTAだけでも
バグ禁止・オーブ・雲という3つのレギュレーションがあるし、
0Exitに至っては人力で最初のマップでエンディング召喚してる

126ななしのよっしん2018/01/11(木) 02:06:51 ID:SjBS7fPZeR
>>121 
なんかこういう事で遊ぶと怒り出す人とか居るよね・・・ニコニコ動画もつまらなくなったもんだ

本人だったら面白いが

127ななしのよっしん2018/01/11(木) 06:57:22 ID:nDq2pqTN6O
>>124
ギルティ伊藤は原作でネタにした4コマが確かあったな

128ななしのよっしん2018/01/11(木) 11:22:59 ID:xjGMus6uXR
？？？「ぶっつけ本番でアフレコとは…正気の沙汰ではない」

129ななしのよっしん2018/01/11(木) 11:26:28 ID:amu45FGFFw
元ネタ見るとこっちが恥ずかしくなってきて正視できなくなるレベルでキツい

130ななしのよっしん2018/01/11(木) 14:17:20 ID:5bgr8fL6rl
しかし、ほんと練習しました。とか、参考にして～とか同じ台詞言い過ぎだなｗ
マリオワールドやってるならそれぐらい普通に遊んでても分かることも連呼してるし
どんなに察しが悪い人でも序盤で不正がバレそうね

131ななしのよっしん2018/01/11(木) 17:30:42 ID:dm6osdX425
ポプピから

132ななしのよっしん2018/01/11(木) 22:58:27 ID:uEgi5AYt9X
ポプテに影響されて謝罪動画も初めてみたけどこんなに予想を裏切る展開がある良動画とは思わなかったゾ
てっきり３０分ずっと謝ってるだけかと思ったら丁寧に図ったかのように一つ一つ視聴者の逆鱗に触れることをし続けて感動した

133ななしのよっしん2018/01/12(金) 05:41:21 ID:sN9JK8CORQ
もう６年経とうしてるわけだしリュシア当人もアニメやニコニコ界隈から離れてるかもなぁ

しゃんごしょうしゃん当人がネタにしてるのすき

134ななしのよっしん2018/01/12(金) 23:50:15 ID:FYORfE0hE2
・元動画をわざわざバレやすいニコニコ動画から引っ張ってきた
・マリオの基礎的な知識が欠落している
・生放送中一人で絶え間無く喋りすぎててRTA配信として不自然
・リハーサルも台本も無しの一発勝負

135ななしのよっしん2018/01/13(土) 00:15:43 ID:MaY/n52Ygm
>>134
言うて事の顛末を知っている珊瑚礁さん曰くこの人自分のコミュニティで
普通にプレイしてRTAしてたと言う証言もあって12分台はだしてたみたいだしマリオ自体の知識が無い訳ではないと思う
そっから伸び悩んでこんなわけわからない凶行に出たって事なんじゃないの
そして良くも悪くもこの人は嘘をつくのが下手過ぎてあんなあからさまなRTA実況生放送をしてしまったと

136ななしのよっしん2018/01/13(土) 03:43:44 ID:3ZeOjmmUr2
クリック連打ってどういう意味あったんだ？

137ななしのよっくん2018/01/13(土) 04:05:05 ID:5rHShxnVeU
最期の字幕でバレそうなのに焦って、慌てて生放送終わらせる操作するときのクリック音じゃないかな？
直後に終わってるし

138ななしのよっしん2018/01/13(土) 04:20:54 ID:wXT6NDNq2m
どう考えてもパクられた元動画の人が入れてた
「最後までご視聴くださりありがとうございました」
の字幕が出たから焦って動画を止めようとしてるのが理由

止めないと次は「この動画をもう一度再生しますか？」とか
「あなたにオススメの関連動画」とかもっと酷い画面も映っちゃう訳だし
>>sm32551867
sm32551867

139ななしのよっしん2018/01/13(土) 07:01:37 ID:klAmJPZNub
これ記事中の元ネタ部分、いちいちインラインフレームにする必要あるか？

140ななしのよっしん2018/01/13(土) 07:22:29 ID:Mcvu/tGajY
今時フレームなんて非推奨扱いだし
取っ払っちゃってもいいんじゃない

141ななしのよっしん2018/01/13(土) 12:44:11 ID:IQz/eFcdnv
リュシアって名前隠してツクールゲーだったかの実況動画あげてるよな
結構昔だからタイトルすら覚えてないけど声が完全に同じだったのは記憶に残ってるわ

142ななしのよっしん2018/01/13(土) 17:18:08 ID:3b8CueN5zn
最初の字幕には気づいてて冒頭を写さないようにへたくそな言い訳しつつ始めてたくせに
何で最後の最後は見逃すんだろうねまあプレイ自体見てないからなんだろうが（記録がだいぶ良いことやパックンかわす基本テクニックも知らない有様だし）

143ななしのよっしん2018/01/13(土) 19:50:12 ID:D+9tivMvCH
ポプテピピックの元ネタホントにこれで軽く感動したよｗｗ
ゆうてそんな有名じゃないし・・・

144ななしのよっしん2018/01/13(土) 21:58:58 ID:xvz+fnih38
漫画版DQ6の引換券初登場シーン

145ななしのよっしん2018/01/13(土) 23:12:20 ID:3b8CueN5zn
不正RTAの証拠動画のタグをロックされてるの以外全部消去してるやつがいるんだけど
今の時期になってそんなことするやつってまさかね

146ななしのよっしん2018/01/13(土) 23:31:14 ID:MaY/n52Ygm
元の動画だったら迷惑だから消すのも仕方なし。
不正比較動画の投稿主も
「必要以上なアクセスは抑えるため右の動画のURLを貼るのは控えさせていただきます。」言ってるし
不正比較動画のタグ消してるんだったらえぇ…だけど

147ななしのよっしん2018/01/14(日) 05:33:34 ID:3b8CueN5zn
>>146
もちろん比較動画の方だよ
固定以外で昨日見た時にあった「不正RTA」とかのタグ全部消されてた
今じゃ復活されてるけど>>145書き込んだ時点じゃ間違いなかった

148ななしのよっしん2018/01/14(日) 11:58:38 ID:TzahD9h+WS
いいなあ俺も語り継がれるようなことしたいなあ

149ななしのよっしん2018/01/14(日) 14:38:06 ID:IWUfcuh7pa
>>148
やめとけ
そういう動機で迂闊に動いた結果がバカッターとかだぞ

150ななしのよっしん2018/01/14(日) 14:44:09 ID:iKdrZv5WNk
>>148
警察に捕まってくれる分にはご自由にと思ったけど、
それでも警察の方々に迷惑がかかるから、良い事以外で名を残さないで

151ななしのよっしん2018/01/14(日) 15:55:11 ID:MaY/n52Ygm
>>148
語り継がれたいならどうせだし良い事をしよう

152ななしのよっしん2018/01/14(日) 20:29:54 ID:SjBS7fPZeR
>>148
総理大臣とかになろう（こなみ）

153ななしのよっしん2018/01/14(日) 23:42:25 ID:UlByH3eMj4
悪い事しても笑い者にされるだけだから皆はそんなことしちゃいけないぞ

154ななしのよっしん2018/01/16(火) 00:23:03 ID:u83Xh1ML2X
毎日一分違わず同じ時間に散歩するだけで語り継がれる人物になった奴もいたな。

155ななしのよっしん2018/01/16(火) 02:12:28 ID:k1Z33sA0Zu
警察に捕まるならまだしも盗撮されたりゴミ不法投棄されたり母親（間接的に）殺されたりするぞ

156ななしのよっしん2018/01/16(火) 19:17:46 ID:wJAUugprBp
RTA動画のアテレコ、実況であって
元のRTA動画自体は不正な物ではない
みたいな入れ子

157ななしのよっしん2018/01/16(火) 22:55:46 ID:dC3gjvMc2E
私が最初に言い出したことになんねーかな

158ななしのよっしん2018/01/17(水) 04:19:44 ID:eakc4g11QI
>>157
自分から汚名をかぶりに行くのか・・・

159ななしのよっしん2018/01/17(水) 07:40:47 ID:sKQeyIGYs2
ポプテ関係者か？仮にリュシアが訴訟おこしたりアニメに苦情いれたりしたら面倒なことになるだろうし

160ななしのよっしん2018/01/17(水) 20:14:55 ID:vzEvVmzRcK
>>159
普通に使われている言葉を使用しただけなのでセーフ

161ななしのよっしん2018/01/19(金) 14:28:42 ID:3b8CueN5zn
比較動画またタグ消してるやつがいるわ
ポプテピピックとか関係ないのはわかるがザ・エンドってねとかまで消してるあたりマジでリュシアか？

162ななしのよっしん2018/01/20(土) 01:29:11 ID:AcJJpGFH4W
というか、大百科の急上昇ワードにいつまで居座ってるんだこの記事

163ななしのよっしん2018/01/20(土) 19:49:27 ID:Nn4rGXLBfb
不正RTAをしただけで大塚芳忠にアフレコされる男

164ななしのよっしん2018/01/20(土) 20:05:25 ID:OGu0aKEOnK
記事と趣旨違うけどTHEをザって読み始めたのは誰なんですかねえ

165ななしのよっしん2018/01/20(土) 22:07:08 ID:Qs8A3cbAdq
光合成しながらモシンナガンで狙撃するんだ

166ななしのよっしん2018/01/20(土) 22:59:03 ID:arm5GCRQhU
動画にアフレコしただけのものを不正RTAと呼べるのか疑問がある

167ななしのよっしん2018/01/20(土) 23:38:39 ID:TXbUaoLEQz
単にRTA動画にアテレコをするだけならここまで大事にはならなかったろうが
あたかも自分がプレイしたかのようなRTA動画として配信した以上不正なんだよなぁ・・・

168　2018/01/21(日) 03:05:46 ID:tGIT4qEo1+
他人の動画を勝手に拝借して自分のRTAにしているんだから不正RTAのカテゴライズであってると思うよ。不正実況動画でもあるが、不正アテレコ動画ではないと思われ。

169ななしのよっしん2018/01/21(日) 05:57:02 ID:Veesd84/5M
不正RTAというよりただアホなことして配信業終わらせただけやん…

170ななしのよっしん2018/01/21(日) 06:40:07 ID:Nn4rGXLBfb
>>169
あ、これ不正RTAじゃなかったの？
じゃあ記事内の不正RTAって記載直してくるけどいいかい？
「不正RTA」のニコ百記事にも、ザ・エンドについての記載がそっちも直してくるね

171ななしのよっしん2018/01/21(日) 09:30:52 ID:jGiON61n8B
よくない

172ななしのよっしん2018/01/21(日) 10:35:00 ID:s/xx7bjYRr
RTAですらないしなｗ

173ななしのよっしん2018/01/21(日) 10:39:03 ID:XPsntLq6EU
不正バレRTAだよ

174ななしのよっしん2018/01/21(日) 10:51:17 ID:looFOobWJo
RTAじゃなかったとしてもずっと不正と三文芝居の現行犯を晒され続けるんやで

175ななしのよっしん2018/01/21(日) 11:01:41 ID:aiJlWCnU/9
既に動画があるわけだし予習できるという強力なアドバンテージがあるもののわざわざ初見同然で配信するという謎の縛りプレイを課したのが最高にマヌケ

176ななしのよっしん2018/01/21(日) 11:05:55 ID:zcpVXzWrZd
元々この不正動画は再整数10万もいってないけどコメ数は6000程度と知っている人は知っている程度だったのに
今年に入ってまた急上昇してたから復活したと思ったらぽっぴっぽーとかいうアニメで取り上げられてたのね知らんかった

177削除しました削除しました ID:mMwN7ivDNK
削除しました

178ななしのよっしん2018/01/21(日) 14:40:55 ID:CAlADAsrNu
垢全消しして逃げればいいのに
わざわざ謝罪放送してフルボッコにされたのが謎だｗ

179ななしのよっしん2018/01/21(日) 15:40:38 ID:3b8CueN5zn
謝罪放送という名だけどあれ完全に煽ってるだけの放送だもの
形だけの謝罪どころか言葉の節々からﾁｯｳｯｾｰﾅな感じが隠せてないし
しまいにゃエミュ使ってた（実のところ使用そのものは問題ないがRTAなら環境を載せるべき）ことゲロったり頭に血が昇ったのか謝罪枠なのにゲームはじめようとするし

180ななしのよっしん2018/01/21(日) 16:33:35 ID:Lyku/l+qAI
オブジイヤーじゃね？

181ななしのよっしん2018/01/21(日) 20:46:58 ID:ZjsTd8uafI
>>180
多分違うぞ。イヤーのイはyの発音だから、ザ・イヤーでいいはずだぞ。

182ななしのよっしん2018/01/21(日) 21:51:41 ID:ak+NAQ3uGB
>>180
うるせー馬鹿

183ななしのよっしん2018/01/22(月) 01:52:52 ID:deHn9TgG7v
やったことは馬鹿だなぁとしか思わんけど
こんなくだらないことで匿名の多数に何年も同じことで笑われ続けるなんて
俺なら生きていけないかもしれね

184ななしのよっしん2018/01/22(月) 12:28:01 ID:u83Xh1ML2X
今となっては死体蹴りの様相を呈してきたな。

185ななしのよっしん2018/01/22(月) 15:05:50 ID:Y9aV+R9eoA
結局「一番練習」したところはどこなのか。

186ななしのよっしん2018/01/23(火) 01:21:20 ID:N5h5oRKj+a
バトルドッジボールRTA不正騒動

↑
こっちの方が相当な不正騒動だと思うなあ

187ななしのよっしん2018/01/23(火) 01:29:58 ID:N5h5oRKj+a
http://www.nicovideo.jp/watch/sm12244684?ref=thumb_nicopedia
マリオ64RTAの不正も酷いよな

188ななしのよっしん2018/01/26(金) 00:26:36 ID:Bzkceqf7lH
不正は不正。比較できるようなものじゃない、やった時点でアウトだから。

189ななしのよっしん2018/01/27(土) 08:46:28 ID:Oy155+6vc+
不正RTAしただけで大御所声優二人に吹き替えされるって羨ましい

190ななしのよっしん2018/01/27(土) 12:49:25 ID:jGiON61n8B
それまでが針の筵だったろうし決してマネはしたくないな

191ななしのよっしん2018/01/28(日) 04:55:16 ID:8YguwvKMra
生配信ではありえないはずの字幕で盛大に草
ホームラン級の馬鹿だな

192ななしのよっしん2018/01/29(月) 16:51:36 ID:SBC7pfc1jG
りゅしあちゃんって名前を変えて配信してるのかしら
小学一年生の教科書送ってあげたい

193ななしのよっしん2018/02/03(土) 12:11:29 ID:0PpYu7H9w7
全部一人で調べてます←旬のネタだぞ今すぐ使え

194ななしのよっしん2018/02/04(日) 01:45:43 ID:3b8CueN5zn
何度か書いたが不正比較動画のタグ消したりしてるのがいるので
>>186-187がすごく矛先逸らしたいリュシア本人に見えてしまう病気

195ななしのよっしん2018/02/05(月) 06:33:34 ID:/NFqXMsBO9
マイナーネタも拾うくせにマントマリオの挙動がまるで再現されてないのがむかつく

196ななしのよっしん2018/02/05(月) 12:41:24 ID:Ai8q2E9agA
ザ・エンドってね。はい、お疲れ様でしたってね(1分切り)
http://jp.automaton.am/articles/newsjp/20180204-62230/amp/

197ななしのよっしん2018/02/07(水) 12:13:27 ID:InjcUrgQNX
ジエンドの読み間違い&元動画のテロップ表示の二重オチはほんと好き

198ななしのよっしん2018/02/13(火) 22:14:29 ID:LZHOEm6Zfr
ザ・エンドってすぎるの愚痴金ネタかと思ってたけどちがうのな

199ななしのよっしん2018/02/26(月) 13:37:23 ID:kQ4QDg8jwR
長めの茶番劇だと思ったけどガチの不正行為なのか？

200ななしのよっしん2018/02/26(月) 13:53:36 ID:n823BwbkUH
>>199
本人にとってはガチ
周りから見ると茶番

201ななしのよっしん2018/02/26(月) 18:38:28 ID:DkXEC8zwMv
(⌒,_ゝ⌒)←ザ・猿奴ってね

202ななしのよっしん2018/02/28(水) 07:15:28 ID:kQ4QDg8jwR
>>200
ガチなのか
生放送って茶番が多いイメージだったからコメントの批判までもがネタに見えてしまう

203名無し2018/03/12(月) 12:23:56 ID:dGD/Zy5D+g
この元ネタ、マリオのRTAだったのかよ知らなかった。てっきりどこかの漫画のネタかと。

204ななしのよっしん2018/03/18(日) 01:28:05 ID:sFjqaTb3xf
まさか10話越しに再び掘り起こされるとは。

205ななしのよっしん2018/03/20(火) 21:34:36 ID:+lwmyL8Vvl
あれはBBタロー氏が素で間違えたのかそれともそういう脚本なのか。

206ななしのよっしん2018/03/24(土) 09:25:58 ID:yr+E5aolMv
元ネタ知らなかったけど本当にしょうもないネタだったのね
こんなのまで拾ってTV放送するとは流石クソアニメ

207ななしのよっしん2018/03/27(火) 17:40:27 ID:InjcUrgQNX
>>205
1話でもやってたから台本にそう書いてあったんだと思う

208ななしのよっしん2018/04/06(金) 18:18:49 ID:c4Fc+sONsS
>>205はBBゴローを「BBタロー」と素で間違えたのかどうなのか

209ななしのよっしん2018/04/22(日) 22:23:24 ID:n4ZZr646n+
純粋にこのネタをアニメでやって何が面白いのかわからん
製作者は面白いと思ったシリーズ

210ななしのよっしん2018/04/26(木) 01:51:25 ID:qHbzYW5qbJ
>>209
言い換えると
お前がつまらないと思った(だけの)ネタの一つ
どうとらえるかは人ぞれぞれ

211ななしのよっしん2018/05/17(木) 14:58:47 ID:Z5XWoLgZH5
元ネタはてっきり某サングラスの実況者みたいな頭悪いのが良い間違えたのかと思ったら不正だったのか

212ななしのよっしん2018/05/26(土) 23:01:33 ID:wYvaPXBQeU
不正の仕方があまりにも雑すぎて草生える
不正を擁護とか肯定する訳ではないけどやるならもっと上手くやれよと思ってしまった

213ななしのよっしん2018/06/02(土) 05:26:33 ID:ldBSq8eKhh
>>212
練習したと連呼してた癖にゲームは愚かアフレコの練習すらしてなかったからね・・・
1回でもアフレコの練習をしていたら疑われる確率も減っただろうし、最後の字幕でばれることは分ったのにね

214ななしのよっしん2018/06/02(土) 15:02:43 ID:QK5DQNajKE
は？
リアルタイムアフレコ（RTA）なんだから一発本番が当たり前だろ
RTAを舐めるな

215ななしのよっしん2018/06/02(土) 20:23:51 ID:EOndAMJ1Qi
反復練習しろよ

216ななしのよっしん2018/06/12(火) 20:21:33 ID:Bqn7sJBbX8
この言葉使った奴が不幸になる呪いでも持ってるの？

217ななしのよっしん2018/07/11(水) 15:24:41 ID:XdjnRseoj2
>>211
あんなアホなことしてる時点でシャムさん並みのガイジなのは確定だからその考えでも間違ってないよ

218ななしのよっしん2018/08/27(月) 15:40:57 ID:nIqVBFjhlF
プレイ部分は予習してても流石に何もないED後まで隅々まではチェックしていなかったんだろう
こういっちゃなんだが、大元の動画でもED部分で視聴切上げてしまう視聴者も少なくなかったろうし

219ななしのよっしん2018/10/18(木) 22:06:31 ID:cIoLc/EnBO
あれプレイ動画の予習すらほとんどしてなさそうだけどね

220ななしのよっしん2019/01/12(土) 06:37:42 ID:kS4UwALQTU
勝手にｲﾝﾑネタだと思ってた

221ななしのよっしん2019/01/12(土) 06:53:46 ID:TiHKq3VTcE
こういうクレイジーなネットのネタはなんjとかで面白がられて言葉だけ取り込まれるけど
「しゃんごしょうしゃん」とかの本来の文脈で面白い関連ワードは取り込まれないんだよな

222ななしのよっしん2019/01/12(土) 08:54:12 ID:mX4dJr0eIp
アニメ版の柔道賛歌で主人公のかーちゃんと戦ったアメリカ人女子プロレスラーが「これでザ・エンドね」とか言ってた記憶があるなあ

223ななしのよっしん2019/02/04(月) 21:35:40 ID:mUwI8+Rexy
他所さん！？まずいですよ！

224ななしのよっしん2019/03/02(土) 20:16:25 ID:/1Qr+lvE9s
一定調子であそこまで喋るガチRTA走者ってそういないはずなんだが
アクションゲームは微フレーム操作要求されるから特に
最初だけならともかく終盤まであれは少なくとも俺は見た事ない


正直俺の方がうまくアテレコできる、やんないけど

225ななしのよっしん2019/03/08(金) 07:22:16 ID:qD0/bgcMIJ
役満過ぎて流石にガイジを装ったネタやろ、と俺の理性と本能が言うんだが
世の中には信じられんレベルのガイジが結構おるって現実あるからなぁ
俺の知識と経験がガチの可能性が高いって訴えてくるわ

226ななしのよっしん2019/03/08(金) 09:17:04 ID:CF26Th5zAk
対応含め普通に考えたら楽して俺ＳＵＧＥＥＥしたかったけどバレて逃走にしか見えん
ネタのつもりだったとしても線引き失敗した方が悪いわ

