セルリアン(けものフレンズ) 2019-03-08/02:23 469

1ななしのよっしん2017/02/25(土) 19:28:38 ID:4vaDHuhU7W
記事作成乙。

2ななしのよっしん2017/02/25(土) 19:41:24 ID:uaQEkP/Tos
記事作成乙。情報がしっかりまとまっていてよい記事だ

3ななしのよっしん2017/02/26(日) 00:58:03 ID:+bFe36q5sB
>《cerulean》から来ているとかそういうことはなくってぇ……。
唐突なあべおねえさんに草

4ななしのよっしん2017/02/26(日) 20:48:12 ID:Tfj8JJgTkj
しっかりまとめた上にあべおねえさんネタも入れるとはｗ

5ななしのよっしん2017/02/26(日) 21:28:41 ID:6q1N3wDpy3
ゲームの方はよく知らないけど、
アニメではセルリアンとも共存していけるんだろうか

ここを乗り越えないと結局、
セルリアンは「のけもの」ということで終わってしまい、
お話のテーマに矛盾が生じてしまう。

6ななしのよっしん2017/02/28(火) 19:14:47 ID:snVp70/qT0
ゲームの方でも解り合えたのはセルリアンの中で特別なセーバル一人だけで
意思や感情を持たないあとのセルリアンはすべてのけものだよ

7ななしのよっしん2017/02/28(火) 19:29:10 ID:3EIz1+LYIG
やられると火口の結晶樹と同じ立方体様になるから
主成分はフレンズ同様サンドスターだと思うんだよね
なり損ないなのか単に素材を流用した掃除機かなにかなのか

8ななしのよっしん2017/03/03(金) 01:04:52 ID:hNv4w16gqn
セルリアンブルーの絵具の原料はコバルト
人類の終末核戦争でコバルト爆弾が使用されて、それによって汚染された何かがセルリアンになったってことなんじゃないかと思ったりしたが
人類が絶滅してるらしい世界観としては残留放射線で突然変異した怪物がいてもおかしくないし

アプリ版と整合性取れるのかはわからないけど

9ななしのよっしん2017/03/04(土) 00:12:46 ID:6T+Ys4GwEx
個人的には微生物がサンドスターの影響を受けた結果説を推したい。

10ななしのよっしん2017/03/04(土) 14:26:11 ID:zu1vCmHtU3
倒すとブロック上になるけどところてんみたいだなこれって一瞬思ってしまった

11ななしのよっしん2017/03/05(日) 15:02:55 ID:jFZMyXzJ+L
セルリアンはサラブレッドのフレンズだった・・・？
http://db.netkeiba.com/horse/2014103190/

12ななしのよっしん2017/03/06(月) 23:11:36 ID:/cd4OCJ+aW
けもフレアンチをセルリアン扱いするのすき

13ななしのよっしん2017/03/07(火) 02:51:18 ID:LrTqi0T3cL
アイキャッチの解説コーナー
大トリはぜひコイツで

14ななしのよっしん2017/03/07(火) 11:31:37 ID:Tfj8JJgTkj
>>13
誰が解説するんだよ
よしざきおにいさんか

15ななしのよっしん2017/03/08(水) 04:02:56 ID:4vaDHuhU7W
たつきおにいさんじゃないのそれは。

16ななしのよっしん2017/03/08(水) 04:34:13 ID:N3Eu/YGPEy
9話でセルリアンの情報がいろいろ出てきたな

確定
サンドスターを奪う（食べてる？）

ミライさんの推察
フレンズが食べられると・・・
・サンドスター由来の技や個性が消滅する
・元動物に戻る
・消滅する


アプリ版ではフレンズを襲うことがあっても食べることまではしてなかったのに……

17ななしのよっしん2017/03/08(水) 07:33:02 ID:PPT2cBNLQL
俺は敢えてセルリアンも｢アトラクションの一部｣説を推したい

かばんちゃんの｢これもアトラクションなのかな｣でボスが反応したからね
ジャパリパークでは｢フレンズと一緒にセルリアンと戦うアトラクション｣があってミライさんが語ったのはそれの演出(お客さん向けの解説)だったんじゃないかな

18ななしのよっしん2017/03/08(水) 07:53:03 ID:2qHBEax4vY
セルリアンで辞書引くとこういう表記も出てくる
caeruleus
出典:『Wiktionary』 (2017/02/10 00:09 UTC 版)
別の表記
caerulus
語源
Dissimilation of *caeluleus, derived from caelum ‎(“sky, heaven”) +‎ -uleus ‎(diminutive suffix).

19ななしのよっしん2017/03/08(水) 08:36:24 ID:4n4eqALTaU
サンドスター食ってるってだけでなんかもう手がつけられない連中のような気が
色々多様な成長ができそうな生き物やモノの輝き、いわば加工物からエネルギーやパワーそのものに手を出したした感じかね

20ななしのよっしん2017/03/08(水) 19:13:58 ID:bzXDY3Ee75
単純にデカい上に群れる
急所が小さく仕留めるのが困難
体当たりはコンクリートを砕く威力
体当たり以外にも攻撃手段有り
狭い隙間も余裕ですり抜ける

作風と間抜けな外見で気付きにくいけど結構ヤバい存在だよね
知性がないのと足がそれほど速くないのが救い

21ななしのよっしん2017/03/09(木) 00:06:08 ID:dgwEUTtc6v
セルリアンはヒトがサンドスターの影響で退化した存在で、だからヒトの近くによく居た。ヒトはセルリアンにならないために居なくなった。
そう思っていた時期が僕にもありました。

22ななしのよっしん2017/03/09(木) 00:40:01 ID:LrTqi0T3cL
意外と聞かないフレンズ由来説

フレンズ化した時にいらなくなった、元の動物を構成してたあれこれが
熟成されてセルリアンになった…とかなら
なんとなくつじつまが合いそう

23ななしのよっしん2017/03/09(木) 00:40:52 ID:Jbc6ALlG3n
アプリは知らんが必ず低い方に動く流体的な性質を持ってるみたいだがな
だからキノヴォリが特に有効な対策になる
それを思うと1話のゲートセルリアンは相当な強敵だった

24ななしのよっしん2017/03/09(木) 05:13:42 ID:ZIYpCxyXxu
サンドスターによって与えられた輝きが生み出したのがフレンズであるなら
サンドスターによってその対比となる暗闇がセルリアンを生む

人間の近くに現れるという事は、人間にはあってフレンズにないものがセルリアンの正体
フレンズだけであれば永遠の楽園になると気づき、人は自らジャパリパークから去った

25ななしのよっしん2017/03/10(金) 02:31:21 ID:pYovH1BfSv
1話と4話で出現して以来お留守になってたから敵キャラにしては空気だなーって思ってたら
ここに来て3度目の登場か…
なんか出てくるたびに数の暴力に拍車がかかって勝てる気がしなくなってきてるのはどことなく不穏だわ

26ななしのよっしん2017/03/10(金) 09:25:12 ID:gw60TRwQZa
アプリとアニメのセルリアンの大きな違いは「目」だと思う。

アニメのセルリアンの目は、人間と同じように白目と黒目があって
攻撃対象の方向をちゃんと見ることが出来る。
セルリアンのサイズに関係なく、目の数は1体に1つのみ。
どちらかといえば「有機的な目」。

アプリのセルリアンは目の数が不定（目がないタイプもいる）。
目線を向けるという行為はあまり見られない。
形も色つき球面レンズのような形状のものが多く、
特に真円の目はカメラアイ的な印象も受ける。
どちらかというと「無機的な目」。

27ななしのよっしん2017/03/10(金) 23:30:17 ID:ZVxICsXj7X
>>25
敵と言うか、やり過ごすべき障害という意味合いが強いよね。
あんなワラワラ出たらそりゃ「基本逃げる」のが最善策だよね～。
単体な分ゲートの奴はまだ対処しやすい方だった。

28ななしのよっしん2017/03/11(土) 00:39:11 ID:uGivb3VjXH
アプリのセルリアンは生物的な振る舞いをする機械って感じがする
特性吸収もカット＆ペースト、指定された範囲外の展開と発展が出来てない
だから各地で要素を集めてきて再構築→アップグレードっていうのがそれっぽい

アニメ版？ぷよぷよしてそうだよね（IQ低下

29ななしのよっしん2017/03/11(土) 02:28:35 ID:aoRG2CbH46
>>sm30712448
sm30712448
やっぱりこの曲いいよなぁ
原曲のベースがファイヤーと言ってるように聞こえるのも

30ななしのよっしん2017/03/14(火) 02:20:06 ID:LrTqi0T3cL
サバンナシマシマオオナメクジみたいに
異形に見えるだけで本当は何か別のフレンズ（謎の悲鳴も水辺に映る自分の姿に驚いた声）なんじゃ…

いや、それだとサーバルちゃんが同じフレンズをバラバラにして殺してしまったことになるから無いか…

31ななしのよっしん2017/03/15(水) 16:25:46 ID:gw60TRwQZa
自我を持っている存在が、サンドスターの影響によって
人間の女の子にそっくりな姿になったものがフレンズ。
この定義はどの媒体でも共通しているから、
そうでないものはフレンズとは呼べない。

32ななしのよっしん2017/03/15(水) 16:35:09 ID:yG56xuvFjn
でも媒体でフレンズの定義は違うよ

33ななしのよっしん2017/03/15(水) 21:34:01 ID:ZbOF3fX0KO
宇宙人がテラフォーミングのために放った
自らの遺伝子情報を乗せた、擬態型自己増殖システムだったんだよ！

ΩΩ　Ω　＜　ﾌｰﾝ

34ななしのよっしん2017/03/16(木) 00:51:18 ID:4n4eqALTaU
アプリサーバルパーティとその取り巻き+☆5☆4軍団で勝てなかった奴にアニメパーティーが挑んで勝てる気がしない
そもそも勝たなくても良いとか、時間経過で弱点増えてるとか、四神が滅茶苦茶活躍するとか、かばんちゃんが力の差ひっくり返すとかなら分からないけど。

35ななしのよっしん2017/03/16(木) 09:55:04 ID:Tfj8JJgTkj
>>34
アプリパーティ（ただし園長がいない＝お守りのバフがない）なら負ける可能性が
つまり、かばんちゃんはお守りのフレンズだったんだよ！

ΩΩ　Ω　＜　ﾍｰ

36ななしのよっしん2017/03/16(木) 14:47:24 ID:yhTfdzHPEp
どころでセーバルは最後どうなったん？
ネタバレと言ってもアプリ終わったんだから聞くしかなかろう

37ななしのよっしん2017/03/16(木) 14:51:03 ID:uaQEkP/Tos
「トモダチ」になったよ
>>sm30644274
sm30644274

38ななしのよっしん2017/03/16(木) 19:23:53 ID:aUsXIh6Mzg
（しかし　我々　セルリアンは　保存し　再現する　永遠に）

チュートリアルの？？？がセーバルだったらと考えたら鳥肌が立った
「私は忘れない。あなたの声、温もり、笑顔……その優しく純粋な心」
「どれほどの時が経っても……あなたが全てを忘れてしまっても……私は決して忘れない」

39ななしのよっしん2017/03/16(木) 21:14:52 ID:mW8pjVbY9u
なんがアプリのセルリアンは割と可愛げがある良い奴っぽいな。
アニメのは全く可愛げが無い。

40ななしのよっしん2017/03/17(金) 12:18:52 ID:WlO51HjdIw
>>38
ああああああ！！うああああああああああ！！！(発狂)


アプリを知らなかったアニメ勢なんだが、ストーリー動画全部見て超やりたくなった
あのストーリーの為ならゲーム性の粗悪さなど我慢できる
つまり真にセルリアンの女王が必要だったのは今だったんだよ！！

41ななしのよっしん2017/03/17(金) 15:58:14 ID:uaQEkP/Tos
けもフレロス患者「進化　情報の保存　再生
　　　　　　　　　失われた　輝き　あの頃
　　　　　　　　　また　会いたい　会える　再現　偽りでも　それでも」

42ななしのよっしん2017/03/18(土) 09:24:48 ID:Tfj8JJgTkj
>>38
おい、やめろ。やめろ
ありそうで辛いわ

43ななしのよっしん2017/03/18(土) 23:09:16 ID:WlO51HjdIw
アニメサーバルちゃんがセーバルちゃん説は
あちらこちらで期待されたり否定されたりしているが、
それを抜きにしてもアプリの世界観後セーバルちゃんがどんなフレンズ生をたどったのかは純粋に気になるね
10話から伺える決戦に参加したのかしてないのか
したなら消滅してしまったのかそれとも生き残っているのか
セルリアンに寿命はありそうな気はしないが、フレンズ化したセーバルちゃんにそれが当てはまるのか
セーバルちゃんの存在が特別すぎて妄想がはかどる超はかどる

44ななしのよっしん2017/03/19(日) 00:41:08 ID:6ybNy19FNE
こいつ珪素系生物なの？
ELSとかフェストゥムとかの親戚なの？

45ななしのよっしん2017/03/20(月) 18:45:24 ID:T2r1TxluVH
進化、情報の保存、再現する。
有機生命体の身体は脆弱すぎてそれが存在できる時間と環境は限られる。
だからその輝きを、無機生命体が宝石のように永遠に残そうとする、のか。

某アニメのスネーカーを思い出したよ。

46ななしのよっしん2017/03/22(水) 02:17:42 ID:/7ECxCgeys
都合よく服だけ溶ける体液とかじゃないんですかァ！やだーー！！

47ななしのよっしん2017/03/22(水) 02:28:42 ID:NHFgPSF+tn
予想より圧倒的に殺意マシマシな仕様で困惑する
1話のかわいい小型セルリアンとは大違いじゃないか…

48ななしのよっしん2017/03/22(水) 02:37:45 ID:IccWKxLTE3
巨大セルリアンは別にビームを撃ったり火噴いたりするわけでも無く、踏みつけたりのしかかったり、体の一部を分散させるだけと地味だけどけものフレンズ(アニメ)のラスボスには相応しい。
食われたら最悪死ぬ、軽くても記憶持ってかれるのが共通してヤバいんだけどね。

49ななしのよっしん2017/03/22(水) 02:49:37 ID:QLfqTJCcyK
「自分らしさ（記憶・特技など）」が抜き取られるというのは
考えようによっては死ぬのと同じくらい恐ろしいことかもしれん
何はともあれ、最終話がハッピーエンドになりますように

50ななしのよっしん2017/03/22(水) 03:41:08 ID:2mW6UL7P4U
創作でよくある「現代兵器では倒せない」タイプのモンスターの可能性が強くなってきたアニメ版セルリアン
まあアプリ版も何の変哲も無い一個体が輝きで進化しただけで強力な女王になれるとても危険な存在だが

51ななしのよっしん2017/03/22(水) 03:45:09 ID:L68TpsJPEN
11話に出てきたのってサンドスター・ロウ(Raw)かな？
通常パークに降り注いでいるサンドスターより原始的なものなのかな

52ななしのよっしん2017/03/22(水) 04:18:23 ID:gw60TRwQZa
ミライさんたちスタッフへの強制退去命令やB-2爆撃機の残骸から推測すると、
パーク外の世界では、セルリアン対策として
核爆弾を投下する計画が動いていたと思われる。

53ななしのよっしん2017/03/22(水) 12:06:48 ID:WpAEEZTctE
アニメのあの黒セルリアンは放置してたら
無限に大きくなるんだろうか・・・
ドラクエのスライムみたいなイメージだったのに
今やバイドとかダーカーとかその辺のイメージだわ
危険すぎる

54ななしのよっしん2017/03/22(水) 12:16:36 ID:QLjtpqBhqL
黒いのはサンドスターロウとか言う
黒いサンドスターに反応してできるんだろうけど
黒いのでフレンズは生まれないんだろうか

55ななしのよっしん2017/03/22(水) 13:10:00 ID:LVQgXLboGJ
『四神の像は人間がこの島に来る前から埋設されていてサンドスターロウをフィルタリングしていた』
というシリーズ全体にかかわるっぽい謎はさすがに来週じゃ解明されないかな

56ななしのよっしん2017/03/22(水) 14:01:38 ID:e8Pjyc8AEc
>>55
11話の怒濤の展開で頭から抜けていたけど結構謎だな
ミライさんが来るよりも前から埋設されていた？一体誰の手で？
アプリの園長らが埋めたのならばアニメのジャパリパークはアプリ版の世界から宇宙が一巡するほどの時が流れていたとか…は無いか

57ななしのよっしん2017/03/22(水) 14:06:23 ID:NHFgPSF+tn
もしかするとタイリクオオカミが言っていた高速移動するセルリアンは航空機を模倣したセルリアンだった？

58ななしのよっしん2017/03/22(水) 14:32:35 ID:9Kzg12FJR2
あれサンドスター能って聞き間違えてた
濃度とか言ってたし放射能的な何かかと

59ななしのよっしん2017/03/22(水) 17:45:10 ID:cwOHpGdz/E
セルリアン強いな。
甘く見てたよ。

60ななしのよっしん2017/03/22(水) 18:09:03 ID:QLjtpqBhqL
>>56
アライさん達が聞いたメッセージからして
埋められていることが判明したという

埋めたのではなく埋められてるだからな

61ななしのよっしん2017/03/22(水) 18:33:03 ID:8FWxxBWtdn
絶対に許さない

62ななしのよっしん2017/03/22(水) 21:22:01 ID:TDYV9+4rKM
セルリアンBGMのEDMはあの世界での異質さを表現していてとてもいい

63ななしのよっしん2017/03/22(水) 21:31:16 ID:wSGIw2Pr9x
ちょっとー！セルリアンへのヘイト高すぎんよー！



・・・・攻撃力19400の縮退砲撃ち込んで消滅させたい。

64ななしのよっしん2017/03/22(水) 21:59:31 ID:2mW6UL7P4U
あんなにかっこよかったセルリアンのテーマが今じゃトラウマになりそう

65ななしのよっしん2017/03/23(木) 00:11:50 ID:BUTCPEvQg8
アニメでは黒リアンに直接サンドスター・ロウが集まって行って力を与えてたっぽいから
サンドスター・ロウっていうのは一定の規則性を持った物質なんだろうか

66ななしのよっしん2017/03/23(木) 00:27:45 ID:bZnJjqZa+p
>>63
ジャパリパークごと消滅させる気か
ここはメドローアで

67ななしのよっしん2017/03/23(木) 09:58:47 ID:VhvEiy/Ysv
なんとなくだけどロックマンDASHのリーバードに似てると思ってしまった

68ななしのよっしん2017/03/23(木) 17:07:31 ID:eUKAzQGPfs
黒いのの飛び散った破片が動くのなら
バスの頭追いかけてるときにバラまいたのはどうなるんだろう

691592017/03/23(木) 18:45:02 ID:GXGt7PPE3k
なんとな～くふと思い付いただけなんだけど、
アニメ版のセルリアンがフレンズから奪うのは、
「ヒト」に関する記憶なのかも知れないな～

70ななしのよっしん2017/03/24(金) 00:06:05 ID:vnlGbc9aLa
輝きを奪うと言う能力からして兵器の類は効かない可能性が高い。
兵器が人間の持てるあらん限りの能力で生み出されたものであるのは間違いない、だからこそ強い輝きを持っているだろう。
兵器は暴力を成すための物ではあるが、だからこそその輝きを奪われると何も傷つけられない物になってしまうだろう。





よって本来戦いに用いる物ではない物を武器にしよう。スコップとか。

71ななしのよっしん2017/03/24(金) 00:10:11 ID:NHFgPSF+tn
随分とどす黒い輝きもあったもんだ…

それはそうとスコップもといシャベルは立派な武器だろ！
切る、刺す、叩く、そして掘る
なんでもできる万能武器なんだよ

72ななしのよっしん2017/03/24(金) 00:12:44 ID:t/2ZoMxsT7
埋めるのか、みんなで

実際、倒しきれないなら深い穴とかを掘ってそこに落とすという撃退法もありかもしれぬ

73ななしのよっしん2017/03/24(金) 01:01:40 ID:WlO51HjdIw
かばんちゃんの衝撃がでかすぎて頭からすっ飛んじまってるのかもしれないが、
結局ミライさんの言っていたセルリアン＝あのドス黒ﾎﾓｫセルリアンなのか？
それともミライさんとアプリサーバルちゃんの戦っていた個体はﾎﾓｫセルリアンとは違うor同一かどうかは詳細不明なのか？

74ななしのよっしん2017/03/24(金) 01:07:02 ID:HIObPTl3TN
火山に眠る巨大セルリアンの存在はアプリのストーリー5章で言ってたけどあいつなのかねえ

75ななしのよっしん2017/03/24(金) 01:12:14 ID:LrTqi0T3cL
でぇじょうぶだ、正義の味方ジャパリまんが颯爽と駆けつけてくれるさ

76ななしのよっしん2017/03/24(金) 05:36:40 ID:mwqQbY3ZS5
今回後ろに戦闘機っぽいものあったし黒セルリアンも兵器からできたセルリアンなのかもしれん
そうだとすると武器を持ってくるのはもっとパークの危機につながっちゃうからやめた方が良さそうだね

77ななしのよっしん2017/03/24(金) 06:09:24 ID:V/DiRGAd2b
>>76
「ビッグドッグ」（Bigdog）というものがある。まぁ軍採用は今のところ見送られてるが。
11話の黒セルリアンを見たあとで、こいつについて検索してみるといい。

78ななしのよっしん2017/03/24(金) 07:18:26 ID:VpqDUw6Yaa
鬼畜セルリアン赦すまじ

79ななしのよっしん2017/03/24(金) 09:45:29 ID:CPedQD0mJZ
セルリアンの「目」に関する考察

　セルリアンはスライム状の生命体であるとして、目はどういう意味を持つのだろうか。合理的に考えるならばフレンズもしくは何かを捕食するための感覚器官なのだろう。光に反応すると言う性質から考えてもうなずける。
　しかし、セルリアンは見る存在、フレンズは見られる存在である、と考えたときに、一つ思い至るものがある。
　動物であるフレンズは、厳密には動物の個体差や連続的な種族的連絡があるにも関わらず、人間的区分けに従って「命名」されている。セルリアン女王の「保存と再現」がどこまで有効かわからないが、何を保存し、何を再現するのかについて枠組みを提供する「観測」という行為の象徴として、目を再定義できないだろうか。

80ななしのよっしん2017/03/24(金) 16:26:48 ID:prURE3efmZ
セルリアン戦のBGM改めて聞いてもかっこよすぎる…

それどころか全体的にけもフレはBGMが合ってていいよね。サントラはやく欲しい。

81ななしのよっしん2017/03/24(金) 18:10:54 ID:LnuUmlTjxj
>>77
それの名を知りたくて真っ先に浮かんでさっき探したのがこれだった
>>sm25619285
sm25619285

82ななしのよっしん2017/03/24(金) 19:24:55 ID:xUO61+jZlw
(……きこえますか… きこえますか… けもフレ視聴者のみなさん…  今… あなたの…心に…直接… 呼びかけています… 絶望しないでください…　憎しみを振り撒かないでください…　いつだって希望を…心の中のすごーい！わーい！たーのしー！を絶やさないでください…　大抵のことはアライさんが何とかしてくれます…　…だから…公式を信じて…最終回を待つのです…)

83ななしのよっしん2017/03/24(金) 19:35:30 ID:xUO61+jZlw
・・・それはさておき、考察班の一人がサンドスターローのローって
ギリシャ文字のρ(ロー)じゃないかって説を提唱している奴がいたな。

それでρで調べた結果…

Ρ, ρ（希: ρω / ῥῶ、英: rho、ロー）はギリシア文字の一つで、伝統的な配列では、その第 17 番目に置かれる。音価は /r/。ラテンアルファベットのR、キリル文字のРはこの文字に由来する。

イタリアでは 17 が忌み数とされる。17 をローマ数字で書くと XVII となり、これを並び替えると VIXI となる。ラテン語で vīxī は、vīvō 「私は生きている」の直説法完了にあたり、「私は生きることを終えた（私は死んでいる）」という意味になるからである。

てことから、サンドスターにおける死の灰的なものなんじゃないかって考察している人がいたな。



あと個人的な話になるけど、アニメ版黒セルリアン、自分は勝手にセルリアンρって呼んでる。
本当にどうでもいい話だが

84ななしのよっしん2017/03/24(金) 20:42:53 ID:lu4rmBO/k9
フレンズもセルリアンもサンドスター由来みたいだけど、そこからもう一度サンドスターに反応して、同じ現象が起きたらどうなるんだ
初期化されるのかな

85ななしのよっしん2017/03/24(金) 21:24:21 ID:Hd/rmKqQ8v
セルリアンとジロリアンって発音似てるな

86ななしのよっしん2017/03/24(金) 22:43:24 ID:MAgzpAa2gF
それはヤンバルクイナとなんくるないさ～が似てると言ってるようなもんだ

87ななしのよっしん2017/03/24(金) 22:55:05 ID:CyLJc0A+lQ
火山がサンドスターを散布する役割をもっているとするならば
セルリアンは平地に留まるサンドスターを回収して海へと運び、雲となって火山にサンドスターを運び、循環を促す役割を担っているのではないだろうか？
言わば「雨」に似た性質をもつ、パークにおける自然の一部と予想してみる

88ななしのよっしん2017/03/24(金) 23:21:26 ID:hWWA9mV0g5
他の人もいってると思うけど、アプリ版ではセルリアンも「のけもの」ではないだったはずなのにそこがアニメでは薄れたというのがちと残念かな。サンドスターの正の副産物がフレンズで、負がセルリアンであるように見えるし

そういえば黒いセルリアンの特徴として「海を嫌がる」とミライは語ってるけど、赤や青は違うのかなあってのと、嫌がるだけで弱点とは限らないかもってのが気になるな

89ななしのよっしん2017/03/25(土) 01:40:40 ID:V+/NexSxNu
アニメだと完全にフレンズ敵か獲物と認識してる風だけど、アプリではちょっと印象が異なる
かなりざっくり例えるなら「我慢できない子供」。目の前に輝きがあればそれを奪わずにはいられないし、新しい概念を知ればそれを取り込まずにはいられないという感じで、けものや人間を害しようという「敵意」はなかったっぽい
だからか、仲間内で（意味を取り違えた上で）交換日記やったり、アルパカをモフモフやったり、アスレチックで遊んでたり、大事な話の最中に空気読んで黙ってたり、諌められたらすごすご引き下がったり、終いには奪った映画の台本を真似て自分達で演じたりと挙動は完全に子供

90ななしのよっしん2017/03/25(土) 01:57:05 ID:t/2ZoMxsT7
アニメ版のセルリアンは全てサンドスターロウによって生じたもので、アプリ版のそれとは性質が違うのかも
意思とか個性とかが微塵も感じられないし、伝え聞くアプリ版の特徴とは合致しない

91ななしのよっしん2017/03/25(土) 07:34:36 ID:CyLJc0A+lQ
>>87の追記です
「雨」に似た性質をもつと書きましたが、「空」「天候」の具象化と考えたほうがセルリアン自体の名前にも合致するかと
青セルリアン→昼間
赤セルリアン→夕方
黒セルリアン→夜　明るいほうへ移動する

92ななしのよっしん2017/03/25(土) 08:18:00 ID:Yoh/Zxi9Re
フレンズを吸収してスーパーセルリアンに・・・

同じ細胞モチーフだから何のひねりもないんだけどｗ
吸収して情報コピるという概念でいえばむしろオマージュされてる可能性もあるか

93ななしのよっしん2017/03/25(土) 14:02:40 ID:tbaY8SMTRR
アニメ版の戦闘BGMめっちゃすきなんだが11話のせいでもうマトモに聴けない・・・

94ななしのよっしん2017/03/25(土) 14:45:33 ID:g3wrJlAZDn
セルリアンって光、太陽に向かう性質があるって説明があったけど
OPを確認してみると何度も太陽に向かうシーンが出てくるんだよね

95ななしのよっしん2017/03/25(土) 20:56:11 ID:InzidaMWwu
>>88
アプリだと一応「司令塔」なる存在がいたし、サンドスターの質（アプリだと空から、アニメだと火山から噴出）が違うのかも？

96ななしのよっしん2017/03/26(日) 06:57:19 ID:u6PRoCn3fO
中国の人が「黒セルリアンは溶岩のセルリアンだから水を怖がるのでは？　ヒグマたちが砂漠で倒したという大型セルリアンも同じで、それが元の溶岩になって遺跡を塞いだ」と考察してて、なるほどと思った。

97ななしのよっしん2017/03/26(日) 09:46:26 ID:nH7HZGpARJ
>>sm30893110
sm30893110

98ななしのよっしん2017/03/26(日) 11:13:38 ID:+inyYO2fgB
アニメのはなんというか個体や生き物というより自然現象に手足がついたような何かってイメージ

99ななしのよっしん2017/03/26(日) 15:06:13 ID:gw60TRwQZa
>>96
砂漠で倒したセルリアンが、仮に溶岩から生まれたとしても、
倒したらパカァーンして消えるから、溶岩にはならないよ。

それに、セルリアンは、元になった物の形を不完全に
「コピー」するのであって、元になった物は残るからね。

100ななしのよっしん2017/03/26(日) 19:38:00 ID:eYhoCBmM0l
考察じゃなくて、お話作りの視点で妄想書きますね。

セルリアン＝大人　フレンズ＝子供

って考えるとお話作りしやすいと思うんですよ。
輝いてる子供と、輝きを失った大人。
それに関わるあれこれ。

１１話のあれが例のBigDog吸収してると思うと、
「武器を持った大人」ってなって凄く怖いよね…。
かばんちゃんはそんなのに立ち向かっていって友達を取り戻して。

そんな子、潰させるものか。ですよね。

101ななしのよっしん2017/03/26(日) 20:19:05 ID:ikr//IFKrb
セルリアンに関して断定口調でまだ確定してないような情報コメしてる奴がいるからここ見に来たら、ここの予想を鵜呑みにしちゃってるみたいじゃねーか
考察と確定情報をごっちゃにするような人がデマ広めていくんだなあ

102ななしのよっしん2017/03/26(日) 20:55:31 ID:GMPMIt6WCr
アプリ版のはセルリアンの方が我慢できない子供っぽかったらしいけどね。アニメ版のはまた違うようだけど。

103ななしのよっしん2017/03/27(月) 10:50:37 ID:CXfJQotjgT
セルリアン自身の身体は無色透明で、周りの光を吸収して青赤紫黒に見えてるのかなぁ

104ななしのよっしん2017/03/27(月) 19:24:07 ID:wQWlkjufPa
福岡饅頭屋の洋菓子思い出したよあれはうまかったなセルリアン

105ななしのよっしん2017/03/27(月) 22:14:20 ID:lmAPPfDkDX
セーバルの単独記事はないんだね

106ななしのよっしん2017/03/28(火) 00:49:00 ID:EOZnP3JREK
色々言いたいことあったけど、最後まで書く気はなかったけど書いたほうがいい気が気がするから書きます

ジャパリパークは絶滅動物を結果的にフレンズとはいえ、半ば神の領域である死者蘇生に近い形で再現できるから、国家プロジェクトの可能性があるんですよね

神話からして完全な蘇生はできてない
かのギリシャ神話ですら医療の神も死者蘇生ができるという理由で神々に抹殺されてしまった
オルフェウスは地上に出たけど奥さんがまだあの世にいたとき振り返ってしまったから取り戻せなかった

そこを考えれば、フィルターを保持しつつセルリアンだけ倒すというのは権力者だったらあり得ると思う

アニメみただけでいきなりこれかいてるけど、なんというか
セルリアンとフレンズが表裏一体だけど人間やフレンズにとって害悪にあたるセルリアンを何とかしようとしたのが爆撃だったのかも

107ななしのよっしん2017/03/28(火) 00:57:52 ID:QLjtpqBhqL
権力者なら絶滅動物系のフレンズをセルリアンに食べさせそうな気もするがな

108ななしのよっしん2017/03/28(火) 01:02:56 ID:EOZnP3JREK
カコ博士を状況から意識不明になるまで輝きを奪った変哲もない雑魚セルリアンは原作で逃げてしまったから、それが何らかの形で体が強くなるため(輝きやサンドスターを奪う)には何をすべきかなんとなく覚えていてあのような大型セルリアンになったのではないか
それがサーバルのなみだではないのか？

第二部≒アニメはそれとの完全決着ではないか？
と考えてるんですけどね

明日になればわかることですけど
いよいよ明日です
否応なしにわかる

かばんちゃんの存在(現時点ではＢＤ読んでないからわかりませんが、まともな出自ではない気がする＝セルリアンか人間のフレンズ≒タチコマみたいな記憶が混合した感じで記憶が封じられてる？)
サーバルのセルリアンの浸食具合(記憶などの欠落の状態)
ミライさんを含む人類の存在
ＯＰのいたとロープ
かばんちゃんが見つけた島影とかばんちゃんの性別と生存
これらが明日解決するのですから

109ななしのよっしん2017/03/28(火) 01:04:00 ID:EOZnP3JREK
ただ、かばさんがキャスティングされてるのが私の安心の根源ですけどｗ

110ななしのよっしん2017/03/28(火) 03:02:59 ID:LKigdT0byt
吉崎先生はアニメのセルリアンに対してどう思ってるんだろう　
少なくともケロロでのキルルといいアプリでのセルリアンといい
そこまで残虐に描くとは思えない部分があるんだよなぁ
かばんちゃんの安否もたしかに気になるんだけど
セルリアンをあまりにも悪く描く様な人ではないと思うんだけどなぁ
あの戦闘機の残骸？とかを見たりミライさんの報告を聞いたりすると
不安と同じだけ違和感を感じる
１２話でセルリアンの正体についてある程度の言及はあるんやろうか

111ななしのよっしん2017/03/28(火) 06:45:59 ID:hWWA9mV0g5
謎解きを期待する向きが多いようだけど、これはかばんたちの物語だから、セルリアンを根本的に解決しようとかそういう話にはならない気が。弱肉強食自体は自然そのもの、善悪とかいう話じゃないわけだし

112ななしのよっしん2017/03/28(火) 07:27:52 ID:Sifn8IKhXO
>>109
ここに先週の番組表があるじゃろ？
http://www.tv-tokyo.co.jp/program/detail/201703/24327_201703212535.html
たぶん、その辺の情報が1話から更新されてないだけなんだ…

113ななしのよっしん2017/03/28(火) 19:44:55 ID:zu1vCmHtU3
黒いセルリアンの既視感の正体が分かった…
>>im6590861
im6590861

114ななしのよっしん2017/03/28(火) 21:15:01 ID:1qvgGm2Ov8
>>104
それチロリアン

115ななしのよっしん2017/03/29(水) 02:25:06 ID:bCiqZpKvqX
地下迷宮が溶岩で埋まってたのが伏線とは思わなかった

116ななしのよっしん2017/03/29(水) 02:26:35 ID:PQYJcVuVZm
11話からの巨大セルリアンは溶岩でできてることが判明……ツチノコが初見で見抜いたということは、セルリアンの基本構成は溶岩？

117ななしのよっしん2017/03/29(水) 02:34:51 ID:XRQP4UHs+k
よく考えると確かにセルリアンは「火山からのフィルターを通さない噴出物」で再生してたな……

118ななしのよっしん2017/03/29(水) 02:50:09 ID:gGBNA2VV2K
ジャパリパークは海底火山で誕生した島→セルリアンは溶岩で出来ていて水で固まる

つまりジャパリパークはセルリアンその物だった？

119ななしのよっしん2017/03/29(水) 03:34:54 ID:uxe2q2oKWH
そういや溶岩で広がってる島が最近あった気がするが
現実にもジャパリパークが出来る可能性が！？

120削除しました削除しました ID:7x2bfG9kXJ
削除しました

121ななしのよっしん2017/03/29(水) 11:11:50 ID:EGYzzDnzmQ
>>96の中国の人大当たりやな

122ななしのよっしん2017/03/29(水) 11:12:46 ID:0mOXVCWbfM
巨大セルリアンの足を執拗に攻撃するフレンズたちを見ていたら、ピクミンのダマグモ戦を思い出してしまった

123ななしのよっしん2017/03/29(水) 11:57:10 ID:FR5rC7GNEd
全員が飛びついて穴を掘る時間を稼ぐ
その間攻撃力のあるフレンズはかばんちゃんのいる足を削る
穴に落ちて動きの止まったところで
削られた足にヒグマが一撃入れる

見事な連携だった

124ななしのよっしん2017/03/29(水) 13:01:59 ID:MP0Dnkcc4/
アニメのセリルアンは行動原理と出生がハッキリしているね
アプリの方は一部を見終わっても謎が多い

125ななしのよっしん2017/03/29(水) 15:41:50 ID:HIObPTl3TN
松明つかんで食べてるところでちょっとかわいいと思ってしまった
やっぱり善悪は無くて純粋に輝きを求める存在なんだなって

126ななしのよっしん2017/03/29(水) 16:16:19 ID:0FOhKV73lV
よくよく考えると、こいつらはただ増え過ぎたサンドスターを消化してるだけなんだよな。実は急激なフレンズ増加による生態系の崩壊を防いでるんじゃないか

127ななしのよっしん2017/03/29(水) 16:27:14 ID:DORD0Soqgn
型月設定っぽいけど、惑星の意思による抑止力的な感じなのかなぁと思うところはあるなぁ
生命を奪わずに元の姿に戻すってところとか、そういう「意思」というか「慈悲」みたいなのがあんのかなと

128ななしのよっしん2017/03/29(水) 16:47:09 ID:CXfJQotjgT
各所で言われてるけど、天災と寿命の象徴なのかなと思う

129ななしのよっしん2017/03/29(水) 17:30:30 ID:caxzbVgkGb
ダイガードのヘテロダインみたいな自然現象かなぁと思ってた

130ななしのよっしん2017/03/29(水) 18:34:23 ID:4MVTFzkqNW
アプリで海水に浸かっているのもいるしミライさんの言っていた習性はあのセルリアン固有のものなんかな
あるいはアニメに登場するセルリアンは全て火山生まれで亜種とか
輝きを奪うのとサンドスターを食べるのとじゃ結構意味も違うし

131ななしのよっしん2017/03/29(水) 19:22:40 ID:Hrb/wk9w1J
アプリ版から形状もまったく違うから時の流れとともに性質が変わっていても不思議ではない
もしかしたらアプリ版の「輝き」という単語しか覚えていなくてサンドスターや火を食べていたのかも

132ななしのよっしん2017/03/29(水) 19:45:48 ID:uGivb3VjXH
女王による統制が無くなった以上、残ったセルリアンだけで進むしかないわけで…
そうなると基本的な部分は同じでもどんな風に変化していくかは全く分からないね

セルリアンは異物であるサンドスターを回収する、原状回復の役割を果たしてるんだな
フレンズの誕生と回収のサイクルが釣り合うとサンドスターが添加された環境での平衡状態になる
フレンズがヒトならセルリアンは自然か、本当にのけものがいない

133ななしのよっしん2017/03/29(水) 20:18:51 ID:Hrb/wk9w1J
そもそもどこからどこまでセルリアンの初期能力なのかも謎
もしかしたらセルリアンが作中で定義されている以上に大きな概念なのかもしれない

134ななしのよっしん2017/03/29(水) 21:15:00 ID:DzfPaQos8+
アニメの（キョウシュウチホーの）セルリアンは火山由来だから水をかければ溶岩になるし火や熱源（太陽）に向かっていくのか・・・
そういえば有機物がフレンズに、無機物がセルリアンにと言ってたもんな

135ななしのよっしん2017/03/29(水) 21:28:45 ID:DzfPaQos8+
いま思えば一話からフレンズ、セルリアンとも「噴火で生まれる」って明示されていたんだなあ、サンドスター・ローと噴火のタイミングの無機物の結合って言ったらつまりマグマとかからセルリアンが生まれるってことなんだろうな

136ななしのよっしん2017/03/30(木) 01:19:18 ID:POzIV4daKD
自然災害や動物たちにとっての脅威がモンスター化したのがセルリアンだと考えると、
アニメ作中の全ての描写にしっくり来る。捕食、火事、雪崩、噴火、火砕流・・・。
（実際に作中で山火事みたいなものと言ってるが。）
これらは当たり前の自然現象ではあるが著しく環境を変異させる可能性がある。
ただしパーク内はサンドスターによって環境が変異しないようになっている。
そのためそれらはフレンズと同位相のセルリアンに一度変換され、実際の環境変化を最小限にしている。

137ななしのよっしん2017/03/30(木) 02:13:22 ID:4MVTFzkqNW
動物にとっても環境にとっても脅威の筆頭に上がるのは人類だと思うですがそれは・・・

人型セルリアンかな？

138ななしのよっしん2017/03/30(木) 03:12:29 ID:0FOhKV73lV
もし四神のフィルターが無かったらどうなってたんだろう…サンドスターとそれを消すサンドスター・ローが中和されて何も起きないのかな？

139ななしのよっしん2017/03/30(木) 04:50:36 ID:hWWA9mV0g5
アニメ設定の範囲では、フレンズの敵ではあるけどそれ以上じゃないんだよね。ヒグマが「犠牲者」といってるようにフレンズ化の解除はフレンズにとっては災厄として扱われてる。動物に戻る「不幸」。
ヒトからすれば動物園として整備したところをコントロールしたい、それ以上には見えない (フレンズ化解除機構の制御というのもあるようだけど)。巨躯は脅威になるがそれは野生生物でもあまり変わらないし。

サンドスターは環境にも影響を与えるとされているが、そちらを元に戻すとは言われてない。ここらを鑑みるとSF的ではあるが、フレンズ化という生態系への影響を除去する機構であるかのように振舞っている。

140ななしのよっしん2017/03/30(木) 05:31:59 ID:L68TpsJPEN
今更思ったんだけど、仮にセルリアンが飛行機を警戒しているという考察が正しいと仮定した場合、別個体同士での経験共有している可能性も…

戦えば戦うほど強くなる展開じゃないっすかコレ！？

141ななしのよっしん2017/03/30(木) 10:26:37 ID:4MVTFzkqNW
無機物から湧いて出て光源を追いかけ動体を見かけたら積極的に攻撃するとかどう考えても野生動物の比じゃない脅威だよ

142ななしのよっしん2017/03/30(木) 14:21:27 ID:sBX+8RS16O
>>140
アプリではっきりと情報共有してたからアニメでも同じな気がする

143ななしのよっしん2017/03/30(木) 17:57:01 ID:su186Ze3Cx
地下迷路の溶岩は閉所に誘い込んで水攻めした跡だったのか

144ななしのよっしん2017/03/30(木) 20:12:39 ID:PS3k1YeNSV
アニメのセルリアンがアプリ版と違って同じような形（球形に目玉一つ）ばかりだったのは、予算の都合とか大人の事情もあるだろうが、火山噴火の溶岩から生まれた個体だったってことなんだろうかね。

145セルリアン2017/03/30(木) 20:32:32 ID:/hHjYniEh/
キタキツネが「湯の花が多いとセルリアンが多い」って言ってたのも伏線だったのか・・・。

146ななしのよっしん2017/03/30(木) 23:53:09 ID:KozojdZkRF
火や太陽に向かう習性は「もとが溶岩だから自分と同じように熱いものを求めていた」と解釈してた。
要するにカバンちゃんやトキのようなフレンズたちと同じでセルリアンも仲間を探してたんだと。
でもこの解釈だとちょっと悲しいな…

147ななしのよっしん2017/03/31(金) 00:56:58 ID:AUeSi86XTR
今のところはフレンズ達はいい子ばかりだが近い将来、知恵を身に着け過ぎて人間の管理下にあることに疑問を感じ、結束して反乱を起こし独立してしまう可能性も0ではない(猿の惑星状態)
その対策として、フレンズ達の平均知能レベルを定期的に下げたり、反乱時にもフレンズの犠牲を最小限に抑えて鎮圧したりするために、殺さずに動物に戻すという機能を持った存在がパーク管理側としては必要だった
フレンズ達にセルリアン生み出したのはパーク側である知られないためにパークガイド達にもセルリアンは自然発生した敵であると認識させた
またヒトの手でも処理が可能なようにセルリアンの特徴や弱点を多くし、知能も低く設定した
パークを円滑に管理するための合理的手段として生み出された存在こそがセルリアンであり、それはパークの平和を維持する調整者にして裏の守護者であった
という設定なのかもしれない

148ななしのよっしん2017/03/31(金) 08:17:38 ID:bAthHkaIxb
>>118
ジャパリパークはセルリアンその物だった、とすると
あの火山から突き出たサンドスターの結晶？はセルリアンの核石みたいなものだってことかな？

149ななしのよっしん2017/03/31(金) 08:27:36 ID:iNHbCtw/7X
内部は液状で外部は非常に硬い、しかし飛び込もうと思えば入れる
例えば敵意に反応して硬くなるみたいな効果があるのかもしれない

150ななしのよっしん2017/03/31(金) 10:09:16 ID:9Kzg12FJR2
夜襲、総力戦、明かりで釣る、と個人的に幻想水滸伝２のルカ・ブライト戦思い出した

151ななしのよっしん2017/03/31(金) 11:00:24 ID:F5noVDi3/i
http://kemono-friends.jp/
けものフレンズの公式サイトのドメインをWHOISで検索すると、HP制作会社はGMO Pepabo, Inc.って出てくるんだけど
このGMOペパボ㈱の会社所在地が渋谷にあるセルリアンタワーなのね
っていうツイートを見た

152ななしのよっしん2017/03/31(金) 11:43:47 ID:Sifn8IKhXO
冷えて固まるというよりは、溶岩が海水で冷やされて陸地を作ってきたという特性の表現な気がする。
災害と対応してると考えれば、さばんなちほーのはサバナ気候で多い水害的なもの、地下迷宮のは案外、落盤や地下火災みたいなものなのかなぁ…

153ななしのよっしん2017/03/31(金) 13:06:09 ID:lQmJ6P7JvW
入ろうと思えば中に入れるなら、巨大なセルリアンは石が露出するまで削らなくても内部から直接石を攻撃して倒せるかもしれない

154ななしのよっしん2017/03/31(金) 13:09:26 ID:VpqDUw6Yaa
自然の調停者だろうが守護者だろうが人のサガとしてフレンズを襲うこいつらは気に入らない、いつまでも許さん

155ななしのよっしん2017/03/31(金) 13:29:30 ID:lQmJ6P7JvW
>>154
そうやって摂理に抗うところも動物がヒト化した存在であるフレンズの持つ人間性なのかもね

156ななしのよっしん2017/03/31(金) 18:40:44 ID:EsqkpqxJYw
>>153
深めのプールで潜って壁を思いっきり殴ってみるといい
そしてもしまわりの水が全部スライム状だったらと考えるんだ

157ななしのよっしん2017/04/01(土) 04:57:13 ID:hWWA9mV0g5
あんまけもフレ記事でいうことでもないが、結局フレンズを見世物にしたい、そのための障害だからセルリアンを退治しよう。少なくとも表面上はそういうふうに受け取れてしまうからねえ。その上フレンズが女性形というのがまた…

158ななしのよっしん2017/04/01(土) 05:37:33 ID:G0+v61bXHR
>>157
それはどちらかというとメタ的な行動原理じゃないか？
アニメ版は純粋な人がいないからわからないけどアプリ版は人間にも害のある歴とした外敵だよ
作品が違えばセントラル奪った時点で絨毯爆撃されてもおかしくない

159ななしのよっしん2017/04/01(土) 05:46:43 ID:I60579JCRp
ニコニコにも上がってるメインストーリー部分見るだけでも分かるけどアプリ版とアニメ版でかなり設定が変わってるのがセルリアンだから、
アプリ版の描写からアニメのミライさんパート(のセルリアン回り)を考えるのは難しそうだなあ。
今後アニメ続編以外のメディア展開があったら、またまったく新しいセルリアン像が描かれるんだろうか

160ななしのよっしん2017/04/01(土) 10:51:50 ID:y6+ZG+FIfR
アプリ版の動画を見ると、空気を呼んで襲ってこなかったり、見つけられてうれしそうにしたりと意外とかわいいな

161ななしのよっしん2017/04/01(土) 11:59:48 ID:uGivb3VjXH
お手玉にされる、何故かフレンズと一緒に温泉入ってる、ヒートアップしたミライさんに押し退けられる
意思疎通が出来たら案外共存も出来なくはない…？虫みたいな行動基準だから無理そうだけど

162ななしのよっしん2017/04/01(土) 12:42:30 ID:fQyXu0UzZX
石と意思をかけてるのかも

163ななしのよっしん2017/04/01(土) 22:41:26 ID:9Kzg12FJR2
アプリ版の雑魚セルリアンもセーバルほどじゃなくとも
僅かにぐらいは輝きを持ってたのかもね

164ななしのよっしん2017/04/01(土) 23:49:46 ID:agChLqG/jY
>>143
あまり大きくは見えなかったから
前回の黒いセルリアンが遺跡の中に手だか足だかを突っ込んだところを切り落とした残骸じゃないかな？
もしくは切り落とされた部分が動いて遺跡の入り口あたりにいたところで本体の石を海に沈められたのでそっちも固まった感じ？

165ななしのよっしん2017/04/02(日) 00:35:06 ID:Hq4gX1H81E
青色のやつ→セルリアン
赤色が見つかる→アカイロセルリアン
赤色の特徴で青い→アオイロアカイロセルリアン

166ななしのよっしん2017/04/02(日) 02:39:43 ID:LzBqKy5OPl
なにそのトゲアリトゲナシトゲトゲ

167ななしのよっしん2017/04/02(日) 12:09:51 ID:g3wrJlAZDn
やっぱハゲは優先的に狙われるんだろうか…
俺は少し心配だよ

168ななしのよっしん2017/04/02(日) 12:17:07 ID:X1z6hpufM/
BGMがやたらカッコイイ

169ななしのよっしん2017/04/02(日) 12:22:06 ID:t/2ZoMxsT7
ハゲのおっさんに奪うほどの心の輝きなんてあるんですかねぇ…

170ななしのよっしん2017/04/02(日) 13:03:48 ID:Z3zww1RbCN
00のELS思い出した

171ななしのよっしん2017/04/02(日) 21:51:47 ID:CjSIobVi8v
何というか最終回や、アプリ版の設定の部分を合わせると絶滅種の化石や死体からフレンズを作り、それをセルリアンに食わせることで生きていた頃の姿に戻し絶滅した生物の再生という目的で作られた生命体にも思える。
じゃぱリパーク設立の最大の目的が地球に存在した全生命体の再生だとしたら絶滅寸前になった人間てエゴによる因果応報だよなあと。

でもアニメ版は「人間も本当は凄い」「他の動物より遥かに弱い。でもそれに勝る武器を持ってる」とか生命賛歌な部分があるから人間の闇も地味に臭わせながらだけど人間も含めた動物って凄い！がテーマとも思う。

172ななしのよっしん2017/04/02(日) 22:26:47 ID:8dingKm+ti
少なくともサンドスターは現代人が作ったもんじゃないだろ
超古代文明が作った可能性はあるが

173ななしのよっしん2017/04/02(日) 22:38:17 ID:8dingKm+ti
そもそもそれが「目的」なら遺物を動物にする作用だけあればいいわけで
フレンズ化の作用なんぞ持たせる意味はないわけだ

174ななしのよっしん2017/04/03(月) 00:27:43 ID:HznMgs1s+G
セルリアンのおかげでかばんちゃんのニーハイが見れた
ありがとう

175ななしのよっしん2017/04/03(月) 16:13:53 ID:Iohx1RbQkr
サンドスターで生まれるのとサンドスターローで生まれるのは何故特性が違うんだろう？
黒セルリアンはローを吸収して巨大化や再生するってことは、あれサンドスターローそのものに近いのかも
普通のセルリアンは元の物質が無機物有機物の違いでまだフレンズに近いけど、ローで出来たのは核はあってもサンドスターローそのものな気がする

176ななしのよっしん2017/04/03(月) 18:32:01 ID:JVpsY7umee
セルリアンは実は無機物の「フレンズ」で、ただ単に他のフレンズと友達になりたいだけなんじゃないか？
 互いに表現方法が違うから理解しあえないだけで、やっている事は同じ気がするんだよな。

177ななしのよっしん2017/04/03(月) 20:59:15 ID:udJlJoBP0q
ハンター達が「パークの危機」と言っていた戦いがちょっと気になる。

フレンズ達の世代的にはミライさん達が退去してからの出来事だろうし、ヒトが居なくなって活動が落ち着く筈のセルリアンが何故また大災害を起こしたのか。

ミライさんが言っていた「この島にあんなものを…」によって四神がずれてサンドスターロウが出てきたとすれば一年に一回溶岩セルリアンが発生してきたのかも。

PPPの結成もライオンとヘラジカの出会いも恐らく一年前？(合戦は毎週と言っていたからかばんちゃんが来るまで50回でおよそ一年？)だから彼らはその戦いかその一年前に世代交代が行われた可能性が高い、ただハンター達は少なくとも前回の戦いの記憶は持っている。

恐らく博士とハンターの忠告はその戦いで犠牲になった仲間がいた経験故だろうか、かばんちゃんに対する態度を見るに「無茶しやがって…」的なフレンズが消滅してしまった可能性もある。ツチノコに関しては文献や調査でヒトやセルリアンの事を調べたのかも知れない。

つまり噴火が一年に一回だとするとミライさんが退去したのは少なくとも二年前以前…それから毎年？噴火でセルリアンが発生してたのか、どこかの噴火の衝撃で四神が吹っ飛んだのか。

セルリアンの発生時期や分布は世代交代やフレンズ同士の関係性に大きく関わっているような気がする、片方が記憶を無くしていたり両方忘れた形で再会しているフレンズもいるかも知れない。

178ななしのよっしん2017/04/03(月) 21:05:37 ID:QLjtpqBhqL
>>171
絶滅動物フレンズが食われて元動物に戻ることは
”そこだけ見れば”ポジティブに見えるっていう
インタビューの発言からして主目的ではないのは確かだ

179ななしのよっしん2017/04/03(月) 21:22:05 ID:r3bpoYYwuS
アプリ版では情報を収集し種の進化に利用していたけど(女王と配下の黒セルだけの習性かもしれないが)
アニメ版ではどうにも捕食してサンドスターを奪うことが目的のように見える

180ななしのよっしん2017/04/03(月) 22:28:56 ID:8pOGqXLr8o
セルリアンは太陽以外の輝きに引き寄せられるという設定も恐ろしい。
正に文明を喰らう怪物。

181ななしのよっしん2017/04/03(月) 22:31:30 ID:oraHm6sP1o
アプリはフレンズ側が容赦無さすぎてセルリアンに同情まである
放っといて何かあったら面倒だし当然ではあるけど庭の雑草むしるノリで砕かれてたりするとなw

182ななしのよっしん2017/04/03(月) 22:46:41 ID:8dingKm+ti
おそらくフレンズの寿命はヒト準拠で
（元動物準拠だと小動物なんか数年になりかねないし）
ペパプが3代目だし
サンドスターが物質の劣化を緩和するから
ミライさん退去から100年以上経ってるイメージ

183ななしのよっしん2017/04/03(月) 23:12:49 ID:uGivb3VjXH
>>sm30941969
sm30941969
やりますねぇ。サントラ楽しみ

184ななしのよっしん2017/04/04(火) 01:10:16 ID:JVpsY7umee
>>176
セルリアンがフレンズを襲うのは、輝きを奪ってフレンズの形式を獲得する事で対話する方法を模索するためなのかも。

そう考えると、1話で無機物のセルリアンが動物的な反応を見せたのは、アードウルフからその形質を獲得したからなんじゃないか？

185ななしのよっしん2017/04/04(火) 08:18:59 ID:udJlJoBP0q
>>184
原始的な生物の接触や吸収、合体、菌などの交換を会話や握手などのコミュニケーションのルーツだとする考え方も有るからね。

セルリアンには個という概念が薄そうだから互いに知識や感情などの「輝き」を吸収し合って共有しているのかもしれない。

引っ掻かれたり殴られたり噛みつかれたり体当たりされたりしたからセルリアンも同じ手段を取る、フレンズやヒトが自分達を分解したのと同じ方法でフレンズやヒトから輝きを採ろうとする。そしてだんだん情報を得て姿や性質を似せようとする。

例えばカコさんの「過去を忘れたくない、絶滅した動物も思い出もずっと残しておきたい」という思いが輝きを吸収し続ける「セルリアンクイーン」を生み出し、ミライさんがフレンズを集めて「群れの強さ」でセルリアンに立ち向かえば「分裂セルリアン」が生まれる、といったように。

ただ、それならいつかセーバルのように対話出来るセルリアンが増える未来も有ったのかも…と思ってしまう…。

ある意味セルリアンにとっては強力な兵器や敵意よりも、「干渉しない」という態度を取った事の方がショックだったのでは？とも思う。

黒セルリアンのテーマソングとして「ぼくのフレンズ」を当てはめて聴いてたらふと感傷的になってしまったので…。

186ななしのよっしん2017/04/04(火) 11:16:11 ID:9DqMSE8JF8
やはりクアンタムバーストによって対話をする必要が・・・

187ななしのよっしん2017/04/04(火) 13:21:53 ID:ClM5lQdco5
┌(┌(◉)┐

188ななしのよっしん2017/04/04(火) 17:13:42 ID:JVpsY7umee
>>184
セルリアンをフレンズだと考えると、1話の戦闘はセルリアンにとっては単なる「狩りごっこ」だったのかもしれない。

捕食にしてはあまり真剣みを感じなかったし。

189ななしのよっしん2017/04/04(火) 17:23:46 ID:LWuLH4od38
>>185
セーバルはサーバルのトクベツを奪った結果発生した存在だから
どちらにせよフレンズから輝きを取らなきゃ生まれないんでなぁ
捕食しなくなるまで喰われ続けろというのも悲惨じゃね？

190ななしのよっしん2017/04/04(火) 20:23:21 ID:TFexbeHc/R
だが待ってほしい
フレンズは自然界の摂理に反する存在なのではないのか
元の動物に戻そうとするセルリアンこそ正しい存在なのではないだろうか

そう考えるとサンドスターローのローはlowかもしれない

191ななしのよっしん2017/04/04(火) 21:15:30 ID:YYlxaf8AK6
まあサンドスター自体ゲッター線みたいな設定だしな
パっと見魅力的だけど突き詰めると滅びに繋がるって設定は昔からよくある
ほんわか系の作品だしそんな事は無いと思うが

192ななしのよっしん2017/04/04(火) 22:53:23 ID:pC8sMwuXSp
ポストアポカリプスとガイア理論が相性良すぎて思い浮かぶものがゴッドイーターのオラクル細胞……
>>127の人が言う型月もガイア理論っぽいところあると思うし


あと動物擬人化美少女の敵としてよくできてるのはやはり無機物から発生するところだよね
「事実上現代兵器では傷つけられない、だが動物がヒト化した彼女たちならば……」みたいなやつ
がばんちゃん達の物語とは別ラインで普通に見たい

193ななしのよっしん2017/04/04(火) 23:26:17 ID:907YPRekQ6
公式ガイドブックに「セルリアンはサンドスターで進化しようとした人間の成れの果て」って書いてあると聞いたけど、それって本当なん？
ガイドブック持ってる人、教えてつかあさい

194ななしのよっしん2017/04/05(水) 00:10:05 ID:DrPe0Y66Av
>>193
それって「未来人類」みたいでマジ怖いな
あいつらも１つ目の怪物だし
で、それすらもおびき寄せて丸呑みする超巨大サバンナシマシマオオナメクジ・・・もうワケわかりません！！

195ななしのよっしん2017/04/05(水) 15:35:03 ID:zu1vCmHtU3
アプリだと割と空気が読める奴ら

196ななしのよっしん2017/04/05(水) 19:07:34 ID:4DVmzI00hQ
セルリアンって発生量がある程度以上になると放置による自滅を待つ以外の手段無くならない？
物事の長所が輝きになるのなら、サバンナクローも爆撃も相手を倒しきれなければ吸収されるって事になる

197ななしのよっしん2017/04/06(木) 01:03:40 ID:wFNsueQZ2L
黒い個体のような自己回復力がある場合、回復より早く火力による飽和攻撃を行わないと倒せない？

→費用対効果が得られない、セルリアンがどうしてか海を越えられないため、人類は採算の合わないパークの放棄を決定したのかも。

5合目にあった残骸は飽和攻撃作戦の撃墜機なのかもしれない。
フレンズによる単独撃破が成功すれば、火力集中に比べローコストで島の主導権が得られるだろうし。

198ななしのよっしん2017/04/06(木) 03:13:31 ID:udJlJoBP0q
黒セルリアン戦で唯一疑問だったのはかばんちゃんが背中から飛び込んだ所。

はかせ達の不意打ちですら「浅いですか」「でかいだけでなく硬い」と言われているのにかばんちゃんが飛び込んだ時はまるで液体なので攻撃に対しては硬質化できるんだろうから。

1)輝きを持つ技に反応して硬質化していたから技ではないかばんちゃんの飛び込みには反応しなかった。
2)サーバルを吸収中で、周りに誰も居なくなったと思っていたので非戦闘モードだった(サーバルを引っこ抜いた後、膝をついているのは吸収中のエネルギー源を失ったから？) 。
3)内部に居るものはそもそも敵として認識できない、ただ吸収するだけ。
4)ヒトに対して特殊なセルリアンだった(かばんちゃんが無事だったのに関係が？)。

基本的に輝きを目指すだけだから火以外には鈍いだけかも。かばんちゃんはサーバルちゃんの状態を見て、「水の中みたい、…中に入れるんじゃ…？」と思って飛び込んだのかな？

199ななしのよっしん2017/04/06(木) 19:56:01 ID:qp5Fyg4ml/
黒セルリアンは強い衝撃に対して硬化する性質があるのでは？
ダイラタンシーって言う衝撃を与えると硬化する液体もあるし

200ななしのよっしん2017/04/06(木) 22:09:49 ID:IbvjB/pQLZ
>>193
輝きを食べる...
人類がスライムになったアニメ思い出した

201ななしのよっしん2017/04/06(木) 22:42:00 ID:BUTCPEvQg8
ゼノギアスとかうたわれるものを想像する

202ななしのよっしん2017/04/08(土) 06:32:42 ID:OG3VOQHd7k
>>193
ヒトは１９番目の使徒なのよ・・・

って完全にエヴァだこれ

203ななしのよっしん2017/04/08(土) 17:23:16 ID:F67IHJg4zR
セルはフランス語で塩って意味で
リアンは絆
そういえば昔あったレガイア伝説ってゲームで獣の事をセルって名付けてたなぁ

204ななしのよっしん2017/04/09(日) 18:06:59 ID:Ej6wChy1d1
黒セルリアンが1面ボスであったという衝撃

205ななしのよっしん2017/04/09(日) 18:09:51 ID:QLfqTJCcyK
いずれ地方の島と同化したセルリアンとか、
星そのものと融合したセルリアンとか出てくるのか（恐怖）

206ななしのよっしん2017/04/09(日) 21:45:40 ID:3WJqoaIqyB
>>205
それってつまりデビルガンダム？

207ななしのよっしん2017/04/09(日) 22:15:58 ID:Mh3LPGBiyr
地球「あまりに多くの種族が滅んでしまったので、まずその原因となった『文明』を処分して
その後に滅んでしまった種族を、僅かな欠片からでも『フレンズ』として再生するから
その尖兵としてセルリアンを創造するね（噴火でサンドスターの散布開始）」

という設定は割とあるから困る

208ななしのよっしん2017/04/09(日) 23:23:33 ID:0mOXVCWbfM
セルリアンハンターはどのくらい人数がいるんだろう？
ハンターに連絡というセリフや認知度から、自警団として成り立つくらいの構成員がいるのだろうか？

209ななしのよっしん2017/04/10(月) 01:44:19 ID:NJP5ftU217
>>193
「一つ目の化け物」「元人間」てのでこれ思い出した。
>>sm17003652
sm17003652

210ななしのよっしん2017/04/10(月) 09:10:34 ID:Iv2Dxdgd3h
黒セルリアンについて
１１話　太陽を追う、火に反応して近づく、
分離した場合、体の一部も黒セルリアンとして活動を始める
１２話　火を食べる、水（もしくは海水）をかけると固まる、溶岩らしい

この情報を基に太陽の光＝熱として解釈した場合、
熱エネルギーを動力、および養分にしている個体だと考えられる
ちなみに爆撃したらエネルギーを与えながら衝撃で四方八方に飛び散って
そこら中、黒セルリアンまみれになるのではないかと
後、この解釈の場合は水や海水でなくても液体窒素やドライアイス辺りでも撃退可能

211ななしのよっしん2017/04/10(月) 17:47:09 ID:rZbnEPyGCR
B-2の残骸をもって兵器はセルリアンより弱い！ってのが主流みたいだけど、あのB-2がセルリアンに撃墜されたってのは確かなのかね
飛行中に何らかのダメージを負って落ちたらあんな刺さったような状態にならないと思うのだが…
あと兵器はセルリアン化する！ってのも見るけど、バスやボスはセルリアンにはならないからにはサンドスターの放出に直接突っ込んだりしない限りセルリアンにはならないんじゃないかと思う

212ななしのよっしん2017/04/10(月) 17:59:23 ID:LWuLH4od38
>>211
高速移動中に攻撃当たったならあんな風にある程度分かる残骸にはならないらしいな
セルリアンの射程範囲がB-2より長いとも思えないし
火山噴火によるエンジントラブルに巻き込まれて山に突っ込んだんじゃないかな？

213ななしのよっしん2017/04/10(月) 18:27:02 ID:Iv2Dxdgd3h
メタな事を言えばそもそもＢ－２はどの程度の戦力を投入したかという
軍事世界の示準化石みたいなものだろう
形状が残ってる理由はある程度形状を保ってないと判り辛いから
いわゆる映像描写上で発生する嘘
現実ではそのようなことはあり得ないが
そういう風に描写した方が視聴者側が判りやすいためなのではなかろうか

214ななしのよっしん2017/04/10(月) 18:40:27 ID:FR5rC7GNEd
墜落した理由はどうあれ残骸回収すら諦めてるのは異常だ

215ななしのよっしん2017/04/10(月) 20:30:33 ID:KghthqE34L
>>211
アプリ版ではフレンズの手持ち武器を飲み込んで武器の形に変形したセルリアンや飛行するセルリアンも登場した
取り込まれた武器はセルリアンを倒せば吐き出すから

B-2がジャパリパーク上空で飛行型セルリアンに取り込まれる
↓
B-2型セルリアン原型保ったまま墜落、B-2は吐き出されて残骸へ
みたいな感じかもしれない

216ななしのよっしん2017/04/11(火) 02:07:32 ID:CyLJc0A+lQ
セルリアン討伐のためにB-2が投入されたのではなく、パークが戦争に巻き込まれたために一時閉園したというのは考えられないかね？
時系列で予想するなら、一時閉園→B-2墜落→再開準備開始→超大型セルリアン登場→人間は退避
セルリアン相手にステルス機とか意味わかんないし、
四神の位置をミライさんが再調査しなければならないほど、パークの情報が失われてしまっていた要因があるのではないかね

217ななしのよっしん2017/04/11(火) 02:14:29 ID:IumPTrW1x3
実際、あの戦闘機で何を狙ったのかは不明だからな
セルリアンを狙ったのか、セルリアンを生むサンドスターを狙ったのか
墜落したのもセルリアンに落とされたのか、あるいは戦闘機がセルリアン化したのか

まあ、個人的にはそう言う物騒な考察は匂わせる程度で、本編はほんわか、たーのしーしててほしいけど

218ななしのよっしん2017/04/11(火) 02:41:10 ID:8dingKm+ti
撤退期限が迫ってるけどここで倒せば問題ないとか
フレンズさんたちを退避させてからとは言えこの島にあんなものを
みたいな台詞と、B-2の機体が回収されて無いあたり
>>216の順は無いんじゃ

219ななしのよっしん2017/04/11(火) 08:16:18 ID:Iv2Dxdgd3h
サンドスター利権を独占できるならＢ－２湯水の如くポイしても安いけどな

220ななしのよっしん2017/04/11(火) 08:19:42 ID:NHFgPSF+tn
B-2は戦闘機ではない、爆撃機だ
実際カコさんの研究を含め、サンドスターの応用技術が確立されれば人類にもたらされるものは計り知れない

221ななしのよっしん2017/04/11(火) 10:17:07 ID:rZbnEPyGCR
ジャパリパークがスクラップヤードだったか航空博物館があったってのを今思いついた
これならB-2とB-29らしき旧式爆撃機の残骸が同じところにあるのも納得できる
B-2が妙な状態なのは施設の看板みたいなものだったんだ
黒セルリアンが制式採用されなかったbigdogっぽいのもスクラップもしくは展示物として置かれていたと考えれば説明できる
けどミライさんのセリフとかは説明できない…

222ななしのよっしん2017/04/11(火) 20:40:39 ID:bF5uH/ofJu
今後、海エリアで座礁している原子力空母とか出てくるかもね
B-2の残骸ってそのくらいのレベルだし

223ななしのよっしん2017/04/12(水) 00:40:17 ID:DrPe0Y66Av
流石に光線級レベルは存在しないだろうが、飛行型ならいそう

224ななしのよっしん2017/04/12(水) 02:06:45 ID:TnIo5b/IhX
よく作戦に失敗して撃墜されたっての見るけどかばんちゃんが生まれる噴火まではフィルターが機能してセルリアンも少なかったあたり成功はしてたんじゃないかな、ただ核とかのやばいもの使って近づけなかっただけでさ。島のフレンズ達も一度退避したのが戻ってきたってのも考え難いし残ってた体毛とかから別固体が生まれたって感じなんだろうか、鳥の知力が軒並み高めなのは鳥だけは飛んで戻ってきたからとか

225ななしのよっしん2017/04/12(水) 02:17:58 ID:QLjtpqBhqL
観覧車でボスに後事を託してるから一時避難した後に恐らくフレンズ達は戻ってきてるし
四神フィルターも張り直してもいたし黒セルリアン自体は何とかしたんだろう
その後人だけパークから退去する何らかの理由が出来ただけじゃないかな

226ななしのよっしん2017/04/12(水) 07:39:16 ID:udJlJoBP0q
黒セルリアンの四角いブロックって任意で作って投げたり足元を支えたり鎧にしたりしてるよね。
ツチノコも四角ブロックが剥がれてから「今だ！」って水を掛けてるし、少しの水なら防げるんだろう。
あれがセルリアンの元々の能力なのかフレンズや人間の道具(ソリッドアーマーとか？)からなのか気になる。
あと黒セルリアンのぬいぐるみが欲しい。

227ななしのよっしん2017/04/12(水) 11:13:46 ID:Mh3LPGBiyr
コノハ博士が言及していた「ヒトは絶滅した（何処かに居るかもしれないけど）」って話も
何をもって『絶滅』と判断するに至ったのか、という経緯は語られていないよな

ヒトがパークから去って、未だ帰ってこないというだけで『絶滅』という発想に至るものなのか
まだヒトがいた当時のパークのスタッフから、パーク外で起きている異変を聞いていて
今もヒトが帰ってこないということは、その異変のせいで滅んだからだと判断しているのか
そしてその異変が、セルリアンに関係するものなのかどうかも

228ななしのよっしん2017/04/12(水) 11:44:26 ID:hWWA9mV0g5
例のインタビュー記事みてないけど、軍事行動は確定じゃないよね？
「すぐ戻るから」というミライのセリフもあるし、>>225のコメントのとおり、
第1次黒セルリアン禍は避けられたと思うんだけど…。
（つまり、退避は政治的な理由と思われる）

>>227
そこまで厳密な言葉の使い方をしてるようには感じなかったな。フレンズが
体系的な教育を受けてるわけじゃないだろうし、「居なくなる」の言い換え程度と
受け取っておきたい。
メタ的に言えば不穏な雰囲気を醸し出す演出。この作品、全般的に「釣り」が多いしね。

229ななしのよっしん2017/04/12(水) 12:05:44 ID:8dingKm+ti
軍事行動無しで爆撃機と不発弾ごろごろの説明は難しいなあ…
黒セルリアンは「フレンズでも軍隊でも倒せなかったけど
フィルターが直ってたから自滅した」だと思う。
1か月くらいは放置してたんじゃないかな

230ななしのよっしん2017/04/12(水) 12:21:13 ID:LWuLH4od38
あの爆撃機と不発弾がカラカルが見つけた巨大セルリアン時に使用されたのか
ミライさん達職員が離れた後に発生したセルリアンなのかで話は変わるな

政治的と言ってもセルリアンが定期的に発生する環境でレジャー施設の安全な運営は困難だというのは理解できる。フレンズ以外に攻撃しないと言い切るのも難しいだろうし

231ななしのよっしん2017/04/12(水) 15:20:43 ID:GMPMIt6WCr
ガイドブックでそもそもパークどころか世界的に人類がピンチ（絶滅寸前）になってるとか書いてあったと聞いたが（未所持未確認ですまない）、その詳細はどうなってるんだろう？
もしも事実なら、何かとんでもない事が起こったように思えるのだが。

232ななしのよっしん2017/04/12(水) 16:58:58 ID:QLjtpqBhqL
ガイドブックで書かれてたのは
ヒトは一旦滅んだかかなりやられてると
言及されてたが具体的な事は書いてない
一旦という事だから絶滅的なものじゃなく
文明的なものだとは思うが
既に復興してるかもしれない

233ななしのよっしん2017/04/12(水) 19:02:40 ID:vOY66JKyHM
サンドスターロウ＝sandstar law
輝きを分散させサンドスターの濃度を一定にする秩序（システム）……なんちゃって。
実際はsandstar rawで、単なるサンドスターってことなんだろうけども

234ななしのよっしん2017/04/12(水) 19:04:10 ID:vOY66JKyHM
同時にタブ開いてたせいで普通にスレ間違えてますね、すみません（謝罪）

235ななしのよっしん2017/04/12(水) 21:44:27 ID:k4/dxFbVTV
のけものはいないはずだけどセルリアンはセーバルを除き悪として描写されているね。なんかひっかかるんだよな。
言葉を持たず食われたり害をなす存在、どちらかというとフレンズより獣に近い存在なんだよね。深読みなんかなあ

236ななしのよっしん2017/04/12(水) 21:50:29 ID:QLjtpqBhqL
山火事みたいなものって言ってるし災害なんだろう
通常のセルリアンが一体何かは不明だが黒セルリアンは溶岩だし

237ななしのよっしん2017/04/12(水) 21:59:14 ID:u6PRoCn3fO
俺もミライさんは大型セルリアンを倒せたんだと思う。
観覧車での最後の音声記録に悲壮感が少なかったし。
ジャパリバスの運転席とトレーラーが川の両側に分かれていて、尚且つ橋が落ちていたわけだから、ミライさんもかばんちゃんと同じ作戦をやったのかもしれない。

爆撃機の墜落はそれよりも後じゃないだろうか。
ミライさんがセルリアンを倒すため四神を所定の場所に設置したけど、その後何らかの戦闘で山が削られ、ズレが生じたと。
ところであれだけ沢山の不発弾を撒き散らしていたということは、あの爆撃機は不時着しようとして墜落したのではなかろうか（残骸の姿勢もそんな感じだったし）。
不時着時に爆弾を積んだままだと危険だから、爆発しないようセットして投棄したんだと思う。

238ななしのよっしん2017/04/12(水) 23:25:39 ID:Z5zA4xVT5h
※235
もしかしたらフレンズ化した時にけもの達が無くした本能の塊だったりして・・
フレンズ化すると基本的に狩りとかの弱肉強食の理念が消えるし

だから基本的に自我や輝きがない、自我はフレンズ側が持ってるから
そして無くした自我や輝きを求めてフレンズや人に襲い掛かる
とか？

239ななしのよっしん2017/04/13(木) 19:43:35 ID:BUTCPEvQg8
爆撃機の残骸っぽいものは単に
「そんな化け物なんざ空からミサイルでファックしちまえばいいのに」
って発想の連中を黙らせるための舞台装置以上の意味はないと思う……

240ななしのよっしん2017/04/13(木) 20:01:32 ID:udJlJoBP0q
前回のパークの危機は砂漠で決着が着いたんだろうか、今回と同じ山からの黒セルリアンなら砂漠に行く前にサバンナとジャングルは通るから橋やロープウェイが壊れてたのもその為？
もしかするとフレンズ達の

241ななしのよっしん2017/04/13(木) 20:41:06 ID:udJlJoBP0q
連投ゴメン
…フレンズ達の文化水準や世代にも影響してるかも。
あと、かばんちゃん達の旅を追って行くとちほーごとに春夏秋冬に分かれてる気がする。
・サバンナ、遊園地→出会いと別れの春
・ジャングル、高山、砂漠、湖畔→水遊び、山登り、猛暑の夏
・湖畔、平原、図書館→芸術、スポーツ、読書の秋
・ペパプライブ、雪山、ロッジ→年末ライブ…、雪遊び…、かまいたちの夜…(ここらへん苦しい)

242ななしのよっしん2017/04/13(木) 21:24:10 ID:QLjtpqBhqL
>>240
かばんちゃん達一行は山を中心にぐるっと一周しただけだから
山から砂漠に行くのにジャングルやサバンナに行く必要ないぞ

243bitansan2017/04/13(木) 22:05:07 ID:xiOGlmdDRg
>>237
観覧車のミライさんもボスは録画してたので、その前に橋を落とす作戦を実行してたら橋にナビするのは不自然だし、川に溶岩が残るはず。
橋は普通に経年劣化かと。

>>236
紫のセルリアンはやっぱり雪崩なのかなあ
青と赤は何だろう

244ななしのよっしん2017/04/13(木) 22:09:09 ID:QLjtpqBhqL
山から湧き出てたし湯ノ花増えるとセルリアンもそれに比例するみたいだし
雪崩より火山性の火砕サージじゃないかな

245ななしのよっしん2017/04/13(木) 23:29:58 ID:udJlJoBP0q
>>242
あっ、そっか高山を通ればいいのか…。

へいげんちほーからみずべちほーまでセルリアンが出なかったのは前回さばくちほーで止めたから居なかったのかな？という考えだった、ただエンカウントしてないだけかも知れないけど。
でも火山から出たサンドスターが無機物に当たったもの、もしくは溶岩にサンドスターが融合したものがセルリアンだから島中どこにでも産まれる可能性が有るのかな。
個人的には各地のセルリアンの形態→前回の戦いでのフレンズ達の抵抗方法、とかだと面白いかもと思った。

246ななしのよっしん2017/04/14(金) 02:22:54 ID:k4/dxFbVTV
アプリのセルリアンは黒含めて全て体の一部が虹色でアニメでは単色だね。完全に別種のような気がしてきた

247ななしのよっしん2017/04/14(金) 10:13:37 ID:GMPMIt6WCr
アプリのセルリアンは発生直後に出現した「ジョウオウ＝とある人物の妄執の実現を行動理念とする存在」がブレインとなって、その目的の為に動いていた『世界を永遠に保存・再生するピース』だからね。
司令塔の意志を実現することが最優先だからアニメとは別種と思う。

アニメのセルリアンは作中で語られていたけど、『自然災害』的な存在よね。
黒は『溶岩』として、赤は場所が地下の木造建築だったし『火災』のイメージな気がする。砂漠の（色不明）は『砂嵐』だったと思われるし、サバンナの青いのは小さい方は水無し川の近くで出てきたし『水害・洪水』の化身ではないかな（サバンナは降った雨が地面に吸い込まれ難く雨が多いと直ぐ氾濫するし）？ 紫は他の人に任せた！（）

248ななしのよっしん2017/04/14(金) 10:33:38 ID:N5cOy9qHs/
他の人が言ってたけど
紫は雪・・・というか雪崩じゃないかな？

249ななしのよっしん2017/04/14(金) 11:39:06 ID:GMPMIt6WCr
>>248
色合いが青紫なのが少し気になってる。 ＞雪崩説
凍傷、凍死の色を表現してるのかもしれないし、自分が無知なだけで実は関係ある色なのかもしれないけど。

250ななしのよっしん2017/04/14(金) 13:50:16 ID:BUTCPEvQg8
>>244説と同じで水の青に火の赤が加わって火砕流なのではと
ボコボコ湧いて来たし

251ななしのよっしん2017/04/14(金) 14:01:17 ID:MAgzpAa2gF
まあ、全てが溶岩から生まれたわけじゃないだろうな
紫のは雪山から出てきたし

252ななしのよっしん2017/04/15(土) 04:50:38 ID:BUTCPEvQg8
黒セルリアンは海水かけたら溶岩になったけど
かばんちゃんが中泳いだりして別にそれそのものが超高温ってわけじゃないでしょ

253ななしのよっしん2017/04/15(土) 06:22:51 ID:I60579JCRp
アプリ版の話なら、種族としてのルリアンは女王と関係なく存在していて、
他のセルリアン個体を操ったりする能力を得た一匹のセルリアンが女王を名乗ってる形だったと思うけど。
目的も進化と増殖って生き物らしいものだったし。

媒体ごとに別物ってのはそうだろうなあ。あくまで生き物なゴジラと怨霊の集合体なGMKゴジラ、みたいな

254ななしのよっしん2017/04/15(土) 23:05:37 ID:lmAPPfDkDX
ホッカイチホーの超巨大セルリアン
今は眠っており温泉に様々な薬効を与える原因となっているという代物

アプリ版では目覚めを防いだだけで結局野放しのままその後ストーリーでのフォローもなし
サイズは言うなれば十勝岳や駒ヶ岳がまるまる一体のセルリアンとかそんなレベルと思われる
もうフレンズがどうとかそういう段階の脅威じゃない
本格的に活動開始されたら恐竜時代の終焉以来の生物大量絶滅のピンチ

255ななしのよっしん2017/04/16(日) 20:55:00 ID:Ej6wChy1d1
アプリ版のセルリアンの色が虹色なのはサンドスター（火山の描写から分かるように虹色）から生まれたからであって、アニメのセルリアンが単色なのはサンドスター・ロウから生まれたからなんじゃって思ってる

256ななしのよっしん2017/04/16(日) 22:39:00 ID:udJlJoBP0q
コラボカフェのセルリアンパフェ毒々しい色合いだけど美味しそうだな…

257ななしのよっしん2017/04/17(月) 10:07:38 ID:IeRDQUYo9s
スレチになるかわからないけれど能力からしてセルリアンとカービィって似ていると思う。
取り込んでコピーするという点に置いてね。

258ななしのよっしん2017/04/17(月) 21:17:48 ID:MP0Dnkcc4/
アプリのセルリアンはけものの説得で退いてくれる奴もいたり、遊びや食べ物も人並みに好きだったり愛嬌がある
アプリが続けばセーバルは種族を繋ぐ存在になってたのかもしれないけど、一方のアニメ版は…無理みたいっすね。ただただ不気味で脅威な存在

259ななしのよっしん2017/04/17(月) 22:20:39 ID:DrPe0Y66Av
転売厨はSALEリアンって上手いこと言うなぁ

260ななしのよっしん2017/04/17(月) 22:33:23 ID:2rLWXvreJU
>>257
同じ作品に見た目もセルリアンよりのグーイってやつがいてだなぁ･･･。

>>258
アニメはセルリアンが「心を持っている？」という描写がほとんどないからね。
強いて言うなら12話で黒リアンがマーゲイの声真似で攻撃止めたぐらいか。
もしあれが「仲間に攻撃できないやさしさ」だったとしたら･･･
あいつは死んでいいやつなんだよな？なんか分かんなくなってきた･･･。

261ななしのよっしん2017/04/17(月) 23:56:45 ID:lmAPPfDkDX
>>258
アプリ版の設定から考えれば
「誰かが楽しんでるさま」をどこかで食ってコピーして再現してるんであって
あくまでオウム返しみたいなもので心を持っているわけではないかと

>>260
同じ場所を共有する生物（と言っていいかはわからないが）同士の生存競争
いいとか悪いとかじゃなくて対立する相手だから排除する、それだけ
あんまり深く考えすぎるとドツボにはまるぞ

262ななしのよっしん2017/04/18(火) 00:25:42 ID:q6KE1WoKPX
/// POLICE ASSAULT IN PROGRESS ///

263ななしのよっしん2017/04/18(火) 02:42:39 ID:MP0Dnkcc4/
んー、ストーリー終盤のセルリアンなんかはコピーしてるだけだったけど
中にはけものと意思疎通してるのもいたり、サーバルも憎めないって言ってたり、エピソードによっては友達になれそうなのもいるって言ってる
凄く希薄ではあるけど、心が全くないってほど淡々とした存在でも無い、と思う

264ななしのよっしん2017/04/18(火) 22:05:07 ID:oraHm6sP1o
>>263
アプリアンは小型でも姿に何かしらモチーフが見てとれるのですでに輝きを得てコピーした結果と言える
つまり生まれた時点で輝きの影響を受けているので心があっても無くても憎めない存在なのは必然

265ななしのよっしん2017/04/18(火) 22:11:50 ID:uaQEkP/Tos
ルンバにだって愛着持つのが人間だしね。
アニリアンは完全に捕食行動のみなのが不気味さになってるよなあ

266ななしのよっしん2017/04/19(水) 00:35:14 ID:Ej6wChy1d1
アプリ版のセルリアンには虹色の模様（フィルタリングしたサンドスターに酷似）があるのにアニメ版には無い
アニメ版ではサンドスター・ロウ（輝きを持っていない、単色）からセルリアンが生まれたから無機質な存在になってる説

267ななしのよっしん2017/04/19(水) 10:33:06 ID:F67IHJg4zR
セルリアンの話は星砂の浜の民話が元なのかな？
そうなると海を恐れて火に近づくって言う特性は説明がつくんだけどなぁ

でもそうすると同じサンドスター成分のあるフレンズはなんで
大丈夫なのって事になるし…

268ななしのよっしん2017/04/20(木) 01:44:20 ID:DrPe0Y66Av
>>260
「フッ・・・今回は運よく命拾いしたようだが貴様のその甘さがいずれは命取りになるのだ」（典型的すぎるバトル漫画のライバル風）

真面目に言えば、セルリアン誕生の謎とか突き詰めれば突き詰めるほど鬱展開で心折られるのが目に見えてて
辛いです・・・つらいのだ・・・

269ななしのよっしん2017/04/20(木) 09:30:47 ID:k4/dxFbVTV
サーバルちゃんセーバル説を不穏とか怖いってよくわからない
セーバルだとしてもいい子なのには変わりないし発覚することがあっても
本人「そーだったんだ！」とか、かばん「それでもトモダチだよ」とか良い展開しか想像できない

270ななしのよっしん2017/04/21(金) 10:50:16 ID:udJlJoBP0q
セルリアン側が劣勢になって輝きが減ってくると、より原始的な分裂と補食を繰り返すアメーバみたいになったり、一極集中でセルリアンクイーンみたいな集合意思になるのかも。

271ななしのよっしん2017/04/21(金) 12:21:10 ID:QLjtpqBhqL
アニメ版の方は通常のセルリアンはサンドスター供給追い付かなくなくなって
自滅するようだし分裂や小さくはなれないんだろう

272ななしのよっしん2017/04/22(土) 21:29:48 ID:DrPe0Y66Av
「転売屋はセルリアン」とか「SALEリアン」とか言われてるけど
その調子でいけば
・戦艦テ(転売)級or転売棲姫
・歴史転売主義者
・転売虫
・転売型生命体
・転売級BETA
・転バイド
・転売フェストゥム「あなたは、（転売品を買うために）そこにいますか？」
とかいろいろ考えれそう

273ななしのよっしん2017/04/23(日) 00:31:12 ID:BUTCPEvQg8
セルリアンの一番怖い考察は
アプリ版のセルリアンはカコ博士が自ら生み出して自分を食わせたってやつ
そこまで狂気に取りつかれた人ではあってほしくないけども…

274ななしのよっしん2017/04/23(日) 11:04:32 ID:GtmA90v6Zk
>>sm30986188
sm30986188
つよい

275ななしのよっしん2017/04/23(日) 22:08:35 ID:Lr8dpHvlVL
自分の勝手な考察だけど、
セルリアンはフレンズになろうとしたけど輝きが足りなかったのかもしれない
動物は本来持ってた輝きがあり、さらにサンドスターによって輝きが溜まり、
フレンズ化した、でも、無機物は本来の輝きが薄い、もしくは存在しないから、
フレンズではなく、出来損ないのセルリアンになった。（タチコマは輝きが動物並にあったからフレンズ化した？）
それで、自分もフレンズになろうとして、フレンズの行動を見て真似たり、他の者が持ってる輝きを回収し、それをコピーして、自分を作り上げていく。アプリ版見ている限り、セルリアンにはほんの少し理性がある気がする。でも人の赤子のように大部分が本能で動いているから、輝きを分けてくれとは伝えられずに、結果的に奪うという形になっているとか。（輝きって分けられるものなのかな）

なお自分を表す言葉は矛盾魂なので、本来の設定と違ってる部分があるかも

276ななしのよっしん2017/04/23(日) 22:11:50 ID:uaQEkP/Tos
>>273
考察っていうか妄想レベルだね。
けもの病院襲撃事件でのカコさんの行動と明らかに矛盾するし

277ななしのよっしん2017/04/23(日) 22:37:02 ID:+iimcHDYgX
セルリアンの不気味さに既視感あるなと、思っていたらテラフォーマーズだった

278ななしのよっしん2017/04/23(日) 23:01:28 ID:pC8sMwuXSp
妄想レベルなら種族としてのアニマルガールに対して天敵としてバランスをとるために存在しているとか、そんな感じっぽい

279ななしのよっしん2017/04/24(月) 01:02:31 ID:zOaq6L5N3A
セルリアンは自己を保つためにサンドスター（フレンズ）を捕食して回っているとして、
黒セルリアンはサンドスターローを自由に取り込めてたから、サンドスターよりも優先順位の高いもの（明かり）が存在していたのかな
なんで明るいものに惹かれるのかは判明しなかったけど

280ななしのよっしん2017/04/24(月) 09:35:06 ID:F67IHJg4zR
>>279
自分が267でそれとなく妄想した、でも民話だからなぁって感じで全く根拠ないけど
サンドスター、海を恐れる、火に近づく、宇宙から来た
この４つの要素を持っているからどうかなぁって思ってる

星砂の浜を要約すると、ある二つの星が地球で子供を生む目的で降りてきたけど
生む場所の海を管理する龍宮神が自分の縄張りで勝手な事したから怒って海の
大蛇に子供を全部食い殺させた、星砂はその龍の体から出た死骸
それを憐れんだある神が亡骸を香炉にくべて昇天させ干しに戻した
その場所が沖縄、アプリ版でのリュウキュウチホー
まぁ妄想だけど、火や太陽の光に近づくのは帰りたいのかなぁって思った

281ななしのよっしん2017/04/24(月) 22:56:49 ID:K7s6A4ifKB
セルリアンが明かりを求めるのはそれが文字通り「輝き」だからじゃないか？
生物が捕食することで生きていくように、フレンズやセルリアンは「輝き」を摂取して生きているのだと思う。
ただフレンズとセルリアンの関係は現実の生物と非生物と同じようなもので、
セルリアンは「輝き」に反応し、それを得ることで成長する結晶のようなものだが、
フレンズは輝きを得ることで新たな「輝き」を生み出すことができる、ということかなぁ
そう考えるとサーバルのもつ「輝き」とかセーバルとかも説明がつくし

282ななしのよっしん2017/04/24(月) 23:52:44 ID:lmAPPfDkDX
地球の生物が炭素を循環させて成り立つシステムであるのと同様に
フレンズとセルリアンたちはサンドスターの循環で成り立つ生態系を作っているのかもしれない

283ななしのよっしん2017/04/28(金) 00:36:35 ID:gx0LOoJagd
巨大黒セルリアンに既視感あってずっと気になってたんだけど、ようやくわかったわ
アップルシードの多脚砲台思い出してたんだおれ

284ななしのよっしん2017/04/28(金) 02:00:49 ID:iSq6K8d4Mg
┌(┌(◉)┐
↑このAAからリダイレクトされて若干ゃ草

285ななしのよっしん2017/04/28(金) 08:24:02 ID:P4hrht1XDh
「夢に出てくるセルリアン」？？？
「高速で空を飛ぶセルリアン」アプリ版の翼竜型？
「フレンズ型のセルリアン」セーバルちゃん以外にも存在する？
「新種のセルリアン」┌(┌(◉)┐←コイツ

うーん深い

286ななしのよっしん2017/04/28(金) 18:50:18 ID:ClM5lQdco5
>>sm31091782
sm31091782

287ななしのよっしん2017/04/28(金) 21:30:41 ID:FxFmFICAfI
┌(┌(◉)┐

288ななしのよっしん2017/04/29(土) 01:10:48 ID:JmmZWTxxjG
>>285
アプリ版に夢を見せるセルリアンが登場している。

289ななしのよっしん2017/04/29(土) 02:16:05 ID:udJlJoBP0q
オオサンショウウオとか藻を体内に取り込んで光合成する動物もいるからサンドスターやセルリアンは輝き合成をする性質を持つ生物なのかも知れない。
ただ動物の身体を丸ごと作り替えるとなるとミトコンドリア的な細胞に入り込む性質や有孔生物みたいに外殻を作る性質も考えられるかな。

290ななしのよっしん2017/04/29(土) 09:33:04 ID:P4hrht1XDh
>>288
ロッジアリツカで見た幽霊がミライさんのホログラムとそいつの2種類という仮説が出来たな

291ななしのよっしん2017/04/29(土) 09:37:30 ID:P4hrht1XDh
「夢に出てくるセルリアン」夢を見せるセルリアン？またはロッジアリツカの幽霊？
「高速で空を飛ぶセルリアン」アプリ版の翼竜型？または火山にあった爆撃機型セルリアン？
「フレンズ型のセルリアン」セーバルちゃん以外にも存在する？
「新種のセルリアン」┌(┌(◉)┐←コイツ

新しい仮説をとるならこうなるんだよなぁ

292ななしのよっしん2017/04/29(土) 14:11:34 ID:ZUKKZg7aDk
カコ博士が言っていた、セルリアンのダークハンター（仮）は「進化ではない」とはどういう意味なんだろう…？

セルリアンに襲われて、一時期昏睡状態になっていたカコ博士だからこそ、わかることがあるんだろうか？

293ななしのよっしん2017/04/29(土) 14:25:40 ID:NHFgPSF+tn
本質的な部分が変わっていないとか？
ちょっと妙な例え方をするとExcelの入力式は変化せず代入値の変化で対処しているとか

294ななしのよっしん2017/04/29(土) 15:38:11 ID:yG56xuvFjn
進化と言うと突然変異とそこからの自然選択
その2つを通過しない……つまり人為選択ならば進化ではないとも言える

急にあの人きな臭くなってきたんですけど

295ななしのよっしん2017/04/29(土) 15:41:37 ID:uaQEkP/Tos
アプリ版での「進化」という言葉の使われ方は
「輝きから様々な特性を獲得する」ってぐらいの意味だからなぁ

296ななしのよっしん2017/04/29(土) 20:10:21 ID:P4hrht1XDh
セルリアンに関する仮説(おさらい)置いとくのだ！

「夢に出てくるセルリアン」ロッジアリツカの幽霊はアプリ版の夢を見せるセルリアンの見せた悪夢とミライさんのホログラムの2種類がある？
「高速で空を飛ぶセルリアン」アプリ版の翼竜型？または火山にあった爆撃機を模したセルリアン？
「フレンズ型のセルリアン」セーバルちゃん以外にも存在する？
「新種のセルリアン」┌(┌(◉)┐←コイツやボス級セルリアンの存在

アライさんはパークのためならどこまででも考察するのだ！

297ななしのよっしん2017/04/29(土) 21:00:32 ID:P4hrht1XDh
このスレ見返して分かったこと
セルリアンはかばんちゃんを狙っているんじゃないかな？
アプリ版のもそうだけどセルリアンクイーンになる条件は人間かヒトのフレンズから輝きを奪うことだと思う

298ななしのよっしん2017/04/29(土) 22:54:00 ID:NLsTCf6N13
分かってたといえば分かってた事なんだけど、
「クルーや」アニマルガールが被害に遭ってたんだね
サンドスターを保有しない（と思われる）人間にもセルリアンは襲い掛かってたってことだよね
襲い掛かる対象は余り定めてないのかな？

299ななしのよっしん2017/04/30(日) 01:50:33 ID:udJlJoBP0q
>>292
進化(退化)以外で性質が変化するとなると
「成長」「変体」「擬態」「合体」「分裂」「吸収」「排質」「寄生」「伝導」「別物」のどれかなのかな。
かばんちゃんが島にいたときは見なかったから、ヒトのパーク引き上げの原因？
「別物」だとすると、人工物から生まれたとか黒リアンの進化体でヒトのセルリアンに対する恐怖を吸収した対ヒト用の兵器とか？

300ななしのよっしん2017/04/30(日) 17:51:29 ID:Oe00vJipl9
>>298
アプリ版ではセルリアンが奪うのは生物やものの持つ輝き、言葉や感情のような形のないプラスのイメージ。当然人も持っているものなので人にも襲い掛かる。

301ななしのよっしん2017/04/30(日) 18:27:01 ID:A8nfd0KH22
「作中のセルリアンの扱い見てると「これが現実の人間と獣の距離感だよな」って思い知らされる
集団で作戦を立てて「群れとしての強さ」を見せるフレンズは、まるで人間の狩りを見てるみたいだった
フレンズが「ヒト化した獣」なら、セルリアンは「獣化した無機物」って感じ

ドキュメンタリーでも、自然の過酷さや生存競争の残酷さを入れてこそ、動物の懸命さや美しさが引き立つし、
彼らが無感情な汚れ役を引き受けてくれたから、フレンズが対立しない脚本でもメリハリがついたんだと思う
社会的にのけものってのは否定できないけど、物語上は無くてはならないポジションだったと思う」
っていう書き込みをみてね、なんかね、ほら、なんか考えすぎとも思えないかなみたいなね

302ななしのよっしん2017/04/30(日) 18:52:28 ID:nBJq6TLZqw
2巻のセルリアンのあたり読んでて
今気付いたんだけど
アプリ版の女王セルリアンって
人の顔だったんだね・・・
ずっと顔だけ馬のデザインだと思ってた
馬の鼻の穴に見えてたのは 
ただのスライム状の服？だったのね・・・

303ななしのよっしん2017/04/30(日) 20:52:18 ID:pj4xRM0FRv
もう何回か話に出てそうだけど
どこかで見たことあるかと思ったらアレだ
惑星のさみだれの敵に似てる

304ななしのよっしん2017/05/01(月) 01:52:13 ID:ZFwYdvjsNI
前から思ってたんだけど、アニメ版世界でも女王事件に相当する事が過去に起こったんだよね？
以下は考察以下の妄想なんだけど、アニメ版はアプリ版主人公とお守りが存在せず、
女王事件にて”特別”が女王に渡る前に、清めの塩でセーバルちゃんを消滅させてしまった
世界線なんじゃないだろうか？

終盤の”奇跡”が起こらずに女王と戦い、”特別”を”奪い”返した（もしくは失われた）せいでセルリアンが、
”輝き”やサンドスターを”奪う”事に特化してしまい、人やアニマルガールを見境なく、より機械的に襲うようになり、
さらにサンドスターそのものを変質させて”奪った”り、無機物の形質を”奪って”コピーするに至ったんじゃないかな

パークそのものも、以前の輝きを取り戻せなくなり、守護けもの達の力が弱まった結果セルリアンを止められずに
パークを放棄するまでに至ったとか

305ななしのよっしん2017/05/01(月) 02:03:46 ID:ZFwYdvjsNI
（続き）
飽く迄もタイリクオオカミちゃんの噂話で、長い間の伝聞で内容が歪められた可能性もあるけど、
ちゃんとアニマルガール＝フレンズになったセーバルちゃんを『自分をフレンズだと思ってるセルリアン』
として扱うのは作中的にもメタ的にも気持ちよくないし、奇跡が起こらず本当にセルリアン止まりなら、
一応辻褄は合ってる…かな？

駄文スマン

306ななしのよっしん2017/05/01(月) 02:54:16 ID:zOaq6L5N3A
地下迷宮の出入り口塞いでた溶岩、あれはセルリアンだったものと仮定するとして
考察ではスプリンクラー等を利用して倒したのではないかっていう説が上がってるけど
実は単純に通れなくなって力尽きた可能性があるんじゃないだろうか。
地下まで追い込んだフレンズを捕食したところまでは良かったけど、
サンドスターを取り込んで肥大化したせいで外に出られなくなって、最期まで脱出しようとしてたから出入り口を塞ぐ形になってたとか…
フェネックの発言からして「通常の活動だけでサンドスターは消耗される」みたいだし、リカオンの「サンドスターの供給が追いつかなくて自滅する」という発言は実際にそういうケースがあったという可能性が高い

307ななしのよっしん2017/05/01(月) 03:01:13 ID:zOaq6L5N3A
>>306 途中送信しちゃったので連レス失礼
明らかに環境・気候が大きく異なる「ちほー」が隣り合わせに存在できているのはサンドスターのおかげってボスが説明してたから
サンドスター自体は大気中にも存在しているとすると、地下迷宮に居た場合その大気中のサンドスターすら禄に浴びる事が出来ないかもしれないし、なおさら寿命が縮まったのかも

これは推測に推測を重ねちゃってアミメキリンじみてるだろうか

308ななしのよっしん2017/05/01(月) 07:21:48 ID:QLjtpqBhqL
本体が水に使って溶岩になると破片も全部なるらしいから
どっか別のところで本体がやられたんじゃないか

309ななしのよっしん2017/05/01(月) 11:39:36 ID:udJlJoBP0q
12話でキンシコウは黒セルリアンが水に弱いことを知らなかったし、11話で普通に撃破したときは溶岩に戻らなかった(粉々になったのかもしれないけど)から、前回はハンター達がフレンズ達を守りつつ自滅を待った、と考えられるかも。
遺跡の溶岩は自滅ってのは自分もそう思う。

もしかしたら正しい自然への対処をすればセルリアンは自然に戻るとか？
溶岩のセルリアンならひたすら消えるのを待つか海水に浸すか、みたいに。

もうひとつの可能性として犠牲になったフレンズが水を使って黒セルリアンを倒していたという場合も有るけど。

310ななしのよっしん2017/05/02(火) 00:28:35 ID:9XaLEZ0w+A
セルリアンは自然災害みたいなもんだから自滅かもね

知能の高いヒトでもセルリアンに勝ててないってことを考えるとますます自然災害って言葉がしっくり来る

311ななしのよっしん2017/05/02(火) 09:20:31 ID:QLjtpqBhqL
普通のセルリアンは自滅するんだろうけど
黒セルリアンは四神フィルターないといくらでもロウ呼び出して
供給受け続けて自滅しないし水にもよらないし

312ななしのよっしん2017/05/03(水) 04:42:11 ID:udJlJoBP0q
増えすぎて供給が追い付かなくなったか、火山活動が収まったからサンドスターロウの排出が無くなったとか？

ヒグマが「変形する可能性がある」とか言ってたけど状況によって「分裂」「変形」「巨大化」を使い分けてるのだろうか？

少なくともサンドスターロウ供給ストップ後は分裂していないように思える、分裂で小さくなって石を狙われないようにだろうか？

313ななしのよっしん2017/05/03(水) 20:18:46 ID:BUTCPEvQg8
サーバルとほとんど変わらないんだけどなんか感動する
>>sm31143232
sm31143232

314ななしのよっしん2017/05/03(水) 21:20:56 ID:CPedQD0mJZ
セーバルは一応スライム娘？　に入るのかな

315ななしのよっしん2017/05/03(水) 21:40:30 ID:zOaq6L5N3A
>>308
なるほど、確かにその可能性もあるね。
でも一箇所だけじゃなくて二箇所も溶岩で出口が塞がってるのが気になるんだよね…

>>312
サンドスターローの供給止まったあともバス攻撃するときに体の破片は飛ばしてるから、一定のサイズまでは小さくなることを許容してるのかも？
でも11話冒頭の破片と違って自立稼働しなかったな。自分から切り離した時と攻撃で剥がれた時で違うんだろうか

316ななしのよっしん2017/05/04(木) 17:17:14 ID:NJP5ftU217
アプリ版でクルルが「パークの外に出ればフレンズ化が解ける」「またパークに貼ればこの姿だ」って言ってるけど、
セルリアンがパークの外に出た場合に関しての言及は今の所ないよね。
アプリ版でセルリアンにパークセントラルを乗っ取られるなんて判り易い危機に瀕してるのに、
転送技術を持つケロロ小隊以外が近代兵器を投入しないのは、
「セルリアンの無機物への同化能力によって痛い目を見たから」だと予想。

・半確定情報として
「フレンズはパーク内の動物や遺物にサンドスターが運よく当たって生まれる」
「フレンズはパークの境界(多分全て海上)外では元の姿に戻ってしまう、泳げない個体はそれまで」
「フレンズ化が解け元の姿になってもパーク内に戻れば再フレンズ化できるが抜け落ちた記憶は戻らない」
「ツチノコや博士が『絶滅した』と思い込める程度に、パークの外からヒトの気配がしない」
「1話の青小セルリアンや地下迷宮の赤セルリアン、雪山の雪崩セルリアンなどは少なくとも高く中空を飛べない」
「11話の黒いセルリアン(非飛行・歩行型)でも走光性走熱性がある個体なら、
　沖に灯台でも建てれば簡単に殲滅可能と思われるが、特に対策が取られた形跡も無い」
「1話の青い触手セルリアンは特に理由もなく『浮いていた』」

・個人的な予想として、
「セルリアンもパーク内の無機物にサンドスターローが当たって生まれる、パーク外では生まれない」
「一度セルリアン化した無機物は二度と元の無機物に戻る事は無い、境界外へも事も無く脱出可能」
「境界外でもサンドスターローかそれに酷似した物質の供給があれば分裂などで強化及び増殖可能」

ここからは全て憶測。
・パーク内で過去に生まれた『浮ける、飛べるセルリアン』は全て島外にむかった。
・11話の爆撃機はセルリアン化する前にフラップなどが壊れ地面に深く突き刺さったので、
　セルリアンの浮かぶ程度の力では持ち上げられなかった？
・爆撃機が1機で作戦行動を行う事は考えにくく、墜落機体以外はセルリアンに乗っ取られた？
・パーク内に墜落爆撃機以外の近代兵器が見当たらないのはフレンズがセルリアンとして退治したから？
・放射性物質は「光る」、人間がその光を見たら最後、てゆうか生物全般がアウト、
　でも元が無機物であるセルリアンとっては無害で、しかも組成がサンドスターローに似ていて、
　サンドスターローの代わりに使えるものだったとしたら？

317ななしのよっしん2017/05/06(土) 00:42:03 ID:O24eoZNQBS
関連項目にこれ入れてもいいかも→┌(┌(◉)┐

318ななしのよっしん2017/05/06(土) 00:50:37 ID:sQynEOty4c
けものはいてものけものはいない(但しセルリアンとつけものは除く)
二期ではセーバルちゃんがライバルとして現れ、激闘の末に「セルリアン！お前もまさしく強敵-フレンズ-だった！」となる展開を所望する。
ただしつけもの、テメーはダメだ

319ななしのよっしん2017/05/06(土) 11:44:48 ID:udJlJoBP0q
アプリ版だと普通のセルリアンが"トクベツ"な輝きを奪うと特殊な変化を起こすんだよね。

カコ博士は絶滅動物の再生や保存への意欲と別れへの怖れを取られた→全てのフレンズの情報や思い出の輝きを自分のモノにしようとするセルリアンクイーンが誕生。

サーバルは病院の中からセントラルパークの遊園地を見て憧れていた気持ちを取られた→セルリアン達を癒し、セルハーモニーのキーとなる
セーバルが誕生。

だから同じような存在なんだけど、結局機械的な存在だったクイーンに対してセーバルはジャパリまんを食べたりサーバルとトモダチになったり最終的にフレンズ化までした。

そうなると、変化したセルリアンは自然現象にせよ特別な想いが原因にせよ、根本原因に向き合う事でフレンズ化や自然に戻る事が出来るという事なのかな？

320ななしのよっしん2017/05/07(日) 03:02:12 ID:iSq6K8d4Mg
オオカミさんが言ってたフレンズ型のセルリアンって本人に自覚が無くて姿かたちもフレンズなら別に問題ないんじゃって思ってしまった

321ななしのよっしん2017/05/08(月) 04:31:53 ID:Oe00vJipl9
>>319
セーバルのフレンズ化に関してはこの世の奇跡ギュッと詰め込んだレベルの奇跡×１０くらいの奇跡だから、セルリアンのフレンズ化は基本無理と考えた方がいいよ。

322ななしのよっしん2017/05/08(月) 04:47:19 ID:IumPTrW1x3
>>320
だがセルリアンはフレンズの持つサンドスターを食らうっぽいからなあ
汝セルリアンなりやが始まってしまう

323ななしのよっしん2017/05/09(火) 02:20:30 ID:udJlJoBP0q
アニメ版ではパークから消え去ったヒトもセルリアンもサンドスターが再生させてるんだから、サンドスター的には結局両方必要なモノだったのかも知れない。

ヒトやセルリアンが居なくなる
→フレンズ達がサンドスターを枯渇させる
→セルリアンを増やしてサンドスターを回収
→セルリアンが増殖してパークが荒れ果て、サンドスターロウが溜まる
→ヒトを復活させてパークを再興する
→フレンズ達がサンドスターを枯渇…

繁栄、滅亡、再興の終わり無きエンドレスワルツも長ーい眼でみれば生態系なのかも知れない。そして宇宙の心はかばんちゃん。

324ななしのよっしん2017/05/09(火) 14:58:21 ID:F2++zJ+v5z
そういう考え方もできるから、セルリアンの「のけもの」扱いは極めて拙速かつ短絡的ではないかと思うね。ノリでそう言いたくなるのも分かるが。

325ななしのよっしん2017/05/11(木) 00:13:56 ID:lmAPPfDkDX
語感がいいからつい使ってしまうけど
作中「セルリアンの女王」が「クイーン」と呼称されたことはない
ないのだ

326ななしのよっしん2017/05/11(木) 07:41:45 ID:P0ewx0MpT8
アプリ版はフレンズの真似だったり登場の仕方だったりでコミカルな一面も目立った（私もそういう部分も好き）が、
一方で女王やかつてのセーバルを筆頭に、「信頼すること」を奪ったオオカミハウスのセルリアンや、
植物と同じように種から芽を経て成長し、やる気を奪うハナリアンとか、
内部からパークが崩壊しかねないような割とヤバいやつもいたんだよな……

アプリ世界とアニメ世界との繋がり具合はまだまだ不明瞭だけど（個人的には並行世界だと思ってる）、
もし完全に繋がってる世界だとしたら、セルリアンの変質とかも気になるよね

327ななしのよっしん2017/05/12(金) 21:21:19 ID:BeOrwu8FBX
ガイドブック2巻には、セルリアンについてなかなかおもしろい資料が載ってるけど、
やっぱり核心は書かれていない。

吉崎先生の語ったように、食性と生殖機能を失ったアニマルガールたちを戻して
絶滅を守る仕組みなんだろうけど、デザイン的にアニメ版とアプリ版は時若干設定違う気がするんだよなぁ
やっぱり女王のせいなのか？

328ななしのよっしん2017/05/12(金) 22:53:38 ID:DrPe0Y66Av
「許すな」「万死に値する」「誰もお前を愛さない」とかヘイト発言飛ばしまくってるけど、その可能性はかなり薄いとはいえセルリアン＝マモノ＝ゲシュタルトというヨコオ氏の狂気展開ならお前らの熱い掌返しが始まるんだよね？

329ななしのよっしん2017/05/12(金) 23:25:27 ID:Tm+aXOwa+w
セルリアンとは、 
サンドスターが生み出した悪夢。
覚めることのない悪夢。
…セルリアンとは… 

―回収されたボスレコーダーより―

330ななしのよっしん2017/05/13(土) 01:57:29 ID:udJlJoBP0q
セルリアンクイーンもボスもやってる事は違うけど願いみたいなのは共通してるしねぇ
ボス「我々 ラッキービーストは 保存し 再現する   永遠に」
ボス「失なわれた 輝き あの頃   ・・・・
会いたい 会える 再現 偽り それでも。」

331ななしのよっしん2017/05/15(月) 19:30:06 ID:c2YaZBxBXb
>>329
バイド化やめーや

って最後www

332削除しました削除しました ID:22oERupUui
削除しました

333ななしのよっしん2017/05/16(火) 00:56:42 ID:lmAPPfDkDX
パークの守護神である四神獣たちのアプリ版での言動を見てると
あの方々どうもセルリアンもまたパークの一部と認識してるくさいんだよな
そもそも四神自身がセルリアンとしての姿も持ってるってのがさらに疑惑を強める
別にパークが（人間視点で）壊滅してなお手を出さないのは
フレンズが優勢だろうとセルリアンが優勢だろうと
そんなのは一時の変化にすぎないくらいに思ってるのでは

334ななしのよっしん2017/05/16(火) 12:51:26 ID:eG+Pa86yFu
ttp://kaigai-matome.net/archives/35571495.html
じゃぱりまんとセルリアンみたい

335ななしのよっしん2017/05/16(火) 19:43:05 ID:udJlJoBP0q
>>333
アニメ版ではサンドスターロウ以外の全てのサンドスターは四神フィルターを通っているからね、フレンズも気候もセルリアンも四神が作ってるのかも、サンドスターロウを大自然の恵みや脅威に変えているんじゃないかな？

予想としては
本来フレンズ→セルリアンの流れで浄化(フィルタリング)されて空から降るはずのサンドスターが、ヒトがセルリアンをパッカーンし過ぎてサンドスターロウとして地下に溜まって噴き出してきた
蓋をしたら大爆発してしまうのでちょっとずつフィルタリングしながら本来の循環に戻るのを待っている、とか？

336ななしのよっしん2017/05/17(水) 20:16:51 ID:EVjQew0Ajn
アニメのセルリアン見てると子供のころになんかのアニメで見た、「体が溶けて目玉しか残らない宇宙病」思い出す。

337ななしのよっしん2017/05/18(木) 00:48:32 ID:ZbOF3fX0KO
サンドスターテラフォーミングシステムに賛同する身としては
サンドスターによる原生生物の変異化を駆除する白血球・リンパ球みたいな存在なのでは、と思う。

システム上、サンドスター影響圏内からはフレンズと一緒で出られないと考えると
地球外からか、あるいは地球に落下してきた隕石なのかはわからないが
一定のサンドスター効果範囲とセルリアン・フレンズの活動許容範囲を設定する何かが宇宙か地中に存在するはず。

ボスを作れる人類がそれを未だ処理しきれてない段階でとてつもなくヤバいけどねえ。

338ななしのよっしん2017/05/18(木) 20:32:41 ID:c2YaZBxBXb
サンドスターロウは溶岩に特異的反応して
黒セルリアンになるっぽいイメージだが、
サンドスターロウをゴジラのソフビとかに当てたら
ゴジラのフレンズが顕現するイメージが拭えない。

339ななしのよっしん2017/05/19(金) 08:43:50 ID:J24u2Slk8X
よしざきおにいさんがゴジラのフレンズ描いてたの思い出した

340ななしのよっしん2017/05/19(金) 12:39:59 ID:J24u2Slk8X
>>333
蜘蛛の巣にとらわれて捕食される蝶を見て「かわいそう」とかいう芸能人に対して
「そうは言っても蜘蛛にも生活があるし蝶にばっかり肩入れするのもな」って感じるのと同じ感じかな
セルリアンにも生活があるしアニマルガールにばっかり肩入れするのもな

341ななしのよっしん2017/05/24(水) 07:02:58 ID:Ja3tYqOFpu
そもそも生物なのか？
意識があるようにも見える無機物なのか？

342ななしのよっしん2017/05/24(水) 19:58:00 ID:udJlJoBP0q
アプリ版のセルリアンは宇宙から来た生命体と書かれてたけど、アニメ版のセルリアンはそもそも何なのか判らんのだよね
性質が同じなだけで別物な可能性すらある
セルリアンが単なる侵略者なのか、サンドスターの性質の一つで自然の循環の一部分なのか

343名無しのよっしん2017/05/27(土) 21:32:53 ID:YfkLPIQ7g2
「これは最初からフレンズとセルリアンの戦争などでは無い。
セルリアンにとっては現在も、そして未来もまた、その全てが彼らの計算による、モデル試算でもあり、追認試験に過ぎないからだ。
ならば、我々は、その試算を満たしてやればいい。
いつまでセルリアンの予想を超えられていられるかは分からない、だがその間は戦いは終わることはない。フレンズは生き残ることが出来る。
以上をもって情報軍団解析部司令ミライからの最終報告を終わる。」

「自らの生きる時間を戦いで支払い続けること、それが答えよ」

344ななしのよっしん2017/06/02(金) 04:43:12 ID:iIXki4U2RP
アプリ版のセルリアンはサンドスターに引き寄せられた宇宙生物でいかにも侵略者だけど、アニメ版ではセルリアンは完全に自然の一部に組み込まれてるよねぇ
動物がフレンズになる事に対して、無機物がセルリアンになる事でバランスを取っている感じさえある

もしかしてサーバルがミライさんを「宇宙人みたい」って言った意味って
ヒトも昔セルリアンみたいにジャパリパークを襲ってサンドスターを得ようとしたけれど、サンドスターに敗北(？)して地球に住むようになったという事なんじゃない？動物達を他の宇宙生物から守るという条件で…

345ななしのよっしん2017/06/02(金) 07:16:33 ID:MWLqutlS4M
>>342
ガイドブックだと女王の存在も触れられているけど、閉園したパークやフレンズでなくなった
アードウルフと同じくセルリアンも衰退しちゃったのかもな
アプリであれだけ進化できたのは人とフレンズの多種多様な輝きがあったからこそだし
今のセルリアンは生きるためにサンドスターを奪うだけのけものでしかないのだろうか

346ななしのよっしん2017/06/03(土) 03:41:37 ID:iIXki4U2RP
アードウルフを呑み込んだと思われるゲートセルリアンの噛みつきや
黒セルリアンが１１話でサーバルを呑み込んでる間脚が長くなっていたり、かばんちゃんを呑み込んだ後、ジャパリ松明を手で持っている事からしてコピー能力はまだ有るっぽいけどね
女王やヒトが居ないから統率する者も居なくてヒトの知識も食べられないので衰退したのかな

347ななしのよっしん2017/06/07(水) 02:31:42 ID:gkkVNRMM8w
フレンズの異様な頑丈さや事故でフレンズ化が解除されるという事から、おそらくサンドスターは生命への重大なダメージに対して身代わりのような働きをするものであると考えられるけど、そうなるとサンドスターを吸収したい黒セルリアンの攻撃が妙にぬるいのはわざとなのか？とも思えてしまう。

この仮説に立って考えると、ヒトが退去せざるを得ない程であったのはフレンズではない存在相手だとそういった手加減が一切なかったからなのかもしれない。

348ななしのよっしん2017/06/09(金) 19:02:43 ID:Hm97QDRATc
最後は独立したセーバルがシュバルツ兄さんなら、女王がデビルガンダム。他はデスアーミーや分身体のDG細胞が形になったようなもんか？

ひたすら他の吸収と増殖を繰り返すあたりやっぱりデビルガンダム臭いなｗ

349ななしのよっしん2017/06/10(土) 00:15:57 ID:r5n8JJT+pp
ぶっちゃけアプリ版とアニメ版のセルリアンって名前以外共通点ないよね

実はアニメセルリアンはセルリアンに対抗するためにサンドスターによって生み出された兵器だったのです！
なんらかの理由でフレンズをセルリアンと誤認しているのです！
ということをトップを狙え2を見てて思いついた

350ななしのよっしん2017/06/10(土) 07:22:48 ID:iIXki4U2RP
アプリの大型セルリアンって恐竜モチーフが多いんだよね、そしてアニメの大型セルリアンは通行ゲートとBigdogでヒトの作った機械モチーフっぽい
　
アニメでは２体しか出てこなかったから何とも言えないけど、セルリアンが恐竜時代に一回地球にやって来ていて、その当時の地上の支配者である恐竜を真似ていて、そして今度は地球の新たな支配者であるヒトと機械を真似たのかも
　
ただ恐竜の記憶なんて化石やヒトやサンドスターの記憶からも読み取れそうだし、アニメのセルリアンが機械モチーフという確証も無いけど…むしろ黒セルリアンに関しては恐竜っぽいし(巨大化も含めて)

351ななしのよっしん2017/06/11(日) 17:04:24 ID:iW0dINnVjb
いかなきゃ、いかなきゃ、いかなきゃ
でも、いきたくないな

352ななしのよっしん2017/06/18(日) 08:33:19 ID:oUk6pHnbCa
>>342(無言のエアゾルボム投下) そういやジャムもコピー能力持ってたな

353ななしのよっしん2017/06/18(日) 08:36:38 ID:oUk6pHnbCa
>>352は>>343宛てね

354ななしのよっしん2017/06/18(日) 11:18:50 ID:EtTERBxWzU
俺脳内ではアプリ版の凝ったデザインのセルリアンは女王の影響を受けた亜種で、アニメ版の雑なセルリアンは原種では説が濃厚。
“輝き”を奪って再生……とかしないし。

355ななしのよっしん2017/06/19(月) 05:42:07 ID:YxEh3Fp+ip
>>im6801759
im6801759
極楽浄土を踊りそうな舞台版

356ななしのよっしん2017/06/20(火) 14:03:09 ID:wIgHo/IXD4
>>sm31424482
sm31424482
極楽浄土を踊った舞台版

357ななしのよっしん2017/06/21(水) 16:28:29 ID:nfG+VJ+QNE
┌(┌(◉)┐から転送されました。

358ななしのよっしん2017/06/22(木) 19:15:43 ID:MWLqutlS4M
>>350
恐竜に近くなったのは絶滅動物の研究家だった
カコ博士の記憶も影響していそうではあるな

359ななしのよっしん2017/06/24(土) 23:16:11 ID:fYAFfUAa6w
セルリアンのぬいぐるみがあったら欲しい。
出来ればまんまるのヤツ。
何故かかわいいと思えるセルリアン(*´∀｀*)

360ななしのよっしん2017/06/25(日) 10:33:00 ID:rWwNfFJMOJ
セーバル、きっと少し可愛くなった！ほんとだよ。

361ななしのよっしん2017/06/29(木) 02:42:39 ID:Fx5LjnzWkx
ボスは別に願いってほどでもないと思う
憧憬はあるかもしれないけど、四巻の情報的にボスは基本未来を見てる
ボスが頑張ってるのは失われた過去を取り戻す為じゃないよ

362何処某2017/07/03(月) 01:10:47 ID:i1sTyUBB/Q
>>im6804145
im6804145
セルミミズクは流石に公式には出てこないか

363ななしのよっしん2017/07/03(月) 23:46:47 ID:Oe00vJipl9
>>362
セーバルの前例から、ワシミミズクを中心として発生した「けもハーモニー」の輝きをワシミミズクから奪えば、ワシミミズク型のセルリアンは出来るはず。

この時点で恐ろしい程低確率なのに、そこからセーバルのようにフレンズ化することを考えるとさらに低確率に・・・

364ななしのよっしん2017/07/05(水) 02:08:32 ID:IT5eP11csr
セルリアンがフレンズを襲うことに関してだが、
やっぱり輝き云々はアプリと共通していると思う
サンドスターごと奪うか否かがアプリ版との違いなんじゃないかな
描写外で食べているのかもしれないけど、
ただサンドスターを食べるだけなら火口付近の塊を食べればいいはずだし、
フレンズから奪うことに意味があるんだと思う

365サターン崇拝2017/07/05(水) 16:07:54 ID:Kvdj6OXGOK
セルリアン＝イルミナティ

366ななしのよっしん2017/07/05(水) 20:23:37 ID:V+/NexSxNu
元々が「目の前に輝きがあれば奪わずにはいられない、我慢の出来ない子供」だとして
プレイヤーの強化があったアプリと違ってアニメのアニマルガールは戦意や戦闘力（≠身体能力）低めっぽいから、結果的にセルリアンを甘やかす事になって「輝きが欲しい」というワガママに拍車がかかる
それによって凶暴性がエスカレートし、自信や才能といった「輝き」どころかサンドスターというアニマルガールにとっての存在の源自体を奪うようになったのではないかと

つまりアプリの何処かのほほんとしたセルリアンと根幹的なものはあまり変わってない説

367ななしのよっしん2017/07/05(水) 22:05:25 ID:iIXki4U2RP
セルリアンの正体が溶岩で火山から出てくる事を考えるとセルリアンの弱点の石は鉱石かな？
黒セルリアンの脚や火山の山頂が結晶化していたりするし、色は…黒セルリアンがキンバーライトとか青セルリアンがアズライトとか？
　
フレンズ化はサンドスターのマグマが動物に当たってヒト型の宝石に結晶化したからとか？
サンドスターロー→マグマ(輝きが混沌としている姿)
セルリアン→加工されていない鉱石(輝きを生めない)
フレンズ→宝石(動物の生命力でヒト型に結晶化した)
　
オパールやアンモライトが虹色に輝くのは生物由来の成分が入っているからだそうで、これがいわゆる「かばんちゃん玉」の由来ではないだろうか？
セルリアンに食べられると元の動物に戻るのは、マグマが宝石を再結晶化させて生まれ変わらせるという性質に準えているのかも

368ななしのよっしん2017/07/09(日) 01:36:33 ID:9fnWAk6a+x
>>367
オパールもアンモライトも虹色と生物由来の成分とは無関係だよ。オパールに至ってはそもそも生物由来の成分は無い

369ななしのよっしん2017/07/09(日) 10:20:56 ID:GKu8ymH6NT
黒セルリアンは元溶岩のセルリアンだったけど
他のセルリアンも元溶岩とは限らないんじゃね？
サンドスターが無機物と反応してセルリアンになるならその無機物は溶岩のみ対象ではないだろう

370ななしのよっしん2017/07/10(月) 00:34:46 ID:V8k34jSCgb
>>369
そう言われてみるとゆきやまちほーのセルリアンとか雪のセルリアンに見える
大量に高所から雪崩落ちる様が雪崩みたいだし
もしかしたら過熱すると水になるかも……？

371ななしのよっしん2017/07/15(土) 19:22:26 ID:lmAPPfDkDX
ところでセーバルのキャラクターとしての単独記事化は必要ないのでしょうか
他のフレンズのような解説や語りが行いにくい状況な気がしなくもありません

372ななしのよっしん2017/07/16(日) 00:56:18 ID:P0ewx0MpT8
>>371
女王ともども、語る場という意味でも個別記事は作っても良いと思う。というか、作りたい。
……のだが、ある意味存在がネタバレみたいなアレだし、だいぶ記事の中身について迷うことになりそうでｗ
とりあえず今言えることはセーバルは存在自体がもう非常に尊い。

アプリでは輝きを得るためにヒトをも襲ってたセルリアン、アニメだと……と書こうと思ったらかばんちゃんの存在を忘れてた
多分サンドスターそのものが主な対象なんだろうけど、「サンドスターブーストがかかった知能」という輝きを奪ったと言えなくもない……？

373ななしのよっしん2017/07/24(月) 16:22:01 ID:XWV0YhJMsE
溶岩がセルリアン化したとすると考えようによっては対応楽になってるのよね
モノホンの噴火だと力や技でどうにかできるものじゃないし

374ななしのよっしん2017/07/25(火) 19:50:34 ID:BUTCPEvQg8
進化したきっかけはアホっぽいけどアプリで一番感動するキャラだし
アニメの無機質型とは一線を画するという意味でも個別記事は欲しいなぁ

375ななしのよっしん2017/07/27(木) 00:08:58 ID:HxHH+h5RYV
原作のアプリ版でサーバルちゃん担当してた野中藍をサプライズ登場させる為に
あの10話のホログラムだからな…
CV変わった事で動揺したファン救済カッコよすぎだし
粋な計らい出来る監督
たつきおにいさんがアプリ版やってた視聴者へガンガンネタ仕込んでるのはガチだと思うよ
なのでアニメ版サーバルちゃん＝セーバル説が出たことには嬉々としてるのでは？
勿論そうじゃなくてもいいし、そうじゃないとも思うけど
そういう一説が作られる事を嫌がる人じゃないってたつき監督考察

そちらに持って行かれると困るなーって事なら
しれっとそうじゃないヒントはつぶやくと思うからね
今の所、説を一蹴するつぶやきは無し

二期でアプリ版の設定や演出ドバドバ入れて来たら笑う

376ななしのよっしん2017/07/30(日) 03:29:41 ID:HA7wV7q/Td
既出ならごめん、思いつき
アニメ12話で、戦闘がなくてもかばん助かってた説

（仮定）
・黒セルリアンから救出されたかばんは、毛ではなくヒトに戻った
・ハカセはこれを「本来（元）の姿」としている
→「ある動物の一部から生まれたフレンズが、セルリアンにより元に戻ると、その動物の全身を持つ」と仮定

このとき、フレンズが戦わなくてもかばんが自動排出されて助かっていた？

（反例）
・黒セルリアンの消化が海に到着する前に終わらなかった場合→海に漬かり溶岩になってしまったセルリアンの中にかばんが閉じ込められる
・ヒトの姿で戻るための条件（時間など）があった場合→自然排出だと毛に戻るかもしれない

377ななしのよっしん2017/08/01(火) 20:33:18 ID:IeRDQUYo9s
うーん。じゃあヒトのフレンズであるかばんちゃんはセルリアンに対して無敵ってことなのか？
いやでも、旧アプリだとカコ博士が女王によって危険な状態に陥ったことから考えると、黒セルリアンの体中で
ヒトのフレンズ→虹玉→ヒトの変化が完了していたら相当マズかったはず。
だから劇中で虹玉状態のかばんちゃんが救出され、すぐヒトになったのはホントにギリギリだったことを表しているんだと思う。

378ななしのよっしん2017/08/01(火) 21:10:07 ID:8dingKm+ti
「元動物に戻る」のが致命的ではなくても
いきなり捕まえられて長時間意識不明で閉じ込められて
安全な場所に排出される保障もないってかなり嫌な状態だし
無敵とは言い難い気がする

379ななしのよっしん2017/08/01(火) 21:19:59 ID:8dingKm+ti
あとヒトのフレンズからヒトに戻った場合
セルリアン側から見てそのヒトが邪魔なら吸収する価値も無いから
あっさり踏み潰すんじゃないか？
まあ攻撃も妨害もしなけりゃわざわざ追いかけてくることはなさそうだけど
進路上の建物とかは破壊されるだろし

380削除しました削除しました ID:8clQbZ6wgW
削除しました

381ななしのよっしん2017/08/15(火) 09:59:07 ID:RFF1nSPc44
産まれたばかりのかばんちゃんは全身ほぼけものプラズムで出来てたけどじゃぱりマンとか食べて物理肉体の比率が高くなったからセルリアンに呑まれても毛に戻らなかった、って勝手に解釈してる

382ななしのよっしん2017/08/19(土) 01:25:33 ID:MWLqutlS4M
>>377
かばんちゃんそっくりのクイーンが、フレンズさんたちを守りたい…
だから皆さんの輝きををセルリアンに保存させて下さいと言ってくるのか

383ななしのよっしん2017/08/25(金) 15:57:10 ID:9DqMSE8JF8
コンセプトアートの設定見るとゲッターのインベーダーレベルのおぞましい存在すぎる

384ななしのよっしん2017/08/26(土) 04:14:19 ID:Z1y5hvL8LH
コンセプト展の設定がそのままアニメに残っているとすると人類絶滅寸前なのも納得だし
かばんちゃんがフィルター貼り直ししなかったらジャパリパークどころか地球終了してたんだね…

385ななしのよっしん2017/08/26(土) 11:44:40 ID:9XKcCqgVg8
現地行ってないからよくわかってないんだが
結局セルリウムってなんで発生したんやろ
アプリ版とかのサンドスター（宇宙）が火山に入ってマグマに接触したせいだ、ってネット上で見かけるが……

あとなんか、アプリ版二部になるかもしれなかった話として「黒セルリアン襲撃事件」ってのがあったらしいね
女王事件→黒セルリアン襲撃事件→セルリアン大噴火（アニメで言及された例の異変）
みたいな流れらしいが

386ななしのよっしん2017/08/26(土) 18:17:35 ID:aQjLBZbYUv
>>383
フレンズとセルリアンはサンドスターを起源とする同種族なのだ、そうだねスティンガーくん

387ななしのよっしん2017/08/28(月) 09:11:11 ID:I41OUd/Pgu
サンドスターによってもたらされる恩恵と一部を知的生命体(アニマルガール)に変化させる事によってその星の種に文明へのきっかけと変化をもたらし(飴)
ロウによって負荷と基準以下の存在に選別をかける事で更なる変化と成長をもたらす(鞭)
そして期限に近い星にはセルリアン大量発生による生命体の危機という試練を課すことで強制的に成長もしくは変革をもたらす

つまりサンドスターは「下等生物」を進化させることにより真に自分達と同等の目線で語れる領域にある生命体(=友人達つまり”フレンズ”)を創り出そうとする何らかの(適当)高次元生命体の尖兵…わたしにはすべておみとおしよ！！

388ななしのよっしん2017/08/28(月) 11:15:49 ID:r3bpoYYwuS
ゲッター線かな？

389ななしのよっしん2017/08/28(月) 19:04:25 ID:uGivb3VjXH
サ ン ド ス タ ー vs ゲ ッ タ ー 線

390ななしのよっしん2017/08/28(月) 23:25:43 ID:URnSBbjRHT
なんとなくだけど人類はセルリアン戦争に敗北したということだよな
石壊したら倒せるのに追い込まれているのは過去に現代兵器に対応できるほどのセルリアンが複数存在して戦争に勝利した後は弱体化していったが
カバンの出現により再び強力なセルリアンが出てきた・・・なんて

391ななしのよっしん2017/09/05(火) 06:11:55 ID:Hm97QDRATc
なんかキングダムハーツシリーズのハートレスっぽいが、セーバルみたいな特異固体や女王は強い心の持ち主が食われた時だけ生まれるノーバディみたいだよな。

392ななしのよっしん2017/09/05(火) 09:17:49 ID:yG56xuvFjn
もしかしたらけもフレ世界の大絶滅のいくつかはセルリウムが原因なのかもしれない
隕石か噴火の二択みたいなとこあるし

393ななしのよっしん2017/09/05(火) 09:25:41 ID:F4X+EsR6GN
>>390
ぶっちゃけセルリアンはジャパリパークにしかいないと思うぞ
ヒトの絶滅とかはあくまで雰囲気つくりとか演出の問題だから

394ななしのよっしん2017/09/06(水) 03:18:27 ID:0ONcWUv+6t
空を埋め尽くす爆撃機セルリアンの群れがセルニウム落としてセルリアンが産まれる
海を渡る戦艦セルリアンの砲撃が着弾し人工物を侵食しセルリアン化する
けもハーモニーが届かないどこかでそんな出来事が繰り返された日には

395ななしのよっしん2017/09/06(水) 19:06:57 ID:ZUKKZg7aDk
>>393
どうかな…？
フレンズはサンドスターの影響下だけでしかいられないけど、それはセルリアンにも該当するかは不明だし。
あくまで言葉の綾かもしれないけど、吉崎先生の言っていたかばんちゃんが「地球最後の一人」というのも…

396ななしのよっしん2017/09/07(木) 08:28:25 ID:9XKcCqgVg8
>>395
言葉を正しく広めないのはよくないよ
ガイドブック六巻の吉崎先生の記述は
「作劇的に人類最後の一人」だよ、前後の文章的にも「人に管理されていないパークとフレンズ」を演出したいので、作中に登場する人は主人公一人だけにしようって意味合いだと思われるよ

397ななしのよっしん2017/09/07(木) 11:01:17 ID:ZUKKZg7aDk
>>396
だから言葉の綾って言ってますがな。

398ななしのよっしん2017/09/08(金) 00:20:54 ID:9XKcCqgVg8
>>397
俺も間違ってたや「作劇的に地球最後の一人にしました」だね
意図的に「作劇的に」を抜かすと意味がまるっきり違ってくるからそれはよろしくないかなぁ……特に吉崎先生が言っていた、ってつけて吉崎先生の言葉自体を一部削って違う意味にとれるように出すのはそれは捏造ととられかねないから気を付けた方がいいよ

で、言葉の綾ってのは自分の言ったことが盛りすぎてたり間違ってたりしてそれを突っ込まれた時に誤魔化す為の言葉なんで、最初から前置きとして使うのは間違った用法

399ななしのよっしん2017/09/08(金) 17:47:54 ID:Fn8NXx0sLg
セルリウム(負の生命物質？)は、高温高圧下では他の物質と反応せず特徴である「性質のコピー」も行わない。また、セルリウムは溶岩に含まれている(これが「太古から」なのか「アプリ時代直前」なのか不明)。
BD6の図からすると、サンドスター火山は「本来溶岩があるはずの場所」がセルリウムに埋め尽くされている。
より純度の高いセルリアンは「黒」で、コピー能力や巨大化などの変化的性質をより強く残している。色鮮やかに『劣化』するとそれらの能力を喪失していき、最終的に自壊(パッカーン)する。

という事を前提に妄想してみる。
黒は『色の三原色』を全て混ぜた色=あらゆる可能性を内包
だが、それだけでは『何者にもなれるが何者でもない』状態であり、空っぽのHDDのようなもの。
虹色に劣化したものは『輝き(性質情報)』をHDDに詰め込んでいるため変化に乏しいが、情報量は過密になっている。
そしてHDD情報が溢れると自壊してサンドスターになるが、これは「正の生命物質(アンチ・セルリウム)」と言える状態になっており、周囲の動物やそれに類する情報を元に「再現・再構築」を行いフレンズ化する。
セルリアンはより高度な情報を求めており、自壊するためにアンチ・セルリウムの塊とも言えるフレンズを積極的に捕食しようとする。

自分は、既に地殻以下の溶岩はセルリウムになってて、全世界的にセルリウム大噴火したんじゃないかなぁと…(最初はパークで起きたとして。)

まぁ、この妄想は「じゃあ何でフレンズは強制的に人間型の女の子？」という答えにまともな回答ができない(HDDフォーマットに女性の情報があるなら、最初からセルリアンが女性化しているはず)ので、説としての価値のないただの妄言なんですけどね…

400ななしのよっしん2017/09/09(土) 22:15:00 ID:nQZ50qvb2U
ダークハンターについてどこかで考察したり語ったりしてないの…？

401ななしのよっしん2017/09/10(日) 17:14:23 ID:AoPvfUuNpp
なにそれ

402ななしのよっしん2017/09/10(日) 17:24:26 ID:P0ewx0MpT8
>>401
ガイドブックに載ってた第2世代セルリアンの1体だね

アレ自身にもヤバい事が描いてあるけどGBやらコンセプト展やらも総合すると、
セルリアンの体色が黒い＝反命物質が濃いということだから、そのあたりは関係しそうだよね

作中としてはセルリアン完全体共々アプリ版の第2部かどこかで出す予定だったんじゃないかなーという気がする。ツノセルとミミセルは一応出番あったし

403ななしのよっしん2017/09/13(水) 20:21:44 ID:MWLqutlS4M
>>399
アプリではサンドスターによる絶滅動物の復活は、カコさんの
影響ではないかというミライさんの希望的観測があった
つまり美少女化するのもカコさんがサンドスターに願ったせいに違いない！（キリン並みの推理）

404ななしのよっしん2017/09/18(月) 14:13:18 ID:QxbXGm/3oe
なんだかんだで地球外生命体にも精霊の類にも見えない
「〇〇〇〇社製の軟体型汎用ドローン」的な物に見えるのは野暮な見方だろうか

405ななしのよっしん2017/09/19(火) 21:05:14 ID:CGHR4yXcsN
セルリアンの死骸からサンドスターが生まれ、サンドスターによって動物がフレンズ化し、そしてセルリアンが輝きを奪う
まどマギか何か？

406ななしのよっしん2017/09/20(水) 22:27:17 ID:Fn8NXx0sLg
まどマギだと、魔女の前に魔法少女がいるじゃないか。
最初にセルリアンがいる前提で考えると、真逆じゃないかな？
(艦これの深海棲艦と艦むすの関係のほうが近いかも。艦むすはフレンズ化と違って人工的かつ故意だけど)

しかし、セルリアンに「人間女性の要素」が全く無いのに、フレンズ化は「人間女性に情報源の動物要素を上乗せする」んだよなあぁ。
セルリアンの並列処理能力を考慮して、最初に人間女性(もしかして：カコ)を取り込んだせいでデータベースの根幹に人間女性が入り込んだと仮定しても、それならセルリアンが女性型じゃない理由が上手くつけられないんだよな…
(妙にノリや空気が読めるアプリセルリアンは、行動に人間臭さがないとはいえないけど…)

助けて考察班！気になって夜しか眠れないよ！

407ななしのよっしん2017/09/24(日) 00:44:35 ID:9XKcCqgVg8
ガイドブックのケース裏には毎回それぞれのエピソードに絡んだ二つのＱ＆Ａがあるんじゃが
最終巻のＱ＆Ａの片方が何故かそれだけ他と口調を変えてですます調になって超意味深なんだけど、内容が
サンドスターはいろんな時代、場所に現れてその時によって呼び方が違うけれど、必ず「セルリアン」と「フレンズ」を生み出す、って言われているので
もし人間の女性が取り込まれたから～みたいな話だとするなら、それはジャパリパークよりもっと大昔のどこかで、ってことだろうね

408ななしのよっしん2017/09/25(月) 00:41:39 ID:Z3zww1RbCN
フレンズとセルリアンの関係は炎の十字架に似てる
最近のでわかりやすく言うとドクターライダーとバグスター

409ななしのよっしん2017/09/25(月) 21:29:16 ID:gGKa7IcyOW
まさか本社がセルリアンになるとは・・・
→監督を食って二期をコピーする

410ななしのよっしん2017/09/26(火) 01:57:57 ID:2U67xk7PGu
>>409
なお劣化コピーになるもよう

411ななしのよっしん2017/09/27(水) 07:14:40 ID:aUsXIh6Mzg
《モノや生物から"輝き"を奪い、"形"をコピーする》という性質を持つ。『輝き』とは言葉や感情や絆といった、形を持たないプラスイメージのモノのこと。『輝き』を奪われた生物は最悪昏睡状態に陥ることもあり、無生物や場所が輝きを奪われれば魅力のないつまらないモノへと変質してしまう。

ああ…そうか

412ななしのよっしん2017/09/27(水) 07:18:09 ID:6H8T3c0A99
劇中のセルリアンの特性はKADOKAWAの暴虐を示していたのか

413ななしのよっしん2017/09/28(木) 20:44:59 ID:7ORqYoJSRA
俺達のたつき監督を干す原因のセルリアンが原作原案の吉崎観音だったとはな
シリアスものも吃驚の黒幕ですわこりゃ

414ななしのよっしん2017/09/28(木) 20:50:15 ID:8dingKm+ti
どう見てもデマ記事だろあれは…

415ななしのよっしん2017/09/29(金) 11:46:02 ID:fNJhSlBWQu
むしろ信者がセルリアン化してけもフレを壊滅に追いやってるからな

416ななしのよっしん2017/09/29(金) 12:02:40 ID:KOH/3CNHwF
ここまで厄介に思われてるアニメファンは過去にいないレベルだもんな

417ななしのよっしん2017/09/29(金) 12:04:37 ID:GQg6Lfonal
ファンを厄介者に変えるKADOKAWAの手腕流石だなー
評価できないなー

418ななしのよっしん2017/09/30(土) 17:36:38 ID:KCZ6PFMeck
>>417
こうやって何の反省も成長もせずのうのうと生きて行くんやろな
角川もお前も

419ななしのよっしん2017/10/01(日) 18:08:48 ID:iqmT3a8Tt+
火をつけた側が「火をつけられたのは相手に落ち度がある」と言って恥にも感じない風潮
ネットはこの先何年たっても成長しないんだろうなぁ・・・

420ななしのよっしん2017/10/08(日) 18:07:58 ID:NBNMbLv8a7
セルリアンには「モノや生物から"輝き"を奪い、"形"をコピーする」って性質があるんだよね？
つまり
ＫＡＤＯＫＡＷＡ（セルリアン）が生物（たつき監督）から輝き（けもふれ）を奪って形をコピーする（二期制作）
ってこと？

421ななしのよっしん2017/10/09(月) 04:52:40 ID:KRy51zxeSs
>>420
ＫＡＤＯＫＡＷＡ（セルリアン）が生物（たつき監督）から輝き（けもふれ）を奪って形をコピーする（二期制作）
ってこと？

二期製作というより二次創作のレヴェル

422ななしのよっしん2017/10/09(月) 05:22:18 ID:/HrFttw5iG
信者がセルリアン化してけもフレを壊滅に追いやってるとかここまで厄介に思われてるアニメファンは過去にいないレベルとか言ってるのは流石にただの馬鹿

そもそも今回ファンが起こした行動って、精々が掲示板の炎上や電凸、後は動画投稿者の何人かが変な事やってたくらいしか知らんのやけど

423ななしのよっしん2017/10/09(月) 06:08:12 ID:WZ3EtZGvBo
言葉が通じるか否かが大事だと思った。コミュニケーションが取れるからセーバルと仲良くなれた。サーバルちゃんはきっと最初はセルリアンとも仲良くなろうとしたんだろうな。

仮にも言葉が通じる人間を気に入らないからとセルリアン扱いするのきらい。アンチもフレンズとか言ってなかったっけ

424ななしのよっしん2017/10/10(火) 08:35:47 ID:KCZ6PFMeck
>>422
実際電凸まで起こすような連中ってそういないしな
片っ端から業者認定したり原作者叩いたり
ここまでの例は過去に類を見ないだろ

425ななしのよっしん2017/10/12(木) 21:02:26 ID:23kvjJHldZ
実はかばんちゃんは天皇家の血を引く末裔で、サーバルがその王家に長く仕えた聖獣。セルリアンは我々人類が支配する現代社会そのもの。

426ななしのよっしん2017/10/19(木) 11:52:22 ID:7jtK1P4dib
「カレーの鳥」という言葉を生みだした5歳児、
今度は「いいこのセルリアン」なるものを生み出す（?）

427ななしのよっしん2017/10/19(木) 12:01:06 ID:GOQsEBKIQc
スプリンクラー（セルリアン避け）

428ななしのよっしん2017/10/26(木) 13:38:52 ID:YPJJdkoZIe
>>425
そういう不敬な書き込みはやめたら？
不快に思う人がいるよ

429ななしのよっしん2017/12/07(木) 07:40:47 ID:uWEr6hItKb
セルリアンは言ってみれば本能のままに動いてる肉食動物みたいなもんでそこに悪意はないよ

430ななしのよっしん2018/01/03(水) 15:23:34 ID:qX/w7WOBba
>>425
まんまキリスト教の主とイエスの関係がみんみ教にあてはまってんじゃねーか

431ななしのよっしん2018/01/04(木) 12:25:36 ID:YPJJdkoZIe
セルリアン(アンチ)が最近大暴れしていてイライラする
やっつけてくれよ　あいつら

432ななしのよっしん2018/01/04(木) 15:02:49 ID:+qAPSZ+1EH
気に入らない・利にならないものはセルリアン　のけもの　そこに自分は入らないと思っている
今ののけものフレンズによく合った発言ですね

433ななしのよっしん2018/01/19(金) 23:16:26 ID:HcS9+swsSM
セルリアンは災害由来(雪山や迷路)、微生物由来(アプリ版)、兵器由来(黒セルリアン)と多数種類が有るのでは。
ミジンコやミドリムシ、アメーバーが由来で情報のやり取りが接触に限られるものは食う(情報の取り込み)、食われる(身動きが出来ないストレスで気力を根こそぎ持って行かれる)でコミュを取り、セルリアンとか言われているけど待てと言われて待つぐらいだし、フレンズの一種だったりして。
兵器由来、災害由来のものはサンドスターを吸収してフレンズ化を解く。兵器由来は能動的に奪いに行き、災害由来は不定期に発生、巻き込む事は有っても発生場所付近から基本的に動かないとか。

434ななしのよっしん2018/01/22(月) 23:43:50 ID:2Ph44Z3CBs
>>423
一番厄介なのはアンチじゃなくて自分達の方でしたってオチだな

435　2018/01/28(日) 14:10:24 ID:Cd2Gc+ORdL
セリアン(野性動物)
セリアンスロープ(獣人)
ルナリアン(星を継ぐものに出てくる「月由来の人」の意)

ここらへん？

436ななしのよっしん2018/01/29(月) 14:48:51 ID:ikkzyhK11S
サイルリアン？(ドクターフー並感)

437ななしのよっしん2018/03/28(水) 00:11:06 ID:uHjtbA3EfK
>>423
>サーバルちゃんはきっと最初はセルリアンとも仲良くなろうとしたんだろうな。
そのセルリアンとも仲良くなろうとしたサーバルちゃんはあくまでアプリ版のサーバルちゃんであってアニメのとは別個体なんだよな

438ななしのよっしん2018/04/03(火) 08:24:29 ID:Hm97QDRATc
仮にセーバルみたいな自意識持った個体がたくさんいたり、意思がある上級固体がいるなら分かり当てたかも知れんが、黒幕でさえ、しゃべるがプログラムや本能に従って行動してるだけだたからな・・・

439ななしのよっしん2018/04/04(水) 21:27:53 ID:HcS9+swsSM
閉鎖環境だと殺し合いを避け共同生活が出来、基本的に増殖がサンドスター頼りのフレンズが望ましい。解放空間だと殺し合う事になっても雌雄がいて環境が許す限り増殖する本来の動物の方が望ましい。
アニメ版の世界を地球環境の極端な悪化でサンドスターの影響下のジャパリパーク以外の地域で動物が住めなくなり、長い年月を経てパークの外の環境が生息可能まで回復、セルリアンが動物本来の姿に戻す為に発生と妄想を膨らませてみた。

440ななしのよっしん2018/06/20(水) 11:22:54 ID:mEO9XfbMxz
セルリアン(やフレンズ)ってサンドスターが輝きを効率よく収集する為に生まれたんじゃないの？セルリアンが単に無機質や微生物とかから生まれたから機械的に本能的に動いてるだけで、フレンズは知性上がってるからサンドスターの本能認識できてない。

441ななしのよっしん2018/06/26(火) 10:06:29 ID:kdkvieX6Pl
>>423
悪意ある連中を受け入れでも害にしかならないからしかたにゃいね

442ななしのよっしん2018/09/08(土) 17:30:07 ID:KCZ6PFMeck
あれだけどんちゃん騒ぎしてたけもフレファン()が他でもないセルリアンだったってのはほんと草
優しい世界を求める人間ほど心は荒んでるって事だな…

443ななしのよっしん2018/09/17(月) 09:38:56 ID:wYYWaFuNY1
ヒトの中にフレンズやセルリアンの軍事利用を目論む者が現れても別におかしい話では無いよね。
フレンズはともかく、セルリアンの方はヒトも良心を痛ませず無慈悲に兵器利用を目的とした
研究や改造とか出来そうだし。

444ななしのよっしん2018/09/17(月) 22:15:39 ID:XvWST/Q0dv
そもそもセルリアンがジャパリパークやフレンズに反感を持つ勢力が送り込んだ兵器にしか思えん
動物に粒子浴びせてハイ美少女化、食事はジャパリまんでOKなんてやってる世界ならあの程度の無人機なんて造作もないだろう

445ななしのよっしん2018/10/25(木) 16:05:30 ID:b57wr+rwVq
ハナリアンが一番おそろしいセルリアンだと思う生態的に

446ななしのよっしん2018/10/31(水) 18:19:14 ID:uHjtbA3EfK
>>444
まあジャパリパークやフレンズの存在が万人に無条件に受け入れられるとは限らないしね

あとフレンズ自体、博士や助手の様にPPPライブの設営したり船を作ったりと言った文化やある程度の開発力を持っている事は窺えるし、更にヒトとコミュニケーション可能でヒトの姿をしつつ動物の能力も使う事が出来る上に身体能力は車両を軽々と持ち上げ何mもジャンプ可能とヒトはおろか元の動物を遥かに凌駕している
唯一、同じエリアで同種別個体が生まれ難い為、一エリアにつきフレンズの個体数は多くないけど、フレンズの個体数が増えてジャパリパークの外に進出出来る様になったら（出る為のデバイスはあるけど、サンドスターが切れるまでという活動時間制限あり）、ヒトに取って代わる存在になる可能性は大いにある（ネアンデルタール人に対するクロマニヨン人の様に）
セルリアンはフレンズが増え過ぎないように、人類に取って代わらないようにする為にするための存在なんじゃないかと思う
アプリ版は人類視点でもヤバイ代物っぽいけど、アニメ1期のセルリアンはセルリアンに喰われても救出が早ければフレンズとして活動可能、手遅れになっても元の動物に戻るだけ（消滅する可能性があると言われているが、元の動物に戻るだけで実例は確認されない）
セルリアンにフレンズが喰い尽されても美少女動物園が只の無人の動物園になるだけで、定期的に火山からサンドスターが噴火するからまたフレンズになる
その繰り返しでジャパリパークは成り立ってたんじゃなかろうか

447ななしのよっしん2019/01/15(火) 10:48:30 ID:Ncwu6x6KXx
2のセルリアンには弱点の石の存在が見当たらないが、
外見は一つ目かつ以前の黒いセルリアンのような物体を模倣した形態をしている
今のところはアニメ一期とアプリ版のセルリアンを足して2で割った感じだろうか

結構でかくて足がいかにも凶悪そうだっただけに妙に打たれ弱いのが不思議だ
もっと強力な個体はどうなってしまうのだろうか･･･

448ななしのよっしん2019/01/16(水) 00:20:14 ID:QIDRCz491B
2の1話に登場した3体はみんなカメラを意識したデザインだったな

449ななしのよっしん2019/01/17(木) 19:51:00 ID:gGBNA2VV2K
手作業で絵を描くキュルルと自動で動画や写真を撮るカメラのセルリアン

450削除しました削除しました ID:0qCeCwTmj9
削除しました

451削除しました削除しました ID:qX/w7WOBba
削除しました

452削除しました削除しました ID:63weTzv2Pd
削除しました

453削除しました削除しました ID:0qCeCwTmj9
削除しました

454ななしのよっしん2019/02/09(土) 20:28:26 ID:ZlCQ1p9+nn
他人に不快感を与えるのは1回の書き込みで十分だ

455ななしのよっしん2019/02/12(火) 21:22:30 ID:6BTwmJZ36K
>>447
2の漫画版だと最初に襲ってきたセルリアン2匹には弱点の石が描かれていて
サーバルたちもそこを攻撃してる描写がある
一方モノレールで襲ってきたビデオカメラみたいなセルリアンには石っぽいものはなかった

456削除しました削除しました ID:K7lgQu0Klo
削除しました

457削除しました削除しました ID:qX/w7WOBba
削除しました

458削除しました削除しました ID:IorXhJG+ln
削除しました

459削除しました削除しました ID:bHRQ3E22Ok
削除しました

460ななしのよっしん2019/02/19(火) 17:49:38 ID:59iB16mW7X
2期のアンチならともかく1期のアンチってなんぞ？

461ななしのよっしん2019/02/24(日) 13:55:41 ID:wiGPqdIEvX
>>455
多分それは漫画版の1話と2話の間で2のセルリアンのデザインの情報が入ってきたからでは(メタ)　
二次創作する場合はどの作品のセルリアンが他の時空？世代？に出てきても特に問題ないんじゃないかとは思う(こだわる人もいるけど)

個人的にはNEXONアプリ版のセルリアンが一番すき

462ななしのよっしん2019/02/26(火) 10:02:43 ID:N5cOy9qHs/
セルリウムとサンドスターローが同時に存在すると仮定して…
セルリウムが１期でいう”石（弱点）”なのではなかろうか？
つまりセルリウムがサンドスターを吸収する事でサンドスターローを生成し
セルリウムを核としてサンドスターローで体を形成する（その時に周囲の何かを模倣する）。
サンドスターローの体はサンドスター由来の攻撃を軽減場合によっては無効化し
体内に捕らえればセルリウムのサンドスター吸収を補助する役割がある。
但し大気中のサンドスターを吸収するにはセルリウムが露出しなければならない為
そこが急所（石）になってしまう。但し生まれたばかりのセルリアンはどれ程巨大でも
サンドスターローの含有率が少なくセルリウム（弱点）が全身を覆っているも同然の状態である為
ワンパンで粉砕できる。
……とか考えたんだけどどう思う？

463ななしのよっしん2019/02/27(水) 09:53:07 ID:mk60g5vNhW
2のセルリアンが弱いのか2のサーバルが強すぎるのか

464ななしのよっしん2019/02/27(水) 10:35:35 ID:cVb7gZz4BP
旧アプリ版からの流れを踏まえて考えると単純に1期が異質だったように思える

465ななしのよっしん2019/03/01(金) 00:03:04 ID:5L2TWb9SAI
>>463
サーバルちゃんがかばんちゃんとの旅でレベルカンストor限界突破した可能性

466ななしのよっしん2019/03/03(日) 22:02:15 ID:3eF7C/qN8B
2期は1期の設定を踏まえようとしてる割に石の弱点完全無視で何がしたいのかよく分からない

467ななしのよっしん2019/03/05(火) 11:11:59 ID:59iB16mW7X
まず石の設定自体1期で唐突に出てきたものだしセルリアンの発生方法についても
1期→サンドスターが無機物に当たって誕生
2期(とアプリ版)→セルリウムがモノを模倣して誕生
とこれだけ差異がある
あえて共通点を挙げるとするならフレンズを襲うことくらいじゃないの？

468ななしのよっしん2019/03/07(木) 22:23:22 ID:C+OH3sanZ0
セルリアンの方が可愛く見えるけもフレ２

469ななしのよっしん2019/03/08(金) 00:35:40 ID:WUBQ6wQ7EC
2期8話のセルリアンさんは空気を読める良い子

