トリガー(エースコンバット) 2019-03-07/02:15 8

1：ななしのよっしん：2019/03/01(金) 22:59:41 ID:GdTlsiL7Oc
称賛したり罵倒したりまた称賛したり、周りの環境の手の平返しがすごい
そら忍耐強い性格じゃないとやってられませんわ

2：ななしのよっしん：2019/03/02(土) 01:03:56 ID:P3l5Q7F8h2
幾多のトリガーがファッキンゼイ指令をミッション開幕直後に屠ったとか

いやさ、機銃でちょっかいかけたらあんなあっさり逝く上にポイント付くとか爆笑する

3：ななしのよっしん：2019/03/02(土) 01:41:58 ID:Ze2kMYbEGe
俺も初回プレイ時に迷わずマッキンゼイ暗殺したが、まさか番犬にあんなこと言われるとは思ってなくて爆笑した

それにしてもハーリング誤射したときにだれにも庇ってもらえないのかわいそう。あれじゃメイジじゃなくてイジメだよ

4：ななしのよっしん：2019/03/02(土) 12:43:29 ID:drma9b3JyE
庇ってくれなかったのはクラウンが日和見主義だからだろうけど
しかし歴代主人公の中でも境遇の酷さは一二を争うな

5：ななしのよっしん：2019/03/02(土) 21:57:35 ID:gXOgT7wsSC
あの状況で下手にトリガーを擁護したらクラウンも軍法会議かけられて懲罰部隊送りだったかもしれん。たかが数回一緒に任務こなしただけの同僚のために人生棒に振りたくはない

6：ななしのよっしん：2019/03/03(日) 13:37:25 ID:iEH3WWJhE2
フルバンドの「二発撃ちこんだ」発言は伏線じゃないの？ ミサイル一発撃ったらムービーが出るから、もう一発は誰かが撃った可能性を示唆してるんじゃ…

7：ななしのよっしん：2019/03/03(日) 14:03:35 ID:gXOgT7wsSC
確かにハーリングの近くでミサイル撃つとヘリ被弾ムービーに入る。けど俺が勲章狙いで機銃オンリーでやってた時、時間が経ったら勝手にムービーに入った。トリガーがミサイル撃とうが撃たなかろうがハーリングのヘリにミサイルは着弾する模様

公式HPでジョルジュがハーリング殺しに関わってると書いてあったが、DLCで何か分かるのかも

8：ななしのよっしん：2019/03/03(日) 21:23:56 ID:P3l5Q7F8h2
ウィザードにソーサラーと来てメイジ、なんか有りそうだよなあ
トリガー君が例の3本線をエンブレムにしたのは明確な意思を感じてすごい好きだわ

んにしてもこの一年後にXとは温度差が激しい･･･A.L.Cとかナイアッドやらで

