ハミルトンネル 2019-03-06/13:39 93

1：ななしのよっしん：2008/09/11(木) 07:22:20 ID:oxBR3EjVzv
最難関のトンネルは３だと思うが？

2：執筆者：2008/09/12(金) 01:02:34 ID:uwPDq5E8m/
個人的に、３のジオフロントも難しいですが、段違い平行棒みたいな障害物が無かった分、ハミルトンネルのほうが難しいように思えました。

そして、トップクラスと表記したのには、どのトンネルが一番難しいと明言は出来ないからです。

3：ななしのよっしん：2008/09/12(金) 11:45:39 ID:JTFgwl0kr8
ハミルトンネルの動画ほしいなってことで
>>sm926023
sm926023

4：hourai：2008/12/29(月) 16:26:47 ID:l5ud3PU/Zx
市場の青函トンネルにワロタｗ

5：ニコ動猿ベージ：2009/01/31(土) 19:19:47 ID:/g3Y8+Y7o3
>>敵がそのトンネルの後ろから追撃し、罵倒してくるということは
罵倒ワロタｗｗｗ

6：ななしのよっしん：2009/04/06(月) 10:36:57 ID:P+OlIw6Dja
このトンネル歴代最長距離だし最難関だと思う。
後ろから追撃してくる奴とか平行棒とかシャッターが閉まって急がざるを得ないとか他にないし。

7：ななしのよっしん：2009/04/30(木) 12:30:09 ID:wDr5f5494P
平行棒の所は直前の敵に気がとられたり爆発で視界を塞がれるのがキツい。
ところで、バートレットと正面衝突した事ある人いる？
やろうと思ってもできないんだが

8：ななしのよっしん：2009/05/19(火) 18:53:27 ID:56pP5t801Q
>>6
お前AC3やったことないだろ？
ハミルトンネルのシャッターが閉まるのはゆっくりだし、難易度ACEでもハミルトンは大した攻撃してこないし、難関でもなんでもない。
3つある通り口のうち2つがいきなり閉まって通る場所を臨機応変に選択しなきゃいけない3のジオフロントの方が格段に難しい。

9：ななしのよっしん：2009/06/27(土) 01:27:53 ID:WIeA3l7C3V
ちなみに、スイスに建設中の「ゴッタルドベーストンネル」は
その長さとインパクトから「リアルハミルトンネル」と呼ばれてるらしい。

10：ななしのよっしん：2009/08/14(金) 16:48:36 ID:u+H+rrZoa5
初代エースコンバットの渓谷くぐりも判定がかなりシビアだった記憶あるな

11：ななしのよっしん：2009/08/24(月) 21:53:31 ID:BX6PLGK7ug
何が辛いって、段違い平行棒にぶつかるともう一度最初から、ってのが辛い。
やり慣れないうちは高射砲塔に耐久力を削られ、背後から迫ってくるハミルトン機に恐怖し、思い出したような障害物をかわし、
ネームド機？イエロー？え？と思ったら衝突してムービーからリトライ。せめてこのムービーだけでも飛ばせたら良かったのに……。

12：ななしのよっしん：2009/08/30(日) 20:46:34 ID:jTgcxC4p+G
何故ハミルトン単体の記事がないんだ……orz

13：ジャイアンタイガー：2009/09/01(火) 20:42:38 ID:4s1C4/QsSH
1番最初に届け出出しながら負ける滋賀1区。

14：ジャイアンタイガー：2009/09/01(火) 20:43:59 ID:4s1C4/QsSH
すみません。間違えました。

15：ななしのよっしん：2009/09/17(木) 01:01:35 ID:i9Rj41VVlG
>>8
確かにAC3のジオフロントの方が鬼だな
BGMも気持ち悪いし
参考動画：>>sm2318008
sm2318008

16：ななしのよっしん：2009/10/25(日) 02:18:49 ID:M9NrnlBWuh
３の場合５よりも画質が悪い（まあ、機種がPSとPS2なのだから当たり前だが）から間合いというか距離感が掴みにくいんだよね。

17：ななしのよっしん：2009/11/21(土) 20:47:21 ID:ouh6JhI40i
何度も墜ちまくってるへたれプレイヤーからすると、
ぴったりくっ付いてきて絶対にぶつからないラーズグリーズの面々やバートレット、ハミルトンは化け物としか思えない。

あと1つ思ったんだが、
一時期学んでいただけのハミルトンがトンネルをすいすい飛んでくるのに、その師匠たる8492は何で渓谷や坑道に入られたくらいで追うのを諦めたんだ？

18：ななしのよっしん：2009/11/22(日) 17:12:19 ID:5ihi0tvOWV
追うのを諦めたというよりあの島は地磁気でレーダーが効かないらしいし
おやじさんの飛行も特殊なものだったしどっちかと言うと見失ってたんじゃないか？



てかハミルトンネルに４機で飛び込む意味は…いやなんでもない

19：ななしのよっしん：2009/12/14(月) 10:24:03 ID:aDKvj7bC3X
トンネル攻略するまでに三日かかった
しかし三日後にはエースになっていた

20：ななしのよっしん：2010/01/02(土) 10:04:37 ID:2OrQHP9FjG
はじめてやったエスコンが5なんだけど
このトンネルはクソ難しかった…
すげー長いんだもん

21：ななしのよっしん：2010/02/05(金) 21:28:01 ID:hGEYFy0ZA3
AC5はここで詰んでるな

合唱シーン飛ばしたい……

22：ななしのよっしん：2010/02/28(日) 13:50:57 ID:Y5sbUBx+Hq
>>16
ちょっと暗いとどこに障害物があるのか分からなくなるしな
トンネルミッションで必要なのはテクニックじゃないと叩き込まれた>AC3

23：ななしのよっしん：2010/02/28(日) 23:37:25 ID:mRr4RC5SU+
本当に鬼畜なのは後半敵機撃墜→炎やら破片で視界が無くなる→障害物でﾃｨﾝ！ある程度ｴｽｺﾝには慣れてたけどこれには凹んだｗ

24：ななしのよっしん：2010/03/01(月) 01:20:47 ID:a4NB9vztoK
初プレイのトンネル2回目。
ハミルトンネルの最後？かな。
空が見えてやったー！と思ったらいきなり爆発した。
何事かと思ったら後の味方に追突されてた。
マジすか！
今日はもう寝るｗ

25：ななしのよっしん：2010/03/02(火) 02:42:38 ID:Y5sbUBx+Hq
そんなに難しくないんだが、ハミルトンネルは長いからな
トンネルミッションは短いほうが良いね
やり直しがしんどい

26：ななしのよっしん：2010/03/05(金) 18:10:58 ID:Nu4hTluNdq
>>17
トンネル戦闘機が入るだと?　　　普通の人⇒自殺行為だ、やめておこう
　　　　　　　　　　　　　　　ラーズグリーズやハミルトン⇒自殺行為だが……やってやる!!

要は、覚悟の差じゃないか?

27：ななしのよっしん：2010/03/23(火) 17:22:35 ID:AMpM/0urCM
記事にハミルトンネルが歴代トップクラスの難易度なんて書かれてるけど
3のトンネルの足元にも及ばない

28：ななしのよっしん：2010/03/24(水) 10:27:38 ID:/DwlhUFnHh
ハミルトンネルは長いけど、そんなに難しくなかった気がする
3の元凶トンネルはBGM共にいまだにトラウマ
何度フィーの「元凶め！」を聞いた事か……

29：ななしのよっしん：2010/04/10(土) 07:15:44 ID:ClToC5nTUH
ハミルトンネルは後半の障害物が難しい
敵機がきていったいどこをくぐりぬければいいのかわからない
難しいだけならいざしらず、墜落してしまったら
ハミルトンネル制圧前まで戻される

3のトンネルは言うほど難しくはない　そりゃ速度出したら難しいけどさ。

30：ななしのよっしん：2010/04/11(日) 11:58:48 ID:6szbZVrh9b
慣れればハミルトンネルもあんまり死ななくなるけど、
慣れるまでは10回以上死んだ気がする。

障害物の場所と逃げ道覚えればたいしたこと無いよ。
段違いは二つ目の下を落ち着いてくぐれば意外に余裕。

31：ななしのよっしん：2010/04/22(木) 01:20:34 ID:MkNBrmtJ+q
３の元凶トンネルも難しかったが、
ハミルトンネルだとハミルトンとか敵機が攻撃してくるのと
のんびり飛んでたらシャッターしまってあぼんがしんどい
それ以上にきついのが、落ちたら始めからやり直しなのが・・・・

32：ななしのよっしん：2010/05/03(月) 02:17:42 ID:8cLaC8M8pm
後、ネームド機の黄色もどきを倒すのが存外に難しい。XMAA無しだと難易度が爆上がりする。

33：ななしのよっしん：2010/05/31(月) 09:00:19 ID:xpqNq+WGZO
AC5ここで詰んでるよママン(´；ω；`)

34：ななしのよっしん：2010/07/03(土) 14:21:06 ID:5T1VbaqLwJ
ＺＥＲＯの地下突入は直後のラスボスを考慮した高速機でトライするから難しく感じる。
５のトンネルは距離が長いものの直線的だから楽といえば楽かも。

35：ななしのよっしん：2010/08/09(月) 21:23:09 ID:pxxZpSrfP4
>>33
ここまで来る能力があれば難しく無いと思うけどな

36：ななしのよっしん：2010/08/15(日) 17:53:58 ID:dudPQo3LFQ
3の信者はうるさいなあ

37：ななしのよっしん：2010/08/16(月) 20:39:22 ID:eswwP3Y/SM
いや、狭さならトップクラスだと思う
最初から最後まで只の管

38：ななしのよっしん：2010/08/20(金) 12:50:04 ID:ViqCXFv6c8
初見でいけたぞ・・・なんか、うわーってなってる内に終わった・・・

それよりZEROの方が難しいだろう角度付きで再突入って・・・

39：ななしのよっしん：2010/09/03(金) 23:41:53 ID:/6iBWLfML3
他と違ってハミルトンネルは初見でもうまくやればいけるし
みんなが難しいとかシリーズ最高難度って言うほどのこともない気がするよ
一番最初は後ろから来るのにちょっとびびるけど
オーバーシュートできるなら後ろから来るといってもそれほどあせることないしな

40：ななしのよっしん：2010/09/29(水) 22:02:50 ID:To03llZZYT
フリーミッションで遊んでる時、クリア判定と同時にトンネルの天井にぶつかったら、後ろでこっそりミッション失敗の音楽流れたんだけど。

41：ななしのよっしん：2010/10/10(日) 02:06:56 ID:UUFktXNn2Q
後ろから追撃してくるのは５だけみたいだけど
４で最終ミッションのメガリスの3本目のトンネルで敵機に追撃されたことあるわ
トンネル入ったのにすぐ近くに敵の反応があったからまさかと思ってカメラ後ろに向けたら黄色が一機ピッタリついてきてやがった

42：ななしのよっしん：2010/11/21(日) 10:34:00 ID:JmkPwkUtRw
なぜ関連商品に青函トンネルがwww

43：ななしのよっしん：2010/12/03(金) 02:20:08 ID:uTcw7v5E/Z
3好きだし全ルートクリアしたけどハミルトンネルと違ってトンネルで躓いた記憶はないんだよなぁ

44：ななしのよっしん：2011/01/28(金) 23:46:03 ID:km3LH6SGZC
AC6の連続トンネル（シャンデリアじゃないよ）も存分に嫌らしい敵配置で、意外と難易度高いと思うぜ。

45：ななしのよっしん：2011/02/14(月) 00:40:34 ID:KzPCWQwSkn
>>44
あれはイージーの方が難しくなる（地形に接触しても死なない救済処置のせいで）っていう稀有な例だよなｗ

46：ななしのよっしん：2011/05/23(月) 19:11:35 ID:k/fpR+1IGY
まどほむ祭りの予感

47：ななしのよっしん：2011/05/23(月) 19:26:14 ID:593D1fjC6T
そんなに難しくはないが最後の段違い平行棒だけは注意しないとな。
ハミルトンネルの何が一番強敵かって、リトライすると長いイベントシーンがあるミッション開始まで戻されるところだ。
最後の最後で平行棒にやられると泣ける。その意味では歴代最凶かと。
エースオブエイセスには関係ない話だろうが。

48：ななしのよっしん：2011/05/28(土) 20:08:24 ID:Y5sbUBx+Hq
このトンネルが凶悪な理由はただひとつ
トンネルミッション開始までが長いから
トンネルも長いけど、トンネル自体はそれほど難しくは無い

要するに心折設計だから忌み嫌われるんだ

49：ななしのよっしん：2011/05/29(日) 11:16:53 ID:kp1/ic0QMO
難易度って笑い的な意味かと思った
入るまでも入ってからもかなりめんどくさいけど難しいわけじゃない

50：ななしのよっしん：2011/10/22(土) 17:00:26 ID:4pKFaCHkaS
いや難しいから
簡単と言う奴はたいてい難易度ACEでプレイしてない

51：ななしのよっしん：2011/11/09(水) 17:52:58 ID:ooFllLta6Z
正直、3のトンネルの方が難しいだろ
平衡感覚無くなって来るからなアレ

52：削除しました：削除しました ID:7a0Icwzcgt
削除しました

53：ななしのよっしん：2012/03/30(金) 18:18:30 ID:391XyVTPNU
>>46にファルケンレーザーを照射！

54：ななしのよっしん：2012/04/25(水) 01:00:52 ID:zduNm7Svis
>>6 A-10のアヴェンジャーを食らってみたくはないか？

55：ななしのよっしん：2012/05/14(月) 23:00:58 ID:MxhGXL5q+K
3も5もやったことあるが、
3はそこまで難しくなかったような気がする
3のは複雑だが敵機いないからまだよかった
5は後ろのハミルトン・前の黄色もどき達や障害物やら難しくて仕方ない
ラストの上昇→平行になるカーブで落ちた時は絶望した

56：ななしのよっしん：2012/05/15(火) 02:13:20 ID:4pKFaCHkaS
3はグラフィック粗くて空間把握ができないのがね
初見じゃどっちに進んでいいか分からん

57：ななしのよっしん：2012/05/15(火) 15:08:47 ID:xdlTG/H2ob
初心者がただクリアしょうとしたら3の場合落ち着いて減速すれば問題はない。５は減速したらハミルトンの餌となるからある程度スピードを出さなきゃならない・・そりゃ初心者がクリアするのに時間がかかるわけね。
逆にSランクを取ろうとしたら高速で抜けないといけないわけね。5ではハミルトンは無意味でただの一本道となる。逆に３ではシャッターがランダムで高低差が異常に狭いルートを抜けないといけないし横と縦の柱もある3次元的なコントロールスキルが必要。
つまり初心者は5が難しくSランクを取ろうとしたら3が難しいわけね。

58：名無しぃ：2012/07/01(日) 17:32:00 ID:SGVNTtY41x
たしか3にはSランク自体無かったはず

59：ななしのよっしん：2012/07/08(日) 02:13:30 ID:xdlTG/H2ob
>>58
そうか
プレイしてみたけど確かにAランクで赤マスだったね。

60：ななしのよっしん：2012/08/19(日) 00:06:13 ID:TGtGxu45AK
３～zeroまでやったことがあるけど5のトンネルが一番心拍数が跳ね上がってミスりやすい理由は>>48が言ったとおり

61：ななしのよっしん：2012/11/22(木) 19:48:14 ID:zgWyp0v8z0
毎回トンネルの中でもスピード上げまくったからハミルトンが後ろから攻撃してくるの知らなかったｗｗ

62：ななしのよっしん：2013/01/28(月) 04:53:18 ID:Bi36YDI2xd
３の難易度は操作性ってのもあるよねＰＳだからＬ２Ｒ２がない
あとルートによっては機体が超ピーキー

63：ななしのよっしん：2013/01/28(月) 18:39:36 ID:Q1gehbjHp4
F1のルイス・ハミルトンに引っ掛けて、コースにトンネルのあるモナコGPの映像にACの方のハミちゃんの声を合わせる動画を昔見掛けたがもう削除されちゃったのかねぇ

64：ななしのよっしん：2013/02/25(月) 05:50:30 ID:5m07OukWpb
5が初ACだったけどここは三回くらいでクリアしちゃったな
と言うか決路の方がずっと苦労してた
洞窟後半の壁と通路の区別が付けられなくて何度死んだ事か……

65：ななしのよっしん：2013/04/07(日) 19:13:17 ID:zWGYcLvcP5
初見からしばらくは難なく通り抜けられてたのに、突然平行棒に引っかかるようになって何度も何度も平行棒でミスする体質になってしまった……
なんだろう、よけるのは簡単でも一度ハマると抜け出せなくなる罠みたいだ

66：ななしのよっしん：2013/08/19(月) 12:46:23 ID:7qROuvyp5I
AC5のトンネルはどこも一回目でクリアできたんだよなぁ

67：ななしのよっしん：2013/08/21(水) 09:57:01 ID:x96UpGMBoq
某Uターントンネルの方が鬼畜だと思う

68：ななしのよっしん：2014/02/21(金) 14:55:03 ID:HmgEtkiizE
>>67
Uターントンネルはただのネタだろ。減速してターンすれば余裕。

普段からのんびり飛ぶ奴は
AC1の速度固定、AC5のハミルトンが苦手で、
その逆でビュンビュン飛んでる奴は
ZEROの再突入、3DのUターンが苦手…ってことかな。
おれは前者だからZEROや3Dが難しいと感じたことない。

AC3はクリアするだけかタイムアタックかで難度が変わる。

69：ななしのよっしん：2014/05/22(木) 19:00:26 ID:WVsgjpOgJ1
ちょうど今やってるけど何がダルいって最初からやりなおしがダルい
トンネルに入ったとこからやり直しができればナァ……

70：ななしのよっしん：2015/06/13(土) 11:16:41 ID:8v91nIW9sT
ふとリプレイでトンネル侵入からずっと後ろを向いてたら
そこには元気にシャッターを貫通するアーチャーの姿が!

71：ななしのよっしん：2015/10/25(日) 13:44:56 ID:j1xxcVRwIR
ハミルトンネルは事前セーブが出来ないから一回諦めるとクッソ長い前半戦をもう一回しなきゃいけないってのも拍車をかけてると思う

72：ななしのよっしん：2015/12/06(日) 07:17:13 ID:6hn9J666Az
今やったらクリアできるかわからんけど
当時は楽にクリアできたから最難関とか言われてるのが不思議だ

73：ななしのよっしん：2015/12/06(日) 10:23:37 ID:bkSyfibqyl
楽にクリアできるかどうかは参考材料にならないだろ

74：ななしのよっしん：2016/02/01(月) 21:26:39 ID:1ssBWXU11U
ハミルトンネルは割と素直で段違い平行棒に引っかかった以外では全然苦戦しなかったなあ
3やZEROの角度つけなきゃいけなかったりどこが壁なのか把握しづらいトンネルの方が苦戦した

75：ななしのよっしん：2016/02/02(火) 06:17:13 ID:bkSyfibqyl
段違い平行棒に引っかかるのは『苦戦』じゃないんですかねえ？

76：ななしのよっしん：2016/02/24(水) 17:35:55 ID:DrJgg6tDUS
今やっても何回も失敗してやめたくなるけど...
最初の、彼らの歌声を聞いてもう一回やってやんぞっていう気持ちになれる。特に空中管制のは和む。

77：ななしのよっしん：2016/02/24(水) 17:49:47 ID:yNQ9lSExK7
>>74
３が難しいのは同意するが、ゼロよりはハミルトンネルの方がはるかに難しいぞ
ハミルトンの攻撃を受けないためには加速しなければならないって知るまでは撃墜されまくったな…

78：ななしのよっしん：2016/04/13(水) 01:26:09 ID:blWJiZ4hT9
シールド工法で掘った地下鉄乗ってると、ハミルトンネル思い出す。

79：ななしのよっしん：2016/05/01(日) 07:25:46 ID:5FDI+583te
>>sm28740702
sm28740702

これ、トンネル脱出と掛け声がどんぴしゃで笑えるwww

80：ななしのよっしん：2016/09/29(木) 00:24:53 ID:75u9pXZ8XQ
3の場合はトンネルよりもトンネル抜けた先が鬼畜難易度だった記憶が

81：ななしのよっしん：2016/12/04(日) 21:58:30 ID:K83eTIJVTq
やっぱりスターウォーズEP6を意識したのかねｗ

82：ななしのよっしん：2016/12/15(木) 21:14:37 ID:6hn9J666Az
>>80
あの狭いトンネル通った後だから多少手狭だけど
飛ぶ分にはそんな苦労しなかったが
初クリア後に戻るところでまたあのトンネル通るのかと思って一瞬真っ暗になった
何事もなくイベントで終わったから心底ほっとした

83：ななしのよっしん：2017/04/08(土) 19:19:43 ID:svw8JqPQ9A
ところでトンネル内でハミルトンが「ベルカの核で愚かな戦争を終らせる～」って言ってたけど、
ハミルトンの中ではどういう戦争になってて、どこに核使うつもりだったんだろう
「自分は正しいオーシア人で、友邦ベルカから供与された核で（大統領含む）ユークに寝返った軟弱な融和派とラーズグリーズを一網打尽にする」あたりかな

84：削除しました：削除しました ID:cICO8XCQTf
削除しました

85：ななしのよっしん：2017/04/09(日) 19:40:08 ID:svw8JqPQ9A
あれ、そうだっけ？
名前は英系だし元8492とかじゃなくて派遣将校（＝根っからのオーシア軍人？）だし恨み言はラーズグリーズとバートレットとユーク宛でオーシアは対象外と
てっきり出向中に念入りに「教育」されただけのオーシア人だと思ってたよ

86：ななしのよっしん：2017/10/02(月) 18:29:43 ID:TWgF+ufOhJ
10回目でやっとクリアしたわ
二度とやりたくねえな
さて、英語音声で二週目してくるか

87：ななしのよっしん：2018/08/31(金) 18:06:17 ID:AefmBdWBs8
難しいって人はわざわざロールしながら曲がってるんだろうな

88：ななしのよっしん：2018/08/31(金) 19:57:25 ID:65ilvXQ6n3
いや、難しいとこはそこじゃねえし

89：ななしのよっしん：2019/01/27(日) 03:34:26 ID:HmgEtkiizE
元凶トンネル
ハミルトンネル
カウントンネル ←new!

90：ななしのよっしん：2019/01/27(日) 13:48:54 ID:BciQwHp3FD
ケツに付かれるのがこんなにも頼もしいトンネルは無かったなカウントンネル

91：ななしのよっしん：2019/01/28(月) 12:50:19 ID:ghpqiwlJFL
7の特典でやった
なるほど、あれが噂のハミルトンネルだったのか

92：ななしのよっしん：2019/02/06(水) 15:42:21 ID:iGvfcrLINU
Uターンだ！も凶悪よな

93：ななしのよっしん：2019/02/18(月) 02:23:10 ID:1ZsAy+7qf1
大体最後の段違い平行棒でやられるんだよ

