バレットM82 2019-03-04/11:32 60

1：ななしのよっしん：2010/02/09(火) 21:38:03 ID:RB2qMlQEGx
そういえばCoD4MWで昔プライス大尉がザカエフ撃ったのも確かコレ

2：ななしのよっしん：2010/03/16(火) 01:11:06 ID:vERS/YnU1+
アメリカだとこれ普通に店行きゃ買えるんだよね。当然ながら民間じゃ誰得のこの銃売れてないけど。

3：ななしのよっしん：2010/03/19(金) 17:39:12 ID:3CYo7QkM8f
弾薬高いわ、でかいわ重いわでしょ？そりゃねｗ

4：ななしのよっしん：2010/04/13(火) 15:40:25 ID:STrxWbc87n
象でも撃つのか？ってレベルだものなｗ

5：ななしのよっしん：2010/04/13(火) 15:40:35 ID:fQ9/qXP7cn
1000m、条件によっては1500m先の人間でも胴に直撃すれば体が真っ二つに裂けるそうな。まさに「一撃必殺」という言葉が良く似合う銃。

6：重巡洋艦142：2010/06/05(土) 11:47:15 ID:B0y3T2VZGi
敵兵の人体を、バラバラになる威力を持ってるんだよな。防弾ガラス貫通するらしいよ(50口径なので)。

7：ななしのよっしん：2010/06/11(金) 23:55:43 ID:+mEQPk6Nrj
銃も高いが弾も高い。AK47なんかの7.62mmなら20円/1発くらいだけど12.7mmはハンバーガーが買えるくらいの値段らしい月刊GUNより

8：ななしのよっしん：2010/06/23(水) 13:44:44 ID:DDHJQ7Gwvu
陸上自衛隊はボルトアクション型のM95を導入してたりする

9：ななしのよっしん：2010/07/04(日) 20:49:31 ID:q0NRAVbnEj
>>7弾幕張るわけでもないし、むしろＡＫだと数撃ちゃ当たるって感じだからバレットのほうが弾費は浮くんじゃない？

10：ななしのよっしん：2010/07/08(木) 23:17:44 ID:HXF3JS/S1l
>>7AKとバレットは用途が違うぞ乱戦ならAK、狙撃ならバレット7.62のAKに対しバレットは12.7各一発胴体に当たるとしたら7.62のAKは生き残る確立はバレットより高いバレットの場合は一発でアウト

11：ななしのよっしん：2011/03/30(水) 12:16:30 ID:vwA8ELWx2Q
続戦国自衛隊で家康を狙撃した銃だっけ弾がないのか出番はそれっきりだったが

12：ななしのよっしん：2011/11/11(金) 03:10:27 ID:vtzRYolCeE
この前グアムで撃ってきましたよ5発300ドルでしたそしてその価値はありました

13：ななしのよっしん：2011/11/17(木) 10:18:43 ID:99I66vsOdx
>>2当然ながらとても隠し持てる図体じゃないから逆にOK、とどこかで聞いた気がする。弾が無くても、こんなのが玄関に備え付けてあったら、とても強盗を働こうという気にはなりませぬ。

14：ななしのよっしん：2011/11/28(月) 23:32:43 ID:Fn0EO7OMe2
これを片手で撃つメイドなんていたら、恐ろしくて泥棒も入らないわな…

15：ななしのよっしん：2011/12/26(月) 18:55:26 ID:iT9VhDDu4p
この銃の存在を知ったのはてんとう虫コミックスのリトルコップ。第1話で確かハインドだったかな、これでメインローター撃ち抜いて落としてた記憶が。コロコロでこんなのも連載してたのかというのも驚き。(そのうちデザートイーグル愛用してる刑事がアメリカから来たり主人公の車の後ろのドアからミニガン出して迎撃してたり)

16：ななしのよっしん：2012/02/18(土) 19:25:59 ID:pk1AgeP8/C
人に向けて撃ってはいけないってデマなんでこんなに広がってるんだろうなｗ大体一発で死ねるのが人道兵器だと思うんだよね助かる見込みなくじわじわ死ぬのが一番残酷

17：ななしのよっしん：2012/02/22(水) 23:19:38 ID:w4hPnayfbc
ちと聞きたい事があるんだが、M82ってセミオートオンリーだよな？ってか対物狙撃銃に関わらず、オートの狙撃銃ってセミオンリーだよな？・・・BF3の動画見てたら「民間使用のM82はフルオート機能が付いてない」とかコメント流れててそれに誰もツッコミいれてなかったり、なんかのラノベにM82A1をフルオートにした珍品がでてんだがそれに対するツッコミが「M82には最初から連射機能が付いてますｗ」・・・連射機能ってひょっとしてフルオートの事か？俺が知らんだけでフルオートのM82があんのか？精度が要求される狙撃銃をフルオート射撃する意味あんのか・・・？

18：ななしのよっしん：2012/02/23(木) 01:57:34 ID:w7D9YdYUGI
>>17M82はセミオートオンリーの連続射撃だから安心しろ。ラノベに関しては…お察しくださいとしかいえんな。因みにM95はボルトアクションだな。

19：ななしのよっしん：2012/03/02(金) 00:05:05 ID:y82f1t+xiW
まず狙撃銃にフルオート機構をつける意味が無いだろ

20：ななしのよっしん：2012/03/02(金) 00:40:51 ID:ZAatBGTl/I
用途も構造も待ったく別の銃になるけどSVD系にフルオートつけてBAR的なものとして使えるようにしたモデルが無くはない結局あんまし意味なくねって感じみたいだし全く同感だけどしかしM82にフルオートってどこで何をどう聞き間違えたらそうなるんだ

21：ななしのよっしん：2012/03/02(金) 00:50:37 ID:p/nxTOpzEB
50calをフルオートで撃ちたい？けっこう、ではますます気に入りますよさあさどうぞ、M2ブローニングの新モデルです、快適でしょう、んああ仰らないで

22：ななしのよっしん：2012/03/02(金) 01:10:27 ID:6gfSn8ht53
フルはさておき２点バーストぐらいなら意外に……ないか

23：ななしのよっしん：2012/03/10(土) 00:28:24 ID:TLX8ogm0vA
狙う距離にもよるだろうけど.50の対物ライフルを連射する用途がなさそうだしなあと、ここからは勝手な想像だが、バランス、反動を無視して連射機能つけたとしても熱やら部品のストレスやらで銃自体の寿命がすごいことになりそう

24：ななしのよっしん：2012/03/21(水) 09:54:21 ID:Lr5PbHt02Y
セミオートよりフルオートの方が構造としては簡単らしいから、M82の機構はよく知らないけどたぶんフルオート改造はできるもちろん2発目以降がどこへ飛んで行くかなんて知ったこっちゃない

25：ななしのよっしん：2012/03/28(水) 10:35:57 ID:pimvwYvMnl
流石に戦車の装甲は無理なのか？それとも側面や上面なら貫けるのか

26：ななしのよっしん：2012/03/28(水) 11:10:30 ID:6gfSn8ht53
無理でしょ最低でも１インチ以上の機関砲でもないと

27：ななしのよっしん：2012/05/27(日) 02:34:15 ID:Ac/eWQLTe/
まぁ現代の戦車の装甲じゃ無理だなあくまで対物だしなAー10の逸物くらいないとあの装甲は抜けないな

28：ななしのよっしん：2012/08/20(月) 13:37:53 ID:xfgt/XmKVU
「バトルシップ」でも勝利のカギになったな。朝日を目くらましに使うとは、西部劇の発想かな。

29：AIM-⑨：2012/08/28(火) 12:20:09 ID:gz0B2Qpt3p
>>20VSS　呼んだ？

30：ななしのよっしん：2012/09/15(土) 21:17:03 ID:rbka/qWZsZ
実際にM82A1とハルコンネンってあんま大きさ変わらないんじゃね?

31：ななしのよっしん：2012/10/07(日) 01:01:20 ID:k26XqchyMN
なんで他の「対戦車ライフル」「対物ライフル」よりもM82だけがこんなに有名なんだろう？ゲームとか漫画の影響？

32：ななしのよっしん：2012/10/13(土) 14:35:44 ID:CfDUmkr63M
とあるラノベにこいつをフルオートに改造した訳がわからん代物がでてくる

33：ななしのよっしん：2012/10/13(土) 15:08:59 ID:pimvwYvMnl
あの世界の湾岸戦争では2km先の戦車をこの銃で撃破してるからつまりあの世界の湾岸戦争において使われた戦車はチハたん以下だったんだな・・・WWⅠ級か

34：ななしのよっしん：2012/10/13(土) 15:22:10 ID:pfG0OgdaBy
>>33その話、戦車と装甲車の区別がつかない記者の誤報だと聞いたことがある。T55はさすがにそこまでヤワくない。対戦車ライフルのフルオートといえば、我が国の96式だったか、名前忘れたけど20ミリがあったよ。結局ノモンハン以降戦車が強くなったから、対空用に転用されたらしいが。

35：ななしのよっしん：2012/10/13(土) 22:02:46 ID:pimvwYvMnl
しかし装甲車でも2km先ってどうなんだ2km先の敵兵を真っ二つにしたのは事実って話だしその話を紹介すればよかっただろうにな

36：ななしのよっしん：2012/11/17(土) 16:14:27 ID:PcDlHoJk2Y
>>35実際撃たれたらこうなるんだよなぁ観閲注意で、どうぞttp://tnrkusanagi.web.fc2.com/tnr/12.7mm.jpg

37：ななしのよっしん：2012/11/30(金) 16:20:32 ID:uYMVDoDPrw
戦車はダメだけど装甲車やヘリぐらいなら蜂の巣にできるのか。でも人間に当たったら割箸へし折るみたいにまっぷたつになっちゃうらしいから下手な重火器よりよっぽど恐ろしいな・・・

38：ななしのよっしん：2012/11/30(金) 17:39:15 ID:ZAatBGTl/I
いやどっちもだいたいは抜けないよまず装甲車つってもいろいろあるけど、例えば「歩兵戦闘車」とか「兵員輸送車」とか呼ばれる物は車載機銃とかライトとかを除けばどこ撃っても効かないジープとかHMMWVなんかでも追加装甲入ってれば無理ヘリの場合も戦場にぶち込むような機種は最低でも底面装甲なら重機関銃弾、下手したら小口径機関砲弾を弾く装甲で、機種によっちゃ全面それと同レベルの防弾構造に風防も重防弾ガラスでできてたりするそもそも飛んでりゃ対物ライフル程度の手数じゃまず当たらないけどんで多分湾岸戦争で撃破された装甲車云々ってのは、実際はテクニカルやジープなんかの「武装した戦闘車」だったんだと思う一応劣化ウラン弾か何か使って一番貫通力発揮できる距離で垂直に当たれば歩兵戦闘車でも抜けるらしいけど、実際戦場でできるかっつったら出来ないだろうね

39：ななしのよっしん：2012/11/30(金) 17:54:38 ID:ErU6/4TZ6B
対物と言いながら、実際には長距離対人狙撃のための武器だからねえ。

40：ななしのよっしん：2012/12/24(月) 16:53:48 ID:nxcXejAewu
装甲車は撃ちぬけても軽装甲車(ライフル弾防げるくらい)くらい攻撃ヘリ・アパッチのキャノピーのガラス(樹脂だけど)すら撃ち抜けないコブラのキャノピーは防弾性考慮してないから多分撃ち抜ける

41：ななしのよっしん：2013/01/01(火) 21:56:20 ID:uYMVDoDPrw
ほこたての防弾ガラスだとこれらしい物が出てたが相手が最強防弾ガラスとはいえ10ｍちょいの短い距離で撃っても抜けなかったからやっぱり装甲車やアパッチみたいな武装ヘリは抜けないよね？

42：ななしのよっしん：2013/01/05(土) 09:48:02 ID:y82f1t+xiW
>>39の言うとおり、今は射程と威力を活かした長距離での対人狙撃が主な用途だからな車両を破壊したければロケット弾使えばいいし

43：ななしのよっしん：2013/01/08(火) 18:20:07 ID:JCfITOegTr
「不用意な苦痛を与える兵器」に該当するとよく言われるけど、P90とかの「内部で弾頭が乱回転して運動エネルギーを対象内に放出し、貫通せずに周辺の組織を大きく破壊する」よりは苦痛は少ない気がする。

44：ななしのよっしん：2013/01/11(金) 11:50:51 ID:17rAj+5keC
M82は戦車の装甲には無力だと聞いたけど、XM109ペイロードはどんなんだろ？25mm弾だから威力はM82以上だって言われているけど、貫けなくても衝撃くらいはあるのだろうか？

45：ななしのよっしん：2013/01/12(土) 01:15:37 ID:ZAatBGTl/I
25mmだけど弾速は半分しかないから危害能力は変わらないよ口径がでかくてより複雑な構造の弾も使えるようになってるだけ

46：ななしのよっしん：2013/04/13(土) 21:53:16 ID:DYqmxN0uT7
25mmじゃHEAT弾にしても戦車にゃ効かねえな

47：ななしのよっしん：2013/06/23(日) 14:12:35 ID:VjcBVWi80x
対空用のA2って実際製造されたとして役に立ったんだろうか。

48：ななしのよっしん：2013/06/25(火) 19:10:00 ID:tKHmaTjQ5q
>>31大昔からロボコップのコブラ砲で出演してたりネイビー・シールズ(1990年)で大活躍してたりと大昔から知名度は高い。

49：ななしのよっしん：2014/07/18(金) 13:11:07 ID:KphRWY8x/Y
最近弾道をいじくれるっていう.50口径のニュースを見たんだがこれでも撃てんのかね？

50：ななしのよっしん：2014/10/21(火) 12:50:20 ID:CW8zKEWD2R
>>41装甲車でも複数回同じ所をガラス面に対して９０度で撃たれたら流石に厳しいらしい。戦闘ヘリの正面ガラスは無理でも、ローターは弱いからクリティカルすれば1発だってさ。

51：ななしのよっしん：2015/06/20(土) 16:45:56 ID:DYqmxN0uT7
創作物上の対物ライフルと言えばコレ！みたいな感があるけれど、どこから人気が出たんだろう。

52：ななしのよっしん：2015/06/20(土) 16:47:28 ID:1QT+EodEgi
なんだろうな

53：ななしのよっしん：2015/07/13(月) 14:08:09 ID:atcBdcg/65
「不用意な苦痛を与える兵器」このデマを広めた人の罪は大きい

54：ななしのよっしん：2015/07/13(月) 18:51:15 ID:CW8zKEWD2R
このジャンルの武器が作られたのって、フォークランドでの英国側の苦い経験からってのはもっと知られていいと思う。アルゼンチン軍が狙撃に使ってたブローニングM2と同等の射程距離を持つ銃器を持っていなかったから、いちいち敵陣地にミランミサイルぶち込みまくったって話。そのせいで、英国軍は相当苦い経験になったって。

55：ななしのよっしん：2015/07/29(水) 18:55:18 ID:Z0g58ENJOe
こいつは無痛ガンと同じである側面では人道的な種類の兵器なのにね

56：ななしのよっしん：2015/08/22(土) 23:06:26 ID:TvqTmr3V1j
>>31>>51おそらくだけどMGS4。実際はよく知らないけど、ゲーム中では扱いやすさ、火力の高さ、共にかなりの有能な武器、かつ武器の説明で監督のおすすめ武器だから

57：ななしのよっしん：2015/08/22(土) 23:52:00 ID:CW8zKEWD2R
なお、フィンランド軍ではラハティL39の後任として採用されたのであった。

58：ななしのよっしん：2015/10/01(木) 13:38:46 ID:nJdz1GGHu6
>>56MGS4は流石に新しすぎるだろう。>>48の方がまだわかる。ゲームや映画以外にも、やっぱり西側の銃で、一応は市販もされているということが大きいのではないだろうか。

59：ななしのよっしん：2017/09/11(月) 02:45:46 ID:nABe79TAtg
最初はまず自宅のガレージからってのアメリカ人っぽいよな

60：ななしのよっしん：2017/09/11(月) 10:19:57 ID:CW8zKEWD2R
>>58アメリカ人はマッチョな銃大好きだからね。仕方ないよね。

