パッションリップ 2019-03-13/01:50 131

1 初版作成者 2013/11/26(火) 19:28:55 ID: rbWxZgN+In
span styleにcolorは～
span styleにcolorは～
span styleにcolorは～

って連呼されたので原文だけ先に投稿しました、今から整形しますorz

2 ななしのよっしん 2013/12/01(日) 01:00:12 ID: AavSkWPVEJ
記事作成乙！
リップはいつかパートナーとして使いたいくらい好きだー！！

3 ななしのよっしん 2014/01/24(金) 23:47:34 ID: doQ7sdAbVv
>>1
乙です!
>>2
俺もリップ大好きだぜ、同志よ！！
ルナステの歌もすっごくかわいかった。

4 ななしのよっしん 2014/05/24(土) 15:38:19 ID: gH5zaemxZd
パッションリップの技はサロメ…オスカー・ワイルド…
まさか…アンサイクロペディアン？(飛躍)

5 ななしのよっしん 2014/05/28(水) 15:44:01 ID: obwSKkh4Rz
こいつの腕がブリュンヒルデの宝剣らしくて詳しい説明見たいんだけど、どこで分かるかな

6 ななしのよっしん 2014/05/31(土) 19:54:00 ID: rbWxZgN+In
被虐体質…スパルタクスが同じスキル持ってなくてよかった（小声）

>>5
型月wikiに一応記載はあるけど、ブリュンヒルデじゃなくてドゥルガーの神剣って記載になってる

7 ななしのよっしん 2014/10/05(日) 06:48:56 ID: wbELt9udRN
パッションリップは裸の王様が設計に組み込まれてる気がするな
メルトリリスは人魚姫

8 ななしのよっしん 2014/10/19(日) 22:03:13 ID: p95uAQV76Y
こんなナリのくせに、意外と彼女メインの薄い本が少ない


性格面が原因なのか、それとも露骨に狙い過ぎたからこそ裏目に出たのか
例えば、近年の富士見ファンタジア系作品も後者の例が非常に多いしな
（おまもりひまり、勇しぶ、ハイスクールD×Detc.）

9 ななしのよっしん 2014/10/19(日) 22:10:01 ID: 5Om6Tf8ci3
申し訳ないが奇乳はNG

10 ななしのよっしん 2014/11/14(金) 12:59:15 ID: UkjcupUmd7
初見で山道(サンド)を思い出した俺は悪くねぇっ！

11 ななしのよっしん 2014/11/26(水) 12:36:30 ID: 0O0A/qCKF2
>>8
そりゃおまえ、ナニしたらDEADEND確定なんだぜ。

12 ななしのよっしん 2014/12/02(火) 09:09:05 ID: AROFMf5Vqs
>>11
生きたままナニしようとしたら、最低条件でリップに動かないでいてもらわにゃならん
うっかり手で触れられたらDEADEND確定

13 ななしのよっしん 2014/12/31(水) 03:54:37 ID: 56EjuTqZJR
リップかわいいよリップ…SNの桜のヤンデレ分をいい塩梅で継いでていい。
ホロウvitaのミニゲームのパッションリップも鈍足だけど火力高くて使いやすいよ。

14 ななしのよっしん 2015/02/22(日) 01:54:46 ID: NkojojNlF2
>>11-12
そこらへんの設定は薄い本だと都合よく無視されるのがお約束だろう。

まあ、バストもさる事ながら性格が万人受けし難いからなぁ。イラッと来る人の方が多い造形だと思う。
その点やっぱり分かりやすく良いキャラしてるメルトリリスに人気取られてる感じ。

15 ななしのよっしん 2015/04/06(月) 12:52:37 ID: zEzmjLOO+j
一時白野に愛してもらうために両腕を自分で切断したパッションリップの本書こうと思ったけど
それはそれで酷いことになるので辞めた思い出

16 ななしのよっしん 2015/05/02(土) 14:08:05 ID: vO3jwUxO51
>>15
キャス狐に魔術でちょちょいのパーって感じでやってもらおうと思ったら一夫多妻の関門があったので断念した…

渋のSSではリップ仲間にするルートのSSがあるな…そういえば…

17 ななしのよっしん 2015/05/20(水) 09:02:13 ID: NkojojNlF2
設定上はバスト160だけどイラストだとそれほどない。
サバ読んでる感が強い。

18 ななしのよっしん 2015/06/06(土) 08:02:58 ID: dFMmdSiJC7
それにしてもこのおっぱい、マーベラスである

19 ななしのよっしん 2015/08/15(土) 12:29:14 ID: 6hSELWaR7O
ＪＫになんて役やらせてたんだ！

20 ななしのよっしん 2015/11/16(月) 10:02:02 ID: 7T5tZBKCz9
圧縮は目隠しだけで防げそうという薄い本的に便利設定
まぁ今度は爪で物理的にくしゃっとされるんだろうけど

21 ななしのよっしん 2015/12/23(水) 23:17:15 ID: 3I9vk8q2Tg
シザーハンズっぽいな、何となくだが

22 ななしのよっしん 2016/02/04(木) 01:21:42 ID: 5JAPtFD/VH
元になったブリュンヒルデと宝具の名前一緒なんだね。
ってことはサラスヴァティーも宝具名はそのままなんだろうか。

23 ななしのよっしん 2016/02/04(木) 01:28:21 ID: nb80vlAw7j
弁財天五弦琵琶(サラスヴァティー・メルトアウト)
弁財天混ざってるし、仮に同じ名前だとしても字の方は変わるだろう

24 ななしのよっしん 2016/02/04(木) 18:53:42 ID: QqLWDKpKyB
リップがこんなのはヒルデのせいだろｗ

25 ななしのよっしん 2016/02/07(日) 01:31:44 ID: KW1yEwZdxh
オリジナルであるブリュンヒルデが最近FGOで実装されたが、うんハッキリ言って清姫といい勝負のヤンデレだった。リップのコピー元であるとハッキリ分かるくらい。

26 ななしのよっしん 2016/04/02(土) 15:51:24 ID: RWJZ+ur8Py
Zカップより上って何て言うんだろ

27 ななしのよっしん 2016/04/17(日) 20:04:12 ID: tFBt7GlZ/v
>>25
ダ・ヴィンチちゃんイベではさらに酷い事に・・・

28 ななしのよっしん 2016/05/04(水) 13:31:26 ID: IS/z+4EtxX
>>26
Aカップの下がAAカップ、AAAカップと続くから
おそらくZZカップ、ZZZカップになるんだろうけど…

29 ななしのよっしん 2016/07/10(日) 03:34:17 ID: G7QUulAfT9
何かに似ているとずっと思ってたけど分かった
下半身だけ服着てて上着てないのが
エガちゃんを彷彿させるんだ

30 ななしのよっしん 2016/07/13(水) 18:51:33 ID: iWLpR+4zOX
某所でFGOのサーヴァントのネタバレを見たんだけど桜がパールヴァティーを降ろしているらしい。
ということはリップはサクラファイブの中ではオリジナルの桜に1番近いのだろうか？

31 ななしのよっしん 2016/07/23(土) 00:17:58 ID: d1O8gs56xi
普通に奇乳気持ち悪いっすわ

32 ななしのよっしん 2016/09/26(月) 17:10:13 ID: WnNelg3s8s
最近このゲーム初めてパッションリップちゃんに優しくして行って
パッションリップちゃんと戦う時とか最後の言葉責めシーンとか罪悪感で殺されるかと思った

33 ななしのよっしん 2016/10/26(水) 11:18:22 ID: i9xgiuKiZ/
何かの間違いでFGOに実装されないかな〜。…実装されたら俺、この子で課金童貞捨てるんだ…。

34 ななしのよっしん 2017/01/19(木) 12:26:56 ID: bPex2w/4S5
せっかく母乳満点で神々しい聖キャラデザなのに作中であんな扱いにした作者からは政治的プロパガンダが丸見え
聖乳遺伝子を弾圧する国賊思想家は日本から出ていけ

35 ななしのよっしん 2017/04/18(火) 06:48:56 ID: aIW0xF41jD
牛乳うううううううううううううううううううううううううううううううううううううううううううう！

36 ななしのよっしん 2017/04/19(水) 20:52:32 ID: UA6fqPtnEF
声優さんが生放送に出ることからFGO出演が濃厚になったね…これ大丈夫なのか？主に林檎的な意味で

37 ななしのよっしん 2017/04/23(日) 15:05:25 ID: hj+CApH2vD
正直、おっぱいより腕のゴツイのに引かれた
なにあれカッコいい…

38 ななしのよっしん 2017/04/26(水) 21:08:12 ID: 27UW3MTiWG
ん～？　この子、FGO出演にあたり自分の姿(爪)認識できるようになったか・・・

少しは救われた存在にはなっているという事か。

39 ななしのよっしん 2017/04/26(水) 23:17:32 ID: TYzpJfr8UM
公式ページ見てくれ。ちゃんと成長してて涙ちょちょ切れですよ。宝具も二人を繋ぎ止めるものになってる

40 ななしのよっしん 2017/04/26(水) 23:20:12 ID: 8Qqup7k8dS
FGOでの新衣装可愛いなぁ
恐らく再臨で原作CCCの格好になるんだろうけど、個人的には今回の着込んでるVerもかなり好き。

41 ななしのよっしん 2017/04/26(水) 23:38:34 ID: KhbiiUHW60
流石に服装一新されたけどこれもかわいいね

42 ななしのよっしん 2017/04/26(水) 23:44:05 ID: NCeO1ezYMC
改心・成長…ねえ。何か引っかかる表現。
エリザベートよろしく、元々の魅力というかキャラ性がスポイルされてキャラとして死んでるようにはなって欲しくはないが…
向こうも思い出したように罪人アピするけど、基本的にタダの道化だしな。
まあ、そんなことを言ってたら自軍参戦できないんだけど。

43 ななしのよっしん 2017/04/27(木) 00:47:25 ID: 3zAaODUoTK
正直スリーサイズそのままの体系になるとは思わんかった。

44 ななしのよっしん 2017/04/27(木) 06:44:36 ID: QqLWDKpKyB
着ても脱いでもエロかった・・・ｗ
しかし、来てたなら胸の四次元ゴミ箱どうすんだ？
服着用でもおっぱいリロードで弾しまいこむみたいに収納じたいはできんのか？

45 ななしのよっしん 2017/04/27(木) 11:23:09 ID: uVkQFPiUOT
服着てる➡ブレストバレーの封印？
手に座ってる？➡認識阻害無し
「死がふたりを分断つまで」即死宝具➡「死が二人を別離つとも」回復宝具
辺りが今言われてるところか
なんでか、妙に泣きたくなる

46 ななしのよっしん 2017/04/27(木) 19:21:23 ID: 3zAaODUoTK
また会えてうれしい気持ちもあるけど
初見の人にバケモノ扱いされてて悲しい。

47 ななしのよっしん 2017/04/27(木) 19:30:15 ID: v+FK0vCXJj
上着着て大丈夫なんあの娘？

48 ななしのよっしん 2017/04/27(木) 19:44:27 ID: ohXg3Z2HRe
むしろ上着着なきゃダメなんだよなぁ

49 ななしのよっしん 2017/04/28(金) 04:06:10 ID: efixY4IyQQ
>>42
元々の魅力ってあーたCCCの記憶を持ってるエリザだよ？しかも思い出したように罪人アピしてる言ってるけどあれ本人は目を背けたら駄目だという認識はあるけど、基本出してきてるの槍ヴラドだったり、ハイムでの精神が汚染された状態だし（ハイムは本心なんだろうけど）エリザ自体のスタンスは崩してないと思うしパッションリップもリップの最後を見てれば引っかかりもしないと思うがなぁ。

50 ななしのよっしん 2017/04/29(土) 01:17:35 ID: OtQ2mnigE+
隠れてる方がエロいな…

51 ななしのよっしん 2017/04/29(土) 11:15:46 ID: KOTKko7H/M
どうせ再臨で脱ぐ（達観）

52 ななしのよっしん 2017/04/29(土) 19:22:07 ID: UEeMA8L8OD
奇乳やんけ…

53  ななしのよっしん 2017/05/01(月) 07:47:18 ID: 5z8LiG+u8/
>>45
まあ実際バケモノだったから多少はね？
パッションリップのステージは「誰が見ても分かる異形が、己にだけは認識できない」と言う矛盾のせいで、最後まで救われないバケモノを描いた物でもあるのだし

54 ななしのよっしん 2017/05/01(月) 16:03:22 ID: i9xgiuKiZ/
にわか呼ばわり覚悟で質問させて。
パ○ズリできないとか死ぬとか言われてるけど、入ったら出れないとかじゃなかった？ザビーズが腕突っ込んだのはどういう事？

55 ななしのよっしん 2017/05/01(月) 16:16:19 ID: 6YHmUePdo7
>>54
腕突っ込んだとき後ろから羽交い締めみたいな感じだったような…
だからブレストバレーに引きずり込まれそうになっても、リップにしがみ付けば多分大丈夫(神経過敏だから触れられて嫌がっていたような…)
パニッシュメントのときは正面からだったから、覗き込みかけたザビーズをリップが制止していた。

56 ななしのよっしん 2017/05/01(月) 18:51:09 ID: i9xgiuKiZ/
>>55
って事は、別に突っ込んだからってもげたり怪我したりって訳じゃないんだよね？
あちこちで言われてるから、知らない間に公式設定が変わったのかと思ったわ。

57 ななしのよっしん 2017/05/01(月) 19:01:54 ID: 0415ft7GIw
ぶっちゃけブレストバレーより、トラッシュ&クラッシュのほうが危険なんだよな

本人が発動すればだけど

58 ななしのよっしん 2017/05/01(月) 19:51:23 ID: 6YHmUePdo7
>>56
いやナニをツッコむなら正面からだしブレストバレーに引きずり込まれる危険性は普通にあると思うが…
まあ、>>57が書いてあるようにどちらかと言えばブレストバレーより爪が危険なんだがね

59 ななしのよっしん 2017/05/02(火) 00:11:37 ID: 728FramiOC
まだ完全に育てたわけじゃないけど
低く見ても☆4.5ぐらいの強さはある気がする…

分かりやすくスキルが全部一致してて使いやすい

60 ななしのよっしん 2017/05/02(火) 06:45:26 ID: 32UqxWHFLq
メルトよりも使いやすいという声があるな
強敵4騎混合はバサカと同じくらいの活躍が期待できそう

61 ななしのよっしん 2017/05/02(火) 06:53:40 ID: 32UqxWHFLq
トラッシュはデメ回避のためにブレストを発動させとかないと悲惨なくらいか

62 ななしのよっしん 2017/05/02(火) 07:05:37 ID: BF70+jB9PR
デメリット回避のためのマスター礼装じゃない？

63 ななしのよっしん 2017/05/02(火) 08:43:56 ID: hapq3eiVfb
CCC当時はあまり好きではなかったがFGOで惚れました
精神性の成長もそうだが、やっぱり隠した方がエロスを感じるよね！

64 ななしのよっしん 2017/05/02(火) 08:57:23 ID: FdC3J6+tYj
胸見てゲームやってみたくなった

65 ななしのよっしん 2017/05/02(火) 09:25:23 ID: QqLWDKpKyB
ばらきーはパー、ジャガーマンもパーだけど、リップは通常攻撃にグー入ってるけど宝具はやっぱりパーか？

66 ななしのよっしん 2017/05/02(火) 15:22:44 ID: 32UqxWHFLq
>>62
事前にブレスト使ってたら3回は状態異常を消してくれるからトラッシュのデメであるマヒも消えてくれるんだ

67 ななしのよっしん 2017/05/02(火) 15:26:27 ID: 32UqxWHFLq
同時に使いたくないならマスター礼装や状態異常回復鯖を連れるのはいいんだけど

自己完結で使うならスキルの順番に注意と思うだけ

68 ななしのよっしん 2017/05/02(火) 18:52:44 ID: 5JAPtFD/VH
ノッブの反応は最初笑ったが、ボイスとかで成長を感じるたび俺も終わったノッブと化していた
エロい目で見れねえ、保護者目線になる

69 ななしのよっしん 2017/05/02(火) 18:54:53 ID: 5JAPtFD/VH
なんか予測変換で「終わった」とか余計な文字ついちゃった、ゴメンノッブ

70 ななしのよっしん 2017/05/02(火) 18:59:18 ID: ZlFtU9Iz/U
おっぱいに顔埋めたい

71 ななしのよっしん 2017/05/02(火) 19:36:46 ID: 9VIh3ofH2i
>>70
CCC時代は死ぬからやめとけ
FGO時ならセンパイ＆ぐだーずのみ生還の目はありそうだが

そういやFGOに出た件は書くのか？

72 ななしのよっしん 2017/05/02(火) 19:44:10 ID: ZlFtU9Iz/U
>>71
谷間ではなく、乳房に埋もれれば良いのではないかね？
いや谷間にも埋もれたいんだがね

73 ななしのよっしん 2017/05/02(火) 20:52:56 ID: iWLpR+4zOX
>>70
メドゥーサさん３体に石にされる覚悟があるならやってみるといい。
その後は粉々だけど。

74 ななしのよっしん 2017/05/02(火) 21:37:01 ID: wUhQm0rpI7
やっと……CCCルートから報われたんやなって…

75 ななしのよっしん 2017/05/02(火) 23:45:16 ID: zB60Rdh1qW
>>72
それやると被虐体質でもっと力強くもみたい、埋もれたいって欲望が湧き上がって、気づいたら中にすぽーんと落ちるぞ

76 ななしのよっしん 2017/05/03(水) 08:29:23 ID: iQvxMF7eiC
最終再臨絵の…あの位置にあるさくらんぼ…メタファー…（　＾ω＾）

77 ななしのよっしん 2017/05/03(水) 19:43:28 ID: qFoWH9EI/c
出たので使いまくってるけどホント使いやすくて優秀。オジマン戦の時にこういうの欲しいな、と思ってたがそれが全部入りって感じ。あとやっぱりおっπ

78 ななしのよっしん 2017/05/04(木) 07:56:58 ID: zB60Rdh1qW
絆４マテリアルによるとFGOではブレストバレーに入ってしまっても、ぐだーずならリップが引き上げてくれるようだぞ！

79 ななしのよっしん 2017/05/04(木) 11:10:06 ID: KfKOhTNOnI
やだ！ご都合主・・・ゲフンゲフン、公式のサービス精神

80 ななしのよっしん 2017/05/04(木) 11:12:51 ID: a05dNs3mH3
隠せてねぇ！
…まぁご都合主義全開だよね…意図が透けて見えるのはなんだかなぁって気持ちは無くもない

81 ななしのよっしん 2017/05/04(木) 12:25:54 ID: EpGU9ueXZC
まあ契約してる状態なら(パスを手繰り寄せるとかで)拾い上げられるっていうのも筋は通ってるから、多少はね？

82 ななしのよっしん 2017/05/04(木) 12:43:43 ID: dgWtCKz91F
バスト160cmって初期ウルトラ怪獣の雑な設定みたいだよな

83 ななしのよっしん 2017/05/04(木) 19:15:02 ID: 32UqxWHFLq
心境の変化から変わったくさいけど、FGOらしく今回のイベント中に挟まれてくれるんじゃない？マシュマロセクハラノルマがまだだし

84 ななしのよっしん 2017/05/04(木) 19:20:28 ID: UCx10cvPfM
まあ貧乳派なんですけど、これだけ規格外の魔乳だとちょっと別ですよね(ゲス顔)

85 ななしのよっしん 2017/05/04(木) 22:16:09 ID: qFoWH9EI/c
>>83　そこでマスターはサルベージ可能、って伏線が利いてきそうな気がする…
ぐだを隠す必要ができたとか何とかで

86 ななしのよっしん 2017/05/04(木) 22:27:14 ID: 0415ft7GIw
>>85
敵ごと突っ込んで落ちてあとで救出してもらうとか、以外と汎用性高いんだよな。その設定

まあ捨て身の手段なんざリップも他サーヴァントも確実に良しとはしないだろうが

87 ななしのよっしん 2017/05/05(金) 06:15:17 ID: dv2NeNIn3t
>>84
ちなみに、某AUOも同様の感想を抱いてたりする（知ってて言ってるかもしれんが）

88 ななしのよっしん 2017/05/05(金) 09:03:40 ID: KfKOhTNOnI
>>86
捨て身の覚悟なしにリップに挟んでもらうなんて図々しいからいいんだよ

89 ななしのよっしん 2017/05/05(金) 12:25:52 ID: qFoWH9EI/c
久々に石コンしてしまった…あの永続バフと速攻宝具卑怯すぎませんかね…

90 ななしのよっしん 2017/05/05(金) 13:49:50 ID: 0no9sVpHF4
奇乳痴女

91 ななしのよっしん 2017/05/05(金) 15:34:39 ID: 7NmGl4PBSO
774が描いてそうなキャラデザしてんなお前な

92 ななしのよっしん 2017/05/05(金) 17:37:31 ID: cIZvtgNUXc
>CCCでは一度この死の谷に落ちたものは二度と這い上がれなかったが、FGOでは契約したマスターであればすくい上げる事が可能になった。

ブラックホール姦…

93 ななしのよっしん 2017/05/06(土) 19:31:38 ID: 32UqxWHFLq
>>89
アルターエゴは設定上、神性刺さるから運がわるくなければ
師匠やエルキドゥがクラスもありきで有効だったりするが

94 ななしのよっしん 2017/05/06(土) 20:02:19 ID: 32UqxWHFLq
>>92
シナリオの本編終了後のリップは契約なしで救えるとかなんとか

95 ななしのよっしん 2017/05/06(土) 20:41:41 ID: fK28b4h+S7
真面目にブラックホールの中の世界どうなってんだろう？
今のところ、アニメカービィの宇宙みたいな空間想像してる。

真っ暗な無重力空間で、周囲に圧縮されたトラッシュと圧縮されてないトラッシュが浮かんでんの。
それでリップが爪を突っ込んだら、内側からは恒星級にでかい爪が空間に現れるみたいな。

96 ななしのよっしん 2017/05/07(日) 21:46:27 ID: qHG20Wcsmj
ぶっちゃけCCCの方でも谷間に手突っ込んでデータ拾い上げてたし
爪と比べると何も危険じゃない印象

97 ななしのよっしん 2017/05/08(月) 21:37:11 ID: 4U3RLOBwkb
精神的に成長した結果、めちゃくちゃいい娘になったのはいいんだけど、若干角がなくなったというかキャラが薄くなったというか……

98 ななしのよっしん 2017/05/08(月) 23:08:47 ID: 32UqxWHFLq
問題児から問題を取り除いたら影が薄くなるのは道理だろう
その人の個性がなくなるんだし

99 ななしのよっしん 2017/05/09(火) 19:09:42 ID: zpG4SPEzG1
この子の鉤爪って脱げないんだっけ？

100 ななしのよっしん 2017/05/10(水) 08:52:49 ID: u5xPJ16D2a
そりゃ腕そのものだもの。

>>96　つっても万が一そのまま落ちたら自分から出る方法がまったくないからな。加えて、リップ自身も手の形状があれだから救出するってことが期待出来なかった(過去形)訳だし。
正真正銘の底なし沼に身を乗り出して片腕突っ込む行為が危険じゃないというなら勇気があるなぁとしか。

101 ななしのよっしん 2017/05/10(水) 22:30:29 ID: ML2vDHGet3
こんな露骨なエロキャラ出したらホワイトデーイベントで始めた女性ファンが逃げない？

102 ななしのよっしん 2017/05/10(水) 22:32:50 ID: NCeO1ezYMC
そのエロキャラを描いたのが女性なんで。

103 ななしのよっしん 2017/05/10(水) 22:35:05 ID: +bHGtNCmDg
元からいたキャラな上に原作よりマシになってるのに
文句つけるようならそういうのは客じゃないのでむしろ離れて欲しい

104 ななしのよっしん 2017/05/11(木) 18:16:58 ID: KfKOhTNOnI
>>101
露骨な男性向けキャラの割にガウェインとフラグが立っていた困惑
いや、絆台詞もあるし解釈はご自由にって感じだったけど

反応を見る限り大多数はともかく一定量の女性ファンはいるっぽい

105 ななしのよっしん 2017/05/13(土) 18:27:33 ID: 6pz3aJpYSK
フラグっていうか、あのバスターゴリラのタイプがリップみたいなロリ巨乳って絡みのネタだと思う

106 ななしのよっしん 2017/05/13(土) 19:06:10 ID: KfKOhTNOnI
>>105
いや、マイルーム台詞の方で確認されるがリップの相手にしてはまずまずとメルトリリス公認
ただリップに先に王子様ができるのは気に食わないとも言っている

そこはさっきも言ったように解釈次第なんだろうが、可能性を臭わすだけでアウトと言われた時代と比較するとね

107 ななしのよっしん 2017/05/14(日) 02:18:43 ID: DhOEtfM+Pd
別にリップに対して女性ユーザーが～なんて話題ツイでも見たことないが
余計な心配ではないか

108 ななしのよっしん 2017/05/15(月) 11:53:35 ID: u5xPJ16D2a
Fateの女性ファンで“現在”一番熱心な層が多いのはたぶんEXTRA系列から来た人だと思うんだよね。CCCの女性ファンって実は結構多い。

FGO完全新規とかzeroアニメ放送当時とかを考えると数の大小はちょっと分からないけどね。

109 ななしのよっしん 2017/05/15(月) 12:08:59 ID: E710Kpta33
CCCプレイしてない(プレイし始めたけどリップまだ出てきてない)けど
リップ好きだよ可愛い

110 ななしのよっしん 2017/05/15(月) 18:59:02 ID: vO3jwUxO51
露骨にエロいきゃら…
あのスカサハ師匠・酒呑・頼光・槍トリア…
前からいる気がするんだが…。

111 ななしのよっしん 2017/05/15(月) 19:06:36 ID: 7NAU9+fRg8
何ならシールダーのビジュアル公開時点からして結構なユーザーの第一印象が「うわエッロ！」だったことは想像に難くない

112 ななしのよっしん 2017/05/15(月) 19:09:42 ID: wp4hyrrpeg
胸がデカいだけだと女性からは「ああ奇乳ですか」くらいに
見えるから抵抗ないんでは

113 ななしのよっしん 2017/05/20(土) 14:48:53 ID: 0He7jJxTIk
さすがにここまでの露出だとただのアホみたいな見た目になるな

114 ななしのよっしん 2017/06/08(木) 04:09:46 ID: u6/dPisScF
初登場の頃より注目されてるな
ピクシブの閲覧グラフでも凄い跳ね上がってる

115 ななしのよっしん 2017/06/10(土) 20:10:12 ID: gmDi3aKsY/
むしろ女性絵師っておっぱい好きなのが多いぞおっぱい。

116 ななしのよっしん 2017/06/12(月) 19:53:43 ID: FvGEu93HSj
この娘桜そっくりだよね
むしろこの娘以外のアルターエゴはどうしてああなった

117 五郎次郎 2017/06/19(月) 16:20:53 ID: pdp4KcWs1M
FGOのパッションリップって胸小さいよね。
B160ってもっとでかいと思うの。

118 ななしのよっしん 2017/06/19(月) 19:23:48 ID: KfKOhTNOnI
>>117
むしろCCCより圧倒的に大きくなってるぞ

119 ななしのよっしん 2017/08/27(日) 19:25:36 ID: iWLpR+4zOX
>>116
解析だと桜がパールヴァティ降ろしてるらしいし意図的にリップは桜に似せてある気がする。
自己評価が低いのは4次と5次前半の桜っぽいし。
被虐体質は言うなれば相手をワカメ思考にさせるようなもの。

120 ななしのよっしん 2017/09/16(土) 04:09:50 ID: VE3gZu6jmn
BBよりよっぽど桜に似てるからな
弱気なようでいて引っ込み思案なだけであって気弱ではないとか
FGOではいろいろ改善した結果もっと似てきたという…あれ？BBちゃん？

121 ななしのよっしん 2017/09/16(土) 04:31:26 ID: dpTRuAAZR4
露出抑えられたけど、人によってはよりエロス感じる格好だよねとかいってたらドエロイ拘束具つけて出てきたときの衝撃

122 ななしのよっしん 2017/09/16(土) 18:48:47 ID: zpG4SPEzG1
あえて肌を隠すことによって女子力、つまりより女性らしく見える感じがする

123 ななしのよっしん 2017/10/24(火) 00:47:35 ID: gGyP28CH9z
>>120
BBは本家桜のコピーのサクラAIの更にコピー（正確には予備機）だから･･･
あれ？リップはその又コピー･･･

124 ななしのよっしん 2017/11/17(金) 00:59:54 ID: J6d0KNMKX6
露出は減ったが童貞殺す力はむしろ昔より上がった娘

125 ななしのよっしん 2018/03/03(土) 10:25:45 ID: adOVefmQNT
>>23
心の奥底から凄い今更だが、弁財天はサラスヴァティーの日本名という認識でいいんだぞ

126 ななしのよっしん 2018/04/15(日) 19:18:20 ID: poxmrq7KPG
Fate/EXTRA CCC FoxTaildeでヴァージンレイザー・パラディオンを使用した際（あの子ごと）死んでくださいて台詞あって
発言当初はあの子＝メルトリリスだと考えられているみたいだけど
黒幕が判明した今考えるとあの子＝カズラドロップだったりして

127 ななしのよっしん 2018/07/14(土) 04:36:52 ID: 4Ty+s1MVHl
リップの幕間良かったな
相変わらずBBがやりたい放題だったけど

128 ななしのよっしん 2018/07/15(日) 08:23:46 ID: adOVefmQNT
幕間見て、改めて桜に一番似てるんだなと思ったよ
そして面白い強化だな

129 ななしのよっしん 2018/09/10(月) 12:33:17 ID: XYcGvbjw2k
盾役かつ基本等倍受けだから高難易度だとHPが半分以下になることも少なくないからより高難易度向けになったな。といっても等倍受けの関係上、無理にHPが減ってる状態を維持すると事故るからやっぱりオマケ程度に考えたほうが良いけど。

130 ななしのよっしん 2019/02/21(木) 04:38:11 ID: vO3jwUxO51
いくらAQのNP効率がいいからといっても所詮はB3突撃娘だからNP補助する鯖と回復補助鯖がいればいい…

いつものマーリンとジャンヌ（デルセン）になるな…

131 ななしのよっしん 2019/02/28(木) 04:49:41 ID: 4PrpKm33QM
この子がFGOでそれなりにまともな服を着てしまったせいで、相対的にメルトがサクラファイブで一番痴女になってしまった

