ポーキー・ミンチ 2019-03-06/12:54 416

1：ななしのよっしん：2008/08/23(土) 00:37:36 ID:yjhiJDBcZH
◆おつ。

2：ななしのよっしん：2008/08/23(土) 00:40:36 ID:yjcCa+mwiF
終盤の話は書かない方がいいと思うんだが無くても記事は成立しそうだし

3：ななしのよっしん：2008/08/23(土) 00:54:41 ID:+cCgzEoyhc
ポーキーの名残いわゆる野○ソについて書いてもいいんじゃないか？

4：ななしのよっしん：2008/08/23(土) 14:12:34 ID:UoeBOqCkpS
スマブラＸでは救われるって聞いたんだが詳細希望。

5：ななしのよっしん：2008/08/23(土) 14:18:39 ID:+cCgzEoyhc
３では死ねないＸでは爆発そういうことさ。

6：ななしのよっしん：2008/08/23(土) 14:30:46 ID:Waw7KEOBXq
でも生きてるよね

7：ななしのよっしん：2008/08/23(土) 14:32:55 ID:+cCgzEoyhc
２の知恵のリンゴは結局３から出戻りしたコイツなんじゃないかと未だに信じてる。

8：ななしのよっしん：2008/09/17(水) 18:35:38 ID:KNBWzFeQb/
ニコニコではポーキー嫌われてるっぽいけど(てか便乗厨が増えてるからかも知れないが)、俺は嫌いではないな。悪い事したのはいけないこどだけど。何だか昔の自分と被ってて、同情しちゃうって感じだな。ここまで流石に悪いことはしてないけどなwww

9：ななしのよっしん：2008/10/01(水) 02:26:13 ID:D78pfZHV3s
やっぱり、知恵のリンゴじゃないのか？

10：ななしのよっしん：2008/10/10(金) 02:13:09 ID:ySe7k3O52S
なんでそのほかの「ポーキーのいたなごり」を消したんだ？消す必要ないだろ。

11：ななしのよっしん：2008/10/26(日) 14:35:45 ID:OTVuP9X6+Y
motherの真骨頂といっても過言ではないキャラメイドロボとかわかってるよな。コイツ

12：ななしのよっしん：2008/11/07(金) 21:30:12 ID:M6AXbXtHq7
３であんなことになるなんて思いもしなかったな。

13：ななしのよっしん：2008/11/07(金) 21:31:39 ID:R2sA3sirGO
ホー・チ・ミンに見えた

14：ななしのよっしん：2008/11/16(日) 23:18:27 ID:Wm8gEeyuTo
１、２をプレイしてから、いざ３に入ったときにいきなり敵が豚の格好してただろう？もうその時点で大体のプレイヤーはラスボスが誰だか解ってたと思うけど、ポーキー本人の姿の公開は本当に最後の最後まで引っ張ってたから、いざ決戦のときに姿を見るのが少し怖かったなｗ

15：ななしのよっしん：2008/11/16(日) 23:20:46 ID:+cCgzEoyhc
６４の頃のサブタイトルで既に分かっちまったよｗ６４の頃の展開も見てみたかった気がする。何せ　最期　だしな。

16：ななしのよっしん：2008/12/16(火) 19:01:49 ID:SWitcXOP3g
ポーキーのいたなごり　って素直に言えばいいじゃないかあと糸井重里はもういい。３とか出さない方がよかった。ここだからこそ言える

17：ななしのよっしん：2008/12/16(火) 23:38:10 ID:Y3bI9wmUVz
カラーマン＝色男そのまんまですね

18：ななしのよっしん：2008/12/17(水) 19:34:45 ID:+tN7JGq29p
俺はなんだかんだポーキーは、MOTHERシリーズで1.2を争うくらい好きなキャラだな

19：ななしのよっしん：2008/12/17(水) 20:12:49 ID:HWEd9wl/aq
ハッピーハッピー村の事件後、ポーキーの勝手すぎる謝罪(素直でないから故かもしれないが)に対し、ネスは無視したんだよね。ちょっとそこらへんがなんか複雑だなあ…

20：ななしのよっしん：2008/12/17(水) 22:25:43 ID:VSY900wBPQ
ここまでいろんなやつらに手を貸しといて逆に利用されて捨てられる可能性を微塵にも感じられんやつも珍しい。いや、万が一そんな現象が起こったらもはやＭＯＴＨＥＲじゃないなｗｗ…まさかタブーにも力を与えたとかいうんじゃ

21：ななしのよっしん：2008/12/18(木) 00:07:31 ID:z0cIGUHmzz
母親から虐待を受けていたという設定があったような無かったような

22：ななしのよっしん：2008/12/20(土) 14:56:15 ID:WQvIMTYsGf
プレイ動画で「ポーキーは愛されたことがないから、　愛する方法（というか手段？）が分からない」みたいなこと言ってる奴がいたが、結局『ネスからも見放されてる』って思い込んでいたのかもしれんな。

23：ななしのよっしん：2009/01/08(木) 08:32:59 ID:+ZmGuzmhqA
2のマジカントで、ポーキーが「これからも仲良くしよう」みたいなこと言ってたけど、それってネス自身の望みだったのかなポーキーとずっと友達でいたいっていう

24：ななしのよっしん：2009/02/14(土) 01:14:51 ID:VSY900wBPQ
>>23いや、ネスのわずかな心のスキマに付け入り内から支配しようとするポーキーの布石…なわけないか

25：ななしのよっしん：2009/02/17(火) 00:53:03 ID:pUZv0As/Sd
俺はネスが昔ポーキーに実際言われて、普段弱みなんて見せないジャイアンなポーキーが見せた繊細な部分として強く印象に残っていたんじゃないか

26：ななしのよっしん：2009/03/12(木) 21:13:30 ID:pgq6IUyFv1
>>4ネスと会えることじゃないか？本文だけど衰弱じゃなくて時間移動をしすぎた弊害で正常に年を取れなくなりそのせいで精神は子供だが実際は1000歳かもしれないし10000歳かもしれない不老ではない不死になった、じゃないか？ぜったいあんぜんカプセルを用意した動機がいまいち不明になるけどまあこれは機械のほうを守るってことで

27：ななしのよっしん：2009/04/06(月) 08:33:16 ID:7zt2fsTvwH
ポーキーの母もポーキーに優しくしてくれたと思うよ。３のレストランで好き嫌いなく食べてもいいのよみたいなこともいってたし、一応父もエンディング後に彼を心配していたような発言もしていたしな

28：ななしのよっしん：2009/04/06(月) 19:16:32 ID:ySe7k3O52S
>>272で登場した母親の性格を見るに決して優しかったとは言えず、むしろそのセリフはポーキー本人が抱いていた願望を現したものと考えるのが妥当。

29：ななしのよっしん：2009/04/16(木) 16:18:01 ID:2yJeGXu6nl
ともだちのヨーヨーか…。あのクソ生意気な悪ガキがマザー3であの姿になってしまうのは…。子供の時はコイツ大嫌いだったけど今は(マザーシリーズの中で)一番好きかも知れん。

30：ななしのよっしん：2009/04/18(土) 14:36:52 ID:6IcXovACay
なんびゃくなんまんドルにちょっとかけると元の数字より小さくなるんじゃないかと思った小学生時代。ってか２のギーグは３のポーキーって説はぜったいあんぜんカプセルに入ってる事をどう説明するのか謎。

31：ななしのよっしん：2009/04/18(土) 23:46:58 ID:OneMe+t1yu
なるほど、ちょっとかけるの『ちょっと』=『１以下の数字』かそれはうまい

32：ななしのよっしん：2009/04/20(月) 18:51:30 ID:ZDfU2F0NO6
ちょっと欠けるってこどじゃない？

33：ななしのよっしん：2009/04/20(月) 19:18:33 ID:+cCgzEoyhc
>>30そんな説あるの？知恵のリンゴ＝３のポーキー説ならけっこう聞くんだけどなぁ。

34：ななしのよっしん：2009/04/20(月) 19:58:57 ID:ySe7k3O52S
>>33「ぜったいあんぜんカプセルから魂だけ抜け出して～」とかいう内容だったような。どっかの攻略サイトの掲示板に書いてあった。話に繋がりを持たせたいって気持ちはわかるが、それは無いと思った。というか無理矢理すぎる。というか同名のキャラクターが登場するせいか、無理矢理前後の作品とつながりを持たせようとしすぎる気がする。1と2なんて世界自体違うのに。3は考慮する余地があるとしても。つかキャラクターや世界のつながりについて議論する気はないので、突っ込まないでね；

35：ななしのよっしん：2009/04/20(月) 20:09:39 ID:+cCgzEoyhc
魂だけ抜け出すかー　しかしやりかねんｗｗｗ

36：ななしのよっしん：2009/04/24(金) 18:22:14 ID:jzFYolMtZ3
ポーキーはヤンデレ

37：ななしのよっしん：2009/05/15(金) 22:12:36 ID:xliOrEnPZx
ポーキーは最初は「うぜぇな豚が」って感じなんだが……

38：ななしのよっしん：2009/05/29(金) 18:37:49 ID:vGRNuOhPPh
マザー２の小説版のポーキーはギーグと合体し、巨大な脂肪の塊になって襲ってくるという物だった。最後はネス達によって倒された後、世界が書き換えられてネスの兄として復活する形となった。 そのことにより性格もまったく逆に変わり、さわやかで弟妹想いな好青年になっているらしい。

39：ななしのよっしん：2009/05/29(金) 18:43:31 ID:ySe7k3O52S
>>38あれはないわぁ…。いい話にしたつもりかもしれないけど、マザー2という作品が台無しになってる。

40：ななしのよっしん：2009/06/05(金) 22:04:51 ID:egbB0KSrLQ
豚と鳥ってどっちが強いんだろ・・・・

41：ななしのよっしん：2009/06/21(日) 00:38:22 ID:gXCyU6yRPp
†偉大なるフライングマンここに眠る

42：ななしのよっしん：2009/07/17(金) 20:58:21 ID:kfoLyTkgY4
3だとブチ殺したくなるブタ野郎

43：ななしのよっしん：2009/08/09(日) 06:06:23 ID:jZg/GRO3pZ
だけどあの姿と末路を見せられると単純に死ねキチガイと思えなくなる不思議

44：ななしのよっしん：2009/08/09(日) 06:27:08 ID:vGRNuOhPPh
ネスと同じくらいの年なのに（おそらく小学生くらい）ヘリコプターや悪魔のマシンを使いこなすあたりやっぱりそれなりの知識はあるんだろう親から英才教育を受けていたんだろうな、金持ちの家系だし（海馬社長みたいに）

45：ななしのよっしん：2009/09/05(土) 03:54:56 ID:fJkzjZlv7R
ジョジョにおける、「-カーズは-2度と地球へは戻れなかった…。鉱物と生物の中間の生命体となり永遠に宇宙空間をさまようのだ。そして死にたいと思っても死ねないので―そのうちカーズは考えるのをやめた。 」とほぼ同じオチだな。

46：ななしのよっしん：2009/09/19(土) 18:36:32 ID:pT+Y19Nl52
１のギーグは去り際に「また会おう」なんて言ってるのに２であれだし、２のポーキーもネスに手紙を送っているのに３であれだし、１と２はたしか公式で完全な他人だから血筋ってわけでもないし、ギーグもポーキーも再会の言葉を自分から破っているな。

47：ななしのよっしん：2009/09/29(火) 04:07:09 ID:pUZv0As/Sd
自制心は欠落してないと思うけどなあポーキーは自分がやってることがどれほどのことかわかっていながらやってそうだし

48：maru：2009/10/11(日) 16:38:31 ID:VZzNHDZ4IR
俺はやっぱりMOTHER２より３のほうが好きだなあ・・・

49：ななしのよっしん：2009/10/22(木) 20:13:39 ID:n9/8gvez0O
ポーキーは子供の負の面を、MOTHER3のヨクバは大人の負の面を具現化した存在だってどこかで糸井さんが言ってたと思う。俺も大人になってから見るとポーキーはかわいそうに見えてしまう・・・

50：たこやき：2009/11/06(金) 15:02:19 ID:MyJ/kHGy4k
大嫌いなキャラだったけど３やって彼の最後を見たらなんか悲しくなった。

51：ななしのよっしん：2009/11/16(月) 23:26:58 ID:4s8VGHOOLH
>>39あれはあれで悪くないと思うんだけどな、特に3をやったあとだと。とんでもない悪人だけど、あまりにも最後が哀れすぎる気がするよ。

52：ななしのよっしん：2009/11/29(日) 22:05:56 ID:9uM/qK0a8D
>>38　　　　　　＿＿＿＿＿_　　　　　　r'　,v^v^v^v^v^il　　　　　l　/ jニﾆｺ　iﾆニ!.　　　　i~^'　 fｴ:ｴi　 fｴｴ)Fi　　　　ヽr　　　　　 ＞ 　 V　　　　　　l　　　!ー―‐r　　l　　　　 l　__,.r-‐人　　 ｀ー―'　　ﾉ＿ノ 　 !　!　　ﾞｰ‐--￣--‐'"ハ ~^i 　ヽ　!　ヽ､＿　　　　 ＿.ノ　 i　 ＼ヾV /　　　　　　　　　　　　　 ! ／.入

53：ななしのよっしん：2009/11/30(月) 23:09:06 ID:6ikZAMWN5H
>>46どちらかというとあの台詞は画面の前のプレーヤーに向けた言葉なんじゃあないかと思った

54：ななしのよっしん：2009/12/02(水) 17:26:56 ID:7iV6FIiBUZ
「かわいくて不気味　幼児性と暴力」　ミタメもカワイイけりゃ一部で人気が出たか、逆に印象が薄れたかマジカントのセリフははたして本心かネスの願望か

55：ななしのよっしん：2010/01/10(日) 03:27:55 ID:0kUDvhWgPI
◆ポーキーもネスも　お互い本当は友達ずっと友達で居たいと◆おもっていたんだろうなあ◆マザー２とマザー３やり終えた次の日　通学の電車でＷＩＫＩのポーキーの記事を見てたら◆なみだがとまらなくなった俺は全部の作品がほんのりつながってると解釈してるただ、時系列があるというより別次元とか異世界とかそういうレベルかなとつながってないかもしれないし、つながってるかもしれないソレくらいのレベルの認識かなただ、ポーキー＝ギーグってのは・・・どうなのかなあだとすると２のポーキー⇒３のポーキー⇒ギーグ化⇒１のギーグ⇒２のギーグって思うとなんか狂い加減が加速していってなんか納得がいかないでもない最終的に２のギーグ⇒知恵のりんごでもいいんじゃない？

56：ななしのよっしん：2010/01/31(日) 23:06:20 ID:43A+ygEm+i
あると思ったらなかったドット初めてやったから色指定とか不安
    
      



      タイトル:ミンチよりひでえ
      画像をクリックして再生!!


         
      


記事内参照用URL:

57：ななしのよっしん：2010/02/13(土) 03:09:36 ID:hHkLSTmr8s
ポーキー好きな人はサウスパークやAKIRAあたりも楽しめるかもしれない

58：ななしのよっしん：2010/02/16(火) 14:18:22 ID:wYtzW++Sft
３の絶対安全カプセルを見て２のギーグ第一段階を連想したのは俺だけじゃないはず・・・・だがギーグ＝ポーキーだと気の毒すぎるのであんまり考えたくない

59：ななしのよっしん：2010/02/16(火) 19:28:28 ID:bEfbPmZqE2
>>57サウスパーク好きなんだけど、ポーキーがMOTHERキャラの中で２番目にすきかも。１位はトンズラあれだよね、まあ、カートマンだねｗ

60：ななしのよっしん：2010/02/26(金) 00:35:03 ID:mlxlGOlgUy
ポーキーの虐待についてだが、『電話は3コール以内に取らないと尻叩き100回』って弟が言っていた気がするんだが……。事実なら、よっぽど厳しい家庭だったんだなって思う。靴がそろっていないといって叩かれ（アメリカじゃ靴脱がないか?）、言葉遣いが悪いといってタバコを押しつけられたりもしていたのかもしれない。

61：ななしのよっしん：2010/03/09(火) 22:24:26 ID:XgM/K+8KQG
ポーキーが仲間だった頃に、ネスのママに「ポーキーちゃんは～がだいっ嫌いだったわね、ざんねん！」見たいな事を言われてる彼を見たときには、子供心にネスと彼の間にある埋まらない溝を感じたよ。誰からも愛されないってのもそうだが、ネスの行く手を阻み、先回りするかのように現れるのに、まるで逃げているようでもあり、自分の為に行動してるようなのに常に誰かのために何かをして取り入ろうと気をもんでいるってあたり、とてももどかしい矛盾を抱えたキャラだよな。他人から逃げよう、裏切ろうとする反面、誰かから追われたり受け入れられたりすることに飢えている。それだけに、３のポーキーにはちょっと違和感を感じたわ。独裁者のような孤独な渇望の中に閉じこもるのは、彼の性分ではないと思う。他人を拒絶する絶対安全カプセルもそうだけど。まあ、彼の本当の願いは破滅や死で、それを求めた過程なんだろうな。最も、全部俺が勝手にそう思い込んでるだけだけどｗポーキー＝ギーグ説もちょっとなぁ……マリアがギーグに与えた愛は、彼が求めてやまなかったものな気がする。

62：ななしのよっしん：2010/03/09(火) 22:33:00 ID:kfoLyTkgY4
結局絶対安全カプセルに入ったまま出られなくなって放置状態で完結だから後味が悪いまま終わって残念だな・・・

63：ななしのよっしん：2010/03/10(水) 01:57:13 ID:TYgvnPoabt
ネスも結局この子の孤独を救ってはあげられなかったんだな、と思うと、明るいはずの２のラストがもの悲しく見えてくる。

64：ななしのよっしん：2010/03/14(日) 00:07:31 ID:HWi8yY1n1l
もし２と３がつながっているなら、時代的には３→２の順番だと思う。（ポーキーは２→いろんな時代を行き来する→３）そうしないと３でアンドーナッツ博士が生きてることが説明できない。まずノーウェア島がエンディングで崩壊したあと、なんとかしてそとの世界でオネットやらスリークやらフォーサイドやらを作った。（この辺が説明しづらい）崩壊したノーウェア島は魔境になった、ポーキービルの地下は最低国になったとかで。そして、mother2の世界ができた。（この間でアンドーナッツ博士は結婚しジェフという息子を作る。）絶対安全カプセルはあくのマシンに、ポーキーはギーグ化する。２の途中、ギーグ化したポーキーはポーキーとスターマンの連中に、アンドーナッツ博士の新たに発明したあくのマシンのスイッチを切る装置（絶対安全カプセルをはずす装置）をウィンターズの研究所からパクってくることと、アンドーナッツ博士達を誘拐させることを命令した。そして、ラスボス戦でポーキーにあくのマシンのスイッチ（を切る装置）を使わせ、久しぶりにネスと対面、ギーグ化ポーキーはネスの事を覚えており、ギーグ化した悲しみや苦しみから逃れたいために、ネスに助けを求めている。ネスサンネスサンネスサン・・・こんな感じかな？ゴチャゴチャしてごめん。自分でも書いててややこしくなってきた。

65：ななしのよっしん：2010/03/14(日) 09:41:01 ID:XgM/K+8KQG
>>64時間と空間を自由に行き来できるポーキーは「好きな時空間から、博士を何度でもつれてこれる」わけだから、博士の存在から３の時系列を読み取ろうってのは、はっきり言って無駄だけどね。あとアンドーナッツ博士って死ぬっけ？少なくとも２本編じゃ死なないけど…

66：ななしのよっしん：2010/03/20(土) 21:31:48 ID:HWi8yY1n1l
>>65あらら？ポーキーそんな事言っとんたんかい！じゃあ違うのかなぁ・・・自信あったんだけど。あとアンドーナッツ博士は死なないよ。あと>>64の補足。ＭＯＴＨＥＲ１は２と３に関係ないということで。ＭＯＴＨＥＲ２は１の改訂版（リメイク）って糸井さんか誰かが言ってた（気がする）あとどうでもいいけど>>65で否定されるまでリュカはポーラの父親になったと思ってた（考えすぎ？）理由として　１、ポーラがフランクリンバッヂを持っている（持っていた物をポーラに渡した）　２、髪が黄色　３、性格がおっちょこちょいそれにしてもＭＯＴＨＥＲの時系列ってどうなってんだろ・・・

67：ななしのよっしん：2010/03/23(火) 10:37:09 ID:7AZ4LPSRAU
そういえば、モノトリーはヘリ強奪したポーキーを心配してた（気がする）んだが、ポーキーは結局これを知らないままか

68：ななしのよっしん：2010/04/24(土) 01:22:44 ID:E3lDV151rV
こんな　かんじのやつが　クラスメイト　に　いたねころしてやりたい　ね　まったく

69：ななしのよっしん：2010/04/24(土) 01:37:31 ID:RaMhR/qMsp
リュカくんも　ぬきたいんだろうねぇ。いってみればいいじゃないか。

70：ななしのよっしん：2010/04/26(月) 16:59:16 ID:O7p8ABLmPF
>>25俺はこの説が好きだな。

71：ななしのよっしん：2010/05/26(水) 16:52:24 ID:kfoLyTkgY4
3では最後の一言が同情をさそうようになってるがよく考えればコイツさえいなければになるな・・・まあ結局歪んだ嫌な性格を直せなかったポーキーも悪いが

72：ななしのよっしん：2010/06/13(日) 01:20:43 ID:o47AwOSNdP
ポーキーは確かに誰からも愛されず性格のせいで友達もできず周囲の人間からは「豚呼ばわり」されてきた。それは可哀想だがだからといって彼の行為を許す事だけはしない、したくない。彼のちょっとした悪戯心のせいで幸せだった家族が一瞬のうちに引き裂かれてしまった・・・。

73：ななしのよっしん：2010/06/14(月) 12:36:08 ID:EB9yK2GF5q
とちゅうほぞん
    
      



      タイトル:とちゅう
      画像をクリックして再生!!


         
      


記事内参照用URL:

74：ななしのよっしん：2010/06/14(月) 20:58:12 ID:EB9yK2GF5q
完成。




      タイトル:ポーキー
      画像をクリックして再生!!
この絵を基にしています！


         
      


記事内参照用URL:

75：ななしのよっしん：2010/06/15(火) 09:46:37 ID:2yJeGXu6nl
>>74うほっいいポーキー

76：ななしのよっしん：2010/06/16(水) 22:20:11 ID:7AZ4LPSRAU
>>74骨格無しで一体どうやって…GJ

77：ななしのよっしん：2010/06/18(金) 20:13:12 ID:EB9yK2GF5q
調子に乗ってもう一体。完成。
    
      



      タイトル:ポーキー・ミンチ
      画像をクリックして再生!!


         
      


記事内参照用URL:

78：ななしのよっしん：2010/06/18(金) 23:12:25 ID:2yJeGXu6nl
>>77いいねいいね

79：ななしのよっしん：2010/06/27(日) 03:15:40 ID:mI8D9lGW1D
最後まで憎まれ役で悪役であった点ではいいキャラだったな

80：ななしのよっしん：2010/07/03(土) 19:37:22 ID:kDTBTEFb0x
全く話題になっていないがポーキーさまのテーマは名曲だと思う

81：ななしのよっしん：2010/08/10(火) 11:23:59 ID:vGRNuOhPPh
エンパイアポーキービルで2に出た物がある部屋があるが（BGMがポリアンナの部屋）よく見たらマジカントにしか存在しない電話がある。マジカントはネスしか行けない場所なのにそこの電話があるって事はもしかするとポーキーはマジカント（ネスの心の中）に侵入してたんだろうか

82：ななしのよっしん：2010/08/14(土) 20:43:59 ID:bc6+wvdhLn
２のマジカントって１のマジカントと違うの？１では仲間も普通に入れたが

83：ななしのよっしん：2010/08/15(日) 18:07:30 ID:XgM/K+8KQG
>>821のマジカントは、ある人物が作り上げた幻の世界。各地に点在する特別なスポットを通して行くことができる。幻想的な世界観が特徴。「幻として存在している」世界のため、条件さえ満たせば誰にでも入る事ができる。2のマジカントは、主人公の精神世界。「主人公の中にある、対外的には存在しない」世界のため、主人公自身にしか入れず、主人公自身の経験や精神が反映されている。つーわけで、名前が同じだけでまったく違う世界。１のマジカントは誰かの世界で、２のマジカントはネスの世界。出来上がった過程も目的も全然違うから、名前だけ同じもの位に考えていいかと。

84：ななしのよっしん：2010/08/16(月) 22:21:45 ID:A8TQlNX3K1
>個人作品「東方星母録」に登場している（MOTHER3の設定を使っているのか幻想郷を近代化させている）。なにを言うとんねん

85：ななしのよっしん：2010/08/20(金) 18:02:57 ID:bc6+wvdhLn
じゃあポーキーはネスの精神に侵入していたってことかな

86：ななしのよっしん：2010/08/20(金) 20:12:51 ID:XgM/K+8KQG
>>85うんにゃ、マジカントのポーキーはあくまでもネスの心が生み出したもの。本人じゃなく、ネスの思い描く、ネスの心の住人。

87：ななしのよっしん：2010/08/24(火) 21:30:21 ID:LF4V72l6Nb
糸井さんが４出したいなら勝手に出してくれみたいなこと言ってたけどやっぱ２から３への変遷が見たいなでも糸井さん関与しないってことは本当のMOTHERじゃないってことでそれはそれで困るしああ何言ってるんだろうおれ

88：ななしのよっしん：2010/08/28(土) 14:16:16 ID:VZzNHDZ4IR
>>80禿同。俺はあの曲に一目惚れしてMOTHERの世界に入った。

89：ななしのよっしん：2010/08/28(土) 14:25:41 ID:kfoLyTkgY4
絶対安全カプセルの中で死にたいと思っても死ねないのでそのうちポーキーは考えるのを止めた。

90：ななしのよっしん：2010/08/29(日) 23:30:08 ID:l1svrg0f+1
誰からも愛されず必要とされず、孤独を味わった結果があの歪んだ3の姿。そしてその末路も、永遠に死ねず、孤独に生き続ける哀れな男。確かにやった事は許されないだろうが、単純に殺す事で裁きを与える訳ではなく、生き続けさせる事を裁きとするのは中々深いとは思った。

91：P：2010/09/04(土) 16:59:05 ID:Z/D/TKb2KT
キングのぞうのHPは100,000,000です。（ソース：攻略本）プレミアムの方修正お願いします。

92：ななしのよっしん：2010/09/27(月) 15:53:00 ID:bmaBRR9Lx2
＞個人作品「東方星母録」に登場しているなにこれ？公式じゃねえ同人作品に「登場している」とか何考えてんだ？

93：ななしのよっしん：2010/09/27(月) 15:57:09 ID:4IuXeCMy7v
>>92おいばかやめろ！その作品のネタを出すと他の東方作品と違って大きく荒れる早く記述を消すべき。そうするべき。

94：ななしのよっしん：2010/09/27(月) 17:17:08 ID:9qYns7pDqT
こっちも東方ネタかよ……マザー関連を汚すな

95：ななしのよっしん：2010/09/27(月) 17:27:05 ID:4IuXeCMy7v
>>94今編集依頼出しておいた。東方自体は好きだけどこの星母録は嫌い。糸井氏が「伝えたいもの」をベースにゲームを作ってるのにただやりたいだけのパロディばっかで、マザーを馬鹿にしているようにしか見えないもの。

96：ななしのよっしん：2010/09/27(月) 20:33:25 ID:XgM/K+8KQG
とりあえず編集した。東方聖母録の記述は「ポーキー・ミンチとしての項目としての関連性」が低いための削除ってことで。「ポーキー・ミンチの項目と東方聖母録の項目の関連性」は高いので、関連項目のリンクはそのままとしました。あくまでも情報だかんね、そこも消したい人もいるかもしれんけど。

97：ななしのよっしん：2010/09/27(月) 20:35:30 ID:XgM/K+8KQG
聖母録じゃなくて星母録か、まあいいさね。

98：ななしのよっしん：2010/09/29(水) 13:57:24 ID:Tf04CJBEj7
星母録ファンだがここに記述はいらないと思うので関連からも消したよ。

99：ななしのよっしん：2010/09/29(水) 18:08:50 ID:XgM/K+8KQG
まあ別にこだわりがある訳じゃないから好きにしていいけど、残した身からしたら、編集コメントで色々言われたら困る。

100：ななしのよっしん：2010/09/29(水) 21:42:10 ID:ySe7k3O52S
MOTHER2でも「星母録は関係ないからいらん」とか言ってる人がいいたけど、・あれは舞台を東方作品を参考にしてMOTHERも元ネタとして使用してる・ポーキーは登場している（というかネス達も出てた気がする）という理由があるから消す必要ないと思うんだけどね。というかそんなにもMOTHERはMOTHER、他との関係は持たせる必要がない、とか潔癖なまでに拒絶したいならここじゃない別の場所でMOTHER辞典でも作ってやってりゃいいんだよ。ここはニコニコ大百科なんだから。

101：ななしのよっしん：2010/09/30(木) 00:53:50 ID:8nI9FI5gmW
東方星母録の記事でMOTHERやらポーキーやらを関連項目に入れるのは別に問題ないと思うが、ポーキーの記事で東方星母録を関連に入れるのはなんか違うだろ。

102：ななしのよっしん：2010/10/03(日) 23:29:49 ID:crdTxbEBDS
ネス、お前はいいよな・・・。なんかお前のことがうらやましいよ。・・・・・・。おれなんかダメさ。だけど、ネス・・・ま、いいよ。いつまでも仲良くやっていこうぜ、な

103：ななしのよっしん：2010/10/12(火) 17:21:38 ID:dDKqAxqlc6
ともだちのヨーヨーもあったなぁ

104：ななしのよっしん：2010/10/13(水) 00:23:38 ID:ySe7k3O52S
>>101だからそれだったらMOTHER辞典を余所で作ってやっていればいい、ここはニコニコ大百科であってMOTHER専門の辞典サイトじゃないって言ってるんだけど。

105：ななしのよっしん：2010/10/13(水) 00:57:50 ID:XgM/K+8KQG
>>104まあ、もう良いんじゃね？結局は、不用意に残した俺が悪かったんだろうしね。俺も、項目の内容を使った二次創作物を関連動画に入れたりするのは当たり前だと思って項目の方を残したんだけど、このままじゃ争いの火種になりかねないし、無理して修正する必要もないでしょ。

106：ななしのよっしん：2010/10/13(水) 03:45:08 ID:61XefPtoFM
ネタ元にいちいち関連項目として加えてたら、ジョジョとかくそみそテクニックの記事が酷い事になりそう。

107：ななしのよっしん：2010/10/13(水) 20:20:11 ID:XgM/K+8KQG
>>106ああ、それはそうだね。ごめん。ただ、その正当性の壇上で語るなら、関連動画として登録するのは良いって事になる。でも、ポーキー・ミンチの項目から星母録が消される理由は、そういう事じゃないと思うんだ。

108：ななしのよっしん：2010/10/15(金) 10:15:03 ID:4Tkiq0q/3x
>>sm12269564sm12269564ありえたかもしれないポーキーの別の未来

109：ななしのよっしん：2010/10/20(水) 19:05:07 ID:9y2tfcHpjd
>>104の言い分がさっぱり理解できん・・・ニコニコっていつから東方のものになったん？

110：ななしのよっしん：2010/10/24(日) 11:42:52 ID:0BV5iWuhxx
東方ｐｒｏｊｅｃｔ関連の名前を見るだけで、火病る人も未だ多いんだぞ？自重してほしいよ。まあ、「ニコニコでは」で書き＋のなら別にかまわないけどさ。

111：ななしのよっしん：2010/11/05(金) 16:28:17 ID:kfoLyTkgY4
絶対安全カプセルで永遠に死ぬことがなくなったっぽいけど没ムービーだと生命維持装置兼移動ベッドみたいな機械から投げ出されてくたばったからカプセルの中でもベッドから投げ出されたら死ぬんじゃね？

112：ななしのよっしん：2010/11/05(金) 20:16:53 ID:ySe7k3O52S
>>109いちからか？いちからせつめいしないとだめか？するきないけどな。

113：ななしのよっしん：2010/11/05(金) 20:29:40 ID:rbE0fafATz
ネットにおいては釣られるほうも非難の対象だけどな鍵を開けっぱにしたやつが泥棒に入られて家族に叱られるのと一緒だ

114：ななしのよっしん：2010/11/06(土) 16:05:18 ID:XgM/K+8KQG
>>111あの没ネタを使った場合、「ストーリからポーキー不死身設定が無くなる」とか、ハミングバードの卵の効果かなんかで、「ポーキーが死ぬようになる」とか、そういう展開になったんじゃない？

115：ななしのよっしん：2010/12/05(日) 20:16:01 ID:PEANWs6h4z
>>106>>110記事に「東方（の二次創作）」って要素があるだけで数ヶ月間論争気味のｶｷｺがされる原因になっているから、何にせよ東方星母録については削除した方が良いんだろうね。火病ってる人はこのスレには居ないと思うけれど。

116：ななしのよっしん：2010/12/05(日) 22:43:07 ID:8sP2hsAATG
人の考えは人それぞれ、っていうのはわかってるけど、「ポーキーを死んで当然！ざまぁｗ」とか「ポーキーをかばう奴は頭がおかしいだろ死ね」と言うコメントを見るとちょっと悲しくなるわ。確かに救いようのない人間だったし、彼がした所行は許される事ではないけども、人間の汚い部分・悪い部分を凝縮した一番「人間らしい」キャラだったし、ある意味MOTHER2・3で一番可哀想な（＝哀れな。not同情）人間だったと思う。ヒーローになりたかった、ひとりぼっちのただの凡人なんだよなぁ。そこんところを分かって欲しい気はする。一笑に付されるだけかもしれんけど。

117：ななしのよっしん：2010/12/07(火) 20:39:54 ID:FiepddLw6Z
ネスやリュカはストーリーが進むにつれ仲間が増えていくけど、ポーキーの場合は一人も仲間と呼べそうな関係の人がいないんだよね執拗にネスの邪魔をするようになっていったのは自分が持っていないものを持っているネスのことを妬んでいたからかな？最後は親にも気にかけられなくなってたし、３の世界に行っても孤独だったのは可哀相だった

118：ななしのよっしん：2010/12/12(日) 03:57:43 ID:0irSSuCtRE
3で助けてあげたかったなポーキー・・・。3は本当に誰も助かってない感がある。クラウスも助けてあげたかった

119：ななしのよっしん：2010/12/29(水) 18:06:19 ID:4fC3esUjIx
哀れではある。たしかに許されることではない。だが、酌量の余地はある。若い子には難しいでしょ。この醜い心が人間誰でも持ってて、それが人間らしい部分なんだって、わかるのはまだ先。それを認めないと矛盾ができるんだけどね。若いと突っ走っていけるから、なかなか気づきえないんだ。それがわかるネスはすごいやつだよ。ポーキーもそれがわかってたんだろうね。うらやましいといいつつ、認めていたんだろう。

120：ななしのよっしん：2011/01/05(水) 01:10:59 ID:hBV5d2POhY
やっぱＲＰＧって、主人公に感情移入してプレイするもんだし。ＭＯＴＨＥＲシリーズみたいに、主人公が喋らないタイプの話は特に。で。リュカに感情移入してると、ポーキーは家族や故郷にさんざん酷いことをした張本人だし、殺したいほど憎んでもおかしくはないと思う。でも俺らの中には、マザー２をプレイして、ネスに感情移入をしてた「おもいで」もあるんだよな。で、プレイヤーはリュカに感情移入してマザー３をプレイしてたはずなのに、途中のシーンでふと、リュカにとっては「だれかさん」でしかないはずのネスの「おもいで」を揺さぶられるシーンがあるんだよな。で、ネス視点で見ると、ポーキーはかわいそうなやつなんだよな。しかも、ともだちのヨーヨーなんてもんを見せられると、ネスならポ－キーを救えたのかもしれない、でも救えずにこうなってしまった…っていう、罪悪感みたいなものを刺激されちゃうんだよな。このあたりの視点のブレが、ポーキーへの評価が定まらない理由のひとつになってるんじゃないかな…なんて、思った。チラ裏長文スマソ

121：ななしのよっしん：2011/01/06(木) 03:16:14 ID:+SMn0ibe/8
>>114例の動画のコメに「自殺マシン」という言葉があったが・・・

122：ななしのよっしん：2011/01/24(月) 22:23:23 ID:wYtzW++Sft
ところで没データのポーキーは何で服着てないんだ

123：ななしのよっしん：2011/03/07(月) 01:40:28 ID:1Jzc66+51x
没データの様子ってもしかして別の次元に逃げようとして失敗した?次元移動の際に裸になる必要があるかもしれない

124：ななしのよっしん：2011/03/15(火) 21:44:31 ID:VZzNHDZ4IR
>>108亀レスだがこれ本物？

125：ななしのよっしん：2011/03/26(土) 23:44:27 ID:OMfC2Dxu4Z
>>119ポーキーもネスの事を唯一の友達と思ってたから、大事にヨーヨーを保管したりネスが主人公の映画を上映してたりしてんだろうな。そう思うと何か遣る瀬無い気分だ…。

126：ななしのよっしん：2011/04/04(月) 11:13:44 ID:9T+7EU3loX
3→1説って無いの？マジプシー宅→マジカント住居いい人温泉→ギーグ手前のカプセルに閉じ込められた人たち絶対安全カプセル→ギーグの姿EDのタイトルロゴ→タイトルロゴ板違いかもしれないけど、どうだろう？

127：ななしのよっしん：2011/04/05(火) 18:45:13 ID:XgM/K+8KQG
>>122>>123単に服が肌色っぽいだけかと。没データよく見れば、胸元に茶色っぽい色が見える気がするから、あれが襟元とすれば、バスローブみたいな形のカーキ色のパジャマのようなもの着てるんだと思う。>>126３→１説は結構あるよ。絶対安全カプセル→ギーグの姿ってのは聞かんけど。ギーグは宇宙人で、もともとはマリアに世話されていた子供だった。あのカプセルの中に入ってるのは一時的な姿だから。３→１→２って流れを前提にした、ポーキーの絶対安全カプセルは、ギーグに指示を与えてた、知恵のリンゴって意見は良く聞くけどね。

128：ななしのよっしん：2011/04/06(水) 19:31:33 ID:9T+7EU3loX
>>127成程よく考えたら尻尾を振っていたギーグがカプセル入れるわけないかｗにしても、2：敵は主に生物　3：主にキマイラ　1：主に機械ってのを根拠にして2→3→1を考えてたんだけど、そうすると2→3→1→2の無限ループもあり得てしまう…？

129：ななしのよっしん：2011/04/07(木) 21:54:07 ID:V1OmJl8vYT
ここで3→2説を提唱してみる3の後結局ネスを恨んで逆襲しにきたと妄想した1？なにそれおいしいの？

130：ななしのよっしん：2011/05/01(日) 02:00:17 ID:SWitcXOP3g
とりあえずネスのパパがヒーロー！・・・かもしれなかろうと関係なしにマジカントやらが出てきたように糸井がセルフパロを続けただけだろうきっと続編が出ても言いたいように言ってループ説を唱えることができるんだろうな

131：ななしのよっしん：2011/06/05(日) 15:09:03 ID:/MgAQhV3Jc
3→1→2→3だから4は出ないといわれてるんじゃないかな。とか妄想

132：ななしのよっしん：2011/06/29(水) 20:39:44 ID:kfoLyTkgY4
こいつは可哀想な奴だがタチが最悪すぎるヤンデブなのか・・・？

133：削除しました：削除しました ID:dGOdlxuZUu
削除しました

134：ななしのよっしん：2011/06/29(水) 20:56:16 ID:/dE9OU+Fly
なんですか急に

135：ななしのよっしん：2011/07/04(月) 05:09:24 ID:l5GOrgWbjL
荒れすぎワロタ。お前ら東方って聞くと憑かれたように暴れ狂うよな。東方も有名になったもんだ

136：ななしのよっしん：2011/07/13(水) 12:11:03 ID:CfYi2nhSK9
それだけ酷いですからね、何でも関連付けて

137：ななしのよっしん：2011/07/13(水) 18:33:49 ID:WFRPNPuNlG
そうだな、関連付けるだけで発狂するキチガイが多いからな

138：ななしのよっしん：2011/07/17(日) 01:13:59 ID:FKh/gcZnzD
ポーキー・ミンチについての項目「MOTHER2のポーキー」の文＞モノトリーに取り入る際、HH村から持ち出した（と思われる）マニマニの悪魔を彼に渡し、権力を手に入れさせたと思われる。についてですが、たしかマニマニの悪魔がモノトリー氏のもとに渡る経緯は、ヌスット広場のトンチキがカーペインターのもとから盗み出し、それをモノトリー氏がだまし取った、という感じじゃなかったですか？

139：ななしのよっしん：2011/07/17(日) 01:13:59 ID:FKh/gcZnzD
ポーキー・ミンチについての項目「MOTHER2のポーキー」の文＞モノトリーに取り入る際、HH村から持ち出した（と思われる）マニマニの悪魔を彼に渡し、権力を手に入れさせたと思われる。についてですが、たしかマニマニの悪魔がモノトリー氏のもとに渡る経緯は、ヌスット広場のトンチキがカーペインターのもとから盗み出し、それをモノトリー氏がだまし取った、という感じじゃなかったですか？

140：ななしのよっしん：2011/07/22(金) 12:32:13 ID:8Dhe4nhXrO
>>138-139確かにそうだと思う参考"http://soto.aikotoba.jp/mother/mb-02-014.htm"

141：ななしのよっしん：2011/07/22(金) 18:14:36 ID:9S8c5TCxVP
マシュマロちゃんのセンスは異常かわいい

142：ななしのよっしん：2011/07/25(月) 01:59:38 ID:iuNRp2OReW
ポーキーの最期に対する意見は人それぞれだと思うが、カプセルから出られない事に気付いた時のポーキーはどんなものだと思う？あれでポーキーが傷付いたのならば博士は酷い人かもしれないけれど、果たして奴はああなっても傷付くんだろうか？俺は別に絶望したり博士を責めたり、泣いたりはしないだろうなと考えている寧ろおもいっきり笑うのかもしれない平然と「まあこういうのもアリかな」と思うだろうと考えているそして「死ぬということも、意外とこういうものなのかもしれない」と考えると思う博士も世界との繋がりを断つ事＝死だと仮定して、「ある意味彼の望み通り」だと言ったのだと思う足掻く度に自らどんどん泥沼に嵌り、気の遠くなる年月を過ごし権力と孤独とエゴばかりが膨らんでいって、最期にこうなってしまっても、きっと悲しみも反省もしないであろう誰よりも壮大でありながら本当にちっぽけな、糸井氏が言うようにまるで詩のような存在そんな奴だからこそ好きだ

143：ななしのよっしん：2011/07/29(金) 15:15:24 ID:iAAps+AjMD
3の最後に「嬉しそうに揺れている」と出てたし確かに自分の状況を知っても笑ってそうだよな…と思ったがあれは「中はよく見えない」とも出るから本当に「嬉しそうに」揺れてるのかもわからない…んだよな…笑って笑って、笑った後に燃え尽きて、暫くぼうっとした後におもむろに生命維持装置の電源を切ってしまいそうな感じもする。生命維持装置の電源が手元にあるかも分からないが。

144：ななしのよっしん：2011/08/02(火) 11:09:14 ID:WSHnRots3F
個人的にＭＯＴＨＥＲ3って1、2よりはるかに前でドラゴンが作った世界が1、2だと思ってるんだよね。そうすれば知恵の林檎はポーキーのなれの果て説が成り立つし。あ、これじゃ無限ループになっちまうかｗ

145：ななしのよっしん：2011/08/02(火) 19:08:45 ID:2HYVFBpSZy
ポーキーがタツマイリを滅ぼそうとしたのって、なんだか…ネス達がカラダ捨ててまで守った世界を滅ぼしちゃった人間達への復讐のようにも思えるんだよねぇ個人的にまぁギーグの味方した奴だから矛盾してるんだけれども、ポーキーのことだからなんかそんな気もしちゃう

146：ななしのよっしん：2011/08/03(水) 01:12:45 ID:1Jzc66+51x
フィギュアと言う設定があるとはいえスマブラXで変わり果てた彼の姿を見てネスはどう思ったのだろうか…

147：ななしのよっしん：2011/08/07(日) 13:04:14 ID:KZmYMIefYg
３のメカポーキーがいまだに忘れられないセリフは無いけどゲーム内のSEで｢ﾎﾟｰｷｰﾎﾟｰｷｰﾎﾟｰ(ry｣って連呼したり｢ﾎﾞｸﾊ　ﾎﾟｰｷｰ　ﾀﾞﾖ｣って言ってたのが妙に記憶に残ってる

148：ななしのよっしん：2011/08/07(日) 13:45:13 ID:1RM1F5Zybi
ポーキーの心配はいらないみたいだぜ、王子様になってるよ。http://www.kaitoriouji.jp/

149：ななしのよっしん：2011/08/07(日) 14:55:52 ID:1RM1F5Zybi
↑てゆうか広告になってたｗｗｗ恥ずかしいorz

150：ななしのよっしん：2011/08/12(金) 01:55:35 ID:iuNRp2OReW
>>145個人的にはポーキーがタツマイリを侵略した理由については、自分が思い出を捨てられずに果てしない時間を一人で過ごして来たから、過去の出来事を全て封印して演技してまで延命することを選んだ人々に怒りをおぼえたんだと考えているこれならタマゴを奪おうとしたのにも繋がるし、村人に文明を広めたのも、「人間はどう足掻いたって同じ事を繰り返す」ということを思い知らせる為だと解釈出来ると思う

151：ななしのよっしん：2011/09/13(火) 00:18:53 ID:osp1V/0WMO
◆こうやって たくさん そうぞうできる　 ってのは さすが いといしげさと 　 すごい・・・

152：ななしのよっしん：2011/09/19(月) 16:10:45 ID:22O5RCAHga
>>148ワロタｗｗｗものすごい程そっくりだなｗｗｗ目が隠れてるって所がｗｗｗ

153：ななしのよっしん：2011/09/19(月) 18:33:24 ID:22O5RCAHga
この記事に買取王子の広告が出てワロタｗｗｗ

154：ななしのよっしん：2011/10/24(月) 20:16:43 ID:VZzNHDZ4IR
この時代のポーキーは買取王子の広告やってんのか

155：ななしのよっしん：2011/11/19(土) 01:46:42 ID:x5LatAv96A
とりあえず3のアンドーナッツはボケて死ね

156：ななしのよっしん：2011/11/19(土) 02:43:04 ID:iuNRp2OReW
博士を非難できるのは違う選択肢を見出せた奴だけあれだけの力を持っていて尚且つ不幸なポーキーを幸せにしてやる方法がどうしても思い浮かばない野放しには出来ないし、その場を凌いでも結局何十～何万年後にはまた同じ様な事になるだろうまあ、それ以前に無罪放免にも出来ないからな

157：ななしのよっしん：2011/11/19(土) 03:53:45 ID:x5LatAv96A
>>156死にたくても死ねない奴を救う方法なんて一つしかないだろうが！

158：ななしのよっしん：2011/11/19(土) 20:29:45 ID:iuNRp2OReW
>>157なんか解決法がある？言ってみようよ

159：ななしのよっしん：2011/11/21(月) 04:28:21 ID:x5LatAv96A
何とか殺せる方法を見つける、死ねないのは体内時計的なものが止まってるからだろ？つまりポーキーの時間をまた動かす方法を探すのさ。それまではぜったいあんぜんカプセルの中でお休みいただく。・・・ただそれで遊んだ場合は（ネスが）縛り上げるのでご了承を。

160：ななしのよっしん：2011/11/21(月) 04:33:56 ID:Bd7wLa7qeN
介護ベッドのままカプセルに入ったんなら空間転移の機能を使えば出られそうなもんだけどなぁ

161：ななしのよっしん：2011/11/21(月) 21:21:56 ID:iuNRp2OReW
>>159ドラゴンが全てを滅ぼしても自分だけは死なないって自己申告してる奴を死なせる方法は果してあるのか？過去の技術は利用し放題、どせいさんの科学力も使い放題、時間は何億年もあったかもしれないこれ以上方法を探そうったって無理に等しいと思うぞ、今いる場所は未来の行き止まりなんだし散々大勢の他人の人生をコロコロしたり殺々したのだからコロコロされても自業自得としか言えないポーキーを救う事より、もうこれ以上被害者を増やさない事の方が大事博士も被害者だからな。復讐されるのも仕方ない>>160空間移動する描写は無かったと思うし、マシンのエネルギー切れてたからどうなんだろう？空間はともかく時間移動ができるならそもそも絶対安全マシンなんか必要無いだろうし本当の本当に「絶対安全」ならそれさえも無効なのかもしれない

162：ななしのよっしん：2011/12/01(木) 15:37:04 ID:OMfC2Dxu4Z
まぁポーキーのやってきた事を思えばこれくらいの結末になっても致し方ない気もするが、それでもなんかこう哀れな気持ちになるんよねえ。

163：ななしのよっしん：2011/12/03(土) 18:50:46 ID:iuNRp2OReW
その哀れさが好きなんだ極悪非道なのに可哀想な奴で、人間臭いのに肉体も思考も人を超越してる様な矛盾を抱えまくってるところが好きそれにこいつは救えないし救われない方が、スケールの大きさが強調されてより一層威厳が強まるキャラだと思うご都合主義で助けてしまえたら、所詮はこの程度だったのかと興醒めしてしまう永遠にカプセルの中っていう最後だからこそキャラが引き立つしかもEDによるとあれでも嬉しそうってところがまた、常人には理解できそうにもない感じが出てて不気味で良い

164：ななしのよっしん：2011/12/11(日) 15:21:14 ID:2HYVFBpSZy
ポーキーの引き連れた軍の名前が「ブタマスク」ってすごいツッコミどころだと思うんだ。ポーキー自身は自分の姿を全然美化してないんだよね（キングの像とかわざわざ「ぽっちゃり」って書いてある）。かと言って本人が自分の容姿に自信があるわけでもない。散々自己中だのブタだのデブだの罵ってきた連中（前世界の人間？）に対して、ありのままの醜い姿と「ブタマスク」で世界征服をしてやるっていうポーキーなりの皮肉と復讐だったのかな？

165：ななしのよっしん：2011/12/12(月) 10:21:43 ID:C3pxBYi/K5
ううん、何このスレ、ステキじゃんか

166：ななしのよっしん：2011/12/17(土) 18:19:47 ID:VVNfXhulS0
当時はポーキーが一つ目のバケモノになったのかと思ってました。
    
      



      タイトル:重装備ポーキー
      画像をクリックして再生!!


         
      


記事内参照用URL:

167：マンダラふりかけ：2011/12/18(日) 19:12:51 ID:osp1V/0WMO
自分はポーキー（老）の髪の毛を透明な被りものと思ってました。で、鼻の半円が目だと。そして、よく見ると白髪って気づく自分だった。
    
      



      タイトル:かんちがいポーキ―
      画像をクリックして再生!!


         
      


記事内参照用URL:

168：　：2011/12/31(土) 07:11:53 ID:OMfC2Dxu4Z
なんだかんだで最後まで悪役であるのを貫き通したのは、ポーキーの偉いところだと思う。だからこそ3での最後は余りにも可哀想だ、今でも死なせてやれよって思うんだよね・・・。

169：ななしのよっしん：2012/01/07(土) 18:09:59 ID:ZBVUuhN7Iv
ネスとポーキーの本音のガチンコバトルが見られるのは小説版MOTHER2だけ！捻くれてるポーキーに歩み寄って好意を伝えるネスを見られるのは小説版MOTHER2だけ！ネス一家の長男になった爽やかできれいなポーキー君を見られるのは小説版MOTHER2だけェ・・・取りあえず、マザー2当時でネスとポーキーの確執を描いた久美沙織の先見の明は評価されるべき

170：ななしのよっしん：2012/01/07(土) 21:36:59 ID:iuNRp2OReW
>>169でもあの小説のラストでネスの兄になったポーキーはつまり「ポーキー・ミンチ」では無い訳で、じゃあ「ポーキー・ミンチ」は何処に消えたのか？と考えるとなんか恐ろしいものがあるな…ある意味3より救われない

171：ななしのよっしん：2012/01/07(土) 23:13:46 ID:iR8oJ5lAx6
ニューポークで「豚」って漢字があってびっくり日本語･･･２のときから「ぶたのようなやつ」って言われてたけど自分で言うのはどうなの

172：ななしのよっしん：2012/02/03(金) 23:33:38 ID:ITL2/6oRQN
自分が成長するにつれ何かポーキーの印象って変わっていく2~3をやって全ての内容が理解できた時、同情しかなくなった親にも蔑まれ続けて・・・その結果がこんな性格になってひどい結末を迎えてしまった。一人ぼっちのポーキーにできた唯一の友達がネスこういう事を考えると豚君が最後までネスに拘り続けたのもわかる気がする

173：ななしのよっしん：2012/02/11(土) 21:53:52 ID:Zk+sDU7++d
ゲームやってて感じたけど、ポーキーが２で凶行に走ったのって、どうもマニマニの悪魔に触れてしまったのが原因っぽいのかな？カーペインターやモノポリーにマニマニの悪魔を渡したのがそもそもポーキーだし、長い間アレを所有し続けてしまったせいで、性格が歪んだって考えられるけど……

174：ななしのよっしん：2012/03/01(木) 23:53:58 ID:lU3JTuo7H7
でも3の最後を見ると最終的にはポーキーは幸せそうだけどな

175：ななしのよっしん：2012/03/07(水) 02:42:16 ID:Fja2jdQMi1
Motherシリーズを　・３→１（３の数千年後）→２→３（２の百年くらい後）で無限ループしている世界で・２の過去の最低国は３のラス面の数百年後・そこに何百年も放置プレイさせられてたポーキーは、精神が崩壊した巨大な力的なもんになった、と仮定して・３でポーキーが絶対安全カプセルに入る・ドラゴンが新しい世界つくる・１で侵略しにきたギーグがハミングバード拾って「知恵のりんご」って名付ける・２のラストの方で過去にいったギーグが偶然、絶対安全カプセルを見つけて「悪魔の装置」と名付ける・ギーグが宇宙的な力でカプセルを利用しようとして取り込まれるで、結局悪そのものになっちゃったギーグ＋ポーキーをネスが倒す（だから２のギーグはﾈｽｻﾝﾈｽｻﾝになってた）みたいな厨二設定考えてみた。分かりづらくてｽﾏｿ

176：ななしのよっしん：2012/03/23(金) 18:55:08 ID:Sj4xjqlPKe
俺と同じ考えだ3のラストダンジョンと2のラストダンジョン似てるしな

177：ななしのよっしん：2012/04/05(木) 19:52:23 ID:Vv/FGUrZCf
ぜんぶぎーぐのせい

178：ななしのよっしん：2012/04/14(土) 01:10:02 ID:msqOZ1K624
しかし、括弧が多くて見づらい記事だな

179：ななしのよっしん：2012/04/14(土) 23:35:23 ID:aWtnNWKU9o
前のやる夫シリーズでやってた実はポーキーはいい奴だったって解釈がおもしろかったなギーグはあまりにも強大な存在で倒せるわけがないと知る→ギーグに挑んだらネスは死んでしまう→自分がネスの行く手を遮ってしまえばネスは死なずにすむ→妨害を開始する→どんなに妨害してもネスは立ち向かってくる→引っ込みがつかなくなり完全にネスと敵対するハメに→それでもネスを助けようと必死に妨害→なんとネスがギーグを倒してしまう→「僕の頑張りはなんだったんだよ…人生捨ててあいつを助けようとしたのに」と絶望→失意のままに異次元の旅へって感じだったな

180：ななしのよっしん：2012/04/17(火) 19:31:20 ID:eFEnL23T4W
>>175ポーキーは絶対安全カプセルの中で地球が無くなっても生きてるらしいよ生きたまま魂だけ抜けてギーグに取り憑いたのかもしれないけど

181：ななしのよっしん：2012/04/17(火) 19:38:19 ID:gqeuUaz+mq
ポーキー自身は初代マザーとの関係はないのかね？もしなんかしらの件であったら面白そうだが

182：ななしのよっしん：2012/04/18(水) 00:25:25 ID:eFEnL23T4W
>>181マリアを誘拐したのがポーキーとか？ギーグは実はキマイラだったり

183：ななしのよっしん：2012/04/26(木) 18:09:34 ID:Fja2jdQMi1
>>179いいスレに出会えたよありがとう

184：ななしのよっしん：2012/04/30(月) 12:21:25 ID:OjafQT+nNW
絶対安全カプセルって星新一の作品に似たものがあった気がするんだけど、誰か知らない？

185：ななしのよっしん：2012/05/01(火) 00:59:10 ID:p8X/WpBmwx
「テレパシーでもなんでもつかえるもんなら　たすけをよんでみればいいさ。」この台詞がギーグの倒し方のヒントになってると知った時は鳥肌立ったわ

186：ななしのよっしん：2012/05/02(水) 18:38:09 ID:OOpspgQRlU
あれ・・・なんか泣けてきた・・・この気持ちわかるかな・・・？

187：ななしのよっしん：2012/05/09(水) 20:23:28 ID:VZzNHDZ4IR
>>184星新一ファンだからたいていの作品は読んだつもりだが絶対安全カプセルっぽい話は思いつかんな…強いてあげるならデラックスな金庫とか？

188：ななしのよっしん：2012/05/20(日) 02:17:47 ID:Iak/KeGw+T
ポーキーについての考察を色んなところで見たけど、ピッキーのことはあまり語られないな。ピッキーは兄をそれなりに慕っていそうな気がするんだが…ポーキーはネスや両親のことは気にしていたが、弟は？　といつも思ってしまう。

189：ななしのよっしん：2012/05/20(日) 08:25:33 ID:fjKoVcKDrt
２の冒頭からして、もともとポーキーは退屈に飽きていた。隕石に興味を持ったのはネスよりもポーキーであり、ブンブーンの話やスターマンの息子との戦いを通じて、地球レベルの非日常にワクワクしたんだろう。しかしピッキー探しの時点でポーキーが弱腰な態度を見せていたせいゆえか、ネスはポーキーとではなく、一人で旅に出てしまう。その後、おそらく再び隕石を見に行ったんだろう。その道中、ライヤーが発掘しているマニマニの悪魔を見た…。

190：ななしのよっしん：2012/05/20(日) 08:27:53 ID:fjKoVcKDrt
ネスが選ばれた子供であるなら、そのネスを最も知るポーキーもまた、ギーグに選ばれるのは必然だろう。一緒に旅をできなかったポーキーは、自分にも凄い資格があるのだと知り、それをネスに見せびらかしたかったのだろう。ブルーブルー教やモノトリーにおけるポーキーの社会的地位はネスより上だ。でもすぐに追いつかれる物だから、さらに先を進もうとしたんだろうな。大都会まで上り詰めたのに、わざわざピラミッドや魔境など、進化と逆の方向に進んでしまっている。マザー２における敵は、ギーグなどは象徴でしかなく、ネスとポーキーの追いかけっこだった。

191：ななしのよっしん：2012/06/05(火) 22:44:15 ID:vDODkfoBuU
何をとち狂ったかＭＯＴＨＥＲ３でダスターにポーキーという名前を付けて途中から意味不明になった俺が参上！最初にブタマスクを見て敵の正体に気付くどころか、ダスターってこんなに敬われる存在だっけ？　とか思ってたｗ

192：ななしのよっしん：2012/06/18(月) 18:46:37 ID:G+IHfmbrA9
ポーキーは自分が不死になったというのはどうやってわかったんだろう？本当に不死かどうかは絶対安全カプセルが少し証明している。あれは換気すらできないだろうから、少なくともポーキーは窒息死と餓死はしないのだろう。だが、怪我とかはどうなのかな？ポーキーは不死の証明のために進んで自殺しようとはしないだろうしな。

193：ななしのよっしん：2012/06/19(火) 23:42:28 ID:JMnUtQIzPC
>>192いろんな世界と時間を旅して、その都度追い出されたりしてたって事を考えると、その際に死ぬような目にあったとかじゃないか？

194：ななしのよっしん：2012/06/29(金) 16:41:57 ID:kfoLyTkgY4
虐待された根性ひんまがった可哀想な奴に見えるが実はDIOみたいに生まれもっても悪党って可能性も0じゃないよな？遊びで生き物（3の主人公の兄弟を含む）改造して自分のおもちゃ呼ばわりにしたり家庭や故郷所かマザー3の世界自体ぶち壊したコイツがゲロ以下の臭いがしないってのも無茶だしな。

195：ななしのよっしん：2012/07/04(水) 23:46:39 ID:yjz706J14s
>>194その可能性は低いな。生まれついての外道がどうのっていうのはディオに対するスピードワゴンの評価にすぎんからあんまり引っ張られすぎんほうがええでポーキーは不幸で哀れむべき野郎だ、どこまでもめぐり合わせが悪かった、と俺は思う。確かに２本編中および時間移動先で自省を全くしなかったのはポーキーの非だがな...

196：ななしのよっしん：2012/07/14(土) 21:21:36 ID:VZzNHDZ4IR
そもそもポーキーは「子供の価値観そのままのやつがとんでもない力を持ってしまった」わけだし…自分とは関係がない、しかもある意味根底から捻じ曲がってる世界見つけたらめちゃくちゃにしたくなっても仕方ない気がする

197：ななしのよっしん：2012/07/21(土) 14:49:35 ID:2HYVFBpSZy
本人は巨悪のつもりが無いらしいから多分マニマニと時間旅行で完全に人としての価値観・倫理観を崩壊させてしまったんだと思う自分でも「かみのようなそんざいになった」と言ってるし元から悪ガキだったけど全て自分の思い通りに出来る力を手に入れてしまったらそりゃ歪んでしまうわまぁ本当に欲しかったものは手に入らなかったけど

198：ななしのよっしん：2012/08/12(日) 23:48:29 ID:kurP6bcIFF
弟はまともであることを考えると生育環境が原因ではない反社会性人格障害だろう。真性のクズ。マジカントの「おまえがうらやましいよ・・・」というセリフはネスの心が言わせているのであって、ネスは無意識に見下していたと考えられる

199：ななしのよっしん：2012/08/14(火) 07:37:34 ID:6ccIGfp7Ix
愛だけは手に入れることができなかった悲しい男

200：ななしのよっしん：2012/08/25(土) 02:40:04 ID:iuNRp2OReW
>>198寧ろピッキーは兄という緩衝材がいたからこそ、まともに育ったんだろうそしてマジカントのあれは、ネスの印象に特に強く残ったポーキーの姿なんじゃないかと思う普段は強気に好き放題してる奴が一瞬見せた弱さが、ずっと記憶に残ってたとかそういう感じの

201：ななしのよっしん：2012/08/27(月) 00:36:31 ID:aWtnNWKU9o
>>198両親がアレなのに環境は問題ないわけねえだろただ単にポーキーは生まれついての屑説を一方的に決めつけたいだけだろ

202：ななしのよっしん：2012/08/28(火) 22:28:36 ID:sxCxzxLPgk
真性屑説をやたら押す奴が居るがどう見ても糸井がそんな描写をしたかったようには思えん

203：ななしのよっしん：2012/09/12(水) 14:31:26 ID:5FlNNfqMp9
ろくに考えもしてないんだろ。まじめに考察してる人が多いここだと目立つな、中身の無い奴が

204：ななしのよっしん：2012/09/13(木) 15:27:51 ID:HKqJsRbdtT
あくまで説の一つだろ　下らない事で目くじら立てんなよどんだけポーキー好きやねん

205：ななしのよっしん：2012/09/13(木) 18:34:11 ID:NMFEFFt7xr
論理性ゼロだから仕方ないね

206：ななしのよっしん：2012/09/15(土) 09:23:45 ID:osp1V/0WMO
でも、マザーやったコトあるプレイヤーならイチバン思い出深いキャラ。

207：ななしのよっしん：2012/09/15(土) 09:40:03 ID:bUM+WhqoX0
>>202子供はポーキーが本物のクズだと思って普通に悪だと思うんじゃないかな。そういう単純な悪役と見せかけておいて、プレイヤーが大人になったときポーキーって実は人間臭い奴だったな…と思い出すようなキャラ。ここでクズ説を推してる奴は、単にまだ本人が成長していないだけじゃね？ポーキーなんて最低だ！　って単純に捉えちゃう奴が出るってのはむしろ糸井さんの思惑通りなんじゃねえかな。

208：ななしのよっしん：2012/09/16(日) 13:10:33 ID:2HYVFBpSZy
そうそう。子供の時にプレイしたときと、自分が子供を持つ歳になってからプレイするのとではやっぱり印象が違うんだろうね

209：ななしのよっしん：2012/09/17(月) 13:55:55 ID:kfoLyTkgY4
可哀相なやつでもあるがでも最後まで「嫌な奴」には変わりないんじゃ？

210：ななしのよっしん：2012/10/04(木) 19:12:24 ID:DPL93YjKhd
もしRPGのストーリーを自分で決めることができたなら、救ってあげられるルートを作ってあげたくなるような、そんなキャラだった

211：ななしのよっしん：2012/10/06(土) 12:42:14 ID:aWtnNWKU9o
>>209「嫌な奴」であることには変わりないだろうし、それを否定してる奴なんて誰もいないよ生まれついての極悪人扱いするのはちょっと違うだろ、って言ってるんだよ元々はただの悪ガキだったのになんでこんな…ってキャラだろってこと

212：ななしのよっしん：2012/11/10(土) 18:43:28 ID:Q+lWNKpK6S
ただ世の悪党と呼ばれる連中ですら、大抵はその人生に様々な出来事があって同情のしようもあると思うけどね生まれついての悪党なんてのはそもそも何処にも存在しないと思うのは変な考えかたかな極悪人というものをそういう情状で定義するのか、罪の大きさで定義するのかによる殺人犯が殺人以外でどれだけ善人であろうと、被害者がどれだけ悪人であろうと、いかなる理由があろうと、法に則っていない形での殺人に対して警察は犯人を逮捕し検事は起訴して死刑か禁固刑を請求するそういう意味でポーキーの罪自体を極悪であるとすることがポーキーを極悪人と定義する理由には十分なる罪と罰にしてもアメリカ少年法のような少年裁判所と刑事裁判所のどちらで審理するかの選択がなされた場合も、おそらくポーキーは刑事罰を受けるものと思われるくらい犯罪に染まってしまっている俺自身はポーキーよりその被害者が哀れに思った件が多かったから昔も今も同情はしないな

213：ななしのよっしん：2012/11/11(日) 12:07:36 ID:ymoNADlsGH
>>210主人公にセリフがないから、手を差し伸べられなかった感がすげえ強いんだよな一応主人公がポーキーに何か言葉かけたりしてるって設定なのかもしれないけどプレイしてる側からしたら、目の前で悪い方向に転がっていってるのに、ただ黙って見てるしかできないって感じだから歯がゆい２のラストではまだ何とかなるかもしれないってなるんだけどそれで３やったらあれだもんな、もうどうしようもないなって脱力感半端なかったわまあやってること考えたら２の中盤あたりから見捨てられて当然レベルなんだけど

214：ななしのよっしん：2012/11/13(火) 16:04:07 ID:f2BI9zlzfz
>>212あくまで俺はだけど、性善説じゃなくて性悪説を信じてるから、生まれついての善人なんかいないと思うよ。だからこそ躾や教育が必要なんだと。プレイしてないからポーキーの親がどんなんかは詳しく知らんけど

215：ななしのよっしん：2012/11/16(金) 00:19:06 ID:aWtnNWKU9o
>>212「こいつは悪いことしてるんだから過去とか関係無しに極悪人でいいよ」って言いたいわけね要点を述べずにグダグダと語ってるとわかりづらいからもう少し文章見直してくれ別にお前の意見を否定する気は無いけどさ

216：ななしのよっしん：2012/11/17(土) 02:04:10 ID:Q+lWNKpK6S
>>215いやだよこういう書き方が好きで書き込んでいるんだから

217：ななしのよっしん：2012/11/23(金) 22:33:53 ID:aWtnNWKU9o
まぁ別にいいけどさ…いかにもネットで調べて教養あるふりした中学生っぽい書き方だなぁ…って感じで妙に馬鹿っぽく見えたから気をつけとけよ

218：ななしのよっしん：2012/11/24(土) 00:08:39 ID:Q+lWNKpK6S
まぁまぁそんなにガンバって人を罵倒しなくても良いんだよまるで高校生みたいな子供っぽい反応だぜそれとこの記事に来た他の人には申し訳ないことをしたね記事に関係ないレスに触ってしまったことで3つもレスを増やしてしまった、御免なさい

219：ななしのよっしん：2012/11/27(火) 08:50:21 ID:ykGuMNgbtJ
人間は黒か白かどっちか、という一元論で割り切れるほど単純なモノでは無いという事をよく表現出来ているキャラクターだと思うな理屈で考えれば好意なんて抱き様も無いんだが、なぜか見捨てきれない哀れさがある

220：ななしのよっしん：2012/12/04(火) 22:07:12 ID:J+dpaMzvAP
俗にいう憎めないキャラって奴なんだろうね

221：ななしのよっしん：2012/12/08(土) 14:38:51 ID:M3B7tHkfPQ
みんなポーキー嫌いって言うけど、何故か憎みきれない、やってることはイタズラの領域を越えてるけどあんな姿を見せられたら怒りをぶつけきれないよ…人の弱い部分や醜い部分を背負った、スネ夫みたいなヤツ。

222：ななしのよっしん：2012/12/09(日) 08:36:04 ID:+pozyc/XG3
>>179遅レスですまんがよければ是非タイトル教えて欲しい

223：ななしのよっしん：2012/12/12(水) 05:46:57 ID:qspPTnHKhe
>>222ttp://yaruokansatu.blog44.fc2.com/blog-entry-765.html原作に忠実な上にAAキャラならではのパロディもあるという素晴らしい作品2以外にも無印も3もあるから超おすすめ

224：ななしのよっしん：2012/12/12(水) 06:07:25 ID:qspPTnHKhe
>>sm6749973sm6749973補足

225：ロシアン：2012/12/30(日) 16:27:25 ID:MlQn1CRz3D
もし、ポーキーが時空間に飛び去っていなかったら３はどうなっていただろう。

226：ななしのよっしん：2012/12/30(日) 18:22:04 ID:M3B7tHkfPQ
Mother3は2を作った後考えられたのか初めから三部構成だったのか、それがよくわからないから「ポーキーが時空転移しなかった」エピソードが浮かばないな…少なくとも「ものがたり」は崩壊しないだろうが

227：ななしのよっしん：2013/02/05(火) 21:03:09 ID:e+cGmT1wO1
自分はポーキーに対して同情する気は全く起きないな最後ああなるのも割と自然だと思うな、結果がどうであれポーキー自身が選んだ道だしな

228：ななしのよっしん：2013/02/06(水) 22:22:11 ID:2lAGh+wK2o
>>227でもねぇ、笑っちゃうくらい自業自得だと憐れみも湧くんだよ。なんというか◯ャギとかと同じ用な感じ（もともと糞ガキだけど）ただの人なのになんかみんなを敵に回すようなことしちゃって逃げてみたら永遠に生きるハメになって・・・でも、結局性格（本質）は変わらないままっていうタフネスっぷりは呆れるとおりこして痺れる

229：ななしのよっしん：2013/02/11(月) 06:24:01 ID:6TknJuU0J6
YouTubeで「porky」て言う動画見たことある人いれか？

230：ななしのよっしん：2013/02/13(水) 00:29:06 ID:bJWe9dUhjT
>>sm19779438sm19779438

231：ななしのよっしん：2013/02/16(土) 13:03:48 ID:kfoLyTkgY4
カーズみたいに脱出も死ぬこともできないから考えるのを止めた状態になったんだろか？

232：あん：2013/03/19(火) 21:09:53 ID:kRKYvQikS8
いよいよ明日配信だ！

233：ななしのよっしん：2013/03/21(木) 18:01:59 ID:oKPqnoCunb
当時２をリアルタイムでやっていた時大嫌いだったけど今尚一番記憶に焼き付いてるキャラはこいつなんだよなぁ・・色んな意味でこのキャラは逸材だと思うｗ今ではトップレベルで好きな悪役キャラだわｗｗ最後まで報われずぶれないところもいい味だしてる

234：ななしのよっしん：2013/03/21(木) 18:09:45 ID:ctN1KbOqME
ここまで複雑な心情になる悪役は見たことがない。

235：ななしのよっしん：2013/03/22(金) 15:15:23 ID:JoJ4je6rbG
先回りしてたびたびネスの前に現れる辺り、かまってちゃんなのは間違いないなプーがやってくるまでは4人目のポストでも狙ってたのかサマーズ行く直前にヘリで飛んだ後は痕跡はあっても姿を見せなくなったし

236：ななしのよっしん：2013/04/02(火) 04:57:10 ID:TFbz+zsior
３のせいで評価変わっちまうから困るよなこいつぁ、２のラスト付近でネスが救済してやってれば３の胸くそ悪い諸々もなかったんだがなぁ、と思ったけどどの道別のキャラでやらかしそうだな

237：ななしのよっしん：2013/04/07(日) 18:16:03 ID:6I/g3cQRZJ
単なる伏線と言われたらそれまでだけど、２のラストに出てくる手紙はどうやって届けたんだろう？あらゆる時代から締め出されたなら２の時代にも戻れないと思うし。だいたい２の時代に戻れるんだったら手紙だけ残して消えたりしないでネスに擦り寄りそうなもんだが、追いかけてほしかったのか…？

238：ななしのよっしん：2013/04/07(日) 18:40:30 ID:4Tkiq0q/3x
締め出される　とは言ったもののどういう原理で、何をすれば締め出されるのかは不明ギーグ戦でポーキーは「自分から」別の時代に行っていると考えるにあの時はまだ２の時代から締め出されて無かったと予想

239：ななしのよっしん：2013/05/04(土) 11:29:22 ID:DgKgH9mYqM
ところで締め出されるってなんだろう二度とその時代に行けない　みたいな？それだったらどーやって時代はポーキーを拒められるんだろうか

240：ななしのよっしん：2013/05/11(土) 12:24:28 ID:Pk6I1UjRKq
やべぇこの記事見てリアルに涙が...配信見たかったな、そしてMother3買おう、絶対

241：ななしのよっしん：2013/05/16(木) 18:09:49 ID:9lvCmp3tsY
今更なんだけどさ……。SMILES and TEARSって、歌詞とか完全にポーキーの歌だったんだな

242：ななしのよっしん：2013/05/18(土) 00:05:54 ID:9lvCmp3tsY
すまん、説明不足だったかも。知ってる人のが多いと思うんだけど、一応。SMILES and TEARSはMOTHER2のＥＤ。sm11192422　がすごくポーキーに合ってると思う。歌詞改めてみたら、すごいぴったりでびっくりしたよ。

243：ななしのよっしん：2013/05/19(日) 00:08:44 ID:DgKgH9mYqM
mother2、3とやって2やってみてハッピーハッピー村でポーキーが出てきた時のセリフで根っからの悪人じゃないと思った。ネスに許してくれって言ったあとベーだ！って言ってるのは強がりだったと思う任天堂黒いからそういうの公式で発表してくれないんだよなぁ。

244：ななしのよっしん：2013/05/19(日) 07:20:54 ID:bJWe9dUhjT
>>242ネスとポーラの歌だと思う・・・

245：ななしのよっしん：2013/05/19(日) 13:11:28 ID:9lvCmp3tsY
>>244確かにその見方が一般的ではあると思うんだけど、ともだちのまま　いると　ふたり　ずっと思ってた↓見せあったふたりは… （I miss you）遠くに離れて…の流れが、ポーキーとネスの歌にも思えるんだよね……

246：ななしのよっしん：2013/06/07(金) 04:36:11 ID:mp35Htr6i4
ともだちのヨーヨーとか見る限り、ネスなら助けてあげられただろうに…結局、助けてあげられなかったっていうシナリオは本当に悲しい…ネスも憐れに思っているに違いないっていうか、プレイした人自身がネスなんだから悲しんでる人は多いのは間違いないけど

247：ななしのよっしん：2013/06/25(火) 22:46:33 ID:kfoLyTkgY4
行った世界の環境が悪かったのか改心しないポーキーが悪かったか気になるがどっちもどっちな気がするな。どんな世界かは知らないが向こうにも悪い部分もあったがポーキーも何度もチャンスあったのに自己中なクソガキのまま何度も色んな世界を行き来したから理解してくれる人が一人もできなかったとか。

248：ななしのよっしん：2013/07/05(金) 12:57:53 ID:AUsaELYEwi
まさにMOTHER（母）という題のゲームにピッタリな大好きで、奥深い悪役だったいわゆるアンチヒーローってやつ？　ちょっと違うかないろんな矛盾があるだろうが、個人的には3のカプセルポーキーが、2のギーグだと思ってるよ

249：ななしのよっしん：2013/07/05(金) 19:32:03 ID:AUsaELYEwi
…しかしそれを思うと、あんな状態になった２のギーグ（ポーキー）を倒して、不死から開放してやったのはネス達なんだよなそれを思うと、ネスやポーキーにとってもよかった…のかも思念だけに、悪そのものになっても、背景は胎児のシルエットで「トモダチ・・・ネスサン」言ってたし、母に執着するアダルトチルドレンとしての自己や、トモダチのネスのことは、一種のコンプレックスとして最期まで残ったんだろうな妄想連レスすまん

250：ななしのよっしん：2013/07/27(土) 05:05:08 ID:T8V53aFlO3
助けて「あげる」救って「あげる」のは違うと思うんだよなポーキー自身もそんなの絶対望んでないそしてネスもそれをわかってるから本気でポーキーと殴りあった(向き合った)んだと思う多分２の後、ネスはポーキーを追ってまた新しい冒険に出たんじゃないかな世界を巻き込んだりして仲良く喧嘩(殺し合い)するけど年をとらないポーキーと違ってネスはどんどん成長していって・・・・

251：ななしのよっしん：2013/08/02(金) 22:54:22 ID:nlUxg8ZPA0
素直になれなかったせいでもう元の関係には戻れなくなったんだな…ｶﾜｲｿｽ(´・ω・`)

252：ななしのよっしん：2013/08/15(木) 13:50:01 ID:ILwPUJ3G9I
哀れな奴とは思うけど同情はできないたとえば自分の家族を殺した奴が実はこんなかわいそうな境遇で育って…とか知っても許せるわけじゃないというかかわいそうだからといって許せるわけじゃないというか、それとこれとは別というか育った環境もアレだったかもしれないけどもともと本人に糞野郎の素質があった感じもするし

253：ななしのよっしん：2013/08/15(木) 23:02:23 ID:nIWA+quskP
>>252２をプレイしたリュカくん

254：ななしのよっしん：2013/08/19(月) 15:13:22 ID:nlUxg8ZPA0
「ヒーロー」っていうマザー２をポーキーサイドから描いた同人誌がかなり良かったページの途中に紙が挟まってて何だろうなと思ったらポーキーからネスに宛てた手紙が入っててすごい感動したごめんなさい宣伝じゃないんですよただ、ポーキーファンなら読んでみた方が良いと思った

255：ななしのよっしん：2013/08/21(水) 22:35:34 ID:Zr1fBNMomO
勝手な妄想だがタブーの仕業で、ネスとリュカに対する再び悪意が芽生え襲い掛かってきたのでしょうか？スマブラ3ＤＳｘｗｉｉＵの発表もあったが、再登場か交代するかもしれないのです。ついでに桜井さんに彼のお世話係をしていたマシュマロちゃんをボスかアシストフィギュアで参戦させる事をファンレターで贈っといたわ。

256：ななしのよっしん：2013/08/24(土) 16:06:47 ID:nlUxg8ZPA0
>>255その支離滅裂な日本語……「スマブラシリーズ」のスレにもいた？

257：ななしのよっしん：2013/09/03(火) 17:13:38 ID:T8V53aFlO3
なんか同情するような書き込みが多いけどお前ら2序盤の時にポーキーを救ってやりたいだなんて思ったか？思わなかっただろ？コイツが散々悪事を働いて終盤も終盤、遂に(自分を含めた)世界を滅ぼす奴の隣で手助けをしてる姿を見てコイツがどれだけ世界が嫌いか思い知ったからであって、つまりコイツが悪いことをしなければ誰も見向きもしなかったはずだそんな状態で例え誰かが手を差し伸べようとしても「俺が悪い事をしたからお前ら思い知ったんだろう！！俺が怖くてご機嫌をとってるんだろう！！」ってその手を払いのけるんだろうな

258：ななしのよっしん：2013/09/03(火) 17:25:23 ID:bJWe9dUhjT
>>257思わないな「悪」になったからこそこの素晴らしいカリスマ性が生まれた「悪」に同情などいらない同情するってことはポーキーの生き方を否定することにもなるな

259：ななしのよっしん：2013/09/04(水) 07:17:57 ID:M3B7tHkfPQ
２最序盤で安全な場所で文句を言ったりしてたコイツは絶対安全カプセルの中が一番ふさわしいかもしれない３で「うれしそうにゆれている」と言うのを見た時赤ん坊が揺りかごに入って笑ってるような感じがした。

260：ななしのよっしん：2013/09/13(金) 03:55:46 ID:VZzNHDZ4IR
>>257ただの隣人だと思ってたやつがガンガン道を踏み外していくのは心底怖かった

261：ななしのよっしん：2013/09/23(月) 18:00:29 ID:hycyYiMQ+I
永遠に孤独に狭い場所に閉じ込められるって何よりも残酷だよね…ポーキーは寂しかったのに…

262：ななしのよっしん：2013/09/24(火) 02:58:12 ID:/w3td+V2rk
>>248「親の愛が欠乏した少年」っていう、負の側面からテーマに迫る存在だよな。都会で成功して父親が付いて来ても、ついぞ母の愛だけは得られなかったってのも象徴的。

263：ななしのよっしん：2013/09/24(火) 03:08:48 ID:bJWe9dUhjT
ポーキーのモデルってスタンドバイミーのデビー・ホーガンだと思う特にＭＯＴＨＥＲ３のポーキーの行動と似てる

264：ななしのよっしん：2013/09/29(日) 21:59:45 ID:yjz706J14s
>>257救おうとは思わん。少なくとも一度なり関わったら。だが、それと哀れに思うのは矛盾せん。ごろごろと坂を転げ落ちていく悲しい愚か者だよそれゆえ余計に「何かが違えば」と思ってしまうのだ

265：ななしのよっしん：2013/10/01(火) 16:31:35 ID:HTmTlejUVF
普通に可哀想だと思うしカリスマ云々とか的外れも甚だしいと思う

266：ななしのよっしん：2013/10/02(水) 21:53:34 ID:rceowX+zHw
こいつはギーグの影響も受けているし（といってもどこまで影響されたか分からないし、素質があったのかもしれないが）、堕ちに堕ちた結果振り切れた悪党だしなただおそらく才能人望に溢れていたであろうネスと友達だったがゆえに、そしておそらくわずかでも劣等感を抱いていたがゆえにっていうのがな…

267：ななしのよっしん：2013/10/07(月) 21:32:41 ID:XbvzdLz7f7
絶対安全カプセルに入った後にやってきたアンドーナツ博士の「中にいる者だけでなく外にいる者にとっても絶対安全」というセリフが印象に残ってる。

268：ななしのよっしん：2013/10/13(日) 19:45:49 ID:hHkLSTmr8s
ポーキーのテーマの元ネタ　フレール・ジャックポーキーが作曲家に自分の歌を作らせるときオマージュさせたんだろうかアメリカで平凡な子供だった頃よく聞いてた曲を

269：ななしのよっしん：2013/10/19(土) 14:37:56 ID:M3B7tHkfPQ
「ポーキーさまのテーマ」やっぱカッコいいな、戦っていると前奏部分で主人公側の猛攻撃、サビ部分で語りって感じになってシンクロが凄い。

270：ななしのよっしん：2013/10/19(土) 14:51:13 ID:bJWe9dUhjT
>>268 すげえ！確かに似てるわビックリして鳥肌立ったわ

271：ななしのよっしん：2013/10/20(日) 21:03:08 ID:9lvCmp3tsY
フレール・ジャックたしかに似てるな。部下に命じて、これをアレンジさせてテーマを作った。ってのが本当ならかなり切ないな……。ネスとかとグーチョキパーでなに作ろう～とかやってた、思い出の曲だったりするんだろうか

272：ななしのよっしん：2013/10/31(木) 16:15:42 ID:M3B7tHkfPQ
ハッピーハッピー村で仲直りしようと言ってきたとき口振りからネスが怒ったからあんな風に暴走していったんだろうな…しかしまあこいつやっぱクズと思うよ、確かに可哀想だが「助けてやろう」とは思わない、会う度ボコりたくなる。

273：ななしのよっしん：2013/11/20(水) 17:58:32 ID:hmtqhX1sdW
>>268作曲者の酒井さんは、「ポーキーのテーマはMOTHER2のビコーズアイラブユーを歪ませたもの」と発言してるけど（MOTHER3i参照）、アメリカ要素ももちろん盛り込んだんだろうなぁ。

274：ななしのよっしん：2013/12/04(水) 22:05:18 ID:oI7inTFM/1
一つだけ断言出来る事がある。傍観者である俺達がいくらコイツを哀れに思おうとも当事者であるリュカ達はコイツに対する同情心なんか微塵も持ち合わせちゃいないだろう。そして俺達にそれに対して意見する資格はない。

275：ななしのよっしん：2013/12/21(土) 23:36:40 ID:uJNb9U7Gfv
>>274正論だと思う。ただ、嫌な人間に出会ったときでも、ポーキーのことを思い出せるような人間になれるといいよね。

276：ななしのよっしん：2013/12/30(月) 09:29:42 ID:hMv98J5pFm
ポーキーがああなったのは両親のせいだドラクエ８のチャゴス王子と仮面ライダー５５５の長田道子にも同じ事が言える 　そして、ポーキーは最期まで救われなかった（しでかした事が許されないとは言え）元気爆発ガンバルガーのヤミノリウス　セーラームーンのあやかしの四姉妹（アニメ版）は救われたのに

277：ななしのよっしん：2014/01/23(木) 16:55:15 ID:M3B7tHkfPQ
残念だが、ネスがいくら地球を救った英雄だとしてもポーキー家にとっては「チープな服着たお隣さん」でしかない。よそんちに干渉出来ることなんてたかが知れてるんだから、ネスは何もできない、と言うのが真意だと思う、残酷だが、この妙なリアルさが好きだ。

278：ななしのよっしん：2014/01/26(日) 14:51:29 ID:a3CmTrD3f/
大分前にも指摘されているけどハッピーハッピー村からマニマニの悪魔を持ち出した（盗み出した）のはトンチキさんじゃなかったけ？

279：ななしのよっしん：2014/02/16(日) 13:24:22 ID:M3B7tHkfPQ
「ぜったいあんぜん」になってからもあっかんべーしてたりエンディングの後出れないと気づいてるかと思ったら妙に嬉しそうだし、ポーキーはもう肉体あんな状態だし、カプセルの中にいる方が快適なのかもしれない。最近コイツは可哀想と言うより勝ち逃げに見えて尚ムカつく。

280：ななしのよっしん：2014/03/31(月) 08:06:42 ID:Mb+pGh/8KV
死なねえから無力化するにはぜったいあんぜんカプセルしかなかったからなあ

281：ななしのよっしん：2014/04/05(土) 17:45:49 ID:K15NBH1H9c
ぜったいあんぜんカプセルは一見幸せそうだがあれで嬉しそうにしてるのは人間やめちゃった狂気や悲しさも感じるな凄い酷い奴であることは確かなんだがヨーヨー大事にしてたり2でエンディング後うろうろした後3の量産型母ちゃん見ると切ねぇ…

282：ななしのよっしん：2014/05/09(金) 11:22:51 ID:e6nxSyFWWC
スマブラで盛大にネタバレされてたよな

283：名無し：2014/05/29(木) 22:07:03 ID:tZQH/ZCgz1
スマブラにポーキーでないかな

284：ななしのよっしん：2014/06/01(日) 10:01:36 ID:rsOjHh5Q9R
多分ハッピーハッピー村が最後のチャンスだったんじゃ無いかな2のラストの後ネスがどうしたのかも気になるな

285：ななしのよっしん：2014/06/14(土) 23:09:46 ID:M3B7tHkfPQ
スマブラじゃニューポークシティの背景に真っ暗なビル街のようなものが見える。下水道からいける廃墟のアパートとかもポーキーが作ったって感じじゃないし、リダが言うところの「せかい」の残骸かな？

286：ななしのよっしん：2014/07/06(日) 10:37:06 ID:574cQyLktY
第六天波旬でさえ救われたのを考えるとどうしてポーキーがあんな救われない最後だったのか理解できないまあ神咒神威神楽はこれよりずっと後の作品なんだけどな

287：ななしのよっしん：2014/07/15(火) 16:24:51 ID:W90E7O1gMg
MOTHER3で最後に見つけるドアノブってポーキーの絶対安全カプセルのやつだと思ってたのに全然違った……。それにしても、アンドーナツ博士はまあいいとして、どせいさん達まで絶対外に出られないなんていう危ないものを作るかなあ？

288：ななしのよっしん：2014/07/17(木) 15:02:35 ID:3O5AJYwevr
スマブラにまだネスもリュカもいないってことはマザーシリーズから新しいキャラ出るからそれのPVのためにとってるってことでいいんだよね？クマトラとかだと同じPK系だから被るかもしれないけど出て欲しいなぁ。でもあの桜井さんだから意外とクラウスとかスターマンとか出してきそうだなぁ

289：クッパの騎士：2014/07/21(月) 13:17:04 ID:Qa4VoUT8n0
糸井重里氏の気が変わったり、続編を作りたいって人に許可を出したりしてMOTHER4が出たらポーキーみたいなキャラクターは形を変えてまた出るかもしれないね。

290：ななしのよっしん：2014/07/21(月) 21:55:41 ID:MV5PLZng/S
最初にMOTHER2プレイしたのはものすごい前だけど、この記事読むまでポーキーは真性の悪者としか考えていなかった。ともだちのヨーヨーってポーキーの持ち物だったのか。

291：ななしのよっしん：2014/07/21(月) 22:08:36 ID:PeMDfT6xjv
>>288を見てわかる事だがスマブラのためにいちいちマザーを改悪してほしくないんだよね初代のニンテンをそのまま主人公として使ってれば違和感なかったのに

292：ななしのよっしん：2014/07/26(土) 20:30:24 ID:kfoLyTkgY4
>>286可愛そうなやつだがあれだけやってるんだから因果応報じゃね？桃伝のカルラと違って同情の余地があるだけマシだが平和な世界を乱しまくったあたり同レベルに近い事をやってるよ。

293：ななしのよっしん：2014/07/31(木) 01:04:58 ID:hEvV/3QiwC
個人的にマザー2で一番好きなキャラ良くも悪くも、これだけ数奇な運命を辿ったキャラは珍しいと思う最初は本当にどこにでも居そうな単なる糞ガキに過ぎなかったんだよなぁそれがギーグと接触したことが切欠で、最終的にはある意味ギーグ以上の極悪人になっちゃうんだからしかも単なる極悪人じゃなくて、ネスや自分の家族に対して色んなコンプレックスを持ってるってのがねとにかく凄く面白いキャラだと思うよ

294：ななしのよっしん：2014/08/04(月) 11:52:21 ID:NtRkKG/n7u
>>291？？

295：　：2014/08/16(土) 03:39:51 ID:kngVv8eVog
どうしようもねぇクソガキって印象だったなぁツーソンで別れてポーラを助けるために山小屋へ行って再会してぎょっとしたわてめぇ何でンなみょうちきりんな宗教団体に取り入ってるんだよって弟が幾分というかかなりマシな分コイツのクソさが際立つ

296：ななしのよっしん：2014/08/19(火) 01:39:50 ID:e9tUjD4M31
>>293順番が逆で、コンプレックスを持った状態で力を得たからあそこまで極悪になったんじゃない？しかしあの虫もいきなり「お前は違う」とだけ言わずに同行くらいはさせてやればポーキーもあんなんにはならなかったのに・・・と思ったけど危険な旅になるから連れて行くわけにも行かんよなあ・・・もうゲームの開始時点でポーキーがギーグに目を付けられて悪に魅入られるのはどうあがいても避けられなかったんだと思う

297：ななしのよっしん：2014/08/24(日) 00:02:12 ID:k0/GPknTon
ポーキーもギーグと同じで心の弱さ故に悪に屈した哀れな奴だ

298：ななしのよっしん：2014/08/25(月) 12:34:13 ID:007bIXLSkv
そんなに悪いやつぶっ潰して皆ハッピー☆オレ英雄！な話が見たいならドラクエでもしてろよなあ。そうじゃないからマザーはマザーなんだろうに。

299：ななしのよっしん：2014/08/26(火) 22:19:13 ID:hEvV/3QiwC
>>295ピッキーだけど、エンディング後どうなったんだろうな……家族ほったらかして飲んだくれてる父親に、よその男連れ込んでご満悦の母親せめてピッキーだけは、このまままともに成長して欲しいと強く願うよ

300：ななしのよっしん：2014/08/26(火) 23:05:42 ID:M3B7tHkfPQ
ネスに罪滅ぼしとかそういう言葉は似合わないけど、せめて弟のピッキーとは…。

301：ななしのよっしん：2014/08/30(土) 23:41:04 ID:w8ClNeWRCA
ポーキーの声のイメージは、ちびまる子ちゃんの小杉君が合っている気がする。プレイしている時は、小杉の声で脳内再生してた。

302：ななしのよっしん：2014/10/01(水) 20:10:24 ID:xESncuu31C
量産型のポーキー母ロボット見てるとなんか気持ち悪くなるなんかこう…生々しいようなえげつないような変な感覚がする

303：あん：2014/10/06(月) 05:36:30 ID:kRKYvQikS8
ポーキーはただ、ポーキーにとっての(ネスがいるという）世界を守りたかっただけなんだよね。他のNPCがそれぞれ自分達の認識できる世界が全てでその中で生きているのと同じく。ポーキーにとってはネスがそばにいない状態は世界の危機で有った訳で。

304：ななしのよっしん：2014/10/09(木) 21:33:55 ID:xESncuu31C
>>303もしかしてネスみたいなヒーローの姿をリュカに求めてたんだろーか？絶対許せないんだけど、腹立つけど、なんか物悲しいよなぁ

305：ななしのよっしん：2014/10/11(土) 18:11:54 ID:53nMBNIzxx
ネスに懺悔を求めるのは間違ってるだろネスにとって旅の邪魔をしてくるポーキーは明らかに敵だし、ポーキーの気持ちを考えろなんて子供のネスに求めるのは無理がある

306：ななしのよっしん：2014/10/15(水) 18:51:03 ID:kfoLyTkgY4
採用はされなかったが追い詰められて介護ベッドから落ちて死ぬシーンも作られてたみたいだが、追い詰められて負け逃げで絶対安全カプセルに閉じこもって脱出不可能になる終わり方になったよな。あのまま全員に袋にされて遂に決着（死亡）つけられるのとJOJOのカーズと同じ脱出不可能の生き地獄を味わうのとどっちが良いのか分からなくなってきた。

307：ななしのよっしん：2014/10/26(日) 13:18:01 ID:4ITGPP9i2U
>>271フレール・ジャックに似てるって言われて自分は改造した動物と洗脳したブタマスク達とどせいさんとアンドーナツ博士の科学力で何作ろうっていう風に解釈したポーキーってメカキマイラと変わらないんじゃないか。生命維持装置がないと生きられないし移動は全部機械任せで足は実質メカになったようなものだし

308：ななしのよっしん：2014/11/24(月) 01:51:36 ID:7GdbP2ODzn
ギーグとの最終決戦で逃げたりせず、最後の最後までネスと戦って引導渡されていればまだしもマシな死に方ができたろうに……

309：ななしのよっしん：2014/12/23(火) 00:48:24 ID:zx4UdTtL55
何年たってもなぜかふと思い出してしまう。母親そっくりのロボットや映画館は見てて辛い。マザー3ってとことん残酷だよね。

310：　：2015/01/10(土) 22:36:33 ID:mOPY+FHzM/
１と２のギーグは別物だっていう話があるし、『ポーキーは・・・なにをしたのか？』っていう攻撃メッセージから推測するにやっぱり２のギーグは現在過去未来と永い時間を旅行しすぎて、心も体も何もかもが崩壊して、それでも生き続けてきたポーキーなんだと思ってる。最低国の形もどことなく３のラストダンジョンの形に似ているし、２のギーグがポーキーとすると２のギーグがネスに固執するセリフを出しまくるのも理由がつくから。

311：ななしのよっしん：2015/01/24(土) 15:39:52 ID:hycyYiMQ+I
外伝というか二次創作だけど、しかも東方とのコラボだけどちょっとだけポーキー救われていたりするそうは言っても絶対安全カプセルに入って数億年って言ってたけど…

312：ななしのよっしん：2015/01/26(月) 11:02:39 ID:QALZQmwWma
ポーキーは家庭、母親のためにああなったでも、ピッキーはまともじゃんという議論を某所で見て昔のクラスメイトを思い出した所謂ＤＱＮで先生相手にもキレて暴言吐くようなやつだったけど、弟はすごいまともというかむしろ優等生で、そいつも弟の前ではいい兄貴という感じだった深い知り合いというわけではなかったんだけど、そういう兄弟もいるということで

313：ななしのよっしん：2015/02/15(日) 18:25:57 ID:7SANq8y/lS
ジャギのことですかね

314：ななしのよっしん：2015/02/19(木) 02:50:17 ID:DCYrMcT0d9
>>310俺も２ギーグ＝ポーキーだと思ってる。「絶対安全カプセル」と「悪魔のマシン」の類似性、ギーグがネスの顔、ネスしか使えないはずのＰＫ・・・完全な妄想だけど、絶対安全カプセルは「外から、ポーキーだけが開けられる」仕組みなんじゃないかと。つまりポーキーがカプセルの中に入ってしまえば、誰も開けられない、はずだった。ポーキーが「悪魔のマシンのスイッチを切る」のは「絶対安全カプセルを開ける」ことであり、それはポーキー自身であったからできたんじゃないかなあ、と。ただこの説だと「なぜギーグ（ポーキー）が異星人の頭目に収まってるのか」の説明がつかんけどね。

315：ななしのよっしん：2015/02/24(火) 11:28:45 ID:44IgVHZtZF
>>308ポーキーは父親欺くくらい頭はいいから負け確で死ぬまで戦うなんてしないだろうなそもそもラストバトルでポーキーが死んだらネスが鬱になる

316：ななしのよっしん：2015/03/05(木) 20:38:25 ID:kfoLyTkgY4
改心の余地があったってあるが、人生リセットまでいかないが何度もパラレルワールド行き来できてやり直せるチャンスあった結果がこれだからな。ネスがポーキーを救えなかったって話を聞くが変われるチャンスがいくつもあって変われなかったポーキーも100パーじゃないが問題だろ。

317：ななしのよっしん：2015/03/10(火) 19:12:45 ID:OHoFIxCZU/
２の最序盤の「うちだったら〇コール以内に受話器を取らないと～」みたいなセリフから既に同情していた自分に隙はなかったピッキー探しの時も「できるだけ協力するからさ」みたいな自分の無力さを自覚してる発言をしてて好印象だったそれがいつの間にか･･

318：ななしのよっしん：2015/03/10(火) 19:15:14 ID:OHoFIxCZU/
連レスになるけどポーキーのテーマとビコーズアイラブユーを分かりやすく比較してる動画ってないのかな脳内で重ねようとしてもポーキーのテーマが強すぎてわからなくなってしまう

319：ななしのよっしん：2015/03/10(火) 21:25:14 ID:Vv/FGUrZCf
>>311絶対安全カプセルが風化するまでの長い間（世界がひとつ始まって終わるくらいの）ずっとカプセルの中で生きてたって発想はなんか恐れ入った二次創作だし若干スレチだがな

320：ななしのよっしん：2015/04/02(木) 03:45:34 ID:yyyrlh97OE
ギーグ、近未来の地球を侵略→ネスに倒されることを予知で知る→ネスを子供のうちに倒して歴史を変えようと過去に干渉、生物を凶悪化させる力でネスへの執着を増幅された（？）ポーキーを部下に→しかし少年時代のネス、パワースポットを巡りパワーアップ→ギーグ、時代をさらに遡り、誰にも邪魔されない場所で自らを強化（やりすぎて失敗）っていうストーリーの流れを見ると、ギーグ＝ポーキー説ってちょっと無理ありすぎるんだよなぁもしギーグが未来のポーキーなら、自分がわけのわからないものになり滅ぶ末路を知りつつ“ともだち”をマジで殺そうとし、そのために歴史改変を企む悪知恵はありながら「そもそも過去の自分を巻き込まないことでそんな悲惨な末路を回避する」という知恵は働かない、なんて無茶苦茶な奴になってしまうのがねぇギーグがネスサンネスサン言ってるのも「自分を殺しに来る宿敵と恐れ執着し、しかしその予言こそが、あんなものになってしまった自分を楽にしてくれる唯一の希望となったから」で充分納得できるし

321：ななしのよっしん：2015/04/03(金) 22:14:36 ID:ahtQw6Ce/q
かなり前に知恵のリンゴ説なかったっけ

322：ななしのよっしん：2015/04/05(日) 01:28:43 ID:yyyrlh97OE
>>320 これ途中間違ってた「少年時代のネスが覚醒すれば現代でギーグを倒せるという予言があるのでブンブーンが歴史改変を試み、未来のギーグが阻止しようと刺客を送った（が失敗）」だった 細かいことかもしれないけど一応訂正ポーキー＝知恵のリンゴ説はギーグ戦の時にポーキーが「ここに僕がいることは知恵のリンゴも予言していなかった」みたいなこと言ってるから、「本人なのに知らないのか」「知ってて教えなかったとして何かメリットでもあるのか」とか、あとやっぱり「ああなるのわかってて止めないのか」って話になるんで……

323：ななしのよっしん：2015/04/26(日) 00:40:25 ID:hEvV/3QiwC
>>319あれはポーキーの最期の台詞が本当にかっこよかったこれ正史にしてもいいんじゃないかって、ちょっと思ってしまったくらい

324：ななしのよっしん：2015/05/04(月) 02:17:34 ID:+0PLvSRu1j
>>302「本当はこういう風に甘やかされたかった」ってのもあるけど、「憎たらしい母親を意のままに操ってやる」って鬱屈も感じるよね。本来は美味しくて発酵させるとさらに美味しくなるはずのものが、発酵方法を誤った上に過剰にやりすぎて、目も当てられないくらいドロドロに腐りきったみたいな。しかも何がタチ悪いって、そんな状態でもある程度は原形を留めてるというか、少なくとも正体を言われると納得できてしまうところ。まあ一言「歪んだ愛」と言えば済む話ではあるけどね。

325：ななしのよっしん：2015/05/08(金) 03:41:55 ID:nW9pvN9FnW
2をプレイしてた時はこいつが行く先々で邪魔してくるもんだから「絶対こいつ殴る、グーで殴る」とか思いながら進んでたんだけど、その後は別に絶縁するとかそういうつもりは全く無かったんだよねやった事は本当に色々アレだったけどまあ何とか大団円になったし、家に帰った後にまた弾丸ノックで突撃してきたらとりあえず一発殴った後で何のかんの言い合いながら一緒に野球でもするかねーみたいな感じで本当に軽く考えていただから2のEDで手紙だけが来た時はまだやんのかよ！懲りねえなこの野郎！とは思ったんだけど、きっとネスならこの後こいつを何とか出来るだろうって思ってたんだ思ってたんだ･･･きっとこの時のネスとしての記憶と後悔がポーキーを嫌いになれない要因なんだろうなあ

326：ななしのよっしん：2015/05/08(金) 04:18:47 ID:xESncuu31C
>>325ただしリュカの視点で見た場合のポーキーは…

327：ななしのよっしん：2015/05/12(火) 12:11:13 ID:w8ClNeWRCA
２の序盤見ているとな、自分の所為なのに弟のピッキー探してくれと強引に頼み込んでネスが支度整えると、ソファで寛いでて「お前が先頭に立て！」と上から目線で命令してバトル中は言うまでもないし、これだけで図々しさが、よく伝わってくる。そこが子供らしいワガママで、逆に面白かったが。

328：ななしのよっしん：2015/05/12(火) 16:08:01 ID:w8ClNeWRCA
追記になるが、ポーキーが歪んだのが、家庭環境や虐待を受けてただの言う気は無いが両親も両親で嫌な奴という印象があった。プロローグでポーキーの家に行くと、両親は出かけて豪遊していると家族サービスより、自分たちだけ楽しむことを優先しておりポーキーとピッキーが家に帰ると、先に帰宅していた両親は「どこをほっつき歩いてた！？」「おしおきだ！」と子供たちの不在を全く心配もせずに、叱りつける事しか頭に無かった。（この点は、家の外まで出迎えてくれたネスの母とは真逆である）普段から、こんな調子だったら家は裕福でも、家族関係は悪いだろうと推測できる。エンディングでも、父親は飲んだくれて「父さんを大切にしろ」と愚痴るだけで母親は新しい男を連れ込んで、「ポーキー？あんなブタ息子なんか知るか」と見放していた。ピッキーが常識人なのは、兄や両親の反面教師からだったと思うな。

329：ななしのよっしん：2015/05/21(木) 00:04:34 ID:Clxa0ZzylR
ポーキーがああなったのは親が悪いってのと友達がいないってのは糸井さんも言ってたな

330：ななしのよっしん：2015/05/23(土) 17:43:57 ID:ryP8MiGGiw
同情はするけど、でも大嫌いなキャラリュカの気持ちを考えるとね･･･

331：ななしのよっしん：2015/05/27(水) 00:03:48 ID:hycyYiMQ+I
mother2で思ったけど付き合いの長い友人(マジカントのポーキーを見れば本編序盤の言動はどうあれ、いい友人だとわかる)より赤の他人の女(ポーラ)をとった(ハッピーハッピー村での出来事)ネスも大概だと思うのは俺だけ？宗教に洗脳されて、恋人でも友人でもなんでもない赤の他人の女をちょっと牢屋に閉じ込めた事なんてよく考えれば何でもないような事な気がするハッピーハッピー村でのネスのあの行動が大きくポーキーを狂わせてしまったと思っている序盤の「レッツでゴーだぜ！」とか無邪気なポーキーを見てると切なくなるmother3の事は…そりゃあさ…

332：ななしのよっしん：2015/05/30(土) 12:02:26 ID:z4SsxzS59K
>>331例え友人でも罪を犯せば止めるのが普通だろ・・・女性を監禁したけど、友達だし見て見ぬふりで助けないってそんな主人公、というか人として駄目だろ

333：ななしのよっしん：2015/06/14(日) 12:14:16 ID:FBQfQR9rWo
>>324親父の笑い方に似ているヨクバを部下にしたのも同じ理屈に思う頻繁に起こるサルサへの体罰は幼き日のポーキーの待遇を表現したものなんじゃない美味しい物を分けてくれないとか嫌な奴でも頼らなければいけない点とか2は明るい作品と言われるけど3とは逆にじわじわ話が暗い方に進んでると思うネスは恵まれ過ぎてるしそれは自分は特別で誰からも愛されてるという幼児の世界観ポーキーは予言によって醒めて自力でのし上がってきましたみたいな感じラストで2ではネスを英雄気取りだと3では子ども時に持った憧れを具現化したタツマイリの人々を馬鹿にしていたしぶち壊したニンテンやリュカに比べるとネスがギーグと闘う理由には説得力というか理屈や因果に乏しいそれにマジカントでトンチキに似てると言われたのは将来的にはネスの人生も平和でない暗示でその体現がフリントだと思う

334：ななしのよっしん：2015/06/19(金) 20:34:29 ID:Ok5Z3nlsZQ
昔マザー３プレイしてて、ふと、「フリントは大人になってPSIを使えなくなったネスなんじゃないかな」って思ったことがある。PSIは心の力だから、大人になったら使えなくなりそうだなぁ、って。フリントがフランクリンバッジを持っていたことに自分で納得できたし。仮にそうだとして、もし、元の記憶が戻った状態でポーキーとあっていたら・・・長文な上、拙い文章で失礼しました。

335：ななしのよっしん：2015/07/01(水) 10:32:05 ID:HKqJsRbdtT
その説けっこう見るけど、仮にそうだとしてポーキーへの反応が薄すぎるからやっぱなさそう面白い考証だけどね、フリントハゲてるし

336：ななしのよっしん：2015/07/03(金) 09:48:18 ID:kfoLyTkgY4
結局殺されず自ら知らずに生き地獄に堕ちたのは因果応報といえるがもう既に十分苦しんだのと、表現の問題でカプセルの中で苦しむのはカットされたのかな？

337：ななしのよっしん：2015/07/13(月) 18:52:14 ID:32mRIuuanl
嫌なことあればすぐ逃げる人間は成長できず年をとっても幼稚な精神持ったままそういったグロさを表してるのが3のポーキーだねこういった人間は別に珍しくないんだよなまぁ親の教育大事だなって思う

338：名無しさん：2015/07/15(水) 19:54:00 ID:OHsxkhuiHO
あの生命維持装置(？)が落下するシーンから推測してみた俺流のエンドだとポーキーと戦うマシンのエネルギーが切れる(ここまでは一緒)絶対安全カプセルに入る、(本来あの生命維持装置がそうだと思われる)戦闘終わる落下する、ポーキーは死ぬ？(ここが没ムービー？)アンドーナツが｢まだ使っちゃいかんと小声で言っておったが…｣これで終わりだったんじゃないかな？その後死ぬのは良くないと変えられたのだろうが…

339：ななしのよっしん：2015/07/21(火) 14:39:27 ID:oOiHWolm7+
ポーキーの家って結局ネスの家にお金貸してたのかな？

340：ななしのよっしん：2015/07/21(火) 14:55:10 ID:l1VHDUwrzK
>>339ゲーム内だと本当に貸してたかどうかは明言されてないと思う。ネスの両親は借金に関しては何も言ってないし、それにどうこう言ってたのはポーキーの両親と母親の浮気相手だけ。ただ、ネスの家はお金に困ってる様子はないし（トレーシーがバイトしてたのはあくまでネスの冒険の手助け）勝手な思い込みって感じがする。

341：名無し：2015/09/10(木) 21:42:41 ID:kj79D8ezDh
１５年ぶりくらいにマザー２やったらポーキーの心情が読めてかなりつらかった。子供のころは嫌な奴くらいに思ってたけど、今みるとあきらかに親の愛情不足からくる非行にしか見えなくて悲しい。ネスがうらやましくてかまってほしかったんだな。別次元に言った後も手紙送ってくるとか…

342：ななしのよっしん：2015/09/16(水) 21:22:33 ID:GDEWp/YYck
2の途中からポーキーの実家から両親も消えるんだが、モノトリービルにいた父親はともかく、母親どこ行った...？そしてもしやピッキーは置いてけぼりなのか？誰もいない家に一人残ってる姿が可哀想すぎる

343：削除しました：削除しました ID:yVe0YJdCNq
削除しました

344：ななしのよっしん：2015/12/14(月) 17:35:58 ID:rTImg0f4UO
２のラストの手紙は、なぜネス家じゃなく、実家に送り、ピッキーを経由したんだろうか・・・。単に、冒頭のノックを再利用した、という演出かも知れないが

345：ななしのよっしん：2015/12/14(月) 18:58:41 ID:rTImg0f4UO
＞当事者であるリュカ達はコイツに対する同情心なんか微塵も持ち合わせちゃいないだろう。ドラゴ達って、改造されてなくても、リュカに嗾けられたら人間を襲うような生き物なんだよなぁ。あれには引いたわ。な～んだ。改造されなくてもブタマスク襲うような生き物じゃん。ヒナワは、改造されてないドラゴにだって襲われる可能性あるんだよ。

346：ななしのよっしん：2015/12/15(火) 14:16:45 ID:ctN1KbOqME
明らかに敵対している相手だから攻撃したのであって恐らく何もしてないはずのヒナワ一行を攻撃するとは考えにくいやろ

347：ななしのよっしん：2015/12/27(日) 11:44:08 ID:e+cGmT1wO1
友人が襲われてる時に助けられるほどの力があってもたとえ友人が死にかけている時であっても絶対に助けに行かないのが自然というのなら>>345の意見は正しいんだろうその上でドラゴはそんな冷たいやつじゃなかったってだけじゃね？

348：ななしのよっしん：2016/02/04(木) 03:17:07 ID:W90E7O1gMg
MOTHER3のラストで、暗転した画面の中でドアノブをひろうシーンがあるよね。あのドアノブって、ポーキーの絶対安全カプセルのドアノブだったらいいなあ。だって最初にトマスが壊したドアノブだとは限らないよね。何も見えないんだから。

349：ななしのよっしん：2016/02/05(金) 22:47:18 ID:AZ8Sm4cMTn
>>314ギーグ戦のグロ背景、説明がつきますね…

350：ななしのよっしん：2016/02/16(火) 01:49:32 ID:FByVJgsfcv
島と住む人を滅茶苦茶にしたのは絶対許せないけど、中途半端な不死になって永遠に繰り返される退屈の日々にはさすがに同情する。自分以外を全て消すみたいな事言ってたけど、何かが変わるかも知れないと期待があったのかもね。

351：ななしのよっしん：2016/02/19(金) 23:56:57 ID:hycyYiMQ+I
ネスとは一緒に家でご飯を食べたり(一番最初の、お母さんの「ポーキーくんは○○は苦手だったわね」ってセリフから)ヨーヨーを貰ったりする仲だったのになぁ…それこそポーラを拉致監禁ってやってはいけない事をしてしまったけれどそのハッピーハッピー村での騒動の後でネスがあの時に何かしらの反応を示してあげていれば…ただ一人、自分を認めてくれる友達に見捨てられたと感じたらああなってしまってもおかしくないと思うってただ一人のゲームのキャラの事なのに胸の奥がキリキリするような、物凄く辛い気持ちになる

352：ななしのよっしん：2016/03/05(土) 02:49:34 ID:VSY900wBPQ
好みが相容れないって設定のせいで何かの情けで好きなものを「ポーキー」なんてうっかり入力したりすると…

353：ななしのよっしん：2016/03/05(土) 03:27:56 ID:524bN1MOiV
1)ネスに信者達をけしかけてきた理由2)ポーラを拉致監禁した理由3)ブルーブルー教の悪事にネスを加担させようとしてきた理由ネスが返事しな（できな）かったのも以上のポーキーの行動が原因で内心混乱してたのかも？

354：ななしのよっしん：2016/03/06(日) 12:10:04 ID:WCbyZLVula
というか幼なじみがそれだけのことをして事が終わってからわざとらしい感じですり寄ってきてそれに10歳かそこらの少年が即座に平然と対処できるほうがどうかしてると思う。

355：ななしのよっしん：2016/03/29(火) 11:47:58 ID:kfoLyTkgY4
昔は苦しめて殺してやるべきだったと思ってたが、今になって自滅で生き地獄を味わう方が相応しいこの終わり方って思うようになったな。

356：ななしのよっしん：2016/04/06(水) 11:14:11 ID:xbZuxnlRFR
>>274みたいなのはさ、それはそうなんだけれども、いくらそんな事を吠えたところで、ポーキーには我々が持ち合わせてるような価値観とか道徳は通用しないだろう。むしろ、ヒナワやクラウスを死へ追いやったことに関しては、自身は両親からの愛情が皆無だったことを考えると、家族愛？何それ？みたいな心情なのは個人的にはいくらか理解できるところ。それこそ、「愛し合っていた家族を失う」のと、「最初から家族に愛されもしない」のとではどちらがより辛いのか、みたいな感じに考えられる。最後のは、たぶん彼も望んでただろう、きっと。　どの世界にも居場所がない、精神が歪みきって誰とも馬が合わない、そしたらもう自分以外誰もいないあのカプセルの中を居場所にするしかないだろ。

357：ななしのよっしん：2016/04/06(水) 12:52:00 ID:xbZuxnlRFR
↑、なんだか誤解させるような書き方をしたかもしれないが、要は、リュカたちにとっては許せないだろうが、逆にポーキーにとっては家族愛なんて所詮幻みたいなもんなんじゃないだろうかというのを言いたかった。失礼。それかあるいは、幸せな家族なんてむしろ憎いくらいだと思ってるかもわからんしね。

358：ななしのよっしん：2016/04/09(土) 06:14:53 ID:LH7z4R9EQD
>>345リュカの仲間たちが危機的状況にあって襲い掛かったブタマスク達を危険と判断して対抗しただけじゃない？リュカに嗾けられたっていうか子どもの頃から一緒に遊んでれば情も移るでしょ

359：ななしのよっしん：2016/04/30(土) 20:34:54 ID:mOPY+FHzM/
>>320３の時点でも悪党になってしまったポーキーが憎悪の精神をさらに大きくさせてしまったならああなった理由がつかなくもない。それでも２の最後で「トモダチ・・・」と言ったりネスの顔を浮かび上がらせるような現象も起こしているのだとしたら相反する心を抱えたままだったんじゃないかな？殺したい相手ではあるけれども救済も求める心が残っていたのがあの「トモダチ」っていう言葉だったりしたんじゃないかと思う。あと最低国＝ポーキーが作ったニューポークシティってのも道の形からなんとなくイメージが出来るかなぁと。

360：削除しました：削除しました ID:n/n94THAI1
削除しました

361：ななしのよっしん：2016/06/27(月) 00:48:12 ID:QdHQZciwrz
>>sm23435509sm23435509これちょっと感動したとても曲に合ってると思う

362：ななしのよっしん：2016/08/17(水) 23:05:35 ID:p5ABgjmpLN
そういやネスからもらったヨーヨーを大切にしてるけどあそこで流れてる映画って基本的にマザー２そのもの、というか「ネスがヒーロー」なんだよな。こういう時脚色して自分をあげたり相手を下げたりしてるのにそういうことをまったくしてない。そういう部分でポーキーがネスをどう思っているかも見れるんだよな

363：ななしのよっしん：2016/08/19(金) 15:58:38 ID:gF9Ry3EVhn
綺麗事や理想論と現実の区別がついてない頭がお花畑な奴とか、都合の良い建前で自分を正当化する奴らよりかは欲望の赴くままに世界を滅ぼそうとしたり建前に逃げる人間をバカにするポーキーの方が個人的には好感が持てる

364：ななしのよっしん：2016/08/20(土) 20:03:18 ID:VSY900wBPQ
ポーキーにとって最も耐えられないのは、死ぬことによる恐怖でも永遠の孤独でもなく心のどこかで認めていた友人との思い出そのものが自分とも関係なく踏みにじられることかもしれない博士が「彼がああなったのは昔何かイヤなことがあったせいかもしれない」って言い出して記憶けしマシンとか作ってリュカに持たせて無力化させる作戦に出てたらさすがにもっとなりふり構わず抵抗するか裸足で逃げ出す気がする

365：ななしのよっしん：2016/09/01(木) 23:54:53 ID:kfoLyTkgY4
変われるチャンスが何度もあったが既に手遅れになるぐらいまで歪みまくってせいで変われなかった哀れな豚野郎がポーキーか。

366：ななしのよっしん：2016/09/08(木) 15:50:54 ID:n3qOjzRUz/
2と3の間でポーキーが更にゆがんでしまった理由か…ただの推測だけど数多くの世界と時間を旅してもネスと再会できなかったことじゃないかなあらゆる世界と時間の中で拒絶され続け、唯一自分を認めてくれた友達とは二度と再会できないとなればあの狂いようも説明がつく逃げ出したとはいえ、もう一度ネスのいる世界に変えれていれば、もしかしたら立ち直れたんじゃないかな

367：ななしのよっしん：2016/11/23(水) 18:49:19 ID:kfoLyTkgY4
高い化学力があったなら気のいい性格に変えるマシーンとか作れなかったのか？まあ本人がクソガキだからそんな案も浮かばないだろーし、自分は悪くない間違ってないって理解できんガキだったからね。

368：ななしのよっしん：2016/11/24(木) 08:11:01 ID:TcbqTN2nYe
そういえば洗脳をする温泉があったんだけどブタマスクを従えていたんだったらあれはギーグの技術ってことになるのかな。あと、一つ気になるのがアンドーナッツ博士がなぜポーキーを止めようとしなかったかが少し気になる。↑で言われているように気のいい性格に変えるマシンとか作れば良かったんじゃとも思うけどね。個人的な極論としては実はアンドーナッツ博士が黒幕なんじゃないかと思ってる。実は2にいたアンドーナッツ博士をモデルとした偽物っていう妄想。

369：削除しました：削除しました ID:rceowX+zHw
削除しました

370：ななしのよっしん：2017/01/12(木) 17:39:42 ID:qRZlJCRf3Z
WiiUのVCでやりはやり始めたのでポーキーって本当はネスと仲良くしたいんだろうなぁ・・・
    
      



      タイトル:ポーキー
      画像をクリックして再生!!


         
      


記事内参照用URL:

371：ななしのよっしん：2017/03/12(日) 18:04:46 ID:Xv8bsrb9db
今更だけど>>2872のスペーストンネルのタイムマシン機能だって知らずにうっかり生身の人間が使ったら死ぬ仕様だったし

372：ななしのよっしん：2017/03/26(日) 03:51:36 ID:2LKQsAw+vx
選ばれなかったポーキーがあの手この手で対抗しても、結局は選ばれたネスが勝つ。なんだかリアルで残酷で、だからこそポーキーの劣等感を増長してしまっている要因だと思う。

373：ななしのよっしん：2017/06/25(日) 23:27:34 ID:HbBchQrrsj
たとえギーグが絡まなくてもポーキーって無駄に行動力あったりするから結局はこないだ前科2犯になったノエルみたいな人生になると思うんだけどどうなんだろうね。

374：ななしのよっしん：2017/06/28(水) 20:23:50 ID:it5gUbOjyK
Porky's Porkies聞くとなんか涙出ちゃう

375：ななしのよっしん：2017/07/30(日) 05:12:39 ID:yiKcGf0kCb
３で異様にネスに執着してるのは正直哀れみよりも不気味さしか感じなかった本人の知らん所であんな気持ち悪いことしてりゃ、そりゃ友達にもなれませんわ狂気に満ち満ちた異常者だし別にいいけど

376：ななしのよっしん：2017/07/30(日) 05:45:33 ID:AldjRsIWUW
2の救えそうで救えなさそうなポーキーの位置が好きだったもんで、3の未来は受け付けられなかったなー。あぁいう事になってもおかしくは無いキャラだとは思うんだけどゲームの中でくらい誰かしら助けられたらという期待が自分の中にあって、それをバキバキに折られたのが堪えたというか

377：ななしのよっしん：2017/08/31(木) 23:50:54 ID:+0PLvSRu1j
気のいい性格に作り替えるマシンねえ…天才アンドーナッツ博士がそこに目をつけたことはあるだろうし、もしかしたらそういうマシンを実際に拵えたかも知れないでも、>>364と被るがそんなもん使おうものならそれこそポーキーは博士を殺しかねない程の本気で抵抗すると思う

378：ななしのよっしん：2018/03/20(火) 01:41:31 ID:2vAhXdeYGQ
きっとこいつが２で仲間の一人になってたならパーティ最高のHPとその生意気な口で敵のヘイトを一身に受ける優秀なタンクになっていたであろう

379：ななしのよっしん：2018/04/05(木) 21:32:33 ID:WjjNmag9qU
ポーキーは親が悪いっていうのは確かに要因の一つだろうけどピッキーはひねくれてないし結局ポーキー自身にやっぱり問題があるんだろうなぁピッキーが優秀で比べられてとかならまだしもピッキーも大概ぞんざいな扱いだしそう思うとやっぱり同情しきれん糞豚野郎ですわでも悪役としてむしろ好き

380：ななしのよっしん：2018/04/06(金) 06:22:35 ID:ACkW0TzrVc
劣悪な家庭環境に生まれた次男だから兄や両親を反面教師に自分がしっかりしなきゃって思ったんだろうなピッキーは

381：ななしのよっしん：2018/05/13(日) 02:45:28 ID:+0PLvSRu1j
間抜けなこと言うようだけど、3のポーキーはどれほど本気で戦ってたんだろうな...リュカたちを始末しようと思えば幾らでも可能だっただろうに、それをしなかったのは「ゲームを楽しみたいから」だったとしても、直接対決の時でさえ、正直言って全力を出しきってない感があって。彼にとってはそれすら含めて「ゲーム」でしかなかったのかも知れない。いや、それが悪いんじゃなく、むしろそこまで割り切れるくらい、徹底した諦めみたいなものを10歳そこそこの精神で抱いてたとしたら、今でも背筋が寒くなるくらい恐ろしくてたまんないなと思う。

382：ななしのよっしん：2018/05/23(水) 21:03:14 ID:Ko//9cmpMM
別作品だがアンテのFloweyも「僕に同情するなんてくだらない事、君なら絶対しないだろう！？」っていうセリフがまさにポーキーにぴったりだな。どんな悪役にも色々と悲しい背景があったりするが、基本的には自身の人生の流れの過程でそうなったわけだし……

383：ななしのよっしん：2018/06/15(金) 09:05:47 ID:kfoLyTkgY4
ナルシストは絶対自殺しないとかどっかで聞いたが、後悔や罪悪感、絶望が限度超えて精神的に追い詰められると、子供でも自殺するんだから分かっててそれをしない癖に悪趣味な自分好みの町作ってる豚野郎だし、ナルシストには間違い無いな。

384：ななしのよっしん：2018/06/25(月) 01:13:58 ID:dYB3JpFoam
悲しいなぁ

385：ななしのよっしん：2018/07/16(月) 15:51:32 ID:6H+KumGbtz
今でいう"無敵の人"だわなぁ、ポーキーは

386：ななしのよっしん：2018/07/27(金) 23:15:40 ID:d7MWn5nYsC
https://m.youtube.com/watch?v=xaSDWgZOdYcこのMAD良作なのに伸びてないのが悲しい…マシーンが無いとろくに生きられないような知恵遅れの老いぼれジジイに自分の家族めっちゃくちゃにされたら頭おかしくなるやろうに、リュカはすげえよ。

387：ななしのよっしん：2018/10/04(木) 22:47:09 ID:7L0M0l+Shw
ゲーム未プレイだけど下記記事を読んでここに来てみたら、案の定ここでとっくに書かれてるような事の焼き直しだったわ。「MOTHER2／3」のポーキーが問う”善悪の彼岸”http://nlab.itmedia.co.jp/nl/articles/1810/04/news013.html

388：ななしのよっしん：2018/10/05(金) 20:45:59 ID:AldjRsIWUW
重要な過去が謎だらけの初代MOTHERと比べれば知恵のリンゴとかギーグ周りを除いて、2は情報が割と出ている方だし選ばれし勇者もの＋友達ゲーって感じだから考察も取り組みやすいそして20年以上語られている作品な訳で…そりゃ思考結果だってダブるわなポーキーは結構分かりやすい。だから二周目は見ててなんか辛くなってくる

389：ななしのよっしん：2018/10/10(水) 07:06:39 ID:va/cn6Kndk
>もし彼に、ネスの両親の様な十分甘えられる両親がいれば、もし彼が歪んだ育ち方をせずネスの冒険を応援できる様な心を持っていれば、もし妙な宗教団体と接触していなければ、もし何かが１つでも良い方向に転がっていれば、もし、もし……でも、そうはならなかった。ならなかったんだよ、ロック。だから−−この話はここでお終いなんだ

390：ななしのよっしん：2018/10/19(金) 01:00:56 ID:q1VyYvSrnT
2を既にやっていた人と3から始めた人でちゃんと作中の登場人物と同じ心情になれる悪役って凄いよなネスポーラジェフプーだったら絶対ポーキーに同情する（許しはしない）しリュカクラウスフリントから見たら絶対許さねえってなるだろうし

391：ななしのよっしん：2018/10/23(火) 23:02:30 ID:Ztzl8Odvm6
>>390そうそうそれ悪人の過去が悲惨だと知ったときにそのキャラに同情するかどうかな悪い子とされた張本人（リュカ達、2未プレイのプレイヤー）は知って同情したとしても憎しみの方が勝つだろうし昔を知ってる人（ネス達、2既プレイのプレイヤー）は憎しみより哀しみの方が強くなる人間って立場が変わるだけでここまで同一の存在に対して抱く感情が変わるってのをすごく上手く表現してる

392：ななしのよっしん：2018/10/23(火) 23:09:07 ID:TFZEHhNB7o
やってる事が１のギーグみたいだよな

393：ななしのよっしん：2018/10/28(日) 14:04:12 ID:2QqzBG1nkk
別時空からもう一人自分を呼ぶというのは考えつかなかったのだろうか

394：ななしのよっしん：2018/11/20(火) 18:01:02 ID:pdrIm7Ju+g
ネスとの決定的な決別はハッピーハッピー教の洗脳が解けた直後の会話かな調子よく擦り寄ってきたとき、ネスは何を思ったのだろう

395：ななしのよっしん：2018/11/24(土) 22:43:56 ID:6+kFvUsZo+
前にどこかの考察で見たんだけど３で絶対安全カプセルを作ったアンドーナッツは２とは別人どころか２のアンドーナッツの孫即ちジェフなんじゃないかって話ジェフの目的は取り逃がしたポーキーを今度こそ無力化させることであり絶対安全カプセルは不死身になってしまったのでコロせなくなってしまったポーキーをその中に封印して世界を文字通り安全にすることだったんじゃないだろうかそんなこと一切知らないであろうポーキーはあまりに姿が２と３とで似通っていたアンドーナッツを見て自分と同類なのではないかと感じたのかもしれないな

396：ななしのよっしん：2018/11/27(火) 13:08:29 ID:swOJLSFYOo
なんでガレオムがいてポーキーがいないんだろう

397：ななしのよっしん：2018/12/12(水) 18:35:48 ID:pdrIm7Ju+g
スピリットでもいないらしいな今後追加されるのか、そもそも入れ忘れたのか流石に過去にボスキャラとして出しといて忘れてましたーはない気もするが

398：ななしのよっしん：2018/12/17(月) 23:40:02 ID:G42hm3ZTE0
もしとか、たらとか、ればとか、そんな思いに惑わされるな。自分が選んだ一つのことが、お前の宇宙の真実さ元はグレンラガンでカミナが放った名言だけど、言う対象を変えるだけでここまで残酷な言葉になるんだなぁ

399：ななしのよっしん：2018/12/19(水) 20:30:12 ID:khvQVVOX/l
ポーキーがネスと全力で戦っていれば、どんな形であれ変わる事が出来ただろう。2の手紙を見るとギーグを機械にまでなって追ったネス達なら何処に居ようが来てくれると期待が有ったのでは。あの冒険で限界に達したのか、いい加減ウンザリして付き合い切れなくなったのかネスはポーキーを追わなかった。ネスはあの後、ポーキーの事をどの程度考えていたのだろう。

400：ななしのよっしん：2018/12/24(月) 23:20:50 ID:osp1V/0WMO
>>397ポーキー参戦とかはないよねぇ？今回ヴィラン参戦多かったけど果たしてスピリットにぜったいあんぜんカプセルあるのは確認した

401：ななしのよっしん：2018/12/25(火) 12:41:41 ID:CyWlhA9jWm
某氏がねとらぼで書いていたがネスもポーキーを友人として(或いは友人になりたいと)好意を抱いていたのにポーキーに歩み寄ることは一切なくマジカントの台詞では「オレなんか…」と実はポーキーを下に見ているのが辛い。ネスにポーキーを救う義務や責任はないけどポーキーの孤独を知っているのにポーキーに手を差し伸べないのはある意味クソ親より残酷な気がするな…関係ないけどネスの好物が大嫌いなポーキーってネスに自分の分も食べていいよ！って言えなくてこんなのいらねーよ！って言ったとかツンデレ的なのを勝手に妄想してた

402：ななしのよっしん：2018/12/29(土) 18:13:12 ID:ZBVUuhN7Iv
いやいやネスがポーキーを見下してるわけないでしょねとらぼだったかのポーキー記事の筆者もそうだったけど悪役ファンは悪役に入れ込むあまり主人公を邪険にしたがる傾向があるがそれはよくないマジカントのあれは実際のポーキーの内面とも一致してたわけだからポーキーの本心を知る何かが過去にあったんだと思うよともだちのヨーヨーやポーキーのネスへの執着心を見るに手を差し伸べなかったのではなく手を差し伸べたからああいう関係になったとも思うしとはいえ内面を知って優しくしてもポーキーの性格を考えれば突っぱねたり意地悪で返すこともあるからなかなかこじれるわけでね…

403：ななしのよっしん：2019/01/05(土) 12:01:43 ID:CyWlhA9jWm
>>402>実際のポーキーの内面とも一致してたわけだからしとらん見下すって言い方は微妙だけどネスの心の中のポーキーがネスを羨ましく思ってるってことはネスがその点に関して優位に思ってるってことだよ

404：ななしのよっしん：2019/01/05(土) 22:23:50 ID:ZBVUuhN7Iv
>>403ポーキーがネスの旅の様子を素敵な映画として公開してたり使われたメカや乗り物を大事に展示しているのは暴言を吐きながら旅の邪魔をし続けていたが本心では羨ましいとか憧れのような感情があったということの裏付けになってるよ

405：ななしのよっしん：2019/01/06(日) 13:52:22 ID:CyWlhA9jWm
憧れてるのはわかるけどオレなんか…って卑下してるのはなんなんだろうね

406：ななしのよっしん：2019/01/11(金) 18:29:16 ID:nV0DsYCKVG
>>400どうなんだろうな。マザーシリーズかじった程度しかやった事ないけど、根強いファンが多いし、2作品連続でボスキャラで登場してるのにスピリットないのは違和感あるよなぁ。全くのダークホースだったけど、出て欲しいなwでもリドリーやクルールほど参戦要望の声が大きいとも思えないしなぁ。最初から出すのならともかく。

407：ななしのよっしん：2019/01/14(月) 15:40:22 ID:it5gUbOjyK
友人の屈折した思いに気づいていや閃いてそれに恐怖することを優越感だとぴしゃりというのは悲しい

408：ななしのよっしん：2019/01/20(日) 21:18:24 ID:2Oh8I8ODPy
ポーキーがスピリッツにいないのは絶対安全カプセルの中にいるから説を聞いた流石に不憫過ぎる

409：ななしのよっしん：2019/01/20(日) 22:29:05 ID:ACkW0TzrVc
ポーキー大好きな俺が言うのもあれだけど、かなりコア寄りのキャラだしDLCになったとして買う人どれだけいるんだ……？

410：ななしのよっしん：2019/01/22(火) 21:08:05 ID:VSY900wBPQ
>>408「二度と出られない」って客演的な意味も含めてだったのか…亜空でボスだった中でポーキーのスピリッツは全然見ないから何か嫌な予感はしたけど本当に何もないのは妙だなと思ったスピリッツ用に使えそうな一枚絵探したけど全然なかったとかそういうオチじゃないよね…？

411：ななしのよっしん：2019/01/23(水) 01:59:21 ID:AldjRsIWUW
もしネスが旅立たず、そのままお隣の腐れ縁状態が続いていたらポーキーは成長してもせいぜい小悪党止まりになっていた気はする。アンブラミ二世的なでもネスが悪いとはとても思えない。彼は彼で「世界がやばいから仲間連れてどうにかしろ」と無茶振りされてた訳だしこれでポーキーの事まで気遣えというのは流石に酷だ世界を救うヒーローに選ばれても隣の悪友は救えない、というのがなんだか悲しい

412：ななしのよっしん：2019/01/25(金) 16:54:58 ID:QzPjqlFRFA
ポーキーはスマブラのDLCの第3弾で出るよ。つぎの発表がモンハンのブレイブハンターで、6月のE3で発表くる。根拠はスピリットで絶対安全カプセルがあるから。

413：ななしのよっしん：2019/01/31(木) 00:31:29 ID:myZ/FEnYEf
>スマブラXに登場するボスたちはラスボスが作った偽物この明言があるのは大迷宮に出てくる個体だけじゃなかったか荒廃した動物園に出てくる方はタブー製なのか謎

414：ななしのよっしん：2019/02/04(月) 20:10:59 ID:bJDUK0W0Fb
小説版の2だと救われてるどころかハッピーにまでなってるのには驚いた、まぁあの小説MOTHERというよりBROTHERになってた気がしないでもないが(現物が絶版になってて高すぎるのも特徴、電子書籍版をおすすめします)

415：ななしのよっしん：2019/02/07(木) 00:22:03 ID:d7MWn5nYsC
仮面の男とポーキーやったらどっちが参戦要望多いんやろ？仮面の男参戦でも最後の切り札で召喚とかはありえるが

416：ななしのよっしん：2019/02/16(土) 14:35:07 ID:SOI8kqAs2D
ポーキーのスピリットを超化していった最終形がぜったいあんぜんカプセルとかだったら面白かった

