メルトリリス 2019-08-28/20:00 573

1 ななしのよっしん 2013/08/11(日) 13:36:27 ID: UQgaJqYpqb
作成乙
アーチャーでプレイしてるとザビ子なんてどうでもいい、むしろ邪魔者扱いしてきた時には
他の鯖の時と態度変えすぎじゃね？って思わずつっこまずにはいられない

2 ななしのよっしん 2013/08/11(日) 20:15:52 ID: 1Ej4e3sa/H
リップどころかBBよりも早かったな

人形について熱く語るところが可愛かったw

3 ななしのよっしん 2013/08/11(日) 20:22:28 ID: 1Ej4e3sa/H
リップどころかBBより早かったな

人形について熱く語るところが可愛かったw

4 ななしのよっしん 2013/08/11(日) 20:25:05 ID: GytBQy0yRv
何だかんだ言ってもCCCの敵の中で一番まともな奴だった気がする
下着（のようなもの）以外は

つーかあの世界、2010年頃にはフィギュア職人は健在なのに、2030年には絶滅してるんすね…

5 ななしのよっしん 2013/08/11(日) 20:52:47 ID: F4BRZlE9/e
記事乙！騎乗スキルは宝具攻撃時の波乗りに使ってた説を押しておく

6 ななしのよっしん 2013/08/11(日) 23:11:25 ID: 1Ej4e3sa/H
>>2　>>3
すみません、慌てて連レスしていたみたいです

7 ななしのよっしん 2013/08/11(日) 23:52:49 ID: ufDE/4fmxy
記事乙！
決戦時の能力を見るとそこまでたかくないんだよな

8 削除しました 削除しました ID: P3JxhdjJ7+
削除しました

9 ななしのよっしん 2013/08/12(月) 15:01:22 ID: CNZlj40GFl
赤ランサー共々CCCの魅力的なボスキャラ。ぶっちゃけパートナーにしたかったぐらい好き。
話としても設定としても無理だろうけども。

10 ななしのよっしん 2013/08/13(火) 05:46:49 ID: JuqOf2N6cK
シンジの活躍の踏み台。

11 ななしのよっしん 2013/08/16(金) 20:09:20 ID: hMip12e6vE
発売前はリップが好きだったけど
プレイ後はメルトにメロメロです。

12 730 2013/08/16(金) 23:15:28 ID: HiUUtRLh80
記事作成乙。アルターエゴの解説って、複合させたハイ鯖についても
記述入れたほうがいいのかね？
リップとメルト、あとBBが組み込んだ女神くらいしか該当いないけど

13 ななしのよっしん 2013/08/17(土) 09:26:23 ID: gyOY8ob60N
いつの間にかできてる乙です

14 ななしのよっしん 2013/08/19(月) 01:52:50 ID: F4BRZlE9/e
>>sm21482687
sm21482687

一応メルトが主役？のＭＡＤ

15 ななしのよっしん 2013/08/19(月) 02:00:53 ID: s2FiD3iT1b
マテリアルで宝具のランクがEXだったのが判明したな

16 ななしのよっしん 2013/08/19(月) 02:03:46 ID: TW56TAvElt
騎乗位に使うんだろ？騎乗スキルは

17 ななしのよっしん 2013/08/19(月) 02:45:17 ID: TwkOsQhJFX
ありすにやったこと考えればこいつはめちゃ許せんよなぁ～！状態になるけど
声と戦闘スタイルとPUNISH TIMEの最後の台詞でやられたわ…
でも、うん、仕方ない。ときめいたんだから。
あとプロフィールの身長は具足込みで、体重は具足抜きで申請してるのが地味にカワイイ

18 ななしのよっしん 2013/08/19(月) 15:01:12 ID: 7jNqx9c+uw
>>17
あのさらりと乙女心が感じられるプロフィールはマジできのこ天才だと思う。

19 ななしのよっしん 2013/08/19(月) 22:43:44 ID: YsXNvK3WUs
剣の両足と黒いコートに覆われた両腕と身体、前かがみの着地姿勢とあいまって
初見時は「人間というより、まるでクモみたい」と思ったな。

恐ろしい怪物の面と純粋な恋する少女の面にやられたわ、いやマジで。

あと、声が良い。
なんというか、いつまでも聞いていたくなる。

20 ななしのよっしん 2013/08/25(日) 17:52:12 ID: EKyyB4VzoM
メルトに限った話じゃないが、今作も声優さんいい仕事するよな
メルトの興奮して猟奇的な演技と、心を暴かれて本音を語るときの声の
使い分けがすごい
>>17
そこいいよな　２週目以降、ＣＣＣフラグのためにﾊﾟﾆｯｼｭできないのが惜しい
あと、ＣＣＣルートの見逃した後、鯖としゃべってるときのすねた感じも
普通の女の子っぽくて好きだ

21 ななしのよっしん 2013/08/29(木) 13:34:15 ID: CNZlj40GFl
マテリアル読む限り、原案では宝具演出に騎乗スキルが活用されてたっぽいな。
女神もCEROには勝てなかったよ…

22 ななしのよっしん 2013/08/29(木) 15:17:45 ID: ZAC+I5HO0f
CEROはムーンセル中枢よりも固いからな…
キャス狐が九尾になったところで到底破れるものではなかろう

23 ななしのよっしん 2013/08/29(木) 16:03:14 ID: YKTou1D7Nx
久々に女主とアーチャーのコンビでやったけど、やっぱりメルトが可愛かった
決戦前後の会話が最高だわ

24 ななしのよっしん 2013/08/31(土) 19:10:20 ID: /lwLs2lLwi
ちなみに彼女が付けてる股間のアレはCストリングと言う
現実にも存在するエロ下着だったりする。

25 ななしのよっしん 2013/10/03(木) 14:39:34 ID: h8FvichkYv
>>24
もう別にBBが欲望肯定しなくても十分はっちゃけてるじゃないか人類

26 ななしのよっしん 2013/10/07(月) 08:07:55 ID: G5oiRhcBAQ
メルトのモーション（特に最期の辺りの）がすげえ蜂っぽかったことに感動したなあ。
地面を歩く蜂の動きまんま。周りの奴は分かってくれんかったが。

27 ななしのよっしん 2013/10/08(火) 02:53:58 ID: /63SFfh4S/
>>25
特に極東にある島国とかな
世界中からもうやだこの国って言われてるし」

28 ななしのよっしん 2013/10/10(木) 19:56:36 ID: eKaElT1QZT
誰かリップの記事も作ってあげて・・・

29 ななしのよっしん 2013/11/02(土) 02:26:12 ID: wsH9AqVPtp
メルトも得意料理はカレーって言いそうだな
具が融けるまで煮込めばいいんでしょ？って感じで

30 ななしのよっしん 2013/11/04(月) 19:42:32 ID: CNZlj40GFl
>>29
献身の愛であることを考えるとむしろ料理マジメに習得してくるタイプじゃね？

31 ななしのよっしん 2013/11/13(水) 00:24:10 ID: gBI3s2Y/AK
ヤンデレって一度倒されて頭が冷えると良妻になるんだな～。

リップとエリザを含めてそんな感想。

32 ななしのよっしん 2013/12/05(木) 11:22:52 ID: yFNFVr0qgb
白い魔法使いか

33 ななしのよっしん 2014/02/26(水) 19:28:29 ID: bkl24aaVCX
貞淑ってなんだっけ？

34 ななしのよっしん 2014/03/10(月) 23:09:06 ID: C/ENQlKjPf
"殺し合い"って書いて"愛し合い"とか読ませる世界観ですしー

35 ななしのよっしん 2014/03/11(火) 00:35:44 ID: EQr/GUMUKb
メルトがS体質の本質Mで
リップはM体質の本質Sだよね

36 ななしのよっしん 2014/04/11(金) 19:21:55 ID: Mzcsa06dPc
まぁ一緒になるならメルトよね（アヘ顔）

37 ななしのよっしん 2014/04/16(水) 12:14:07 ID: CNZlj40GFl
>>36
これから毎日一緒に溶解されようぜ？
EXTRA CCCのバッドエンドで一番エロいのはメルトだと思います（迫真）

38 ななしのよっしん 2014/04/26(土) 21:00:21 ID: tXyzpBzh5U
キルラキルを見たおかげでゲーム中エロく感じなくなったｗｗ

39 ななしのよっしん 2014/04/28(月) 19:17:55 ID: lP3cdTtou8
グッドスマイル！

40 ななしのよっしん 2014/05/04(日) 22:36:47 ID: 2L64EH6RjH
狂った強さだったなぁ・・・
たぶん一番強かった。

41 ななしのよっしん 2014/06/02(月) 16:52:27 ID: 3KWxihuU/q
＞ 股間から滴り落ちる水滴が意味深である。
だが待って欲しい。両足の間に水滴が落ちてるからといってそれが股間からのものとは限らないはずだ

何が言いたいかというと股間からってはっきり書いちゃったら意味深どころか直球だよママン

42 ななしのよっしん 2014/06/06(金) 18:21:33 ID: CNZlj40GFl
>>41
でも他に書きようがないんじゃないすかねぇ？（真顔）

43 ななしのよっしん 2014/07/02(水) 23:07:48 ID: 575mI6kdJn
「股間のあたりから」とか書けば…ダメだ
どう書いても直球にしかなりません本当にありがとうございました

44 ななしのよっしん 2014/09/06(土) 09:12:38 ID: L1vFfLjoUB
一応Cストリング(Iバックともいう)という下着があってだな…

45 ななしのよっしん 2014/09/28(日) 19:30:13 ID: k8wIMQ4jmH
騎乗スキル（意味深）はやっぱアダムとリリスの
リリスが上になろうとして仲違いしたところから来ているのか
単なる趣味か

46 ななしのよっしん 2014/10/07(火) 22:23:07 ID: CNZlj40GFl
>>45
いちお英霊や神由来のデータを合成したハイ・サーヴァントなのでダブルミーニングの可能性は高いんじゃねーかな
…趣味でもある、って可能性も大いにあるが

47 ななしのよっしん 2014/10/20(月) 17:01:51 ID: 3+IVvmZHR7
ていうか、脚具無しだと身長幾つくらいなんだろ…１５０くらい？

48 ななしのよっしん 2014/10/25(土) 07:29:05 ID: +owKCBnLb4
身長は具足込み
体重は具足除外
女の子らしい見栄でいいと思います

49 ななしのよっしん 2014/10/31(金) 20:28:23 ID: U24ZaKIJIt
>>47
BBと同じなら156cmじゃね？リップもヒール入れない正直な自己申告で156cmだったし

そういや、あの股間は見せてるんじゃなくて隠してると明言してあるうえでウィークポイントで弱点は隠すものと言っているということは……

50 ななしのよっしん 2014/11/01(土) 23:32:21 ID: 3+IVvmZHR7
ふむ、なるほど…わざわざ済まない。愛ゆえに、知りたくなったんだ…！
メルトかわいいし。マジで赤ランサーやらメルトやらリップやら、使ってみたい敵多すぎ…
赤槍は一回あったけどさ

51 dmh 2014/11/24(月) 11:30:25 ID: ZptRphGTim
>>47>>49
いや、メルトはロリ顔だからもっと小さいんじゃないかな。140台じゃない？

52 ななしのよっしん 2014/12/02(火) 09:04:45 ID: U24ZaKIJIt
>>51
顔そんなにロリっぽいか？体形に関しては絞った結果みたいだし 
基本はBB基準で考えたほうが自然だと思う

53 ななしのよっしん 2014/12/02(火) 21:18:16 ID: CNZlj40GFl
>>51
髪型と表情除くとまんま桜なので、ロリ顔ってほどじゃなくね？
あと顔と身長に因果関係特にない気が

54 dmh 2014/12/11(木) 20:25:51 ID: ZptRphGTim
>>52確かに、ロリ顔は言い過ぎたかもしれないが、他のサクラーズ（サクラファイブではなく桜顔のキャラの総称のようなものだと思ってほしい。解ると思うが。）と比べてもメルトより顔が幼いのはカズラ位じゃないか？個人的にはそう思う。それに、きのこ……じゃなくてはくのーず的にも「桜やＢＢを幼くしたような容姿」とのことなので公式……というかきのこ的にはそういうことなんじゃないか？
まあ、あくまで個人的な観察と、公式描写からの推察に過ぎんが。
>>５３
＞あと身長と顔に因果関係特にない気が
確かにその通りだ。顔が幼い＝体も小さい、と考えるのはいささか早計だった。
長文すまんかった。

55 dmh 2014/12/12(金) 14:56:07 ID: ZptRphGTim
すまない。安価をミスった。＞＞５３は>>５３のミス

56 ななしのよっしん 2015/09/08(火) 08:26:59 ID: CNZlj40GFl
ドラマCDやFate/GOでの登場が待たれるな

57 ななしのよっしん 2015/09/26(土) 18:29:35 ID: n1+y5B+B5T
>>56
ベースになる女神さまの一柱が先に登場した模様

58 ななしのよっしん 2015/10/14(水) 18:20:27 ID: yFNFVr0qgb
オリオンのことか

59 ななしのよっしん 2015/11/25(水) 21:17:54 ID: uUv34YgYAK
メルト提督ついに（中の人が）艦娘として実装か

60 ななしのよっしん 2016/01/20(水) 12:33:27 ID: bz9vn/FOK5
意味深な騎乗スキルがエロすぎる

61 名無しのよっしん 2016/02/01(月) 09:41:51 ID: 2RuyZNjrSR
今更CCCやったけどメルトリリス格好良いな
やる前は衣装のせいで痴女かと思ってたから衝撃だった

62 ななしのよっしん 2016/02/11(木) 15:05:42 ID: 1PwIpB2pXF
メルトリリスさんがローゼンメイデンのドールズ達を見たらどういう反応を
するんだろうか？

63 ななしのよっしん 2017/04/26(水) 23:14:56 ID: hCIDXDk8JU
まさか彼女が星5だとはね

64 ななしのよっしん 2017/04/26(水) 23:22:51 ID: I2U0nXj/bn
無銘との絡みが楽しみだな…

65 ななしのよっしん 2017/04/27(木) 11:20:45 ID: lBYNOYC8dl
カルデアに来たらメディアさんと仲良くなりそう（人形趣味的に）

66 ななしのよっしん 2017/04/29(土) 04:21:15 ID: qCTYIklaBh
どうやら・・・リンゴの規制の所為で成長するらしいぞｗ

67 ななしのよっしん 2017/04/29(土) 05:41:29 ID: yIztS5WixO
腰回りの際どさが若干ソフトになってたな……。
なおトリスタン卿はガン見していた模様。

68 ななしのよっしん 2017/05/01(月) 13:48:09 ID: kbiAOE+Nvb
実装後のカルデア、そこにはひたすら蛇の頭でメルトリリスの下半身を隠すゴルゴーンさんの姿が。

69 ななしのよっしん 2017/05/01(月) 22:03:57 ID: 8xjvCngJKv
呼符一枚目で来てくれたよメルト様
ストーリーの方でも大活躍してくれそうだし楽しみ

70 ななしのよっしん 2017/05/02(火) 00:24:10 ID: s6uPuKsEaX
ネタバレ在り





















シナリオだと結構マイルドな性格になってたな
ぐだに救われたとかそんな感じっぽい？

71 ななしのよっしん 2017/05/02(火) 03:50:33 ID: H9XhDmucSa
まだ序盤も序盤とはいえ、まさかエドモン・アラフィフ枠とは思わなんだ・・・ｗ

72 ななしのよっしん 2017/05/02(火) 04:38:05 ID: ok9GtLx6QM
アーチャー所持時の台詞が可愛い(でもドンファンは止めてあげて)。必死になって否定してたけど、俺は応援してるぞ(ニマニマ)

73 ななしのよっしん 2017/05/02(火) 16:34:50 ID: KL4s0l57QW
無課金でメルトゲットしたぜ！
蹴られたい

74 ななしのよっしん 2017/05/02(火) 16:46:10 ID: 6w2kgP7306
見せ筋アーチャー忘れられなくて黒茶にがっかりするメルトかわいい

75 ななしのよっしん 2017/05/02(火) 19:31:54 ID: ok9GtLx6QM
はぁ？ボブの良さが分からないとか、メルちゃん審美眼曇ったんじゃねえの!?(ちょっとキレながら)

76 ななしのよっしん 2017/05/02(火) 19:38:34 ID: 5UJcmjAsS7
マエバリやめたから趣味に変化があっても多少はね？

77 ななしのよっしん 2017/05/03(水) 03:12:43 ID: FYXFgkkpOR
というか上半身ちゃんは人と違うわかりやすい特徴があるけれど
下半身ちゃんはなんか恰好だけアレなだけだよな…

78 ななしのよっしん 2017/05/03(水) 09:34:59 ID: DVjzOl4rMy
FGOでの宝具見たときドライブのスピードドロップ思い出した

79 ななしのよっしん 2017/05/03(水) 12:43:26 ID: bqiMeA7MUZ
CCC未プレイで申し訳ないんだが、メルトの毒ってぐだーずに効くのか？

80 ななしのよっしん 2017/05/03(水) 13:34:01 ID: 5UJcmjAsS7
>>79
マシュと契約してる限り静謐ちゃん同様にある程度は耐えれるはず
FGOとCCCは世界線が違うし全力でぶつけてきたらどうなるかは分からん

81 ななしのよっしん 2017/05/03(水) 16:30:04 ID: PUy3RsgQ/P
ストーリーゲストのメルト、だんだんレベル下がってきてる…なんかトリスタンには体の異常気づかれたっぽいし不穏な空気しかない…あと、休息時のモノローグじゃ明らかにぐだーずじゃない誰かに語りかけてるけどこれは誰なんやろ？(ちなCCC未プレイ勢)

82 ななしのよっしん 2017/05/03(水) 18:36:29 ID: Lcamlrpquh
今メルトリリスのイラスト描いてるんだけど、メルトの足装備ってブーツみたいに履いてるのかああいう足の形状で取り外し不可なのかわかる人いる？

83 ななしのよっしん 2017/05/03(水) 18:40:48 ID: bqiMeA7MUZ
>>80
返信ありがとう。いつかそれ関係で面白い反応見れないかなーって思ってる

>>81
あれなんなんだろうね、ぐだ達以外に参戦者居るのかそれともパラレルのぐだとかザビとか？

84 ななしのよっしん 2017/05/03(水) 21:59:51 ID: lAbNQs6tO5
>>79
メルトの毒はメルトウィルスって名前の通り、毒と言うより溶解液とかウィルスに近い性質だから防げないんじゃないかな？
たとえ防げてもその守り自体を溶かしてくるから恐ろしいんだけどね

85 ななしのよっしん 2017/05/04(木) 03:43:12 ID: Q4ypwic1/L
>>82
身長体重の申告を聞く限り、リップの手と違って着脱可能っぽいんだけど、着脱した絵がマテリアルにものってないからほんとうにやれるのかは不明
元がデータ生命体に近いからね

86 ななしのよっしん 2017/05/04(木) 04:14:29 ID: Lcamlrpquh
>>85
素足のイラスト途中まで描いちゃってたんだけどまあどっちか不明ならこのまま描くわ。ありがとう。

87 ななしのよっしん 2017/05/04(木) 20:27:19 ID: JERmTFerqt
>>86
脚部除いた体重が33kgは流石に軽すぎる(10才相当)し、
リップと同様だとは思うけど、

まぁ二次なイラストならなんとでも理由つけられるし良いんじゃないかな？

88 ななしのよっしん 2017/05/05(金) 17:53:21 ID: 6I+KJ2eKPQ
イベントやっててメルトのヒロイン力の高さに惚れ込んでガチャ回したが出ませんでした…

あ、BB先輩ヒロイン枠取られてますよ？

89 ななしのよっしん 2017/05/06(土) 06:34:32 ID: Dzz12EFhzP
メルトのヒロイン力半端ねぇって言うか
マシュが真に警戒すべきはBBちゃんじゃなくてこっちの方だったね…

90 ななしのよっしん 2017/05/06(土) 13:17:17 ID: PUy3RsgQ/P
>>88 おまおれ

91 ななし 2017/05/06(土) 14:37:56 ID: WFn0/zXnA4
ヒロイン力というよりも本気で出来の悪い二次創作のお手本みたいなデレさせ方だったな
記憶を奪って前のぐだと一緒に行動、特に描写なく惚れていた
ヒロイン力(笑)ってのが、ああいう取ってつけたようなツンデレキャラにされることだったとは驚きだ
ぐだに惚れてちやほやしてくれて都合の良い女になることがヒロイン力高いというのか

92 ななしのよっしん 2017/05/06(土) 14:49:39 ID: ok9GtLx6QM
ラスボス戦でトリ公が自分を助けたことに疑問は持ったけど、デミヤには疑問を持たなかった。やっぱり元が同じなだけに、あの英雄はどれだけ傷ついても、悲劇を見過ごさないってわかってたんだろうな。

93 ななしのよっしん 2017/05/06(土) 14:51:37 ID: Laan5aRRGh
まぁ　そう思うならそれでいいんじゃない？いちいち人を馬鹿にするような書き方は品が悪いと思うけど
けど確かに一週目のメルトも見てみたいな…竹林日記に書くとかしてくれないかな…（敬語メルトもかわいかったし）

94 ななしのよっしん 2017/05/06(土) 18:51:53 ID: FJEBAUi4bu
最初立ち絵見た時違和感があったけど
今は普通に美人でずっと見てられる

25kでとれてよかった！

95 ななしのよっしん 2017/05/06(土) 23:35:39 ID: dszCC9AloV
>>91
エアプここに極まれり

96 ななしのよっしん 2017/05/07(日) 05:24:22 ID: ZU3BJPJSmJ
ラノベや二次創作って印象がある要素を少しでも感じると、同列に扱ってレッテル張りせずにはいられなず過剰にアレルギーを起こすのよくない。

散々描かれた回想や独白、初期化の時点からキアラのとこまでずっと連れ添ってること考えたら十分過ぎるほど色々想像できるだろうに、描写がないとしか判断できないとか…。

97 ななしのよっしん 2017/05/07(日) 06:30:35 ID: bqiMeA7MUZ
まぁ最近の人は一から十状況説明しておかないと理解しないって人居るみたいだから…

98 ななしのよっしん 2017/05/07(日) 06:48:13 ID: iqqm9jmWo9
よう分からんけど描写云々じゃなくて説得力の話とちゃうの？
不自然とか違和感とも言う

99 ななしのよっしん 2017/05/07(日) 10:04:19 ID: 0Kt1MV4if0
最低性能に落ち勝ち残るのも絶望的な状態から最後まであきらめずに付き合ってくれた人なので説得力はあると思うけどな。

100 ななしのよっしん 2017/05/07(日) 10:09:39 ID: Hlur3RIU9O
マシュが本編ヒロインなら、こっちは劇場版ヒロインみたいな感じだった

101 ななしのよっしん 2017/05/07(日) 10:14:50 ID: bqiMeA7MUZ
メルトって記憶と言うかデータ抜け落ちるとあぁ言う性格になるんだな
考えたら他にメンバーもいなくて、リップも拘束されていてＫＰもそのままであの尼に両腕潰されて一矢報いることも出来ず、それでも諦めずかばわれて目の前で消滅させられて…それ想像しただけでもリップが「どんなＡＩでも人を好きになる」って言葉の重みがわかるけどな

102 ななしのよっしん 2017/05/07(日) 12:47:50 ID: r38A+INeQL
>>98
ソシャゲだからしゃーない
色々理由はつけるが結局のとこぐだにデレさせる結論ありきパターンが多い
デレさせること自体（完全同一体じゃなくても）普通の会社なら燃料投下だしやらん気はするが、まあそこは個人的にはどうでもいい

問題はソシャゲで特定のキャラに対してそこまで大きく描写できない点
>>96-97みたいに、想像で補えるでしょとかはあるだろうけど
どうしても比較対象がある場合それと同等レベルを求める人は出るし仕方ないと思う

正直荒れるからって肯定意見以外認めんみたいな最近の風潮はちょっと怖い

103 ななしのよっしん 2017/05/07(日) 12:59:53 ID: KgdIrj2dQ9
CCＣから自分自身の思いに拘ってたし自然だと思うが
作中の行動と自分の本当の大元はこういう人を好きになるんだろうって考察が始まりの無銘への感情はともかくザビへの感情はＢＢから引き継いでるだけって自覚してたし

104 ななしのよっしん 2017/05/07(日) 13:24:48 ID: HTdgw6ru+a
むしろ一周目の彼らが辿った経緯とか感情的な諸々はこれでもかってくらい描写されてたと思うんだけど・・・。
BBから引き継いだザビーズへの感情と別にメルト個人の好みがある（あるいはそういう感情を積極的に持とうとしてる）ってのはCCCからの設定だし

>>102とは逆に、むしろ「ネット上なら俺は言いたいだけ文句言うからそんな俺に文句言うな」みたいなのが増えてるのどうかと思うわ
というか行間を読むってことをしない人が文句だけ一丁前に言うようになったのはラノベ隆盛やらでそういう手合いが最近増えたのか、それとも元々そこらにいたのがネットで発言力だけ上がっちゃったのか

105 ななしのよっしん 2017/05/07(日) 17:49:02 ID: 3CbAvb8WIa
メルト達の感情の経緯とかには特に違和感を抱かなかったかな
ただ媒体的に内面描写がほぼなく選択肢で英霊を馬鹿にしたものが割りとある
FGO主人公が好きになれないからいくら良い人描写されてもなんでこんな奴に
ザビならともかくとどこか認めがたいものがある感じ、個人的には

106 ななしのよっしん 2017/05/07(日) 18:19:11 ID: sfJ+O/cnuG
ぐだは明確にキャラクターがついたザビと違ってプレイヤー自身だぞ

107 ななしのよっしん 2017/05/07(日) 18:28:32 ID: eIgjyGVQgO
行間を読んでないとか言われてもなぁ
新規のキャラじゃなく他の作品のキャラなんだから恋愛関係になったら荒れそうなのは目に見えてるじゃん
そこらへんの描写はきちんとしておくべきでしょ

108 ななしのよっしん 2017/05/07(日) 18:47:10 ID: 0Kt1MV4if0
心細い状況での励ましてくれるただ一人の味方とかそれだけで十分理由になると思うけどな。

109 ななしのよっしん 2017/05/07(日) 19:39:22 ID: e6HtKucdf3
イベント告知以降EXTRA/CCCファンのめんどくさい人がやたら暴れてるイメージが拭えないから
印象悪いわほんと
折角メルト好きになって共有したいなって時に「こんなんクソや」って言われたらいい気しない

110 ななしのよっしん 2017/05/07(日) 19:56:01 ID: zeHQl41v2m
というか振られた相手をいつまでも想ってろみたいな思考がまずおかしいよ

111 ななしのよっしん 2017/05/07(日) 20:14:11 ID: OCTJ+96zDo
散々リップも交えて「ある人」の教えを宝物のように話してくれてんだからキャラ壊変なわけない
怪物のままでも誰かを好きになってもいいって知って最初の一歩を踏み出したのがＦＧＯだろ

112 ななしのよっしん 2017/05/07(日) 20:19:59 ID: eIgjyGVQgO
>>110
そうじゃなくて新たな恋愛関係になるなら絶対荒れる奴が出るから、きちんと描写しておかないと駄目ってことだろ

113 ななしのよっしん 2017/05/07(日) 20:50:30 ID: 0qEVocJeTs
>>azB0099P4710
azB0099P4710

114 ななしのよっしん 2017/05/07(日) 20:53:53 ID: 0Kt1MV4if0
描写はきちんとあったと思うけどな。

一週目がっつり見てみたいというのならわかるけど。

115 ななしのよっしん 2017/05/07(日) 21:09:22 ID: ZU3BJPJSmJ
荒れるのはともかく、避難を声高に叫んでるのは「新たな恋愛関係関係やだ！」「ぐだが嫌い」って前提条件ありきな意見も多いし、恐らく何を描写しても無駄だと思うぞ。

むしろ丁寧に書いて、ぐだのほうに肯定的な意見が増えたらさらに反発する。

116 ななしのよっしん 2017/05/07(日) 21:18:58 ID: wLctLCJKtR
ソシャゲという媒体である以上は過去作と比べるとやっぱり描写不足に思えるのは仕方ない

117 ななしのよっしん 2017/05/07(日) 21:20:38 ID: 2vjwbVS/sw
正直一周目の描写が短すぎて理解はしたけど納得まで行かないんだよなぁ
無理やりイベントにしないで一周目しっかり描写できる程度に長くして幕間でやりゃ良かったんじゃね

118 ななしのよっしん 2017/05/07(日) 21:43:37 ID: qstYp3+pzm
>>91がエアプ過ぎて草も生えんわ

119 ななしのよっしん 2017/05/07(日) 21:56:04 ID: FIhoBOZ5/e
描写を理解出来たなら充分じゃないかな、ゲームキャラとはいえ個人の感情を納得出来るかどうかは人それぞれだし（自分は納得も出来た）

120 ななしのよっしん 2017/05/07(日) 22:20:23 ID: mIYIiE8ypP
ラスボスに取り込まれた後、脱出するも満身創痍。運命の出会いによって一命は取り留め再度挑むも、敗北そして死別。それでも心折れず身を削りながら苦難を乗り越え、目的を遂げる。
主人公より主人公してない？マジ惚れた。けど恋は現実(二次元の壁)に折れるのよね。私は悲しい…(ポロロン)

121 ななしのよっしん 2017/05/07(日) 22:25:27 ID: GqXXSGpDJf
この話の後にメルトリリス召喚されなかったらいくらなんでもむごすぎる
クリアしたのに引けてないマスターはピックアップが終わる前に全力で回すように

122 ななしのよっしん 2017/05/07(日) 22:34:01 ID: Hc2v5UTLfV
ザビとぐだ、どっちが嫌いとかはないが、この人気ぶりを見るに二次創作とかじゃザビよりぐだとの絡みの方が増えるんだろうなぁと思うとなんかもやもやする
CCCでの「この恋は自分の気持ちから生まれた確かなもの、否定するくらいなら殺して」って言い切って恋に殉じたメルトが好きだっただけに、上手く言い表せないけど、ぐだとの関係はなんか違うんだよ！ってなる

123 ななしのよっしん 2017/05/07(日) 22:40:06 ID: sfJ+O/cnuG
言っとくが自分の思想と乖離してるからって二次創作を批判する権利なんてないから気を付けろよ

124 ななしのよっしん 2017/05/07(日) 22:40:54 ID: aLmMl+QMy+
>>122
つ「さよなら、私の恋」
つ「貴方(無銘)と恋愛がしたいわ！」

125 ななし 2017/05/07(日) 23:39:29 ID: WFn0/zXnA4
>>124
ぐだ「ようこそ俺のハーレムに！！」
マシュ「………」
メルトリリスがザビ振られたって言ってるやつの方がエアプ。
ＢＢのコピーによって生まれたものとか言ってるやつもエアプだわ。
初めはＢＢから生まれた恋だった。それがザビもしくは無銘と関わっていくうちに得られた本物の恋をコピーした偽物呼ばわりとかエアプもいいとこだな
エアプ勢がきちんとプレイしたうえで今回のコラボは二次創作同然のキャラ改変だったと言っているだけだ。作者がきのこだからって何でも肯定なんてしないわ

126 ななしのよっしん 2017/05/07(日) 23:59:14 ID: aLmMl+QMy+
>>125
身に覚えがないことが混じってる＆日本語が不自由すぎて何が言いたいか伝わらないわ。ゴメンね。
まあメルトは対象が絶対に特定個人じゃなきゃダメってわけでもないし、少なくともCCCにおいてザビ達への恋に区切りをつける発言をしているのは事実なんだよなぁ。
本物だろうが何だろうが終わるもんは終わるよ。それでそのままの人もいれば、違うのに出会う人もいる。
少し不適切だけど、凛とか士郎と恋愛にならなかったHFじゃ別の男と子供作ってるしな。

ところでそのセリフ、ゲームのどこであるの？教えて。

127 ななしのよっしん 2017/05/08(月) 00:20:28 ID: v5b9uK6Nn7
Extraの既プレイヤー的に、メルトリリスは自分から相手への一方的な愛を示すような態度からザビとの出会いを通して改心していって、の流れでザビとは結ばれなかったけどザビのお陰で改心して、やっと愛とは如何なるかをザビのお陰で理解したんだけどその流れをなんだろうな 安いというかなんというかそのままで終わってほしかったというか......

パッションリップもそうだけど、どうしてそんな安売りできるん？わからん

128 ななしのよっしん 2017/05/08(月) 00:23:34 ID: y/KGbwqguK
メルトリリスって結局CCCの本人なのかFGOで生まれたコピーのどっちなんだろ？

129 ななしのよっしん 2017/05/08(月) 00:24:58 ID: VrnBpr44pC
カプ論争的な物は興味ないけどメルトリリスってキャラのシナリオとしては最高だったわ
CCCもプレイ済みだが本当に満足できた　リップと仲良しになったのも良いしね

130 ななし 2017/05/08(月) 01:05:56 ID: WFn0/zXnA4
>>126
ぐだに惚れても残念ながら彼女たちは報われないんだ2度目の失恋をするだけで
エアプ発言はあなたにじゃなく、前のコメントの奴らのエアプっぷりに呆れただけ、ごめんなさい、そこは君に言ったわけじゃない
台詞は冗談だけど、ぐだとの恋愛には先がないのも事実
結ばれたらマシュとの恋は？マシュの第一部の覚悟を馬鹿にすることになるんだぞ。悪いけど絶対にぐだとメルトは結ばれることはないよ

131 ななしのよっしん 2017/05/08(月) 01:19:13 ID: hJNpwaZUgi
メルトをとられて発狂した男が呪詛を吐いてるように思えてきた

132 ななしのよっしん 2017/05/08(月) 01:46:43 ID: 8EOTWb8x9z
>>130
教えてほしいんだけどぐだってマシュに惚れてたっけ？
ああ、マシュがぐだに惚れてることは分かってるよ
でも、ぐだ→マシュの恋愛描写なんて一切ないよね？
あとマシュの覚悟とか言ってるけど、ぐだのために二週もしたメルトの覚悟もマシュに決して負けてないと思うんだけど、むしろそれを無視している君の方がメルト、もっと言うとマシュ以外のキャラを馬鹿にしてるんじゃないかと思えるんだが……

133 ななしのよっしん 2017/05/08(月) 01:48:56 ID: lGs44Vpmj0
そもそもFateというかサーヴァントとの関係が別れを主軸にしてる時点で
それ別にメルトリリスに限った話じゃないし、仮に報われなかったからとして何だというのか
何を思おうが、報われようが報われまいが、メルトリリスは自分の恋は自分で守るでしょ
正直「めんどくさいカプ厨が暴れてる」以上の現象じゃないから何言っても無駄だろうけどさ……

134 ななしのよっしん 2017/05/08(月) 01:51:21 ID: MnnAGt1C7d
今度こそ、恋する少女は羽ばたいた

綺麗で自分としてはきのこらしいシナリオだったと思う
不満が出る所もわかるけど、どちらかというと演出の難しさを感じたかも
ザビメルトの参考にっ Fate/Meltout

135 ななしのよっしん 2017/05/08(月) 02:05:17 ID: nPHVeU74wT
>>131
横恋慕して余計なことしたヒラリオンは最期にどうなったかなあ

136 ななしのよっしん 2017/05/08(月) 02:28:52 ID: YnvNQ0eNjl
無自覚の恋心はあるにしても一部でのマシュの献身の根本は「恩返し」だぞ
まあ仮に根本が恋だとしても応えてくれなかったら無駄だなんてことは絶対無いが

137 ななしのよっしん 2017/05/08(月) 03:50:27 ID: iOP6Wz81fn
なんかイベントの内容理解出来てない人がいるねぇ
メルトはどんどん体が壊れている事を自覚してたし、最後も捨て身でラスボスと相討ちする気でいたわけで、どう見ても結ばれる事なんか目標にしてない
むしろ自身を犠牲にしてでもぐだを生還させる事を目標にしていたし、結ばれることはないなんて事はイベント読んでれば誰でも分かると思う
そもそもカルデアに召喚されるのは、イベント中にも書いてある通り『別のメルト』だから、こんな話題はお門違いだしね

138 ななしのよっしん 2017/05/08(月) 04:04:12 ID: Dzz12EFhzP
CCCはよく知らないからなんとも言えない部分もあるけど
他作品のキャラがここまでガチでコラボ先の主人公に惚れ込むシナリオなんかそりゃきのこ本人にしか書けねぇわ
そういうことって滅多にあることじゃないから、こっちも「えっ、いいの？面白いけどそれってアリなん？」とは多少思った

139 ななしのよっしん 2017/05/08(月) 07:27:42 ID: oCrOfZDilH
メルトが本当に好きになったのは1週目のあの人であって、事件を解決したぐだではないのが切なくてだからこそ良い
今回大満足だけど、アンチのふりしたcccエアプにはイラつくというか気持ち悪さを覚える

140 ななしのよっしん 2017/05/08(月) 09:15:24 ID: qstYp3+pzm
>>137
でもBBの手によって「サーヴァント」になった以上はメルトは事の顛末覚えてんじゃないの？
むしろ完全に忘れてるのはぐだな気がするわ

141 ななしのよっしん 2017/05/08(月) 10:20:42 ID: tejhqGB1wL
なんか、CCCでは失恋したけどそのことはしっかりと大切な出来事として今の彼女を構成するものになってるのがなんかうれしかった

142 ななしのよっしん 2017/05/08(月) 16:42:26 ID: Gr3Pdi8OaL
オールドレインと神経障害でぼっちと加虐を拗らせてた少女がこうも成長するとは思わなかったな
良いシナリオだった

>>140
読み直して確認しなよ
「ＢＢが言ったことは嘘や冗談で実は記憶は持ち越してたんだ！」って言いたいのならいいけど

143 ななしのよっしん 2017/05/08(月) 17:56:41 ID: ZU3BJPJSmJ
エアプより、下手にゲームやって自分は正しく認識できてると思い込んでる上に、それを自尊心と結び付けて爆発させてるほうが、タチ悪いという。

ぐだの自己投影がカプがあーだこーだいうが、ぶっちゃけ今回の話メルトリリスの方に感情移入しやすい話だと思う。本人が言うように主役だし。

なんというか、まどマギで実質主人公やってたほむらに近い感じ。ただしあっちは摩耗しちゃって、妄執に足突っ込んでる感じなのに、メルトリリスは恐らくCCCからの続きだから、成長譚や新たな恋と話として前向きというか。

というか記憶の持越しなんてFGOから境が曖昧すぎてどっちともとれる。「別のメルト」と「記憶の持越し」は両立しうるからな。

144 ななしのよっしん 2017/05/08(月) 18:54:52 ID: MCvveBvvz9
ところで素材になった女神の内の一人は素晴らしいバストをお持ちだというのに何でメルトの胸はこんなに絶壁なのだろうか？

145 ななしのよっしん 2017/05/08(月) 19:15:18 ID: OCTJ+96zDo
マスターを守れずに死ぬかもしれない、それが怖いと毎夜泣いてるって独白読んでメルト好きになった
どうしてうちのカルデアにいないんだろう（真顔）

146 ななしのよっしん 2017/05/08(月) 19:21:00 ID: Q4ypwic1/L
>>144
あっちは単にオリオンの趣味に合わせた造詣取ってるだけで、本来のアルテミスと全然姿違うらしいけどね

あと、こっちはこっちで美しいじゃない

147 ななしのよっしん 2017/05/08(月) 20:54:56 ID: 5E9YwkRoBi
メルトの場合はマイルーム台詞的に記憶は持ち越していないって考えて良いんでないの

第三再臨衣装って白鳥の湖モチーフだと思ってたけど、ジゼルの死に装束でもあるんだな
きのことアルコのどっちが考えたのか知らんが素敵だわ

148 ななしのよっしん 2017/05/08(月) 21:07:00 ID: i8dxz3dBaX
今回のイベントのシナリオが酷評されているのは自分も理解できないかなぁ。
現状公開されてる情報を繋ぎ合わせると、１週目のぐだは教会で廃棄処分になっていたメルトと遭遇。
ぐだは味方がいない事もあってメルトと契約するものの、メルトが記憶喪失状態なので戦闘は勝てはするものの、いつも紙一重。
その事をメルト自身不甲斐なく思いながらサーヴァントの撃退と探索を続けて、なんとか中央管制室に到達し、そこで自身のメモリーをサルベージ。
それにより技能を取り戻すとともに、それまでのしおらしい態度がツンケンしたモノになるものの、その心には弱かった自分を精一杯支えてくれたぐだに対する恋心が生まれていた。
残るサーヴァント達を倒し、拘束され続けているもののパッションリップとBBも味方に引き入れるものの、メルト自身を含めてキアラの因子であるカルマファージを消去しなかったが故に、ビースト化したキアラとの決戦では敗北。
両腕を砕かれ、それでも自分を守ろうとしたぐだを目の前で溶かされるものの、パラディオンを使って逆行。
戻った座標にいた『その周のメルト』と情報を共有し、壊れかけの身体に鞭打って前の周における失敗点を潰していった結果、怨敵であるキアラに一撃ぶちかまして、“１周目に現れたぐだ”に対する自分の恋心を守りきったって認識してるんだけど。
こうして書きだすと、どう考えても悲恋に分類されるエピソードじゃない？

149 ななしのよっしん 2017/05/08(月) 21:25:59 ID: MCvveBvvz9
今回のイベントメルトがＢＢより目立ってたから完全にタイトル詐欺な気が……。どうせなら配布メルトにして欲しかった（涙）。ＢＢは☆５でいいから！！

150 ななしのよっしん 2017/05/08(月) 21:44:11 ID: Hc2v5UTLfV
まずもって、メルトの(リップやエリザもだけど)CCCでの立ち位置ってsnにおけるイリヤや月姫のさっちんみたいなもので
・主人公に明確に好意を抱いている
・物語の中核を担っている
・ゲームシステム的な都合で(専用ルートがないので)絶対に結ばれない
・殺し愛
と、ギャルゲーによくある「攻略できないサブヒロイン」まんまだから、そりゃあ人気だって出るし続編でルート欲しいって声だって多かった
それが正当な続編でもなく、ただのコラボ企画で別人相手に恋愛色出してきたら色々思うところある人は多いでしょう
FGOと既存作品のコラボはらっきょ、プリヤ、Zeroと色々やってるけど、そのどれもがメインキャラとぐだの関係は相棒ないし協力者で、
個人的には何故今回のコラボだけここまで毛色が違うのかという方が不思議
アルターエゴ大好きだからどんどん活躍して欲しいとは思うけどね
エクステラ2に出演しないかなぁ

151 ななしのよっしん 2017/05/08(月) 21:53:33 ID: YceyeTVU4g
今回のイベント良かったわ、ぐだに惚れてもそこまで気にならないし
メルトの魅力がまた上昇したわ

152 ななしのよっしん 2017/05/08(月) 21:54:15 ID: 2vjwbVS/sw
>>148
多分その割と燃えたり萌えたりする感じの展開をシステムやプラットフォーム的に無理とはいえほとんど回想で済ましたからだと思うんですけど（凡推理）
個人的にはやっぱそこら辺もしっかりやりたかったんだよなぁ

153 ななしのよっしん 2017/05/08(月) 22:27:22 ID: yIztS5WixO
アルテミスは少女神とも呼ばれてるし、「先輩(アテナ)が独り身を貫くなら私も！」とか言っちゃう割かし子供っぽい子だから、元々はペッタンな気がする。
……数えで13なのに大きな蛇娘も居るけどさ。

154 ななしのよっしん 2017/05/08(月) 23:41:38 ID: 1S0rpk7mQB
メルトのメモリーにダイブ……したら回想を実戦として補完できそうだけど、秘め続けた意味がなくなっちゃうしなぁ。全てを察して黙っている展開も良いが。いっそメルトのカルマファージ解除だけで一章分使ってほしかった

155 ななしのよっしん 2017/05/09(火) 01:28:33 ID: qstYp3+pzm
>>148
アンチの巣みたいな匿名コミュニティ以外で酷評されてるの見た事ないんですが
そういう所しか見ていないのでは・・・？

156 ななしのよっしん 2017/05/09(火) 02:20:29 ID: GqXXSGpDJf
1週目があったことを踏まえて2週目のメルト見直すと刺々しい物言いが白々しいやら健気やらで泣ける
「ふふんあなたなんかいつでも殺せるわよ」なんて言いながら「その人だけは見逃してあげて！」と懇願してたんだから…

157 ななしのよっしん 2017/05/09(火) 02:29:44 ID: z31cEb/a+y
そこら辺を回想で語るのはCCC本編の主人公と桜(BB)が保健室で過ごした日々の回想を踏襲したのかなと

158 ななしのよっしん 2017/05/09(火) 04:01:12 ID: +3Ny8Ra1QE
>>157
まさにそれよな。ＣＣＣの桜とザビが関係を深めたのだってほぼ回想なんだし、
このイベントで描写不足云々を言われたらじゃあザビ桜は描写十分だったのか？って言いたくなる

159 ななしのよっしん 2017/05/09(火) 05:14:44 ID: GeLQy28tB0
というか今回のメルトはCCCのBBセルフオマージュみたいなもんだと感じた
似通った点も多くて初見CCCの感動をもう一度味わえて満足ですわ

ざっと掲示板系見てきたがアンチ板とかがない場所以外は概ね板が住み分けできている（機能している）から賛否両論レベルにも荒れてないな

160 ななしのよっしん 2017/05/09(火) 07:17:37 ID: DAhFwagf7p
CCCにもしっかり配慮されてると思うしまあいいシナリオだったと思うけどやっぱり釈然としないというか
CCCやってなかったら素直に感動できてたのかなあ

161 ななしのよっしん 2017/05/09(火) 08:54:19 ID: 24URCmrzQ+
リップ含めて「CCCから成長したなあ」とかそんな感想もよく見かけるし、否定的意見を気にしすぎる必要はないのだな
声がデカいカプ厨も混ざっているだろうし

162 ななしのよっしん 2017/05/09(火) 17:54:30 ID: OCTJ+96zDo
新しい恋を見つけて幸せになるんだぞと親目線で見てる人もいるしな（ノッブ）

163 ななしのよっしん 2017/05/09(火) 19:52:10 ID: m3CwYeYXzc
CCC…というかFate自体初めてやって、来てくれた
自分の家は人形（というよりぬいぐるみだけど）がいっぱいあるから、気になったんだろうか
絆深めたり、CCC本編も含め彼女について調べてたら、境遇とか共感できる部分が少なからずあって、絶対幸せにしてあげたいと思った
最初の☆５鯖でもあるし、大事にするよ

…まずは、コートにも似合うかわいいスカートでも探してあげたいw

164 ななしのよっしん 2017/05/09(火) 23:03:58 ID: 8/hZIRHGc/
こう言う言い方は気に障る人が居るかも分からんが、失恋した事まで含めてCCCの恋もまた良い恋だったんだなと
正直コラボ着た時は楽しみだった半面結構憂鬱な部分もあったんだけど最後までやって本当に良かったと思えた
身構えてたのをストーリーの力でガードの上から殴り抜けられた気分だよ

165 ななしのよっしん 2017/05/09(火) 23:10:00 ID: Dzz12EFhzP
このままだと死ぬだけのところを主人公と出会って契約、その後は死ぬまで献身的に尽くすサーヴァント
型月ヒロインの歴史を紐解けばたまにいるパターンだけど
しかし、ぐだをアルブレヒト(婚約者がいる貴族)と呼び自分をジゼル(アルブレヒトに恋して死んだ村娘)とした所がまたなんとも
悲恋というか片思い上等な感じでこの子こんな健気だったか・・・

166 ななしのよっしん 2017/05/10(水) 04:55:58 ID: mzTwWTiy5Z
某所で色彩の歌詞がメルトにも合ってるって話を聞いたからOP見返してみたが、ホントに大体当てはまってるな…

167 ななしのよっしん 2017/05/10(水) 07:54:40 ID: fC8Fbu/KvO
>>166
個人的にはサクラメイキュウもピッタリだと感じた
ラストサビからは迷宮(キアラ)を切り裂くとか、わたしの手を決して放さないでとか完全に一致すぎる

168 ななしのよっしん 2017/05/10(水) 09:48:27 ID: O5VtSaLCox
たとえ全てが夢に消えるとしても(´；ω；｀)ｳｯ…

169 ななしのよっしん 2017/05/10(水) 15:53:37 ID: /7DuwiRdP8
>>165
三臨以降の白い衣装はウィリになった後のジゼルのロマンティックチュチュをモチーフにしてるのかなー
とか考えると泣けてくる。花嫁衣装って考察もあったけどバレエモチーフ的にはこっちかなぁ

170 ななしのよっしん 2017/05/10(水) 16:49:51 ID: GeLQy28tB0
>>166
一番が一週目、二番が二週目、三番がパラディオン～EDって感じだな

171 ななしのよっしん 2017/05/10(水) 18:45:42 ID: X5oWA+3uTr
>>165
一応CCC時代からリップは「全力でわたしを愛して！」でメルトは「全力で愛してあげるわ！拒否は認めない！」だからかなり尽くすタイプよ
CCCで最後まで求めてたはくのん（or紅茶）を振り切って新しい恋に向かって歩き出したのは成長振りにうれし泣きしそうになった

しかしエクマテでかなり酷い書き方されてたヴァージンレーザーがあんなかっこよく描かれるとは・・・
エクステラの続編は裏側かかわるっぽいしワンチャンでないかなぁ

172 ななしのよっしん 2017/05/10(水) 22:23:08 ID: e3NJcJ8cYs
>>134
CCCイベやり始めて真っ先にそれ思い出したわ、よいものだったなあ

173 ななしのよっしん 2017/05/11(木) 08:46:33 ID: P4tTPFSJxU
>>134
なつい
作者さんも今回のシナリオいい意味で悔しい、って言ってたなー

174 ななしのよっしん 2017/05/11(木) 17:28:37 ID: KcEaTy2w23
>>150
これだよなぁ
これは別人の式だから！って式がぐだに惚れたらもやもやするだろ。
仮に　式≠イベントの式≠ガチャ（配布）の式　こんな図式でも嫌なもんは嫌だろ

175 ななしのよっしん 2017/05/11(木) 17:31:37 ID: KcEaTy2w23
>>174
追加すると単にcccやってないかfgoの後にcccやてるかで思い入れが無いんだろうな

176 ななしのよっしん 2017/05/11(木) 18:21:48 ID: H9XhDmucSa
受け入れてる側は、「誰々に惚れた」じゃなく「あの頃からあんなに変わった、成長した」って部分を見てるんだと思うけどなあ
コレについては、一度目の恋にスッパリ決着ついてて明確に終わってるってのもデカいし、
ゲームの始め方によって惚れる相手が変わる＝他の恋を見つけられる可能性があるって事を明示してるしで

個人的には、zeroイベのようにCCCのストーリーをなぞってる時にそうなったってのならその文句も分かるが・・・って感じ

177 ななしのよっしん 2017/05/11(木) 18:29:28 ID: HTdgw6ru+a
つーかCCCやってんなら分かるはずだけど、メルトたちの恋愛感情はあくまでBB由来のものであって
それに対して自覚的なメルトは「自分自身の好み」を模索するキャラでもあったろ

そもそもCCCからして条件次第じゃ平然と主人公から横のパートナー鯖に目移りするのに
なんで拗らせたカプ厨みたいな押しつけが自称既プレイから出るのかっていう方が謎

178 ななしのよっしん 2017/05/11(木) 18:42:12 ID: W5dgabtu3t
これがEXTRA2みたいなちゃんとしたEXTRAの続編でやってたならまだ受け入れる人も多かったと思うんだよ
FGOという媒体もゲーム形式も違うゲームのコラボで成長だの新たな恋だのやっちゃったから受け入れられないって人はいると思うよ

179 ななしのよっしん 2017/05/11(木) 18:50:41 ID: sfJ+O/cnuG
EXTRAの続編なら結局ザビなのでは？ボブは訝しんだ
早い話が好きなキャラと嫌いなキャラでカップリング組まれて怒ってるってことだよね

180 ななしのよっしん 2017/05/11(木) 18:55:08 ID: hJNpwaZUgi
つうか媒体とゲーム形式が違ったら何だというのか
FGOが気に入らないってだけじゃないのかそれは

181 ななしのよっしん 2017/05/11(木) 19:05:21 ID: HTdgw6ru+a
というか「思うところある人は多いだろう」だの「受け入れられない人もいる」だの太宰メソッドしか出てこない辺り
言ってる当人も屁理屈未満のワガママだってことは分かってやってんじゃないの？

182 ななしのよっしん 2017/05/11(木) 20:06:41 ID: TQ1PkSfzhv
>>167
本編中わたしの手を決して放さないでと思っていたメルトが最後に繋いだ手が離れても繋いだ心だけは離れないと言えるようになったのがまた泣ける・・・ほんと成長したよなあ

183 ななしのよっしん 2017/05/11(木) 21:44:09 ID: nuqRdwS8T0
特殊会話が１０日に増えてたけどもカルデアでもトリスタンと仲良く（）やってるようでなによりだ。
恋愛関係云々じゃなくて悪友みたいにやっててほしい二人。

184 ななしのよっしん 2017/05/11(木) 21:54:56 ID: FIhoBOZ5/e
特殊会話でアルテミスを尊敬する女神として挙げてたけど、これってFGO初出だっけ？
中の人が同じアタランテとは別方面での悩みだな。

185 ななしのよっしん 2017/05/11(木) 23:28:48 ID: Dzz12EFhzP
エクステラの方にEXTRA世界は商業展開進んでるし
CCCでしかもメルトをヒロインにしてキアラにリベンジを果たすなんてシナリオは多分こんな機会でもなきゃ書けなかったと思うんだよね…
きのこが「FGOでやってみたかった」って言ってたのもなんかわかるよ

186 ななしのよっしん 2017/05/11(木) 23:43:31 ID: z31cEb/a+y
EXTRAの直系としては無印エンドか鯖エンドかCCCエンドでおしまいって印象があるな
厳密には無印とCCCも少し違う世界線っぽいけど

187 ななしのよっしん 2017/05/12(金) 00:18:44 ID: RalfpgHygD
>>178
ほんにそれ。動画でストーリーだけ見といてなんだけど
「なんでソシャゲなんかでこのレベルのものやるんだよ」が悪いけど正直な感想

スマホゲー自体あんま好きになれんし
そもそもソシャゲなんて社会の害悪、タチの悪い合法賭博にしか思えない自分からすれば
最近の型月のFGO前のめり一点張り
これまで積み上げてきた過去作のリソースを全部ぶっ込む気満々なのは正直なんだかなーとしか

188 ななしのよっしん 2017/05/12(金) 00:26:28 ID: aLmMl+QMy+
>>186
まあエクステラって要するにメルブラ時空みたいなもんだしね。

189 ななしのよっしん 2017/05/12(金) 00:50:26 ID: R3E55tgZig
≫184
そもそもメルトリリスに使われた女神のひとつがアルテミスだし
だから自分もああなるかもって戦慄しているわけで

190 ななしのよっしん 2017/05/12(金) 03:06:16 ID: 8/hZIRHGc/
>>187
>>178はソーシャルゲームだからってのが直接の原因じゃなく、収集モノって都合上プレイヤーキャラがならざるを得ない「愛され主人公」に誑かされたキャラの一人って感じになるのが色々引っかかるって話なんでは
要はその話をメインに組み込んだタイトルと主人公をちゃんと用意してそこでやってほしかったと事だろう
気に入らない媒介で発表されたストーリーが素晴らしかった時に惜しいなぁとは思う事はあるだろうけど、それだけで本当にストーリーその物に拒絶反応示すまで行く人はまず居ないと思う

191 ななしのよっしん 2017/05/12(金) 04:21:46 ID: KcEaTy2w23
>>181
全員に意見聞くわけにはいかんのだから主観で判断するしかないだろそれを屁理屈未満とか
こういう奴がカプ厨認定してんな
>>190みたいな事も受け入れられないで太宰メソッド呼ばわりとかちゃんちゃらおかしいわ

192 ななしのよっしん 2017/05/12(金) 05:05:19 ID: YBs40sc8bM
そういえば静画のコメント欄で、
「ぐだ男は品性下劣な浮気野郎だ！」って発狂してる奴がいたなあ。
一番の浮気野郎はぐだ男でもザビ男でもなく、その中身のプレイヤーだろうに。

193 ななしのよっしん 2017/05/12(金) 05:08:10 ID: KcEaTy2w23
>>192
シナリオ読むことしかできないプレイヤーがどうやって浮気すんだよ

194 ななしのよっしん 2017/05/12(金) 06:14:11 ID: OCTJ+96zDo
>>187
わざわざエアプ公言して「こんなの認めないスマホゲーは悪い文明」とほざくの止めてもらいますぅ？
インターネットは詐欺偽証悪質サイトしか無いと信じ切ってる昭和のお母さんかよ

195 ななしのよっしん 2017/05/12(金) 10:01:48 ID: 8/hZIRHGc/
CCCに思い入れがあるなら今回の扱いは受け入れないはずみたいに勝手に仲間にされるのは心外だし、あまつさえ受け入れた奴は思い入れがないと否定されたら殴りたい位腹立たしい
けど逆に納得してる人達が否定する人達に成長の証とし喜べと強制するのも安易だしやめた方が良いと思ってる…まあ意見が真っ向から違ってる人間が同じ掲示板で語る以上どうしても衝突するもんだけど

196 ななしのよっしん 2017/05/12(金) 10:14:34 ID: HTdgw6ru+a
>>191
主観で判断するしかないとか言いながらどうして自分の主体性から逃げるんだい。矛盾してるぜそれは
自分の感想文でしかないって自覚してんなら「こう思う人がいるに決まってる」なんて責任逃れはやめなさいよ
「自分はこんな考え方でこんなことに文句付ける奴だ」って思われたくないから顔も見えない第三者の意見を騙るんだろ？

大体>>190みたいなことって
出るキャラ出るキャラ味方につけるっていう部分で言ったらザビーズに思いっきりブーメランが突き刺さるだけだし
そもそもプレイアブルの女性キャラが全員デレるとか思ってるならやっぱりエアプが印象論で語ってるだけじゃねーかと

197 ななしのよっしん 2017/05/12(金) 10:24:39 ID: YBs40sc8bM
＞＞１９３
思い入れのあるキャラがいようと、新鯖が出れば散々ガチャまわすじゃろ？

198 ななしのよっしん 2017/05/12(金) 10:25:01 ID: NAGk0Qrcjk
エアプしか出てこない人は喋んなくていいよ

199 ななしのよっしん 2017/05/12(金) 14:33:37 ID: GeLQy28tB0
大百科は住み分けできないんだからレスポンチバトルしてないで
好きな者、嫌いな者同士2chなりアフィブログなりで会話してくれ
こんなことで規制食らうのはいくらなんでも恥ずかしすぎる

200 ななしのよっしん 2017/05/12(金) 16:40:15 ID: HYJfvF+b3n
>>156
主人公を突き放そうとしているが、時々隠し切れない恋心が覗けるところもまた凄くいい。いったん握手を断ってから全力に壊れた手を上げるところとか、服をほめて欲しいところとか、切なさ過ぎるわ

201 ななしのよっしん 2017/05/12(金) 16:59:16 ID: HYJfvF+b3n
>>158

一回目の描写が少ないからこそ、プレーヤーは「メルトリリスのこと知らない主人公」というキャラの感覚とリンクできるんだ。そして二回目のメルトリリスの気持ちを共感できる。
一回目を詳しく描写するなんてむしろ悪手だろう。

202 ななしのよっしん 2017/05/12(金) 17:01:50 ID: KcEaTy2w23
>>196
責任逃れってなんだよ
こういう奴もいるああいう奴もいる
cccエアプはお前だし印象論認定とかお前は主体性（）が強すぎてただのこじつけじゃん

203 ななしのよっしん 2017/05/12(金) 17:15:22 ID: HTdgw6ru+a
要するに、感情的なヘイトを吐くなら
「こう“思われても仕方がない”」だの「こう思う“人が多い”」みたいに曖昧な主語で誤魔化すんじゃなくて
「俺　様　が　気に入らない」ってちゃんと正直に言えっつー話なのだな

204 ななしのよっしん 2017/05/12(金) 19:06:09 ID: ibRL/vtfTN
アルターエゴはザビにはフラれるしなーエリちゃん同様
どうあがいてもザビとは結ばれないんだからFGO時空ぐらいいじゃんって俺は思ってる

205 ななしのよっしん 2017/05/12(金) 19:16:32 ID: aLmMl+QMy+
ジゼルで白鳥とかいう悲恋フラグの塊みたいな存在だからしゃーない。

206 ななしのよっしん 2017/05/12(金) 19:19:01 ID: aLmMl+QMy+
オマケにアルテミスが構成要素の一部にもなってるし。

207 ななしのよっしん 2017/05/12(金) 19:47:50 ID: gj141LPy0T
というか並行世界の話やらキャラやらを別の物と受け入れられない人がよく今まで型月付き合ってこれたなって感じ
俺はホロウの主役は士郎では無いのか…？あたりで難しい事考えるのをやめた
メルトリリス可愛い

208 ななしのよっしん 2017/05/12(金) 20:30:50 ID: wLctLCJKtR
さてさてこいつはいつ忘れられるのやら

209 ななしのよっしん 2017/05/12(金) 20:46:30 ID: XAiWrXgMRn
そりゃ創作物の美少女なんて一部のよほど心に来た人間除けば
時と共に多くのファンが忘れるか他への執着強めるでしょ

斜に構えていかにもなテンプレセリフ吐くのはいいけど
他人の楽しみを邪魔しようとしてるor批判することを楽しんでる時点で
にわかより悪質で荒らしに近い存在でしかないって自覚しとけよ

210 ななしのよっしん 2017/05/12(金) 20:48:04 ID: mIYIiE8ypP
メルトリリス・ブライド・サンタ・リリィはよ。・・・はよっ！

211 ななしのよっしん 2017/05/12(金) 21:09:05 ID: GqXXSGpDJf
現実の女も時間が経てば飽きるぜ！

212 ななしのよっしん 2017/05/12(金) 21:38:41 ID: m3CwYeYXzc
人間は飽きやすいからね

アルターエゴには飽きるという概念はないかもしれないけど

213 ななしのよっしん 2017/05/12(金) 21:47:54 ID: trs1zXQBhz
自分にとって女性は車や時計と同じですぐ飽きてしまうんだと放言したロベルト・カルロスさんの悪口はやめろよ

214 ななしのよっしん 2017/05/13(土) 12:39:07 ID: 24URCmrzQ+
リップもメルトもザビにきっぱり振られてるんだから、新しく恋を見つけたっていいじゃない、アルターエゴだもの。 みつを

215 ななしのよっしん 2017/05/13(土) 15:10:52 ID: 8tsuFwDeoH
FGO×CCCコラボ来る前と後でレス数が３倍以上になってる...！！
しぶのイラスト数も一気に増えてるし・・・ストーリーで優遇されまくってたのもでかいんだろうけど、やっぱりソシャゲの影響力って半端ないな
CCC好きの自分としてはちょっと複雑な気持ちもあるけど、メルトの人気と知名度上がる分には普通に嬉しい

いかんせんCCCでは、ヒロイン枠はBBと桜、ネタ枠はエリちゃんとキアラに持ってかれてたもんなｗ

216 ななしのよっしん 2017/05/13(土) 15:15:36 ID: 2vjwbVS/sw
まぁその３分の２くらいは対立煽りとそれに対する罵倒だけども影響力的にはま、多少はね？

217 ななしのよっしん 2017/05/13(土) 18:20:15 ID: ibRL/vtfTN
っていうかそもそも組み合わせ次第で二丁拳銃の方がうらやましいドンファン顔に行く事もあるんだからぐだにデレたところで今更だと思う

218 ななしのよっしん 2017/05/13(土) 21:11:34 ID: CcM9aoupcA
最初見た時、膝から下義足だと思ってた

219 ななしのよっしん 2017/05/13(土) 21:26:00 ID: HYJfvF+b3n
メルトリリスはガウェインを高く評価してるなｗなぜかちょっとうれしい

220 ななしのよっしん 2017/05/14(日) 06:53:49 ID: MhUOpL1nfs
>>214
なんでもかんでもなろう小説みたいにぐだに矢印もってく流れにウンザリする声も増えてるけど、元々メルトやリップは失恋ポジションだからキャス狐や赤セイバーほどザビに拘る理由もなし
トリスやガウェなど円卓とフラグが立ってるのではって意見があるところを見るとぐだなり他の鯖なりここで新しい人生を歩むのもよしってのが公式の意図なのかもな

221 ななしのよっしん 2017/05/14(日) 20:54:59 ID: yFNFVr0qgb
要は「自分の振った女の子にも惚れられたままでいたい」ってことか...
ううむ

222 ななしのよっしん 2017/05/14(日) 23:16:47 ID: pNlCJkWSu+
CCCプレイ勢ですがぐだとしてメルトちゃんを愛し続ける所存です
まあ人それぞれだと言えばそれまで

223 ななしのよっしん 2017/05/15(月) 06:23:47 ID: MhUOpL1nfs
>>221
それは穿った考えだろう
誰かに向けたまっすぐな好意を今更別の相手に向けられるというのが設定無視のように思えるというだけだから別に相手がザビ云々は関係ないと思う
単純に旧作と新作の歪

とはいえ、さっきも言ったように彼女らの立ち位置ネロや玉藻とは違うからねえ
少なくともザビには幸せにできなかったけど今は幸せにさせる方法があるわけだし
俺嫁にせよカプにせよ新たな恋を探すというのが今の公式なんだろう

224 ななしのよっしん 2017/05/15(月) 06:29:10 ID: MhUOpL1nfs
板違いになって申し訳ないけど、エクステラでメドゥーサがザビにデレるらしき描写にイラついてる人もいたぐらいだしアルトリアとフラグが立ったらエクステラが大炎上してただろうし、作品の垣根を乗り越えた恋愛って本当に扱いが難しいよ

225 ななしのよっしん 2017/05/15(月) 11:49:31 ID: HaP/wVIS91
個人的にはむしろCCCで「振った」(無銘ルートも含む)という負い目があるから、どうにか今度こそいい相手を見つけて幸せになってほしいという願望が満たされた今回のイベントは個人的に拍手して喝采をあげたい。
もともと「素敵なヒトと恋がしたいの！」って娘たちだったから、CCCでの失恋を経たからこそ新しい恋を得られたという今回の前提にはかつての罪悪感を洗ってもらった気さえする。

>>224
メドゥーサさんに関しては、もともとそっち方面はギリシャ神話出身らしく開放的だったから別に良いと思うんだけどなぁ、キャラ的には。
好きな人？　桜！　士郎！　綾子！　もう味見まで済ませてます！　みたいな人だし。

226 ななしのよっしん 2017/05/15(月) 12:34:54 ID: KL4s0l57QW
無課金だと1枚しか落ちなかった

227 ななしのよっしん 2017/05/15(月) 14:55:02 ID: ibRL/vtfTN
BBちゃんはザビ一筋を貫かせてるんだし、公式が無神経にこの設定を組んでる訳じゃないと思うんだよね

228 ななしのよっしん 2017/05/15(月) 15:36:45 ID: MhUOpL1nfs
まあ昔キャス狐がぐだにデレないことで暴れた俺嫁厨なGO勢がいたことで、「そういう」動きに対する根深い反発がEX側にあったりするからなあ

それでもやっぱり単にマスターにデレさせるだけでなく、あえて他のサーヴァントとの関係なども見せることで彼女たちの視野が広がったことを示したかったんだと思うよ

229 ななしのよっしん 2017/05/15(月) 15:37:33 ID: aXSo2rJhHj
今回のイベントは不満というか叩く気持ちとかは無いけど、1週目をちゃんとやって欲しかったな
積み上げの描写が少なかったせいか惚れるのに違和感を少しだけ感じる

230 ななしのよっしん 2017/05/16(火) 03:36:08 ID: Zy5eParBp6
>>229
きのこ曰くムリゲーに近い状態からの128騎＋センチネル無力化らしいからなぁ
見てみたいっちゃ見てみたいけどシナリオ進めるのにそこそこ戦闘挟まなくちゃいけないソシャゲとの相性良くなさそうだし人理修復の実績込みにしてもやってること破格すぎてまたそれでイチャモンつけられそうでもあるし難しいのかもね
幕間あたりで一部始終とは言わないけどそこそこに補完あるといいな

231 ななしのよっしん 2017/05/16(火) 04:14:51 ID: GeLQy28tB0
>>228
CCCで他者とまともなコミュニケーション取ろうともしなかった（できなかった）くらい盲目だった二人が
今はトリやガウェイン、キャット等いろんな人と会話するくらい成長したんだしな
ぐだに矢印向けて終わりってキャラではなくなったと思う
広い人間関係を持ってカルデアライフをエンジョイしてるだろう

232 ななしのよっしん 2017/05/16(火) 05:14:59 ID: 24URCmrzQ+
>>220
矢印向ける云々に関しては好みの問題だしねぇ、まあプリヤのクロエみたいにもとの作品で別の人物に惚れててフラれてもない、とかなら確かに違和感あるけれども

自分は「メルトがぐだに惚れた」ことより「メルトが全うに恋をしている」「交友を広めている」ことに焦点を当ててるのもあって満足したし、イベントED後に温存しようと思ってた分の無料石も召喚にシュウウウウト！茶々エキサイティン！してやったわ
縁があるのがはやいなあ！？(一発目で来ちゃった)

233 ななしのよっしん 2017/05/16(火) 10:45:29 ID: HYJfvF+b3n
>>229
おれは逆だと思うけどね。一週目の描写を最小限まで抑えたからこそ、プレーヤーは設定的だけではなく心情的にも「メルトリリスの知らないアルブレヒト」を演じることが出来、メルトリリスの気持ちを最大限に共感するようになる。そこはまさにこのシナリオの醍醐味だと思う。

一週目のことをやるならイベント本編ではなくほかのところで補完すぺき。

234 ななしのよっしん 2017/05/16(火) 10:50:43 ID: HYJfvF+b3n
>>230
本編で言ったじゃない？倒したのは40騎だった。
>>232
>自分は「メルトがぐだに惚れた」ことより「メルトが全うに恋をしてい>る」「交友を広めている」ことに焦点を当ててるのもあって満足した

正直ＣＣＣ本編のメルトリリスにまったく好感を持てなかったが、今回のメルトリリスに対し同じ気持ちだな。メルトが救われた感じがする

235 ななしのよっしん 2017/05/18(木) 22:39:20 ID: n7QiZquOMC
GOメルトすげえ、『劇場版　Fate/Grand Order ～深海電脳楽土 SE.RA.PH～』のメイン・ゲストヒロインだった……
これ普通のアニメだったら記憶をなくした状態で最終決戦前とか主人公が想う世界の様子のところとかにカメオ出演するヒロインだよ……

236 ななしのよっしん 2017/05/22(月) 01:38:15 ID: 8/hZIRHGc/
CCC当時から好きなキャラではあったけど、イベントやる前の好きとはだいぶ方向性が変化したかも
もしこの先ザビ主人公でヒロインやる事があっても、前惚れてたんだからまた出会ってもデレデレ、じゃなく振って振られて関係に区切りつけたんだから、ヒロインやるならまた関係を積み上げ直すべきと思うようにもなった

237 ななしのよっしん 2017/05/22(月) 11:51:38 ID: MhUOpL1nfs
とはいえまあ、エミヤに対して未練残してそうなとこもあるし
仮に焼けぼっくいに火がつくとしても昔と違った関係を築き上げれるとは信じたいね

238 ななしのよっしん 2017/05/22(月) 22:16:30 ID: lMUjSpz24U
イゾルトリリス

239 ななしのよっしん 2017/05/23(火) 01:47:12 ID: uhFSHuxWgb
あのイゾルデ云々はぶっちゃけＢＢの悪ふざけなんじゃないかとも思うがねぇ
いやシリアスタンならともかくギャグスタンなら言いそうだからわからんが

240 ななしのよっしん 2017/05/23(火) 16:47:38 ID: HaP/wVIS91
「なんだBBの冗談じゃないですかー……に思えて、もしかしたら……？」と思わせるのがトリスタン郷の憎いところよね。
そして生真面目なアルトリアはそんなギャグなんだかシリアスなんだからギリギリまで判別できない所が苦手だったのかもしれない……。

241 ななしのよっしん 2017/05/23(火) 19:58:48 ID: lMUjSpz24U
？？？「王は人の心(笑いのツボ)がわからない」

242 ななしのよっしん 2017/05/24(水) 11:34:37 ID: O6tZZCQGti
メルトとキアラは露出度は原作から大分離れないようにした代わりにレア度は一番出にくい星５にした説すこ。

243 ななしのよっしん 2017/05/24(水) 21:59:20 ID: n7QiZquOMC
>>237
こういっちゃなんだが、CCC時点だとメルトが一番おいしいキャラだったのかもしれないなぁ
無銘に惚れる可能性がある、ということはあの時点でもリップに比べて少しだけ関係性に広がりがあるといえるかもだし

>>239-240
マテリアルで見返してみたら普通にボロボロのメルト見て深い事情を察しただけっぽいのにあの言われよう、私は悲しい……

でもアルターエゴ二人とも成長して前向きな積極性を得たことが、私は嬉しい……（ポロロン

244 ななしのよっしん 2017/05/25(木) 11:53:29 ID: w0pmjOsVpz
>>243
深い事情を察して助けたのは確かに間違いないでしょうね

それにしてもイゾルデに似ている…

245 ななしのよっしん 2017/05/25(木) 12:52:32 ID: yFNFVr0qgb
トリスタンの真意はともかく、本当にイゾルデに似てるのかもしれない

246 ななしのよっしん 2017/05/25(木) 13:10:18 ID: sfJ+O/cnuG
メルトの金髪コラはよ

247 ななしのよっしん 2017/05/31(水) 08:55:19 ID: WNUEI9iYBC
なんていうか……メルトリリス尊い……。

248 ななしのよっしん 2017/08/03(木) 19:03:54 ID: uMMUH6thTv
またなんか削除する編集がされてる

249 ななしのよっしん 2017/09/26(火) 19:58:46 ID: D46bSeyio1
ちなみに尻穴は隠してるの？
そこが気になる

250 ななしのよっしん 2017/11/04(土) 19:16:58 ID: HYJfvF+b3n
>>249
おまおれ
いや、下心じゃないけど気になるよな！

251 ななしのよっしん 2017/11/08(水) 18:55:05 ID: HX2XrjfoeI
CCCエアプですまんのやけど、FGO攻略サイトとかでメルトの話題が出た時の「いい笑顔！」の元ネタって何なの？

252 ななしのよっしん 2017/11/08(水) 19:04:40 ID: u75Dk6keI5
フィギュア製作、販売会社のグッドスマイルカンパニーの事
記事にもある通りかなりのフィギュア好きで、CCC本編でフィギュアについて熱く語ってくるシーンがある(主人公は割と絶体絶命の危機に)
その中で(要約すると)「フィギュア職人って良いわよね、いい笑顔！(グッドスマイル)」という台詞があった

253 ななしのよっしん 2017/11/12(日) 02:48:46 ID: HX2XrjfoeI
>>252
亀だけど、ありがとうございます。
CCC初出のネタでしたか…今まで知らなかった…
ちょっとゼリーにされてきます。

254 ななしのよっしん 2017/11/14(火) 00:00:43 ID: BXBj9yppmu
>>249
CCCで(着地直後などの)M字開脚になってるシーンをよく見ると、結構後ろの方までカバーされてるように見える。
FGOの最終再臨でもお尻の上まであるように見えなくもない。
よってお尻の穴は隠されていると思われる。

255 削除しました 削除しました ID: WSSLyDnz7r
削除しました

256 ななしのよっしん 2017/12/05(火) 02:02:52 ID: ahaTqcbRtt
今更なんだけど、CCCとfgoで脚のデザイン違うのって何でだろ？

257 ななしのよっしん 2017/12/06(水) 08:51:34 ID: 5UJcmjAsS7
腰のデザインが変わっちゃったついで

…だけじゃないとしたら戦闘中の見映えの問題じゃね？
FateGOのキャラ表示はCCCのキャラ表示より全然小さいし

258 ななしのよっしん 2017/12/09(土) 05:55:37 ID: WSSLyDnz7r
メルトリリスの足を描いてくれた神絵師に無知晒して削除に追い込んだバカがいると聞いて恥ずかしくて死にそう
外せないなんて設定どこにもねえよ、むしろ外せるよあれ

259 ななしのよっしん 2017/12/09(土) 05:58:32 ID: EH12C+oT1R
デザインに絶対の自信を持つメルトが果たして外すかはまた別の話

260 ななしのよっしん 2017/12/09(土) 06:12:37 ID: WSSLyDnz7r
外すかは別、確かに
だけど足がないなんて捏造するやつが一番むかつく、公式であるかのように語るな

261 ななしのよっしん 2017/12/09(土) 07:01:46 ID: XAiWrXgMRn
言ってfgo準拠なら再臨でカラーやディテール変わりますしお寿司

そもそも現在の自分の特定の姿に絶対の自信がある事と
いついかなる時もその姿で居続けることは＝ではないし
ザビやぐだに「敢えて完璧を崩した姿が見たい」って言われたとか
それぞれ多少の抵抗や相応の過程はあれど外す状況も考えられないわけじゃない

262 ななしのよっしん 2017/12/09(土) 09:22:09 ID: 5UJcmjAsS7
>ザビやぐだに「敢えて完璧を崩した姿が見たい」って言われた
何故か股間見せるより恥ずかしそうにナマ足晒すメルトを妄想

263 ななしのよっしん 2017/12/09(土) 09:57:14 ID: LufsBikMD9
設定とか背景考えたら、あの脚は既に体の一部
若しくはアイデンティティも同然でしょ
それを消すって事はキャラを蔑ろにするのと同じだと思うよ

つーか、一応本人も批判に納得した上で消したんだから延焼させる様なマネはやめーや

264 ななしのよっしん 2018/01/16(火) 21:54:16 ID: NV0IZOc9l0
足の武装外せるなんて設定無くね？いやまあ外せないとも明言されてないけど
SGのイラストでも膝裏までしか確認できない
そもそもメルトの足って「外せる外せないということではなく、そういう足」というだけな気がする
身長体重の申告も単にメルトの気持ちの問題だし

265 ななしのよっしん 2018/02/11(日) 02:04:11 ID: D/L+KqlsE1
ザビは魂イケメンだからメルトやリップが他に行っても優しく見守るだけなんだよなぁ
プレイヤーである俺らとは全く違う存在なんやで

266 ななしのよっしん 2018/06/16(土) 01:37:32 ID: pNlCJkWSu+
どっちかでないといけないってこともないと思うがなぁ

267 ななしのよっしん 2018/07/15(日) 10:07:42 ID: oW4VtDcnNl
逆にリップの鉤爪は本当に腕だから、あれ外しても生身の腕があるわけじゃない。であってるよね？

268 ななしのよっしん 2018/08/05(日) 11:38:07 ID: hUJLAfX+2S
そもそもメルトは設定上は流体だから、どんな姿にでもなれるのではないか？
あの姿が自分のベストだと思っているのでは？

269 削除しました 削除しました ID: IDZxtm1gUL
削除しました

270 ななしのよっしん 2018/08/21(火) 14:26:39 ID: EH12C+oT1R
別にBB引く気ないんで、存分にメルトを愛でてますが？

271 ななしのよっしん 2018/08/30(木) 11:28:33 ID: 48eNx+9Myx
ゲーム上の性能面だと、Ｑの火力不足を補うサポートが出た事によって一躍ガチ性能になったね。あと、ＢＢの固定が上手く嵌ったときの爆発力はマジヤバくて溶ける（語彙力）。

272 ななしのよっしん 2018/09/06(木) 01:13:25 ID: 2eO+Gzdido
CCCプレイしたけど敵側だとテンション高い声の演技が聞けて収穫

273 ななしのよっしん 2018/12/06(木) 22:38:54 ID: stLnIfNDyb
みんな当然の指摘をしてるだけなのに狂人扱いするとかどういう思考してるんですかね・・・

https://twitter.com/hoseihima/status/1070578910406963202

274 ななしのよっしん 2018/12/06(木) 22:47:34 ID: HTdgw6ru+a
指摘（）に対する指摘その１ー。「公式でメルトの脚の着脱の可否は一回も明言されてない」。
指摘に対する指摘その２－。「そもそも原作でも大部分に生身部分があることが描かれてる（SG参照）」。
指摘に対する指摘その３－。「侮辱どうこう言うてるけど、当人にとっての脚部武装は原作時点で“体重のサバ読むためなら無かったことに出来る”程度の認識」。

古参原作ファンを自称しながら、「テメー個人が望んでるだけで原作に存在しない設定」を平気で吹聴する輩の多いことよな
ましてそれを他人を攻撃する殴り棒にする面の厚さときたらすさまじいものがある。まさにCCCがタイムリーな「冬木ちゃんねる事件」とかやらかしてた層の生き残りなんだろうね

275 ななしのよっしん 2018/12/06(木) 22:47:49 ID: apHhT0N8Eh
気に入らないものがあればツイッター晒しも普通にやるとか、お前ほんまこえぇなぁ

276 ななしのよっしん 2018/12/06(木) 22:49:45 ID: x4ei2GCyKF
>>273
どう考えても絵師個人が好きで描いた絵で突撃してる奴の常識が無さすぎるとしか思えんのだが

277 ななしのよっしん 2018/12/06(木) 22:56:48 ID: HTdgw6ru+a
もっかい言うけど、メルトリリスはステータスの体重表記について「脚部武装抜きの重量」を申告してるんだよね。
「アレは彼女のアイデンティティである」なんてこれまた全く設定されてない個人解釈をぶん回してる方はいるけど、事実として彼女にとって「これが無ければ自分ではない」なんて認識は全くされてない。
それどころか体重のサバを読む程度の動機で自身から切り離せる、その程度の器官だということ

考えてみりゃ当然なんだよね。彼女は「“BBのエゴ”でも“女神の複合体”でもない、他でも"メルトリリス自身"のアイデンティティ」を求め続けた少女なのだから。
遂には刷り込みに等しい岸波に対する情愛すら他者（無銘）に振り向けられたくらい我が強いのに、１から１０までお仕着せの部分に対してそこまで執着するっていう自称ファン様の前提がおかしいのよ

278 ななしのよっしん 2018/12/06(木) 23:12:42 ID: HTdgw6ru+a
更についでを言うなら、「自分に絶対の自信を持つこと」と「自身に不変性を求めること」が一緒くたになってる自称ファンの解釈もあまりに浅い。

根本的に苛烈さと独善を軸にしてるメルトリリスの精神構造からしたら
「いまの自分が最高“に決まってる”、そして変えたら崩れてしまう“に決まってる”から変えたくない」なんて消極的で甘えた言葉が出るはずはないし
むしろ「“自分こそが美しい”という事実が、たかが表層の装いを変える程度のことで揺らぐわけがない」
とこうなるのが道理だろう。

変化を恐怖・忌避するのは、どっちかっつーとリップの方に引き継がれた精神性だわな

279 ななしのよっしん 2018/12/06(木) 23:20:02 ID: hJNpwaZUgi
解釈は人それぞれでいいけど他人の二次創作にはけちつけるな、最低限のルール

それさえ守ればロリ化しようがババア化しようが性別逆転しようが角やら尻尾やら生やそうが口調や性格変えようがなんでもおk
手足の独自解釈なんか些細な問題

280 ななしのよっしん 2018/12/06(木) 23:31:40 ID: cnyjxBneb9
>>279
大体これ。
「公式絵師ガー」と言う奴がいるが、あれは公式での依頼で公式に提出したわけじゃないから全然問題ない
そして少しでも公式に関わった者がああいう類の絵を描いちゃいけないなんて暗黙のルールですら無い

犯罪を犯したわけでもないのに再起不能にまで追い込むようなバッシングは狂気以外の何物でもないわ

281 ななしのよっしん 2018/12/06(木) 23:37:49 ID: aLmMl+QMy+
そもそもゲーム内ですら霊基がどうたらで姿形がコロコロ変わるのにね。

282 ななしのよっしん 2018/12/07(金) 08:20:16 ID: 8bzhYCTzHm
脚が人間のメルトリリスじゃシコれない気持ちはわかるけどやりすぎたわ
やっぱFGOの民度は猿

283 ななしのよっしん 2018/12/07(金) 08:35:57 ID: sfJ+O/cnuG
はえ～メルトってFGOのキャラだったんすね～

284 ななしのよっしん 2018/12/07(金) 14:10:03 ID: zEmOZqh01j
>>282
暴れてたのむしろ日頃FGOのアンチやってるやつらでは

285 ななしのよっしん 2018/12/07(金) 14:16:51 ID: EeB8uKh+T6
批判意見叩きたいが為に呟きまとめて暴れたのはFGO民でしょ
責任転嫁すんなし

286 ななしのよっしん 2018/12/07(金) 14:17:53 ID: Y2XG7hqemG
草　何でもかんでもアンチのせいかよ

287 ななしのよっしん 2018/12/07(金) 14:24:23 ID: EH12C+oT1R
まぁバレエ好きなメルトが体重申告でもない限り自発的にヒールを外す状況は余り想像できん
絵としても魅力は減るよね。『絵』としては

288 ななしのよっしん 2018/12/07(金) 15:09:23 ID: HTdgw6ru+a
呟きまとめて暴れたってまた摩訶不思議な被害者意識だけど
「まとめられただけで不都合な呟きを公開垢で垂れ流してました」って自白にしかなっとらん時点でだいぶ苦しいのでは。逆ギレが過ぎる

289 ななしのよっしん 2018/12/07(金) 15:16:04 ID: EeB8uKh+T6
お前らが大好きな嫌なら見るなを実践しろよ
批判意見が存在することすら許せんガキなのかよ

290 ななしのよっしん 2018/12/07(金) 15:23:23 ID: HTdgw6ru+a
大体、私服捏造だろうが現パロだろうがロリショタ化だろうがケモ化だろうが二次創作する分にはガイドライン上何の問題も無いし
そこの趣味に合う合わないで取捨選択するのはユーザー側の領分やろ常識的に考えて

「彼女はスレンダーな上半身に殺意マシマシな脚部っていうギャップがええんや！」とか「硬質な精神性に見合う脚の金属的な質感、これよ」とかって好みを言うだけならまだしも
脳内設定を公式と混同してイラストと絵師個人に対する暴言を拡散した時点で擁護不可だし、それを外部で纏められただけで攻撃に見えるのに至っては「そういうとこだぞ」としか

291 ななしのよっしん 2018/12/07(金) 15:28:48 ID: VrfUUG2fd3
メルトの自爆特攻のことサイエンカタパって言うのやめろよ（何かを受信）

292 ななしのよっしん 2018/12/07(金) 19:31:57 ID: jbgWc3nyOU
そもそも絵師にリプで送っていないエゴサしないと見つけられないような呟きを、私怨でTogetterに何度もまとめた奴が一番狂ってると思うんですけど（凡推理）
嫌なら見るなといいつつその嫌な相手を監視して定期的にスクショでまとめるとかコイツ精神状態おかしいよ

293 ななしのよっしん 2018/12/07(金) 19:44:51 ID: HTdgw6ru+a
「多分探さなきゃ見つからないからセーフ」とか言い出したら、そのTogetterのまとめも探さなきゃ見つかんねーじゃんという話になるのが分かんない辺りがアレ

というか「鍵も掛けずに全世界公開で特定個人を対象にした誹謗中傷を垂れ流すけどバレなきゃセーフ！」ってそれこそ精神状態おかしい案件ですよこいつぁ
それが通るんなら今炎上してるお笑い芸人も「バレなきゃ無罪だったんだからバラした奴が悪い」とか言えちゃうんだよなぁ。犯罪者の思考やんけ

294 ななしのよっしん 2018/12/07(金) 21:18:45 ID: hY9mzPwRF9
個人的な意見になるんだけど設定無視しているからと言って公式絵師さんに非難暴言を書きこみは良くないと思う。
だけど設定無視した二次創作を素人ではなく公式絵師さんが描く場合キャラのイメージを壊してしまう恐れはあるんだよ。
例えば公式絵師さんが公式認定以外のカップリングを描いたらどうなんだろうか？
他の男性キャラとイチャイチャするBLイラストをTwitterでアップしたら？
当然、他の方から怒られると思います。
メルトリリスのイラストの件も、もしもメルトリリスが普通の女の子みたいになったらとかIFであることを説明していたらそこまで荒れなかったと思います。
公式絵師さんが設定無視した二次創作は書いてもいい。
でもキャラのイメージが壊れる恐れがあるものは住みわけはして欲しいとは思います。

295 ななしのよっしん 2018/12/07(金) 21:25:15 ID: hJNpwaZUgi
あなたがどんなイメージ抱くかは自由ですがイメージが壊れるだのなんだのと他人に押し付ける権利はねえですよ

イメージが壊れることを怒れるのは著作権者本人だけ

296 ななしのよっしん 2018/12/07(金) 21:28:07 ID: q/OXmMQdpB
今回の騒動は
「どこぞのバカの頭の中にある勝手な設定と公式絵師が公式無視したわけでない絵が違うから暴れてる」
ようにしか見えないけどな

297 ななしのよっしん 2018/12/07(金) 21:29:07 ID: zFIfTudJjC
メルトリリスの脚はもう炎上叩きの武器としか見られてないでしょ
脚の修正絵も出たしみんなハッピーでは

298 ななしのよっしん 2018/12/07(金) 22:15:04 ID: hY9mzPwRF9
ご意見ありがとうございます。
そうですね。公式が設定とは無視しているとは限らないですよね。イメージが壊れて怒っていいのは著作者だけはなるほどと思いました。
非難する人にも公式絵師さんにも両方モヤモヤが残ったので皆様のご意見参考になりました。
私がただ視野が狭い人間なんだなと改めて認識しました。

299 ななしのよっしん 2018/12/08(土) 13:17:06 ID: 0RdYkjuh7J
メルトリリスの脚は義足なのか脚そのものなのかヒールアーマーなのか、着脱できるのかできないのかは明示されてないんだから公式絵師だろうが誰だろうが好きな説採用すりゃええ
メルトはあの脚まで含めて愛してほしいと思ってるとかいうのも別に公式設定じゃなく「人間の手足を持つことにこだわりがある」「極限の造形美を追求した身体」の解釈の仕方の違い
設定無視言う奴こそメルトのことよく知らんで叩き棒に使ってるだけやんけ
っていう印象しかない

300 ななしのよっしん 2018/12/08(土) 19:36:41 ID: EeB8uKh+T6
結局どっちもどっち論に逃げんのかよ
捏造ソースしか提出できねえから論破出来ねえし
こんなところにデマまで書いて拡散しに来たんだもんな

301 ななしのよっしん 2018/12/09(日) 01:07:46 ID: 6GEjDVr6yn
ただひたすらに胸糞悪い
これがFGOなんだなあ

302 ななしのよっしん 2018/12/09(日) 18:54:21 ID: 20PmalJmJ1
イベもほんま蛇足やったしなぁ

303 ななしのよっしん 2018/12/09(日) 19:42:43 ID: HTdgw6ru+a
スクショ晒しで暴言ブチ撒けて、それが棘で可視化されて逆ギレ
>>285みたく「ぼくらわるくないもん」と歴史修正に走るもウソとソースの曖昧さが秒でバレ
挙句がこの捨て台詞ですよ

304 ななしのよっしん 2018/12/09(日) 20:03:52 ID: x4ei2GCyKF
そもそもこの件突撃した奴が悪い、絵師は何も悪くない被害者で全部カタが付く話なのに何も話し合うことはないんですが

305 ななしのよっしん 2018/12/09(日) 22:35:13 ID: 5Toz6ByhAn
殆どの人は絵師にリプ送ってなかったんですけどね・・・・

306 ななしのよっしん 2018/12/09(日) 22:41:06 ID: EeB8uKh+T6
捨て台詞吐いてんのも歴史修正主義の嘘つきもお前だろうが
鏡見て話でもしてんのか？息をするように嘘をつくなぁ

307 ななしのよっしん 2018/12/09(日) 22:43:08 ID: HTdgw6ru+a
本人に面と向かって言うでもなくこれ見よがしに写真晒上げて陰口を叩き合うって、普通ならいっそ直接言う以上にタチ悪い所業だろうに
ネットでなら「聞こえなければいいじゃん」とか「個人の意見を抑圧するな！！１」とか平然と宣えるのって、どっから来る心理なんだろうね

匿名に胡坐かいてイキってる、と表現しちゃうのが手っ取り早いのだろうけど

308 ななしのよっしん 2018/12/10(月) 01:12:07 ID: WSSLyDnz7r
二次創作の自由を声高に叫んでおきながら、俺のパッションリップに生の手を与えない絵師は俺にとって憎悪の対象だ
彼女にこそそういう自由を書くべきだろ

309 ななしのよっしん 2018/12/10(月) 06:05:42 ID: yIztS5WixO
所詮二次は二次。公式がそうであると定められた以上、それに従うのが最低条件なんだよ知っとけ。

310 ななしのよっしん 2018/12/10(月) 19:57:39 ID: tOAAM86d4S
普段からFGOに対して敵意が強く、そのためFGOプレイヤーを呟きを晒し上げ馬鹿にするツイートが常態化している
こういう特徴の人達だから今回の件で白い目で見られてて必要以上に拡散されてしまったんだろうなとは思う

311 ななしのよっしん 2018/12/10(月) 19:58:18 ID: cnyjxBneb9
指摘「彼女の足は重要なので補足説明があった方がいいですよ」→絵師「配慮が足らなかったよごめんね」
というGoodEndにできなかったのが沼

キャラ愛とやらがあるのは結構だが指摘の仕方が下手すぎるんだよ
とことん批判してやろうというバッシング精神で支持されるわけも無かろうに

312 ななしのよっしん 2018/12/10(月) 20:01:39 ID: tOAAM86d4S
>>311
まとめられてた人達はスクショして晒して叩くっていう順序を普段からやってるようだったからその考えが無かったんだろうね

313 ななしのよっしん 2018/12/10(月) 22:12:01 ID: 0RdYkjuh7J
検索しなきゃ見つけられないから暴言吐いてもセーフ！リプ送ってないから晒して笑い者にしてもセーフ！ってお前弓ココ・アダしな騒動知らないの？
気に入らない奴見つけては難癖つけて個人攻撃を繰り返してたエミヤの夢女とその取り巻きが「解釈違いの二次創作者を見つけて」「公開垢で」「本人にはリプを送らず」「スクショやエアリプで晒し上げてゲラゲラ笑ってた」ことで訴訟まで行ったんやぞ
被害者の一人が「Togetterにまとめた」ことがきっかけで過去の被害者がわらわら出てくる大炎上
高校がバレて受験生なのに志望大学合格の未来閉ざされたり妻子持ちなのに職を失ったりする奴も出た
自称外圧がセーフだと思いこんでるラインは日本の司法から見たら完全アウトなんだってそろそろ気付け

314 ななしのよっしん 2018/12/11(火) 03:03:48 ID: WSSLyDnz7r
ここってほかのEXTRA系掲示板と一緒で外圧思想に飲み込まれてる人間だらけだと思ったけど、思った以上に外圧嫌いが多くてちょっと笑う

315 ななしのよっしん 2018/12/11(火) 03:44:16 ID: jLsU9GkRrZ
まとめられる方が悪い理論や勝手に訴訟や個人特定応援に自身ニキを喧伝する皆様ですが、そもそも鎮火しかけた物を引きずり起こしてまとめたアホは時系列をガン無視した関係ないツイートの掲載などによるデマの流布と過去のまとめから問題になってたなんらかの逆恨みっぽい度重なる個人攻撃のせいで、
あの無法地帯の一つと名高い棘において垢凍結とまとめ全削除を喰らって消え去ったってのを都合よく隠蔽していくスタイルはまぁ尊敬していきたい

316 ななしのよっしん 2018/12/11(火) 07:31:14 ID: WSSLyDnz7r
鎮火しかけた？　目に見える形で暴言と中傷で無理やり絵師に謝らせただけのクレーマーだろうが。

時系列ガン無視？　確かに明らかに違和感があったな、まとめ的にはメルトリリスの足について難癖つけてるってだけで、あの絵師に対してとは書かれてなかったのにな。

度重なる個人攻撃？　課金煽りなんか一欠片もしてない声優に対する誹謗中傷。コハエースキャラは経験値のものだと（そもそも経験値自身琥珀とかアルトリアを汚れキャラに書いてるにもかかわらず）以蔵の人に対する誹謗中傷、さらにはペットに関してまで口出し。

無法地帯？　未プレイの分際で古参面してもFGOを叩けば無条件で受け入れてる奴らがのさばってるTwitterでイキがっておいてそれ言う？

317 ななしのよっしん 2018/12/11(火) 07:45:14 ID: EeB8uKh+T6
キャラの記事で無関係な遠吠え吐いてないで文句あるなら直接言いに行けよ
FGOってのは嘘つき恥知らずの上に頭イカれてる奴しかおらんの？

318 ななしのよっしん 2018/12/11(火) 07:49:38 ID: WSSLyDnz7r
そりゃ多数の人間にキチガイであることを晒されて顔真っ赤にしたかと思ったら、やることがこんな辺境の掲示板で間違った知識振りかざしてFGO叩きだもんな
文句あるなら直接Twitterの信者に言いにいけよ、普段から弟子って言って見下してるんだろ？

319 ななしのよっしん 2018/12/11(火) 07:55:46 ID: EeB8uKh+T6
前提知識がデマソースで論破出来ないから大百科まで逃げて泣き言言いにきたのはお前だ
オウム返しは脳ミソ使ってねぇ証拠ですよ？
ご自慢の正しい知識で言いくるめてこいよ。出来ねえだろ？エアプの猿だもん

320 ななしのよっしん 2018/12/11(火) 07:59:07 ID: WSSLyDnz7r
前提知識がCCC未プレイでなければ絶対にたどり着けない発想でそれが論破された瞬間大百科にまできて発狂しにきたのはお前だ
オウム返しはさっきからお前しかしてねえ
さっさとここの人間論破してみろよ？　CCC未プレイ者？

321 ななしのよっしん 2018/12/11(火) 08:05:50 ID: EeB8uKh+T6
論破なんてソース付でとっくにヒでされてんだろマヌケ
日本語すら分かんないんスか？

322 ななしのよっしん 2018/12/11(火) 08:20:13 ID: WSSLyDnz7r
メルトの足が外せないというソース、すべてにおいて存在なし、ソースなし

323 ななしのよっしん 2018/12/11(火) 08:33:32 ID: HTdgw6ru+a
まず「メルトの脚は外せない」という設定の主張に明確なソースは示されておらず（"どちらとも取れる"が結論）
百歩譲ってこの後公式の記述にソースが発見されたとして、二次創作に対して設定マウンティングの挙句攻撃の理由にするっていうソレ自体の是非の問題があり
加えて自分らは空リプでこれ見よがしに暴言を吐いておいて、いざそれがバレたら「棘にまとめなんてしなければ！探さなきゃ見つからないのに！」と逆ギレする無責任さ（探さなきゃ見つからんのは棘もだろ）

このズッタボロの状態に対して言い訳の一つでもするならともかく、>>315みたいな逆張りや>>319みたいなスカスカ勝利宣言だけで何か好転すると思ってるならちょっと面白い

324 ななしのよっしん 2018/12/11(火) 09:21:32 ID: 9vcqP2Xguh
ちょうどメルトさん居るのでプロフィール一部抜粋

・何物をも溶かす毒の蜜、触れるものを切り裂く鉄の脚、そして容赦の無い加虐性に満ちた性格を持つ

・身長/体重：190cm・33kg
　※身長はヒールを含んだもの。体重はヒールを除いたもの。
　　このあたりの申告の仕方からメルトリリスの性格が読み取れる。

・液体の性質を持ち、成長しきれば海そのものに成る可能性も秘めた完全流体。
　……なのだが、なぜかクラシックバレエに傾倒してしまい、人間の手足を持つ事に拘っている。

・本質は男性が保護欲をかきたてずにはいられない病的で可憐な少女像―――だった。

あ、あと関係多分無いけど「五感のうち、触覚が低下している」だってさ。

325 ななしのよっしん 2018/12/11(火) 09:24:11 ID: tOAAM86d4S
確かにそろそろここでやるべき案件ではなくなってきてるんじゃないか？って所まで話題が発展してるけど
EeB8uKh+T6もFGO嫌いこじらせすぎて普段から喧嘩売ってるようなアレな人々が、下手にextraに触れたせいでまた評判下がりかねない事についてはスルー？

326 ななしのよっしん 2018/12/11(火) 09:57:17 ID: EH12C+oT1R
ID: EeB8uKh+T6はロクに議論できないなら関わらない方がよかったね

327 ななしのよっしん 2018/12/11(火) 10:06:44 ID: EeB8uKh+T6
批判者は絵師に突撃なんぞしてないし
批判者を晒したのも広めたのもそもそもFGOアンチのアンチだし
どっちとも取れる＝キャラの根幹設定を無くしていいなんて理屈はねえし
君ら日本語も分からないようなんて関わらない方がよかったわ確かに
こういう連中なんだと再確認できたわ

328 ななしのよっしん 2018/12/11(火) 10:11:14 ID: WSSLyDnz7r
空リプなら何言っても許されるという小学生未満の発想
絵師への暴言を公開したのも広めた原因を作ったのも全部外圧だし
メルトの義足が固定されるべき根幹設定なんてものではないし
日本語以前にお前は常識を身に着けろ外圧

329 ななしのよっしん 2018/12/11(火) 10:16:58 ID: HTdgw6ru+a
「空リプ無罪」なんて通るわけねーだろ、何なら余計タチ悪いだろというのは>>307で既に言ったし
どっちとも取れる、つまり明確な設定がされてないものを「キャラの根幹設定」呼ばわりするのは単なる妄想だし、というか一番特徴的なヒール部分は普通に描かれてるし
個人が勝手に重要視してる設定があるとして、それを外した二次創作に対する対応が「スルー」じゃなく「陰口」な時点で擁護不可だし

誤謬を指摘されまくってなお同じ主張を繰り返すあたり段々壊れたレコードじみてきたな
何だろう、レスが流れるまで待てば相手の指摘に反論しなくても無かったことになるとか思ってるのだろうか

330 ななしのよっしん 2018/12/11(火) 10:23:26 ID: EeB8uKh+T6
もう嘘つきのマスカキ猿相手すんの疲れたわ>>292
空リプが有罪なら晒しは無罪なんすかね？
晒しをアンチのせいにして嘘ついたのはどうなったのかね？
死んでくれ

331 ななしのよっしん 2018/12/11(火) 10:30:31 ID: HTdgw6ru+a
これも>>293の繰り返しになるんだけど
「スクショ晒しての空リプ暴言は探さなきゃバレないからいいの」とか言い出したら、外部サイトのまとめなんかもっと探さなきゃ見つからないだろうに
「批判者を晒された！広められた！アンチのアンチ！」なんてダブスタ発言が出てきちゃうとこが彼らのダメなとこだよね

規約上外部サイトに転載も可能なSNSで、自分のID諸共全世界に公開された状態でおおっぴらに暴言吐いといて「晒されなきゃバレなかった」じゃねーよと。お前を晒したのはお前だよと

332 ななしのよっしん 2018/12/11(火) 10:31:02 ID: WSSLyDnz7r
TogetterのまとめはRTと同じものであって、Twitterで公開した以上それを纏められても文句は言えません。そして普段から無断でスクショ晒しをしておいて自分が同じ目にあったときだけ文句をいうような都合のいい妄言には誰も耳を傾けません
晒しを信者のせいにして正義面すんのやめろ

333 ななしのよっしん 2018/12/11(火) 10:39:31 ID: sfJ+O/cnuG
晒し有罪って言ってる人ツイッターが何なのか理解できてなさそう
撃っていいのは撃たれる覚悟のある奴だけなんだよなぁ……

型月厨は自分たちの行いが普段から悪いからこうやって常に狙われてることを理解してしたらばに引きこもってろ

334 ななしのよっしん 2018/12/11(火) 10:45:01 ID: WSSLyDnz7r
>>333
馬鹿言うな、でもにっしょん愚痴スレやアンチスレのノリを普及させたいからTwitterで暴れてるんだぞ
本来なら2ちゃんみたいなアングラで隠れているからこそ許容される行為を、世間にさらけ出しても問題ない、むしろ称賛されるべき行為と考えてるから、さらされることが許せないんだ

335 ななしのよっしん 2018/12/11(火) 11:04:23 ID: tOAAM86d4S
晒しが有罪というなら今回まとめられてたのが普段晒しをしている人達だって調べればすぐ分かりそうなものだけど・・・？

336 ななしのよっしん 2018/12/11(火) 11:21:04 ID: yIztS5WixO
大概にして他所に行け阿呆共、みっともない。

大体、リップの手とメルトの脚は異形だから良いんだよ。
歪んだ価値観と歪な精神と未成熟な心、日常生活以前の形状をした腕や脚が二人の魅力を形作ってるんだろうが。
CCCプレイ済みでそれを理解できてないなら論外だし、未プレイならさっさとプレイして理解しろ。

それに二次創作って言うのは、『公式のお目こぼしで描かせて頂いている』んだから、可能な限り公式に従って書くのが筋ってものだ。
外せますと明記していない限り(描く側が)外したくても外さないのが二次創作する時の最低のラインだと理解しとけ。

337 ななしのよっしん 2018/12/11(火) 11:33:19 ID: sfJ+O/cnuG
型月厨（EX信者と呼ぶべきか？）曰く原作じゃ見られなかったものを描くことは許されないらしい
この辺にぃ、キャラ崩壊要素のあるアンソロを公式でOVAにした会社、あるらしいっすよ

338 ななしのよっしん 2018/12/11(火) 11:36:26 ID: XAiWrXgMRn
二次創作でもしもを排して曖昧な設定に準拠しろって...
Aだからこそいい、でも別腹としてBも見たい、ってのは普遍的な欲求だろうに

339 ななしのよっしん 2018/12/11(火) 13:05:34 ID: HTdgw6ru+a
二次創作は「公式の目こぼしで描かせて頂いている」って何年前の認識だよ
型月はとっくの昔に「この範囲内でどんどん楽しめ」ってガイドライン出してるし
そん中に「特定の公式設定をあくまで遵守すること」なんて項目は無いぞ

そもそも二次創作は「公式のどこを取り入れてどこを外すか」が肝なのに「外すな」って何だそのローカルルール、IF展開やら何やら全否定じゃねえか
まして「できると言われてないことはするな」ってなんだ、二次創作界は共産主義国家か何かか？ｗ

340 ななしのよっしん 2018/12/11(火) 13:06:44 ID: 5YHMmUwQ0w
>>336の言ってるなるべく公式に沿って描いてほしいという気持ちだけは分かる
メルトとリップはあの足と腕だからこそ人格やモーションが映えていいよね
でも問題はそこからどういう行動を取ったかってと話だと思うの

341 ななしのよっしん 2018/12/11(火) 13:16:49 ID: HTdgw6ru+a
結局のところこんなの「数多ある設定の中で特定のコレが大事、と俺様個人が思っている」っていう感想文以上の話ではないし
「だから二次創作はその辺の趣味が合うのを消費する」ならともかく「だから世の二次創作はオレ様の俺ルールを守れ、でなければ文句をつけてやる」なんてキチった理論が罷り通る界隈なんかこの世に無いよ
所謂カップリングとかIFシチュエーションとか全滅やんけ馬鹿馬鹿しい

二次創作はトレスか完全な一枚絵じゃない限り「公式に無い台詞、ポーズ、動き、関係性、装い」が確実に含まれるっていう当たり前の話から理解できてないの？

342 ななしのよっしん 2018/12/11(火) 13:27:14 ID: EeB8uKh+T6
「公式に無い台詞、ポーズ、動き、関係性、装い」が確実に含まれるなんて当たり前だろう。屁理屈か
公式のメルト要素ないあの絵を但し書き無しで見て誰がメルトだって分かるんだよ
完全に乖離してるならメルトじゃなくていいだろっていう

343 ななしのよっしん 2018/12/11(火) 13:35:32 ID: jLsU9GkRrZ
晒し自体が問題なんじゃなくて時系列無視のツイートまとめや事実無根の話を混ぜ込んだゲハブログレベルの大嘘ついて燃えカスにガソリンぶちまけたのが問題なんじゃないですかねぇ
そんな付け込まれるようなツイートするのが悪いとかそいつらもやってる云々以前に、主観的な一方的な主張ってんならまだしもほぼ創作レベルな代物をさも事実かのように喧伝してたんだからそりゃ槍玉にも上がるってもんなのがはっきりわかんだね

しかし>>316はどうもあのクソまとめと事後対応すらご拝見なされてないっぽいトンチンカンなお気持ち表明で引っ張る割に、叩き出されたのは結局ウソとデマをおおっぴらにまとめ上げたバカの方という事実についてはガン無視ってのがさすがプロって感じですねぇ、違うなぁ

344 ななしのよっしん 2018/12/11(火) 13:35:32 ID: 9vcqP2Xguh
私服サーバントとか全否定にならんかそれ？

345 ななしのよっしん 2018/12/11(火) 14:22:25 ID: bTknv0JOkA
消えたまとめにも思いっきりあの絵のスクショ貼付けてたり
修正後の絵のリプ欄や二次創作だからいいじゃないって言ってる人のスクショ取って叩いてる人見受けられるけど
さすがに全てが大嘘や創作のような言い方は無理ない？

346 ななしのよっしん 2018/12/11(火) 15:38:00 ID: HTdgw6ru+a
>>343
「まとめる側のやり方に問題があった」と「だから悪いのはあっちだ」に絶望的なくらい繋がりが無いぞ
混ぜっ返すにしてももう少しくらい練って来なさい


ところであの絵はシルエット的にも一番際立つ踵のエッジは普通に描かれてるし、他のサクラシリーズに見られない硬質な寒色のストレートロングとかスレンダーな体型とか勝気な表情とか、メルトリリスを示す記号なんて幾らでもあるわけだけど
>>342はふくらはぎと膝で女性キャラを見分けてるんですかね・・・？
まあ性癖ってデリケートな問題だから他人のそれを否定したりしないけど、「誰がメルトだって分かるんだよ」っていや君以外誰でも分かると思うよ・・・？

347 ななしのよっしん 2018/12/11(火) 15:52:24 ID: EeB8uKh+T6
凸してないものを凸したように捏造するのを混ぜっ返しっつったり
あの絵で誰でもメルトだって分かるっつったり
何処までも屁理屈ばっかりだなお前な
お前がそう思うんならそう思って人に押し付けてんな
本当うぜえな

348 ななしのよっしん 2018/12/11(火) 16:03:12 ID: HTdgw6ru+a
あとまとめが消えたからって男は度胸、何でも言ってみるもんさとばかりに相当テキトー吹いてる人がいるのでツッコんでみるけど

＞事実無根の話を混ぜ込んだゲハブログレベルの大嘘
＞主観的な一方的な主張ってんならまだしもほぼ創作レベルな代物
過去に存在したツイートをツイッター公式のAPIで転載しただけのまとめがどうやって「嘘」を吐けるってんですかね・・・。それとも外圧（）ちゃんの「頭が足りない」だ「カス」だと垂れ流し続けた陰口も、前後の文脈を併せれば何らかの正当な理屈があったとでも主張する気ですかね？

相手のsageを繰り返すのは勝手だけど「でも彼らの撒いた種だし彼らの言動のツケが帰って来ただけだよねこれね」って話に対する何の反論にもならないんだよなぁ・・・

349 ななしのよっしん 2018/12/11(火) 16:24:40 ID: WSSLyDnz7r
そもそもてめえら外圧の炎上活動にメルトを巻き込むな
たとえあの無かったことにされた世界からサルベージされた別人であろうと、ようやく自身を受け入れてくれる人を見つけ、白鳥として羽ばたけた彼女に対する愚弄だ

350 ななしのよっしん 2018/12/11(火) 16:44:56 ID: 0RdYkjuh7J
晒し遊びしてたのを晒されたら涙目で晒し有罪！って言ってくるのめっちゃおもろいな
ブーメラン刺さりまくりやぞ

351 ななしのよっしん 2018/12/11(火) 17:05:15 ID: EeB8uKh+T6
>>349
釣りは他所でお願いします

352 ななしのよっしん 2018/12/11(火) 17:09:02 ID: WSSLyDnz7r
これが釣りに見えた時点でこいつがCCCもFateもまともに理解できていないクソってのが理解できた

353 ななしのよっしん 2018/12/11(火) 17:23:04 ID: 0RdYkjuh7J
あのまとめには外圧が絵師に凸しました！とは書いてなかったんだよなぁ……
誰でも見られる公開垢で暴言吐いときながら「まとめられなきゃ広まらなかった」は草草の草やで
リプ欄遡ったらブロック済の奴が設定無視云々って凸っててそこの論理破綻も面白いな

354 ななしのよっしん 2018/12/12(水) 07:14:44 ID: 5UJcmjAsS7
>>352
とりあえずケンカは余所でやってくれ

355 ななしのよっしん 2018/12/17(月) 00:59:23 ID: bTknv0JOkA
>>sm34286866
sm34286866
こうやって一旦収束したものをまた燃え上がらせようとして無理に敵認定させようとするから外圧呼ばわりされるんだって

356 ななしのよっしん 2018/12/17(月) 10:01:39 ID: yIztS5WixO
まあ別に個人の趣味なら構わんけど、ちょっと他のと形が違うからって健康な手足を切り落として別のモノに挿げ替えるとか、猟奇過ぎて引くわ。

>>339
今の時代の認識だよ三等品。
どんなメーカーのどんな作品でも、二次創作は常に限りなく黒寄りのグレーだっつーの。
ＬＡＫＯＴＡじゃねーんだからさ、最低限は弁えろ。
あと鏡見て物言え。俺様理論振り回してキチってる無知無能無価値はお前だ。

357 ななしのよっしん 2018/12/17(月) 10:44:19 ID: HTdgw6ru+a
二次創作が違法っていうのはあくまで「　無　断　での複製・翻案」が前提の認識であって、著作権者が許諾を出した二次創作はガイドラインに従う限りにおいて「真っ白」だという話を>>339でしたんだけど。
当たり前だけど、許可取っても駄目だみたいな話になるとスピンオフとかメディアミックスも存在出来んぞ

ものすごい鼻息荒いわりに全然人の話聞いてない上に自分が叩き棒にしてるモノについて調べても居ないってどうなの
でもってメルトの身体の流動性・不定形性はCCCだと「分身」すら可能にしてるんだけど、どういう見解を経たら変形その他の可能性は皆無だ、切り落としたに違いないみたいな話になるの・・・？

358 ななしのよっしん 2018/12/17(月) 10:47:17 ID: HTdgw6ru+a
ちなソース↓
http://typemoon.com/copyright
TYPE-MOON作品の二次創作に関するガイドライン　1/画像、映像　より

＞TYPE-MOON作品の画像、映像のデータをコピー、取り込み等して使用することを禁止します。
＞ただし、TYPE-MOON作品の画像等を参考に新たに描き起こされたイラストなどの使用については問題ありません。なお、ご自身で描き起こされたものであっても、トレースしたものは禁止します。

359 ななしのよっしん 2018/12/19(水) 22:48:45 ID: EH12C+oT1R
>>358
けもフレの騒動直後で印象残ってるわ。まぁガイドラインの改訂公開が近かったのは偶然かもしれないけど、、著作権について界隈が色々議論してた状況だったよね

360 ななしのよっしん 2019/01/03(木) 18:14:00 ID: WSSLyDnz7r
何で古参面するにわかほどメルトリリスに足がないなんて捏造を本気で信じこんでいるのか
研究したら賞がもらえそうだ

361 ななしのよっしん 2019/01/03(木) 18:26:18 ID: 0f/k4KDNf8
実際足ないだろ、足あると思ってるのお前だけだぞ

362 ななしのよっしん 2019/01/04(金) 01:13:16 ID: WSSLyDnz7r
こういう謎の勘違いを押し付ける根源的な理由は真面目に気になる

363 ななしのよっしん 2019/01/05(土) 13:24:08 ID: 2eO+Gzdido
オバQのハカセ+絶交仮面

364 ななしのよっしん 2019/01/15(火) 20:09:50 ID: C1O+mL7RL/
どうでもいいけどお人形遊び楽しいよね

365 ななしのよっしん 2019/01/25(金) 01:47:31 ID: WSSLyDnz7r
現実問題、何でメルトの足だけこんな大事になったんだ？
外圧は今まで声優に対する誹謗中傷とか繰り返してきて、それに対する不満だってあったけどここまで大きくならなかった。しかしだ、言い方は悪いが声優への人格攻撃に比べてたかがキャラ設定一つなんてたいしたことないはずなのにこの規模はおかしい

やらおんとかいうカスサイトが纏めたからってのは無しだ。あのサイトは既に広まった火事を更に拡大させただけで、直接は関係ない

366 ななしのよっしん 2019/01/25(金) 01:51:59 ID: VrfUUG2fd3
っ「言っていない台詞」

367 ななしのよっしん 2019/01/27(日) 23:14:12 ID: HTdgw6ru+a
外圧ってEXTRAに愛着のある古参（）を騙ってるパターンが多いから、そのEXTRA関連も動画wiki仕込みのニワカでしたなんてバレるのだけは避けたいのでは。被害者気取りのための盾も無くなったらいよいよただのイナゴだし

よりによって盾に使うのがEXTRAな時点で、仮に騙り通せても「一番タチ悪かった冬木ちゃんねる時代の月厨じゃん、うわぁ」ってなるんだけどね結局

368 ななしのよっしん 2019/01/28(月) 15:36:15 ID: WSSLyDnz7r
>>367
いやいや、言いたいことは伝わったけどそれなら余計メルトの足について言及すべきじゃなかっただろと言いたくてな
明らかに今回この規模まで騒がしくなったのはあいつらが捏造設定をもとに絵師を攻撃したのが原因だし

369 ななしのよっしん 2019/01/28(月) 15:52:50 ID: EeB8uKh+T6
「設定が存在しないから脚があってもいい」から「脚が無いのは捏造」に意見変えたのか
いつまでもゴネてねえでチョロQで遊んでろよ

370 ななしのよっしん 2019/01/28(月) 16:11:52 ID: HTdgw6ru+a
>>368
切欠というか、余計なこと言わんと引っ込んで居られなかった理由で言うなら
要するに自分らのニワカっぷりとtwitterのオープン性を甘く見てたって点に尽きると思われ

twitterでの発言は掲示板の区切りも無く全世界に公開される＝誰に見られてツッコまれてもおかしくないし、自分で消さなきゃ永遠に残る上に外部転載も規約上かなり緩く出来てるからね。
謝ったら死ぬ病の人がニワカ知識でイキるにはリスク大きい場所だっていうのが分かってなかったんだろ。
この件に関しての外圧って「勝利宣言して放置」とか「掲示板（棘まとめ）ごと削除依頼出してほっかむり」みたいな、アフィサイトや2ch時代の逃走手段が火消しになると未だに思ってる節があるし

371 ななしのよっしん 2019/01/29(火) 12:56:14 ID: EH12C+oT1R
「脚があるかどうかは判らないが、本人の趣向的に率先して外したがるか？」というのが個人的な意見(返す返す申し訳ないけど)
まぁそれで二次創作叩いたり、レスバに発展するのはアホらしいけど
33kgって軽めに設定される美少女キャラでも病的に軽いし、ヒール抜きだと脚無いような気がする

372 ななしのよっしん 2019/01/29(火) 15:47:31 ID: WSSLyDnz7r
って納得してしまったが違う、俺が疑問に思ってるのはにわか達がメルトの捏造設定にこだわってることじゃない
声優や絵師への殺害予告に比べて、たかがキャラの設定一つでなんでここまで規模が大きくなってしまったのかが気になるんだ？
そして既に言ってるがゴミクズサイトのやらおんは既に広がった炎上を更に広げただけで、元々の規模まで大きくなった理由にはならない

373 ななしのよっしん 2019/01/29(火) 17:47:23 ID: HTdgw6ru+a
>>371
メルトってヒールで身長嵩増ししてる分を抜いたらメッチャ小柄（140cm前後？）だし
他の女性サーヴァントでも160cm/40kgみたいなパターンがあるのと比べればまあそんなもんだろって感じにも見える

>>372
延焼した理由に関して言うなら、それこそ>>369っていう実例も生えて来たけど
>>367で書いた理由で引き下がれなくなっちゃった一部が未だに「アッチが悪いのおおおお！！！」って騒いでは眉を顰められるっていうセルフ放火テロを続けてるからだと思う
基本的に彼らみたいな手合いって自分達の間違いを訂正したら死ぬと思ってるから、必然的に自分の主張を引っ張る＝ウソ設定を拡散し続けるってことになるし、その都度ツッコまれては逆ギレしての無限ループよ

374 ななしのよっしん 2019/01/29(火) 17:53:14 ID: HTdgw6ru+a
連投失礼
例えば個人への暴言は知らんぷり決め込めば相手が詰めてこない限りなんとなく終わった話っぽく出来る（客観的にそうなるとはいってない）けど
設定問答でダンマリ決め込んだら結果的に「外圧の言ってたのと違う設定解釈」が知れ渡ることになるから、ああまで騒いじゃった以上は引っ込みがつかなくて
結果的に自分らの起こした騒動に自分で薪をくべ続けてるって流れじゃないかなあと

375 ななしのよっしん 2019/01/30(水) 02:00:46 ID: WSSLyDnz7r
>>373
>>374
納得のいく答えありがとう
結局あいつらの因果応報が招いた結果か、素直に声優への殺害予告だけできゃっきゃしとけば何も言われなかったのに

376 ななしのよっしん 2019/01/31(木) 02:57:59 ID: WSSLyDnz7r
https://togetter.com/li/1314210
一人でも多くちきちきの悪行を知ってくれ

377 ななしのよっしん 2019/02/07(木) 18:23:06 ID: 8cZK1QUQP1
そもそもメルトの足のあの踵とか靴みたいな金属部分は取り外したら普通に人間の足があると思ってた派なのであの騒動には「え？その程度で荒れるの？」だった
身長体重で気軽に含めたり含めなかったりするんだからメルトにとって大事なのは形であって存在そのものにはこだわり無いでしょ
バレリーナにとって踵のある靴ってのは重要だろうしな

なにより不愉快なのはあれらの騒動が「メルトを萌え属性でしか見てないFGO厨が凸して荒らした結果！」「萌え属性しか気にしてないから手足がついてなきゃ嫌なんでしょ？」「心あるCCCファンが悪者扱い！ex村ばっかり燃やされる！」みたいに悪いの全部FGOファンの責任にしてること
ふざけるなよ、今までメルトのこと無視か嫌悪で無銘ザビ子の時なんか叩きまくってたくせに、CCCコラボでいきなり「実はザビメル尊いと思ってました！ぐだデレひどい！」ってファン面しやがって
それで普段は全くその尊いザビメルとやらの萌え話しないじゃねーかふざけてんのか、本当にそう思われてるならメルトの薄い本もっとあっただろ、なんでFGOで実装されてからエロとか抜きのメルト単体絵がどかっと増える事態になってるんだよ
リップといいザビのことageたりするためのハーレム要員でどうでもいい存在だったくせにCCCコラボで注目されて「可愛い！」って言われだした途端に所有権主張してる奴がメルト好きとか一生名乗るな

378 ななしのよっしん 2019/02/08(金) 23:59:04 ID: bTknv0JOkA
FGO以前は冬木ちゃんねるとか色々やらかしたのになかったことになってるのはまあ、何とも言えない気持ちになるね

379 ななしのよっしん 2019/02/09(土) 00:07:41 ID: V6D9J5ARaz
他人が足のあるメルトリリスを描いた程度で壊れる愛しかないんですかね
自分の頭の中にあるメルトリリスを信じよ

380 ななしのよっしん 2019/02/09(土) 00:34:35 ID: WSSLyDnz7r
本気でメルトを愛しているお前らなら怒らないと思うから俺の疑問に答えてくれ
そもそもCCC当時のメルトって人気がないどころか、あのキ○・ヤマトやシン・ア○カ、西園寺世界と肩を並べるレベルでアンチが大量発生した記憶しかないんだが？
これは言い過ぎにしてもCCCコラボが実装されるまで型月史上もっとも嫌われたキャラなのは確かだったぞ（桜と士郎は元祖のキャラだからアンチ以上に嫌いになってはならないって信者の声のほうがデカかったから除外）

381 ななしのよっしん 2019/02/11(月) 16:53:13 ID: 48eNx+9Myx
例え事実がどうであれ、自分の固有結界に引きこもっては周りに対人宝具を乱射してる人らには効果がないよ。
魔力切れがない以上、対界宝具で強制解除するしかないけど、そんなのできるのは英霊か運営しかないし、できてもどうせ別垢で復活して恨み言が倍加するだけ。無視に限る


そんなことよりメルトがCCC時代から念願にしてたフィギュア化について語ろうぜ

382 ななしのよっしん 2019/02/12(火) 02:05:08 ID: WSSLyDnz7r
>>381
言いたいことはわかるが、その結果嘘の知識をばら撒いて他人の創作そのものを現在進行系で邪魔するからなあ

383 ななしのよっしん 2019/02/12(火) 14:42:38 ID: 8cZK1QUQP1
>>381
美しいの一言、湖面を舞う白鳥のような服や髪のひらひら具合好き、色付きはよ
ただ自分は好きなキャラだろうがフィギュアだろうがねんどろだろうが書籍ならともかくグッズは眺めるだけで買わない派…

メルトの再臨って黒鳥(オディール)から白鳥(オデット)への変化って感じで好き
白鳥の湖において最も技能のあるプリマがオディール役やるらしい(中盤くらいの大回転がめちゃくちゃ難しいとか)から黒鳥かな？って思ってたけど、三臨で王子との愛に結ばれるオデットになるのが好き

384 ななしのよっしん 2019/02/17(日) 02:00:21 ID: WSSLyDnz7r
あｆｄｋｄｊふぁｓｈｇｒ；ｒｇｈっｋｇｔｇ
またメルトの絵がゴミクズどものせいで消されたあああ！！
本当にいい加減にしてくれ

385 ななしのよっしん 2019/02/17(日) 02:05:29 ID: EH12C+oT1R
一行目いる？

386 ななしのよっしん 2019/02/17(日) 02:25:31 ID: TrLePBHH7E
実際問題ゴミ対策には無視が1番なんだけどな
消したりなんかしたら喜んじゃうじゃん

387 ななしのよっしん 2019/02/17(日) 04:31:50 ID: WSSLyDnz7r
なぜかメルトの絵を書く人はいい人ばかりだから妥協して消して外圧が増長する、これの繰り返しは勘弁してくれ

388 ななしのよっしん 2019/02/17(日) 10:07:13 ID: oW4VtDcnNl
雑音ばらまけば無理を通せるって前例作るのはよくないんだが、被害者の絵師さんにそれ言えねえしな
本当に殴られないネット上でしかイキれない屑は生きてる価値ないな

389 ななしのよっしん 2019/02/17(日) 10:31:30 ID: bTknv0JOkA
今回のはワダさんがRTやいいねしてたと聞いたので意地でも消させたかったのかね
生みの親が認めてたら今後文句言えないし

390 ななしのよっしん 2019/02/17(日) 11:40:37 ID: MdeuD4KF3J
残念ながら無視してればいなくなるような可愛いメンタルしてないんだよなぁ
ストーカーと同じで無視される＝反抗的・自分に対する攻撃だと思いこむから
どんどんエスカレートするよ

391 ななしのよっしん 2019/02/19(火) 08:00:52 ID: WSSLyDnz7r
すげえ、第二次メルト問題がアフィ頼りだった今までの比じゃないレベルで炎上してる
第一次のときは静観してたメルト過激派すら今回の外圧の横暴にキレてお気持ち表明してるの、まさに因果応報って感じ

392 ななしのよっしん 2019/02/19(火) 08:19:32 ID: 5LaI74D77n
なーにがメルト問題だよ
そんな大層なことじゃなくてアホがアホ晒してるだけやんけ

393 ななしのよっしん 2019/02/19(火) 08:27:57 ID: owwOM5SNi8
生みの親のワダアルコまで攻撃してるの見ると
荒らしてる型月厨にろくな奴はいない

こいつら本当は「メルトリリス」が好きなんじゃないんだろうなあ…

394 ななしのよっしん 2019/02/20(水) 06:35:56 ID: WSSLyDnz7r
>>392
『まーた』どっちもどっち論に逃げるんですか

395 ななしのよっしん 2019/02/20(水) 09:00:09 ID: 2GGcmBQqGW
メルトって生理の時どうしてんのかな
あの前張りじゃ大変なことになりそう(コナミ)

396 ななしのよっしん 2019/02/20(水) 13:21:08 ID: EH12C+oT1R
流石に抜いてるんじゃない？

397 ななしのよっしん 2019/02/21(木) 01:25:01 ID: owlRowx78T
海外の絵師はメルトリリス脚問題で被害者のように見えるが、あれは注意書きや棲みわけしなかった報いだ。というか二次創作全体を禁止にするべきだと思う。どの作品でも公式にしか絵を描くことを許されないようにするべき。

398 ななしのよっしん 2019/02/21(木) 01:41:28 ID: aLmMl+QMy+
メルトはCCC時代は皆から嫌われてた！FGOになってファン面してあーだこーだ言うのはおかしい！
って言うヤツいるけどさ、FGO云々は置いといて、CCC当時からして普通にメルト好きだったヤツはおるだろ
親の仇みたいに憎んでボロクソ言うヤツラが、肯定的なことを言えば全力ダッシュで殴りにくるから、ネットコミュニティであえて口に出せなかっただけで
ルーツである桜とHFも昔はそんな感じだったけど

399 ななしのよっしん 2019/02/21(木) 01:47:35 ID: x+1emJmqRA
CCC当時から型月ではなんというか珍しいタイプのキャラだから好きだったけどそんな嫌われてたのか……
他の作品を下げる訳でなくCCCのキャラはどのキャラもある程度の人気はあってSNの桜くらいにマイナスに言われる事は無かった気がしたんだけど

400 ななしのよっしん 2019/02/21(木) 05:05:05 ID: XsRQGi/nzH
別にCCCで人気はそれなりにあったと思うが
グッドスマイルのところとか話題にもなったし

401 ななしのよっしん 2019/02/21(木) 05:17:28 ID: W94oY0B2By
口だけは大きいザビ子厨()が紅茶に惚れる展開をボロクソ言いまくってたから
そういう部分で嫌われまくってるって認識でもついたんじゃね？

後は話の流れ的にオタクに多いロリコンが大好きなありすに手を出したのも悪かったかもな

402 ななしのよっしん 2019/02/21(木) 05:17:36 ID: WSSLyDnz7r
>>399
上の方にも書いたがFGOでコラボするまでスクイズのキャラとため張れるレベルで嫌われてたはずだぞ

403 ななしのよっしん 2019/02/21(木) 11:17:24 ID: EH12C+oT1R
初めて聞いたわそんな評判。アンチスレでも出来てたの？

404 ななしのよっしん 2019/02/21(木) 11:25:38 ID: nhiiXZSLYo
俺の好みとしては足どころかちんこ生やしてくれても構わないくらいなんだがね

405 ななしのよっしん 2019/02/21(木) 11:30:35 ID: Hwa80pcNfY
いや、そのりくつはおかしい

406 ななしのよっしん 2019/02/21(木) 13:42:54 ID: owwOM5SNi8
巨乳化は叩かないのに生足化は叩くガバガバ判定

407 ななしのよっしん 2019/02/21(木) 17:44:17 ID: WSSLyDnz7r
>>406
なら巨乳化したメルトがあったのか！

408 ななしのよっしん 2019/02/21(木) 17:52:52 ID: EH12C+oT1R
でかいメルトも生えてるメルトもイケるぞ。俺は

409 ななしのよっしん 2019/02/21(木) 22:20:13 ID: WSSLyDnz7r
>>403
経験則で申し訳ないが、真の嫌われ者にアンチスレなんか立たない
なぜならアンチスレっていうのは『嫌い』と『信者がうざい』の2つが揃わないとできても話題が続かなくて過疎るからだ
二次でEMIYAとかができるくらいにはファンも多かった士郎と桜との違いはここだ

大体好き嫌いを置いても、CCC当時のメルトは話題になったか？　8歳児かっこいい！　は聞いたけど

410 ななしのよっしん 2019/02/22(金) 09:17:20 ID: bTknv0JOkA
まあ当時のメルトリリスはありす達にした所業とかのせいでそこまで超大好きメルトリリスサイコー！みたいなのは見かけなかった記憶があるね

411 ななしのよっしん 2019/02/22(金) 12:21:31 ID: oW4VtDcnNl
CCC自体が大体全員ぶっ飛んでるから、余程の事やらかしても個性の範疇に収まるからなぁ
あのキアラでさえファンは普通にいるわけで。CCCじゃなかったらボロクソだっただろうなあのエロ尼

しかしイベントのメルトヤバイな、リップ派なのに堕ちそう

412 ななしのよっしん 2019/02/22(金) 21:48:07 ID: 48eNx+9Myx
そんな嫌われ者と呼ばれたキャラが今や、

1. ピックアップが来たら狂ったようにガチャが回される
2. トレーディングカードの最高レアリティの一つに抜擢される
3. 食玩カードのシークレット枠になる
4. 自身の主演イベントが（本編公認とはいえ）コミカライズされる

などとここ最近活躍目覚ましい。感慨深い思いがある

413 ななしのよっしん 2019/02/23(土) 01:02:56 ID: WSSLyDnz7r
恐ろしいのはガチャで回されるようなキャラ属性ではないということだよな
貧乳はロリだからこそ許される属性だが、メルトはどちらかというと秋葉タイプだから今のオタクの趣味から外れてるはずだし

いや秋葉も妹属性なんだけどね

414 ななしのよっしん 2019/02/23(土) 21:26:15 ID: WQyz/6KXbW
メルトリリスはパッションリップを妹扱いしているが他のサクラファイブはどう思っているのか
カズラドロップとキングプロテアはリップと同じ妹枠行きだろうけど
ヴァイオレットを姉とするかどうか
個人的にはリップに向ける身内的な甘さから
『ヴァイオレットを姉とみてはいるがどこか頼りないので自分がしっかりせねばと考えている』がぐらいが好み

415 ななしのよっしん 2019/02/24(日) 00:56:00 ID: 4A3qWFSYcQ
>>412
べつに昔から人気あった
CCCコラボ発表で☆五っていわれた時に、かなりの人が入手何度に絶望してた

416 ななしのよっしん 2019/02/24(日) 20:23:31 ID: aLvHpLVsVA
批判してる人注意書きさえあれば～みたいな事言ってるけど例の絵師さん『シリーズ』として現パロにしてたしそもそも制服姿で描かれてるから一目で分かるはずなのに何でそこは無視すんのかな…
現パロじゃない限り彼女は『普通の女子高生の制服を着るという人間の真似事』なんてしないんじゃないの

417 ななしのよっしん 2019/02/24(日) 23:01:30 ID: HTdgw6ru+a
人間に対しての感情は愛憎一緒くたなとこあるしどうなんだろう、造形とかその辺まで嫌いな子が人形趣味にはならんだろうし

案外
「普段はこのままよ当然でしょ、だって武器が無きゃ戦えないじゃない」
「だからって場に応じてオシャレも出来ないような女だと思われるのは心外よね？」
みたいな感じで、状況が許せばあっさりそういう恰好しそうな気もするけど

418 ななしのよっしん 2019/02/25(月) 02:32:35 ID: WSSLyDnz7r
昔から人気あるのなら無銘との絡みであの異常すぎるヘイトがあるとは思えんがね
まるでHFが受けた瞬間、実は桜が好きだったとかほざくやつを見てる気分だ

419 ななしのよっしん 2019/02/25(月) 03:13:17 ID: nhiiXZSLYo
桜のことが好きだったんだよ（大胆な告白）

420 ななしのよっしん 2019/02/25(月) 15:10:18 ID: 4A3qWFSYcQ
人気とヘイト同時にあっても別に矛盾しないし

421 ななしのよっしん 2019/02/25(月) 22:50:37 ID: WSSLyDnz7r
その人気が当時はステルス状態で、コラボが始まって唐突に表れたからこそこの論争が絶えないわけなんですがね

422 ななしのよっしん 2019/02/26(火) 09:49:34 ID: nhiiXZSLYo
メルトリリスの足警察だ！（インパルス板倉）

423 ななしのよっしん 2019/02/26(火) 17:21:18 ID: XsRQGi/nzH
そもそも桜別に人気無いとネタにされるけど
人気投票じゃ普通に上位維持してたわけで……好き嫌いがはっきりしてたけども

それはおいといても別にメルトリリスが当時嫌われキャラだったっていう印象がないなぁ
人気はそれなりにあったと思うよ
強さ議論的にかなり頭おかしい強さというのは当時話題になった（といってもCCCにはそれより強いBBとキアラがいるから話題は消えていったけど）

真面目に当時アンチがたくさんいたという情報どこ情報なんだろう……

424 ななしのよっしん 2019/02/26(火) 17:24:36 ID: e/JHkiRa8X
平和にいこうな

425 ななしのよっしん 2019/02/26(火) 17:25:58 ID: x+1emJmqRA
人気がステルスとはいうがそりゃあ当時はあくまで1ボスキャラだったから当然っちゃ当然でね
逆にコラボでメイン張ったから人気が増えるのもおかしくないじゃん？

426 ななしのよっしん 2019/02/27(水) 04:51:38 ID: WSSLyDnz7r
その人気が増えた瞬間「事象昔からのファンが唐突に振られてない！！　ザビの女！」って言うからおかしいんだよ
散々無銘関係で殴っておいてな

427 ななしのよっしん 2019/03/01(金) 11:45:17 ID: EH12C+oT1R
CCCコラボで圧倒的に人気が出た、それでいいじゃないの

428 ななしのよっしん 2019/03/02(土) 05:19:45 ID: 09k8xD5okI
CCC本編だとBBに気付かれずにムーンセルのルール変更やったり、エリザと保健室の桜を利用して新しい身体手に入れようとしたり、策略張り巡らせる事ならかなりのものだし、相手を虜にする為にちょちょいと身体を弄るとか心底気に入らない場合もあるだろうけどやりそう。
型月お得意？の平行世界だのなんだので好きなように解釈や新境地の開拓出来そうだし１つの考え方に囚われるのは非情に勿体無いと思う・・・。

429 ななしのよっしん 2019/03/03(日) 09:14:33 ID: oW4VtDcnNl
ふぅ、どうにかメルト二人来たぜ
なんか片方は爆乳で恋愛脳で熊のマスコット連れてるけど、メルトの構成要素だから実質メルトだな

430 ななしのよっしん 2019/03/03(日) 14:47:58 ID: WSSLyDnz7r
>>429
お前は俺か

431 ななしのよっしん 2019/03/04(月) 19:51:00 ID: WSSLyDnz7r
足が外せないことにこだわるバカどもと違って、今のメルトなら正妻面しても他のヒロインとは喧嘩しなさそうなバランスが素晴らしい
エレちゃんやマシュとなごやかな会話してる姿が思い浮かぶし、邪ンヌと険悪になるのも想像つく

432 ななしのよっしん 2019/03/04(月) 19:56:42 ID: jLsU9GkRrZ
足が外せることにこだわるバカ共とは特に相容れないやろなぁ

433 ななしのよっしん 2019/03/04(月) 20:07:21 ID: HTdgw6ru+a
「そもそも二次創作に対して設定警察って所業からして既に型月厨のテンプレそのものであり大変みっともない」
「ましてメルトの脚に関しては『描写上どちらとも取れる』が正解であって、外せないなどという主張は設定警察にすらなれていない」

というのが件の界隈の自称古参（大爆笑）に対する大半の見解だったわけだけど
「足が外せることに拘る」、ようは「間違いなく外せる」「外したい」なんて主張してた人って果たして何人いたんでしょうかねえ
まさか「二次創作＝公式設定に対する描写の押し付け」なんていう前代未聞の被害妄想で噴き上がってたとかじゃないとは思うけど

434 ななしのよっしん 2019/03/04(月) 20:21:29 ID: WSSLyDnz7r
最初に足のこと書いた俺が悪かったから、謝るからせめて後半の文面に反応してくれ……
「いやいや邪ンヌとメルトじゃ性格違うからそもそも険悪にならんよ」とか
「メルトと仲良くなれるヒロインって誰よ？」みたいな会話でいいから

435 ななしのよっしん 2019/03/04(月) 20:33:29 ID: HTdgw6ru+a
それはそれとして、マスターを勝たせたいとは思っても救済しようとは思わない（出来ると思ってない）って意味で一線引いてる邪ンヌと
根底では文字通り『一緒』になりたい欲を抱えてるからこそマスターが救われないことを許容しないし無限に踏み込めるメルトは絶対ウマ合わないし
まして邪ンヌの方が先に召喚されてたりしたら「あの人を救えるのは私よりアンタでしょうが」「お互い虚構存在の影法師ごときが思い上がるな」みたいなえげつないケンカしそう。恋愛云々でなく主を守るサーヴァントとしてのスタンスが決定的に違う

ってのを書いてたとこなのでごめんね

436 ななしのよっしん 2019/03/04(月) 22:47:28 ID: WSSLyDnz7r
>>435
くっそ真面目な掛け合い考えてくれてありがとう、自分のハーレム脳をぶん殴りたくなった

437 ななしのよっしん 2019/03/04(月) 23:48:36 ID: Yh1yhqLSQ8
FGOのメルトはCCC通ってきてるからCCC本編中のメルトとは違うし
プロテアの設定的にキアラからサルベージしたときにキアラみが混入してそう
BB/GOもそうだったけども、本当NTR言いたいだけなんちゃうかと

438 ななしのよっしん 2019/03/05(火) 23:53:02 ID: EH12C+oT1R
俺のカルデアでは友達作って笑顔のリップを眺めてるお姉ちゃんメルトって設定だからよ･･･
各々のカルデアの情景を忘れるんじゃねえぞ･･･

439 ななしのよっしん 2019/03/07(木) 11:24:40 ID: 8cZK1QUQP1
メルトはカルデアだと何してるんだろうなって考えるとまずメディアとフィギュア作ってるんだろうなと
でも性格どうだろう、メディアって無自覚煽りしそうだし
黒髭のことキモがってそうだけど黒髭はオタクの努力を評価するから初フィギュアに「この塗りに慣れていないが的確な表現をするこの将来有望な造型師がよぉ……」って感涙してそう
「貴方に誉められたって別に全然嬉しくもないわ」って言いつつ内心テンション上げてそう

アヴィケブロンとパラケルススは間違いなく畑違い

440 ななしのよっしん 2019/03/12(火) 16:17:30 ID: gv2HKupcRO
足を外した絵について設定であるわけでもないからどっちかなんてないだろうという人だけで足が外せる事にこだわってる人はいないような。
外せない事にこだわってる人はいるけど。

441 ななしのよっしん 2019/03/12(火) 16:33:11 ID: gv2HKupcRO
しかしあれよな。
BBから特定の感情から作り出されてるけどエゴ側に恋愛感情はコピーされてない気がするんだけどな。
本当に保健医桜からバックアップされたBBのザビに対する感情を与えたら無銘に鞍替えなんて発生しないだろうし。
その時点では道を歩いていたイケメンを見たとかその程度の感情だったわけだ。
恋をしたいだけで恋をしていたわけではなく、まさに恋に恋した状態だったのがメルト感。
ザビも無銘も自分が恋を得るための材料でしかなかったんだろう…。
最後の最後で敗北後に得た可能性があるかも程度であまりしっかりした感情ではなかった。
それがfgoでBBから与えられたものが全部リセットされてただの自分になり、自分の感情と自分の経験で初めて恋を得たんやないかなぁ。

リップは最初は依存から始まったけど敗北後の選択肢で恋に変わった感じはするよな。
リップは記憶リセット期間無いけど。

442 ななしのよっしん 2019/03/13(水) 01:02:50 ID: 4a1TcYiXu5
さすがにホワイトアウトイベントではいったん出番は無しで休憩か
メルトおつかれ

443 ななしのよっしん 2019/03/13(水) 02:28:04 ID: WSSLyDnz7r
頼む、贅沢は言わないから四周年記念か年末特番でCCCコラボのアニメ化、もしくは映画化を発表してくれ
女相棒の武蔵ちゃんに迫るこのプッシュぷりは公式だって承知してるはずだろ、ここまで第二ヒロインとして扱ってくれるなら本家に倣って彼女にも銀幕デビューを・・・

444 ななしのよっしん 2019/03/14(木) 16:07:31 ID: gv2HKupcRO
あとBBは自分に感情を移した保険桜を恨んでる描写あるから、尚更恋愛感情だけはコピーしなかったのかもしれない。
BBはこの感情が自分の経験ではない事を理解してはいるんだけど全てまんま移された以上わかっててもそうなってしまう状態。
それが拗らせて、この感情を持つ自分こそが本来の桜であるって気持ちになったのかな。
双子の姉妹がいて、姉の記憶(感情も感触も全て)を自分の記憶にプラスアルファで移された妹みたいな。
せめて前が残らない上書きなら良かったけど。

と個人的な感想。

445 ななしのよっしん 2019/03/17(日) 06:56:41 ID: WSSLyDnz7r
EXTRAシリーズを異常すぎるレベルで美化するやつにありがちだが、メカエリちゃんをアルターエゴの設定をギャグに貶めて汚したと批判するやつの臭さは異常
元からアルターエゴなんぞ下半身痴女と上半身痴女によってギャグまみれにしたクラスだろうが、メルトを批判の道具にするんじゃねえクソが

446 ななしのよっしん 2019/03/18(月) 10:10:31 ID: bTknv0JOkA
まあこっちからしたら当初SN好きの人に色々言われてた歴史があるから
それを覚えてる人からは白い目で見られてるかも分からんね

447 ななしのよっしん 2019/03/26(火) 23:42:52 ID: dszCC9AloV
メルトリリスは可愛い
それでいいじゃないか

448 ななしのよっしん 2019/03/27(水) 06:34:40 ID: WSSLyDnz7r
>>447
それは普遍の真実
でもな、CCCコラボで注目されたからってそれまで叩かれてた事実を無視して「この子は昔から好かれてたからザビのもの！」ってほざく連中が我慢ならん

449 ななしのよっしん 2019/03/28(木) 17:11:06 ID: HGQ7FHRUUF
>>448
「あの頃は見向きもしなかったくせに」と憤る気持ちはわからないでもないけど余計な争い生むだけだって。人が集まれば変なのが出てくる確率も増えると諦めるしかない

450 ななしのよっしん 2019/03/28(木) 21:56:31 ID: WSSLyDnz7r
>>449
もちろんそこは割り切る。そのうえで現在進行系で自称昔からのメルト好きが原因で絵師も声優も中傷を受けて、そのせいでみんな怖がって薄い本もまったく増えてくれない現状が死ぬほどムカつくんだよ
あんな神シナリオ書かれて同人の少なさ半端ないのが悲しい。絶対邪ンヌレベルで書かれると思ったのに

451 ななしのよっしん 2019/05/02(木) 17:48:08 ID: 48eNx+9Myx
邪ンヌはある意味FGOの顔だからアレレベルはなぁ…。

メルトも一般向け同人では結構出番多いと思うよ。
エロいのは…描くのいろんな意味で難しすぎて増えないだろうね

452 ななしのよっしん 2019/05/19(日) 15:11:27 ID: WSSLyDnz7r
これは中傷とか批判ではないと前置きするけどさ
サブヒロインにすらなれず、紅茶の件で叩かれて一般人気から遠ざかり、性欲だけは一人前な二次創作のオリ主様の肉便器になる以外まったく道がなかった負け犬女が
たかが一イベントで目立っただけでFGOを代表するヒロイン格にまで上り詰めるって尋常じゃないぞ。普通は無理だぞこんな成り上がり

453 ななしのよっしん 2019/05/29(水) 06:45:04 ID: 4AmgrQ8R/F
どうして､メルトリリスがBランクの騎乗スキルを持っているのか､18禁的な想像をしてしまった自分を殴りたい･･･｡

454 ななしのよっしん 2019/05/30(木) 01:28:59 ID: 0RdYkjuh7J
メルトの騎乗スキルは「そういうこと」だぞ

455 ななしのよっしん 2019/06/17(月) 10:14:05 ID: stLnIfNDyb
あんな下半身丸出しなんだから「そういうこと」に決まってるでしょう

456 ななしのよっしん 2019/06/17(月) 13:49:13 ID: +Cd0tulml1
>>446
桜の在り方がSNと全く異なるのと「桜」というキャラがバーゲンセールのごとく量産されてるとかだっけ？

457 ななしのよっしん 2019/06/19(水) 11:51:31 ID: WSSLyDnz7r
>>456
残念だがCCC当時は桜が嫌われてた背景があるから「本家なんかと違ってまとも」とか「本家桜も見習え」なんてくそみたいなこと言われてた
その上でメルトは紅茶の件でカプ厨があるからリップと違ってオタクには嫌われてたがな
そんなメルトがイベントでメインはった瞬間嫌われてた過去をなかったことにしてザビメル尊いとかザビのものとかいい出したのは何の冗談かと思ったわ

458 ななしのよっしん 2019/06/19(水) 13:43:14 ID: +Cd0tulml1
なるほど
ただ見習えっていうのはズレてるな

SNの「桜」は間桐桜本人、EXTRAのほうは桜を模しただけのAIに過ぎない存在で両者の関係はほぼないに等しい
例えるならジークフリードとシグルド、リキッド・スネークとリキッド・オセロットぐらいに違うんだしね

459 ななしのよっしん 2019/06/19(水) 14:45:09 ID: WSSLyDnz7r
>>458
まあそれなら同じ顔にするんじゃねえって批判も確かにあるんだがな
ガワだけ借りる商法とかFGOに文句言ってる連中が一番嫌ってたことじゃねえか、メルトとBBなんかそのガワ商法の最たる例なのに特別扱いするのはいつでもむかつく

460 ななしのよっしん 2019/06/25(火) 14:21:20 ID: +Cd0tulml1
そもそもCCCでは黒幕がキアラだったとはいえBBもリップもこいつも同じくらいの悪だと思ったし、周回プレイにおいて殆どはリップとこいつに止めを刺すほうの選択肢選んだな
ありすとガトーを死なせた罪は今でも許されない
CCCルートより鯖ルートのほうが好きっていうのもあるんだけどさ

461 ななしのよっしん 2019/06/26(水) 14:34:26 ID: WSSLyDnz7r
ついにはメルトガチ勢の同人作家にすら噛み付くか
テメエらなんぞよりもその人のほうがよっぽどCCCとメルトについて理解があるわ

462 ななしのよっしん 2019/07/01(月) 01:50:44 ID: EH12C+oT1R
同人作家の話とかいる？
他のキャラ掲示板で「こいつらがこの人を貶した！許せねえ！」とか言いますか？言いませんよね？
ここはあなたの自由帳ではない。もっとふさわしい場所に書き込んでください

463 ななしのよっしん 2019/07/02(火) 10:51:15 ID: HTdgw6ru+a
>>458
AI間桐桜は「間桐桜のパーソナリティを忠実に再現したデータ構造体」なので
「英霊のパーソナリティを忠実に再現したエーテル体」であるサーヴァントとやってることは同じなんだけどね
前者を別物呼ばわりする理屈だと後者も生前と英霊とサーヴァントで、また召喚ごとに別物ってことになる

464 ななしのよっしん 2019/07/02(火) 15:26:26 ID: +Cd0tulml1
>>463
でも別物じゃん？
ジークフリートとシグルドを同一人物として見ろっていうくらいに難しい案件
あくまで「同位体」って程度で同一人物ではないだろ

465 ななしのよっしん 2019/07/03(水) 04:41:11 ID: WSSLyDnz7r
別物ならガワだけ借りてもOK理論、EXTRA厨あるあるだね

466 ななしのよっしん 2019/07/03(水) 20:47:48 ID: 2QMqDfe+nU
厨だのそういうのウンザリなんだけど
そういうのをひっかけなきゃ話ができないのって最低だよ

467 ななしのよっしん 2019/07/04(木) 02:35:04 ID: +Cd0tulml1
WSSLyDnz7rはCCCスレでも暴れてる奴だからスルーで

468 ななしのよっしん 2019/07/04(木) 02:59:11 ID: EH12C+oT1R
>>465
ガワだけ持ってきて別キャラOKなんてそれこそメルトリリスそのものじゃないの
でも実際桜とは別人でしょ？メルトにはメルトの個性があって彼女だけの物語を経たからこれだけ支持と人気を獲得した。貴方だって好きな一人ではなかったの？
そういうのを全部無視してメルトリリスを単なる煽り道具にだけ利用してる貴方にははっきり言って反吐が出る

469 ななしのよっしん 2019/07/04(木) 06:51:07 ID: WSSLyDnz7r
でたよ決めつける厨が

470 ななしのよっしん 2019/07/04(木) 10:26:12 ID: EH12C+oT1R
出たよじゃなくて
メルトリリスの話をする気がないなら書き込まないで

471 ななしのよっしん 2019/07/04(木) 10:29:17 ID: jLsU9GkRrZ
cccの記事で完膚なきまでに叩きのめされたからって慌てて移動して同じことやらなくていいから（良心）

472 ななしのよっしん 2019/07/04(木) 10:51:04 ID: HTdgw6ru+a
WS～君はやってることが自分で言ってるEXTRA厨と変わんなくなってるから頭冷やしてね

>>464
シグルドとジークフリートは型月だと完全に別の生まれで別の人生と別の関係性を紡いだ別の人だからその例えは合ってないというか。サクラはあくまで桜の再現であって、上でも例えたけど生前の偉人とサーヴァントみたいな図式だからね。例えばセイバーリリィは史実のアルトリアと別の道を歩んでるけど基本的にはあくまで同じ人でしょ

これを完全な別物と断じてしまうと、例えばサーヴァントが生前の因縁に決着を付けたり生前からの無念を晴らす話に対して
「解決した風のテンションになってるけどその悩みは"あなた"のものじゃないでしょ」「本当にその無念を抱いた本人は解決出来ないままくたばってるわけで、所詮作り物の記憶に踊らされてるだけの自己満ですよね」
みたいなことを言うのと同じ理屈になる。それも確かに事実ではあるし、そもそもの>>457で挙がってる言説も的を外してるけど、だからって無関係とまで言っちゃうのはちょっとな

473 ななしのよっしん 2019/07/04(木) 15:20:14 ID: WSSLyDnz7r
>>471
自分の気に入らない書き込みをした人間はすべて同一人物にするの楽しいですか？
それともTwitterで行った自分たちの数々の悪行は焚書したんですか？

474 ななしのよっしん 2019/07/04(木) 15:39:56 ID: +Cd0tulml1
>>472
再現ではあるけど直接的なつながりは特にないからほぼ別物と言っても過言ではないのでは？
メタルギアで言うリキッド・スネークとリキッド・オセロットみたいな関係でしょう

475 ななしのよっしん 2019/07/04(木) 17:22:07 ID: WSSLyDnz7r
じゃあイシュタルやパールヴァティーも別物だな

476 ななしのよっしん 2019/07/04(木) 19:27:08 ID: 2QMqDfe+nU
自分は同一視するの嫌がって目障りな他人は一緒くた扱いマジウケル

477 ななしのよっしん 2019/07/05(金) 01:09:16 ID: +Cd0tulml1
WSSLyDnz7r君どんどん墓穴を掘っていく

478 ななしのよっしん 2019/07/05(金) 01:22:33 ID: EH12C+oT1R
相手を統合思念体かなんかだと勘違いしてるんかね
自分の気に入らない書き込みをした人間はすべて同一人物にするの楽しいですか？

479 ななしのよっしん 2019/07/05(金) 07:04:25 ID: WSSLyDnz7r
そっくりそのままお返しするわ
最初に同一人物認定してきた人間が

480 ななしのよっしん 2019/07/05(金) 11:27:18 ID: EH12C+oT1R
？ 誰に話しかけてるんだろうこの人

481 ななしのよっしん 2019/07/05(金) 14:49:00 ID: WSSLyDnz7r
自分のこともわからない外圧だから相手を煽れるんだな

482 ななしのよっしん 2019/07/05(金) 23:06:42 ID: jLsU9GkRrZ
ほら
今また意味不明な同一人物認定とレッテル貼りしましたよ

483 ななしのよっしん 2019/07/05(金) 23:16:27 ID: HTdgw6ru+a
>>474
完全な別物っていう解釈にあくまで固執するなら下段の例えに答えて欲しいなって。
先輩への恋みたいなエピソードが残ってないだけで、その結果生まれた人格、こういう状況ではこう考えるみたいな思想や精神性はそっくりそのままなんだよね。クローンとは全く違う

484 ななしのよっしん 2019/07/05(金) 23:18:32 ID: HTdgw6ru+a
あ、一応言うと自分は「サクラはあくまで桜である」も「サクラは桜ではなくサクラである」もニュアンスが違うだけで両方成り立つと思ってるよ
少なくとも「関係が無い」は極端すぎるというか明確に間違いだと思うけど

485 ななしのよっしん 2019/07/06(土) 00:11:03 ID: +Cd0tulml1
>>483-484
俺が言ってるのは「本物の桜本人とは直接的な繋がりはない」って意味ね
EX桜はあくまで架空世界の住民であって桜本人が蘇ってるわけじゃないし士郎や黒髪凛との繋がりもないから桜本人とは別物と言いたかっただけ

486 ななしのよっしん 2019/07/06(土) 00:23:59 ID: 2QMqDfe+nU
考えるとコピーは不幸というべきか
けど桜を模したものだからどうしても桜として扱ってしまう
それが顕著なのがメルトリリス
ＢＢ関係なく自分の意志で恋をしたって所にすごく拘りを持ってる
金髪凛と違って別世界のオリジナルじゃないしね

487 ななしのよっしん 2019/07/06(土) 02:07:39 ID: WSSLyDnz7r
>>482
ね？　自分が最初に別人を同一人物扱いしてこれですよ
これだからTwitterで暴れてる連中は嫌いなんだよ、また原作者焚書焚書うるさいんだろ？

488 ななしのよっしん 2019/08/05(月) 15:46:37 ID: TI7wdtx1Z7
meruto kawaii umaretekitekurete arigato

489 ななしのよっしん 2019/08/12(月) 14:06:18 ID: gv2HKupcRO
うわぁ(ドン引き)

490 ななしのよっしん 2019/08/14(水) 20:07:17 ID: HTdgw6ru+a
うわぁぁぁぁぁ！？（水着実装）

でもって少なくとも脚の換装？？らしきことは出来た模様

491 ななしのよっしん 2019/08/14(水) 20:17:17 ID: owwOM5SNi8
これでメルトリリスの脚問題がようやく解決するな

492 ななしのよっしん 2019/08/14(水) 20:27:42 ID: 2QMqDfe+nU
こっから絵師を潰されたとかいうツィートがなければなあ

493 ななしのよっしん 2019/08/14(水) 21:23:06 ID: HTdgw6ru+a
凸だの晒して中傷だのは設定の正誤以前に論外な部分だし、ほとぼりが冷めるとかそういう片付け方もしちゃいけない汚点でしょ

今回のは単に彼らが拠り所だと思ってた彼らの脳内設定解釈すら設定として正しくはなくて
最早彼らの主張の１から１０までが嘘と思い込みと、引っ込みがつかないばかりの虚勢の産物だとハッキリしたっていう話ではあるけど
カルトの聖典に嘘が見つかろうが見つかるまいがカルトはカルトだよ

494 ななしのよっしん 2019/08/14(水) 23:46:02 ID: EH12C+oT1R
ID: WSSLyDnz7rが書き込みに来なきゃなんでもいいっす
水着おめ

495 ななしのよっしん 2019/08/15(木) 00:01:56 ID: yIztS5WixO
とうとう脚を挿げ替える暴挙に出たのか
これでまたコラボのヒロインムーヴで堕ちた子達が騒ぎ出すのね

496 ななしのよっしん 2019/08/15(木) 03:00:30 ID: EH12C+oT1R
むしろペンギン足になってるのでは？
脚部換装できるタイプなのでは？
稼働フィギュアｽｷｰとしてはすげ替え可能とか最高なのだが？

497 ななしのよっしん 2019/08/15(木) 03:15:25 ID: EH12C+oT1R
てかCMだけだとヒトの足っぽく見えなくね？戦艦レ級みたいに接地面が平たいだけというか
トゥシューズとスケート靴が足の形そのままになってるような……

498 ななしのよっしん 2019/08/15(木) 03:21:50 ID: TrLePBHH7E
叩きたくてしょうがないんやろこのストレス社会(ハナホジ

499 ななしのよっしん 2019/08/15(木) 04:49:59 ID: WSSLyDnz7r
コラボが始まるまでメルトのことなんか眼中になかった人間ほどメルトを所有物にしたがる
逆にCCCのころから本気で好きだった人ほどコラボに入れ込む

500 ななしのよっしん 2019/08/15(木) 09:48:57 ID: EH12C+oT1R
うわでた

501 ななしのよっしん 2019/08/15(木) 11:24:23 ID: WSSLyDnz7r
本当のことを書いただけでこれだよ

502 ななしのよっしん 2019/08/16(金) 09:09:21 ID: X+obIXxMJ2
別にメルト関係で騒いでる奴とかを諫めたりするのはいいんだけど
extra厨とかデカい言葉使って全体の話にするのは心底やめて欲しいわ

503 ななしのよっしん 2019/08/16(金) 09:24:22 ID: XU/0PaS68W
自分の妄想が本当の事と信じてやまない人たまにいるよね

504 ななしのよっしん 2019/08/16(金) 11:28:42 ID: EH12C+oT1R
というか過去レスとか見るにID: WSSLyDnz7rはEXTRAもCCCも好きそうに見えないんだけど。CCCイベントが好きそうなのは伝わった

505 ななしのよっしん 2019/08/16(金) 11:42:24 ID: WSSLyDnz7r
また決めつけですか。そんなにエクストラとCCCをべた褒めしないといけないのかね？　コラボをちょっとでも褒めたらTwitterで晒して攻撃するのは正義なのに「うわでた」なんてくそみたいな書き込みしておいて

506 ななしのよっしん 2019/08/16(金) 11:50:53 ID: sfJ+O/cnuG
気づいてないかもしれないけど今嫌われてるのはWSSLyDnz7r個人なんやで
CCCコラボとかEXTRA厨なんて話の段階ではない

507 ななしのよっしん 2019/08/16(金) 14:06:43 ID: EH12C+oT1R
>>505
だいたい>>506の言ってる通りだけど重ねて言うと、もうどの作品厨だから～作品アンチだから～とかそういうのは通り過ぎてるんだよね。みんなメルトを利用して周囲にマウント取りまくってるあなたが気に入らないだけだよ
なんなら自分はCCCコラボ気に入ってるしメルトリリス好きだし水着も引きたいし、Twitterで絵師を叩いたり声優を叩いたりする奴は嫌いだからID: WSSLyDnz7rと感性が似通ってる部分もあるんだろうけど、>>499みたいに誰も聞いてないのに一人語りで誰かを責め始めるのが凄く気持ち悪いからやめて欲しいって何度も言ってる
なのにそっちはずっと「Twitterだと◯◯してるくせに～」「出た。正義面して～」とか言って取り合おうともしない。Twitterでのレスバとか知る由もないのにいきなり持ち出すからもうあなた自身にみんなうんざりさせられてる
今、この掲示板にいる相手を見て話をしてください

508 ななしのよっしん 2019/08/16(金) 14:25:58 ID: WSSLyDnz7r
すまん。気をつける

509 ななしのよっしん 2019/08/16(金) 16:00:05 ID: +Cd0tulml1
WSSLyDnz7rさんは生贄されたありすの事も「生贄にされるしか価値のないゴミｗ」って中傷浴びせるくらいだしただのメルト信者なんだよな
大本のBBや桜すら貶すし

510 ななしのよっしん 2019/08/16(金) 19:06:28 ID: XU/0PaS68W
多分この人はメルトの事もそんなに好きじゃないと思うよ
キャラ愛ある人は自分の振る舞いにも気を付けるし
他人の好きなものを貶してまで反応を欲しがる、典型的な構ってちゃんかと

511 ななしのよっしん 2019/08/16(金) 20:28:36 ID: +Cd0tulml1
メルトを見てる自分が好きっていう自己愛性パーソナリティ障害なんだろうな

512 ななしのよっしん 2019/08/16(金) 20:38:01 ID: rzffN0+ZO/
水着はランサーかな？

513 ななしのよっしん 2019/08/17(土) 00:30:34 ID: WSSLyDnz7r
人の決めつけを批判しておいて自分たちはするんだな
BBも桜もまったく批判してないのに、こういうことするから喧嘩になるんじゃないのか？

514 ななしのよっしん 2019/08/17(土) 01:25:47 ID: WSSLyDnz7r
>>511
お前が他人を決めつけてる自分が好きっていう自分大好き人間ってのはわかった
人の話聞かないのはどっちだよ

515 ななしのよっしん 2019/08/17(土) 01:30:36 ID: WSSLyDnz7r
普通にCCCのころからメルトのこと好きだから、コラボのときのエアプとしか思えない連中の知ったか批判が嫌いなだけなんですけど？　それにたついて苦言を呈するだけで「ほんとはメルトなんか好きじゃない」って扱いなの？　コラボを褒めただけでエアプ認定する外圧と+Cd0tulml1は何が違うの？

516 ななしのよっしん 2019/08/17(土) 16:39:22 ID: stLnIfNDyb
メルトリリス古参（笑）が今回の足換装に顔真っ赤で草
所有物にするな云々言ってるけどテメエの方が所有者面で更に草

517 ななしのよっしん 2019/08/17(土) 16:43:47 ID: OOq8qHi4oM
古参()｢所有物にするな！｣
キャラクターは型月の所有物でしょ

518 ななしのよっしん 2019/08/17(土) 16:50:40 ID: sfJ+O/cnuG
公式から梯子を外されたんだからそのまま型月から離れてくれればいいんだけど、まぁいつも通りしたらばやでもにやツイッターで愚痴愚痴してるんだろうなぁ……

519 ななしのよっしん 2019/08/17(土) 16:53:17 ID: aLmMl+QMy+
これで落ち着けばいいんだけどなー。せっかくメルトがfgoに来て嬉しかったのにワケのわからん連中がワケのわからんことで騒ぎまくってしんどかった。

520 ななしのよっしん 2019/08/17(土) 16:57:51 ID: HTdgw6ru+a
どうも「メルトリリスは誇り高いプリマで全身ひっくるめて完璧だと思ってるんだから形を変えるなんて絶対しないの！！」みたいな解釈が某界隈で未だに出回ってるのね
「Foxtailで思いっきり変形合体してるがな」って誰一人ツッコめないorそもそも知らないと…

521 ななしのよっしん 2019/08/17(土) 17:08:21 ID: HTdgw6ru+a
「身長を測る？当然武装込みで測りなさい、これも含めてこそ私の身体なのだから」
「体重？武装抜きで測るに決まってるでしょ、アナタこれが身体の一部にでも見えるの」

マテリアルの身長体重データ、要するに脚部はアイデンティティどころかこういう扱いだってことだからな

522 ななしのよっしん 2019/08/17(土) 18:27:35 ID: d9l5ZuIWYN
まぁバサランテにせよＢＢにせよ面倒なのがほんと多いよなぁ
メルトにさえこういうタイプのがいるとは思わなかったわ

523 ななしのよっしん 2019/08/17(土) 21:41:32 ID: XU/0PaS68W
せめて自分が過激なタイプであると自覚して黙ってて欲しいもんだ

524 ななしのよっしん 2019/08/18(日) 00:48:55 ID: WSSLyDnz7r
>>521
「体重なんて軽く見られたいっていう乙女心も分からんのか」
連中はこういう解釈だぞ

525 ななしのよっしん 2019/08/18(日) 18:10:46 ID: owwOM5SNi8
メルトリリスのシナリオ担当はきのこ担当
楽しみやな

526 ななしのよっしん 2019/08/18(日) 20:19:21 ID: d9l5ZuIWYN
水着メルト良かったわ、宝具でペンギンに声かけてるの好き
まぁ本人からしたらリヴァイアサンのつもりなんだろうけど

527 ななしのよっしん 2019/08/18(日) 21:19:17 ID: lGs44Vpmj0
水着イベのメルト、実にイイ性格で読んでて楽しかった
水着姿の方も綺麗なんだけどあのペンギ……リヴァイアサンパーカー可愛くて好きだわ

528 ななしのよっしん 2019/08/18(日) 21:27:36 ID: HTdgw6ru+a
基本的にはCCCを彷彿させる苛烈さと自意識の強さを披露しつつ
失敗した時のリアクションとか他者への反応とか、ちゃんと「CCCを経た後のメルト」でもあったのが流石に生みの親直筆のシナリオだけあったし
舌チロ差分のバリエーションが豊富とかスターのお忍びパーカーの下がクッソ美麗とか色々ヤバかった

というか今回のリップとメルトがCCCイベで見せる機会の少なかったクソ厄介モンスターの一面を前面に出してるのアレだな
おもむろに船員を撃ち殺して「時々こうしないとチミら拙者が誰か忘れるでしょデュフフ」と言い放ったくろひーと同じやつだな多分これ

529 ななしのよっしん 2019/08/18(日) 23:21:03 ID: EH12C+oT1R
今回のメルトの脚キングスマンのガゼルちゃんの義足っぽくてかっこいい
てかやっぱ換装(完全流体だから変形？)可能なんじゃないですかやったー！

530 ななしのよっしん 2019/08/19(月) 09:38:39 ID: jMHht2ESnZ
脚ばっか言われてるけど本来メルトのアイデンティティっていうか本質の現れって手の方が先に来るんだけどな
神経が死んでるからぎこちないし触れた感触もない、だからこそ苛烈な攻撃性でしか外界との繋がりを得られない、って

531 ななしのよっしん 2019/08/19(月) 11:35:17 ID: 4RYNQ3ihuW
手はもうCCCのSGの時点で普通に出してるし難癖付けられないからでしょ

532 ななしのよっしん 2019/08/19(月) 15:37:47 ID: HHKhyVxC5L
タラスク「ママー」

533 ななしのよっしん 2019/08/19(月) 15:47:16 ID: sfJ+O/cnuG
ペンギンの息子は今水着マルタさんがNP溜まったからそっち行ってどうぞ

534 ななしのよっしん 2019/08/19(月) 16:26:16 ID: WSSLyDnz7r
どうやら金属の脚のままだからまだ許容範囲と手のひら返しする模様
あの形が完璧だと思ってるのだから変えるわけがないって論調すら守れないのか連中は

535 ななしのよっしん 2019/08/19(月) 16:55:26 ID: bojNeCxDzI
>>534　結局連中は叩きたいだけなんやなって

536 ななしのよっしん 2019/08/19(月) 19:24:17 ID: lGs44Vpmj0
そんなことよりメルトリリスの話しようぜ
「楽屋に花束を贈っても？」からのあの返し、しっとりした洋画の一幕を見てるようなセンスで良かったよね
つーかイチャつき方が完全に熟年のそれになってきてて恐ろしいわこの女

537 ななしのよっしん 2019/08/19(月) 20:40:36 ID: EH12C+oT1R
敗けたメルトに話し掛けると「声かけるのは向こうでしょ」って良いながら嬉しそうなのもえがった

538 ななしのよっしん 2019/08/19(月) 21:54:52 ID: d9l5ZuIWYN
>>532
メルトのスキルで水辺にして
筋力がさらに強化された聖女に力強く殴られる息子

539 ななしのよっしん 2019/08/20(火) 17:25:56 ID: DsMUMymCH6
リヴァイアサンの側面が強く出てるんだろうか

540 ななしのよっしん 2019/08/20(火) 19:34:16 ID: +Cd0tulml1
相変わらず見た目だけ桜似ってだけのオリキャラやな

541 ななしのよっしん 2019/08/20(火) 23:55:19 ID: d9l5ZuIWYN
オリキャラもなにも元からオリキャラですし

542 ななしのよっしん 2019/08/21(水) 03:06:06 ID: +Cd0tulml1
いやな、個人的に改めて桜とメルトは全くの別物だなと再認識したかっただけで他意はない

543 ななしのよっしん 2019/08/21(水) 10:28:15 ID: q/OXmMQdpB
ぐだの突然の彼氏面に驚き、言葉選びがほぼ完璧にメルト好みだったのに吹いた
シナリオ担当のきのこの気合の入れようよ

544 ななしのよっしん 2019/08/21(水) 12:31:21 ID: oW4VtDcnNl
メルト……陳宮実装後にペンギン姿で来たばっかりに、魔界戦記のペンギン扱いされちゃってまあ

545 ななしのよっしん 2019/08/21(水) 22:59:51 ID: EH12C+oT1R
(金曜日に)切り替えていく

546 ななしのよっしん 2019/08/22(木) 14:51:56 ID: EeB8uKh+T6
また貯めた経験値をハサンさせられてらっしゃるぞ

547 ななしのよっしん 2019/08/25(日) 18:26:36 ID: QhZ+ggZwmU
あーあー謎のアルターエゴの二次創作を描く者に継ぐ！二次創作を描く者に継ぐ！
まな板の胸を意味も無く盛るな！まな板の胸を意味も無く盛るな！
まな板胸に対する冒涜である！今すぐ中止しなさい！

548 ななしのよっしん 2019/08/26(月) 00:46:37 ID: owwOM5SNi8
メルトリリスの脚問題が何とかなったと思いきや
今度はメルトリリスの胸問題が話題になってて大草原
ＦＧＯ屈指の解釈違い製造機やな

549 ななしのよっしん 2019/08/26(月) 01:44:13 ID: 4a1TcYiXu5
究極的には液体なんだし、そこはメルトの気分で上下するってことでいいんじゃないか。
（ある意味では自爆を経る必要があるパイセンより自由自在）

550 ななしのよっしん 2019/08/26(月) 17:45:31 ID: WSSLyDnz7r
cccコラボが始まるまでは話題にすらならなかったのに
いざ始まるとそれまで聞いたこともなかった昔からのメルト好き都やらが大暴れしている現状が不愉快
お前ら冬木ちゃんねるでのこの子の嫌われようも知らんとファンやってたのかと言いたい

551 ななしのよっしん 2019/08/27(火) 00:00:01 ID: EH12C+oT1R
で？メルト引けたの？

552 ななしのよっしん 2019/08/27(火) 00:55:29 ID: WSSLyDnz7r
で？　何で引く引かないの話になるの？
当時メルトにファンなんか存在しなかったって事実はそんなに都合が悪い？　桜ファンは当時桜が嫌われてた事実をしっかり受け入れてるのに、唐突に表れたメルト好きはメルトが嫌われてた事実を否定するの？

553 ななしのよっしん 2019/08/27(火) 00:57:37 ID: WSSLyDnz7r
で？　何で引く引かないの話になるの？
コラボが始まるまでメルトのファンなんかほとんどいなかったって事実はそんなに都合が悪いの？
桜ファンは当時が嫌われてた事実をしっかり受け入れてるのに。唐突に表れた謎のメルとファンはそれを否定するんだ

554 ななしのよっしん 2019/08/27(火) 00:58:45 ID: WSSLyDnz7r
二回書き込んですまん

555 ななしのよっしん 2019/08/27(火) 02:43:18 ID: 4a1TcYiXu5
一枚は引けたが、宝具２にするか迷う…
フィンはいるからな…

556 ななしのよっしん 2019/08/27(火) 09:33:48 ID: 48eNx+9Myx
メルトかわいかったね
ラストまで大活躍したね

って書き込みに来たのになんで荒れてんのこれ

557 ななしのよっしん 2019/08/27(火) 12:05:50 ID: EH12C+oT1R
>>508で「すまん、気を付ける」って言ってこれだから、根っからのレスバトラーなんだなぁ
相手するんじゃなかった

シナリオのメルト良かったねぇ。ラストを決めるための舞台作りにも協力してくれて
やはりカイオーガでは？

558 ななしのよっしん 2019/08/27(火) 13:49:04 ID: WSSLyDnz7r
>>557
最初に自分から煽っておいてなに被害者面してんだ？
答えろよ？　ファンなんかそれまで影も形もなかったはずなのにコラボから唐突に昔からのファンが増えた理由を？

559 ななしのよっしん 2019/08/27(火) 13:53:55 ID: EH12C+oT1R
そんなものは知ったことではありません
現実として自分はfgoでメルトを好きになった人間であり、水着も宝具2まで引きました
聖杯あげればシステムも安定するかな？

560 ななしのよっしん 2019/08/27(火) 14:13:16 ID: HHKhyVxC5L
なんで5まで上げないの？

561 ななしのよっしん 2019/08/27(火) 14:14:45 ID: EH12C+oT1R
なんでだろう……(財布を覗きながら)

562 ななしのよっしん 2019/08/27(火) 14:15:09 ID: WSSLyDnz7r
思い込みで人をCCCが好きな人間じゃないと決めつけるようなアンチ思考だからだろ？　ファンならそれまでメルトが不人気だった事実も、コラボからいきなり古参が名乗りだしたことも受け入れるはずだが？
知ったことじゃないっていってそういう外圧の存在を許容してそれに怒る人間を排斥するなよ

563 ななしのよっしん 2019/08/27(火) 14:17:57 ID: x+1emJmqRA
シカトして通報しとけ

564 ななしのよっしん 2019/08/27(火) 14:52:53 ID: +Cd0tulml1
WSSLyDnz7rは通報規制案件

565 ななしのよっしん 2019/08/27(火) 15:42:55 ID: WSSLyDnz7r
単純にメルトが昔からファンが多かったっていう謎の歴史修正主義者が多いから疑問を口にしているだけでなんでここまで言われるんだよ

566 ななしのよっしん 2019/08/27(火) 15:46:36 ID: WSSLyDnz7r
なぜか548は批判されないのも違和感あるしな
解釈違い云々がスレチじゃないなら存在しないファンが昔からいたたお主張する疑問も口にして良いはずだろ

567 ななしのよっしん 2019/08/27(火) 20:31:19 ID: 48eNx+9Myx
一旦冷静になって、落ち着いて自分の書き込みを見直してみるといいよ。

正しい事言ってるか言ってないかは横において、はたからみると、なんかめんどくさいのが発狂しているようにしか見えない

メルトリリスについて、新規のファンが困ってることがこれなんだよ。
メルトについて検索するたび、こんなのがたびたび目に入って嫌になってしまうんだ

fgoアンチの旧メルト至上主義者も、それに発狂レベルで反発する奴らも、どっちもメルト好みのスマートさとはとても言えない

568 ななしのよっしん 2019/08/27(火) 20:44:14 ID: HTdgw6ru+a
相対的に小さいファンコミュニティだったっていうのを「ファンなんて存在しなかった」と直結させちゃう理屈からして賛同は出来ないなあ
引き合いに出してる桜だって、人気投票でライダーに負けたっていうのを公式非公式とも散々ネタにされてたにせよ
それでも士郎より上の六位には入ってるわけで、嫌う声込みで見ても人気自体は普通にあったよ？

CCCコラボ以降に起こってる自称CCCファンの問題を詰るために
CCCコラボ以前のファンコミュニティを極端に誇張して貶めたらやってることが同類だよ

569 ななしのよっしん 2019/08/27(火) 21:03:27 ID: HTdgw6ru+a
http://www.typemoon.com/rank/fate_1st/06.htm
ちなみにStaynight第一回人気投票での桜がこれな

相手し続けるのもなんだから話をスパっと変えるけど
「サラスヴァティ・メルトアウト（弁財天五弦琵琶）」「リヴァイアサン・メルトパージ（大海嘯七罪悲歌）」があるってことは
そのうち何かの機会に「アルテミス・メルト〇〇〇」も出て来たりするのかね。広範囲残虐殺法なのが共通点としたら、アルテミスの属性（狩猟、純潔、月、狂気、疫病）からして病毒系だろうか。多分メルトウイルスがウイルスなのアルテミス由来だし

570 ななしのよっしん 2019/08/27(火) 22:53:49 ID: 48eNx+9Myx
某攻略Wikiのコイン板(ラムダ板)では、アウト・パージの次はきっとリリースでメルトリリースだな！

陳宮系宝具になるんじゃね？みたいな議論がされてたね

571 ななしのよっしん 2019/08/28(水) 02:53:27 ID: WSSLyDnz7r
>>567
>>568
煽りにむかついてかなり感情的になってた。落ち着く
別にシナリオが気に食わないなら勝手に言ってろって思ってはいるんだ。問題は外圧連中が「CCCをやればメルトが振られてないなんて分かる」なんて、よりにもよってあのゴリラちきちきの戯言を真に受けてそれを新規に風評してるのが何よりも許せないんだ。あれをみて振られてないってどんな神経してるんだよと

あと連中にありがちなことだが、やたら昔の攻撃的なメルトを神聖視して今の他者と歩み寄ってるメルトを魅力がなくなったとか、良いところを全部なくしてチョロイン化させたって意見もあれすぎる。あいつら悪い意味で中二病というか、グリム&グリッティ患いすぎだろ

572 ななしのよっしん 2019/08/28(水) 16:17:21 ID: 0EijgiUucY
今更だけど水着メルト、設定だけじゃなくてゲーム性能でもトリスタンに非常に相性良くなってるのね……。
ランサークラス、宝具で全体回避解除、諫言での強化解除も完全流体の強化解除耐性で防げる、フェイルノートの必中も無敵なので効かない等々……。
ちなみに味方同士になったらなったでトリスタンが出した星をスター集中で奪ったり祝福されぬ生誕で稼いだNPをメルトエンヴィーで奪ったり出来る模様。

573 ななしのよっしん 2019/08/28(水) 17:10:56 ID: stLnIfNDyb
つまりぐだメルとトリメルで二股じゃねえか！

