犯罪者 2019-03-08/01:39 355

1Lick2009/07/15(水) 16:04:44 ID:37nw36HX3J
下の動画はうｐ主最悪！
釣られました。何とかしてください。
>>sm761723
sm761723

2ななしのよっしん2009/07/25(土) 01:47:00 ID:2ykf3VRxAy
妙な記事だなｗ
もっとレス来いよ

3ななしのよっしん2009/07/30(木) 10:46:14 ID:qrTw7YtU88
ボカロとか完全なオリジナルでやってる人はニコニコ以外も使ってること多いし、ニコニコでしかできないことがMADとか丸上げなんだよな。それでも消されるけど明らかにTVアニメや映画なのに残ってるものも多い。ニコニコ映画祭とか面白いけど、どうしてもMADとかが人気になっちゃうのが現状
手書きだからオリジナルなんて勘違いもいる

4ななしのよっしん2009/08/18(火) 12:42:55 ID:R3fS2vdHqX
>>3
画像掲示板とか行くと任天堂や一部の権利物の絵を投稿するのは厳禁だな。
ピカピカユカイでも権利の侵害になったのがいい例。

5ななしのよっしん2009/08/18(火) 13:14:22 ID:8Jv5mgU1WT
ディズニーとか、何か都市伝説みたいになってるけど、
ファンがサイトで絵を描いて公開してたりするのは普通だからな。

あとまぁ、ニコニコは二次創作が多いな。
ファンジンの集まりみたいなところがあるからな。

6ななしのよっしん2009/08/18(火) 13:42:20 ID:D/U0MtYBqb
通報すますた！

7ななしのよっしん2009/09/16(水) 17:46:26 ID:Uz+6ornYYd
犯罪者がこの国の首相になったでござるの巻
>>sm8239974
sm8239974

8ななしのよっしん2009/09/16(水) 22:17:11 ID:TX46ucTFyk
鳩山由紀夫

9ななしのよっしん2009/10/04(日) 21:04:26 ID:f+i5/UaQZc
犯罪者はデスノートに名前を書かれる

10ななしのよっしん2009/10/10(土) 22:41:39 ID:somatot3vh
>>9
okailoveはデスノートに書かれるのかwww

11ななしのよっしん2010/01/14(木) 10:28:19 ID:rRD2l9yI7w
書かれとけ

12ななしのよっしん2010/02/02(火) 04:24:16 ID:L5uB+wafHL
この記事面白いｗ

13リンク2010/02/09(火) 23:46:43 ID:SNmNVDgFwb
>>10
俺が書く！！

14ななしのよっしん2010/03/11(木) 22:01:33 ID:rxqCf+pVqf
在日まではまだしも、九州人以降は蔑称でもネットスラングでもねぇよボケｗ
どうしても似たニュアンスの言葉を入れたかったら田舎者とでも書いておくんだな

15ななしのよっしん2010/03/21(日) 17:07:44 ID:PSe19xB1ec
レックリングハウゼン病（だっけ？）も加えなくちゃな

16ななしのよっしん2010/04/09(金) 04:17:47 ID:k1J1PlYc/V
人間の中には犯罪をした者がいる。故に全ての人間は犯罪者予備軍であり、全ての人間を警戒する必要がある。

17削除しました削除しました ID:dJxCW+cFU+
削除しました

18ななしのよっしん2010/05/19(水) 19:25:03 ID:Egf+2P2H9x
割れ厨は犯罪者

19ななしのよっしん2010/05/26(水) 06:29:04 ID:3RBrW5A1ah
>>18
違法にデータを所有するのは犯罪だよね。
不正アクセスはもっと重い犯罪だけど。

20削除しました削除しました ID:aYlifqtGp4
削除しました

21ななしのよっしん2010/06/22(火) 20:21:01 ID:aNi03m1Gjm
レックリングハウゼン病という記事がないというのに絶望した。

22ななしのよっしん2010/06/22(火) 20:28:44 ID:LGfZh865Fk
記事にある「著作権違反」ってたまに聞くけど、何かおかしくね？
著作権侵害とか著作権法違反とかが正しいんじゃないの。

23削除しました削除しました ID:IWNM3fB1m+
削除しました

24ななしのよっしん2010/08/07(土) 09:35:53 ID:DR2h7S6k2y
解説の文章えらく生硬だな。
中高生が頑張って書きました、みたいな。

25削除しました削除しました ID:aNi03m1Gjm
削除しました

26ななしのよっしん2010/08/30(月) 11:37:35 ID:2wZNINj6wc
ニコニコで著作権について語ること自体間違い。

27ななしのよっしん2010/09/06(月) 08:06:13 ID:lh/FiSnulv
＞実際の法に抵触するかどうかは関係ない。
＞そこに居る者たちの心情的にそれが『犯罪的』であるかどうかが
＞問題なのである。
この記述は罪刑法定主義を無視してる　これでは、
一般人の多数に犯罪と指差されたら有罪！…まであと一歩
自分を含め、人々を信じすぎているとも言える

28ななしのよっしん2010/10/07(木) 23:19:09 ID:Nm2ZWaiVLD
>>sm12316426
sm12316426
入江ｪ・・・

29削除しました削除しました ID:aNi03m1Gjm
削除しました

30削除しました削除しました ID:KvayuTgmn2
削除しました

31ななしのよっしん2010/11/15(月) 12:54:51 ID:8Q6QeBg37n
>>sm12747635
sm12747635

32ななしのよっしん2010/11/16(火) 13:03:46 ID:hCZfeM2vZa
何なんだこの記事は？
2ちゃんからコピペして来た様なふいんきを
持ってる気がするぞ

33ななしのよっしん2010/11/16(火) 13:15:33 ID:5ottdcW3nI
>>30
禿げ上がるほど同意

34削除しました削除しました ID:DsWPNYUhJh
削除しました

35ななしのよっしん2010/11/26(金) 03:14:59 ID:DQIOlLCMru
>>30 >>33
二人はどういう集まりなんだっけ？

36ななしのよっしん2010/12/01(水) 18:50:25 ID:AU3Qz8o1G+
>>30のレスからはゆとりと同じ臭いがするな・・・

37ななしのよっしん2010/12/07(火) 04:05:59 ID:3RRVUAHv20
>>35
アメフトぉ

38削除しました削除しました ID:wcDBygHPX1
削除しました

39ななしのよっしん2011/04/04(月) 12:33:07 ID:D3hthrlnFL
http://www.nicovideo.jp/watch/sm13064844
アウトー

40ななしのよっしん2011/05/29(日) 09:54:15 ID:0Rt9bxNcON
>>sm14545630
sm14545630

41削除しました削除しました ID:f1rjntP9xS
削除しました

42ななしのよっしん2011/06/05(日) 08:30:08 ID:wQo8fEa0AP
>>nm14642607
nm14642607
ｷﾀ━━━(ﾟ∀ﾟ)━━━!!

43ななしのよっしん2011/06/08(水) 05:44:10 ID:0tyuZ2Nvr1
>>30 >>38 >>41
記事の例にもあるけど、自分の気に入らないものを
叩くのに犯罪者って言ってるだけじゃねぇか。
語彙が貧しいというのもあるけど、それ以前に節度が足りないなぁ。

44ななしのよっしん2011/06/26(日) 00:25:46 ID:vzySE3Chs0
割れ行為とやっている事・目的は大して違わないのに
「割れでPSPの最新作落とした^q^」
「昨日Youtubeで～の最新曲(公式では無い)聞いたんだー」
このイメージの差
やはり定着させた勝ちなのか

45ななしのよっしん2011/06/26(日) 00:39:23 ID:L+Po67k92w
ラジオを録音したりテレビを録画すれば、いくらでも簡単に音楽聞いたり映像観たりできる状態が
少なくとも２０年以上にわたって日本では続いてるわけで。
日本人の「音楽や映像は原則的にタダ、お金を出したい奴が出せばいい」
っていう認識はなかなか改まらないと思うな。
もちろん法律上はそれらの利用とネット上のファイルの利用は大違いなんだけどさ。

46ななしのよっしん2011/07/06(水) 11:34:59 ID:eXa8f3pCG8
現在のところ、単なる画像である漫画（違法にアップされた物）等をダウンロードしても罪に問われないし、かつては違法にアップロードしたゲーム等をいくらダウンロードしても犯罪ではなかった（今も罰則はない、民事責任を問われるだけ）
それに対し、ニコニコに著作物を含む動画を上げる行為は明らかに刑法上問題があり前者より法定刑も格段に高いのだが、前者を「割れ厨」等と叩いている人間が堂々と動画を挙げたり、叩かないのはどういう法論理なんだい？

47ななしのよっしん2011/07/10(日) 19:09:52 ID:1El/jXizjP
>>46
残念ながら法論理なんか全く無いんだろう。
自分に甘く、他者に厳しい感情論だ。
自分の楽しめるものは叩かず利用し、自分のやっていないこと（割れ）は大いに叩く。
そのへんの論理は個人の主観でしかないんじゃないかな。もっと言えば「多数派の主観」。
みんながいいって言ってれば問題ないし、みんながダメって言うならダメなんだ、
とその程度の認識なんだろう。

結局>>43の言うとおり、ただの罵倒にすぎない。
殺意を持っているわけでもないのに、ムカつく相手に「死ね」って言ってるのと大差ない。

48ななしのよっしん2011/07/30(土) 20:29:33 ID:k94SrX5Kqw
日本人に犯罪者はいないよ
犯罪者は全部在日だからね

49ななしのよっしん2011/08/03(水) 23:59:56 ID:YVuMdW1riq
この記事の「ニコニコ動画に於ける犯罪者」について書かれてる文章の内容がよく分からない？んだが、アホな俺でも分かるように誰か説明してくれないだろうか。

50ななしのよっしん2011/08/06(土) 19:30:43 ID:GiEMndD9Or
もしかして→ロリコン

51ななしのよっしん2011/08/06(土) 19:34:08 ID:N/3mC09e6d
ショタコンは違うんだ

52ななしのよっしん2011/08/06(土) 19:39:58 ID:s8j5pN+3jt
>>49
用は>>48みたいな事言ってる奴ばっかりって事だ

53ななしのよっしん2011/08/07(日) 20:16:51 ID:GiEMndD9Or
>>51
小児性愛者は犯罪者同然だっていうことだよ
屁理屈は人に子供っぽい印象を与えるから止めた方がいい

54ななしのよっしん2011/08/08(月) 22:15:40 ID:PEt5OGso4S
子供を可愛いと思う人→ただの子供好き
子供を恋愛対象にする大人→ロリコンorショタコン
子供を性行為対象？にする大人→ペドフィリア

でおｋ？

55ななしのよっしん2011/08/10(水) 00:48:00 ID:N2BLqzbNPz
実際に手を出さなければロリコンもショタコンも犯罪じゃない

56ななしのよっしん2011/08/18(木) 11:35:33 ID:cuyiKS3uNc
というかそれだけで犯罪者にしたら内心の自由の侵害で普通に訴えられるレベル

57ななしのよっしん2011/08/20(土) 02:06:48 ID:vzySE3Chs0
あいつはいつか犯罪者になりそう　みたいなので異常者扱いされたら堪らんわ

58ななしのよっしん2011/08/20(土) 19:37:55 ID:/GrwA0Mz4U
やべえよ。息が臭いだけで逮捕される国があるってよ
しかも条例とか法律で決められてなくて、警察の自己判断で逮捕だって

59ななしのよっしん2011/08/27(土) 17:22:08 ID:siOoFAa6/B
>>58
なにそれこわい

60ななしのよっしん2011/08/28(日) 00:09:33 ID:ldYIzj8nCs
>>53
ちょっと落ち着いて、記事の「ニコニコ動画に於ける犯罪者」のところ読んだら？
最近、いきなり敵意むき出しでロリコンを叩き始める変なのを
大百科で見るんだが、アグネスが常駐してんのか。

61　2011/09/10(土) 16:03:51 ID:yacUcqLQYI
この記事の内容糞捻くれてんなｗ

62ななしのよっしん2011/09/14(水) 14:57:51 ID:RKlA4WmpaA
万引きしたことある奴は誰でも一度は万引きしたことあると思っている
カンニングしたことある奴は誰でも一度はカンニングしたことあると思っている
でも実はそうじゃない

63ななしのよっしん2011/09/14(水) 15:03:55 ID:ksYYOnz6Lo
犯罪者は誰でも一度は犯罪を犯したことがあると思っている
米を食ったことがある奴は誰でも一度は米を食ったと思っている
でも実はそうじゃない

64ななしのよっしん2011/09/14(水) 16:25:05 ID:1El/jXizjP
腐女子は「ホモの嫌いな女の子はいません！」と思っている
でも実はそうじゃない

65ななしのよっしん2011/09/18(日) 21:00:36 ID:+g8G3od14U
犯罪者の息子って理由で差別されることあるけどさ、
性格無視して家系だけで差別してるほうが犯罪者だよね

66ななしのよっしん2011/09/26(月) 21:37:28 ID:eUpiRdt+Jz
http://www.youtube.com/watch?v=P11R6AOz2zY&feature=channel_video_title

この動画の４８秒あたりから箱が横からこじ開けられた後がある。
見事この人は欲しい物を出してる。
他にも一人一セットのやつを大量に貰うなどの事や
見えない所で人に死ねなどいってる。

67ななしのよっしん2011/10/01(土) 18:16:11 ID:eUpiRdt+Jz
>>66
http://www.youtube.com/watch?v=5Rmombi96aI

を追加。このドヤ顔うざいわ。器物破損してるにもかかわらず
「いいの当たりました」だと。売り場で買う前に確認して
指名買いしといてそれはない。
こんなわかり易いほど穴あけてるのによく動画上げたよ。

68ななしのよっしん2011/10/01(土) 18:20:08 ID:nbSqJasJaU
立ちションしたことがある人は犯罪者

69ななしのよっしん2011/10/05(水) 00:07:13 ID:ps5Oy7yRrX
・・・そうか道民は蔑称なのか・・・ｂｙ北海○民

70ななしのよっしん2011/12/01(木) 17:28:10 ID:8PamtR8tho
求刑を分ければ、懲役限界30年を超えちゃうそうな
厳罰化の合法化っすか

71削除しました削除しました ID:1Hs6Hr0eQF
削除しました

72ななしのよっしん2011/12/21(水) 02:23:46 ID:uQpObizuSf
ニコ生＝犯罪の温床

73ななしのよっしん2012/01/14(土) 22:43:52 ID:zh5F1Fvgk0
犯罪は犯罪です！・。・！

74ななしのよっしん2012/02/16(木) 12:40:10 ID:RiiAtAmilb
犯罪行為に対してアレコレ言われてる世の中だけど
あくまで犯罪は結果でしか無いと思う

75ななしのよっしん2012/02/16(木) 12:41:36 ID:WoFrKxBYzT
だから何？

76ななしのよっしん2012/02/16(木) 12:58:19 ID:Jyh7Ki4LTO
犯罪をしたことのない人間って幼児以外で存在するの？

77ななしのよっしん2012/02/16(木) 13:01:09 ID:WoFrKxBYzT
するよ？
誰かが監視し続けられるわけでもなし、結局は自己申告を信用出来るかどうかになるがね

で、だから何？
人間誰しも何かしら罪を犯してるんだから～とか中学生みたいなこと言っちゃうの？

78ななしのよっしん2012/02/16(木) 13:12:42 ID:8Peb9UOHWD
法律如何で左右される犯罪よりも、自分の良心に対する罪の方が致命的だと思うの

79ななしのよっしん2012/02/19(日) 12:05:16 ID:+g8G3od14U
>>78
嘘とか衝動殺人とか万引きとか・・・そんな感じでいいのか

80ななしのよっしん2012/03/05(月) 21:05:37 ID:zMHn+ZMfcu
ニコ生民やルール無視のニコ厨がよく使う言葉

・犯罪者したことない人間て存在するの？
・聖人君子気取りうざい
・それくらいみんなやってるから　俺だけに言うな
・権利者に言われなければ何してもおｋ
・宣伝になってるから　
・割れ厨氏ね！　でも実況プレイ動画は最高ううう

要するにみんなやってるから正義理論　お近くの国と同じレベル
丸上げはともかくMADレベルは俺も見てるし、違法自体を咎める気はないが正当化させるなよ・・

81ななしのよっしん2012/03/07(水) 13:06:46 ID:/4kaEeEOMr
生きる事はそれだけで罪な事なのです。

82ななしのよっしん2012/03/07(水) 13:24:54 ID:eiL9UHV8XA
>>80
開き直る必要があるくらいなら最初から見なきゃいいのにな。
見逃されて、あるいは単に見つからずに犯罪行為を行っているという自覚は必要。
自覚がないことほど悪いことはない。

83ななしのよっしん2012/03/10(土) 12:23:36 ID:TD2S953n78
脛に傷を持たないっつうか自称イエス様orお釈迦のような人物がネット上には多いこと多いこと

84ななしのよっしん2012/03/30(金) 11:22:40 ID:7hP/BZjpqS
んじゃ刑法廃止すれば？警察もいらないね。

85ななしのよっしん2012/03/31(土) 20:30:35 ID:1Hs6Hr0eQF
たしか有罪判決が出てからが犯罪者で
容疑者の段階では犯罪者じゃないと法律で決められてたと思う
誰かもう少し詳しく知らない

86ななしのよっしん2012/04/08(日) 21:58:47 ID:ldpLgmpCYf
ニコ生配信者達のことですねわかります

87ななしのよっしん2012/04/16(月) 12:37:32 ID:BZszarbDU0
なんか小児病みたいなレスばっかりだな。犯罪者ってのはあくまで法律で決められるもので
自分に都合の悪い人間につけるレッテルのことじゃないぞ。

88ななしのよっしん2012/04/22(日) 22:23:50 ID:IyJUwWpGgr
ニコニコしん

wiiflow使用し割れゲームを配信か？
http://www1.axfc.net/uploader/K/so/122841

89ななしのよっしん2012/06/05(火) 10:39:56 ID:ymjZZb03qJ
コピー文化万歳!　
でも俺たちは中韓のパクリとは違うという自尊心の持ち主

90ななしのよっしん2012/06/05(火) 11:17:33 ID:PEt5OGso4S
ニコニコ動画及びニコニコ大百科に法律について語れるほどの
人間が存在しているとでも？

91ななしのよっしん2012/06/13(水) 19:48:10 ID:cuyiKS3uNc
とりあえず犯罪者云々言うんだったら無罪推定法理と罪刑法定主義くらいは知っとこうか

92ななしのよっしん2012/06/25(月) 13:22:32 ID:r4Qendl3VM
記事が見事にニコニコらしくてワロタ
こういうモラルだから犯罪の温床になるんですね

93ななしのよっしん2012/07/12(木) 19:03:37 ID:8PamtR8tho
59 ： ななしのよっしん ：2012/07/11(水) 12:09:17 ID: okplCmZd8s 
報道される犯罪者に無職が多い理由について、犯罪が発覚した直後に会社に連絡が入って会社が即座にクビにするから報道されるときには無職になっている、という話を聞いた時は目から鱗が落ちた

94削除しました削除しました ID:Fd/RXDwAza
削除しました

95ななしのよっしん2012/08/03(金) 15:14:42 ID:ULCGdf9rhW
犯罪者ってのが法に触れることをした人間って意味なら犯罪者じゃない人間のほうが圧倒的に少ないはずなんだよなぁ･･･

96削除しました削除しました ID:JDcxybmih5
削除しました

97ななしのよっしん2012/08/05(日) 03:45:04 ID:L8XBQdLi0W
>>93
あとマスコミもその方が「それっぽくてウケる」からとりあえず住所不定・無職で流しちゃうとかなんとか。
逆に超エリートだった場合は「なんでこんな人が」で何時間でも引っ張れるからしつこいくらいに強調するけどねw

98ななしのよっしん2012/08/16(木) 05:13:42 ID:Ye0hfLgeIF
>>97
才能のある人は人とは大いに違う事をしらないんだと思うよ。

ネット犯罪者はリアルじゃ普通の人、荒らしは厨房、とか言うけどさ、
実際は、双方とも精神年齢が低い人。が正しいんだよね。
と、いうか犯罪者を犯罪に駆り立てるような書き込みを意図的にするような奴が世の中で生きていけるだなんて時点で終わってるんだよなぁ…。

99ななしのよっしん2012/08/31(金) 06:22:16 ID:B3cNqvl33B
>>80
皆やってるからお咎めなし≠合法はある意味正しい
公平性を欠いた裁判は無効だしな
例えばpixivに版権絵を上げてるユーザーはもれなく"犯罪者"だが、
要は容認されるかどうかは法的根拠じゃなくてモラル的に問題が無いと認知されているかどうか
だから合法である漫画のDLはモラル的に叩かれるし(単なる情弱かもしれないが)、著作権侵害であっても版権絵を公開しても咎められない
それでこの記事で風刺されてるのは大方、普段は著作権問題やらでグレーの暗黙的な立場にいる奴が、急に他者に対してその不文律を蒸し返すダブスタっぷりだろう
「他人がやってるからOK」の趣旨だと勘違いしてる奴もちらほらいるようだが

100ななしのよっしん2012/09/11(火) 04:26:07 ID:6J9V2QuUoH
皆が基準に置いてるのが実際の法とかじゃなくて、長年の間に自然に構築されたモラルが基準になっちゃってて、程度差問題の部分もでかいんだろう（違法アップはOK、割れ厨駄目みたいに）。

とはいえ悪いことしてる奴は、自分を棚に上げて悪いことしてる奴を非難してはならないなんてことになると、無制限に酷くなる訳だし。

101ななしのよっしん2012/09/30(日) 04:19:29 ID:2Uj9+WSJGb
なんか犯罪者で探してたらこんなのが出てきたんだが
この人なにをやったか誰か知らない？
>>sm16945172
sm16945172

102ななしのよっしん2012/10/03(水) 04:04:23 ID:zMHn+ZMfcu
行為以前に悪い自覚もないんだからそりゃ小学生も割れに手を出す時代になるわ　
（一番は親の躾が悪いが）

103ななしのよっしん2012/10/03(水) 19:05:34 ID:JDcxybmih5
皆少なからず法を犯す事があるから小さいか大きいかの違い
だから50歩100歩みたいな所はあるんだよな

104ななしのよっしん2012/10/07(日) 23:38:15 ID:HkZ7cqKB/L
「南国いちご」こと小６少女誘拐犯「小玉智裕」も
この部類に入るよな？

105ななしのよっしん2012/10/24(水) 22:35:31 ID:SSTjoTFiDN
>>101
Minecraft割れの公開してる。
でも、公式公認だから今更叩くのもキチガイ。

106ななしのよっしん2012/12/13(木) 05:45:30 ID:B3cNqvl33B
>>100
無制限には酷くならないと思うよ
行き過ぎないために割れ厨叩きみたいに自然とグレーなりのモラルができていくわけだし
それが本当に排斥されるべき問題まで発展した場合はそのようにして自浄作用が働くはず
悪人同士で非難するのは構わないけど、その手段として犯罪者というレッテル貼りをすることがいかに不適で破綻しているかって話だな

107削除しました削除しました ID:H5lGvA/dJP
削除しました

108削除しました削除しました ID:H5lGvA/dJP
削除しました

109ななしのよっしん2013/01/20(日) 19:51:36 ID:qlyrG55mry
>>105
公認どころかノッチ１人が「割ってもいいけどいつか買え」って言っただけなのにマインクラフト公式が認めたことにしてる。しかもアフィカス。その上トロイの木馬入り。
他にもDos攻撃やらメールボムやら色々犯罪犯してるんだよ。

110ななしのよっしん2013/02/27(水) 19:55:20 ID:jsy4OZPIhD
犯罪者が物凄く叩かれるのはまあ当然っちゃ当然なんだが
大多数の人間は正義感とか特定の罪への憎しみとかからじゃなくて
>中傷をする事で安心が得られる
この心理からの行動であることがほとんどなのがもやもやするんだよな…

111ななしのよっしん2013/04/26(金) 20:12:58 ID:B/I9V5hR8G
淫行で逮捕された歌い手を擁護するために運営が掲示板のレスを削除して火消ししようとしているのは唖然とした

112ななしのよっしん2013/05/06(月) 12:31:35 ID:T0gI3MU2b0
>>111
何をいまさら

113ななしのよっしん2013/06/03(月) 10:54:25 ID:0BQFoSUh+L
正直殺人犯とか刑期が終わったからって外に出さないで欲しいわ。一生檻の中にいろよ

114ななしのよっしん2013/06/03(月) 11:08:51 ID:ICxpeIGgi1
犯罪者だろうが誹謗中傷は消されて当然

115ななしのよっしん2013/06/08(土) 15:38:15 ID:BXAnAxYVD1
犯罪に対しての罰が甘すぎる
他人の人生めちゃくちゃにしても執行猶予付きで自由の身とか
ほんと、犯罪者が得して真面目な人間がバカを見る社会だよ

116ななしのよっしん2013/06/08(土) 18:13:56 ID:1El/jXizjP
>>110
もやもやするのは確かだが
「社会の不満が然るべきところに集中して晴らされる」ってことだからなぁ。
正直、意味がわからん人種差別だったり、
古いネタ引っ張ってきて隣国への嫌悪感情燃やしたり、
若い世代を叩いたりするのに比べれば幾分マシではあると思う。
相手が（一応）悪だから。

嫌な言い方をすれば「ストレス発散剤として晒しもんになる」のも罪の一種なんだし。

117ななしのよっしん2013/06/25(火) 22:29:44 ID:Qfe3Bf2WvW
犯罪者は罰されるべき（死傷者が出た場合は特に）だと思うが、
犯罪者家族の村八分・連座制みたいなのは悪習だと思うわ。

…ただし未成年なら犯罪者家族が連座扱いされても仕方ないかもな。大津いじめ事件とかだと、親が子供の行動を知らなかったか知ってて何もしなかったのが問題だし。
未成熟な段階じゃ成人で通用する個人主義も糞もないわ。
ついでに言うと、あの事件の教師に関しては直接的な犯罪行為はしてないが生徒相手に怖くて何もできなかった臆病者か無能だったと思う。おそらくもう失職か自主退職したと思うけど。

118ななしのよっしん2013/06/25(火) 23:11:17 ID:1El/jXizjP
>>117
法的に村八分や連座制があるなら全否定されてしかるべきだけど
世間が「家族も似たようなメンタルだ」と決めつけて白い目向けるのは
良い事とは言わんが割と仕方ないことだと思う。

仮にだけど、俺の兄や親が殺人を犯したら
俺は「殺人犯と同じ環境で育った弟」「殺人犯に育てられた息子」として
世間から白い目を向けられても仕方が無いと思ってるよ。
当然そんな状況イヤに決まっているけど、反論が一個も出てこない。
俺のものの考え方はどう見積もっても６割以上親と兄のそれが元になってるし。

…まあ、警察にとっつかまって実刑とかはさすがにふざけんなと言いたいし
石を投げられたり電話鳴りっぱなしとかは困るけどね。

119ななしのよっしん2013/07/22(月) 17:08:05 ID:A6fvqHM1DK
新卒逃した場合も犯罪者と同じ扱いを受けるよね
もうまともな人間として見てもらえない
就職は縁とかいうけど縁がなかったら犯罪なんだよね

120ななしのよっしん2013/08/31(土) 23:32:14 ID:3om4e+pLt2
>>110
野次馬根性だろ
姉歯建築士の事件なんかまさにそうだった

>>118
東野圭吾の小説でそんなのあったな

121ななしのよっしん2013/10/24(木) 20:45:40 ID:lEt0r50Qyp
>>117
製造者責任ってのはあると思うがね。

122ななしのよっしん2013/11/19(火) 13:22:56 ID:DTy7eRowgO
>>121
親の教育のせいで犯罪者になる場合もあるだろうが、親にもどうしようもない場合もあると思うが。
脳の構造とか確率的な先天性なものが原因だったりすることあるし。

123ななしのよっしん2013/11/19(火) 13:32:28 ID:eiL9UHV8XA
>>121
で、そうなるように親を教育したのは誰さ？
その親？　じゃあそのさらに親の責任はないの？

もうこの世に犯罪があるのは全人類に責任があるってことでいいよ。

124ななしのよっしん2013/11/20(水) 04:13:48 ID:mT4nuSPZ7I
http://news.nicovideo.jp/watch/nw795641
連続殺人犯の記事では
「たかが数人から百人程度でガタガタ抜かすなｗ 何万と万歳突撃させた異常犯罪者集団の日本帝国軍の将校様から比べたら塵芥よ。」
という風に相対的に捉える人もいる。自分としては共感しかねるのだが・・・

125ななしのよっしん2013/12/01(日) 14:30:40 ID:JN/RsYreKH
＞たかが数人から百人程度でガタガタ抜かすなｗ

サイコパスって奴かね?怖いよなぁ

126ななしのよっしん2013/12/18(水) 23:39:45 ID:OOhZy6P1eg
全員が無視するため何の問題もないとかあほか

YouTubeやニコニコ動画が誕生した時に著作権の権利者たちが団結して叩かなかったのがいかんな。まあYouTubeは海外のサイトだから難しいかもしれんが

127ななしのよっしん2013/12/31(火) 02:20:59 ID:ypaIMsaHa/
東大の倫理の入試で先祖の罪は子孫の罪か？あなたの意見を述べよって問題があったけど
みんなどんな文章書いたのか気になるわ。

128ななしのよっしん2014/01/13(月) 00:19:20 ID:uwDSAgY+WE
>>123
これ思う
犯罪者を育てた両親も悪い
両親を育てた祖父母も悪い
祖父母を育てた…

なんかそんな感じのCMあったな

129ななしのよっしん2014/01/19(日) 18:56:25 ID:zwI6tQyVzY
まあ環境が人にそうさせたってのもあるし
魔がさしたってこともあるだろう

結局必要なのは経験を通して自分の中で理想の倫理観を築き上げることだと思う
己の未熟さゆえの過ちはもうどうしようもないな

130ななしのよっしん2014/01/29(水) 13:32:24 ID:1znIlo6Cv+
自分の人生なんて主体的にみえてその実大半が周囲に振り回されてるだけじゃんどんな意思決定もそれを導き出した思考も周りに影響されてのことじゃん
なんて考えは流石に哲学の領域かな

131ななしのよっしん2014/02/08(土) 18:53:38 ID:Zurr1uzs1Y
>>130
だからこそ周りに流されないことが大切なんだよ、どんな結論に行き着くとしてもな。それと犯罪者は依存心が強いというか、周りをあてにしすぎ。勝手に信じただけのくせに「裏切られた」ってぶちギレるんだから。周りから見ればただのピエロなのにな

132ななしのよっしん2014/02/17(月) 07:20:39 ID:WQh6DLXD8Z
>>130
勝手に信じただけのくせに「裏切られた」

そういえば自分が期待していた結果や事実と違ってたらすぐ「詐欺だ」と言う人が
最近多いように思うけど、これってどうなの？
よくよく考えてみると、言ってる側の方が単に周囲をアテにしすぎているだけのケースも
多いようにも思うけど。

ま、それで事がうまく行けばラクっていうのもわからんでもないが。これも人間の性なのかも。

133ななしのよっしん2014/02/27(木) 23:39:42 ID:Lw2I+OhflI
それでも俺は犯罪者を憎まない
自分が人を馬鹿にできるような素晴らしい人間ではないと知っているからだ

134ななしのよっしん2014/03/15(土) 21:10:50 ID:oPdm8By52h
名前が出る犯人と出ない犯人の基準が分からん。
今日捕まった本にカレーをかけた犯人の名前は分かるのに、
アンネの日記の犯人の名前は未だに分からない。
なんで?

135ななしのよっしん2014/04/09(水) 11:36:43 ID:k+H6VT0m9I
○○の一覧って結構あるからあるかなと思って見に来たけど
さすがにニコ生・ニコ動の犯罪者一覧はないか。

136ななしのよっしん2014/06/09(月) 11:13:09 ID:A0IHbByOFF
よく犯罪者の身内だから差別されたり結婚できない話あるけど理不尽だよね
その犯罪者に一番苦しめられてるのは身内なのに
なんとかならないかな…

137ななしのよっしん2014/06/09(月) 13:02:35 ID:IHOg9sPEgv
そこの家の子育てが犯罪者を育てたっていう可能性を考えざるをえないからねえ
結婚が他人を自分の生活に受け入れるものである以上、受け入れられる限界はあって当然

身内から犯罪者は出たけど大丈夫なんだ、と証明出来なきゃ破談になっても仕方ないよ
他の諸条件と同じだ

138ななしのよっしん2014/06/09(月) 18:49:14 ID:7G6gR1CB6q
犯罪者にしようしようと思って育てた結果ならともかく、思っても無い事だろうしな
同居しているならともかく、独立した30代のおっさんおばさんの振舞いに家族が責任を負わねばいけないってのはどうも受け入れられないな

139ななしのよっしん2014/06/12(木) 22:13:06 ID:k87ZlrVY/o
どう言い訳したってあがいたって犯罪そのものは当事者が悪いとしか言えないんだから
犯罪者を過剰に保護するんじゃなくて
身内らを助ける方に精力を使えよ政府は

キチ○イ無罪だの少年法だの日本は犯罪に関して甘すぎだし
その反面中世並みと言われてる司法制度だし
いろんな意味で問題多すぎなんだよ

140ななしのよっしん2014/06/12(木) 22:47:06 ID:YcJYddhIyX
大津の件のように身内が腐っている場合もあるからな
簡単に保護するわけにもいかない。
ヤンキーからはヤンキーしか育たない。これはほぼ99%間違いない。

141ななしのよっしん2014/08/08(金) 12:48:56 ID:OJKCDZNjSQ
全てが腐ってたらどうしようもないし
自分で考えて逃げ出すか戦うかするしかないね
隣国らなんて腐りきってるから上層部がどんどん逃げ出してるわけだし
逃げることも戦うこともできない奴は喰われるしかない

142ななしのよっしん2014/08/22(金) 02:15:57 ID:3VAyL1JSDK
少年法は少年に対する侮辱であり差別である。

143ななしのよっしん2014/08/25(月) 20:03:14 ID:HYyU6n+zCS
http://com.nicovideo.jp/community/co2475902
犯罪者の予備軍

こいつやばすぎ

144ななしのよっしん2014/09/20(土) 08:59:47 ID:XpcGS+Gh4j
アカメが斬るの様な主人公が正義の味方と言うより犯罪者な作品は多いんだろうか。

145ななしのよっしん2014/09/30(火) 14:27:36 ID:reWZlyBRHd
被害者の遺族はついつい感情に流され死刑に固執がちだが
相手に反省するという思考が無ければ
一瞬の痛みなんて一番相手が得する結果だと思う
まずは更正させて後悔させる思考を与えないと

146ななしのよっしん2014/10/04(土) 04:19:05 ID:CVAXXQTSHE
道路に出れば犯罪者だらけな現実どうにかならんかな
停止線踏んで止まってる車やずっと追い越し車線走ってる車制限速度違反のトラックetc
出来れば交差点全部に警官を配置して違反者はすぐ拘束する位厳しくすれば
良くなると思うんだけど

147ななしのよっしん2014/10/07(火) 14:46:15 ID:M3aS8L5yVD
子供の犯罪が必ず親のせいになるのはどうなんだろうか？
両親の期待通りに育てられるってのが幻想じゃないなら、全員東大行ってメジャーリーガだ。

*146
理想論を言いたいだけだろうから要らんツッコミなんだろうが、全国の交差点の数は400万くらい。
3人交代で見張ったら人口の1/10が交差点要員になっちゃう。

してもっと怖いのは、歩道を歩いているとき。正面から来る車がラリったヤク中かも知れんし、意識失った老人やもしれん。
車は銃より大勢葬れるし、逃亡しやすいから暗殺にも向いてる立派な武器だ。

148削除しました削除しました ID:ETQ2s38Zfd
削除しました

149ななしのよっしん2014/11/09(日) 14:30:39 ID:rz4cypAqZ5
犯罪はなぜ犯罪か考えないで人に対して犯罪者とかいってるやつは
ヤジとしては間違ってないけど人としてはどうかと思う

150ななしのよっしん2014/11/27(木) 08:57:27 ID:ScBaLAzGzG
>>147
>>子供の犯罪が必ず親のせいになるのはどうなんだろうか？


「もし自分が犯罪を犯したら、それを親のせいにするのか？」
と考えれば親に責任がないことはわかる

親に原因はあるかもしれないが、
原因というなら子供の周囲の環境すべてが原因になり得るわけで

151削除しました削除しました ID:I71T6KWiQT
削除しました

152ななしのよっしん2015/01/04(日) 14:49:52 ID:O3GMtGPN00
なぜ関連項目に事件・事故の一覧がないんだ？気の利かない記事主だな

153削除しました削除しました ID:7PTULci1xf
削除しました

154ななしのよっしん2015/07/03(金) 19:40:16 ID:au9yILdzoM
少年法に守られてるうちに人を殺して、その時の感想と言い訳を本にして売る
話題目当ての出版社が拾って印税で大儲け
こうして日本は少年犯罪ビジネスの国になったとさ

155ななしのよっしん2015/07/20(月) 18:20:28 ID:G4LHnL/ss1
加害者を守りすぎるから
加害者に人権はいらない、悪即斬！って反発が強くなるんだよな
被害者を徹底的に守ればこうはならない

156削除しました削除しました ID:HkgmWqI0pw
削除しました

157ななしのよっしん2015/07/20(月) 19:39:37 ID:dSfT+4t5N3
こうやって大百科を荒らす犯罪者と変わらない輩とつい先日起こった愛知で起こった痛ましい事件を考えると犯罪を招く夏は罪深いものやな…って

158ななしのよっしん2015/07/26(日) 15:36:57 ID:eix5MFishi
>>155
えん罪や無理矢理犯罪行為をさせられたとかじゃなければ守る必要なんて無いよな

159ななしのよっしん2015/08/28(金) 18:30:47 ID:JU/CexHO/n
逆に言えば法律に引っかからなければ犯罪ではない

だから法律を学ぶよりも倫理が人間には必要

160削除しました削除しました ID:JSv6fmAhTu
削除しました

161ななしのよっしん2015/10/02(金) 07:41:32 ID:D1E3FdAimc
電車できゃーって叫んでこの人痴漢です
って言うだけで犯罪者の出来上がり
もちろんやってなくても犯罪者扱い

162削除しました削除しました ID:j5wiqe2EOi
削除しました

163ななしのよっしん2015/10/07(水) 01:39:23 ID:MBjtY9e8YK
>>162
よくそういうことを言う人がネットだと多いが、
現実にそれをやると更生の機会が与えられないから、どんな犯罪だろうと詰むことになる
そうなるとすぐに凶悪犯罪に走る人間が出るので、治安は悪化する

164ななしのよっしん2015/10/07(水) 10:44:51 ID:j5wiqe2EOi
>>163
捕まったときのリスクを徹底的に重くすればいいだろう。
ありとあらゆる拷問にかけて、手足を切り落とした挙句被害者に好きなようにさせるなどな。

大体、犯罪を犯すような奴は更正などしない。
そもそも本当に罪を償う意識があるなら、死ぬか、一生を被害者にささげるかするべきだろう。

165ななしのよっしん2015/10/14(水) 01:18:07 ID:v5cF8pe0bZ
正気か？　記事にもあるように生まれてこのかた
何の罪も犯していない人間の方が希少だというのに。
交通違反も万引き犯も全員殺してたら日本が滅ぶぞ

166ななしのよっしん2015/10/14(水) 01:23:31 ID:eix5MFishi
いいんじゃないすかね？ネットに巣食うクズ集団が現実にまで溢れてきてるくらい末期な国なんですから（横槍&人事）

167ななしのよっしん2015/10/14(水) 01:32:18 ID:83d3l7ig6n
>>164
仮に刑罰をそういう風に改革をしたとして、痴漢冤罪で捕まってちょん切られても同じこと言えるのかな？…って思うｗ

罰を重くすれば犯罪に手を出す人が減るのは間違っちゃいないかも知れないが、重い刑の執行は慎重にしなければならない

警察が証拠を不正に隠滅・捏造するってニュースがちらほら聞く中で刑罰を重くする事だけしか見えていないのは危険だなぁ

推理物のドラマみたく殺人の濡れ衣を着せられる事はほぼ無いにしても、痴漢免罪は自分も巻き込まれる可能性が大いにあり、尚且つそれに対しての罰が重くなり得る可能性があるし、それでいて警察の捜査は不十分
要は免罪だった時のリスクが見えていないのよ

168ななしのよっしん2015/10/14(水) 01:37:18 ID:ICxpeIGgi1
誰もが自分だけは大丈夫だと思い込んでいる

169ななしのよっしん2015/10/14(水) 01:50:28 ID:v5cF8pe0bZ
冤罪云々よりも自分はこの先どんな小さな罪も犯さないと
言えるのかと訊きたい
自分が加害者側になってもその理屈が言えるなら大したもんだが

170削除しました削除しました ID:j5wiqe2EOi
削除しました

171ななしのよっしん2015/10/15(木) 23:00:46 ID:83d3l7ig6n
>>170
そのやり方は、むしろ犯罪を助長すると思うが…ｗ
今日奇跡体験アンビリバボーで「京都五番町事件」を取り上げていたが、犯人を見たと本当の証言をした人が「偽証罪」で捕まったそうだ

他人を冤罪に陥れた人が死刑なら、偽証罪はどうなるんだろうな？

本当の事を証言しても偽証罪で捕まっちまう位なら、証人になんてなる人いないよね？
証人が居ないなら、下手すりゃ犯人が捕まる可能性が減る訳だけど？

有罪判決を受けた人をどう罰するのか
その一点しか見てないね

その判決自体が偽りのものだったら？
そもそも警察や裁判所が必ずしも正しい行動をするとは限らないんだぞ？あんたの意見、それが覆った時点でご破算な訳だが…？

172ななしのよっしん2015/10/16(金) 01:08:05 ID:v5cF8pe0bZ
>>170
意外と冷静に話せるようだから前提として尋ねるけどその拷問やら
何やらの刑を極刑にしたいってことかい？
今は何人殺そうが死刑以上の刑は無いが死刑の上にさらに
そういう刑罰を作りたいって主張でいいのかな

173ななしのよっしん2015/10/27(火) 15:41:49 ID:eix5MFishi
犯罪者は皆死刑だ！っていう考えの人っているのかな？
そんな事実行したらどうなるのかな？
頭の悪い俺には分からない

174ななしのよっしん2015/10/30(金) 16:20:45 ID:j5wiqe2EOi
>>171
そんな司法への不信とか言い出したら、それこそ御破産だろう……
何しにここに来たんだｗ

>>172
ある一定以上の罪を犯した人間は死刑、もしくは人権を剥奪して被害者の遺族に好き勝手にさせればいい、という感じ。

175ななしのよっしん2015/10/31(土) 01:10:51 ID:v5cF8pe0bZ
>>173
上のほうでもいってる人がいるが量刑というものを
無くしてどんな犯罪にも同じ刑罰を与えれば
死刑に限らず治安は悪化するよ
過失であれなんであれ一回罪を犯せばあとはもう関係ないと
ばかりに凶悪犯罪に走る可能性があるからね。
>>174
その一定以上の罪というのはどんな？
これまでの書き込みからすると現在の死刑の基準よりも
大分下がりそうだが

176ななしのよっしん2015/11/05(木) 17:28:37 ID:K1p/4cl52j
犯罪者はこうしてやるべきだ！的な主張の求めるようなのは古代～中世で散々やり尽くされてるからなぁ。

そういうのがお盛んだった欧州は度々それが暴走したせいか今ではすっかり人権重視にシフトしたし

177ななしのよっしん2015/11/07(土) 20:06:11 ID:MBjtY9e8YK
>>176の言う通り、すでにやって駄目って結論になっているんだよね
今度は逆に保護しすぎな面が出てきちゃっている可能性はあるが、
現状で過激主張しても論理性に欠ける話になる

個人的には、このような発言をする人達が、なぜその様な過激発言をするようになったのかが
気になるな

178削除しました削除しました ID:kvpoAloB+k
削除しました

179ななしのよっしん2015/11/24(火) 13:10:08 ID:Z1lxxD82XN
>>173-177のレス見てその一言はギャグだよね？

180ななしのよっしん2015/11/24(火) 13:14:17 ID:CVAXXQTSHE
掲示板を盛り上げる為にわざと極端な事言ってるのでは
それかアクセスを伸ばす為に管理者に雇われた人間かもしれない。

181ななしのよっしん2015/11/28(土) 11:20:23 ID:83d3l7ig6n
>>174
死刑宣告を受けた者が免罪だった場合はどうするなんて議論は有って当然だし、現実に警察の不手際で証拠を無くしたり、罪のない人に無理矢理自分がやりましたと言わせたなんて事があるのだから尚更だろ

司法云々は極論かも知れんが、警察は実際の問題としてそうなってるじゃん

182ななしのよっしん2015/12/14(月) 07:56:49 ID:yMJrCZQBd5
まあ、厳罰化を求める声は、自分に関係ないけど石を投げても誰も咎められることのないサンドバッグの人生をとにかくぶち壊してやりたいっていう野次馬根性じゃね。
若しくは個人的な体験からくる復讐心のやり場探し。

183ななしのよっしん2015/12/27(日) 21:16:03 ID:14OsglkrKO
日本もかつて大きな過ちを犯したが更生し今や世界の優等生になった
更生の機会を与えるってのは大切な事だと思う。あと周囲の寛容の心もね

184ななしのよっしん2016/01/13(水) 16:19:42 ID:+MlQSZlXYj
最近は犯罪者になるハードルが下がってるような感じはする
犯罪を実況するアホとか、取り締まられないのを良い事にチートでオンゲ遊ぶ小学生とか
教育が悪いのかしらね…

185ななしのよっしん2016/01/29(金) 22:31:35 ID:Qjk9TIS8wZ
うちの老害が小学生の妹に「○○ちゃんかわいいよお～」とか言いながら汚い顔を腹に擦り付ける様子を見て、「性犯罪者の中には一方的な思いを愛と勘違いしてる奴等もいるんだろうか」とか思った。もちろんすぐやめさせたけどな、「汚い」言って

186ななしのよっしん2016/02/09(火) 10:22:02 ID:8jNcEuqt5R
犯罪は厳しく罰せられるべきだが「相手は犯罪者だよ?　何してもいいじゃん(^_^)」　みたいな思考の持ち主もアレだよな

187ななしのよっしん2016/02/09(火) 10:43:10 ID:uoRHFFykUB
有名人が犯罪者になると擁護が一気に沸くのが恐ろしい
清原とか「清原も寂しかったんだよ！」とか「はやくTVに復活してほしい」って声ばっかだし、某芸人が清原を批判したら「溺れた犬を棒で叩く行為だ！」ってアホかよ、寂しかったら薬物使っても良いのか

188ななしのよっしん2016/02/09(火) 16:20:30 ID:gwovYv5pVn
ベッキーを暴言混じりで叩いてたのに犯罪に手を染めた清原を過剰に擁護するやつ見た　なんか頭おかしい

189削除しました削除しました ID:gzfn29zLnA
削除しました

190ななしのよっしん2016/03/04(金) 09:07:09 ID:A0IHbByOFF
ネット民あるある
女の犯罪者→これだから女は ま〜ん（笑）
男の犯罪者→こいつ在日だろ

自分は傷つかないで安全圏から差別できるシステム

191ななしのよっしん2016/03/04(金) 09:33:36 ID:8RM54tqK0n
>>190
似た様な奴で「男の犯罪者は母親に育てられてる！だから一番悪いのは女だ！」って書き込みを見たことがある
その後「男の成功者は母親に育てられてる！だから一番凄いのは女だ！」って書き込まれていた
吹いた

192ななしのよっしん2016/03/04(金) 17:40:15 ID:A0IHbByOFF
>>191
あいつら、親権が母親有利なのは男性差別とかほざくくせに都合のいい時だけ父親を無視するんだな…

193削除しました削除しました ID:1DwxTZF1p0
削除しました

194ななしのよっしん2016/03/05(土) 13:40:35 ID:v5cF8pe0bZ
>>190
ネットに限らないんじゃないかなあ
口には出さないかもしれないがみんな心の中では
思ってることだと思う。
何でもいいから自分と違う部分を見つけて
相手は自分とは違う人間なんだと安心したいのかな。　
そんなもん極論そのまま自分はあいつじゃないから、で済む話
なのに。

195ななしのよっしん2016/03/08(火) 07:53:48 ID:/0NyY/FViJ
再犯：30％前後
バレてないだけで隠れてまたやってる奴：30％前後
リスクを恐れてやらないだけで申し訳ないとは思ってない奴：40％前後
真の意味で反省してる人：1％

1％以外の比率が多少変わるだけで割りとマジで過失以外の全ての犯罪者に当て嵌まるだろ
この1％が厄介でその人たちのためにちゃんと更生の場を与えないといけないわけだけど

196ななしのよっしん2016/03/08(火) 08:03:59 ID:GL6JQGzO85
>>195
自分はたまたま運が悪かっただけと思っていて犯罪ほどの事を起こしたつもりはない奴
が抜けてないか　多分この層が一番多いと思うが

197ななしのよっしん2016/03/09(水) 12:41:44 ID:xlwv9XWmYt
「悪人は死ね」みたいな事吐き捨てる奴は自分が悪人なのを理解してないから嫌いだ

198ななしのよっしん2016/03/25(金) 04:40:40 ID:aCKz2mQKGQ
>>197
「命を大事にしない奴なんて大嫌いだ！死ね！」みたいなもんか

199ななしのよっしん2016/04/12(火) 23:37:20 ID:4zYXcb+427
>>197
そういう考えが普通です
日本は犯罪者に甘過ぎるんだよね。左翼共のせいで
http://news.nicovideo.jp/watch/nw2134854?news_ref=w_crank
こういう正しい事をする人が叩かれるなんて異常だよ

200ななしのよっしん2016/04/13(水) 01:34:04 ID:v5cF8pe0bZ
悪い奴には悪いことしてもいいって考えがエスカレートすると
自分が気に入らない奴には悪いことしてもいいってなるだけだぞ

201ななしのよっしん2016/04/13(水) 01:36:17 ID:YDMcE3inVh
>>199
私刑は法律ではっきりと禁止されてるのに何を言ってるんだ？

202ななしのよっしん2016/05/10(火) 13:05:46 ID:Rf5yrSYG16
>>201
犯罪者擁護の左翼乙！


…と ID: 4zYXcb+427なら言うに違いない。

203ななしのよっしん2016/06/19(日) 21:49:44 ID:PwKZQHqIRh
会社のカネ横領すれば犯罪者呼ばわりされても
税金を不正に使っても犯罪者呼ばわりされない国

204ななしのよっしん2016/06/19(日) 21:52:52 ID:ICxpeIGgi1
罪刑法定主義だからね、仕方ないね

205ななしのよっしん2016/07/27(水) 07:53:42 ID:JBKTyk9jZg
>>201
>>202
一応どんな人でも暴言吐かれたら起訴できるので犯罪者に暴言吐いたやつも犯罪者ってことになるんだよな

ネット上の意見だとそういう犯罪者に対する犯罪に対しては甘いよね、ダブスタすぎる

206ななしのよっしん2016/10/04(火) 20:41:29 ID:bQ4mXu1MoX
犯罪や戦争をする時間を人間から完全に奪えば、
人間は犯罪や戦争をすることが出来なくなる。
よって世界から犯罪や戦争が無くなり、世界が平和になる。

207ななしのよっしん2016/10/04(火) 20:44:57 ID:bQ4mXu1MoX
目、耳、舌、唇、言葉、文字、数字、絵、画像、映像、
手、足、歯、道具、機械、火、電気、ガス、性器などを
一切使わなければ、犯罪も戦争も一切無くなる。

208みき2016/11/01(火) 09:16:29 ID:KwFALMspyj
「荒らし」は、無視するのが一番良いらしいけど、犯罪者じゃないのに「犯罪者」という言葉を使ってる荒らしや煽りは、もう荒らしの度を越してるから、無視したり放置したりできないよね。
だから、もうそのときには、レス又はマジレスすることもあるかも。時々思い出して頭に来るから。

209みき2016/11/03(木) 10:36:50 ID:KwFALMspyj
>>207
確かに犯罪「も」戦争「も」なくなるかもしれないけど、生活や仕事等ができなくなるよ！！
それでも良いんですか！？安易に考えているようですが！！

210ななしのよっしん2016/11/09(水) 15:16:17 ID:4TIrDjnZBW
個人的に一番怖いのは「犯罪者の悪口を言うだけで犯罪者その者より悪とされる世の中」がくる事

211ななしのよっしん2016/11/09(水) 15:31:23 ID:gydfpARvju
そんな時代がなんで来ると思ったのかわからんけど、まぁ別に今でも相手が犯罪者だろうと悪口言うことは別に良い事ではないからな

212ななしのよっしん2016/11/09(水) 16:19:19 ID:alFqi+Ofnn
人はみな生まれながらに罪人さ

213みき2016/11/12(土) 20:52:51 ID:KwFALMspyj
>>212
じゃあ何罪なんだよ？

214みき2016/12/18(日) 16:49:13 ID:KwFALMspyj
>>208
このレスについて、不審に思われたら、本当にごめんなさい。
これは私個人の感想です。

215みき2016/12/18(日) 17:02:17 ID:KwFALMspyj
>>214を書き直します。

>>208
このレスについて、もし、おかしいと思われた方、また、変な感じに思われた方などいらっしゃいましたら、本当に申し訳ありません。
このレスは、私個人の感想です。

216ななしのよっしん2016/12/30(金) 21:53:41 ID:K98VGw9HN+
最近は北欧あたりの更生プログラムに感化されてる奴が多い印象がある。
犯罪が起こる原因が刑罰の軽重ではなく社会と家庭の環境にあるなんてことはまあ誰でも分かるわな。
その上で思うんだけど犯罪者の待遇だけスウェーデン並の待遇にすることにどれだけの意味があるんだろうか？寛容さとはそれを見せるものの余裕があって初めて成立するものなのに。
現状の社会情勢じゃやっぱり現行制度が一番無難だと思う。

217ななしのよっしん2016/12/30(金) 22:15:30 ID:1EauVkYz5i
>>210
普通の人はそうなっても困らないから安心しろ
困るのはお前みたいに犯罪者をダシにして荒らし行為を正当化する奴だけだから

218ななしのよっしん2016/12/31(土) 21:09:49 ID:FnUEB3MTEt
一番厄介なのは、老害や引きこもりひねくれ形だな。﻿

219ななしのよっしん2017/01/26(木) 23:50:36 ID:x8f4EGcPl/
>>216
そもそも重要なのは犯罪者を罰することなのにな
寛容にしてどうすんだよ
何のための刑罰だって感じ

220ななしのよっしん2017/02/02(木) 15:00:15 ID:t1rwIOAhmz
北欧の寛容に感化とかいうがその前の厳罰主義の時代は酷いもんだったということを無視するんじゃないよ
アメリカ様も厳罰主義にして失敗してるし結局片方の面しか見てないのはそっちなんだよなぁ

221ななしのよっしん2017/02/10(金) 20:51:20 ID:K98VGw9HN+
>>220
だから現行制度が一番って言ってるだけで別に厳罰化しろなんて一言も言ってないんだよなあ
治安はトップクラスで犯罪件数も凶悪犯罪件数もに減少してるのにわざわざあり様の全く違う国のやり方を採用する必要がどこにある？
これ以上治安良くしたかったら底辺層の環境改善するしかないと思うよ
それとも司法以外もみんな北欧並みにするか？

222ななしのよっしん2017/03/03(金) 02:27:53 ID:kOLKCk+gTz
犯罪者の家族の取扱って難しいよなぁ
下手に優しくして、そのことが公にバレた時に自分まで社会的信用を失ったら最悪だし
だからって突き放して、その家族が窮地に陥るっていうのも目覚めが良くないしそれでまた第二の犯罪が起こったら元も子もない

確かに我が国の法律では刑務所を出れば罪を償ったことになるが、残念ながら元受刑者やその家族に対する風当たりは冷たくなる。でもそれのおかげでまっとうに生きようとする人間が多いというのも事実。
これほんとうに難しい問題だと思う

223ななしのよっしん2017/03/24(金) 02:45:37 ID:CVAXXQTSHE
元の職場や身近な人間が「良く帰って来たな、ご苦労様」と声を掛けれる心を持てば再犯とか減るんじゃないの

224ななしのよっしん2017/03/26(日) 18:25:37 ID:kGNhvfQQuK
少なくとも12歳前後の女の子に手出した20代の同級生に対して
お前も大変だったななんて気軽に接することはできない
さすがに性犯罪者はちょっとね…

225ななしのよっしん2017/03/28(火) 04:35:11 ID:kOLKCk+gTz
日本は犯罪者に甘いだの、さっさとぶっ殺せなどと言う輩が沢山いるけど
逆だよ。犯罪者すら丁重に人権のある存在として扱わなくなったら民主国家として終わりなんだよ
もし、彼らの言うとおりに死刑が確定したらろくな調査もせずに執行して、犯罪者に今以上の酷い取扱をするようになったら関係ない国民は喜ぶかもしれないが、長期的にみれば－だよ。
だってそんな警察国家みたいなことになったらまず警察に必要以上に警戒して安心して街を歩けないし、気に入らないやつを陥れようと冤罪にはめる輩も出てきかねない。犯罪者に何してもいいとかそういう事になれば警察や検察は必ず増長して、真面目な捜査をしなくなる。我が国でも実際に特高がその過ちを犯しているしね。
そんな事になるくらいだったら犯罪者に優しかろうと、容疑者には慎重かつ丁寧に扱ってほしいし、刑が確定しても最低限の人権は守って欲しい。
あといい加減さ。判決確定する前の人間はどんなに真っ黒でも容疑者や被告であって犯罪者じゃないって事もっと広めようよ。マスコミも逮捕されたらまるで犯人みたいに煽り立てるのやめろよ。

226ななしのよっしん2017/03/28(火) 04:44:45 ID:glYsFVE87S
犯罪者の扱い云々以前に
そもそも全ての人間を犯罪者予備軍とみなし決まり事で縛り付けるのが法治国家の基本理念だから
まずはそこから議論しないといけない気がする

227ななしのよっしん2017/04/06(木) 17:08:17 ID:Yx1g5ct/wA
そもそも日本が犯罪者に甘いってどの基準で語ってるんだ？仮に甘いとして犯罪発生率が低いのに厳しくする根拠とはなんなのか
凶悪犯が増えてるなどという妄想や体感治安とかいう脳内ソースを引き合いに出すのか
犯罪白書などのデータを出しても暗数がとか言うの？仮に犯罪の暗数が相当数あったとして他の国や昔の日本よりひどいと言える根拠はあるの？暗数なんて言ったら昔の方がやばいだろうし

228削除しました削除しました ID:x8f4EGcPl/
削除しました

229ななしのよっしん2017/04/19(水) 13:41:55 ID:QBJPW4Hkj4
犯罪者はタイヤネックレスでもして燃やされれば満足？
ハムラビ法典って知ってる？大昔から犯罪者に厳しくした結果治安が悪くなっていったことは問題視されてるんだよ
俺の気がすむから犯罪者に石を投げてるだけの自己満野郎なんじゃないんですかね君は

230ななしのよっしん2017/04/19(水) 13:47:30 ID:QBJPW4Hkj4
あと加害者の人権がいくら貶められようが被害者の人権が良くなるわけじゃないんだけど、加害者が最悪殺されたとして被害者になんのメリットがあるの？
甘くすると再犯するという根拠は？データ見せろよ
厳罰化や私刑が横行してる国では治安が悪いなんていうデータはいっぱいあるけどな

ガチガチに厳しくしたらどうせ死刑になるんだからたくさん悪いことしようって人間が出るという発想に至らないのもアホくさい

231削除しました削除しました ID:x8f4EGcPl/
削除しました

232ななしのよっしん2017/04/27(木) 23:23:06 ID:vQD03Ofpso
自分が何言ってるかもわかんないなら>>231は書き込まない方がいいんでは？

233ななしのよっしん2017/05/05(金) 19:57:25 ID:ml9SHw5kMb
ま、犯罪者への風当たりがきついってことはそれだけ何も悪いことしてなくても日陰でウジウジ暮らさなくてはいけない人間が増えてるってことだろ
だからこそ社会保障は必要な訳なんだけど、自己責任の一言で切り捨てりゃ犯罪やってくれって言ってるようなもんだわな

なぜかこういう議論だとEUやアメリカばっか話題になるけど、日本の400倍犯罪発生率があるブラジルや麻薬戦争のメキシコだって死刑廃止&少年法を適用してるからな？
結局こういう議論に終始してる奴って根本的な問題から目をそらしてんだよな

234ななしのよっしん2017/05/24(水) 01:10:17 ID:x8f4EGcPl/
>日本の400倍犯罪発生率があるブラジルや麻薬戦争のメキシコだって死刑廃止&少年法を適用してるからな？

その文面だとそんな事してるからヤバイ国のまんまなんだろうな、という感想しか出てこない

235ななしのよっしん2017/05/24(水) 18:12:39 ID:S37CNYr2Zq
全日本早口大会本戦会場

236ななしのよっしん2017/06/08(木) 23:19:59 ID:WUwSSW1Z1i
最近のネットじゃ
犯罪者擁護被害者叩きが流行ってますね……
「気を付けられたはずだ」だの「そんなことしてれば被害に遭っても文句言えない」だの頭MURかゾ

三億円を白昼堂々持ち歩いてて強盗に奪われたからって悪いのは114.514％強盗の側に決まってるんだよなぁ……

237ななしのよっしん2017/06/08(木) 23:23:52 ID:aAq4gV9mE5
悪いものたちは当然世の中にいるものだから自衛が大事なのは事実ゾ
でも犯罪者擁護はそこから遥かどこかにぶっ飛んでて草も生えないんだよなぁ
自衛が足らなかったら悪いものたちが好き勝手していいんならそれこそ世紀末ってそれ一

238削除しました削除しました ID:x8f4EGcPl/
削除しました

239ななしのよっしん2017/07/01(土) 00:03:24 ID:7Xfo6T0+hH
相手が犯罪者だろうが人権を貶めた時点で犯罪に手を染めてるんだけど
それと道交法違反って全部犯罪らしいよ？
開き直って俺たちが犯罪者だ！とか言うの？それか程度問題とか言ってにげる？

240ななしのよっしん2017/07/03(月) 20:16:13 ID:CVAXXQTSHE
まあ日本人のほとんどは犯罪者で間違いないよ。
国道を制限速度以下で走ってる車はほとんどいないし横断歩道に人がいるのに無視して止まらない車がほとんど

241ななしのよっしん2017/07/07(金) 20:25:29 ID:RO6yks1KfU
そりゃ犯罪を奨励する気は無いけどさ、ニコニコに限らずネット上では、
順法意識がそれほど高いようには見えないにも関わらず、
他人の犯罪にだけは異様に厳しい奴らが多いよな。

>>236
これは犯罪者擁護に当たるかは若干微妙だけど、ブラック企業批判に熱心な人達でも、
いざ過労死・過労自殺等の事件になると、途端に「そんな会社に入ったのが悪い」
「辞めないのが悪い」という論調が目立ち始めるよな。
そこまで行かなくても、精神を病んで休職に追い込まれた場合も仮病認定する輩がいるし。

242ななしのよっしん2017/07/08(土) 03:23:27 ID:7Xfo6T0+hH
著作権問題で炎上した人に対してツイッターとかで漫画の一コマなどを使って煽ってるようなやつとかな
あれって何がしたいんだ？個人的には別にどっちも権利者が何も言ってないんだからいいとは思うんだが、そもそも親告罪だし

243削除しました削除しました ID:x8f4EGcPl/
削除しました

244ななしのよっしん2017/08/09(水) 20:02:48 ID:UFCrXVn354
犯罪だと気づいてないけど赤信号みんなで渡れば怖くないが通るネット

245ななしのよっしん2017/08/09(水) 20:05:55 ID:eTY53Bthc4
まあ日本自体皆で犯罪すれば裁かれない国ですし

246ななしのよっしん2017/08/24(木) 10:36:25 ID:GV8qRJRd6C
>>241
＞順法意識がそれほど高いようには見えないにも関わらず、
＞他人の犯罪にだけは異様に厳しい奴らが多いよな。

スマイリーキクチ事件を調べるとわかるけど、ダブスタのクズだらけだよ

247ななしのよっしん2017/09/07(木) 20:31:01 ID:sO1vvqvK96
客観性に欠けた感情むき出しの酷い記事だなあ…。

「著作権違反は親告罪である」というのは、
「告訴権を認めている」というだけであって、
「不問に付することを希望しているときまで国家が主体的に処罰を行うことが不適切であるため」だからだよ。

「文化のために容認したい」と思う人もいれば、
「自分の権利を守りたい」と思う人もいるから、
「嫌な人は言ってね」という決まりになっている。

だから、作者が怒るならまだしも、
「犯罪的だから犯罪者と呼んでもいい」なんて名誉毀損とか誹謗中傷の類じゃないのか。
悪い人たちを指摘したいなら、せめて自分の悪は抑えようよ。

248ななしのよっしん2017/09/07(木) 20:48:06 ID:sO1vvqvK96
犯罪者かどうかは、
法律というシステムで冷静に判断するだけのことだから、
私情で犯罪者にするなんてことはあってはならないよ。

人としての善悪を考えるなら「犯罪＝悪」だという先入観は持つべきではないと思う。
日本の法律が完全無欠で寸分の狂いもなく全てが正義だとは思い込まないほうがいい。
そのあたりはひろゆきがよく語っているよ。

249ななしのよっしん2017/09/08(金) 01:36:42 ID:sO1vvqvK96
うーん。ちょっと斜め読みしてしまったかも知れない。
「そういう奴もいる」程度の記事なのかな。

「客観性に欠けた感情むき出しの酷い記事だなあ…。」は撤回します。
申し訳ないです。

250ななしのよっしん2017/09/08(金) 16:05:42 ID:f8Fxg5T3t1
法的な犯罪はcommit a crimeだけど、それ以外の犯罪はcommit a sinで、「犯罪」は両方あると思う。
法的な犯罪と言っても、慣習法・判例法といった不文法による罪もありうる。
日本も江戸時代までは裁きにおいて先例や判例の比重が大きかったという。
法的でない犯罪だと、神の法(divine law)等に反する宗教的罪や、倫理的悪を比喩的に犯罪と呼ぶものがある。
だから、犯罪とは何か考えるには、倫理や法との関係を考える必要があると思う。

251ななしのよっしん2017/09/10(日) 15:06:52 ID:w7fyrc+UqB
>>242
利益を得た（他人から奪った）量の違い
台風とつむじ風では個人はどちらも迷惑だとしても全体への影響がまるで違う

252ななしのよっしん2017/09/10(日) 15:09:58 ID:w7fyrc+UqB
>>248みたいなのは目的と手段をはき違えてる

253ななしのよっしん2017/09/10(日) 15:18:13 ID:sO1vvqvK96
>>252
それ説明しようよ。

254ななしのよっしん2017/09/10(日) 15:20:19 ID:w7fyrc+UqB
目的はあくまで将来まで見た全体における有限のリソース管理なんだから
収支が善悪であって
感情も法律も善悪と関係がないただのツール

255ななしのよっしん2017/09/10(日) 15:30:29 ID:w7fyrc+UqB
三億円を盗むほうが悪いのは正しいが
その持ち運んでる三億円は三億円の価値の麻薬だということを自覚しないといけない

256ななしのよっしん2017/09/13(水) 01:43:48 ID:pblwMzT5/Y
犯罪の記事が無いからここに書かせてもらうけど、
例えば、ムカつく奴を殴ったら犯罪者だよな？
このムカつくてのはバカにされたり煽られたりしたから。
犯罪だから手は出せない、ならこの怒りのやり場て法的にはどう解決させてるのか知りたい。

257ななしのよっしん2017/09/18(月) 15:25:15 ID:7G6gR1CB6q
>>256
侮辱罪や名誉毀損罪が相当する場合がある
ないし相手が上司などで、密室で長時間行われるなどした場合、暴行に相当する可能性もある

また、これらの不法行為に対して精神的慰謝料や謝罪を請求する場合は民事告訴を用いる

ただ、怒りを感じるかどうかを基準にするのはどうかと。お前呼ばわりされただけでブチ切れるグリニデのような相手とかは、どう見ても怒った側が変な訳だし、そのあたりの線引きが困難になるんで

258ななしのよっしん2017/09/21(木) 23:50:44 ID:KZ3XxUEDnS
北九州監禁殺人事件とかって陰湿なだけで全く面白みがない感じ。愛犬家殺人とか海外の有名所はカラッとしてるというかギャグ要素がある。

259ななしのよっしん2017/10/08(日) 04:00:50 ID:9t+dB8xyge
ハチ公像のてっぺんで脱糞を叫ぶ肛門！！！！！！！！！！！！！！！！！（犯罪）

260ななしのよっしん2017/10/11(水) 15:20:24 ID:bFAjwmDYeu
毎月１、２件…　娘が通う小学校周辺での“変質者情報”が多すぎて恐怖しかない
http://news.nicovideo.jp/watch/nw3011251?marquee
男狩りの始まりだな！男は皆性犯罪者！誰かれ構わずブタ箱に放り込んでやれ！

261ななしのよっしん2017/12/09(土) 08:56:53 ID:N4/KuhkgbQ
犯罪者は武術や格闘技とか習っていないのに、何で強いのだろうか？体力とか態度とか大きいし。

262ななしのよっしん2017/12/09(土) 14:31:47 ID:hM+qV7nrc+
体力は知らんけど、相手を傷つけたり殺したりすることを怖いと思ってないのは大きいだろうな

263ななしのよっしん2017/12/09(土) 14:53:14 ID:Ea+B7hUGh4
>>261
考えてみ？
「法に触れたり相手を殺したりしない手段を極力取ろうとする普通の人間」と
「最初から相手を刃物で刺そうが殺そうが何しようが何とも思わずに全力で襲い掛かる犯罪者」
同じ条件で向き合えば前者が不利なのは明らかだろう

264ななしのよっしん2017/12/09(土) 19:28:11 ID:N4/KuhkgbQ
>>263
彼らはタガが外れているから強いんだろうな。勝つ方法はないんだろうか？

265ななしのよっしん2017/12/10(日) 13:21:08 ID:N4/KuhkgbQ
犯罪者は図に乗って傲慢なのはどうしてだろうか？逆に傷つけられたり、殺されたりすることに恐怖は感じているのかな？。

266ななしのよっしん2017/12/13(水) 21:35:54 ID:CVAXXQTSHE
でも誰でも良かったなんて言いながら通り魔が襲うのはいつも明らかに弱い女子供年寄りじゃん
警ら中の警官襲った例とか無いし

267ななしのよっしん2017/12/16(土) 10:44:55 ID:N4/KuhkgbQ
強い奴を狙う気概を持てば良いのに・・・。自己保身が強い。

268ななしのよっしん2017/12/20(水) 11:06:38 ID:Ac+RXFCjxi
児ポ関連においては何故だか「犯罪者」に甘い
刑法175条違憲論などという珍説まで飛び出す始末

269ななしのよっしん2017/12/20(水) 11:10:41 ID:o8Dhms6oEa
逮捕して犯罪者認定して世間が叩きまくるって
生贄選びや中世の見せしめ拷問みたい

270ななしのよっしん2017/12/24(日) 08:20:00 ID:x8f4EGcPl/
>>266
(反撃の心配なさそうな奴なら)誰でもよかっただからね
弱さこそもっとも恐ろしい悪とはよく言ったもんだ

271ななしのよっしん2017/12/24(日) 15:11:21 ID:N4/KuhkgbQ
>>270
動物以下の行為が出来るんだな。人間は・・・・。あと弱いから大したことが無いのでは？。

272ななしのよっしん2018/01/22(月) 01:18:40 ID:Yq6sNlDtYx
>>269
所詮世間なんてその程度のものさ

273ななしのよっしん2018/01/26(金) 11:18:53 ID:N4/KuhkgbQ
強い者を狙う気概を持てば良いのにね・・・。そこら辺は人間らしいと言うか動物みたいと言うか・・・。

274ななしのよっしん2018/02/02(金) 11:01:24 ID:Z7YLUP/zEP
>反撃の心配なさそうな奴なら誰でもよかった
ネット言論そのものだな

275ななしのよっしん2018/02/04(日) 02:13:17 ID:1rVV91/C7i
犯罪者の人権なんかに配慮してる暇あったら被害者の保障と保護に手回せよ

276ななしのよっしん2018/03/02(金) 23:28:54 ID:1kNJkG0cv/
見えるぞ・・・手厚い被害者補償を弱者特権だ金目当てだと叩くネット言論の姿が見えるぞ・・・

277ななしのよっしん2018/03/17(土) 16:08:15 ID:x8f4EGcPl/
犯罪者に甘すぎるこの国の風潮に憂いを持ってる人の方が多いからまずそんなことにはならないよ

278ななしのよっしん2018/03/17(土) 16:19:34 ID:R27f7SIkHw
>>277
表面的にはこの国の風潮に憂いを持ってると見えるけど本質は優遇されている（ように見える）ことへの不満で叩いてるから被害者が優遇され（るように見え）ればそっちを叩くということでしょう

279削除しました削除しました ID:x8f4EGcPl/
削除しました

280ななしのよっしん2018/03/18(日) 19:26:05 ID:+JQmq01Dnt
いや、犯罪者だから何をしようが文句言うなってのは間違ってるだろ

281ななしのよっしん2018/03/26(月) 17:38:38 ID:Z7YLUP/zEP
犯罪者に甘い
ところで犯罪者に厳しくした結果逆効果になった例って知ってる?ミーガン法って言うんだけどね

282削除しました削除しました ID:1rVV91/C7i
削除しました

283ななしのよっしん2018/03/27(火) 18:55:26 ID:2YsbCHCLtz
ヘリを奪ってチラシ撒くのは大した犯罪じゃありません

284削除しました削除しました ID:x8f4EGcPl/
削除しました

285ななしのよっしん2018/04/05(木) 21:48:29 ID:A0IHbByOFF
乳児殺害、虐待受け続けた末　義父の子４度妊娠
https://t.co/ak0RWF9rc0
犯罪者に甘い社会ガー、犯罪者の更生反対！と言う人はこの女性のことも追い詰めるのかな
犯罪者=義父ということなら賛成だが
しかしこれで執行猶予なしの懲役四年とか…

286ななしのよっしん2018/04/05(木) 22:03:19 ID:9G27RfnVwH
この義父は親どころか人として狂っている
過激なことを言えばこの義父は八つ裂きの刑ですら生温い

287ななしのよっしん2018/04/08(日) 01:46:05 ID:x8f4EGcPl/
>>285
殺人は殺人なんだから当たり前でしょう
その養父も虐待が事実なら罰せられるべきなのは同じ

288ななしのよっしん2018/04/26(木) 21:59:03 ID:Z7YLUP/zEP
あまり他人を犯罪者呼ばわりしてると単なる私刑にしかならず名誉毀損が成立しうる程度には正当性もなくなるだけなんだよなぁ
公共の利益はそこまで強い免罪符じゃない

289ななしのよっしん2018/04/26(木) 22:11:40 ID:qBiSGHaEME
>>287
過去の事例で、父親にかなり酷いせっかんを受けて殺害
尊属殺人規定で重罪は免れなかったけど色々と試行錯誤を重ね執行猶予って判決がある
後は介護疲れの末に母親を殺めた事件も執行猶予が出てた

290削除しました削除しました ID:x8f4EGcPl/
削除しました

291ななしのよっしん2018/05/03(木) 19:24:50 ID:MTGbyn9+4Q
>>290
あなたの答え方は煽りにしか見えないよ
289は、同じような事件で執行猶予という判決が出たことから
殺人でも懲役判決が行われない場合はあるということを示しているのでしょ

292ななしのよっしん2018/05/05(土) 10:34:05 ID:0mZU9leHCY
厳罰論な人は攻撃的、と

293削除しました削除しました ID:x8f4EGcPl/
削除しました

294ななしのよっしん2018/05/06(日) 00:15:41 ID:7G6gR1CB6q
要は情状酌量って概念を知らないか、知った上で全否定したい訳ね？

295ななしのよっしん2018/05/07(月) 19:04:02 ID:bhIIgG6UWv
ニュースにおける犯罪者叩きは見てて不快。

296ななしのよっしん2018/05/16(水) 03:44:09 ID:kOLKCk+gTz
我が国における厳罰論者は加害者への憎悪やら被害者がかわいそうという気持ちだけでこれまで数千年の長きに亘って積み上げてきた法の歩みを無に帰させたいみたいなのでとりあえず無秩序な国にでも一ヶ月くらいいってそれがどれほど恐ろしいものなのか体感した上で本当に自分の主張は秩序維持に資するものなのか考えていただきたい。
そういう状態を回避すべく世界中で犯罪者には鞭だけでなく十分なアメが与えられてるってきっと分かるはずだから

297削除しました削除しました ID:rQwwA33j04
削除しました

298ななしのよっしん2018/05/20(日) 01:23:35 ID:p5sxvq4O4K
しかし犯罪者に甘くすれば再犯率が下がるってなんでなんだろうな
あいつら何考えてんだろ、そこは調子にのってやりたい放題やらないのかよ

299ななしのよっしん2018/05/20(日) 01:36:42 ID:E7N/xwtAgb
>>296
まあ日本に限らず厳罰化って感情論が先行した結果なるものだけどね
アメリカなんか結構な厳罰大国だけど客観的な議論は置き去りにほとんど感情論で進めていったし、しかし治安は先進国中最悪レベルという
それでも前よりはマシになってはいるけど
同じく厳罰傾向の強い中国も特に治安がいいとは思えないし

>>297
無秩序な国って法律上は厳罰な国多いよ、警察組織なんかに問題があることが多いのも事実だけど法律を厳しくするだけで治安が良くなるわけではないのは確かだ
無秩序な国を見てそう思えなくても秩序立って治安のいい国を見たらそう想う人はいるかもね

300ななしのよっしん2018/05/20(日) 01:43:58 ID:K98VGw9HN+
×犯罪者に飴を与えれば治安が良くなる
〇犯罪者に飴を与えなければならない程に社会が追い詰められている(腐っている）

301ななしのよっしん2018/05/20(日) 01:44:19 ID:E7N/xwtAgb
>>298
甘くしたら再犯率が下がる、ということをはっきり示すデータがあるわけではないのでは
飴というのは北欧あたりが念頭にあるんだろうけどあれには少し誤解もある
ああいうのは別に犯罪者の人権擁護とか単に甘やかすというんじゃなくて、刑務所でもなるべく外の世界と同じように過ごさせた方が社会復帰しやすくなるだろうという考えが根底にある
実際日本でも前科持ちということで中々就職出来ず、結果再犯につながってしまうというケースは結構あるので筋は通っていると思う

302ななしのよっしん2018/05/20(日) 01:48:09 ID:E7N/xwtAgb
厳罰したから犯罪が増える(減る)、甘くしたから増える(減る)という単純な話でもないだろうしそれぞれ意見は異なっていいんだけど
ろくにデータの検証もしないで感情論で突っ走るというのだけはどういう立場であれやめてほしいね
思い込みと感情が先行した結果大惨事を引き起こした例は山ほどあるわけだし

303ななしのよっしん2018/05/20(日) 02:39:06 ID:8RDOhdG34l
>>299
まあ実際世界の革命とかとばっちりで殺された貴族も沢山居て大体金持ち腹立つから死刑！
俺達貧乏人の怒りを思い知れ！って勢いで殺してたりするからねそれが間違ってるかといったら
その時代では正しかったのだろうという話になるし
でもネットを除いてると厳罰とはいかずとも中傷された！荒らし対立煽りステマ
全て処罰しろ！みたいなの一杯居て難しいんだろうなあって、法律も無いのに
裁けるわけないやんそんなん

304ななしのよっしん2018/05/20(日) 03:10:52 ID:T2axixWmgX
どんなに厳罰化しても天秤にかけられるものがないor自分で捨てた方がマシと考える人にとっては効果は無いだろうね
何か社会的な人質となりうるものを持たせて自制させる事が基礎として大事だと思う

305ななしのよっしん2018/06/01(金) 17:49:52 ID:0mZU9leHCY
人質を持たせるのが有効と判断できるなら五人組のような制度は永遠に続くはずなんだがな

306ななしのよっしん2018/06/04(月) 13:24:37 ID:CVAXXQTSHE
殺人や傷害事件は被害者への同情が多いが詐欺だと何故か被害者叩きも増えるんだよな
そんなのに引っかかるのが悪いとか被害額が大きいほど妬みが混じった様なコメントも見られる

307ななしのよっしん2018/06/06(水) 23:36:40 ID:alu3znJ1rT
どう綺麗ごと吐いた所で実際に檻から出た犯罪者どもと仲良くしなきゃいけないのは俺たちパンピーなんだからよ
当然アメはもらえますよね？

308ななしのよっしん2018/06/08(金) 23:38:48 ID:7G6gR1CB6q
これは待遇を良くするか、悪くするかだけだといずれも取りこぼしがあるな
昔、頼藤和寛って医者が、性格の類型として、罰に感受性の高いグループと報酬に感受性の高いグループがある、というモデルを示してた記憶がある

折衷すると、厳罰化しつつ不定期刑を導入して、更生プログラムの成績次第で大幅に減刑して社会復帰へのインセンティブを与える、という辺りになりそうだが
あとは環境整備だろうな。出所後の人間関係がないなら、互助グループ的な集団を斡旋したり、身内に悪い連中がいる場合は転居してのリスタートの援助とかの類

309ななしのよっしん2018/06/09(土) 12:05:44 ID:6J9V2QuUoH
甘くすると再犯率減るってのは、厳罰故の前科の重み、長期間の拘束による社会復帰の難しさから、先がなくなったことへの絶望による開き直りや自暴自棄が減るのもあるんだろう。

魔がさした犯罪、知らずに犯罪、どうせ捕まらないしと安易な考えによる犯罪、立場上逆らえず行う羽目になった犯罪とかもあるだろうし、社会に戻るという一縷の望みすら絶たれたと思ったことで、もう人生どーでもいい、生活厳しすぎて犯罪しなきゃ生きれないと再犯しやすくなったら悪循環だし。

こういうのは更生プログラムとセットで考えるべきだが。

310ななしのよっしん2018/06/09(土) 12:26:42 ID:o8Dhms6oEa
受刑者問題に限らないけど
「無知の浅知恵」「素人の浅知恵」で「○○すれば××問題なんて解決だ！」ってお気楽なヒトが多いね

エビデンスは「俗流経済学」「俗流心理学」「俗流統計学」の俺理論

なんというかもうちょっとアカデミックな読書体験がいるのじゃなのかな
たとえるなら比較優位を理解してないヒトが「貿易論」を語るようなものだし

311ななしのよっしん2018/06/09(土) 23:51:47 ID:kOLKCk+gTz
急にどうしたの

312ななしのよっしん2018/06/10(日) 13:13:26 ID:CVAXXQTSHE
東大法学部出の官僚や政治家が難儀してる事を一般人が簡単に解決できるわけないのにな
よく街頭インタビューでしたり顔のアホが官僚や政治家は役立たずとか言ってるけどあんたより１億倍くらい頭いい人間だろといつも呆れるわ

313ななしのよっしん2018/06/10(日) 13:20:34 ID:GV8qRJRd6C
金・教育・愛が足りてる人はすすんで犯罪なんかしない
これらを与えずに罰だけで犯罪を減らそうとするから犯罪撲滅ができないんだよ

314ななしのよっしん2018/06/11(月) 03:02:44 ID:8y/IbidO+2
人を見下すのは、人に見下されるのを恐れているから
人を悪く言うのは、人に悪く言われるのを恐れているから

なら、人を罰したがる人は、一体何を恐れているんだろうな？

315削除しました削除しました ID:x8f4EGcPl/
削除しました

316ななしのよっしん2018/06/12(火) 20:49:21 ID:8y/IbidO+2
>>315
>>314のことだけど、他の記事読んでて頭ごっちゃになってた。言葉足らずだった。

でも、興味あるならスマイリーキクチ中傷被害事件って記事見て欲しい。知ってるならいいが、>>314で言いたかった「罰したがる人」てこういう奴らのこと
少なくとも皆が皆「犯罪者が恐ろしいから」って理由で懲らしめてるとは思えなくなった。

317ななしのよっしん2018/06/16(土) 00:03:25 ID:x8f4EGcPl/
>>316
証拠もないのに殺人犯認定して誹謗中傷繰り返した犯罪者連中のこと？
あれは罰したがる人とかじゃなくてただのいじめ加害者じゃないの？

318ななしのよっしん2018/06/16(土) 14:54:10 ID:hiElvC3B1q
事故でけがをした人を見かけたとき、急いでるからといって救急車を呼んで去ると犯罪になる
中途半端はいけないのはわかるが、このことを聞いたら加害者にならない限り救急車を呼びたくなくなるわ

319ななしのよっしん2018/06/16(土) 15:09:45 ID:GV8qRJRd6C
>>315
は？
お前みたいなのにいうとるんじゃ

320削除しました削除しました ID:5rI5xqJwXc
削除しました

321ななしのよっしん2018/07/03(火) 16:08:14 ID:NUSJie/fJ7
>>316
罰したがる人っていうのは優越感に浸りたいだけだと思う
相手は犯罪者って大義名分があって、匿名で一方的に攻撃出来るからな

ふと思ったのが、犯罪者がその犯罪によって生じた誹謗中傷に対し訴訟を起こせるのか？
訴訟の過程で犯罪者が罰したがる人の個人情報を手に入れ報復って事もありえるのでは
無知の発想だけどそれが出来る場合、匿名で言いたい放題ってのは薄氷な上での行為に思える

322ななしのよっしん2018/07/03(火) 16:26:47 ID:f8Fxg5T3t1
「ネットイナゴ」の記事にもキクチ事件を正義感からの叩き(＝罰したがる人)と言ってる人がいたな。

その手の「荒らしを憎んでるはずなのに荒らしの大義名分を信じてる系の人」って、
頻繁に>>317>>321みたいな的確なツッコミを各所で受けてるはずなんだけど、
妙に頑なに信じてるところがあって、工作か何かかなと思うことが多い。

323ななしのよっしん2018/07/08(日) 19:38:10 ID:l6o0ZsMlfK
スレチ

324ななしのよっしん2018/07/27(金) 05:47:22 ID:CVAXXQTSHE
これからはネットイナゴ的な人間が司法試験を受けて現実に人を裁ける立場につく可能性も大きくなるのではないかと思う
ネットで犯罪者を叩いてるうちに直接自分が裁きたいと思って裁判官や検察官を志す場合もあるだろうし

325ななしのよっしん2018/07/28(土) 21:59:02 ID:RkQ+xP6sKl
>>313
その通り、だからこそ「犯罪を犯さず真面目に生きている人間」も含めた底辺全体の環境を底上げするのがベスト
でもそれが出来ないのならガス抜きのために犯罪者様には犠牲になってもらうしかないんだよね

326ななしのよっしん2018/08/27(月) 00:13:38 ID:PYIiakjSs5
私刑を肯定してる時点で真面目もクソもない件
ここは法治国家で私刑は正真正銘の『犯罪』なんだよ

327ななしのよっしん2018/08/27(月) 02:43:22 ID:/zFg64Jb6b
まるで犯罪者擁護しない人間はみんなネットリンチしてるかのような言い草だな

328ななしのよっしん2018/08/27(月) 02:57:18 ID:fXMR60Y/CW
そんなん皆殺されたくないし普通なら擁護なんてねぇ
特に誰がやったかはっきりしてたらな

329ななしのよっしん2018/09/03(月) 00:30:19 ID:/zFg64Jb6b
まぁ犯罪者かわいそうなんて言いながら自分達は更生のための負担を一切背負わず、呑気に格差社会マンセーして下流見下してる内は空気が変わることはないでしょ
何故なら犯罪者とはまさに見下されるべき社会の最底辺であって、実際に檻から出た犯罪者と直に接していく事になるのは主に下流の人間だから

330ななしのよっしん2018/09/18(火) 10:25:02 ID:Vx10efeQ0N
よく思うのは
犯罪者について議論するなら自由意志の問題についても触れるべきってところ
議論はまだあるけど（少なからず一般にあると信じられてるような）自由意志はないというのが脳科学、心理学の主流になりつつある
ここで生じる問題は自由意志がないことを認めたら
犯罪者が「私は犯罪を犯したがそれは私の意志ではない。意志に自由はなかったのだから私が罪を負う責任はない」
という主張を認める
つまり犯罪者が負う道義的責任が失われてしまうということ
だけどこういう例もある
幼児への性的虐待で有罪になったある男の脳に癌が見つかってそれを取り除いたら
児童ポルノ収集をやめて
リハビリプログラムを模範的にこなせるようになったという事例
https://jamanetwork.com/journals/jamaneurology/articlepdf/783830/nob20054.pdf
こういった例に対しても犯罪者に対して道義的責任を負わせるというのはかなり酷だと思われる
こういった話に対して「こういう特殊な例はともかく普通の犯罪者にはこれは当てはまらない」という反論が返ってきそうだけど
この「脳のガンによって」行われた児童虐待には道義的責任を負わせず
「自由意志ではないニューロンの発火によって」行われた諸々の犯罪の間には道義的責任を負わせるのはなぜ？という問題が出てくるし
もし仮に自由意志というものがあるとしてもこれからの科学の発展で
今まで自由意志によって犯罪を犯していたという犯罪者が実は自由意志とは関係のない部分によって犯罪を犯していたという事実が明らかになる可能性はゼロではない
かなり前からそういう試みは行われているという事実もあるし
https://wired.jp/2004/12/16/神経科学が問いなおす「自由意志と責任」/

331ななしのよっしん2018/09/18(火) 10:50:05 ID:Vx10efeQ0N
自由意志云々の話をしたがこっちは別に犯罪者には罰を与えなくてはいいとは言ってない
そういう自由意志はないとする研究者でも
罰や監禁は犯罪抑止効果があるからある程度は必要というのが一つの見解（もっと犯罪者の復帰に有利なように変えられるべきだとは思うが）

332ななしのよっしん2018/10/13(土) 11:15:13 ID:N4/KuhkgbQ
>>286
性的虐待をした養父が殺人事件を起こした元凶じゃないか？この元凶さえいなければこんな悲劇は起きなかった。それにしても養父って虐待する確率が高いな。

333ななしのよっしん2018/10/14(日) 20:31:01 ID:x8f4EGcPl/
何でもかんでも親と周りのせいにできるってすごく楽だな

334ななしのよっしん2018/10/26(金) 11:35:28 ID:810tj3s+XE
>>333
親と周りのせいじゃないのにそう言ってるならともかく
本当に親と周りのせいなら楽だろうがなんだろうが問題ないだろ

335ななしのよっしん2018/10/31(水) 15:12:17 ID:B2db34FGpx
確かに虐待受けて4回程度妊娠させられただけだしすごく楽だよね〜

336ななしのよっしん2018/10/31(水) 20:18:40 ID:x8f4EGcPl/
関連性に裏付けがあるのかどうかわからないしその証拠が必要
主観的に関連してると思うというのは恣意的で話にならない
そもそもそれらが正しいとしたところで殺人を犯したのは事実なんだから関係ない
虐待を受けたら必ず人を殺す？そんなはずない
虐待された過去があってもまともに生きている人間に失礼

秋葉原で無差別殺傷した奴の母親を責めてたようなのがこういう犯罪者を擁護するんだろうな

337ななしのよっしん2018/10/31(水) 22:41:49 ID:B2db34FGpx
いや知らんけど、ただ楽だよなーって思っただけよ

338ななしのよっしん2018/10/31(水) 22:52:27 ID:7G6gR1CB6q
>>336
蓋然性って言葉があってな。大体かくかくの状況があればしかじかの行動なり反応があるだろうって期待値を出さないと量刑の一定って無理じゃない？

虐待を受けたら〜って考えは使い方しだいで相当酷い結論が出るから、自分は好まんな
例えばLD80の量の毒を飲んで死んだやつは、死ななかったやつがいるから弱いだけで、その物質の毒性はたいしたことがないのか？
あるいは公害のひどい地域でも健康な人間がいるから、その地域は安全で、公害対策をするのは健康な人間に失礼なのか？
確率と可能性無視すると、使い方次第で上記のような不合理な理論がまかり通ってしまうぞ
だからある程度の範疇で情状酌量を認めているわけだが

339ななしのよっしん2018/11/04(日) 15:11:47 ID:VmyJ788jJQ
虐待されても歪まない人格を求める心理って何だろうな
自分の好きにできるお人形さんでも欲しいのか？そういう奴は多そうだ

340ななしのよっしん2018/11/04(日) 18:22:10 ID:x8f4EGcPl/
歪んだからと言って犯罪に走るとは限らないだろうに
原因をそこだけに求めず本人がどういう人間だったのかを広い範囲で調べた上で判断すべきだろう
不幸な家庭環境だからといってこの母親のような凶悪犯罪者を擁護する意見の方が異常

341ななしのよっしん2018/11/04(日) 18:34:02 ID:gk+osJPyPL
人格が歪めば犯罪者になる可能性が一気に上がるのは事実だからなぁ
別に犯罪者を擁護しているわけじゃなくて、そこに大きな原因があると思うのは当たり前なわけで

342ななしのよっしん2018/11/05(月) 13:59:02 ID:0mIadM9MaH
本当に虐待が原因だったのかはともかくとして科学の発展や世間の価値観の変化によって今まで犯罪者の責任だと思われてたものがそうじゃないっていう例はあるよな
>>330で出てる癌患者だってこういう知識がない時代なら確実に犯罪者だったろう
今話題にあげられてる母親だって虐待が悪影響を及ぼすっていう考えがなければ確実に情状酌量の余地なしって意見が大多数だったろう

343ななしのよっしん2018/11/06(火) 22:32:43 ID:7G6gR1CB6q
>>340
歪みの結果が様々な問題行動に現れて、その行為に法に抵触するものがあれば犯罪、ってだけ
つーか、「本人がどういう人間だったのか」ってのも、これこれの特性を持った奴で犯罪を犯したケース、犯さなかったケースとか場合分けが増えるだけで、この人間がこのケースで行った行動の因果関係の特定には到底ならんのだ、残念ながら

それに、そのレベルでの立証を被害者側に求めると、立件する側もそれに即した細かさで犯罪事実を立証せねばならなくなる
これこれの有形力を行使してこれこれの本件結果が生じたが、同様のケースで結果が生じなかったケースがあるから、とか言いだしたら到底裁判実務に堪えんよ

344ななしのよっしん2018/11/07(水) 22:20:34 ID:x8f4EGcPl/
殺人の原因が父親の虐待ならその父親が虐待に走った原因も探さないといけなくなってくるだろ

345ななしのよっしん2018/11/07(水) 22:32:11 ID:810tj3s+XE
>>344
虐待の事実があれば別にその虐待の原因まではいらんだろ
その父親が裁判にかけられてるならともかく

346ななしのよっしん2018/11/09(金) 21:44:24 ID:7G6gR1CB6q
>>344
無限遡行って奴だな
「ミュンヒハウゼンのトリレンマ」って記事見ればわかるが、確実かつ全く主観を廃した根拠づけって不可能なんだわ

結局、法にしても何らかの公理を設定した上で、社会の要求にある程度近づけて解釈を変更してる側面はある
社会の要求ってのもこれまた安定しないこと甚だしいんで、これに屈服すると韓国のいわゆる国民情緒法が優先という事態になる

347ななしのよっしん2018/12/07(金) 13:49:12 ID:bqMF4uxo+h
のっけから定義が間違ってるじゃん。
犯罪者とは，構成要件に該当する違法かつ有責な行為をした者，だろうが。
刑罰法規ではない単なる法令違反者は犯罪者じゃねえし，刑罰法規に触れる行為をした者でも，違法性が阻却されたり責任が阻却されたりした者も犯罪者じゃねえよ。
誰だよこんないい加減な記事を書く奴は。

348ななしのよっしん2018/12/17(月) 03:27:56 ID:x8f4EGcPl/
>>345
「親が悪いから殺人しました」ってなったら当然その親にも追及がいくだろ
何でそこだけ無関係みたいな話になるんだ？
都合のいい時だけ持ち出すのは公平じゃない

349ななしのよっしん2018/12/17(月) 14:23:38 ID:810tj3s+XE
>>348
今はあくまで「裁判でどのような判決を受けるべきか」って議論をしてるのに
「倫理的にどうか」って議論じゃなくね
もしそこら辺ごっちゃにしてるなら分けるべきだし
倫理的にどうかってことならスレチになりかねない

350ななしのよっしん2018/12/17(月) 14:41:02 ID:810tj3s+XE
要は「その女性がどのような判決を受けるか」にとっては「親の影響があったか」というのは重要かもしれないが
「親がその行為に至った原因」はいらない
>>「親が悪いから殺人しました」ってなったら当然その親にも追及がいくだろ

確認したいんだがここでの「親への追及」って法的なものなのか倫理的なものなのかどちらなんだ？
ここでその親に対して法的に咎められるところがある（つまり犯罪者）という議論をしたいのか
その親が倫理的にどうなのかって議論をしたいのか
前者ならそういう議論として別に始めればいいし
後者なら犯罪者という部分に関わらないなら極力避けるべき

351ななしのよっしん2019/01/22(火) 01:03:12 ID:2fIWYMQocM
犯罪者に甘いとよく言われるけど、その甘さにみんなも救われているのかもしれない
名誉毀損や二次創作やら引用という名の無断転載とか訴えられてないだけでグレーもしくは黒なだけなことって一杯ありそうだし

352削除しました削除しました ID:G4LHnL/ss1
削除しました

353ななしのよっしん2019/02/06(水) 12:51:19 ID:CVAXXQTSHE
官庁の文書改ざんとかって万引きや煽り運転よりよっぽど社会に甚大な影響を及ぼす犯罪だと思うが
一般市民にとっては話が大きすぎてピンと来ないせいか
後者の身近に起きそうな犯罪の方が許せないって思う奴が多い

354削除しました削除しました ID:/vVSm2vtiY
削除しました

355ななしのよっしん2019/02/13(水) 17:40:04 ID:8OyCrhbi2k
>>351
ネット「日本は犯罪に甘い！犯罪者に優しい世界！」
じゃ仮に犯罪に厳しくなったら真っ先に刈り取られるとこはどこかって言ったら他ならぬネットだと思う。
誹謗中傷やらデフォルトで言いたい放題、法に触れる行為やりたい放題の世界なんて今時ネットぐらいのものだし
中国なんてネットの書き込みを点数化してリアルで受けられるサービスにも上下をつけようなんて試みが議論されるぐらいだけど。

