足立淳 2019-08-26/00:44 324

1 ななしのよっしん 2019/05/27(月) 19:51:27 ID: BHkPS3NQzc
建て乙
まんがオリジナル世田谷の事も書いてくれよん

2 ななしのよっしん 2019/05/27(月) 20:00:41 ID: m5e85RxzYm
これで書き込みが移ればいいんだけど…

3 ななしのよっしん 2019/05/27(月) 20:13:31 ID: xV5TJipHrz
とりあえずこれ読んで

足立淳よ、訴訟を宣言した以上守秘義務を理由に報告を怠る事は出来ないぞ
https://note.mu/kukkurina/n/n558a42f0e80a

4 ななしのよっしん 2019/05/27(月) 20:20:32 ID: arBCEjts4H
煽り耐性が低いと身を滅ぼすってのは自分が見てる作品で嫌と言うほどわかるはずなのにこの有り様
いや、その程度の理解力すら無いからこうなったと言うべきか

5 ななしのよっしん 2019/05/27(月) 20:23:27 ID: eOyK/h05P+
身を滅ぼしそうなのはどっちなんでしょうね

6 ななしのよっしん 2019/05/27(月) 20:34:02 ID: LoiT1VGQ4t
一時とはいえ贔屓にしていた店の記事を、ろくでもない理由で急上昇させた原因
嫌いになるのに理由は十分だったわ

7 ななしのよっしん 2019/05/27(月) 20:35:54 ID: HLO/z/NXer
＞…今明かすけど、実は作者は法学部法律学科出身なのだ。
＞だからすぐに法律事務所にアポを取れて、何十枚もあるスクショを
＞要点だけまとめて、ケムリクサのケも字も知らない弁護士さんに一から説明して、
＞30分の時間内に説明することができたのだ。
＞勉強やコネ作りじゃ無駄ではなかったのだ。

うわぁ…（白目）
「ぼくはしりあいにそーりだいじんがいるんだぞ！」って自慢してる小学生かな？

8 ななしのよっしん 2019/05/27(月) 20:48:26 ID: j/k04QPeJW
何故か相手取ってるらしいククリーナの方もかなり言動がアレな奴なのは違いないんで手放しに応援したいわけじゃないんだけど今回は足立さんサイドの諸々がガバガバすぎるんだよなぁ

9 ななしのよっしん 2019/05/27(月) 20:51:26 ID: xV5TJipHrz
ククリーナさんだけではなく別人にもこんな感じで無差別訴訟脅迫を行っているんだよ

足立淳はとーじ氏を訴えるのか？～けもフレ裁判序章～
https://togetter.com/li/1360019

10 ななしのよっしん 2019/05/27(月) 20:55:43 ID: HLO/z/NXer
>>3でも書かれてるが
本気で訴訟をするつもりがないのに「訴訟するぞ」と揺さぶるのは脅迫罪が適用されるぞ
自称法学部法律学科出身の足立淳は当然これくらい知ってるよな？
吐いた唾は飲み込むなよ？

11 ななしのよっしん 2019/05/27(月) 21:20:54 ID: Lbo7K8gidM
こんな救えないバカ同人作家初めてみたゾ...

12 ななしのよっしん 2019/05/27(月) 21:36:48 ID: Kk4hj4wIs0
超三下だけど他所に迷惑かけるなよ

13 ななしのよっしん 2019/05/27(月) 21:40:08 ID: PqqTI1CNt5
大量懲戒請求のアホウヨにさん付けとかxV5TJipHrzはククリーナ本人かな？
http://blog.livedoor.jp/nanyade/archives/11288895.html

14 ななしのよっしん 2019/05/27(月) 21:48:58 ID: ezV8lpuFWR
まあククリーナもアホだが足立はさらに上回る勢いでアレだからなぁ

15 ななしのよっしん 2019/05/27(月) 21:49:21 ID: Xm0/jZdmVA
東方・艦これ時代から炎上してたってマ？

16 ななしのよっしん 2019/05/27(月) 21:51:48 ID: +dTqWbxopC
足立の敵が多すぎて把握出来ない。ツイでのお味方は自分の複垢ファンネルっぽいし。幕末の坂本と違って複垢ファンネルを防御に使ってるのが興味深い。

17 ななしのよっしん 2019/05/27(月) 21:53:39 ID: rM+BpJanL9
日高屋アライさんすこなんだ😄

18 ななしのよっしん 2019/05/27(月) 21:54:05 ID: dC/EYIIT2e
見てきたけどとーじって人が本当に動いたら足立終わりじゃん
訴訟起こさないなら訴訟詐欺だし、仮に本当に裁判になっても勝ち負け関わらず
日高屋サイドが動くだろ、これ

19 ななしのよっしん 2019/05/27(月) 21:57:06 ID: eOyK/h05P+
日高屋美味いのだ―って言ってるだけの漫画にどう動くんだよw

20 ななしのよっしん 2019/05/27(月) 22:09:08 ID: TTEFWUd8aH
不当大量懲戒請求に加担するようなNTUYで緑の手帳持ってるククリーナと事実かどうかも分からない警察関係者だぞー！とか言ってイキってるどーじぐらいしか頼れる()奴居ないって…www

21 ななしのよっしん 2019/05/27(月) 22:11:03 ID: +dTqWbxopC
幕末の坂本は複垢を使った荒らしをニコ生で自慢してもファンが金を払ってでも付いていくという恐るべき人望を示した。足立もニコニコで生主したらどうだろう。複垢で防御という惨めな事をしなくても金をくれた上に守ってくれるファンが出来るかも知れん。年収一億円らしい。

22 ななしのよっしん 2019/05/27(月) 22:12:22 ID: dC/EYIIT2e
日高屋は問い合わせで日高屋アライに対してこちらは指示、関知は一切してないし
今は静観してるけど言論の自由に反する行いをしている場合は法的措置も含め、顧問弁護士と相談中って返事返してるんだよなぁ

23 ななしのよっしん 2019/05/27(月) 22:12:56 ID: TTEFWUd8aH
美味い美味い言ってる同人誌がー！←ヘイト要素ないし放置じゃん多分
イメージダウンがー！迷惑がー！←大騒ぎして自分達でイメージ下げたり迷惑かけてるだけじゃん

24 ななしのよっしん 2019/05/27(月) 22:13:21 ID: ZjVw+iaOPi
>>19
けもフレ側に権利侵害と言われた場合に、諸々の費用を足立淳が払ってくれるように、でしょう。
漫画の内容に対しては何も言わなかったとしても「日高屋アライさんは日高屋の許可は取ってるんですか？」と心配してくれるフレンズがいるけど大丈夫なのだ！　相互フォロワーにも何人か日高屋の社員がいるのだ！」というツイートはお金の話が絡んでくる。

25 ななしのよっしん 2019/05/27(月) 22:14:16 ID: qLWxbpAwZL
さすがに、日高屋は動かないだろう。
足立に問題があるとはいえ、日高屋からしてみれば、ただ単に日高屋を題材にしてる本をだしてるだけだ。
少し、誇張し過ぎではないか？

26 ななしのよっしん 2019/05/27(月) 22:17:36 ID: XK1S+7Tw85
この人のこと自体今回の件で初めて知ったんだけど
そもそもどのぐらい有名な漫画家さんなんだ？
過去に同人イベでアレな行為したとは聞いたが

27 ななしのよっしん 2019/05/27(月) 22:18:27 ID: +dTqWbxopC
日高屋は動かないんじゃないか？ただ、けもふれ騒動って予想の斜め上の展開が多いから足立の超ファインプレイ（自爆）で日高屋が動く可能性はある。けもふれの騒動って理解出来ない事ばかり起きるから怖い。

28 ななしのよっしん 2019/05/27(月) 22:18:39 ID: xV5TJipHrz
まあフォロワーの日高屋社員からイラストを依頼されるくらいだし
そっち方面は十分に融通が利きますよ

29 ななしのよっしん 2019/05/27(月) 22:20:14 ID: dC/EYIIT2e
それで足立が今してる事は弁護士、訴訟ちらつかせて自分へ反対意見を黙らせようとしてるわけで...勝手に名前使ってる奴がそんな事してる挙げ句、実際裁判なんて騒動起こされたら、そりゃ日高屋動くだろ

30 ななしのよっしん 2019/05/27(月) 22:20:59 ID: 0MNhduZm/v
どーじって人強すぎて草
対応力ダンチ過ぎて足立君もう駄目でしょこれ
Twitterも見たけどちゃんと自分のスタンスを定めた上で、根拠になるものを提示して話してるから凄いわかりやすかったわ

31 ななしのよっくん 2019/05/27(月) 22:28:51 ID: 4WZYlSYZWL
日高屋は現状じゃ動く要素無いしな。日高屋関連の書籍で何かしたわけでは無い。
過去の書籍に問題があるのと、同人で金儲けをして生活しているって発言
弁護士への相談内容が所謂『業務妨害』である点をKFPがどの程度重く受け止めるかだが
味方みたいなもんだから放置するだろうな。

32 ななしのよっしん 2019/05/27(月) 22:28:52 ID: eOyK/h05P+
法テラスに足立って人来ましたかって問い合わせしちゃう対応力はたしかに常人では真似できんわ

33 ななしのよっしん 2019/05/27(月) 22:30:55 ID: dC/EYIIT2e
日高屋の言論の自由反するってのも訴訟、訴訟って周囲黙らせようようとしてる足立の行動意識してんのかもね

34 ななしのよっしん 2019/05/27(月) 22:31:19 ID: +dTqWbxopC
実はKFPの依頼で・・・とか暴露したら足立さんは英雄になれるのに、そんな事もないんだよな。これからもずっとプチ炎上で残念だな。

35 ななしのよっしん 2019/05/27(月) 22:33:01 ID: xV5TJipHrz
ただいま！　守秘義務！らしいが
弁護士との相談内容を会話に至るまでツイッターで公開し続けた足立先生は問題が無いのか？

36 ななしのよっしん 2019/05/27(月) 22:34:46 ID: LB0RlgCapX
そもそも相談してなければなんの問題もないな

37 ななしのよっしん 2019/05/27(月) 22:36:41 ID: 0MNhduZm/v
>>32
それ足立君がTwitterに上げた写真で特定されてんだよね

https://megalodon.jp/2019-0527-2232-54/https://twitter.com:443/douji/status/1132832071158648832

38 ななしのよっしん 2019/05/27(月) 22:41:16 ID: BxD8qRa24h
一応突っ込んでおくと、ガンボの連載は「人間噂八百」（～うわさ～）な
まぁ、内容は噂だからと裏取りも取材もろくにせずに妄想ベースで進めて責任も持たない、嘘八百と呼ぶ方が妥当な内容であったとも聞いているが

39 ななしのよっしん 2019/05/27(月) 22:41:38 ID: hJRWmzicj5
これほんと嫌い
https://www.pixiv.net/member_illust.php?mode=medium&illust_id=44542808

40 ななしのよっしん 2019/05/27(月) 22:44:00 ID: eOyK/h05P+
>>37
答えになってない

41 ななしのよっしん 2019/05/27(月) 22:45:00 ID: i66tkHcrD9
日高屋さんは自分の屋号勝手に使われて商売されてるのになんもしないんかな？
まあわざわざ汚物の処理したくないもんな
飯屋やからその辺は気ぃ付けてんやろな

42 ななしのよっしん 2019/05/27(月) 22:45:13 ID: h+T1FQRvs4
対抗者がハッタリでしかない可能性が高いのに、売り言葉に買い言葉属性のある足立が反応しないのがみどころさんだぞ

43 ななしのよっしん 2019/05/27(月) 22:45:50 ID: LB0RlgCapX
こういうの配布しちゃいけないイベントで自分ルールで配布しようとしたら締め出されて逆ギレしてるから嫌い

44 ななしのよっしん 2019/05/27(月) 22:46:19 ID: eOyK/h05P+
>>41
商標のことなら足立が日高屋って名前で店開かん限り何もできんぞ

45 ななしのよっくん 2019/05/27(月) 22:47:03 ID: 4WZYlSYZWL
>>41
著作権の部分じゃないからな。その名前で料理店開いたらアウトだが、漫画描くなら黙認されるだろう。
よっぽどクソマズイだの不衛生だの業務妨害しない限りは、だけど。
なお、けもフレのキャラ使って金儲けしてるって公言しているからKFPの方が訴えたら勝てる。

46 ななしのよっしん 2019/05/27(月) 22:48:19 ID: xV5TJipHrz
足立の相談した弁護士が訴訟相手に土下座までさせようと持ち掛けてきたって話は恐ろしいな

47 ななしのよっしん 2019/05/27(月) 22:48:43 ID: DoN9CXesvX
同じお問い合わせ案件でも細谷の件と違って日高屋は大して関与してないし動かんだろ

48 ななしのよっしん 2019/05/27(月) 22:51:01 ID: CJwcl+7e6B
正直、下手に騒ぎを大きくして他に同人やってる人にも迷惑かけないで欲しいと思う
日高屋にお問い合わせとかそれこそ愉快犯では…同人が滅ぶかもしれんぞ

49 ななしのよっしん 2019/05/27(月) 22:51:58 ID: eOyK/h05P+
まるで無辜の一般人が突然訴訟するぞと脅されてるかのような認識で笑える(笑えない)

50 ななしのよっくん 2019/05/27(月) 22:52:57 ID: 4WZYlSYZWL
示談狙いならともかく裁判にはならないだろうからなぁ。
弁護士の報酬って依頼主が得る利益から決まるって話だし
良くて10万とかの裁判なんて労力無駄すぎて受けたくないだろう。
相談は一回いくらで良いカモになるんでどんどんウェルカムだろうけど。

51 ななしのよっしん 2019/05/27(月) 22:54:05 ID: LB0RlgCapX
公認匂わせて同人で利益あげてる宣言してる人のいる同人界隈は滅ぶかもな

52 ななしのよっくん 2019/05/27(月) 22:56:31 ID: 4WZYlSYZWL
>>51
だから実はコイツの取り巻きこそコイツを本来叩かないといけない立場と言う矛盾。
今も界隈のファンを公言しているのに、下手すれば同人活動規制の格好の口実になるこれを指示する心理やいかに。

53 ななしのよっしん 2019/05/27(月) 22:57:24 ID: dC/EYIIT2e
指摘もされてたけど自分の都合良い部分だけ持ちよって無料相談行っただけで訴訟準備、依頼なんて全くしてない可能性も有るから

54 ななしのよっしん 2019/05/27(月) 22:57:51 ID: XK1S+7Tw85
記事出来たときは叩き一色になるかと思ったら
案外足立さん側に立ってる人も多いね
俺は上にも書いた通りこの騒動まで知らんかったんだけど
漫画家としては結構ファン多い人だったりするの？

55 ななしのよっしん 2019/05/27(月) 23:00:08 ID: 79rK/BhAhf
>>38
自己紹介やんけ

56 ななしのよっしん 2019/05/27(月) 23:02:01 ID: xV5TJipHrz
>>48
本来ファン活動の形で続いている同人界隈なのに
版権無視の同人誌を収入源にしていることを明かして
売上が落ちるから自分の容姿を悪く言って悪評をばらまく奴らを片っ端から訴訟します
なんてゴロいたら同人界隈滅ぶでしょ

57 ななしのよっしん 2019/05/27(月) 23:03:34 ID: eOyK/h05P+
>>56
悪口言わなきゃいいだけじゃないですかねそれは

58 ななしのよっしん 2019/05/27(月) 23:03:40 ID: x8LdXjm8yS
日高屋アライさん、最新話から見てみたけど公式HPに置いてあるような謎マスコットが新商品を紹介する漫画みたいな感じで考えれば悪いものではないと思う

曲がりなりにも連載持ってた元プロの二次創作として見ると救いようのないゴミ
最低12年も漫画描いてきてこれとか今まで何やってきたの？

59 ななしのよっしん 2019/05/27(月) 23:04:03 ID: hO9MaLD4Ly
>>49
だって事実この人に無辜の一般人が突然訴訟するぞと脅されてるわけで‥‥笑えないよ本当に

60 ななしのよっしん 2019/05/27(月) 23:05:45 ID: eOyK/h05P+
>>59
訴えると言われてる3人の垢見てもとても無辜には見えないんだが･･･

61 ななしのよっしん 2019/05/27(月) 23:05:58 ID: hJRWmzicj5
>>58
>>39みたいな漫画描いてた

62 ななしのよっしん 2019/05/27(月) 23:06:39 ID: vREmJztV7R
ワザップジョルノとかもそうやけど、
最近とりあえず訴訟匂わせとけばそれで相手黙らせられると勘違いしてる奴多いよな。
カラーマンのアレじゃないけど、逮捕者出てても平気で殺害予告出す奴もいるのに、
勝てるかどうかも分からん（というか事案がショボすぎて受理されるかもわからん）訴訟ごときで黙る奴なんかいるかよ。

63 ななしのよっしん 2019/05/27(月) 23:09:55 ID: Fk3HyF2T6r
足立淳と闘う決意表明をしたのがククリーナさんってだけで
足立淳に脅迫された人間は複数人いるのでそこを間違ってはいけない

>>54
ファンができるというより、一部の考え方の人を寄せるというか、類友しそうな作品を描いてるってのが正しいかな？
うまく表現できないくてスマン

64 ななしのよっくん 2019/05/27(月) 23:10:10 ID: 4WZYlSYZWL
>>57
問題はそっちじゃない。
弁護士に名誉棄損で相談するならともかく、営業妨害で相談に言ったらアカンだろう。
人の権利勝手に借りて『営業』してることを認めてるんだから。
勝手にミッキーマウスの非公式グッズ売りさばいて金稼ぐようなもんだぞ。

65 ななしのよっしん 2019/05/27(月) 23:10:33 ID: dC/EYIIT2e
あーあ、どーじってひとマジで動く気らしい
足立が行ったと思われる法テラスに問い合わせると
同じぐ告訴予告出されてる人にも質問あるなら法テラス質問するように呼びかけてる

66 ななしのよっしん 2019/05/27(月) 23:10:49 ID: xV5TJipHrz
>>60
足立先生はリプで絡んだりやエゴサして気に入らない相手を片っ端から訴訟リストにぶちこんで脅してたんだよ
そもそもその３人にも本気で訴える気があるのか不明

67 ななしのよっしん 2019/05/27(月) 23:10:47 ID: jwTjU3Uoev
>>62
開示請求のずんおじもその類ですねぇ

68 ななしのよっしん 2019/05/27(月) 23:11:46 ID: 0MNhduZm/v
>>40
あぁ、法テラスに問い合わせする経緯ね
簡単に言えばどーじ氏が足立君に本当に告訴準備してんのかってのを聞くために担当弁護士を教えてって言ってたんだけどブロックされたから直接聞くよって感じ
あとまだ問い合わせはしてないよ

69 ななしのよっしん 2019/05/27(月) 23:12:05 ID: qLWxbpAwZL
「同人で稼いでる」発言は、著作権法違反における非親告罪になりかねない（非親告罪になる要件に「稼ぐ目的」が入ってる）。
可能性は限りなく零に近いが、これが判例にでもなってしまったら、大変なことになりかねない。

70 ななしのよっしん 2019/05/27(月) 23:12:08 ID: seWXNCGHi6
>>54
>>51-52
どう考えても悪質な同人ゴロなんだけど、それ故に下手に叩くとともえちゃんとか道連れに大爆発するかもしれんので「コイツが嫌いな奴ほど叩けない」

71 ななしのよっくん 2019/05/27(月) 23:14:42 ID: 4WZYlSYZWL
>>67
あれは相手が粘着荒らしした上勝手に自爆して垢消ししたからじゃないの？
垢消えてたら開示くらいじゃないともう追えないし。

72 ななしのよっしん 2019/05/27(月) 23:14:45 ID: j/k04QPeJW
soshoとかいうオモシロリスト作って気に入らない奴片っ端からブチ込む愉快なムーブしてるのは知ってたけどエゴサしてまでやってたのは知らんかったわ
小物感が増すなぁ

73 ななしのよっしん 2019/05/27(月) 23:14:52 ID: xV5TJipHrz
>>67
榊ってふぁねる以外は訴訟しませんって宣言してなかったか？
その相手はすでにアカウント消して黙っていた相手だろ

74 ななしのよっしん 2019/05/27(月) 23:15:31 ID: eOyK/h05P+
訴えるわけないと思い込みたいのは勝手だけど削除依頼に応じないことに定評のある棘が弁護士の名前を出したらあっさり応じたという実績がすでにあるんでね

75 ななしのよっしん 2019/05/27(月) 23:17:59 ID: VEEXATwFw9
訴訟するってんなら淡々とすればいいのに

76 ななしのよっくん 2019/05/27(月) 23:18:04 ID: 4WZYlSYZWL
>>74
いや訴えたくても受けてくれる弁護士が居ないんだよ。
慈善事業じゃないんだから、儲けにならない事をするはずないでしょ。

77 ななしのよっしん 2019/05/27(月) 23:18:56 ID: vREmJztV7R
>>67
訴訟するぞって脅すのと本当に訴訟するのは全く別やけどね。

78 ななしのよっしん 2019/05/27(月) 23:19:15 ID: h+T1FQRvs4
擁護の仕方で人種がわかる不思議な掲示板
足立本人は訴訟の構えを下げログ流しに勤しんでいた。

法律に詳しい50歳、訴訟準備か？遅いぞ

79 ななしのよっしん 2019/05/27(月) 23:22:32 ID: xV5TJipHrz
>>74
パカ弁なら世の中にいくらでもいるだろ

80 ななしのよっしん 2019/05/27(月) 23:22:57 ID: eOyK/h05P+
>>76
>>74に対してその返しは流石に支離滅裂すぎるぞ

81 ななしのよっくん 2019/05/27(月) 23:23:38 ID: 4WZYlSYZWL
>>54
>>70
つまりファン全般にとってひたすらに邪魔な害悪。
まあだから同人ゴロなんだけど。

82 ななしのよっしん 2019/05/27(月) 23:24:08 ID: VEEXATwFw9
>>76
弁護士には着手金ってものがあるんじゃ？

83 ななしのよっしん 2019/05/27(月) 23:26:43 ID: Q4StGuzNcX
たつき信者は恒心教みたいになってくのか
優しい世界の到達点がハセカラとか笑えない
まぁそろそろ例のアレタグつけられてもおかしくないよな

84 ななしのよっしん 2019/05/27(月) 23:27:02 ID: WB8EihYv60
こいつ大嫌いだわ

85 ななしのよっしん 2019/05/27(月) 23:28:20 ID: xV5TJipHrz
足立先生は法学部法律学科出身なのに無料相談所に駆け込むのはなんでなんだろう

86 ななしのよっしん 2019/05/27(月) 23:29:01 ID: chYm9lTHig
>>66
マジ？
リストとかほぼ公開で言ってるようなもんだしワンチャン脅迫罪成立するぞ？

87 ななしのよっしん 2019/05/27(月) 23:30:17 ID: fqkGza13+F
https://twitter.com/megamarsun/status/1133015030197174272?s=21
ほら、君ら榊さんもやめなさい言うとるぞ

88 ななしのよっしん 2019/05/27(月) 23:30:22 ID: XK1S+7Tw85
>>83
なぜ急にたつき…？

89 ななしのよっしん 2019/05/27(月) 23:30:27 ID: 0MNhduZm/v
>>74
勘違いしてるようだけどどーじ氏が問い合わせするのは各所への削除申請が「弁護士の承諾」を経て実施したかってのを聞くためよ
仮にそれが訴訟を匂わせて削除に追い込んだとかだったら大変だからね
あと土下座の件か

90 ななしのよっしん 2019/05/27(月) 23:30:28 ID: gJ9VWypumO
なんでたつき関係無いのにたつきの名前が出るんですかね……

91 ななしのよっしん 2019/05/27(月) 23:31:48 ID: Fk3HyF2T6r
自分が第二の唐澤弁護士になるかもしれないのに、足立淳の弁護を引き受けますかって話になるね
のいじと棚村弁護士みたいに関係があったってんならまだわからなくもないけれど

92 ななしのよっくん 2019/05/27(月) 23:32:05 ID: 4WZYlSYZWL
ネット拾いだが
ttps://www.bengoshihiyo.com/minji/
これはあくまで金銭の貸し借りの時の裁判の見積もりだから参考程度だが
ここ見ると「300万円以下の場合は、着手金8％、報酬金16％」
「経済的利益100万円の場合、着手金：10万円、報酬金：16万円」

裁判って何か月もかかるし、相手の発言はツイッターだからそれを追って証拠になるよう保存して
精査して実際に裁判に臨まなければならない。
弁護士が全部一人でやるわけでは無いが、それで上記の報酬じゃやりたくなくなるだろ。

93 ななしのよっしん 2019/05/27(月) 23:33:03 ID: xV5TJipHrz
>>90
足立先生がたつきの友達のショップ店員と友達らしいよ？
福原Pにも話をつけるんだってさ

94 ななしのよっしん 2019/05/27(月) 23:34:47 ID: D72AgM/d2q
>>87
まさかと思うけど榊氏と足立氏の担当している弁護士が一緒とかじゃないよな…

95 ななしのよっしん 2019/05/27(月) 23:36:34 ID: 0MNhduZm/v
>>87
榊さんの言う事は良く分かるけど、これ過去じゃなくて今起こってる問題だし、なんなら先に攻撃してるの足立君だよねこれ
もしかしてふぁねる絡みなんかねこいつ

96 ななしのよっしん 2019/05/27(月) 23:43:12 ID: xV5TJipHrz
>>95
むしろ榊はふぁねるや騒動と関係ないからやめろって言っているだけなんでは？

97 ななしのよっしん 2019/05/27(月) 23:44:40 ID: h+T1FQRvs4
いやあ、榊が顔も名前もそのままレイプ犯にされてる同人誌公開されてたら過去に～今になって～なんて言えんだろ

98 ななしのよっしん 2019/05/27(月) 23:48:26 ID: IwWacajPzA
ハセカラはフラストレーションこそあったものの基本的に面白がって嫌がらせをはじめて、あとから本気で正義だと思ってる層が出てきた
けもフレはまず純粋に怒ってたファンが居て、そっから面白がっただけでけもフレなんかに微塵も興味ないやつが流れ込んできた
どちらも少しずつ過激化していってやっていいことの基準がドンドンエスカレートしている
ここで今現在のハセカラとけもフレの大きな違いは
ハセカラは「面白いから」「嫌がらせで」やっているのに対し、
けもフレは相手が明らかな悪者であり過激であるからこそ
それに対抗する自分達は正しいという意識
つまり「悪い奴らを正義の我らが懲らしめている」というつもりでやっている
客観的にみても非はけもフレ2スタッフにあり、真フレという過激な擁護派がいる
その対抗手段としてけもフレアンチ側も過激になっている
そして正義であるということを盾に行き過ぎた行動や言動を起こしている連中は間違いなく存在している
これは女性軽視問題やLGBT問題、ヴィーガン問題と同じ状況だと考えられる。
なぜならけもフレ2アンチの根本的な主張正しく、敵は悪者だからこそである。

99 ななしのよっしん 2019/05/27(月) 23:49:59 ID: HFyngkI5cU
今になっても何もそもそもこいつ喧嘩売って買われてるだけじゃね？

100 ななしのよっしん 2019/05/27(月) 23:50:51 ID: 6yUy28chCl
榊氏は他人の事より自分の心配した方がいいと思う

101 ななしのよっしん 2019/05/27(月) 23:51:51 ID: qFdLdTtiJm
9.25からアンチやってるけど、正義より怒りよりいの一番に出てくるのは「疲れた」だよ・・・
いつになったらこの一連の騒動が終わるんですかね・・・？

102 ななしのよっしん 2019/05/27(月) 23:52:18 ID: xV5TJipHrz
・法学部卒で不正ログインについて相談できる友達がいるのになんで知り合いに頼らず法テラスに相談したのか？
・法学部卒なのになぜ商標権をしらないのか？
・法学部卒なのになぜ高裁の役割も三審制もわかっていないのか？
・法学部卒なのになぜ守秘義務の意味もわからないのか？

103 ななしのよっしん 2019/05/27(月) 23:52:40 ID: mIjF+DeoN0
今回の件で一部の気狂いが日高屋に嫌がらせみたいな問い合わせしまくったのもけもフレ2の制作スタッフのせいらしいからな
こいつの言動に問題があるのは事実だけど何で日高屋は責任取れみたいな話になってるんや…

104 ななしのよっしん 2019/05/27(月) 23:54:40 ID: 0MNhduZm/v
足立君の問題ってもうけもフレと関係無いと思うんだけど……
そりゃ最初こそただの真フレの１人として扱われてたけどさ、今こいつがやってることって下手すれば同人界隈に大打撃与える可能性があるわけよな
だからこそここまで騒がれてるわけで

105 ななしのよっしん 2019/05/27(月) 23:55:41 ID: IwWacajPzA
>>103
まさしくこれが正義を盾に行ってる過激な行動だと思う
みんな大嫌いPTAとおんなじことやってる

106 ななしのよっしん 2019/05/27(月) 23:56:11 ID: xV5TJipHrz
>>103
自分の容姿を馬鹿にされただけで悪評で同人が売れなくなるから
弁護士に相談しようとする先生もいらっしゃる世の中だからね

107 ななしのよっしん 2019/05/27(月) 23:57:20 ID: XK1S+7Tw85
別にこの人KFPの人間とかじゃないもんな

108 ななしのよっしん 2019/05/27(月) 23:58:13 ID: 0pKfuTZvIj
同人って割といっつもこれぐらいギリギリじゃね？(暴論)

109 ななしのよっしん 2019/05/27(月) 23:58:44 ID: eOyK/h05P+
むしろ足立はたつき派にカテゴライズされる人間なのに真フレ呼ばわりだもの
結局旬のサンドバッグがほしいだけなんだなと

110 ななしのよっくん 2019/05/27(月) 23:58:57 ID: 4WZYlSYZWL
>>104
いや同人界隈ならなおの事日高屋関係ないし。
あれは日高屋からアクション取って潰してくれないかなって願望の凸でしかないから、あんまり意味が無い。
凸るならKFPに言った方が版権上は効果がある（別の問題はあるが）

111 ななしのよっしん 2019/05/27(月) 23:59:12 ID: vREmJztV7R
そもそも真フレ君とけも２アンチの争いに、
たつき監督は何の関係もないのに、その名前出す時点でポジションがよくわかるわ。

112 ななしのよっしん 2019/05/27(月) 23:59:43 ID: mIjF+DeoN0
この件で日高屋側が「何なんですかそんなやつ知りませんよ」的な当然の対応をしてももう一荒れしそうなぐらい双方殺気立ってるしあーもうメチャクチャだよ

113 ななしのよっしん 2019/05/27(月) 23:59:47 ID: HFyngkI5cU
たつき派はねえよ

114 ななしのよっしん 2019/05/28(火) 00:00:44 ID: vREmJztV7R
ケムリクサが売れたのは自社買いによる操作でであるというデマを吹聴するたつき派がいるらしい。

115 ななしのよっしん 2019/05/28(火) 00:01:46 ID: h+T1FQRvs4
なんで項目移行したのかくらいわかれよ、なんとか2と関係ないからだよ
無理やり絡めて「アンチのボウソウガー」ってか？
日高屋叩いてるやつとかいう幻想種持ち出していさめるフリは何を狙ってるんだ

116 ななしのよっくん 2019/05/28(火) 00:02:35 ID: 4WZYlSYZWL
>>111
確かケムリクサの同人も出してるぞ。
そういう意味じゃどっちから見ても迷惑な節操なしでしかない。
どっち派って分類分け自体が無意味。

117 ななしのよっしん 2019/05/28(火) 00:02:46 ID: naKDPXqF8o
>>67
なんやこのガイジ
あっちは普通に訴えるぞ

118 ななしのよっしん 2019/05/28(火) 00:03:50 ID: Xm0/jZdmVA
足立くんは自らの身の振り方によって、大勢から叩かれるようになっただけだぞ
けもフレ2騒動はただのきっかけに過ぎない

119 ななしのよっしん 2019/05/28(火) 00:04:03 ID: h2vE3Pjse8
>>108
こいつの場合は日高屋関係者に許しもらってるし―みたいな事言いだしてるから問題なんだよ
なあなあで済まされてる二次創作で俺は半公式だって言ってるのと同じで
日高屋にも同人作家にも迷惑なんだ

120 ななしのよっしん 2019/05/28(火) 00:05:03 ID: xV5TJipHrz
>>116
なおあとがきを見ると足立先生はケムリクサの話をラブコメ以外は分かっていないらしい

121 ななしのよっしん 2019/05/28(火) 00:05:45 ID: 6Pt4Rd0R6x
https://twitter.com/adatijun/status/1107700278277505024?s=19
https://www.pixiv.net/member_illust.php?mode=medium&illust_id=73665898 
この人わかばくんにヘイト向けてサオ役扱いしてたからきらいです

122 ななしのよっくん 2019/05/28(火) 00:05:52 ID: 4WZYlSYZWL
忘れてた。そういえば社員から許可貰ってるみたいなことツイッターで言ってたな。

123 ななしのよっしん 2019/05/28(火) 00:06:59 ID: h+T1FQRvs4
日高屋に問い合わせは本人が許可貰ってると吹聴してたから質問した結果なだけ
ケムリクサ同人は後書きに「よくわかんなかった、男は竿役役とだけ」とゴロ自白
デマ吹聴、法律の大先生なので訴訟するぞと胃を唱える者全てを脅す

この炎上既に□要素ないです

124 ななしのよっしん 2019/05/28(火) 00:07:49 ID: Fk3HyF2T6r
とりあえずこの人を日高屋って呼ぶの日高屋(ラーメン屋)に迷惑だからやめないか？
嘘八百とかでええやん・・・

125 ななしのよっしん 2019/05/28(火) 00:08:03 ID: 0pKfuTZvIj
許可もらってるとか敵の言ってる事をどうして信じられたんだ？

126 ななしのよっしん 2019/05/28(火) 00:08:27 ID: xV5TJipHrz
>>121
キュルカスに向けるヘイトは本来わかばに向けるものじゃない？
とか意味不明なツイートしてネガキャンしていましたね

127 ななしのよっしん 2019/05/28(火) 00:09:50 ID: 0MNhduZm/v
そもそも日高屋は被害者ってのが共通認識だぞ
問い合わせにしても足立君が自称公認の垢で散々好き勝手やってたからこそ公式声明が必要な状況が出来たわけで、それこそ粛々と同人活動してればそんな事する必要も無かったんだぞ

128 ななしのよっしん 2019/05/28(火) 00:10:51 ID: SuYJjK3hlL
日高屋アライさんはすこなのだ😍

129 ななしのよっしん 2019/05/28(火) 00:12:17 ID: i66tkHcrD9
>>116
同人ゴロすら破らなかった暗黙の了解を破った同人ゴロ未満だからなコイツ
どんだけ頭悪いんだろう？

130 ななしのよっしん 2019/05/28(火) 00:12:55 ID: hJRWmzicj5
孤独のレイプはきらいなのだ👿

131 ななしのよっしん 2019/05/28(火) 00:15:54 ID: chYm9lTHig
>>122
社員にフォローされてるから許可もらったとかいうガバガバ理論すこ

132 ななしのよっしん 2019/05/28(火) 00:16:35 ID: h2vE3Pjse8
そもそも今回の事って作者がアライさん使った漫画描いてたから誤解されがちだが
けもフレ２すら関係ない全く別の炎上だからな
あちこちで炎上してるから同じように思えるかもしれないが

けもフレ２の炎上→前作の世界観の崩壊、単純に駄作
製作スタッフの炎上→前監督へツイッターで荒らし、エゴサなど
ＡＧＮの炎上→前監督へのネガキャン、元ヤクザとの絡み
幕末志士の炎上→複数のアカウントで対立煽りを自白、謝罪なし
こいつの炎上→同人ゴロ的発言、デマの拡散、更に関係者にフォロワーがいる（から許される）的な発言、炎上に対して弁護士依頼

こんな感じでそれぞれ全くの別問題で炎上してる、一緒にしてはいけない

133 ななしのよっしん 2019/05/28(火) 00:17:01 ID: wGLUhH12b/
エロゲー雑誌に何故か芸能コラム書いてた頃はよく読んでた。
着眼点はすごいなと思う反面妙に自意識が強くて鼻につくコラムだった。
今炎上してて、あの人がまさか、とはならずやっぱりね、って感じ。

134 ななしのよっしん 2019/05/28(火) 00:18:53 ID: Xm0/jZdmVA
足立理論だぞ
フォローは肯定や同意といった意味なんだぞ

135 ななしのよっしん 2019/05/28(火) 00:20:46 ID: 0MNhduZm/v
>>132
こうやって客観的に見ると本当にヤバイな
一つの炎上からどうしてここまで広がるのか

136 ななしのよっしん 2019/05/28(火) 00:22:19 ID: hO9MaLD4Ly
https://twitter.com/adatijun/status/1106545536763482117
このやり取りの足立氏の意図が本気でわからない、誰か教えてくれ
なぜその作品が好きな人が心配している事を助長するような漫画を見せつけるんだ？
それに作品のプロデューサーの過去に関するデマまで盛り込むおまけつき
喜ばせようとしているようには到底見えないが煽っている様子でもないし

137 ななしのよっしん 2019/05/28(火) 00:25:46 ID: h+T1FQRvs4
悪質犯罪の容疑者を擁護した人達を調べてみたら、もののみごとに前科持ちがわらわらいた、よく調べたら現在進行形で犯罪自慢してるやつが複数炙り出された

こう考えるとごくごく当然なのだ

138 ななしのよっしん 2019/05/28(火) 00:28:37 ID: TkNi3aM5O0
同人に関するこいつの問題点をまとめると、
「同人誌で生活している」＋「作品は二次創作がほとんど」＝「二次創作で生活している」
⇒「二次創作で金もうけをしている」が最悪の結果を招く恐れがあるんだよ。

これはどんな零細サークルも壁サークルも同人ゴロも絶対踏まないラインなのな。
これを明言すると同人が存在を許されてきたあらゆる理論武装が崩壊する。
いわゆる「宣伝にもなるしファン活動には目をつぶる」と「目をつぶってくれる中で活動する」
版元にも同人側にも都合の良い、みんなで共有してた建前が崩壊する。

これは、足立淳を叩くと同人が萎縮する。って話ではなくて
ライン踏み越えるバカをどうすんねん？って話。
同人界隈に自浄能力があるかないかを問われる問題でもあるんだよ。

139 ななしのよっしん 2019/05/28(火) 00:31:00 ID: 0MNhduZm/v
>>136
ただのド低脳でしょ
わかばをナチュラルに竿役呼ばわりしてんのは最早失笑もんだし、福原Pの捏造記事に誘導してんの凄い悪質だな

魚拓取ろうとしたけど漫画部分が出来なかったから誰かお願いします

140 ななしのよっしん 2019/05/28(火) 00:34:26 ID: vREmJztV7R
このオッサンに限らずやけど、
二次創作のくせにデカい面してる奴が多すぎる。
作品は同人屋の道具とか元ネタ集ちゃうぞと。

二次創作そのものが目的やなくて、
自分が目立ったり、金稼いだりするための手段になっとるやんけ。

141 ななしのよっしん 2019/05/28(火) 00:34:45 ID: mIjF+DeoN0
日高屋の消費者担当でこの零細漫画家についての問い合わせを受けた人がいるという事実に困惑しか無い
え、何それは？としか思えんわ
現場でめっちゃネタにされてそう

142 ななしのよっしん 2019/05/28(火) 00:35:19 ID: Q4StGuzNcX
ケムリクサをバカにする漫画描きやがってゆるさあああん
が動機なのになんでたつきは関係ないだろとかウソつくんだよ
まあ気持ちはわかるけど誤魔化さない方が良いよ

143 ななしのよっしん 2019/05/28(火) 00:36:36 ID: dKl6aciOkB
バカにする×
５０００枚自社買いなどという事実と異なるデマで誹謗中傷する◯

144 ななしのよっしん 2019/05/28(火) 00:37:50 ID: UDA210bRiS
この人マジでなのだなのだ言うの止めてくんないかな

145 ななしのよっしん 2019/05/28(火) 00:38:31 ID: xV5TJipHrz
>>142
孤独のレイプで原作者をレイプ魔にした漫画描きやがってゆるさあああんかもしれないだろ
足立先生の描いたケムリクサ漫画なんてろくに知られてもいなかったし

146 ななしのよっしん 2019/05/28(火) 00:39:23 ID: ZkqqWphb8j
２．禁止事項
(1)有償無償に関わらず、事業性の高い営利目的での利用
日高屋アライさん、やってしまったねぇ

147 ななしのよっしん 2019/05/28(火) 00:39:48 ID: XK1S+7Tw85
>>142
読んでないから分からんが馬鹿にする内容だったのか？

148 ななしのよっしん 2019/05/28(火) 00:41:37 ID: z0cP3eO5v+
炎上は全て何かの蓄積がある時ついに爆裂したというだけにすぎない

149 ななしのよっしん 2019/05/28(火) 00:42:45 ID: 0MNhduZm/v
>>147
>>136のリンクから見れるぞ

150 ななしのよっしん 2019/05/28(火) 00:43:16 ID: HNcXcJxonT
ただの憶測だし別のところにも書いたけどこの人ってフィクションを万能視してるんじゃないかなと思ってる
自社買いデマ拡散漫画未遂も孤独のレ○プも仮に本人から苦情が来ても「この作品はフィクションで実在の人物、団体とは一切関係ないから大丈夫だ！ただの漫画のネタだしそんな問題視しなくていいでしょ？」みたいな。デマ漫画の時も時折「“フィクション”で描きたい」って言ってた気がするし

151 ななしのよっしん 2019/05/28(火) 00:46:30 ID: TkNi3aM5O0
>>146
俺はこっちも怪しいと思う。
(4)他社（第三者）に版権が帰属するコラボレーション作品などの利用全般

版権と商標をイコールで結んでいいかが全然わからん！のだけど
けもフレ×日髙屋のコレボレーション作品だし、どうだろうね。
あ、わからない事は問い合わせればいいのか。

152 ななしのよっしん 2019/05/28(火) 00:48:11 ID: 0MNhduZm/v
実在する人物や企業に対して悪評が及ぶような内容の時点でそれは通用しないわ

153 ななしのよっしん 2019/05/28(火) 00:49:01 ID: UDA210bRiS
普段のツイートや叩かれた時の反応、苦言を言うフォロワーとのやり取り見てると言って良いことと悪いことの区別がつかない、敵と味方の区別も出来ない、批判と擁護と皮肉の判別も出来ない、その場でバレるような適当な嘘をつく自己顕示欲と承認欲求の塊だというのがよくわかるよ

154 ななしのよっしん 2019/05/28(火) 01:04:33 ID: xV5TJipHrz
容姿を馬鹿にされたら同人が売れなくなるからって
弁護士に相談して全員訴えようとする同人作家って今までいたのか？

155 ななしのよっしん 2019/05/28(火) 01:08:00 ID: vREmJztV7R
なお、自分は平気で他人の容姿を馬鹿にするし、平気で氏ねと言う模様。
https://togetter.com/li/1359343

156 ななしのよっしん 2019/05/28(火) 01:08:16 ID: IxUmkwc+IN
記事に孤独のレイプの件は追記すべきだと思う。
ゲスい内容だから適当に箇条書きで良い。
・某ひとり語りグルメ漫画を原作にしたドラマのワンコーナーに出演している原作者本人が他の作品の女性キャラをレイプすると言う人間性を疑われても仕方のない内容。
・足立曰く「原作レイプという言葉がありますが、「マンガの原作者がマンガのキャラをレイプする」という、前代未聞のマンガです。」
・原作者氏の肖像権を無視している上に、存命の原作者本人を使ってレイプ漫画を描くと言う頭どうかしているとしかいいようがない。
・同人イベントに持ち込もうとするも発禁処分をうける。しかし本人はこりる事なくその後のイベントに別の艦船ゲームのキャラをレイプさせる同人誌をだすなど「人の痛みが解っていない」ゲス野郎としかいいようの無いことを繰り返している。
・足立本人による発禁をくらった事を公開したツイート
https://twitter.com/adatijun/status/485603454857908224

157 ななしのよっしん 2019/05/28(火) 01:11:35 ID: IxUmkwc+IN
あと関連項目に同人ゴロを追加しても良いと思う。

158 ななしのよっしん 2019/05/28(火) 01:13:00 ID: xV5TJipHrz
>>156
記事編集者が足立先生の訴訟対象になってしまうから
足立先生に不都合なことは載せないほうがいい

159 ななしのよっしん 2019/05/28(火) 01:20:58 ID: +jBO3UdOH3
ガイジすぎる
けもフレ界のハッセに足りうるに十分な人物

160 ななしのよっしん 2019/05/28(火) 01:24:45 ID: /EsOyGxMmq
たいして売れてるように思えないので同人ゴロと書くのは推奨しない
ただの頭おかしい人

161 ななしのよっしん 2019/05/28(火) 01:29:24 ID: Ntx5RE5mG/
(またけもフレかよ・・・)

162 ななしのよっしん 2019/05/28(火) 01:30:46 ID: xV5TJipHrz
>>160
日高屋アライさんが売れたから今もそれにしがみついてこんな行動を取っているんだ

163 ななしのよっしん 2019/05/28(火) 01:33:46 ID: Xm0/jZdmVA
けもフレ関係ないぞ
数多のジャンルを渡り歩いてきた逸材だ

164 ななしのよっしん 2019/05/28(火) 01:39:18 ID: 0MNhduZm/v
だーからもうけもフレ関係無いっちゅーに
いつになったら理解するんだよ
こいつはよその屋号を公認と騙って使用して営業してた上に、その自称公認の垢で誹謗中傷やデマを垂れ流して色んな人や企業に迷惑をかけまくったただのド低脳野郎だよ
こいつ１人のせいで同人が終わるかもしれないってくらいのやらかしだよほんと

165 ななしのよっしん 2019/05/28(火) 01:40:01 ID: xV5TJipHrz
でもけもフレ以外で同じことしても売れなかったから
結局けもフレを続けてる作品愛のかたまりのような方だ

166 ななしのよっしん 2019/05/28(火) 01:53:02 ID: Fk3HyF2T6r
けもフレ無関係っていうか
この人の炎上に限って言えば、ＫＦＰすらも被害者側？

167 ななしのよっしん 2019/05/28(火) 02:05:09 ID: lbA7+hlsVH
版権キャラを金稼ぎの道具として使われてるだけだからね

168 ななしのよっしん 2019/05/28(火) 02:36:43 ID: Z0X6G3YTUc
＞＞165
売れているならああいう行為は控えるべきじゃない。どうしても
文句言いたいなら友人に話すとか5chとかですればいいのに、
それをせず自称公認のお店に迷惑がかかるかもしれない事をしてファン？らしき人は１桁２桁減ろうが、日高屋さんにはダメージないとか勝手な事言ってるし。
作品愛はなくただ金儲けの道具としかみてないでしょ。

169 ななしのよっしん 2019/05/28(火) 02:48:09 ID: 1pcqfxWLVk
Twitterみたら「パロ元久住作品の古いのはゲスい」というツイートをRTして悦に入ってるようだけど
今の炎上は作品内容の酷さも重要だが、それ以上にイベントでの騒動が問題になってるわけで。
それにそれら作品も事実上封印作品（再録無し）になっている訳なんだが…そうなっていいって意思表示？

170 ななしのよっしん 2019/05/28(火) 02:57:09 ID: 1/WM7oU+5f
なんか艦これ検証部の騒動を思い出した

弁護士召喚は大半の人には有効だけど
一部の人には覚悟を決める最後のひと押しになってしまうのか

171 ななしのよっしん 2019/05/28(火) 02:58:08 ID: Z0X6G3YTUc
場合によっては同人が滅ぶってあったけど、同人で利益上げてるとか、以前にある原作者がくるからってレ○プ？を原作者が或るキャラにするのを描いたことあるって聞いたけど、
そういう事を平気で行うのが減らないなら滅びた方がマシだよ。そういう行為をしてない人達には悪い事だろうけどさ。

172 ななしのよっしん 2019/05/28(火) 03:03:18 ID: 4SB6DrkNGH
ゴリホーモの人がランキングに上がってて吹いたw
またなんかやったのかこいつ

173 ななしのよっしん 2019/05/28(火) 03:07:10 ID: 4SB6DrkNGH
よく見たら違う人だった！
なんという愚行

174 ななしのよっしん 2019/05/28(火) 03:32:20 ID: WgzS2pvlSH
>>171
同人で利益上げてるって人は少なくない。これは需給の問題だから別に悪いことじゃない。
それに、一冊の同人作品を作るために費やされる、時間、金銭、労力のコストを考えれば、そこに利益を求めないことを非難なんて普通出来ないし、人気作家に利益を求めないと、売れない作家が制作費をペイ出来る値段設定がしにくくなる。
つまるとこ、どう逆立ちしても「利益を求めない同人の発展」はあり得ないし、正義でもない。

で、こいつがやったのは「原作者があるキャラクターを使ったレイプもの」じゃなくて、「原作者が版権キャラクターをレイプする漫画」。レイプ云々が良いかは置いといて、はっきり言ってレイプものとは格が違うんで比較にすらならない。
あ、勿論、当然のように販売停止喰らってるんで。

175 ななしのよっしん 2019/05/28(火) 04:24:10 ID: BxD8qRa24h
着火点は一応「ケムリクサ自社買い疑惑」をネタにしようかと、プロ崩れの同人作家がいたので「真フレかオメー」的に着火したんだけど、実際のところ「おまえが噂八百のノリでいっちょ噛みしたら話がややこしくなるから帰れ」だよな。裏とらないでガセの拡散に終始するのが目に見えてるし。

日高屋アライさんという作品単体で見ればそこまで目くじらたてられるタイプの二次創作とは思わんけど、「店員にフォロワーがいるから公認」みたいに現在進行形で頭おかしい発言とか、「孤独の～」みたいな過去の所行とかのどうしようもない部分がある

176 ななしのよっしん 2019/05/28(火) 04:41:50 ID: HFyngkI5cU
作品自体に（そこまで）問題がないとして、その作者の言動が問題であれば作品が連鎖して終わるというのはよくある話。
その上その作品で無許可で使用してるってなると権利的な問題に加え日高屋自体が加担してるのかという疑惑まで出てくるしね。


ていうかそもそも疑惑も何もその手段で燃やそうとしたのこいつだったよな？

177 ななしのよっしん 2019/05/28(火) 04:47:19 ID: YOH+t5970G
擁護に来た石川ってのも2000年代に２chでエゴサ荒らしとして有名な曰く付き物件とか終わってるわ
しかも石川と足立は同じ本を出した仲wだし

178 無なさん 2019/05/28(火) 04:51:15 ID: rRYBrMcn6A
こんな知名度の低い漫画家がニコニコ大百科の急上昇ワードに入っていてびっくりした。
コミックマーケットで見かけた際はもう髪が全部白髪だったから死亡したのか、そうでなければ何かで逮捕かと思ったら。
けものフレンズ界隈は本当に、本編よりも場外乱闘の方が面白いな。

孤独のレイプは酷い。昔風上旬がウェブサイトに載せていた皇族お下劣漫画を思い出す。
ただこれ、泉昌之さんが描いた豪快さんだっ！という漫画のパロディらしいね。

179 ななしのよっしん 2019/05/28(火) 05:39:48 ID: ynRSuOo05o
関係ない項目が急上昇とかけもフレ炎上を隠蔽しようとする陰謀だろ

180 ななしのよっしん 2019/05/28(火) 05:54:14 ID: EiqkTfpW12
関連項目に「同人ゴロ」が必要だな

181  ななしのよっしん 2019/05/28(火) 06:12:48 ID: wX0DPSZbZx
>>179 お前（お前ら）が思ってるほどけもフレ有名じゃねーよ。
ハルヒ、まどマギ、ジョジョくらいの知名度になってから騒げ。

182 ななしのよっしん 2019/05/28(火) 06:14:59 ID: HFyngkI5cU
ハルヒはともかくまどマギレベルではあるよ。ジョジョは人気という点でいうなら劣るよあれは狭く深くの典型だ。どっちが上だ下だという話じゃなくな。

183  ななしのよっしん 2019/05/28(火) 06:26:19 ID: wX0DPSZbZx
大体隠蔽ってｗｗけもフレ興味ない大多数の人間は早く別の話題が上位に来てほしいんだわ。 

それは俺たちが他の作品のファンより熱意があるからコメントが多いんだよって返しは読めるけどやめてね。それは熱意じゃなくて粘着質って言うんだよ。

184 ななしのよっしん 2019/05/28(火) 06:28:04 ID: LoiT1VGQ4t
もう、ようつべですらけもフレ炎上事件の動画がなぜかオススメ動画にあげられたり、静画でも特に興味もないフレ風刺画()がランキングを独占し、挙げ句関係ない店まで風評被害
こういうので騒いでる連中に怒りを通り越して呆れを覚えて、それをまた通り越して怒るしかないよね本当。見てもないのに嫌いになってきた

185 ななしのよっしん 2019/05/28(火) 06:32:05 ID: D87KdLpHvO
草
大変そうだね

186  ななしのよっしん 2019/05/28(火) 06:35:48 ID: wX0DPSZbZx
184　本当だよね。興味ない人間が実際被害被ってるからね。
お前ら自称ファンせいで、既にけもフレという単語自体嫌われてるんだよ。もはやファンがアンチ。

187 ななしのよっしん 2019/05/28(火) 06:39:26 ID: 2boU0kJFh+
関係ない店に風評被害を与えてるのは勝手に描いた食レポ漫画を看板に掲げたまま公衆の面前で暴れ続ける作者だからね

188  ななしのよっしん 2019/05/28(火) 06:42:13 ID: wX0DPSZbZx
なんでも人のせいだね。けもフレってアニメ見るとそういう思考にみんななるのか。ますます嫌いになったわありがとう。

189 ななしのよっしん 2019/05/28(火) 06:45:28 ID: HFyngkI5cU
嫌いにならないで買ってください！売れないと4が出ないんです！

190 ななしのよっしん 2019/05/28(火) 06:48:11 ID: //tMtHrBy8
>>183
けもフレ関係ないこの記事でなんでけもフレけもフレ言ってるの？
この件は普通に、同人ゴロが日高屋公式とか言った事が問題であり
それを指摘されて「ごめんなさい」の一言も言えずに「うっせー、訴えるぞ」って逆ギレした事が問題視されてるだけやろ？

あと、大百科の上昇は「コメント数」あまり関係ないんじゃない？検索回数とかそこらへんがランキングに反映されるはずなので、興味引かれるものがあれは自然とそっちが上位にくるよ。
そもそも、けもフレ興味ないならそれを避けてＴＯＰ10だの20だのの記事見ればいいやん？自分が興味無い項目が上位だとつまらん、ってのは分からんでもないけど。

191 ななしのよっしん 2019/05/28(火) 06:49:01 ID: x+xu5WX2yu
>>179 >>183
むしろけもフレ好きこそ他の記事ランキング上げて炎上記事下げたいだろ
好きなコンテンツが炎上して目立ってたら早く目立たない位置にと思う人の方が普通でしょ。

192  ななしのよっしん 2019/05/28(火) 07:05:35 ID: wX0DPSZbZx
>>190　なるほど、興味なかったから今知ったありがとう。
で理解した上でなんだけど、日高屋と作者の問題でしょ。んじゃ外野関係ないよね。

>>191あぁ～その通りやね。
つまり、ここに熱心に書き込んでる奴らはえせファン、けもフレを本当に好きじゃない奴らが書き込んでるのか。理解した。

193 ななしのよっしん 2019/05/28(火) 07:09:40 ID: VEEXATwFw9
>>192 
「外野関係ないよね」で済ませられないっていうか、
目に付いた騒動について外野が語ることになるのは当然では？
そんなこと言ったら世の中の何もかもが「外野は関係ないよね？」で済ませられちゃうぞ？
そもそも君も「外野」だから「関係ない」よね？

194 ななしのよっしん 2019/05/28(火) 07:11:37 ID: czhSb3ZPBK
※186
よく分かってるじゃないか
実際今ファン(だった人達)がアンチ化してて無法地帯みたいなところあるし
これの話題に喰われてる他アニメが可哀想だ

195 ななしのよっしん 2019/05/28(火) 07:16:11 ID: HFyngkI5cU
許諾してるか否かで、してるなら日高屋のコンプライアンス問題として、してないならこいつが虚偽の報告をしていたわけでそれぞれ反応があるだけだと思うけど。
権利保持者と侵害者以外は黙れって話をしたいなら諦めたらとしか。こいつのイメージが直近および過去の言動からして好感を持てない存在で、そんな悪印象の人間と関わりあるのかという話になるのだから。企業にとってイメージってのは大切なものだよ？

まあなんというか本音が煽りたいだけのようだし会話する気もないんだろうけどね。

196  ななしのよっしん 2019/05/28(火) 07:19:15 ID: wX0DPSZbZx
>>192 済ませられないっていうか

なにが済ませられないの？自分でも外野って認めたのに。
外野関係ないよね？所詮ファンだよ？もしかしてファンは偉いって考えの人ｗ

197 ななしのよっしん 2019/05/28(火) 07:36:07 ID: czhSb3ZPBK
>>196
外野の外野は黙ってろって事じゃないっすかね

198 ななしのよっしん 2019/05/28(火) 07:36:52 ID: //tMtHrBy8
>>196
二次創作はもちろんだけど、通常の創作でもよくあるじゃない？「よつば銀行」とかの架空名で会社を出したりする行為。
この人もそうしとけばよかった（中華食堂の目高屋、とか）のに、あえて企業名を正式名称で登場させた挙句、「自分の同人誌は日高屋公式なんだぞ！（公式ではなかった）」って銘打って売るという行為は、一次創作二次創作なろう問わず、今後の創作物全般のガイドラインを覆しかねない事象だと思ってる人が多いのよ。
現状、お目こぼしをいただいているだけの状態を「自分の権利だ！」って主張するって行為自体がおかしなことになってるのね。

アニメとか問わず、クリエイター側の人も、そのクリエイターの製作物を楽しむ側の人にも影響を及ぼしかねない案件となってるから、「外野であって外野でない」って状態だと認識してる人がいるってことよ。

199 ななしのよっしん 2019/05/28(火) 07:46:36 ID: MQj/boxd7d
「俺たちが同人誌および二次創作の未来のために戦うんだ！」みたいな流れにしたいつもりなら
藪をつついて蛇状態で別の問題が起こるからやめとけ

200 ななしのよっしん 2019/05/28(火) 07:51:03 ID: h+T1FQRvs4
建前が大事って文脈なんだから多少は頭使って読んでくれませんかね

201  ななしのよっしん 2019/05/28(火) 07:57:28 ID: wX0DPSZbZx
>>197　外野の外野って何？すごいパワーワードだねｗ
>>198　確かにこの記事見る限り自分が外野じゃないって
　　　　勘違いしてる輩ばっかだからな。その通りだと思う。

202 ななしのよっしん 2019/05/28(火) 08:48:58 ID: PWT8NPwPPW
頭逝ってんだよなぁ
早く消えろ

けものフレンズ同人作家の足立淳、以前にもイベントに来る本人をゲス化した同人誌出して発禁食らう
https://matome.naver.jp/odai/2155815008417301401
https://twitter.com/adatijun/status/485608449082802176
https://twitter.com/adatijun/status/485617120332353536
足立淳はどーじ氏を訴えるのか？～けもフレ裁判序章～
https://togetter.com/li/1360019
足立淳、訴訟か？
https://togetter.com/li/1357445
足立淳、【死ね】発言 まとめ
https://togetter.com/li/1359343

203 ななしのよっしん 2019/05/28(火) 08:57:41 ID: PP97fCBUEX
>>201ちょっと外野の外野の外野は関係ないんだから静かにしてて！！

204 ななしのよっしん 2019/05/28(火) 09:02:58 ID: hJRWmzicj5
＞今回のグルコミ新刊「孤独のレイプ」、ゲストに久住さんが来るっていうから出したんですよ。なのに「久住さんが来るから売らないでください」って。わけがわからないよ

🤔

205 ななしのよっしん 2019/05/28(火) 09:03:49 ID: 0pKfuTZvIj
こいつに何か出来るのはヤオヨロズかKFP
=アンチはヤオヨロズファンかつ真フレである
証明終了

206 ななしのよっしん 2019/05/28(火) 09:09:04 ID: CnaCX2BpNp
全然コメントもされて無い「背水の陣」とか訳わからんのがたまにランキング上がるけど、ランキングのシステムってどうなってんの

207 ななしのよっしん 2019/05/28(火) 09:14:05 ID: CnaCX2BpNp
足○淳ってほっとけば自滅するタイプだと思ってたけど違ったのか

208 ななしのよっしん 2019/05/28(火) 09:40:57 ID: oX5z10MJh3
あの悪名高いTogetterの削除依頼通ってるんだろ？
弁護士関わってるのほぼ確定なのによく叩けるな

209 ななしのよっしん 2019/05/28(火) 10:03:21 ID: chYm9lTHig
>>208
togetter通ったからだから何？って感じだし
弁護士関わったから叩くのやめるなんてダサすぎる

210 ななしのよっしん 2019/05/28(火) 10:14:04 ID: LB0RlgCapX
足立淳の訴訟対象は容姿を馬鹿にしたり殺害予告をした奴だしな

211 ななしのよっしん 2019/05/28(火) 10:28:25 ID: NcM0az6uE3
ダサいとかダサくないとかそういう話でもないと思うが、
足立氏含め訴訟とか弁護士とかいう言葉を言うだけで相手が怯む便利な言葉だと勘違いしちゃいないか？

212 ななしのよっしん 2019/05/28(火) 10:29:30 ID: AI8ZoZcNBc
自社買いデマ流してサジェスト荒らした罪は重い

213 ななしのよっしん 2019/05/28(火) 11:00:04 ID: xgrzJIjFqV
この作家さんの過去の問題行動の一つ
コメント見て貰えばわかるけど、この同人誌を出そうとしたイベントの主題は｢食｣。

ttps://www.pixiv.net/member_illust.php?mode=medium&illust_id=44

214 ななしのよっしん 2019/05/28(火) 11:05:49 ID: Jfiq5/wUpo
訴訟と弁護士を振りかざして暴れていたけど
訴訟相手から反撃をうけたら沈黙してツイ消しはじめたダサいやつ

215 ななしのよっしん 2019/05/28(火) 11:31:33 ID: rhz9NmfY+l
弁護士雇うだけならへきへきにすら出来る
炎上に弁護士雇うのはガソリンを注ぐようなもの
開示、プロ責、名誉毀損訴訟までやるとして、本当に裁判に出席するの？
法廷オフがそんなにしたい？

216 ななしのよっしん 2019/05/28(火) 11:44:16 ID: HMh7LXyGM+
本人がコメ欄に出没してるtogetter纏めに「何があっても容姿弄りはNGだからそれにキレた足立の言動行動は基本的に正しい」みたいな奴が集結してるあたり

いい作品を作るクリエイターだから人格も優れてるに違いなく行動も擁護されるべき、
みたいな行動規範の奴は未だに多いんだなと感じる

まぁ、そういう奴の気持ちは分かるけどこの人はそういう性善説の限度超えてるでしょ

217 ななしのよっしん 2019/05/28(火) 11:49:02 ID: fKCNsYq/GS
ネットに強い弁護士知ってるから、その人雇って欲しい

218 ななしのよっしん 2019/05/28(火) 11:52:32 ID: /peYhGt7fG
TOPに固定していた　「よくいった、逃げんじゃねぇぞ！」も消したのか、身の危険と警察のツイも消したし
こいつなにやってるん？

219 ななしのよっしん 2019/05/28(火) 11:55:10 ID: zwkd2jJ90m
叩いてる奴らに理があると言ったら全くそんなことないし
弁護士ちらつかせたら怯むって事は、後ろめたいことやってる自覚があるんだろうな

220 ななしのよっしん 2019/05/28(火) 12:10:37 ID: rrOZ4IgMcY
>>219
足立に理があると言ったら全くそんなことないし
弁護士ちらつかせていたのに怯むって事は、後ろめたいことやってる自覚があるんだろうな

221 ななしのよっしん 2019/05/28(火) 12:11:08 ID: AI8ZoZcNBc
>>218
あれ消したんだ…随分と自信満々だったのに
何が彼の心境を変えたんでしょうねぇ

222 ななしのよっしん 2019/05/28(火) 12:25:10 ID: ICtkDsfZW9
>>217
その人今タレント業で忙しいから無理ゾ

223 ななしのよっしん 2019/05/28(火) 12:27:08 ID: xI4OZarvm1
>>219
誰かさんは「どっちもどっち」状態で痛み分け、ってことにしたいんだろうが、
足立から訴えるといわれた人たちが法テラスへ問い合わせる段階まで来ちゃったんだから、
もう白黒つけるとこまで行くしかないぞ。腹くくれ。

224 ななしのよっしん 2019/05/28(火) 12:32:14 ID: u5c4nVQejR
あんだけ訴訟するぞって騒いでアンチ晒して調子乗ってたのに何事も無かったかのように普通のTwitterに戻るのを見ると別界隈の枕狐って絵師を思い出すな
あれもあんだけ騒いどいて結局開示請求通らなかったって聞いたが

225 ななしのよっしん 2019/05/28(火) 12:42:36 ID: dC/EYIIT2e
訴訟詐欺の脅迫案件だったら日高屋にも何かしら訴えられるんじゃない足立。
日高の問い合わせの返事の言論の自由に反する行いに完全に触れてるだろ、これ。
訴訟ちらつかせて反対意見の発言、削除とかさせたんでしょ、こいつ

226 ななしのよっしん 2019/05/28(火) 12:43:48 ID: YOH+t5970G
こいつを擁護している石川なんちゃらっていう兄弟子は前に嘘八百ならべて炎上させた後で個人攻撃してきたやつを訴えて大金せきめたらしい

で、真似して訴訟しようとしたら一番相性の悪いやつに喧嘩売っちゃったと

227 ななしのよっしん 2019/05/28(火) 12:45:11 ID: 3Plmt3khb2
ID:wX0DPSZbZx
「興味ない」くせにやたら書き込み多くて臭い

228 ななしのよっしん 2019/05/28(火) 12:49:09 ID: HMh7LXyGM+
唐澤弁護士と高校生の開示の時でもあれだけ言われた中で開示できたの「犯罪者」って書いた数人だけとかだろ
意外と難しいんやな開示って

229 ななしのよっしん 2019/05/28(火) 12:55:44 ID: YOH+t5970G
だからべつにこいつが考えて行動してる訳じゃなくて元々デマ→炎上→個人攻撃→訴訟のつもりが「容姿バレ」のせいでずれ込んだだけ
失敗理由が小学生並みの悪口とか救えない馬鹿

230 ななしのよっしん 2019/05/28(火) 12:57:24 ID: HMh7LXyGM+
>>226
にっけにもそんな感じの前歴がありましたね…
イロニーも法学部在学だから自社買い疑惑()に詳しいのが自慢らしいし真フレはその手の奴多いんですかね

231 ななしのよっしん 2019/05/28(火) 12:57:49 ID: 6yUy28chCl
足立が法テラスガチャで唐澤レベルの便誤士を引いてたら面白いけど流石にそう旨い話は無いか

232  ななしのよっしん 2019/05/28(火) 13:00:50 ID: 4h0AKiiB0Z
むしろ弁護士が依頼人ガチャでゴミ引いてんじゃ…

233 ななしのよっしん 2019/05/28(火) 13:12:13 ID: chYm9lTHig
法学部卒と自称しときながらずいぶんお粗末な法律知識だなぁ…

234 ななしのよっしん 2019/05/28(火) 13:16:07 ID: dC/EYIIT2e
足立が相談した弁護士が実在して本当に土下座オプション勧めてたなら本当に唐澤レベルの弁護士かも知れない

235 ななしのよっしん 2019/05/28(火) 13:26:31 ID: 0MNhduZm/v
逃げるなツイートあったから魚拓したよ
 
https://mobile.twitter.com/adatijun/status/1130211671237021696

236 ななしのよっしん 2019/05/28(火) 13:28:31 ID: 0MNhduZm/v
魚拓じゃないほう貼ってしまった
ごめんなさい
https://megalodon.jp/2019-0528-1321-07/https://twitter.com:443/adatijun/status/1130211671237021696

237 ななしのよっしん 2019/05/28(火) 13:49:52 ID: Xm0/jZdmVA
>>>224
枕狐、懐かしいっすねぇ
画力は雲泥だけど行動はたしかに似てますわ

238 ななしのよっしん 2019/05/28(火) 14:01:05 ID: 30NTDmIwQ/
俺この人の漫画で日高屋のチゲ味噌ラーメン知って期間中食べまくったよ
ぶっちゃけ日高屋の宣伝には貢献してると思う

239 ななしのよっしん 2019/05/28(火) 14:03:31 ID: MQj/boxd7d
そんなことは問題じゃない

240 ななしのよっしん 2019/05/28(火) 14:08:56 ID: DoN9CXesvX
もうこいつ自身逃げだしてことで訴えるなんて言われた側も興味なくして自然消滅する案件じゃないかなぁ
細谷とか坂本みたいに目を離した隙になんかやらかしてくる、ってこともなさそうだし

241 ななしのよっしん 2019/05/28(火) 14:09:20 ID: UDA210bRiS
擁護する奴のほとんどが日高屋アライさんは面白いし日高屋に貢献してる！と言ってるけど誰もそんな話してないんだよなぁ

真フレもそうなんだけど根本的に論点がズレてて話が通じてない

242 ななしのよっしん 2019/05/28(火) 14:11:49 ID: rrOZ4IgMcY
勝手にやってる宣伝の売上が落ちるからって
他人を訴えると言って脅すのはもちろんだめだよ

243 ななしのよっしん 2019/05/28(火) 14:41:35 ID: lbA7+hlsVH
なんか裁判ゴロみたいな人が足立に寄ってきたから榊さんが忠告した説が出てるな
この人は利用されるだけされたらポイなんだろうか

244 ななしのよっしん 2019/05/28(火) 14:46:32 ID: e7paFpOISp
どうでもいいけどたつき監督が何しようとけもフレに多大な貢献をしたのは事実だとか言ってる人が大量にいたのは覚えてる

245  ななしのよっしん 2019/05/28(火) 14:50:28 ID: 4h0AKiiB0Z
居たか？逆の事いってた奴なら腐るほどいたけど

246 ななしのよっしん 2019/05/28(火) 14:56:01 ID: dC/EYIIT2e
足立の訴訟関連はもう自然消滅する段階はもうとっくに過ぎちゃってるんだよなぁ
訴訟する言った相手がガチの法知識持ちみたいでもう色々動いちゃってるし

247 ななしのよっしん 2019/05/28(火) 15:28:54 ID: u5c4nVQejR
本当かどうかは怪しいけどな
行った弁護士も無料相談のやつらしいしツイ消ししたけど急に法学部出身アピールしだしたりしてるのがどうも嘘臭く感じるわ

248  ななしのよっしん 2019/05/28(火) 18:07:35 ID: wX0DPSZbZx
お前ら頭いっちゃってんな

249 ななしのよっしん 2019/05/28(火) 18:31:43 ID: 0MNhduZm/v
確かどーじ氏曰く訴訟をすると言っておいてしなかった場合脅迫罪が成立するらしい
まああんだけ訴訟訴訟騒いどいて今さらヒヨることは無いと思うんだよね

250 ななしのよっしん 2019/05/28(火) 21:47:36 ID: UDA210bRiS
足立先生は法学部出身だし同人誌で生活出来るくらいお金沢山持ってるしたつき監督の知り合いの知り合いだし高須院長の息子さんとも仲が良いから訴訟案件くらい余裕だよ

251 ななしのよっしん 2019/05/28(火) 21:54:12 ID: IvuCVUCrH0
個人的には訴訟起こしてくれて匿名の誰かが泣き見てくれると楽しいので足立には頑張って欲しいｗ

252 ななしのよっしん 2019/05/28(火) 23:24:16 ID: 2boU0kJFh+
まあここまで来たらどう転んでも作家としては一生大成せずに終わるルートでしょ、現状作家としてたいした実力もないのにむやみに名前だけ売れちゃってこのイメージが一生ついて回るのよ
そう思うとなんだか哀れではある

253 ななしのよっしん 2019/05/29(水) 01:36:31 ID: wBsfNEJFdJ
自らが撒いた種だというのにさも被害者面してるの本当草

254 ななしのよっしん 2019/05/29(水) 06:06:52 ID: /peYhGt7fG
警察に行くってツイートしてたけど
なんで消したの？

255 ななしのよっしん 2019/05/29(水) 07:34:09 ID: 2boU0kJFh+
容姿が悪いのは叩かれる理由になるのかみたいなツイしてるけど
こいつが叩かれてるのは容姿のせいじゃなくて自社買いなどのデマ拡散と過激な発言だからな、容姿云々は後からついてきた要素に過ぎん
本当に被害者面が得意だよなあ

256 ななしのよっしん 2019/05/30(木) 12:26:47 ID: lbA7+hlsVH
問題のすり替えひどいよね
榊正宗にも容姿の件で絡んで行ってるから悪質だな
叩かれたのは自社買いデマの件だってのに

257 ななしのよっしん 2019/05/30(木) 14:02:58 ID: UDA210bRiS
そもそもこの人自社買いデマのこと一切反省してないどころか叩かれるようなことをしたという認識すらないからな

デマ拡散なんてしてない！あくまでフィクションとして書こうと思ってるだけだ！の一点張りのままうやむやにしてる

258 ななしのよっしん 2019/05/30(木) 14:07:40 ID: LB0RlgCapX
オリジナルでやれ定期なんだよなぁ

259 ななしのよっしん 2019/05/30(木) 22:30:47 ID: d7wZQo/zrj
「容姿が悪いから叩かれる」「趣味が悪いから叩かれる」という言葉のほぼ全ては、
「頭が悪いから叩かれる」「性格が悪いから叩かれる」という真理を認めたくない人間の使う方便。

260 ななしのよっしん 2019/05/31(金) 07:52:02 ID: rs2WJ4sr6x
>>240
警察の身内に訴訟脅迫だからもう手遅れだぞ

261 ななしのよっしん 2019/06/02(日) 04:24:22 ID: 2boU0kJFh+
よくわからんのだけどとりあえずこの人現状は片っ端から訴えるぞ～してたらガチ勢に引っかかって逆に訴えられそうになってる感じでおｋ？

262 ななしのよっしん 2019/06/03(月) 08:04:23 ID: LB0RlgCapX
そんな感じでいませっせとツイ消し中

263 ななしのよっしん 2019/06/03(月) 10:46:06 ID: 0MNhduZm/v
過去ログ押さえられてるから無駄な足掻きなんだけどね

264 ななしのよっしん 2019/06/03(月) 15:22:55 ID: 5VODoAhb5e
脅迫の件については6月28日までは様子見っぽいね

265 ななしのよっしん 2019/06/04(火) 09:38:16 ID: jLd0cjNkXQ
そもそも他人の著作物で金儲けをするのは犯罪なんですがそれは
エロ本禁止の孤独のグルメ同人イベントで原作者が艦娘をレイプするしょうもない本売ろうとしたり
勝手に日高屋の許諾を受けてるとか言ったり
数か月前に口論一歩手前の絡み方をした以外関係のない
高須先生のご子息を友人と呼んで叩き棒に使ったり
手前勝手に信用を落とし続けた結果が現状なのでは

266 ななしのよっしん 2019/06/05(水) 01:36:16 ID: 3CRz6R0g3m
【悲報】足立くん、裁判煽って来た真フレに梯子外される。

メシマズソウルパニッシャー　@mesimazu_soul 
どーじくんに懲戒請求って送ったらどんな反応するのかしら 

日高屋フレンズ　@7LEuH7R5VVJqmBA 
返信先: @mesimazu_soulさん 
そんなのどうでもいいから足立さんを応援してあげようよ？ 
ほんとに足立さんのファンなんですか？もう日高屋アライさん見れなくなってもいいんですか？ 

メシマズソウルパニッシャー　@mesimazu_soul 
返信先: @7LEuH7R5VVJqmBAさん
ん？別に足立さんの同人誌見たことないよ 何分田舎者でな 単に訴訟が面白そうだから見てるだけで勝手に勘違いしないで貰えません？
日高屋フレンズ　@7LEuH7R5VVJqmBA 
返信先: @mesimazu_soulさん 
は？お前けもフレ好きじねぇのかよ？足立さんの大事な時によぉ？ 
所詮すぐ乗り換えるたつき信者かよ？

267 ななしのよっしん 2019/06/05(水) 01:47:39 ID: LB0RlgCapX
けものフレも騒動が面白いからみてるだけなんやろな

268 ななしのよっしん 2019/06/07(金) 18:13:09 ID: xV5TJipHrz
結局何の目的で訴訟するかも自覚していない
ただの真フレのラジコン

269 ななしのよっしん 2019/06/10(月) 22:54:00 ID: UDA210bRiS
結局足立先生を馬鹿にした(笑)3人の訴訟はどうなったのやら？

まさか覚悟しろよなんて言ったままそのままスルーなんてことはないよね？

270 ななしのよっしん 2019/06/11(火) 00:35:59 ID: xV5TJipHrz
足立先生コミケに参加なさるようだなけど
同人が売れなかったら腹いせでまた訴訟脅迫しそう

271 ななしのよっしん 2019/06/12(水) 19:56:17 ID: rs2WJ4sr6x
返答待ちの相手から煽られてて草
まあ、裁判そっちのけでそんなんやってりゃあ、つっこまれるよなー

272 ななしのよっしん 2019/06/14(金) 19:45:52 ID: 2boU0kJFh+
いくらなんでも流石にこの状況で次も日高屋漫画ってことはないよな？

273 ななしのよっしん 2019/06/22(土) 18:27:50 ID: LB0RlgCapX
自粛できる精神があったら艦これの時炎上してない

274 ななしのよっしん 2019/06/28(金) 21:06:34 ID: UDA79K6XSC
さて例の期限が来たが某氏のツイート見てみると
>どちらのアカウントにも連絡来てませんね。
>それでは対応進めていきます。
>#足立淳 #日高屋アライさん
終わったな…所詮クズはクズなのだ

275 ななしのよっしん 2019/06/29(土) 01:44:40 ID: Z0X6G3YTUc
容姿の事やけもフレ関係の事で訴えるとか言ってたけど、自分だってケムリクサを自社買いだって勝手に思って発言したり、
ある漫画の作者がコミケ？に来るからって、
同人にその人を登場させてあるアニメキャラを○○○させるなんて事をさせてるのに。
他の人は傷付けても傷付けられても関係ないけど、自分自身の事は絶対に許さないってのは自分勝手すぎるだろ。
この人のファン？もまともじゃないというか、日高屋さんの客が1,2桁減ろうが関係ないとか言うし。
擁護側の人はなぜ味方するんだ？この人の作品が見たいから？
作品が見たいから味方してる人はどんな悪い事をしてても、自分が楽しめるものなら脅迫っぽい事をこの人がしてても、
関係ないんだな。そのせいで、傷つく人がいても。

276 ななしのよっしん 2019/06/29(土) 05:06:39 ID: 1Rw78BD4B8
悪いことしたのに謝れない脂ぎったおっさんにアライさんとフェネックの気持ちは絶対理解できないのだ...これ以上描いてほしくないのだ

277 ななしのよっしん 2019/06/29(土) 05:14:03 ID: zwkd2jJ90m
ここにもそういう人たちがいっぱいいるみたいですけどね
まあ、悪いことをしてる自覚がないようですが

278 ななしのよっしん 2019/06/29(土) 08:55:27 ID: UDA79K6XSC
>>277
悪いこと？事実陳列罪の事？

279 ななしのよっしん 2019/06/29(土) 09:20:22 ID: 2boU0kJFh+
問題発言にツッコむのは悪いことなのかな？

280 ななしのよっしん 2019/06/29(土) 09:23:40 ID: 8UYd2ToC2x
なんか前も炎上してたよな
謝罪する時に余計な一言を追加してしまう人間は再度やらかすの多いなホント

281 ななしのよっしん 2019/06/29(土) 09:37:00 ID: HFyngkI5cU
けもちゃんの掲示板の方で訴えられたら困ることになるのはけもちゃん民だからもっとやれ自分らで己の首絞めてるだけwwwみたいなレスあったけど実際どうなん？
どの程度のことを言われてたのかは知らないけど（本人のツイート的には）訴えても特にどうもならんから経過観察で終わってた話だったのを煽られて裁判を盾にし始めてたのがこの人で、それに対して裁判沙汰を脅迫に使う意図を指摘されて逆に訴えられてるのが今なんだよね？なんか枕狐みたいな展開だけど。

282 ななしのよっしん 2019/06/29(土) 10:39:08 ID: xgrzJIjFqV
らき☆すたのパロディ漫画書いて、それをオリジナルとして出したのは何かの悪いジョークか？

283 ななしのよっしん 2019/06/29(土) 11:58:20 ID: LB0RlgCapX
まともな運営で何より
https://twitter.com/spoma4/status/1144766627017154560?s=19

284 ななしのよっしん 2019/06/29(土) 14:19:20 ID: HFyngkI5cU
草

285 ななしのよっしん 2019/06/29(土) 17:47:15 ID: oVPja3wQVr
なんだついに訴えられたんか？

286 ななしのよっしん 2019/06/30(日) 13:52:44 ID: dC/EYIIT2e
この人の問題は訴訟リストや告訴予告で大体20人位に民事訴訟や刑事告訴をちらつかせてた事らしい
これらを実際にする気もなく訴訟、告訴って言葉を脅し目的で使っていたなら脅迫罪がになるかもって話になってる

287 ななしのよっしん 2019/07/01(月) 06:32:28 ID: Wm9O11AhdP
盗作作家（＝犯罪者）のくせに訴訟するのか…
まあヤクザが警察を頼る時代だし何が起きても不思議じゃないが

288 ななしのよっしん 2019/07/02(火) 09:02:51 ID: HFyngkI5cU
自分にとって都合のいいと思う裁判や訴訟関連のツイートにRTする炎上野郎特有の行動に入ってるの笑う

289 ななしのよっしん 2019/07/05(金) 01:31:03 ID: p2zNfGmLZ/
この人を担ぎ上げていた人たちはどこ行ったんです？

290 ななしのよっしん 2019/07/06(土) 08:08:01 ID: HFyngkI5cU
時勢が悪くなったらトンズラよ、ラジコンが破損しようが知ったことではないのだ

291 ななしのよっしん 2019/07/06(土) 08:19:07 ID: zwkd2jJ90m
反社会的勢力に粘着されて可哀想だな

292 ななしのよっしん 2019/07/06(土) 23:17:22 ID: HczQj4u4IF
>>291
そんなのどうでもいいから足立さんを応援してあげようよ？ 
ほんとに足立さんのファンなんですか？もう日高屋アライさん見れなくなってもいいんですか？

293 ななしのよっしん 2019/07/06(土) 23:23:35 ID: EiqkTfpW12
関連項目に同人ゴロが入ってませんねえ？

294 ななしのよっしん 2019/07/06(土) 23:27:02 ID: LB0RlgCapX
可哀想ー！可哀想だから助けてやらないとー！
そう！誰も助けてあげて無いのである！

295 ななしのよっしん 2019/07/07(日) 00:10:14 ID: UDA210bRiS
16日に全ての手続きが終わるってよ、足立淳は精々震えて眠れ

296 ななしのよっしん 2019/07/07(日) 09:06:52 ID: 8UYd2ToC2x
訴えられたとしても、どーせしょうもない謝罪するんじゃねーの？
以前の別件の炎上での謝罪文も拗ねと恨みが混じってたし
で、こいつの中に恨みが後を引くからまた同じようにやらかして、また謝罪か逃亡の繰り返し
これで才能あるなら良いけど、同人ゴロだししょーもねえよ
既に自分の難ありな性格のせいで炎上して謝罪してんだからさ、そろそろ学習せーよ　成長はせんでええから

297 削除しました 削除しました ID: UDA79K6XSC
削除しました

298 ななしのよっしん 2019/07/11(木) 13:40:35 ID: HFyngkI5cU
>>296
謝って終わるんかそもそも？

299 削除しました 削除しました ID: UDA79K6XSC
削除しました

300 ななしのよっしん 2019/07/13(土) 09:10:21 ID: 41t1QFWBjG
とうとう警察が動きだすみたいですね。

301  ななしのよっしん 2019/07/13(土) 12:20:04 ID: 4h0AKiiB0Z
なんかあったの？

302 ななしのよっしん 2019/07/13(土) 12:46:08 ID: mg1ggxiIoy
聞く前に自分で調べることぐらいしような

303 ななしのよっしん 2019/07/13(土) 12:47:12 ID: mg1ggxiIoy
http://kemono-friendsch.com/archives/86481

304 ななしのよっしん 2019/07/13(土) 12:56:18 ID: 9OmFvRJiYY
これで足立が見逃されたら最悪の事態を想定しなくちゃならんかも……

305 ななしのよっしん 2019/07/13(土) 14:05:52 ID: 8G/J6JmKk5
いうてもこんくらいの哀れな底辺のおっさんはゴロゴロいるからねえ。可視化されるかされないかの問題というか…
実社会においては害虫対策も害の度合いと影響度と対応コスト次第なとこあるから。

306 ななしのよっしん 2019/07/13(土) 14:29:08 ID: EiqkTfpW12
腐れ同人ゴロざまあｗ

307 ななしのよっしん 2019/07/13(土) 15:01:25 ID: RAk0sNo0fG
「日高屋アライさん」シリーズは別に嫌いじゃなかったんだがこんなことになってたのか。
二次創作って立場をまるで弁えていない・・・。

308 ななしのよっしん 2019/07/13(土) 15:10:47 ID: HFyngkI5cU
もうごめんなさいなのだで終わらなくなっちゃったネェ

309 削除しました 削除しました ID: UDA79K6XSC
削除しました

310 ななしのよっしん 2019/07/13(土) 15:57:47 ID: x8LdXjm8yS
ワザップジョルノも急上昇入りしてて草ァ！
みんな脳内でil vento d'oroが聞こえてますね間違いない……

311 ななしのよっしん 2019/07/13(土) 16:37:24 ID: A1E6ndHLms
ククリーナのおかげ？

312 ななしのよっしん 2019/07/13(土) 17:05:33 ID: Ks2d6BHj8E
こんだけ悪評広まったら同人ゴロで食べてくのもう無理やろ
仕事ばんばか入ってきたり大手に抱えてもらえるような凄い絵描く人ならともかく
お世辞にも上手いとは言い難い絵だし…

313 ななしのよっしん 2019/07/13(土) 17:10:13 ID: 7OWlgkIWf0
面白そうだから本当に訴訟しろ

314 ななしのよっしん 2019/07/13(土) 18:08:20 ID: 0K/YF2/DUP
デマ吐きに訴訟チラつかせの脅迫って枕狐の男版みたいなもんか

315 ななしのよっしん 2019/07/13(土) 20:16:50 ID: +dTqWbxopC
にこにこの生主になれば結構稼げるんじゃないか。なんだかんだニコニコ生放送ファンはクズ生主大好きだし。女は食べ物とかな。

316 ななしのよっしん 2019/07/14(日) 01:54:44 ID: Ks2d6BHj8E
そっち路線はえげつない鋼のメンタルがないと無理じゃないかな…
視聴者に弄られ(叩かれ)ながらも視聴者を掌で転がす的な頭の回転の速さもいるだろうし
ちょっと何か言われたくらいで訴訟だのファビョった挙句
プロレスから逃げて即ブロするメンタルの奴には絶対無理

何となくだけど加藤純一にイキった後返り討ちでボロカスにされた某歌い手みたいな末路が待ってそう
現にTwitterで似たような目に遭ってるし

317 削除しました 削除しました ID: UDA79K6XSC
削除しました

318 ななしのよっしん 2019/07/16(火) 16:20:51 ID: LB0RlgCapX
日高屋大して好きでもないし行ってもいないんか…

319 ななしのよっしん 2019/07/16(火) 22:31:06 ID: 30NTDmIwQ/
>>303
まとめブログが無許可がどうたらで同人家を批判するというのも阿保らしい話だけどな

320 ななしのよっしん 2019/07/17(水) 00:36:06 ID: FV8MBsoMpZ
金儲けを明言しようがしまいが同人なんて全部違反だよ
「名目上は営利目的じゃないからセーフ」なんて詭弁でしかない理屈だし
ほぼ無害な木っ端同人ゴロが処断される位ならもっとヤバいのを描いてるサークルやアフィサイトの方がとっくに消えてるよ

321 ななしのよっしん 2019/07/17(水) 03:54:35 ID: FV8MBsoMpZ
訂正　（二次創作で売ってる）同人が違法

322 ななしのよっしん 2019/07/19(金) 20:18:23 ID: 41t1QFWBjG
ツイッターで数時間黙った後なんか非公開になってるみたいね

323 ななしのよっしん 2019/07/21(日) 02:03:54 ID: 79rK/BhAhf
某ああああを始めとしたSinな面子からも庇ってもらえなくなってる件

324 ななしのよっしん 2019/08/11(日) 00:31:37 ID: zbL2uGH8/G
https://kemono-friendsbbs.com/thread.php?id=4849

いくらなんでも盗撮は洒落にならないだろ……
やっていいことと悪いことの区別位は付けろ

